[2025-02-17T20:19:10.353+0000] {local_task_job_runner.py:123} INFO - ::group::Pre task execution logs
[2025-02-17T20:19:10.499+0000] {taskinstance.py:2614} INFO - Dependencies all met for dep_context=non-requeueable deps ti=<TaskInstance: name_of_pipeline.parser_3 scheduled__2023-06-12T00:00:00+00:00 [queued]>
[2025-02-17T20:19:10.614+0000] {taskinstance.py:2614} INFO - Dependencies all met for dep_context=requeueable deps ti=<TaskInstance: name_of_pipeline.parser_3 scheduled__2023-06-12T00:00:00+00:00 [queued]>
[2025-02-17T20:19:10.620+0000] {taskinstance.py:2867} INFO - Starting attempt 1 of 1
[2025-02-17T20:19:10.694+0000] {taskinstance.py:2890} INFO - Executing <Task(PythonOperator): parser_3> on 2023-06-12 00:00:00+00:00
[2025-02-17T20:19:10.809+0000] {warnings.py:112} WARNING - /home/***/.local/lib/python3.12/site-packages/***/task/task_runner/standard_task_runner.py:70: DeprecationWarning: This process (pid=2488) is multi-threaded, use of fork() may lead to deadlocks in the child.
  pid = os.fork()

[2025-02-17T20:19:10.816+0000] {standard_task_runner.py:72} INFO - Started process 2508 to run task
[2025-02-17T20:19:10.851+0000] {standard_task_runner.py:104} INFO - Running: ['***', 'tasks', 'run', 'name_of_pipeline', 'parser_3', 'scheduled__2023-06-12T00:00:00+00:00', '--job-id', '761', '--raw', '--subdir', 'DAGS_FOLDER/pipeline.py', '--cfg-path', '/tmp/tmpodl0gq0g']
[2025-02-17T20:19:10.854+0000] {standard_task_runner.py:105} INFO - Job 761: Subtask parser_3
[2025-02-17T20:19:11.258+0000] {task_command.py:467} INFO - Running <TaskInstance: name_of_pipeline.parser_3 scheduled__2023-06-12T00:00:00+00:00 [running]> on host f4228ad55513
[2025-02-17T20:19:16.216+0000] {taskinstance.py:3134} INFO - Exporting env vars: AIRFLOW_CTX_DAG_OWNER='***' AIRFLOW_CTX_DAG_ID='name_of_pipeline' AIRFLOW_CTX_TASK_ID='parser_3' AIRFLOW_CTX_EXECUTION_DATE='2023-06-12T00:00:00+00:00' AIRFLOW_CTX_TRY_NUMBER='1' AIRFLOW_CTX_DAG_RUN_ID='scheduled__2023-06-12T00:00:00+00:00'
[2025-02-17T20:19:16.226+0000] {logging_mixin.py:190} INFO - Task instance is in running state
[2025-02-17T20:19:16.226+0000] {logging_mixin.py:190} INFO -  Previous state of the Task instance: queued
[2025-02-17T20:19:16.227+0000] {logging_mixin.py:190} INFO - Current task name:parser_3 state:running start_date:2025-02-17 20:19:10.514018+00:00
[2025-02-17T20:19:16.232+0000] {logging_mixin.py:190} INFO - Dag name:name_of_pipeline and current dag run status:running
[2025-02-17T20:19:16.240+0000] {taskinstance.py:732} INFO - ::endgroup::
[2025-02-17T20:19:16.244+0000] {pipeline.py:26} INFO - Starting parser 3
[2025-02-17T20:19:16.255+0000] {logging_mixin.py:190} INFO - Парсер 3 выполняется
[2025-02-17T20:19:16.258+0000] {python.py:240} INFO - Done. Returned value was: Данные от парсера 3
[2025-02-17T20:19:16.429+0000] {taskinstance.py:341} INFO - ::group::Post task execution logs
[2025-02-17T20:19:16.443+0000] {taskinstance.py:353} INFO - Marking task as SUCCESS. dag_id=name_of_pipeline, task_id=parser_3, run_id=scheduled__2023-06-12T00:00:00+00:00, execution_date=20230612T000000, start_date=20250217T201910, end_date=20250217T201916
[2025-02-17T20:19:16.689+0000] {logging_mixin.py:190} INFO - Task instance in success state
[2025-02-17T20:19:16.701+0000] {logging_mixin.py:190} INFO -  Previous state of the Task instance: running
[2025-02-17T20:19:16.707+0000] {logging_mixin.py:190} INFO - Dag name:name_of_pipeline queued_at:2025-02-17 20:18:33.725387+00:00
[2025-02-17T20:19:16.740+0000] {logging_mixin.py:190} INFO - Task hostname:f4228ad55513 operator:PythonOperator
[2025-02-17T20:19:16.950+0000] {local_task_job_runner.py:266} INFO - Task exited with return code 0
[2025-02-17T20:19:17.161+0000] {taskinstance.py:3901} INFO - 0 downstream tasks scheduled from follow-on schedule check
[2025-02-17T20:19:17.195+0000] {local_task_job_runner.py:245} INFO - ::endgroup::
