[2025-02-19T07:12:06.547+0000] {local_task_job_runner.py:123} INFO - ::group::Pre task execution logs
[2025-02-19T07:12:06.694+0000] {taskinstance.py:2614} INFO - Dependencies all met for dep_context=non-requeueable deps ti=<TaskInstance: pipeline.parser_2 manual__2025-02-19T07:12:02.778022+00:00 [queued]>
[2025-02-19T07:12:06.713+0000] {taskinstance.py:2614} INFO - Dependencies all met for dep_context=requeueable deps ti=<TaskInstance: pipeline.parser_2 manual__2025-02-19T07:12:02.778022+00:00 [queued]>
[2025-02-19T07:12:06.714+0000] {taskinstance.py:2867} INFO - Starting attempt 1 of 1
[2025-02-19T07:12:06.735+0000] {taskinstance.py:2890} INFO - Executing <Task(_PythonDecoratedOperator): parser_2> on 2025-02-19 07:12:02.778022+00:00
[2025-02-19T07:12:06.740+0000] {warnings.py:112} WARNING - /home/***/.local/lib/python3.12/site-packages/***/task/task_runner/standard_task_runner.py:70: DeprecationWarning: This process (pid=92) is multi-threaded, use of fork() may lead to deadlocks in the child.
  pid = os.fork()

[2025-02-19T07:12:06.742+0000] {standard_task_runner.py:72} INFO - Started process 104 to run task
[2025-02-19T07:12:06.764+0000] {standard_task_runner.py:104} INFO - Running: ['***', 'tasks', 'run', 'pipeline', 'parser_2', 'manual__2025-02-19T07:12:02.778022+00:00', '--job-id', '830', '--raw', '--subdir', 'DAGS_FOLDER/pipeline.py', '--cfg-path', '/tmp/tmpp_ae0aax']
[2025-02-19T07:12:06.766+0000] {standard_task_runner.py:105} INFO - Job 830: Subtask parser_2
[2025-02-19T07:12:06.834+0000] {task_command.py:467} INFO - Running <TaskInstance: pipeline.parser_2 manual__2025-02-19T07:12:02.778022+00:00 [running]> on host fdf95482992e
[2025-02-19T07:12:06.941+0000] {taskinstance.py:3134} INFO - Exporting env vars: AIRFLOW_CTX_DAG_OWNER='***' AIRFLOW_CTX_DAG_ID='pipeline' AIRFLOW_CTX_TASK_ID='parser_2' AIRFLOW_CTX_EXECUTION_DATE='2025-02-19T07:12:02.778022+00:00' AIRFLOW_CTX_TRY_NUMBER='1' AIRFLOW_CTX_DAG_RUN_ID='manual__2025-02-19T07:12:02.778022+00:00'
[2025-02-19T07:12:06.947+0000] {logging_mixin.py:190} INFO - Task instance is in running state
[2025-02-19T07:12:06.949+0000] {logging_mixin.py:190} INFO -  Previous state of the Task instance: queued
[2025-02-19T07:12:06.950+0000] {logging_mixin.py:190} INFO - Current task name:parser_2 state:running start_date:2025-02-19 07:12:06.698023+00:00
[2025-02-19T07:12:06.950+0000] {logging_mixin.py:190} INFO - Dag name:pipeline and current dag run status:running
[2025-02-19T07:12:06.951+0000] {taskinstance.py:732} INFO - ::endgroup::
[2025-02-19T07:12:06.954+0000] {parser_2.py:10} INFO - Starting parser 2
[2025-02-19T07:12:06.955+0000] {logging_mixin.py:190} INFO - Парсер 2 выполняется
[2025-02-19T07:12:06.955+0000] {python.py:240} INFO - Done. Returned value was: Данные от парсера 2
[2025-02-19T07:12:07.000+0000] {taskinstance.py:341} INFO - ::group::Post task execution logs
[2025-02-19T07:12:07.001+0000] {taskinstance.py:353} INFO - Marking task as SUCCESS. dag_id=pipeline, task_id=parser_2, run_id=manual__2025-02-19T07:12:02.778022+00:00, execution_date=20250219T071202, start_date=20250219T071206, end_date=20250219T071207
[2025-02-19T07:12:07.039+0000] {logging_mixin.py:190} INFO - Task instance in success state
[2025-02-19T07:12:07.040+0000] {logging_mixin.py:190} INFO -  Previous state of the Task instance: running
[2025-02-19T07:12:07.040+0000] {logging_mixin.py:190} INFO - Dag name:pipeline queued_at:2025-02-19 07:12:02.787720+00:00
[2025-02-19T07:12:07.041+0000] {logging_mixin.py:190} INFO - Task hostname:fdf95482992e operator:_PythonDecoratedOperator
[2025-02-19T07:12:07.052+0000] {local_task_job_runner.py:266} INFO - Task exited with return code 0
[2025-02-19T07:12:07.062+0000] {local_task_job_runner.py:245} INFO - ::endgroup::
