[2025-02-20T08:54:33.689+0000] {local_task_job_runner.py:123} INFO - ::group::Pre task execution logs
[2025-02-20T08:54:33.712+0000] {taskinstance.py:2614} INFO - Dependencies all met for dep_context=non-requeueable deps ti=<TaskInstance: pipeline.process_data manual__2025-02-20T08:54:17.349839+00:00 [queued]>
[2025-02-20T08:54:33.829+0000] {taskinstance.py:2614} INFO - Dependencies all met for dep_context=requeueable deps ti=<TaskInstance: pipeline.process_data manual__2025-02-20T08:54:17.349839+00:00 [queued]>
[2025-02-20T08:54:33.829+0000] {taskinstance.py:2867} INFO - Starting attempt 1 of 1
[2025-02-20T08:54:33.837+0000] {taskinstance.py:2890} INFO - Executing <Task(_PythonDecoratedOperator): process_data> on 2025-02-20 08:54:17.349839+00:00
[2025-02-20T08:54:33.842+0000] {warnings.py:112} WARNING - /home/***/.local/lib/python3.12/site-packages/***/task/task_runner/standard_task_runner.py:70: DeprecationWarning: This process (pid=95) is multi-threaded, use of fork() may lead to deadlocks in the child.
  pid = os.fork()

[2025-02-20T08:54:33.843+0000] {standard_task_runner.py:72} INFO - Started process 97 to run task
[2025-02-20T08:54:33.844+0000] {standard_task_runner.py:104} INFO - Running: ['***', 'tasks', 'run', 'pipeline', 'process_data', 'manual__2025-02-20T08:54:17.349839+00:00', '--job-id', '1117', '--raw', '--subdir', 'DAGS_FOLDER/pipeline.py', '--cfg-path', '/tmp/tmptnhnpiq8']
[2025-02-20T08:54:33.844+0000] {standard_task_runner.py:105} INFO - Job 1117: Subtask process_data
[2025-02-20T08:54:33.877+0000] {task_command.py:467} INFO - Running <TaskInstance: pipeline.process_data manual__2025-02-20T08:54:17.349839+00:00 [running]> on host 5f8091faf500
[2025-02-20T08:54:33.930+0000] {taskinstance.py:3134} INFO - Exporting env vars: AIRFLOW_CTX_DAG_OWNER='***' AIRFLOW_CTX_DAG_ID='pipeline' AIRFLOW_CTX_TASK_ID='process_data' AIRFLOW_CTX_EXECUTION_DATE='2025-02-20T08:54:17.349839+00:00' AIRFLOW_CTX_TRY_NUMBER='1' AIRFLOW_CTX_DAG_RUN_ID='manual__2025-02-20T08:54:17.349839+00:00'
[2025-02-20T08:54:33.931+0000] {logging_mixin.py:190} INFO - Task instance is in running state
[2025-02-20T08:54:33.931+0000] {logging_mixin.py:190} INFO -  Previous state of the Task instance: queued
[2025-02-20T08:54:33.933+0000] {logging_mixin.py:190} INFO - Current task name:process_data state:running start_date:2025-02-20 08:54:33.712661+00:00
[2025-02-20T08:54:33.933+0000] {logging_mixin.py:190} INFO - Dag name:pipeline and current dag run status:running
[2025-02-20T08:54:33.934+0000] {taskinstance.py:732} INFO - ::endgroup::
[2025-02-20T08:54:33.948+0000] {logging_mixin.py:190} INFO -                                               comment     drag_name
0   Достоинства: ничего\nНедостатки: почитал полож...      Афобазол
1   Достоинства: Препарат рабочий, нервы успокаива...      Афобазол
2   Достоинства: Их нет!\nНедостатки: Не помогает ...      Афобазол
3   После потери близкого человека думала сойду с ...       Авиандр
4   Пробовала разные подобные препараты, но из все...       Авиандр
5   Достоинства: Очень помог\nНедостатки: Нет\nКом...       Авиандр
6   Достоинства: Доступная цена, легко найти в люб...      Афобазол
7   Достоинства: Таблетка небольшая по форме, удоб...      Афобазол
8   Достоинства: Самое главное - действительно пом...      Афобазол
9   Хороший отечественный препарат, предназначенны...      Афобазол
10  Каждый год осенью мир становился для меня каки...      Афобазол
11  Очень рада, что в свое время решила принимать ...      Афобазол
12  На меня Афобазол производит возбуждающий эффек...      Афобазол
13  Лично мне помогает успокоиться, когда есть тре...      Афобазол
14  Достоинства: Работает. Цена ок по сравнению с ...      Афобазол
15  2 месяца назад уволили с работы по непонятной ...      Афобазол
16  Достоинства: Купила Афобазол с надеждой успоко...      Афобазол
17  Отличный безрецептурный противотревожный препа...      Афобазол
18  Достоинства: хорошо помогает, недорогой\n\nНед...      Афобазол
19  Достоинства: + Действует. Но нужно достаточно ...      Афобазол
20  Если принимать строго по инструкции и хотя бы ...      Афобазол
21  Наконец-то дошла до того, чтобы бросить курить...      Афобазол
22  Афобазол - единственный лекарственный препарат...      Афобазол
23  Иногда я принимаю Афобазол для поддержания пси...      Афобазол
24  Я довольно тяжело переживаю ПМС. За пару недел...      Афобазол
25  Достоинства: хорошо восстанавливает нервы, выр...      Афобазол
26  В наши времена без таблеток от тревоги никак. ...      Афобазол
27  Да, временами приходится спасаться именно этим...      Афобазол
28  Достоинства: успокоительный эфект есть употреб...      Афобазол
29  С такой работой как у меня без Афобазола иногд...      Афобазол
30  Достоинства: Помогает справиться, когда навали...       Авиандр
31  Не хочу никого пугать, но мне не подошел этот ...       Авиандр
32  Выписали авиандр и тералиджен, пила 2 месяца. ...       Авиандр
33  В последнее время часто была на взводе. Постоя...       Авиандр
34  Достоинства: Убирает ПА\n\nНедостатки: не выяв...       Авиандр
35  Достоинства: Помогло убрать тревожное состояни...       Авиандр
36  Достоинства: Удобно принимать, таблетки не гор...       Авиандр
37  Готовились с сыном к поступлению в институт. Д...       Авиандр
38  Достоинства: Очень помогает быть в строю\n\nНе...       Авиандр
39  Достоинства: Не нашла\n\nНедостатки: Побочка у...       Авиандр
40  Неприятности в один момент навалилось со всех ...       Авиандр
41  Достоинства: Нет\n\nНедостатки: Дорогие, не по...       Авиандр
42  После серьезного стресса постоянно пребывала в...       Авиандр
43  Достоинства: Цена очень хорошая\n\nНедостатки:...  Эсциталопрам
44  Помогает справиться с тревожностью без побочек...  Эсциталопрам
45  Недостатки: нет.\n\nКомментарий: Таблетки мне ...  Эсциталопрам
46  Назначен от болей в пояснице. После 3 месяцев ...  Эсциталопрам
47  Достоинства: быстро помогает от боли\n\nНедост...       Андипал
48  Достоинства: Андипал по адекватной цене\n\nНед...       Андипал
49  Препарат старый, и всегда в аптечке. Пью при м...       Андипал
50  Достоинства: помогает.\n\nНедостатки: неь\n\nК...       Андипал
[2025-02-20T08:54:33.949+0000] {logging_mixin.py:190} INFO - new df
[2025-02-20T08:54:33.955+0000] {logging_mixin.py:190} INFO -                                                comment     drag_name
0   Достоинства: ничего\nНедостатки: почитал полож...      Афобазол
1   Достоинства: Препарат рабочий, нервы успокаива...      Афобазол
2   Достоинства: Их нет!\nНедостатки: Не помогает ...      Афобазол
3   После потери близкого человека думала сойду с ...       Авиандр
4   Пробовала разные подобные препараты, но из все...       Авиандр
5   Достоинства: Очень помог\nНедостатки: Нет\nКом...       Авиандр
6   Достоинства: Доступная цена, легко найти в люб...      Афобазол
7   Достоинства: Таблетка небольшая по форме, удоб...      Афобазол
8   Достоинства: Самое главное - действительно пом...      Афобазол
9   Хороший отечественный препарат, предназначенны...      Афобазол
10  Каждый год осенью мир становился для меня каки...      Афобазол
11  Очень рада, что в свое время решила принимать ...      Афобазол
12  На меня Афобазол производит возбуждающий эффек...      Афобазол
13  Лично мне помогает успокоиться, когда есть тре...      Афобазол
14  Достоинства: Работает. Цена ок по сравнению с ...      Афобазол
15  2 месяца назад уволили с работы по непонятной ...      Афобазол
16  Достоинства: Купила Афобазол с надеждой успоко...      Афобазол
17  Отличный безрецептурный противотревожный препа...      Афобазол
18  Достоинства: хорошо помогает, недорогой\n\nНед...      Афобазол
19  Достоинства: + Действует. Но нужно достаточно ...      Афобазол
20  Если принимать строго по инструкции и хотя бы ...      Афобазол
21  Наконец-то дошла до того, чтобы бросить курить...      Афобазол
22  Афобазол - единственный лекарственный препарат...      Афобазол
23  Иногда я принимаю Афобазол для поддержания пси...      Афобазол
24  Я довольно тяжело переживаю ПМС. За пару недел...      Афобазол
25  Достоинства: хорошо восстанавливает нервы, выр...      Афобазол
26  В наши времена без таблеток от тревоги никак. ...      Афобазол
27  Да, временами приходится спасаться именно этим...      Афобазол
28  Достоинства: успокоительный эфект есть употреб...      Афобазол
29  С такой работой как у меня без Афобазола иногд...      Афобазол
30  Достоинства: Помогает справиться, когда навали...       Авиандр
31  Не хочу никого пугать, но мне не подошел этот ...       Авиандр
32  Выписали авиандр и тералиджен, пила 2 месяца. ...       Авиандр
33  В последнее время часто была на взводе. Постоя...       Авиандр
34  Достоинства: Убирает ПА\n\nНедостатки: не выяв...       Авиандр
35  Достоинства: Помогло убрать тревожное состояни...       Авиандр
36  Достоинства: Удобно принимать, таблетки не гор...       Авиандр
37  Готовились с сыном к поступлению в институт. Д...       Авиандр
38  Достоинства: Очень помогает быть в строю\n\nНе...       Авиандр
39  Достоинства: Не нашла\n\nНедостатки: Побочка у...       Авиандр
40  Неприятности в один момент навалилось со всех ...       Авиандр
41  Достоинства: Нет\n\nНедостатки: Дорогие, не по...       Авиандр
42  После серьезного стресса постоянно пребывала в...       Авиандр
43  Достоинства: Цена очень хорошая\n\nНедостатки:...  Эсциталопрам
44  Помогает справиться с тревожностью без побочек...  Эсциталопрам
45  Недостатки: нет.\n\nКомментарий: Таблетки мне ...  Эсциталопрам
46  Назначен от болей в пояснице. После 3 месяцев ...  Эсциталопрам
47  Достоинства: быстро помогает от боли\n\nНедост...       Андипал
48  Достоинства: Андипал по адекватной цене\n\nНед...       Андипал
49  Препарат старый, и всегда в аптечке. Пью при м...       Андипал
50  Достоинства: помогает.\n\nНедостатки: неь\n\nК...       Андипал
[2025-02-20T08:54:34.355+0000] {logging_mixin.py:190} INFO - {"result":{"alternatives":[{"message":{"role":"assistant","text":"Нет НР"},"status":"ALTERNATIVE_STATUS_FINAL"}],"usage":{"inputTextTokens":"89","completionTokens":"3","totalTokens":"92","completionTokensDetails":null},"modelVersion":"23.10.2024"}}
[2025-02-20T08:54:34.356+0000] {logging_mixin.py:190} INFO - Нет НР
[2025-02-20T08:54:34.799+0000] {logging_mixin.py:190} INFO - {"result":{"alternatives":[{"message":{"role":"assistant","text":"Нет НР"},"status":"ALTERNATIVE_STATUS_FINAL"}],"usage":{"inputTextTokens":"118","completionTokens":"3","totalTokens":"121","completionTokensDetails":null},"modelVersion":"23.10.2024"}}
[2025-02-20T08:54:34.800+0000] {logging_mixin.py:190} INFO - Нет НР
[2025-02-20T08:54:35.172+0000] {logging_mixin.py:190} INFO - {"result":{"alternatives":[{"message":{"role":"assistant","text":"Нет НР"},"status":"ALTERNATIVE_STATUS_FINAL"}],"usage":{"inputTextTokens":"101","completionTokens":"3","totalTokens":"104","completionTokensDetails":null},"modelVersion":"23.10.2024"}}
[2025-02-20T08:54:35.173+0000] {logging_mixin.py:190} INFO - Нет НР
[2025-02-20T08:54:35.498+0000] {logging_mixin.py:190} INFO - {"result":{"alternatives":[{"message":{"role":"assistant","text":"Нет НР"},"status":"ALTERNATIVE_STATUS_FINAL"}],"usage":{"inputTextTokens":"93","completionTokens":"3","totalTokens":"96","completionTokensDetails":null},"modelVersion":"23.10.2024"}}
[2025-02-20T08:54:35.499+0000] {logging_mixin.py:190} INFO - Нет НР
[2025-02-20T08:54:35.763+0000] {logging_mixin.py:190} INFO - {"result":{"alternatives":[{"message":{"role":"assistant","text":"Нет НР"},"status":"ALTERNATIVE_STATUS_FINAL"}],"usage":{"inputTextTokens":"80","completionTokens":"3","totalTokens":"83","completionTokensDetails":null},"modelVersion":"23.10.2024"}}
[2025-02-20T08:54:35.764+0000] {logging_mixin.py:190} INFO - Нет НР
[2025-02-20T08:54:36.200+0000] {logging_mixin.py:190} INFO - {"result":{"alternatives":[{"message":{"role":"assistant","text":"Нет НР"},"status":"ALTERNATIVE_STATUS_FINAL"}],"usage":{"inputTextTokens":"232","completionTokens":"3","totalTokens":"235","completionTokensDetails":null},"modelVersion":"23.10.2024"}}
[2025-02-20T08:54:36.201+0000] {logging_mixin.py:190} INFO - Нет НР
[2025-02-20T08:54:36.550+0000] {logging_mixin.py:190} INFO - {"result":{"alternatives":[{"message":{"role":"assistant","text":"Нет НР"},"status":"ALTERNATIVE_STATUS_FINAL"}],"usage":{"inputTextTokens":"92","completionTokens":"3","totalTokens":"95","completionTokensDetails":null},"modelVersion":"23.10.2024"}}
[2025-02-20T08:54:36.551+0000] {logging_mixin.py:190} INFO - Нет НР
[2025-02-20T08:54:36.842+0000] {logging_mixin.py:190} INFO - {"result":{"alternatives":[{"message":{"role":"assistant","text":"Нет НР"},"status":"ALTERNATIVE_STATUS_FINAL"}],"usage":{"inputTextTokens":"94","completionTokens":"3","totalTokens":"97","completionTokensDetails":null},"modelVersion":"23.10.2024"}}
[2025-02-20T08:54:36.842+0000] {logging_mixin.py:190} INFO - Нет НР
[2025-02-20T08:54:37.164+0000] {logging_mixin.py:190} INFO - {"result":{"alternatives":[{"message":{"role":"assistant","text":"Нет НР"},"status":"ALTERNATIVE_STATUS_FINAL"}],"usage":{"inputTextTokens":"86","completionTokens":"3","totalTokens":"89","completionTokensDetails":null},"modelVersion":"23.10.2024"}}
[2025-02-20T08:54:37.165+0000] {logging_mixin.py:190} INFO - Нет НР
[2025-02-20T08:54:37.619+0000] {logging_mixin.py:190} INFO - {"result":{"alternatives":[{"message":{"role":"assistant","text":"Нет НР"},"status":"ALTERNATIVE_STATUS_FINAL"}],"usage":{"inputTextTokens":"87","completionTokens":"3","totalTokens":"90","completionTokensDetails":null},"modelVersion":"23.10.2024"}}
[2025-02-20T08:54:37.620+0000] {logging_mixin.py:190} INFO - Нет НР
[2025-02-20T08:54:37.869+0000] {logging_mixin.py:190} INFO - {"result":{"alternatives":[{"message":{"role":"assistant","text":"Нет НР"},"status":"ALTERNATIVE_STATUS_FINAL"}],"usage":{"inputTextTokens":"97","completionTokens":"3","totalTokens":"100","completionTokensDetails":null},"modelVersion":"23.10.2024"}}
[2025-02-20T08:54:37.870+0000] {logging_mixin.py:190} INFO - Нет НР
[2025-02-20T08:54:38.211+0000] {logging_mixin.py:190} INFO - {"result":{"alternatives":[{"message":{"role":"assistant","text":"Нет НР"},"status":"ALTERNATIVE_STATUS_FINAL"}],"usage":{"inputTextTokens":"91","completionTokens":"3","totalTokens":"94","completionTokensDetails":null},"modelVersion":"23.10.2024"}}
[2025-02-20T08:54:38.211+0000] {logging_mixin.py:190} INFO - Нет НР
[2025-02-20T08:54:38.505+0000] {logging_mixin.py:190} INFO - {"result":{"alternatives":[{"message":{"role":"assistant","text":"Возбуждающий эффект."},"status":"ALTERNATIVE_STATUS_FINAL"}],"usage":{"inputTextTokens":"93","completionTokens":"5","totalTokens":"98","completionTokensDetails":null},"modelVersion":"23.10.2024"}}
[2025-02-20T08:54:38.505+0000] {logging_mixin.py:190} INFO - Возбуждающий эффект.
[2025-02-20T08:54:38.831+0000] {logging_mixin.py:190} INFO - {"result":{"alternatives":[{"message":{"role":"assistant","text":"Нет НР"},"status":"ALTERNATIVE_STATUS_FINAL"}],"usage":{"inputTextTokens":"88","completionTokens":"3","totalTokens":"91","completionTokensDetails":null},"modelVersion":"23.10.2024"}}
[2025-02-20T08:54:38.833+0000] {logging_mixin.py:190} INFO - Нет НР
[2025-02-20T08:54:39.268+0000] {logging_mixin.py:190} INFO - {"result":{"alternatives":[{"message":{"role":"assistant","text":"Нет НР"},"status":"ALTERNATIVE_STATUS_FINAL"}],"usage":{"inputTextTokens":"92","completionTokens":"3","totalTokens":"95","completionTokensDetails":null},"modelVersion":"23.10.2024"}}
[2025-02-20T08:54:39.269+0000] {logging_mixin.py:190} INFO - Нет НР
[2025-02-20T08:54:39.677+0000] {logging_mixin.py:190} INFO - {"result":{"alternatives":[{"message":{"role":"assistant","text":"Нет НР"},"status":"ALTERNATIVE_STATUS_FINAL"}],"usage":{"inputTextTokens":"97","completionTokens":"3","totalTokens":"100","completionTokensDetails":null},"modelVersion":"23.10.2024"}}
[2025-02-20T08:54:39.678+0000] {logging_mixin.py:190} INFO - Нет НР
[2025-02-20T08:54:39.959+0000] {logging_mixin.py:190} INFO - {"result":{"alternatives":[{"message":{"role":"assistant","text":"Нет НР"},"status":"ALTERNATIVE_STATUS_FINAL"}],"usage":{"inputTextTokens":"91","completionTokens":"3","totalTokens":"94","completionTokensDetails":null},"modelVersion":"23.10.2024"}}
[2025-02-20T08:54:39.960+0000] {logging_mixin.py:190} INFO - Нет НР
[2025-02-20T08:54:40.368+0000] {logging_mixin.py:190} INFO - {"result":{"alternatives":[{"message":{"role":"assistant","text":"Нет НР"},"status":"ALTERNATIVE_STATUS_FINAL"}],"usage":{"inputTextTokens":"96","completionTokens":"3","totalTokens":"99","completionTokensDetails":null},"modelVersion":"23.10.2024"}}
[2025-02-20T08:54:40.369+0000] {logging_mixin.py:190} INFO - Нет НР
[2025-02-20T08:54:40.711+0000] {logging_mixin.py:190} INFO - {"result":{"alternatives":[{"message":{"role":"assistant","text":"Нет НР"},"status":"ALTERNATIVE_STATUS_FINAL"}],"usage":{"inputTextTokens":"92","completionTokens":"3","totalTokens":"95","completionTokensDetails":null},"modelVersion":"23.10.2024"}}
[2025-02-20T08:54:40.712+0000] {logging_mixin.py:190} INFO - Нет НР
[2025-02-20T08:54:41.047+0000] {logging_mixin.py:190} INFO - {"result":{"alternatives":[{"message":{"role":"assistant","text":"Нет НР"},"status":"ALTERNATIVE_STATUS_FINAL"}],"usage":{"inputTextTokens":"96","completionTokens":"3","totalTokens":"99","completionTokensDetails":null},"modelVersion":"23.10.2024"}}
[2025-02-20T08:54:41.048+0000] {logging_mixin.py:190} INFO - Нет НР
[2025-02-20T08:54:41.420+0000] {logging_mixin.py:190} INFO - {"result":{"alternatives":[{"message":{"role":"assistant","text":"Нет НР"},"status":"ALTERNATIVE_STATUS_FINAL"}],"usage":{"inputTextTokens":"94","completionTokens":"3","totalTokens":"97","completionTokensDetails":null},"modelVersion":"23.10.2024"}}
[2025-02-20T08:54:41.421+0000] {logging_mixin.py:190} INFO - Нет НР
[2025-02-20T08:54:41.735+0000] {logging_mixin.py:190} INFO - {"result":{"alternatives":[{"message":{"role":"assistant","text":"Нет НР"},"status":"ALTERNATIVE_STATUS_FINAL"}],"usage":{"inputTextTokens":"98","completionTokens":"3","totalTokens":"101","completionTokensDetails":null},"modelVersion":"23.10.2024"}}
[2025-02-20T08:54:41.737+0000] {logging_mixin.py:190} INFO - Нет НР
[2025-02-20T08:54:42.192+0000] {logging_mixin.py:190} INFO - {"result":{"alternatives":[{"message":{"role":"assistant","text":"Нет НР"},"status":"ALTERNATIVE_STATUS_FINAL"}],"usage":{"inputTextTokens":"92","completionTokens":"3","totalTokens":"95","completionTokensDetails":null},"modelVersion":"23.10.2024"}}
[2025-02-20T08:54:42.192+0000] {logging_mixin.py:190} INFO - Нет НР
[2025-02-20T08:54:42.556+0000] {logging_mixin.py:190} INFO - {"result":{"alternatives":[{"message":{"role":"assistant","text":"Нет НР"},"status":"ALTERNATIVE_STATUS_FINAL"}],"usage":{"inputTextTokens":"93","completionTokens":"3","totalTokens":"96","completionTokensDetails":null},"modelVersion":"23.10.2024"}}
[2025-02-20T08:54:42.557+0000] {logging_mixin.py:190} INFO - Нет НР
[2025-02-20T08:54:43.028+0000] {logging_mixin.py:190} INFO - {"result":{"alternatives":[{"message":{"role":"assistant","text":"Нет НР"},"status":"ALTERNATIVE_STATUS_FINAL"}],"usage":{"inputTextTokens":"88","completionTokens":"3","totalTokens":"91","completionTokensDetails":null},"modelVersion":"23.10.2024"}}
[2025-02-20T08:54:43.029+0000] {logging_mixin.py:190} INFO - Нет НР
[2025-02-20T08:54:43.305+0000] {logging_mixin.py:190} INFO - {"result":{"alternatives":[{"message":{"role":"assistant","text":"Нет НР"},"status":"ALTERNATIVE_STATUS_FINAL"}],"usage":{"inputTextTokens":"87","completionTokens":"3","totalTokens":"90","completionTokensDetails":null},"modelVersion":"23.10.2024"}}
[2025-02-20T08:54:43.306+0000] {logging_mixin.py:190} INFO - Нет НР
[2025-02-20T08:54:43.715+0000] {logging_mixin.py:190} INFO - {"result":{"alternatives":[{"message":{"role":"assistant","text":"Нет НР"},"status":"ALTERNATIVE_STATUS_FINAL"}],"usage":{"inputTextTokens":"99","completionTokens":"3","totalTokens":"102","completionTokensDetails":null},"modelVersion":"23.10.2024"}}
[2025-02-20T08:54:43.716+0000] {logging_mixin.py:190} INFO - Нет НР
[2025-02-20T08:54:44.194+0000] {logging_mixin.py:190} INFO - {"result":{"alternatives":[{"message":{"role":"assistant","text":"Нет НР"},"status":"ALTERNATIVE_STATUS_FINAL"}],"usage":{"inputTextTokens":"83","completionTokens":"3","totalTokens":"86","completionTokensDetails":null},"modelVersion":"23.10.2024"}}
[2025-02-20T08:54:44.194+0000] {logging_mixin.py:190} INFO - Нет НР
[2025-02-20T08:54:44.602+0000] {logging_mixin.py:190} INFO - {"result":{"alternatives":[{"message":{"role":"assistant","text":"сердцебиение"},"status":"ALTERNATIVE_STATUS_FINAL"}],"usage":{"inputTextTokens":"94","completionTokens":"2","totalTokens":"96","completionTokensDetails":null},"modelVersion":"23.10.2024"}}
[2025-02-20T08:54:44.602+0000] {logging_mixin.py:190} INFO - сердцебиение
[2025-02-20T08:54:45.020+0000] {logging_mixin.py:190} INFO - {"result":{"alternatives":[{"message":{"role":"assistant","text":"Нет НР"},"status":"ALTERNATIVE_STATUS_FINAL"}],"usage":{"inputTextTokens":"91","completionTokens":"3","totalTokens":"94","completionTokensDetails":null},"modelVersion":"23.10.2024"}}
[2025-02-20T08:54:45.028+0000] {logging_mixin.py:190} INFO - Нет НР
[2025-02-20T08:54:45.623+0000] {logging_mixin.py:190} INFO - {"result":{"alternatives":[{"message":{"role":"assistant","text":"Нет НР"},"status":"ALTERNATIVE_STATUS_FINAL"}],"usage":{"inputTextTokens":"88","completionTokens":"3","totalTokens":"91","completionTokensDetails":null},"modelVersion":"23.10.2024"}}
[2025-02-20T08:54:45.624+0000] {logging_mixin.py:190} INFO - Нет НР
[2025-02-20T08:54:46.347+0000] {logging_mixin.py:190} INFO - {"result":{"alternatives":[{"message":{"role":"assistant","text":"Нежелательная реакция (НР): когнитивные нарушения (нарушение мыслительных процессов, невнимательность)."},"status":"ALTERNATIVE_STATUS_FINAL"}],"usage":{"inputTextTokens":"96","completionTokens":"19","totalTokens":"115","completionTokensDetails":null},"modelVersion":"23.10.2024"}}
[2025-02-20T08:54:46.348+0000] {logging_mixin.py:190} INFO - Нежелательная реакция (НР): когнитивные нарушения (нарушение мыслительных процессов, невнимательность).
[2025-02-20T08:54:46.726+0000] {logging_mixin.py:190} INFO - {"result":{"alternatives":[{"message":{"role":"assistant","text":"В данном комментарии нет упоминания о нежелательных реакциях на препараты."},"status":"ALTERNATIVE_STATUS_FINAL"}],"usage":{"inputTextTokens":"101","completionTokens":"12","totalTokens":"113","completionTokensDetails":null},"modelVersion":"23.10.2024"}}
[2025-02-20T08:54:46.728+0000] {logging_mixin.py:190} INFO - В данном комментарии нет упоминания о нежелательных реакциях на препараты.
[2025-02-20T08:54:47.059+0000] {logging_mixin.py:190} INFO - {"result":{"alternatives":[{"message":{"role":"assistant","text":"Нет НР"},"status":"ALTERNATIVE_STATUS_FINAL"}],"usage":{"inputTextTokens":"96","completionTokens":"3","totalTokens":"99","completionTokensDetails":null},"modelVersion":"23.10.2024"}}
[2025-02-20T08:54:47.061+0000] {logging_mixin.py:190} INFO - Нет НР
[2025-02-20T08:54:47.310+0000] {logging_mixin.py:190} INFO - {"result":{"alternatives":[{"message":{"role":"assistant","text":"Нет НР"},"status":"ALTERNATIVE_STATUS_FINAL"}],"usage":{"inputTextTokens":"95","completionTokens":"3","totalTokens":"98","completionTokensDetails":null},"modelVersion":"23.10.2024"}}
[2025-02-20T08:54:47.311+0000] {logging_mixin.py:190} INFO - Нет НР
[2025-02-20T08:54:47.585+0000] {logging_mixin.py:190} INFO - {"result":{"alternatives":[{"message":{"role":"assistant","text":"Нет НР"},"status":"ALTERNATIVE_STATUS_FINAL"}],"usage":{"inputTextTokens":"90","completionTokens":"3","totalTokens":"93","completionTokensDetails":null},"modelVersion":"23.10.2024"}}
[2025-02-20T08:54:47.586+0000] {logging_mixin.py:190} INFO - Нет НР
[2025-02-20T08:54:47.976+0000] {logging_mixin.py:190} INFO - {"result":{"alternatives":[{"message":{"role":"assistant","text":"Нет НР"},"status":"ALTERNATIVE_STATUS_FINAL"}],"usage":{"inputTextTokens":"92","completionTokens":"3","totalTokens":"95","completionTokensDetails":null},"modelVersion":"23.10.2024"}}
[2025-02-20T08:54:47.977+0000] {logging_mixin.py:190} INFO - Нет НР
[2025-02-20T08:54:48.308+0000] {logging_mixin.py:190} INFO - {"result":{"alternatives":[{"message":{"role":"assistant","text":"Тревожное расстройство"},"status":"ALTERNATIVE_STATUS_FINAL"}],"usage":{"inputTextTokens":"94","completionTokens":"4","totalTokens":"98","completionTokensDetails":null},"modelVersion":"23.10.2024"}}
[2025-02-20T08:54:48.309+0000] {logging_mixin.py:190} INFO - Тревожное расстройство
[2025-02-20T08:54:48.702+0000] {logging_mixin.py:190} INFO - {"result":{"alternatives":[{"message":{"role":"assistant","text":"Нет НР"},"status":"ALTERNATIVE_STATUS_FINAL"}],"usage":{"inputTextTokens":"95","completionTokens":"3","totalTokens":"98","completionTokensDetails":null},"modelVersion":"23.10.2024"}}
[2025-02-20T08:54:48.703+0000] {logging_mixin.py:190} INFO - Нет НР
[2025-02-20T08:54:49.098+0000] {logging_mixin.py:190} INFO - {"result":{"alternatives":[{"message":{"role":"assistant","text":"Головная боль"},"status":"ALTERNATIVE_STATUS_FINAL"}],"usage":{"inputTextTokens":"92","completionTokens":"3","totalTokens":"95","completionTokensDetails":null},"modelVersion":"23.10.2024"}}
[2025-02-20T08:54:49.099+0000] {logging_mixin.py:190} INFO - Головная боль
[2025-02-20T08:54:49.510+0000] {logging_mixin.py:190} INFO - {"result":{"alternatives":[{"message":{"role":"assistant","text":"Нет НР"},"status":"ALTERNATIVE_STATUS_FINAL"}],"usage":{"inputTextTokens":"92","completionTokens":"3","totalTokens":"95","completionTokensDetails":null},"modelVersion":"23.10.2024"}}
[2025-02-20T08:54:49.511+0000] {logging_mixin.py:190} INFO - Нет НР
[2025-02-20T08:54:49.951+0000] {logging_mixin.py:190} INFO - {"result":{"alternatives":[{"message":{"role":"assistant","text":"Нет НР"},"status":"ALTERNATIVE_STATUS_FINAL"}],"usage":{"inputTextTokens":"97","completionTokens":"3","totalTokens":"100","completionTokensDetails":null},"modelVersion":"23.10.2024"}}
[2025-02-20T08:54:49.952+0000] {logging_mixin.py:190} INFO - Нет НР
[2025-02-20T08:54:50.214+0000] {logging_mixin.py:190} INFO - {"result":{"alternatives":[{"message":{"role":"assistant","text":"Нет НР"},"status":"ALTERNATIVE_STATUS_FINAL"}],"usage":{"inputTextTokens":"94","completionTokens":"3","totalTokens":"97","completionTokensDetails":null},"modelVersion":"23.10.2024"}}
[2025-02-20T08:54:50.215+0000] {logging_mixin.py:190} INFO - Нет НР
[2025-02-20T08:54:50.557+0000] {logging_mixin.py:190} INFO - {"result":{"alternatives":[{"message":{"role":"assistant","text":"Нет НР"},"status":"ALTERNATIVE_STATUS_FINAL"}],"usage":{"inputTextTokens":"89","completionTokens":"3","totalTokens":"92","completionTokensDetails":null},"modelVersion":"23.10.2024"}}
[2025-02-20T08:54:50.558+0000] {logging_mixin.py:190} INFO - Нет НР
[2025-02-20T08:54:50.865+0000] {logging_mixin.py:190} INFO - {"result":{"alternatives":[{"message":{"role":"assistant","text":"Нет НР"},"status":"ALTERNATIVE_STATUS_FINAL"}],"usage":{"inputTextTokens":"92","completionTokens":"3","totalTokens":"95","completionTokensDetails":null},"modelVersion":"23.10.2024"}}
[2025-02-20T08:54:50.866+0000] {logging_mixin.py:190} INFO - Нет НР
[2025-02-20T08:54:51.266+0000] {logging_mixin.py:190} INFO - {"result":{"alternatives":[{"message":{"role":"assistant","text":"Нет НР"},"status":"ALTERNATIVE_STATUS_FINAL"}],"usage":{"inputTextTokens":"91","completionTokens":"3","totalTokens":"94","completionTokensDetails":null},"modelVersion":"23.10.2024"}}
[2025-02-20T08:54:51.267+0000] {logging_mixin.py:190} INFO - Нет НР
[2025-02-20T08:54:51.691+0000] {logging_mixin.py:190} INFO - {"result":{"alternatives":[{"message":{"role":"assistant","text":"Нет НР"},"status":"ALTERNATIVE_STATUS_FINAL"}],"usage":{"inputTextTokens":"91","completionTokens":"3","totalTokens":"94","completionTokensDetails":null},"modelVersion":"23.10.2024"}}
[2025-02-20T08:54:51.692+0000] {logging_mixin.py:190} INFO - Нет НР
[2025-02-20T08:54:52.103+0000] {logging_mixin.py:190} INFO - {"result":{"alternatives":[{"message":{"role":"assistant","text":"Нет НР"},"status":"ALTERNATIVE_STATUS_FINAL"}],"usage":{"inputTextTokens":"88","completionTokens":"3","totalTokens":"91","completionTokensDetails":null},"modelVersion":"23.10.2024"}}
[2025-02-20T08:54:52.103+0000] {logging_mixin.py:190} INFO - Нет НР
[2025-02-20T08:54:52.447+0000] {logging_mixin.py:190} INFO - {"result":{"alternatives":[{"message":{"role":"assistant","text":"Нет НР"},"status":"ALTERNATIVE_STATUS_FINAL"}],"usage":{"inputTextTokens":"94","completionTokens":"3","totalTokens":"97","completionTokensDetails":null},"modelVersion":"23.10.2024"}}
[2025-02-20T08:54:52.447+0000] {logging_mixin.py:190} INFO - Нет НР
[2025-02-20T08:54:52.729+0000] {logging_mixin.py:190} INFO - {"result":{"alternatives":[{"message":{"role":"assistant","text":"Нет НР"},"status":"ALTERNATIVE_STATUS_FINAL"}],"usage":{"inputTextTokens":"97","completionTokens":"3","totalTokens":"100","completionTokensDetails":null},"modelVersion":"23.10.2024"}}
[2025-02-20T08:54:52.730+0000] {logging_mixin.py:190} INFO - Нет НР
[2025-02-20T08:54:53.125+0000] {logging_mixin.py:190} INFO - {"result":{"alternatives":[{"message":{"role":"assistant","text":"Нет НР"},"status":"ALTERNATIVE_STATUS_FINAL"}],"usage":{"inputTextTokens":"93","completionTokens":"3","totalTokens":"96","completionTokensDetails":null},"modelVersion":"23.10.2024"}}
[2025-02-20T08:54:53.126+0000] {logging_mixin.py:190} INFO - Нет НР
[2025-02-20T08:54:53.179+0000] {logging_mixin.py:190} INFO -                                               comment  ...                                                  s
0   Достоинства: ничего\nНедостатки: почитал полож...  ...                                             Нет НР
1   Достоинства: Препарат рабочий, нервы успокаива...  ...                                             Нет НР
2   Достоинства: Их нет!\nНедостатки: Не помогает ...  ...                                             Нет НР
3   После потери близкого человека думала сойду с ...  ...                                             Нет НР
4   Пробовала разные подобные препараты, но из все...  ...                                             Нет НР
5   Достоинства: Очень помог\nНедостатки: Нет\nКом...  ...                                             Нет НР
6   Достоинства: Доступная цена, легко найти в люб...  ...                                             Нет НР
7   Достоинства: Таблетка небольшая по форме, удоб...  ...                                             Нет НР
8   Достоинства: Самое главное - действительно пом...  ...                                             Нет НР
9   Хороший отечественный препарат, предназначенны...  ...                                             Нет НР
10  Каждый год осенью мир становился для меня каки...  ...                                             Нет НР
11  Очень рада, что в свое время решила принимать ...  ...                                             Нет НР
12  На меня Афобазол производит возбуждающий эффек...  ...                               Возбуждающий эффект.
13  Лично мне помогает успокоиться, когда есть тре...  ...                                             Нет НР
14  Достоинства: Работает. Цена ок по сравнению с ...  ...                                             Нет НР
15  2 месяца назад уволили с работы по непонятной ...  ...                                             Нет НР
16  Достоинства: Купила Афобазол с надеждой успоко...  ...                                             Нет НР
17  Отличный безрецептурный противотревожный препа...  ...                                             Нет НР
18  Достоинства: хорошо помогает, недорогой\n\nНед...  ...                                             Нет НР
19  Достоинства: + Действует. Но нужно достаточно ...  ...                                             Нет НР
20  Если принимать строго по инструкции и хотя бы ...  ...                                             Нет НР
21  Наконец-то дошла до того, чтобы бросить курить...  ...                                             Нет НР
22  Афобазол - единственный лекарственный препарат...  ...                                             Нет НР
23  Иногда я принимаю Афобазол для поддержания пси...  ...                                             Нет НР
24  Я довольно тяжело переживаю ПМС. За пару недел...  ...                                             Нет НР
25  Достоинства: хорошо восстанавливает нервы, выр...  ...                                             Нет НР
26  В наши времена без таблеток от тревоги никак. ...  ...                                             Нет НР
27  Да, временами приходится спасаться именно этим...  ...                                             Нет НР
28  Достоинства: успокоительный эфект есть употреб...  ...                                       сердцебиение
29  С такой работой как у меня без Афобазола иногд...  ...                                             Нет НР
30  Достоинства: Помогает справиться, когда навали...  ...                                             Нет НР
31  Не хочу никого пугать, но мне не подошел этот ...  ...  Нежелательная реакция (НР): когнитивные наруше...
32  Выписали авиандр и тералиджен, пила 2 месяца. ...  ...  В данном комментарии нет упоминания о нежелате...
33  В последнее время часто была на взводе. Постоя...  ...                                             Нет НР
34  Достоинства: Убирает ПА\n\nНедостатки: не выяв...  ...                                             Нет НР
35  Достоинства: Помогло убрать тревожное состояни...  ...                                             Нет НР
36  Достоинства: Удобно принимать, таблетки не гор...  ...                                             Нет НР
37  Готовились с сыном к поступлению в институт. Д...  ...                             Тревожное расстройство
38  Достоинства: Очень помогает быть в строю\n\nНе...  ...                                             Нет НР
39  Достоинства: Не нашла\n\nНедостатки: Побочка у...  ...                                      Головная боль
40  Неприятности в один момент навалилось со всех ...  ...                                             Нет НР
41  Достоинства: Нет\n\nНедостатки: Дорогие, не по...  ...                                             Нет НР
42  После серьезного стресса постоянно пребывала в...  ...                                             Нет НР
43  Достоинства: Цена очень хорошая\n\nНедостатки:...  ...                                             Нет НР
44  Помогает справиться с тревожностью без побочек...  ...                                             Нет НР
45  Недостатки: нет.\n\nКомментарий: Таблетки мне ...  ...                                             Нет НР
46  Назначен от болей в пояснице. После 3 месяцев ...  ...                                             Нет НР
47  Достоинства: быстро помогает от боли\n\nНедост...  ...                                             Нет НР
48  Достоинства: Андипал по адекватной цене\n\nНед...  ...                                             Нет НР
49  Препарат старый, и всегда в аптечке. Пью при м...  ...                                             Нет НР
50  Достоинства: помогает.\n\nНедостатки: неь\n\nК...  ...                                             Нет НР

[51 rows x 3 columns]
[2025-02-20T08:54:53.186+0000] {python.py:240} INFO - Done. Returned value was: None
[2025-02-20T08:54:53.206+0000] {taskinstance.py:341} INFO - ::group::Post task execution logs
[2025-02-20T08:54:53.206+0000] {taskinstance.py:353} INFO - Marking task as SUCCESS. dag_id=pipeline, task_id=process_data, run_id=manual__2025-02-20T08:54:17.349839+00:00, execution_date=20250220T085417, start_date=20250220T085433, end_date=20250220T085453
[2025-02-20T08:54:53.227+0000] {logging_mixin.py:190} INFO - Task instance in success state
[2025-02-20T08:54:53.228+0000] {logging_mixin.py:190} INFO -  Previous state of the Task instance: running
[2025-02-20T08:54:53.228+0000] {logging_mixin.py:190} INFO - Dag name:pipeline queued_at:2025-02-20 08:54:17.363560+00:00
[2025-02-20T08:54:53.228+0000] {logging_mixin.py:190} INFO - Task hostname:5f8091faf500 operator:_PythonDecoratedOperator
[2025-02-20T08:54:53.282+0000] {local_task_job_runner.py:266} INFO - Task exited with return code 0
[2025-02-20T08:54:53.310+0000] {taskinstance.py:3901} INFO - 0 downstream tasks scheduled from follow-on schedule check
[2025-02-20T08:54:53.311+0000] {local_task_job_runner.py:245} INFO - ::endgroup::
