[2025-02-19T11:44:27.839+0000] {local_task_job_runner.py:123} INFO - ::group::Pre task execution logs
[2025-02-19T11:44:27.952+0000] {taskinstance.py:2614} INFO - Dependencies all met for dep_context=non-requeueable deps ti=<TaskInstance: pipeline.parser_3 manual__2025-02-19T11:44:26.720824+00:00 [queued]>
[2025-02-19T11:44:27.957+0000] {taskinstance.py:2614} INFO - Dependencies all met for dep_context=requeueable deps ti=<TaskInstance: pipeline.parser_3 manual__2025-02-19T11:44:26.720824+00:00 [queued]>
[2025-02-19T11:44:27.958+0000] {taskinstance.py:2867} INFO - Starting attempt 1 of 1
[2025-02-19T11:44:27.965+0000] {taskinstance.py:2890} INFO - Executing <Task(_PythonDecoratedOperator): parser_3> on 2025-02-19 11:44:26.720824+00:00
[2025-02-19T11:44:27.971+0000] {warnings.py:112} WARNING - /home/***/.local/lib/python3.12/site-packages/***/task/task_runner/standard_task_runner.py:70: DeprecationWarning: This process (pid=238) is multi-threaded, use of fork() may lead to deadlocks in the child.
  pid = os.fork()

[2025-02-19T11:44:27.975+0000] {standard_task_runner.py:72} INFO - Started process 245 to run task
[2025-02-19T11:44:27.976+0000] {standard_task_runner.py:104} INFO - Running: ['***', 'tasks', 'run', 'pipeline', 'parser_3', 'manual__2025-02-19T11:44:26.720824+00:00', '--job-id', '924', '--raw', '--subdir', 'DAGS_FOLDER/pipeline.py', '--cfg-path', '/tmp/tmp3ztfapys']
[2025-02-19T11:44:27.979+0000] {standard_task_runner.py:105} INFO - Job 924: Subtask parser_3
[2025-02-19T11:44:28.019+0000] {task_command.py:467} INFO - Running <TaskInstance: pipeline.parser_3 manual__2025-02-19T11:44:26.720824+00:00 [running]> on host 23903a4a7553
[2025-02-19T11:44:28.077+0000] {taskinstance.py:3134} INFO - Exporting env vars: AIRFLOW_CTX_DAG_OWNER='***' AIRFLOW_CTX_DAG_ID='pipeline' AIRFLOW_CTX_TASK_ID='parser_3' AIRFLOW_CTX_EXECUTION_DATE='2025-02-19T11:44:26.720824+00:00' AIRFLOW_CTX_TRY_NUMBER='1' AIRFLOW_CTX_DAG_RUN_ID='manual__2025-02-19T11:44:26.720824+00:00'
[2025-02-19T11:44:28.080+0000] {logging_mixin.py:190} INFO - Task instance is in running state
[2025-02-19T11:44:28.080+0000] {logging_mixin.py:190} INFO -  Previous state of the Task instance: queued
[2025-02-19T11:44:28.080+0000] {logging_mixin.py:190} INFO - Current task name:parser_3 state:running start_date:2025-02-19 11:44:27.952803+00:00
[2025-02-19T11:44:28.080+0000] {logging_mixin.py:190} INFO - Dag name:pipeline and current dag run status:running
[2025-02-19T11:44:28.080+0000] {taskinstance.py:732} INFO - ::endgroup::
[2025-02-19T11:44:28.081+0000] {parser_3.py:11} INFO - Starting parser 3
[2025-02-19T11:44:28.081+0000] {logging_mixin.py:190} INFO - Парсер 3 выполняется
[2025-02-19T11:44:28.087+0000] {python.py:240} INFO - Done. Returned value was: Empty DataFrame
Columns: []
Index: []
[2025-02-19T11:44:28.112+0000] {taskinstance.py:341} INFO - ::group::Post task execution logs
[2025-02-19T11:44:28.112+0000] {taskinstance.py:353} INFO - Marking task as SUCCESS. dag_id=pipeline, task_id=parser_3, run_id=manual__2025-02-19T11:44:26.720824+00:00, execution_date=20250219T114426, start_date=20250219T114427, end_date=20250219T114428
[2025-02-19T11:44:28.131+0000] {logging_mixin.py:190} INFO - Task instance in success state
[2025-02-19T11:44:28.132+0000] {logging_mixin.py:190} INFO -  Previous state of the Task instance: running
[2025-02-19T11:44:28.132+0000] {logging_mixin.py:190} INFO - Dag name:pipeline queued_at:2025-02-19 11:44:26.727798+00:00
[2025-02-19T11:44:28.133+0000] {logging_mixin.py:190} INFO - Task hostname:23903a4a7553 operator:_PythonDecoratedOperator
[2025-02-19T11:44:28.159+0000] {local_task_job_runner.py:266} INFO - Task exited with return code 0
[2025-02-19T11:44:28.167+0000] {local_task_job_runner.py:245} INFO - ::endgroup::
