[2025-02-20T07:35:56.529+0000] {local_task_job_runner.py:123} INFO - ::group::Pre task execution logs
[2025-02-20T07:35:56.537+0000] {taskinstance.py:2614} INFO - Dependencies all met for dep_context=non-requeueable deps ti=<TaskInstance: pipeline.parser_for_Yandex manual__2025-02-20T07:35:53.746568+00:00 [queued]>
[2025-02-20T07:35:56.542+0000] {taskinstance.py:2614} INFO - Dependencies all met for dep_context=requeueable deps ti=<TaskInstance: pipeline.parser_for_Yandex manual__2025-02-20T07:35:53.746568+00:00 [queued]>
[2025-02-20T07:35:56.543+0000] {taskinstance.py:2867} INFO - Starting attempt 1 of 1
[2025-02-20T07:35:56.661+0000] {taskinstance.py:2890} INFO - Executing <Task(_PythonDecoratedOperator): parser_for_Yandex> on 2025-02-20 07:35:53.746568+00:00
[2025-02-20T07:35:56.667+0000] {warnings.py:112} WARNING - /home/***/.local/lib/python3.12/site-packages/***/task/task_runner/standard_task_runner.py:70: DeprecationWarning: This process (pid=163) is multi-threaded, use of fork() may lead to deadlocks in the child.
  pid = os.fork()

[2025-02-20T07:35:56.671+0000] {standard_task_runner.py:72} INFO - Started process 177 to run task
[2025-02-20T07:35:56.671+0000] {standard_task_runner.py:104} INFO - Running: ['***', 'tasks', 'run', 'pipeline', 'parser_for_Yandex', 'manual__2025-02-20T07:35:53.746568+00:00', '--job-id', '1100', '--raw', '--subdir', 'DAGS_FOLDER/pipeline.py', '--cfg-path', '/tmp/tmp_07h43qw']
[2025-02-20T07:35:56.672+0000] {standard_task_runner.py:105} INFO - Job 1100: Subtask parser_for_Yandex
[2025-02-20T07:35:56.722+0000] {task_command.py:467} INFO - Running <TaskInstance: pipeline.parser_for_Yandex manual__2025-02-20T07:35:53.746568+00:00 [running]> on host 5f8091faf500
[2025-02-20T07:35:56.787+0000] {taskinstance.py:3134} INFO - Exporting env vars: AIRFLOW_CTX_DAG_OWNER='***' AIRFLOW_CTX_DAG_ID='pipeline' AIRFLOW_CTX_TASK_ID='parser_for_Yandex' AIRFLOW_CTX_EXECUTION_DATE='2025-02-20T07:35:53.746568+00:00' AIRFLOW_CTX_TRY_NUMBER='1' AIRFLOW_CTX_DAG_RUN_ID='manual__2025-02-20T07:35:53.746568+00:00'
[2025-02-20T07:35:56.789+0000] {logging_mixin.py:190} INFO - Task instance is in running state
[2025-02-20T07:35:56.789+0000] {logging_mixin.py:190} INFO -  Previous state of the Task instance: queued
[2025-02-20T07:35:56.790+0000] {logging_mixin.py:190} INFO - Current task name:parser_for_Yandex state:running start_date:2025-02-20 07:35:56.538052+00:00
[2025-02-20T07:35:56.790+0000] {logging_mixin.py:190} INFO - Dag name:pipeline and current dag run status:running
[2025-02-20T07:35:56.790+0000] {taskinstance.py:732} INFO - ::endgroup::
[2025-02-20T07:35:56.791+0000] {parser_2.py:25} INFO - Open webdriver_remote
[2025-02-20T07:35:57.213+0000] {parser_2.py:37} INFO - Webdriver opened
[2025-02-20T07:35:57.887+0000] {parser_2.py:42} INFO - success
[2025-02-20T07:35:58.071+0000] {parser_2.py:49} INFO - Found 24 review elements
[2025-02-20T07:35:58.434+0000] {parser_2.py:56} INFO - Data collected successfully
[2025-02-20T07:35:58.441+0000] {logging_mixin.py:190} INFO -                                               comment drag_name
0   Достоинства: Доступная цена, легко найти в люб...  афобазол
1   Достоинства: Таблетка небольшая по форме, удоб...  афобазол
2   Достоинства: Самое главное - действительно пом...  афобазол
3   Хороший отечественный препарат, предназначенны...  афобазол
4   Каждый год осенью мир становился для меня каки...  афобазол
5   Очень рада, что в свое время решила принимать ...  афобазол
6   На меня Афобазол производит возбуждающий эффек...  афобазол
7   Лично мне помогает успокоиться, когда есть тре...  афобазол
8   Достоинства: Работает. Цена ок по сравнению с ...  афобазол
9   2 месяца назад уволили с работы по непонятной ...  афобазол
10  Достоинства: Купила Афобазол с надеждой успоко...  афобазол
11  Отличный безрецептурный противотревожный препа...  афобазол
12  Достоинства: хорошо помогает, недорогой\n\nНед...  афобазол
13  Достоинства: + Действует. Но нужно достаточно ...  афобазол
14  Если принимать строго по инструкции и хотя бы ...  афобазол
15  Наконец-то дошла до того, чтобы бросить курить...  афобазол
16  Афобазол - единственный лекарственный препарат...  афобазол
17  Иногда я принимаю Афобазол для поддержания пси...  афобазол
18  Я довольно тяжело переживаю ПМС. За пару недел...  афобазол
19  Достоинства: хорошо восстанавливает нервы, выр...  афобазол
20  В наши времена без таблеток от тревоги никак. ...  афобазол
21  Да, временами приходится спасаться именно этим...  афобазол
22  Достоинства: успокоительный эфект есть употреб...  афобазол
23  С такой работой как у меня без Афобазола иногд...  афобазол
[2025-02-20T07:35:58.513+0000] {python.py:240} INFO - Done. Returned value was:                                               comment drag_name
0   Достоинства: Доступная цена, легко найти в люб...  афобазол
1   Достоинства: Таблетка небольшая по форме, удоб...  афобазол
2   Достоинства: Самое главное - действительно пом...  афобазол
3   Хороший отечественный препарат, предназначенны...  афобазол
4   Каждый год осенью мир становился для меня каки...  афобазол
5   Очень рада, что в свое время решила принимать ...  афобазол
6   На меня Афобазол производит возбуждающий эффек...  афобазол
7   Лично мне помогает успокоиться, когда есть тре...  афобазол
8   Достоинства: Работает. Цена ок по сравнению с ...  афобазол
9   2 месяца назад уволили с работы по непонятной ...  афобазол
10  Достоинства: Купила Афобазол с надеждой успоко...  афобазол
11  Отличный безрецептурный противотревожный препа...  афобазол
12  Достоинства: хорошо помогает, недорогой\n\nНед...  афобазол
13  Достоинства: + Действует. Но нужно достаточно ...  афобазол
14  Если принимать строго по инструкции и хотя бы ...  афобазол
15  Наконец-то дошла до того, чтобы бросить курить...  афобазол
16  Афобазол - единственный лекарственный препарат...  афобазол
17  Иногда я принимаю Афобазол для поддержания пси...  афобазол
18  Я довольно тяжело переживаю ПМС. За пару недел...  афобазол
19  Достоинства: хорошо восстанавливает нервы, выр...  афобазол
20  В наши времена без таблеток от тревоги никак. ...  афобазол
21  Да, временами приходится спасаться именно этим...  афобазол
22  Достоинства: успокоительный эфект есть употреб...  афобазол
23  С такой работой как у меня без Афобазола иногд...  афобазол
[2025-02-20T07:35:58.540+0000] {taskinstance.py:341} INFO - ::group::Post task execution logs
[2025-02-20T07:35:58.540+0000] {taskinstance.py:353} INFO - Marking task as SUCCESS. dag_id=pipeline, task_id=parser_for_Yandex, run_id=manual__2025-02-20T07:35:53.746568+00:00, execution_date=20250220T073553, start_date=20250220T073556, end_date=20250220T073558
[2025-02-20T07:35:58.552+0000] {logging_mixin.py:190} INFO - Task instance in success state
[2025-02-20T07:35:58.552+0000] {logging_mixin.py:190} INFO -  Previous state of the Task instance: running
[2025-02-20T07:35:58.552+0000] {logging_mixin.py:190} INFO - Dag name:pipeline queued_at:2025-02-20 07:35:54.269797+00:00
[2025-02-20T07:35:58.552+0000] {logging_mixin.py:190} INFO - Task hostname:5f8091faf500 operator:_PythonDecoratedOperator
[2025-02-20T07:35:58.573+0000] {local_task_job_runner.py:266} INFO - Task exited with return code 0
[2025-02-20T07:35:58.588+0000] {taskinstance.py:3901} INFO - 0 downstream tasks scheduled from follow-on schedule check
[2025-02-20T07:35:58.589+0000] {local_task_job_runner.py:245} INFO - ::endgroup::
