[2025-02-19T07:21:43.099+0000] {local_task_job_runner.py:123} INFO - ::group::Pre task execution logs
[2025-02-19T07:21:43.107+0000] {taskinstance.py:2614} INFO - Dependencies all met for dep_context=non-requeueable deps ti=<TaskInstance: pipeline.parser_3 manual__2025-02-19T07:21:41.774023+00:00 [queued]>
[2025-02-19T07:21:43.113+0000] {taskinstance.py:2614} INFO - Dependencies all met for dep_context=requeueable deps ti=<TaskInstance: pipeline.parser_3 manual__2025-02-19T07:21:41.774023+00:00 [queued]>
[2025-02-19T07:21:43.114+0000] {taskinstance.py:2867} INFO - Starting attempt 1 of 1
[2025-02-19T07:21:43.230+0000] {taskinstance.py:2890} INFO - Executing <Task(_PythonDecoratedOperator): parser_3> on 2025-02-19 07:21:41.774023+00:00
[2025-02-19T07:21:43.234+0000] {warnings.py:112} WARNING - /home/***/.local/lib/python3.12/site-packages/***/task/task_runner/standard_task_runner.py:70: DeprecationWarning: This process (pid=246) is multi-threaded, use of fork() may lead to deadlocks in the child.
  pid = os.fork()

[2025-02-19T07:21:43.236+0000] {standard_task_runner.py:72} INFO - Started process 255 to run task
[2025-02-19T07:21:43.236+0000] {standard_task_runner.py:104} INFO - Running: ['***', 'tasks', 'run', 'pipeline', 'parser_3', 'manual__2025-02-19T07:21:41.774023+00:00', '--job-id', '836', '--raw', '--subdir', 'DAGS_FOLDER/pipeline.py', '--cfg-path', '/tmp/tmpxaobv_x1']
[2025-02-19T07:21:43.237+0000] {standard_task_runner.py:105} INFO - Job 836: Subtask parser_3
[2025-02-19T07:21:43.276+0000] {task_command.py:467} INFO - Running <TaskInstance: pipeline.parser_3 manual__2025-02-19T07:21:41.774023+00:00 [running]> on host fdf95482992e
[2025-02-19T07:21:43.321+0000] {taskinstance.py:3134} INFO - Exporting env vars: AIRFLOW_CTX_DAG_OWNER='***' AIRFLOW_CTX_DAG_ID='pipeline' AIRFLOW_CTX_TASK_ID='parser_3' AIRFLOW_CTX_EXECUTION_DATE='2025-02-19T07:21:41.774023+00:00' AIRFLOW_CTX_TRY_NUMBER='1' AIRFLOW_CTX_DAG_RUN_ID='manual__2025-02-19T07:21:41.774023+00:00'
[2025-02-19T07:21:43.322+0000] {logging_mixin.py:190} INFO - Task instance is in running state
[2025-02-19T07:21:43.322+0000] {logging_mixin.py:190} INFO -  Previous state of the Task instance: queued
[2025-02-19T07:21:43.323+0000] {logging_mixin.py:190} INFO - Current task name:parser_3 state:running start_date:2025-02-19 07:21:43.108281+00:00
[2025-02-19T07:21:43.323+0000] {logging_mixin.py:190} INFO - Dag name:pipeline and current dag run status:running
[2025-02-19T07:21:43.323+0000] {taskinstance.py:732} INFO - ::endgroup::
[2025-02-19T07:21:43.323+0000] {parser_3.py:10} INFO - Starting parser 3
[2025-02-19T07:21:43.324+0000] {logging_mixin.py:190} INFO - Парсер 3 выполняется
[2025-02-19T07:21:43.324+0000] {python.py:240} INFO - Done. Returned value was: Данные от парсера 3
[2025-02-19T07:21:43.335+0000] {taskinstance.py:341} INFO - ::group::Post task execution logs
[2025-02-19T07:21:43.335+0000] {taskinstance.py:353} INFO - Marking task as SUCCESS. dag_id=pipeline, task_id=parser_3, run_id=manual__2025-02-19T07:21:41.774023+00:00, execution_date=20250219T072141, start_date=20250219T072143, end_date=20250219T072143
[2025-02-19T07:21:43.346+0000] {logging_mixin.py:190} INFO - Task instance in success state
[2025-02-19T07:21:43.346+0000] {logging_mixin.py:190} INFO -  Previous state of the Task instance: running
[2025-02-19T07:21:43.347+0000] {logging_mixin.py:190} INFO - Dag name:pipeline queued_at:2025-02-19 07:21:41.788774+00:00
[2025-02-19T07:21:43.347+0000] {logging_mixin.py:190} INFO - Task hostname:fdf95482992e operator:_PythonDecoratedOperator
[2025-02-19T07:21:43.377+0000] {local_task_job_runner.py:266} INFO - Task exited with return code 0
[2025-02-19T07:21:43.382+0000] {local_task_job_runner.py:245} INFO - ::endgroup::
