[2025-02-19T14:23:35.737+0000] {local_task_job_runner.py:123} INFO - ::group::Pre task execution logs
[2025-02-19T14:23:35.760+0000] {taskinstance.py:2614} INFO - Dependencies all met for dep_context=non-requeueable deps ti=<TaskInstance: pipeline.parser_for_Eapteka manual__2025-02-19T14:23:33.092670+00:00 [queued]>
[2025-02-19T14:23:35.778+0000] {taskinstance.py:2614} INFO - Dependencies all met for dep_context=requeueable deps ti=<TaskInstance: pipeline.parser_for_Eapteka manual__2025-02-19T14:23:33.092670+00:00 [queued]>
[2025-02-19T14:23:35.781+0000] {taskinstance.py:2867} INFO - Starting attempt 1 of 1
[2025-02-19T14:23:35.976+0000] {taskinstance.py:2890} INFO - Executing <Task(_PythonDecoratedOperator): parser_for_Eapteka> on 2025-02-19 14:23:33.092670+00:00
[2025-02-19T14:23:35.990+0000] {warnings.py:112} WARNING - /home/***/.local/lib/python3.12/site-packages/***/task/task_runner/standard_task_runner.py:70: DeprecationWarning: This process (pid=348) is multi-threaded, use of fork() may lead to deadlocks in the child.
  pid = os.fork()

[2025-02-19T14:23:35.996+0000] {standard_task_runner.py:72} INFO - Started process 353 to run task
[2025-02-19T14:23:36.004+0000] {standard_task_runner.py:104} INFO - Running: ['***', 'tasks', 'run', 'pipeline', 'parser_for_Eapteka', 'manual__2025-02-19T14:23:33.092670+00:00', '--job-id', '1059', '--raw', '--subdir', 'DAGS_FOLDER/pipeline.py', '--cfg-path', '/tmp/tmp4vigrwnn']
[2025-02-19T14:23:36.005+0000] {standard_task_runner.py:105} INFO - Job 1059: Subtask parser_for_Eapteka
[2025-02-19T14:23:36.089+0000] {task_command.py:467} INFO - Running <TaskInstance: pipeline.parser_for_Eapteka manual__2025-02-19T14:23:33.092670+00:00 [running]> on host 5f8091faf500
[2025-02-19T14:23:36.222+0000] {taskinstance.py:3134} INFO - Exporting env vars: AIRFLOW_CTX_DAG_OWNER='***' AIRFLOW_CTX_DAG_ID='pipeline' AIRFLOW_CTX_TASK_ID='parser_for_Eapteka' AIRFLOW_CTX_EXECUTION_DATE='2025-02-19T14:23:33.092670+00:00' AIRFLOW_CTX_TRY_NUMBER='1' AIRFLOW_CTX_DAG_RUN_ID='manual__2025-02-19T14:23:33.092670+00:00'
[2025-02-19T14:23:36.224+0000] {logging_mixin.py:190} INFO - Task instance is in running state
[2025-02-19T14:23:36.225+0000] {logging_mixin.py:190} INFO -  Previous state of the Task instance: queued
[2025-02-19T14:23:36.226+0000] {logging_mixin.py:190} INFO - Current task name:parser_for_Eapteka state:running start_date:2025-02-19 14:23:35.761686+00:00
[2025-02-19T14:23:36.228+0000] {logging_mixin.py:190} INFO - Dag name:pipeline and current dag run status:running
[2025-02-19T14:23:36.231+0000] {taskinstance.py:732} INFO - ::endgroup::
[2025-02-19T14:23:36.235+0000] {parser_1.py:25} INFO - Open webdriver_remote
[2025-02-19T14:23:36.892+0000] {parser_1.py:37} INFO - Webdriver opened
[2025-02-19T14:23:40.361+0000] {parser_1.py:42} INFO - success
[2025-02-19T14:23:40.381+0000] {parser_1.py:50} INFO - Found 10 review elements
[2025-02-19T14:23:40.923+0000] {parser_1.py:57} INFO - Data collected successfully
[2025-02-19T14:23:40.936+0000] {logging_mixin.py:190} INFO -                                              comment  drag_name
0  Я мама двух маленьких детей, и постоянная уста...  проспекта
1  Недостатки: Не помогло. все время была сонливо...  проспекта
2  Я начала принимать Проспекту при астении по ре...  проспекта
3  Давненько хотела пропить что-то для улучшения ...  проспекта
4  Не знаю, что бы делала, если бы не узнала про ...  проспекта
5  Брали Проспекту дедушке, для улучшения памяти....  проспекта
6  Хвалю Проспекту, отлично помогает при СДВГ у р...  проспекта
7  Проспекту назначили папе после инсульта, у нег...  проспекта
8  Давала эти таблетки сыну, а то его неусидчивос...  проспекта
9  Искала хорошее средство для улучшения концентр...  проспекта
[2025-02-19T14:23:41.016+0000] {python.py:240} INFO - Done. Returned value was:                                              comment  drag_name
0  Я мама двух маленьких детей, и постоянная уста...  проспекта
1  Недостатки: Не помогло. все время была сонливо...  проспекта
2  Я начала принимать Проспекту при астении по ре...  проспекта
3  Давненько хотела пропить что-то для улучшения ...  проспекта
4  Не знаю, что бы делала, если бы не узнала про ...  проспекта
5  Брали Проспекту дедушке, для улучшения памяти....  проспекта
6  Хвалю Проспекту, отлично помогает при СДВГ у р...  проспекта
7  Проспекту назначили папе после инсульта, у нег...  проспекта
8  Давала эти таблетки сыну, а то его неусидчивос...  проспекта
9  Искала хорошее средство для улучшения концентр...  проспекта
[2025-02-19T14:23:41.107+0000] {taskinstance.py:341} INFO - ::group::Post task execution logs
[2025-02-19T14:23:41.108+0000] {taskinstance.py:353} INFO - Marking task as SUCCESS. dag_id=pipeline, task_id=parser_for_Eapteka, run_id=manual__2025-02-19T14:23:33.092670+00:00, execution_date=20250219T142333, start_date=20250219T142335, end_date=20250219T142341
[2025-02-19T14:23:41.130+0000] {logging_mixin.py:190} INFO - Task instance in success state
[2025-02-19T14:23:41.130+0000] {logging_mixin.py:190} INFO -  Previous state of the Task instance: running
[2025-02-19T14:23:41.130+0000] {logging_mixin.py:190} INFO - Dag name:pipeline queued_at:2025-02-19 14:23:33.113575+00:00
[2025-02-19T14:23:41.131+0000] {logging_mixin.py:190} INFO - Task hostname:5f8091faf500 operator:_PythonDecoratedOperator
[2025-02-19T14:23:41.139+0000] {local_task_job_runner.py:266} INFO - Task exited with return code 0
[2025-02-19T14:23:41.167+0000] {taskinstance.py:3901} INFO - 1 downstream tasks scheduled from follow-on schedule check
[2025-02-19T14:23:41.168+0000] {local_task_job_runner.py:245} INFO - ::endgroup::
