[2025-02-18T01:09:49.518+0000] {local_task_job_runner.py:123} INFO - ::group::Pre task execution logs
[2025-02-18T01:09:49.661+0000] {taskinstance.py:2614} INFO - Dependencies all met for dep_context=non-requeueable deps ti=<TaskInstance: name_of_pipeline.parser_1 scheduled__2025-02-17T00:00:00+00:00 [queued]>
[2025-02-18T01:09:49.671+0000] {taskinstance.py:2614} INFO - Dependencies all met for dep_context=requeueable deps ti=<TaskInstance: name_of_pipeline.parser_1 scheduled__2025-02-17T00:00:00+00:00 [queued]>
[2025-02-18T01:09:49.672+0000] {taskinstance.py:2867} INFO - Starting attempt 1 of 1
[2025-02-18T01:09:49.686+0000] {taskinstance.py:2890} INFO - Executing <Task(_PythonDecoratedOperator): parser_1> on 2025-02-17 00:00:00+00:00
[2025-02-18T01:09:49.695+0000] {warnings.py:112} WARNING - /home/***/.local/lib/python3.12/site-packages/***/task/task_runner/standard_task_runner.py:70: DeprecationWarning: This process (pid=3317) is multi-threaded, use of fork() may lead to deadlocks in the child.
  pid = os.fork()

[2025-02-18T01:09:49.698+0000] {standard_task_runner.py:72} INFO - Started process 3322 to run task
[2025-02-18T01:09:49.699+0000] {standard_task_runner.py:104} INFO - Running: ['***', 'tasks', 'run', 'name_of_pipeline', 'parser_1', 'scheduled__2025-02-17T00:00:00+00:00', '--job-id', '821', '--raw', '--subdir', 'DAGS_FOLDER/pipeline.py', '--cfg-path', '/tmp/tmpx31mhdui']
[2025-02-18T01:09:49.700+0000] {standard_task_runner.py:105} INFO - Job 821: Subtask parser_1
[2025-02-18T01:09:49.764+0000] {task_command.py:467} INFO - Running <TaskInstance: name_of_pipeline.parser_1 scheduled__2025-02-17T00:00:00+00:00 [running]> on host f4228ad55513
[2025-02-18T01:09:49.860+0000] {taskinstance.py:3134} INFO - Exporting env vars: AIRFLOW_CTX_DAG_OWNER='***' AIRFLOW_CTX_DAG_ID='name_of_pipeline' AIRFLOW_CTX_TASK_ID='parser_1' AIRFLOW_CTX_EXECUTION_DATE='2025-02-17T00:00:00+00:00' AIRFLOW_CTX_TRY_NUMBER='1' AIRFLOW_CTX_DAG_RUN_ID='scheduled__2025-02-17T00:00:00+00:00'
[2025-02-18T01:09:49.865+0000] {logging_mixin.py:190} INFO - Task instance is in running state
[2025-02-18T01:09:49.866+0000] {logging_mixin.py:190} INFO -  Previous state of the Task instance: queued
[2025-02-18T01:09:49.866+0000] {logging_mixin.py:190} INFO - Current task name:parser_1 state:running start_date:2025-02-18 01:09:49.662684+00:00
[2025-02-18T01:09:49.867+0000] {logging_mixin.py:190} INFO - Dag name:name_of_pipeline and current dag run status:running
[2025-02-18T01:09:49.867+0000] {taskinstance.py:732} INFO - ::endgroup::
[2025-02-18T01:09:49.868+0000] {parser_1.py:10} INFO - Starting parser 1
[2025-02-18T01:09:49.870+0000] {logging_mixin.py:190} INFO - Парсер 1 выполняется
[2025-02-18T01:09:49.871+0000] {python.py:240} INFO - Done. Returned value was: Данные от парсера 1
[2025-02-18T01:09:49.894+0000] {taskinstance.py:341} INFO - ::group::Post task execution logs
[2025-02-18T01:09:49.895+0000] {taskinstance.py:353} INFO - Marking task as SUCCESS. dag_id=name_of_pipeline, task_id=parser_1, run_id=scheduled__2025-02-17T00:00:00+00:00, execution_date=20250217T000000, start_date=20250218T010949, end_date=20250218T010949
[2025-02-18T01:09:49.918+0000] {logging_mixin.py:190} INFO - Task instance in success state
[2025-02-18T01:09:49.918+0000] {logging_mixin.py:190} INFO -  Previous state of the Task instance: running
[2025-02-18T01:09:49.918+0000] {logging_mixin.py:190} INFO - Dag name:name_of_pipeline queued_at:2025-02-18 01:09:48.063312+00:00
[2025-02-18T01:09:49.918+0000] {logging_mixin.py:190} INFO - Task hostname:f4228ad55513 operator:_PythonDecoratedOperator
[2025-02-18T01:09:49.926+0000] {local_task_job_runner.py:266} INFO - Task exited with return code 0
[2025-02-18T01:09:49.958+0000] {taskinstance.py:3901} INFO - 0 downstream tasks scheduled from follow-on schedule check
[2025-02-18T01:09:49.960+0000] {local_task_job_runner.py:245} INFO - ::endgroup::
