[2025-02-20T07:25:59.008+0000] {local_task_job_runner.py:123} INFO - ::group::Pre task execution logs
[2025-02-20T07:25:59.150+0000] {taskinstance.py:2614} INFO - Dependencies all met for dep_context=non-requeueable deps ti=<TaskInstance: pipeline.consolidate_data scheduled__2025-02-19T00:00:00+00:00 [queued]>
[2025-02-20T07:25:59.157+0000] {taskinstance.py:2614} INFO - Dependencies all met for dep_context=requeueable deps ti=<TaskInstance: pipeline.consolidate_data scheduled__2025-02-19T00:00:00+00:00 [queued]>
[2025-02-20T07:25:59.157+0000] {taskinstance.py:2867} INFO - Starting attempt 1 of 1
[2025-02-20T07:25:59.164+0000] {taskinstance.py:2890} INFO - Executing <Task(_PythonDecoratedOperator): consolidate_data> on 2025-02-19 00:00:00+00:00
[2025-02-20T07:25:59.169+0000] {warnings.py:112} WARNING - /home/***/.local/lib/python3.12/site-packages/***/task/task_runner/standard_task_runner.py:70: DeprecationWarning: This process (pid=265) is multi-threaded, use of fork() may lead to deadlocks in the child.
  pid = os.fork()

[2025-02-20T07:25:59.170+0000] {standard_task_runner.py:72} INFO - Started process 276 to run task
[2025-02-20T07:25:59.171+0000] {standard_task_runner.py:104} INFO - Running: ['***', 'tasks', 'run', 'pipeline', 'consolidate_data', 'scheduled__2025-02-19T00:00:00+00:00', '--job-id', '1084', '--raw', '--subdir', 'DAGS_FOLDER/pipeline.py', '--cfg-path', '/tmp/tmpei9kkahf']
[2025-02-20T07:25:59.171+0000] {standard_task_runner.py:105} INFO - Job 1084: Subtask consolidate_data
[2025-02-20T07:25:59.199+0000] {task_command.py:467} INFO - Running <TaskInstance: pipeline.consolidate_data scheduled__2025-02-19T00:00:00+00:00 [running]> on host 5f8091faf500
[2025-02-20T07:25:59.308+0000] {taskinstance.py:3134} INFO - Exporting env vars: AIRFLOW_CTX_DAG_OWNER='***' AIRFLOW_CTX_DAG_ID='pipeline' AIRFLOW_CTX_TASK_ID='consolidate_data' AIRFLOW_CTX_EXECUTION_DATE='2025-02-19T00:00:00+00:00' AIRFLOW_CTX_TRY_NUMBER='1' AIRFLOW_CTX_DAG_RUN_ID='scheduled__2025-02-19T00:00:00+00:00'
[2025-02-20T07:25:59.309+0000] {logging_mixin.py:190} INFO - Task instance is in running state
[2025-02-20T07:25:59.309+0000] {logging_mixin.py:190} INFO -  Previous state of the Task instance: queued
[2025-02-20T07:25:59.310+0000] {logging_mixin.py:190} INFO - Current task name:consolidate_data state:running start_date:2025-02-20 07:25:59.150704+00:00
[2025-02-20T07:25:59.310+0000] {logging_mixin.py:190} INFO - Dag name:pipeline and current dag run status:running
[2025-02-20T07:25:59.310+0000] {taskinstance.py:732} INFO - ::endgroup::
[2025-02-20T07:25:59.316+0000] {logging_mixin.py:190} INFO -                                              comment  drag_name
0  Я мама двух маленьких детей, и постоянная уста...  проспекта
1  Недостатки: Не помогло. все время была сонливо...  проспекта
2  Я начала принимать Проспекту при астении по ре...  проспекта
3  Давненько хотела пропить что-то для улучшения ...  проспекта
4  Не знаю, что бы делала, если бы не узнала про ...  проспекта
5  Брали Проспекту дедушке, для улучшения памяти....  проспекта
6  Хвалю Проспекту, отлично помогает при СДВГ у р...  проспекта
7  Проспекту назначили папе после инсульта, у нег...  проспекта
8  Давала эти таблетки сыну, а то его неусидчивос...  проспекта
9  Искала хорошее средство для улучшения концентр...  проспекта                                               comment drag_name
0   Достоинства: Доступная цена, легко найти в люб...  афобазол
1   Достоинства: Таблетка небольшая по форме, удоб...  афобазол
2   Достоинства: Самое главное - действительно пом...  афобазол
3   Хороший отечественный препарат, предназначенны...  афобазол
4   Каждый год осенью мир становился для меня каки...  афобазол
5   Очень рада, что в свое время решила принимать ...  афобазол
6   На меня Афобазол производит возбуждающий эффек...  афобазол
7   Лично мне помогает успокоиться, когда есть тре...  афобазол
8   Достоинства: Работает. Цена ок по сравнению с ...  афобазол
9   2 месяца назад уволили с работы по непонятной ...  афобазол
10  Достоинства: Купила Афобазол с надеждой успоко...  афобазол
11  Отличный безрецептурный противотревожный препа...  афобазол
12  Достоинства: хорошо помогает, недорогой\n\nНед...  афобазол
13  Достоинства: + Действует. Но нужно достаточно ...  афобазол
14  Если принимать строго по инструкции и хотя бы ...  афобазол
15  Наконец-то дошла до того, чтобы бросить курить...  афобазол
16  Афобазол - единственный лекарственный препарат...  афобазол
17  Иногда я принимаю Афобазол для поддержания пси...  афобазол
18  Я довольно тяжело переживаю ПМС. За пару недел...  афобазол
19  Достоинства: хорошо восстанавливает нервы, выр...  афобазол
20  В наши времена без таблеток от тревоги никак. ...  афобазол
21  Да, временами приходится спасаться именно этим...  афобазол
22  Достоинства: успокоительный эфект есть употреб...  афобазол
23  С такой работой как у меня без Афобазола иногд...  афобазол Empty DataFrame
Columns: [comment, drag_name]
Index: []
[2025-02-20T07:25:59.318+0000] {python.py:240} INFO - Done. Returned value was:                                               comment  drag_name
0   Я мама двух маленьких детей, и постоянная уста...  проспекта
1   Недостатки: Не помогло. все время была сонливо...  проспекта
2   Я начала принимать Проспекту при астении по ре...  проспекта
3   Давненько хотела пропить что-то для улучшения ...  проспекта
4   Не знаю, что бы делала, если бы не узнала про ...  проспекта
5   Брали Проспекту дедушке, для улучшения памяти....  проспекта
6   Хвалю Проспекту, отлично помогает при СДВГ у р...  проспекта
7   Проспекту назначили папе после инсульта, у нег...  проспекта
8   Давала эти таблетки сыну, а то его неусидчивос...  проспекта
9   Искала хорошее средство для улучшения концентр...  проспекта
0   Достоинства: Доступная цена, легко найти в люб...   афобазол
1   Достоинства: Таблетка небольшая по форме, удоб...   афобазол
2   Достоинства: Самое главное - действительно пом...   афобазол
3   Хороший отечественный препарат, предназначенны...   афобазол
4   Каждый год осенью мир становился для меня каки...   афобазол
5   Очень рада, что в свое время решила принимать ...   афобазол
6   На меня Афобазол производит возбуждающий эффек...   афобазол
7   Лично мне помогает успокоиться, когда есть тре...   афобазол
8   Достоинства: Работает. Цена ок по сравнению с ...   афобазол
9   2 месяца назад уволили с работы по непонятной ...   афобазол
10  Достоинства: Купила Афобазол с надеждой успоко...   афобазол
11  Отличный безрецептурный противотревожный препа...   афобазол
12  Достоинства: хорошо помогает, недорогой\n\nНед...   афобазол
13  Достоинства: + Действует. Но нужно достаточно ...   афобазол
14  Если принимать строго по инструкции и хотя бы ...   афобазол
15  Наконец-то дошла до того, чтобы бросить курить...   афобазол
16  Афобазол - единственный лекарственный препарат...   афобазол
17  Иногда я принимаю Афобазол для поддержания пси...   афобазол
18  Я довольно тяжело переживаю ПМС. За пару недел...   афобазол
19  Достоинства: хорошо восстанавливает нервы, выр...   афобазол
20  В наши времена без таблеток от тревоги никак. ...   афобазол
21  Да, временами приходится спасаться именно этим...   афобазол
22  Достоинства: успокоительный эфект есть употреб...   афобазол
23  С такой работой как у меня без Афобазола иногд...   афобазол
[2025-02-20T07:25:59.373+0000] {taskinstance.py:341} INFO - ::group::Post task execution logs
[2025-02-20T07:25:59.373+0000] {taskinstance.py:353} INFO - Marking task as SUCCESS. dag_id=pipeline, task_id=consolidate_data, run_id=scheduled__2025-02-19T00:00:00+00:00, execution_date=20250219T000000, start_date=20250220T072559, end_date=20250220T072559
[2025-02-20T07:25:59.396+0000] {logging_mixin.py:190} INFO - Task instance in success state
[2025-02-20T07:25:59.397+0000] {logging_mixin.py:190} INFO -  Previous state of the Task instance: running
[2025-02-20T07:25:59.398+0000] {logging_mixin.py:190} INFO - Dag name:pipeline queued_at:2025-02-20 07:25:40.359052+00:00
[2025-02-20T07:25:59.398+0000] {logging_mixin.py:190} INFO - Task hostname:5f8091faf500 operator:_PythonDecoratedOperator
[2025-02-20T07:25:59.436+0000] {local_task_job_runner.py:266} INFO - Task exited with return code 0
[2025-02-20T07:25:59.459+0000] {taskinstance.py:3901} INFO - 1 downstream tasks scheduled from follow-on schedule check
[2025-02-20T07:25:59.460+0000] {local_task_job_runner.py:245} INFO - ::endgroup::
