[2025-02-18T01:09:50.080+0000] {processor.py:186} INFO - Started process (PID=8259) to work on /home/airflow/.local/lib/python3.12/site-packages/airflow/example_dags/example_branch_python_dop_operator_3.py
[2025-02-18T01:09:50.081+0000] {processor.py:914} INFO - Processing file /home/airflow/.local/lib/python3.12/site-packages/airflow/example_dags/example_branch_python_dop_operator_3.py for tasks to queue
[2025-02-18T01:09:50.082+0000] {logging_mixin.py:190} INFO - [2025-02-18T01:09:50.081+0000] {dagbag.py:588} INFO - Filling up the DagBag from /home/airflow/.local/lib/python3.12/site-packages/airflow/example_dags/example_branch_python_dop_operator_3.py
[2025-02-18T01:09:50.090+0000] {processor.py:925} INFO - DAG(s) 'example_branch_dop_operator_v3' retrieved from /home/airflow/.local/lib/python3.12/site-packages/airflow/example_dags/example_branch_python_dop_operator_3.py
[2025-02-18T01:09:50.104+0000] {logging_mixin.py:190} INFO - [2025-02-18T01:09:50.103+0000] {dag.py:3239} INFO - Sync 1 DAGs
[2025-02-18T01:09:50.119+0000] {logging_mixin.py:190} INFO - [2025-02-18T01:09:50.119+0000] {dag.py:4180} INFO - Setting next_dagrun for example_branch_dop_operator_v3 to 2025-02-18 01:08:00+00:00, run_after=2025-02-18 01:09:00+00:00
[2025-02-18T01:09:50.135+0000] {processor.py:208} INFO - Processing /home/airflow/.local/lib/python3.12/site-packages/airflow/example_dags/example_branch_python_dop_operator_3.py took 0.059 seconds
[2025-02-18T01:45:00.168+0000] {processor.py:186} INFO - Started process (PID=8323) to work on /home/airflow/.local/lib/python3.12/site-packages/airflow/example_dags/example_branch_python_dop_operator_3.py
[2025-02-18T01:45:00.169+0000] {processor.py:914} INFO - Processing file /home/airflow/.local/lib/python3.12/site-packages/airflow/example_dags/example_branch_python_dop_operator_3.py for tasks to queue
[2025-02-18T01:45:00.170+0000] {logging_mixin.py:190} INFO - [2025-02-18T01:45:00.170+0000] {dagbag.py:588} INFO - Filling up the DagBag from /home/airflow/.local/lib/python3.12/site-packages/airflow/example_dags/example_branch_python_dop_operator_3.py
[2025-02-18T01:45:00.180+0000] {processor.py:925} INFO - DAG(s) 'example_branch_dop_operator_v3' retrieved from /home/airflow/.local/lib/python3.12/site-packages/airflow/example_dags/example_branch_python_dop_operator_3.py
[2025-02-18T01:45:00.202+0000] {logging_mixin.py:190} INFO - [2025-02-18T01:45:00.202+0000] {dag.py:3239} INFO - Sync 1 DAGs
[2025-02-18T01:45:00.220+0000] {logging_mixin.py:190} INFO - [2025-02-18T01:45:00.220+0000] {dag.py:4180} INFO - Setting next_dagrun for example_branch_dop_operator_v3 to 2025-02-18 01:44:00+00:00, run_after=2025-02-18 01:45:00+00:00
[2025-02-18T01:45:00.234+0000] {processor.py:208} INFO - Processing /home/airflow/.local/lib/python3.12/site-packages/airflow/example_dags/example_branch_python_dop_operator_3.py took 0.072 seconds
[2025-02-18T02:31:37.431+0000] {processor.py:186} INFO - Started process (PID=8387) to work on /home/airflow/.local/lib/python3.12/site-packages/airflow/example_dags/example_branch_python_dop_operator_3.py
[2025-02-18T02:31:37.431+0000] {processor.py:914} INFO - Processing file /home/airflow/.local/lib/python3.12/site-packages/airflow/example_dags/example_branch_python_dop_operator_3.py for tasks to queue
[2025-02-18T02:31:37.433+0000] {logging_mixin.py:190} INFO - [2025-02-18T02:31:37.432+0000] {dagbag.py:588} INFO - Filling up the DagBag from /home/airflow/.local/lib/python3.12/site-packages/airflow/example_dags/example_branch_python_dop_operator_3.py
[2025-02-18T02:31:37.438+0000] {processor.py:925} INFO - DAG(s) 'example_branch_dop_operator_v3' retrieved from /home/airflow/.local/lib/python3.12/site-packages/airflow/example_dags/example_branch_python_dop_operator_3.py
[2025-02-18T02:31:37.453+0000] {logging_mixin.py:190} INFO - [2025-02-18T02:31:37.453+0000] {dag.py:3239} INFO - Sync 1 DAGs
[2025-02-18T02:31:37.471+0000] {logging_mixin.py:190} INFO - [2025-02-18T02:31:37.471+0000] {dag.py:4180} INFO - Setting next_dagrun for example_branch_dop_operator_v3 to 2025-02-18 02:30:00+00:00, run_after=2025-02-18 02:31:00+00:00
[2025-02-18T02:31:37.483+0000] {processor.py:208} INFO - Processing /home/airflow/.local/lib/python3.12/site-packages/airflow/example_dags/example_branch_python_dop_operator_3.py took 0.056 seconds
[2025-02-18T02:54:40.847+0000] {processor.py:186} INFO - Started process (PID=8451) to work on /home/airflow/.local/lib/python3.12/site-packages/airflow/example_dags/example_branch_python_dop_operator_3.py
[2025-02-18T02:54:40.848+0000] {processor.py:914} INFO - Processing file /home/airflow/.local/lib/python3.12/site-packages/airflow/example_dags/example_branch_python_dop_operator_3.py for tasks to queue
[2025-02-18T02:54:40.849+0000] {logging_mixin.py:190} INFO - [2025-02-18T02:54:40.849+0000] {dagbag.py:588} INFO - Filling up the DagBag from /home/airflow/.local/lib/python3.12/site-packages/airflow/example_dags/example_branch_python_dop_operator_3.py
[2025-02-18T02:54:40.858+0000] {processor.py:925} INFO - DAG(s) 'example_branch_dop_operator_v3' retrieved from /home/airflow/.local/lib/python3.12/site-packages/airflow/example_dags/example_branch_python_dop_operator_3.py
[2025-02-18T02:54:40.874+0000] {logging_mixin.py:190} INFO - [2025-02-18T02:54:40.874+0000] {dag.py:3239} INFO - Sync 1 DAGs
[2025-02-18T02:54:40.887+0000] {logging_mixin.py:190} INFO - [2025-02-18T02:54:40.887+0000] {dag.py:4180} INFO - Setting next_dagrun for example_branch_dop_operator_v3 to 2025-02-18 02:53:00+00:00, run_after=2025-02-18 02:54:00+00:00
[2025-02-18T02:54:40.897+0000] {processor.py:208} INFO - Processing /home/airflow/.local/lib/python3.12/site-packages/airflow/example_dags/example_branch_python_dop_operator_3.py took 0.055 seconds
[2025-02-18T03:12:50.734+0000] {processor.py:186} INFO - Started process (PID=8515) to work on /home/airflow/.local/lib/python3.12/site-packages/airflow/example_dags/example_branch_python_dop_operator_3.py
[2025-02-18T03:12:50.736+0000] {processor.py:914} INFO - Processing file /home/airflow/.local/lib/python3.12/site-packages/airflow/example_dags/example_branch_python_dop_operator_3.py for tasks to queue
[2025-02-18T03:12:50.737+0000] {logging_mixin.py:190} INFO - [2025-02-18T03:12:50.736+0000] {dagbag.py:588} INFO - Filling up the DagBag from /home/airflow/.local/lib/python3.12/site-packages/airflow/example_dags/example_branch_python_dop_operator_3.py
[2025-02-18T03:12:50.744+0000] {processor.py:925} INFO - DAG(s) 'example_branch_dop_operator_v3' retrieved from /home/airflow/.local/lib/python3.12/site-packages/airflow/example_dags/example_branch_python_dop_operator_3.py
[2025-02-18T03:12:50.755+0000] {logging_mixin.py:190} INFO - [2025-02-18T03:12:50.755+0000] {dag.py:3239} INFO - Sync 1 DAGs
[2025-02-18T03:12:50.770+0000] {logging_mixin.py:190} INFO - [2025-02-18T03:12:50.770+0000] {dag.py:4180} INFO - Setting next_dagrun for example_branch_dop_operator_v3 to 2025-02-18 03:11:00+00:00, run_after=2025-02-18 03:12:00+00:00
[2025-02-18T03:12:50.782+0000] {processor.py:208} INFO - Processing /home/airflow/.local/lib/python3.12/site-packages/airflow/example_dags/example_branch_python_dop_operator_3.py took 0.051 seconds
[2025-02-18T04:35:29.773+0000] {processor.py:186} INFO - Started process (PID=8579) to work on /home/airflow/.local/lib/python3.12/site-packages/airflow/example_dags/example_branch_python_dop_operator_3.py
[2025-02-18T04:35:29.773+0000] {processor.py:914} INFO - Processing file /home/airflow/.local/lib/python3.12/site-packages/airflow/example_dags/example_branch_python_dop_operator_3.py for tasks to queue
[2025-02-18T04:35:29.774+0000] {logging_mixin.py:190} INFO - [2025-02-18T04:35:29.774+0000] {dagbag.py:588} INFO - Filling up the DagBag from /home/airflow/.local/lib/python3.12/site-packages/airflow/example_dags/example_branch_python_dop_operator_3.py
[2025-02-18T04:35:29.780+0000] {processor.py:925} INFO - DAG(s) 'example_branch_dop_operator_v3' retrieved from /home/airflow/.local/lib/python3.12/site-packages/airflow/example_dags/example_branch_python_dop_operator_3.py
[2025-02-18T04:35:29.790+0000] {logging_mixin.py:190} INFO - [2025-02-18T04:35:29.790+0000] {dag.py:3239} INFO - Sync 1 DAGs
[2025-02-18T04:35:29.802+0000] {logging_mixin.py:190} INFO - [2025-02-18T04:35:29.802+0000] {dag.py:4180} INFO - Setting next_dagrun for example_branch_dop_operator_v3 to 2025-02-18 04:34:00+00:00, run_after=2025-02-18 04:35:00+00:00
[2025-02-18T04:35:29.810+0000] {processor.py:208} INFO - Processing /home/airflow/.local/lib/python3.12/site-packages/airflow/example_dags/example_branch_python_dop_operator_3.py took 0.040 seconds
[2025-02-18T04:55:49.164+0000] {processor.py:186} INFO - Started process (PID=8643) to work on /home/airflow/.local/lib/python3.12/site-packages/airflow/example_dags/example_branch_python_dop_operator_3.py
[2025-02-18T04:55:49.165+0000] {processor.py:914} INFO - Processing file /home/airflow/.local/lib/python3.12/site-packages/airflow/example_dags/example_branch_python_dop_operator_3.py for tasks to queue
[2025-02-18T04:55:49.165+0000] {logging_mixin.py:190} INFO - [2025-02-18T04:55:49.165+0000] {dagbag.py:588} INFO - Filling up the DagBag from /home/airflow/.local/lib/python3.12/site-packages/airflow/example_dags/example_branch_python_dop_operator_3.py
[2025-02-18T04:55:49.171+0000] {processor.py:925} INFO - DAG(s) 'example_branch_dop_operator_v3' retrieved from /home/airflow/.local/lib/python3.12/site-packages/airflow/example_dags/example_branch_python_dop_operator_3.py
[2025-02-18T04:55:49.182+0000] {logging_mixin.py:190} INFO - [2025-02-18T04:55:49.182+0000] {dag.py:3239} INFO - Sync 1 DAGs
[2025-02-18T04:55:49.196+0000] {logging_mixin.py:190} INFO - [2025-02-18T04:55:49.196+0000] {dag.py:4180} INFO - Setting next_dagrun for example_branch_dop_operator_v3 to 2025-02-18 04:54:00+00:00, run_after=2025-02-18 04:55:00+00:00
[2025-02-18T04:55:49.213+0000] {processor.py:208} INFO - Processing /home/airflow/.local/lib/python3.12/site-packages/airflow/example_dags/example_branch_python_dop_operator_3.py took 0.052 seconds
[2025-02-18T05:42:08.194+0000] {processor.py:186} INFO - Started process (PID=8707) to work on /home/airflow/.local/lib/python3.12/site-packages/airflow/example_dags/example_branch_python_dop_operator_3.py
[2025-02-18T05:42:08.196+0000] {processor.py:914} INFO - Processing file /home/airflow/.local/lib/python3.12/site-packages/airflow/example_dags/example_branch_python_dop_operator_3.py for tasks to queue
[2025-02-18T05:42:08.199+0000] {logging_mixin.py:190} INFO - [2025-02-18T05:42:08.198+0000] {dagbag.py:588} INFO - Filling up the DagBag from /home/airflow/.local/lib/python3.12/site-packages/airflow/example_dags/example_branch_python_dop_operator_3.py
[2025-02-18T05:42:08.205+0000] {processor.py:925} INFO - DAG(s) 'example_branch_dop_operator_v3' retrieved from /home/airflow/.local/lib/python3.12/site-packages/airflow/example_dags/example_branch_python_dop_operator_3.py
[2025-02-18T05:42:08.221+0000] {logging_mixin.py:190} INFO - [2025-02-18T05:42:08.221+0000] {dag.py:3239} INFO - Sync 1 DAGs
[2025-02-18T05:42:08.235+0000] {logging_mixin.py:190} INFO - [2025-02-18T05:42:08.235+0000] {dag.py:4180} INFO - Setting next_dagrun for example_branch_dop_operator_v3 to 2025-02-18 05:41:00+00:00, run_after=2025-02-18 05:42:00+00:00
[2025-02-18T05:42:08.245+0000] {processor.py:208} INFO - Processing /home/airflow/.local/lib/python3.12/site-packages/airflow/example_dags/example_branch_python_dop_operator_3.py took 0.054 seconds
[2025-02-18T05:42:38.840+0000] {processor.py:186} INFO - Started process (PID=8771) to work on /home/airflow/.local/lib/python3.12/site-packages/airflow/example_dags/example_branch_python_dop_operator_3.py
[2025-02-18T05:42:38.843+0000] {processor.py:914} INFO - Processing file /home/airflow/.local/lib/python3.12/site-packages/airflow/example_dags/example_branch_python_dop_operator_3.py for tasks to queue
[2025-02-18T05:42:38.844+0000] {logging_mixin.py:190} INFO - [2025-02-18T05:42:38.844+0000] {dagbag.py:588} INFO - Filling up the DagBag from /home/airflow/.local/lib/python3.12/site-packages/airflow/example_dags/example_branch_python_dop_operator_3.py
[2025-02-18T05:42:38.851+0000] {processor.py:925} INFO - DAG(s) 'example_branch_dop_operator_v3' retrieved from /home/airflow/.local/lib/python3.12/site-packages/airflow/example_dags/example_branch_python_dop_operator_3.py
[2025-02-18T05:42:38.865+0000] {logging_mixin.py:190} INFO - [2025-02-18T05:42:38.865+0000] {dag.py:3239} INFO - Sync 1 DAGs
[2025-02-18T05:42:38.880+0000] {logging_mixin.py:190} INFO - [2025-02-18T05:42:38.880+0000] {dag.py:4180} INFO - Setting next_dagrun for example_branch_dop_operator_v3 to 2025-02-18 05:41:00+00:00, run_after=2025-02-18 05:42:00+00:00
[2025-02-18T05:42:38.895+0000] {processor.py:208} INFO - Processing /home/airflow/.local/lib/python3.12/site-packages/airflow/example_dags/example_branch_python_dop_operator_3.py took 0.058 seconds
[2025-02-18T05:43:09.904+0000] {processor.py:186} INFO - Started process (PID=8835) to work on /home/airflow/.local/lib/python3.12/site-packages/airflow/example_dags/example_branch_python_dop_operator_3.py
[2025-02-18T05:43:09.905+0000] {processor.py:914} INFO - Processing file /home/airflow/.local/lib/python3.12/site-packages/airflow/example_dags/example_branch_python_dop_operator_3.py for tasks to queue
[2025-02-18T05:43:09.907+0000] {logging_mixin.py:190} INFO - [2025-02-18T05:43:09.906+0000] {dagbag.py:588} INFO - Filling up the DagBag from /home/airflow/.local/lib/python3.12/site-packages/airflow/example_dags/example_branch_python_dop_operator_3.py
[2025-02-18T05:43:09.917+0000] {processor.py:925} INFO - DAG(s) 'example_branch_dop_operator_v3' retrieved from /home/airflow/.local/lib/python3.12/site-packages/airflow/example_dags/example_branch_python_dop_operator_3.py
[2025-02-18T05:43:09.929+0000] {logging_mixin.py:190} INFO - [2025-02-18T05:43:09.929+0000] {dag.py:3239} INFO - Sync 1 DAGs
[2025-02-18T05:43:09.943+0000] {logging_mixin.py:190} INFO - [2025-02-18T05:43:09.943+0000] {dag.py:4180} INFO - Setting next_dagrun for example_branch_dop_operator_v3 to 2025-02-18 05:42:00+00:00, run_after=2025-02-18 05:43:00+00:00
[2025-02-18T05:43:09.956+0000] {processor.py:208} INFO - Processing /home/airflow/.local/lib/python3.12/site-packages/airflow/example_dags/example_branch_python_dop_operator_3.py took 0.061 seconds
[2025-02-18T05:43:40.000+0000] {processor.py:186} INFO - Started process (PID=8898) to work on /home/airflow/.local/lib/python3.12/site-packages/airflow/example_dags/example_branch_python_dop_operator_3.py
[2025-02-18T05:43:40.001+0000] {processor.py:914} INFO - Processing file /home/airflow/.local/lib/python3.12/site-packages/airflow/example_dags/example_branch_python_dop_operator_3.py for tasks to queue
[2025-02-18T05:43:40.002+0000] {logging_mixin.py:190} INFO - [2025-02-18T05:43:40.001+0000] {dagbag.py:588} INFO - Filling up the DagBag from /home/airflow/.local/lib/python3.12/site-packages/airflow/example_dags/example_branch_python_dop_operator_3.py
[2025-02-18T05:43:40.008+0000] {processor.py:925} INFO - DAG(s) 'example_branch_dop_operator_v3' retrieved from /home/airflow/.local/lib/python3.12/site-packages/airflow/example_dags/example_branch_python_dop_operator_3.py
[2025-02-18T05:43:40.018+0000] {logging_mixin.py:190} INFO - [2025-02-18T05:43:40.018+0000] {dag.py:3239} INFO - Sync 1 DAGs
[2025-02-18T05:43:40.032+0000] {logging_mixin.py:190} INFO - [2025-02-18T05:43:40.031+0000] {dag.py:4180} INFO - Setting next_dagrun for example_branch_dop_operator_v3 to 2025-02-18 05:42:00+00:00, run_after=2025-02-18 05:43:00+00:00
[2025-02-18T05:43:40.041+0000] {processor.py:208} INFO - Processing /home/airflow/.local/lib/python3.12/site-packages/airflow/example_dags/example_branch_python_dop_operator_3.py took 0.044 seconds
[2025-02-18T05:44:10.585+0000] {processor.py:186} INFO - Started process (PID=8962) to work on /home/airflow/.local/lib/python3.12/site-packages/airflow/example_dags/example_branch_python_dop_operator_3.py
[2025-02-18T05:44:10.585+0000] {processor.py:914} INFO - Processing file /home/airflow/.local/lib/python3.12/site-packages/airflow/example_dags/example_branch_python_dop_operator_3.py for tasks to queue
[2025-02-18T05:44:10.586+0000] {logging_mixin.py:190} INFO - [2025-02-18T05:44:10.586+0000] {dagbag.py:588} INFO - Filling up the DagBag from /home/airflow/.local/lib/python3.12/site-packages/airflow/example_dags/example_branch_python_dop_operator_3.py
[2025-02-18T05:44:10.592+0000] {processor.py:925} INFO - DAG(s) 'example_branch_dop_operator_v3' retrieved from /home/airflow/.local/lib/python3.12/site-packages/airflow/example_dags/example_branch_python_dop_operator_3.py
[2025-02-18T05:44:10.604+0000] {logging_mixin.py:190} INFO - [2025-02-18T05:44:10.604+0000] {dag.py:3239} INFO - Sync 1 DAGs
[2025-02-18T05:44:10.618+0000] {logging_mixin.py:190} INFO - [2025-02-18T05:44:10.618+0000] {dag.py:4180} INFO - Setting next_dagrun for example_branch_dop_operator_v3 to 2025-02-18 05:43:00+00:00, run_after=2025-02-18 05:44:00+00:00
[2025-02-18T05:44:10.627+0000] {processor.py:208} INFO - Processing /home/airflow/.local/lib/python3.12/site-packages/airflow/example_dags/example_branch_python_dop_operator_3.py took 0.046 seconds
[2025-02-18T05:44:41.235+0000] {processor.py:186} INFO - Started process (PID=9026) to work on /home/airflow/.local/lib/python3.12/site-packages/airflow/example_dags/example_branch_python_dop_operator_3.py
[2025-02-18T05:44:41.236+0000] {processor.py:914} INFO - Processing file /home/airflow/.local/lib/python3.12/site-packages/airflow/example_dags/example_branch_python_dop_operator_3.py for tasks to queue
[2025-02-18T05:44:41.237+0000] {logging_mixin.py:190} INFO - [2025-02-18T05:44:41.237+0000] {dagbag.py:588} INFO - Filling up the DagBag from /home/airflow/.local/lib/python3.12/site-packages/airflow/example_dags/example_branch_python_dop_operator_3.py
[2025-02-18T05:44:41.243+0000] {processor.py:925} INFO - DAG(s) 'example_branch_dop_operator_v3' retrieved from /home/airflow/.local/lib/python3.12/site-packages/airflow/example_dags/example_branch_python_dop_operator_3.py
[2025-02-18T05:44:41.258+0000] {logging_mixin.py:190} INFO - [2025-02-18T05:44:41.258+0000] {dag.py:3239} INFO - Sync 1 DAGs
[2025-02-18T05:44:41.274+0000] {logging_mixin.py:190} INFO - [2025-02-18T05:44:41.274+0000] {dag.py:4180} INFO - Setting next_dagrun for example_branch_dop_operator_v3 to 2025-02-18 05:43:00+00:00, run_after=2025-02-18 05:44:00+00:00
[2025-02-18T05:44:41.288+0000] {processor.py:208} INFO - Processing /home/airflow/.local/lib/python3.12/site-packages/airflow/example_dags/example_branch_python_dop_operator_3.py took 0.056 seconds
[2025-02-18T05:45:12.147+0000] {processor.py:186} INFO - Started process (PID=9090) to work on /home/airflow/.local/lib/python3.12/site-packages/airflow/example_dags/example_branch_python_dop_operator_3.py
[2025-02-18T05:45:12.148+0000] {processor.py:914} INFO - Processing file /home/airflow/.local/lib/python3.12/site-packages/airflow/example_dags/example_branch_python_dop_operator_3.py for tasks to queue
[2025-02-18T05:45:12.149+0000] {logging_mixin.py:190} INFO - [2025-02-18T05:45:12.149+0000] {dagbag.py:588} INFO - Filling up the DagBag from /home/airflow/.local/lib/python3.12/site-packages/airflow/example_dags/example_branch_python_dop_operator_3.py
[2025-02-18T05:45:12.155+0000] {processor.py:925} INFO - DAG(s) 'example_branch_dop_operator_v3' retrieved from /home/airflow/.local/lib/python3.12/site-packages/airflow/example_dags/example_branch_python_dop_operator_3.py
[2025-02-18T05:45:12.169+0000] {logging_mixin.py:190} INFO - [2025-02-18T05:45:12.169+0000] {dag.py:3239} INFO - Sync 1 DAGs
[2025-02-18T05:45:12.182+0000] {logging_mixin.py:190} INFO - [2025-02-18T05:45:12.182+0000] {dag.py:4180} INFO - Setting next_dagrun for example_branch_dop_operator_v3 to 2025-02-18 05:44:00+00:00, run_after=2025-02-18 05:45:00+00:00
[2025-02-18T05:45:12.197+0000] {processor.py:208} INFO - Processing /home/airflow/.local/lib/python3.12/site-packages/airflow/example_dags/example_branch_python_dop_operator_3.py took 0.053 seconds
[2025-02-18T05:45:42.410+0000] {processor.py:186} INFO - Started process (PID=9154) to work on /home/airflow/.local/lib/python3.12/site-packages/airflow/example_dags/example_branch_python_dop_operator_3.py
[2025-02-18T05:45:42.411+0000] {processor.py:914} INFO - Processing file /home/airflow/.local/lib/python3.12/site-packages/airflow/example_dags/example_branch_python_dop_operator_3.py for tasks to queue
[2025-02-18T05:45:42.411+0000] {logging_mixin.py:190} INFO - [2025-02-18T05:45:42.411+0000] {dagbag.py:588} INFO - Filling up the DagBag from /home/airflow/.local/lib/python3.12/site-packages/airflow/example_dags/example_branch_python_dop_operator_3.py
[2025-02-18T05:45:42.417+0000] {processor.py:925} INFO - DAG(s) 'example_branch_dop_operator_v3' retrieved from /home/airflow/.local/lib/python3.12/site-packages/airflow/example_dags/example_branch_python_dop_operator_3.py
[2025-02-18T05:45:42.428+0000] {logging_mixin.py:190} INFO - [2025-02-18T05:45:42.428+0000] {dag.py:3239} INFO - Sync 1 DAGs
[2025-02-18T05:45:42.441+0000] {logging_mixin.py:190} INFO - [2025-02-18T05:45:42.441+0000] {dag.py:4180} INFO - Setting next_dagrun for example_branch_dop_operator_v3 to 2025-02-18 05:44:00+00:00, run_after=2025-02-18 05:45:00+00:00
[2025-02-18T05:45:42.454+0000] {processor.py:208} INFO - Processing /home/airflow/.local/lib/python3.12/site-packages/airflow/example_dags/example_branch_python_dop_operator_3.py took 0.048 seconds
[2025-02-18T05:46:12.614+0000] {processor.py:186} INFO - Started process (PID=9218) to work on /home/airflow/.local/lib/python3.12/site-packages/airflow/example_dags/example_branch_python_dop_operator_3.py
[2025-02-18T05:46:12.615+0000] {processor.py:914} INFO - Processing file /home/airflow/.local/lib/python3.12/site-packages/airflow/example_dags/example_branch_python_dop_operator_3.py for tasks to queue
[2025-02-18T05:46:12.615+0000] {logging_mixin.py:190} INFO - [2025-02-18T05:46:12.615+0000] {dagbag.py:588} INFO - Filling up the DagBag from /home/airflow/.local/lib/python3.12/site-packages/airflow/example_dags/example_branch_python_dop_operator_3.py
[2025-02-18T05:46:12.621+0000] {processor.py:925} INFO - DAG(s) 'example_branch_dop_operator_v3' retrieved from /home/airflow/.local/lib/python3.12/site-packages/airflow/example_dags/example_branch_python_dop_operator_3.py
[2025-02-18T05:46:12.632+0000] {logging_mixin.py:190} INFO - [2025-02-18T05:46:12.632+0000] {dag.py:3239} INFO - Sync 1 DAGs
[2025-02-18T05:46:12.646+0000] {logging_mixin.py:190} INFO - [2025-02-18T05:46:12.646+0000] {dag.py:4180} INFO - Setting next_dagrun for example_branch_dop_operator_v3 to 2025-02-18 05:45:00+00:00, run_after=2025-02-18 05:46:00+00:00
[2025-02-18T05:46:12.657+0000] {processor.py:208} INFO - Processing /home/airflow/.local/lib/python3.12/site-packages/airflow/example_dags/example_branch_python_dop_operator_3.py took 0.046 seconds
[2025-02-18T05:46:42.938+0000] {processor.py:186} INFO - Started process (PID=9282) to work on /home/airflow/.local/lib/python3.12/site-packages/airflow/example_dags/example_branch_python_dop_operator_3.py
[2025-02-18T05:46:42.939+0000] {processor.py:914} INFO - Processing file /home/airflow/.local/lib/python3.12/site-packages/airflow/example_dags/example_branch_python_dop_operator_3.py for tasks to queue
[2025-02-18T05:46:42.940+0000] {logging_mixin.py:190} INFO - [2025-02-18T05:46:42.939+0000] {dagbag.py:588} INFO - Filling up the DagBag from /home/airflow/.local/lib/python3.12/site-packages/airflow/example_dags/example_branch_python_dop_operator_3.py
[2025-02-18T05:46:42.947+0000] {processor.py:925} INFO - DAG(s) 'example_branch_dop_operator_v3' retrieved from /home/airflow/.local/lib/python3.12/site-packages/airflow/example_dags/example_branch_python_dop_operator_3.py
[2025-02-18T05:46:42.960+0000] {logging_mixin.py:190} INFO - [2025-02-18T05:46:42.960+0000] {dag.py:3239} INFO - Sync 1 DAGs
[2025-02-18T05:46:42.990+0000] {logging_mixin.py:190} INFO - [2025-02-18T05:46:42.989+0000] {dag.py:4180} INFO - Setting next_dagrun for example_branch_dop_operator_v3 to 2025-02-18 05:45:00+00:00, run_after=2025-02-18 05:46:00+00:00
[2025-02-18T05:46:43.009+0000] {processor.py:208} INFO - Processing /home/airflow/.local/lib/python3.12/site-packages/airflow/example_dags/example_branch_python_dop_operator_3.py took 0.076 seconds
[2025-02-18T05:47:13.435+0000] {processor.py:186} INFO - Started process (PID=9346) to work on /home/airflow/.local/lib/python3.12/site-packages/airflow/example_dags/example_branch_python_dop_operator_3.py
[2025-02-18T05:47:13.436+0000] {processor.py:914} INFO - Processing file /home/airflow/.local/lib/python3.12/site-packages/airflow/example_dags/example_branch_python_dop_operator_3.py for tasks to queue
[2025-02-18T05:47:13.436+0000] {logging_mixin.py:190} INFO - [2025-02-18T05:47:13.436+0000] {dagbag.py:588} INFO - Filling up the DagBag from /home/airflow/.local/lib/python3.12/site-packages/airflow/example_dags/example_branch_python_dop_operator_3.py
[2025-02-18T05:47:13.443+0000] {processor.py:925} INFO - DAG(s) 'example_branch_dop_operator_v3' retrieved from /home/airflow/.local/lib/python3.12/site-packages/airflow/example_dags/example_branch_python_dop_operator_3.py
[2025-02-18T05:47:13.454+0000] {logging_mixin.py:190} INFO - [2025-02-18T05:47:13.454+0000] {dag.py:3239} INFO - Sync 1 DAGs
[2025-02-18T05:47:13.467+0000] {logging_mixin.py:190} INFO - [2025-02-18T05:47:13.467+0000] {dag.py:4180} INFO - Setting next_dagrun for example_branch_dop_operator_v3 to 2025-02-18 05:46:00+00:00, run_after=2025-02-18 05:47:00+00:00
[2025-02-18T05:47:13.476+0000] {processor.py:208} INFO - Processing /home/airflow/.local/lib/python3.12/site-packages/airflow/example_dags/example_branch_python_dop_operator_3.py took 0.044 seconds
[2025-02-18T05:47:43.764+0000] {processor.py:186} INFO - Started process (PID=9410) to work on /home/airflow/.local/lib/python3.12/site-packages/airflow/example_dags/example_branch_python_dop_operator_3.py
[2025-02-18T05:47:43.765+0000] {processor.py:914} INFO - Processing file /home/airflow/.local/lib/python3.12/site-packages/airflow/example_dags/example_branch_python_dop_operator_3.py for tasks to queue
[2025-02-18T05:47:43.767+0000] {logging_mixin.py:190} INFO - [2025-02-18T05:47:43.767+0000] {dagbag.py:588} INFO - Filling up the DagBag from /home/airflow/.local/lib/python3.12/site-packages/airflow/example_dags/example_branch_python_dop_operator_3.py
[2025-02-18T05:47:43.774+0000] {processor.py:925} INFO - DAG(s) 'example_branch_dop_operator_v3' retrieved from /home/airflow/.local/lib/python3.12/site-packages/airflow/example_dags/example_branch_python_dop_operator_3.py
[2025-02-18T05:47:43.785+0000] {logging_mixin.py:190} INFO - [2025-02-18T05:47:43.785+0000] {dag.py:3239} INFO - Sync 1 DAGs
[2025-02-18T05:47:43.799+0000] {logging_mixin.py:190} INFO - [2025-02-18T05:47:43.799+0000] {dag.py:4180} INFO - Setting next_dagrun for example_branch_dop_operator_v3 to 2025-02-18 05:46:00+00:00, run_after=2025-02-18 05:47:00+00:00
[2025-02-18T05:47:43.808+0000] {processor.py:208} INFO - Processing /home/airflow/.local/lib/python3.12/site-packages/airflow/example_dags/example_branch_python_dop_operator_3.py took 0.048 seconds
[2025-02-18T05:48:14.104+0000] {processor.py:186} INFO - Started process (PID=9474) to work on /home/airflow/.local/lib/python3.12/site-packages/airflow/example_dags/example_branch_python_dop_operator_3.py
[2025-02-18T05:48:14.104+0000] {processor.py:914} INFO - Processing file /home/airflow/.local/lib/python3.12/site-packages/airflow/example_dags/example_branch_python_dop_operator_3.py for tasks to queue
[2025-02-18T05:48:14.106+0000] {logging_mixin.py:190} INFO - [2025-02-18T05:48:14.105+0000] {dagbag.py:588} INFO - Filling up the DagBag from /home/airflow/.local/lib/python3.12/site-packages/airflow/example_dags/example_branch_python_dop_operator_3.py
[2025-02-18T05:48:14.113+0000] {processor.py:925} INFO - DAG(s) 'example_branch_dop_operator_v3' retrieved from /home/airflow/.local/lib/python3.12/site-packages/airflow/example_dags/example_branch_python_dop_operator_3.py
[2025-02-18T05:48:14.127+0000] {logging_mixin.py:190} INFO - [2025-02-18T05:48:14.127+0000] {dag.py:3239} INFO - Sync 1 DAGs
[2025-02-18T05:48:14.142+0000] {logging_mixin.py:190} INFO - [2025-02-18T05:48:14.141+0000] {dag.py:4180} INFO - Setting next_dagrun for example_branch_dop_operator_v3 to 2025-02-18 05:47:00+00:00, run_after=2025-02-18 05:48:00+00:00
[2025-02-18T05:48:14.154+0000] {processor.py:208} INFO - Processing /home/airflow/.local/lib/python3.12/site-packages/airflow/example_dags/example_branch_python_dop_operator_3.py took 0.053 seconds
[2025-02-18T05:48:44.180+0000] {processor.py:186} INFO - Started process (PID=9538) to work on /home/airflow/.local/lib/python3.12/site-packages/airflow/example_dags/example_branch_python_dop_operator_3.py
[2025-02-18T05:48:44.181+0000] {processor.py:914} INFO - Processing file /home/airflow/.local/lib/python3.12/site-packages/airflow/example_dags/example_branch_python_dop_operator_3.py for tasks to queue
[2025-02-18T05:48:44.181+0000] {logging_mixin.py:190} INFO - [2025-02-18T05:48:44.181+0000] {dagbag.py:588} INFO - Filling up the DagBag from /home/airflow/.local/lib/python3.12/site-packages/airflow/example_dags/example_branch_python_dop_operator_3.py
[2025-02-18T05:48:44.188+0000] {processor.py:925} INFO - DAG(s) 'example_branch_dop_operator_v3' retrieved from /home/airflow/.local/lib/python3.12/site-packages/airflow/example_dags/example_branch_python_dop_operator_3.py
[2025-02-18T05:48:44.200+0000] {logging_mixin.py:190} INFO - [2025-02-18T05:48:44.200+0000] {dag.py:3239} INFO - Sync 1 DAGs
[2025-02-18T05:48:44.213+0000] {logging_mixin.py:190} INFO - [2025-02-18T05:48:44.213+0000] {dag.py:4180} INFO - Setting next_dagrun for example_branch_dop_operator_v3 to 2025-02-18 05:47:00+00:00, run_after=2025-02-18 05:48:00+00:00
[2025-02-18T05:48:44.222+0000] {processor.py:208} INFO - Processing /home/airflow/.local/lib/python3.12/site-packages/airflow/example_dags/example_branch_python_dop_operator_3.py took 0.046 seconds
[2025-02-18T05:49:15.074+0000] {processor.py:186} INFO - Started process (PID=9602) to work on /home/airflow/.local/lib/python3.12/site-packages/airflow/example_dags/example_branch_python_dop_operator_3.py
[2025-02-18T05:49:15.075+0000] {processor.py:914} INFO - Processing file /home/airflow/.local/lib/python3.12/site-packages/airflow/example_dags/example_branch_python_dop_operator_3.py for tasks to queue
[2025-02-18T05:49:15.076+0000] {logging_mixin.py:190} INFO - [2025-02-18T05:49:15.076+0000] {dagbag.py:588} INFO - Filling up the DagBag from /home/airflow/.local/lib/python3.12/site-packages/airflow/example_dags/example_branch_python_dop_operator_3.py
[2025-02-18T05:49:15.082+0000] {processor.py:925} INFO - DAG(s) 'example_branch_dop_operator_v3' retrieved from /home/airflow/.local/lib/python3.12/site-packages/airflow/example_dags/example_branch_python_dop_operator_3.py
[2025-02-18T05:49:15.094+0000] {logging_mixin.py:190} INFO - [2025-02-18T05:49:15.094+0000] {dag.py:3239} INFO - Sync 1 DAGs
[2025-02-18T05:49:15.109+0000] {logging_mixin.py:190} INFO - [2025-02-18T05:49:15.109+0000] {dag.py:4180} INFO - Setting next_dagrun for example_branch_dop_operator_v3 to 2025-02-18 05:48:00+00:00, run_after=2025-02-18 05:49:00+00:00
[2025-02-18T05:49:15.119+0000] {processor.py:208} INFO - Processing /home/airflow/.local/lib/python3.12/site-packages/airflow/example_dags/example_branch_python_dop_operator_3.py took 0.049 seconds
[2025-02-18T05:49:45.401+0000] {processor.py:186} INFO - Started process (PID=9666) to work on /home/airflow/.local/lib/python3.12/site-packages/airflow/example_dags/example_branch_python_dop_operator_3.py
[2025-02-18T05:49:45.402+0000] {processor.py:914} INFO - Processing file /home/airflow/.local/lib/python3.12/site-packages/airflow/example_dags/example_branch_python_dop_operator_3.py for tasks to queue
[2025-02-18T05:49:45.403+0000] {logging_mixin.py:190} INFO - [2025-02-18T05:49:45.403+0000] {dagbag.py:588} INFO - Filling up the DagBag from /home/airflow/.local/lib/python3.12/site-packages/airflow/example_dags/example_branch_python_dop_operator_3.py
[2025-02-18T05:49:45.409+0000] {processor.py:925} INFO - DAG(s) 'example_branch_dop_operator_v3' retrieved from /home/airflow/.local/lib/python3.12/site-packages/airflow/example_dags/example_branch_python_dop_operator_3.py
[2025-02-18T05:49:45.426+0000] {logging_mixin.py:190} INFO - [2025-02-18T05:49:45.426+0000] {dag.py:3239} INFO - Sync 1 DAGs
[2025-02-18T05:49:45.441+0000] {logging_mixin.py:190} INFO - [2025-02-18T05:49:45.441+0000] {dag.py:4180} INFO - Setting next_dagrun for example_branch_dop_operator_v3 to 2025-02-18 05:48:00+00:00, run_after=2025-02-18 05:49:00+00:00
[2025-02-18T05:49:45.454+0000] {processor.py:208} INFO - Processing /home/airflow/.local/lib/python3.12/site-packages/airflow/example_dags/example_branch_python_dop_operator_3.py took 0.057 seconds
[2025-02-18T05:50:15.534+0000] {processor.py:186} INFO - Started process (PID=9730) to work on /home/airflow/.local/lib/python3.12/site-packages/airflow/example_dags/example_branch_python_dop_operator_3.py
[2025-02-18T05:50:15.534+0000] {processor.py:914} INFO - Processing file /home/airflow/.local/lib/python3.12/site-packages/airflow/example_dags/example_branch_python_dop_operator_3.py for tasks to queue
[2025-02-18T05:50:15.535+0000] {logging_mixin.py:190} INFO - [2025-02-18T05:50:15.535+0000] {dagbag.py:588} INFO - Filling up the DagBag from /home/airflow/.local/lib/python3.12/site-packages/airflow/example_dags/example_branch_python_dop_operator_3.py
[2025-02-18T05:50:15.541+0000] {processor.py:925} INFO - DAG(s) 'example_branch_dop_operator_v3' retrieved from /home/airflow/.local/lib/python3.12/site-packages/airflow/example_dags/example_branch_python_dop_operator_3.py
[2025-02-18T05:50:15.559+0000] {logging_mixin.py:190} INFO - [2025-02-18T05:50:15.559+0000] {dag.py:3239} INFO - Sync 1 DAGs
[2025-02-18T05:50:15.574+0000] {logging_mixin.py:190} INFO - [2025-02-18T05:50:15.574+0000] {dag.py:4180} INFO - Setting next_dagrun for example_branch_dop_operator_v3 to 2025-02-18 05:49:00+00:00, run_after=2025-02-18 05:50:00+00:00
[2025-02-18T05:50:15.586+0000] {processor.py:208} INFO - Processing /home/airflow/.local/lib/python3.12/site-packages/airflow/example_dags/example_branch_python_dop_operator_3.py took 0.056 seconds
[2025-02-18T05:50:45.781+0000] {processor.py:186} INFO - Started process (PID=9795) to work on /home/airflow/.local/lib/python3.12/site-packages/airflow/example_dags/example_branch_python_dop_operator_3.py
[2025-02-18T05:50:45.781+0000] {processor.py:914} INFO - Processing file /home/airflow/.local/lib/python3.12/site-packages/airflow/example_dags/example_branch_python_dop_operator_3.py for tasks to queue
[2025-02-18T05:50:45.782+0000] {logging_mixin.py:190} INFO - [2025-02-18T05:50:45.782+0000] {dagbag.py:588} INFO - Filling up the DagBag from /home/airflow/.local/lib/python3.12/site-packages/airflow/example_dags/example_branch_python_dop_operator_3.py
[2025-02-18T05:50:45.789+0000] {processor.py:925} INFO - DAG(s) 'example_branch_dop_operator_v3' retrieved from /home/airflow/.local/lib/python3.12/site-packages/airflow/example_dags/example_branch_python_dop_operator_3.py
[2025-02-18T05:50:45.804+0000] {logging_mixin.py:190} INFO - [2025-02-18T05:50:45.803+0000] {dag.py:3239} INFO - Sync 1 DAGs
[2025-02-18T05:50:45.820+0000] {logging_mixin.py:190} INFO - [2025-02-18T05:50:45.820+0000] {dag.py:4180} INFO - Setting next_dagrun for example_branch_dop_operator_v3 to 2025-02-18 05:49:00+00:00, run_after=2025-02-18 05:50:00+00:00
[2025-02-18T05:50:45.836+0000] {processor.py:208} INFO - Processing /home/airflow/.local/lib/python3.12/site-packages/airflow/example_dags/example_branch_python_dop_operator_3.py took 0.058 seconds
[2025-02-18T05:51:16.170+0000] {processor.py:186} INFO - Started process (PID=9859) to work on /home/airflow/.local/lib/python3.12/site-packages/airflow/example_dags/example_branch_python_dop_operator_3.py
[2025-02-18T05:51:16.171+0000] {processor.py:914} INFO - Processing file /home/airflow/.local/lib/python3.12/site-packages/airflow/example_dags/example_branch_python_dop_operator_3.py for tasks to queue
[2025-02-18T05:51:16.173+0000] {logging_mixin.py:190} INFO - [2025-02-18T05:51:16.173+0000] {dagbag.py:588} INFO - Filling up the DagBag from /home/airflow/.local/lib/python3.12/site-packages/airflow/example_dags/example_branch_python_dop_operator_3.py
[2025-02-18T05:51:16.181+0000] {processor.py:925} INFO - DAG(s) 'example_branch_dop_operator_v3' retrieved from /home/airflow/.local/lib/python3.12/site-packages/airflow/example_dags/example_branch_python_dop_operator_3.py
[2025-02-18T05:51:16.193+0000] {logging_mixin.py:190} INFO - [2025-02-18T05:51:16.193+0000] {dag.py:3239} INFO - Sync 1 DAGs
[2025-02-18T05:51:16.210+0000] {logging_mixin.py:190} INFO - [2025-02-18T05:51:16.210+0000] {dag.py:4180} INFO - Setting next_dagrun for example_branch_dop_operator_v3 to 2025-02-18 05:50:00+00:00, run_after=2025-02-18 05:51:00+00:00
[2025-02-18T05:51:16.220+0000] {processor.py:208} INFO - Processing /home/airflow/.local/lib/python3.12/site-packages/airflow/example_dags/example_branch_python_dop_operator_3.py took 0.054 seconds
[2025-02-18T05:51:46.491+0000] {processor.py:186} INFO - Started process (PID=9923) to work on /home/airflow/.local/lib/python3.12/site-packages/airflow/example_dags/example_branch_python_dop_operator_3.py
[2025-02-18T05:51:46.495+0000] {processor.py:914} INFO - Processing file /home/airflow/.local/lib/python3.12/site-packages/airflow/example_dags/example_branch_python_dop_operator_3.py for tasks to queue
[2025-02-18T05:51:46.495+0000] {logging_mixin.py:190} INFO - [2025-02-18T05:51:46.495+0000] {dagbag.py:588} INFO - Filling up the DagBag from /home/airflow/.local/lib/python3.12/site-packages/airflow/example_dags/example_branch_python_dop_operator_3.py
[2025-02-18T05:51:46.505+0000] {processor.py:925} INFO - DAG(s) 'example_branch_dop_operator_v3' retrieved from /home/airflow/.local/lib/python3.12/site-packages/airflow/example_dags/example_branch_python_dop_operator_3.py
[2025-02-18T05:51:46.517+0000] {logging_mixin.py:190} INFO - [2025-02-18T05:51:46.517+0000] {dag.py:3239} INFO - Sync 1 DAGs
[2025-02-18T05:51:46.531+0000] {logging_mixin.py:190} INFO - [2025-02-18T05:51:46.531+0000] {dag.py:4180} INFO - Setting next_dagrun for example_branch_dop_operator_v3 to 2025-02-18 05:50:00+00:00, run_after=2025-02-18 05:51:00+00:00
[2025-02-18T05:51:46.545+0000] {processor.py:208} INFO - Processing /home/airflow/.local/lib/python3.12/site-packages/airflow/example_dags/example_branch_python_dop_operator_3.py took 0.057 seconds
[2025-02-18T05:52:17.243+0000] {processor.py:186} INFO - Started process (PID=9987) to work on /home/airflow/.local/lib/python3.12/site-packages/airflow/example_dags/example_branch_python_dop_operator_3.py
[2025-02-18T05:52:17.244+0000] {processor.py:914} INFO - Processing file /home/airflow/.local/lib/python3.12/site-packages/airflow/example_dags/example_branch_python_dop_operator_3.py for tasks to queue
[2025-02-18T05:52:17.245+0000] {logging_mixin.py:190} INFO - [2025-02-18T05:52:17.245+0000] {dagbag.py:588} INFO - Filling up the DagBag from /home/airflow/.local/lib/python3.12/site-packages/airflow/example_dags/example_branch_python_dop_operator_3.py
[2025-02-18T05:52:17.255+0000] {processor.py:925} INFO - DAG(s) 'example_branch_dop_operator_v3' retrieved from /home/airflow/.local/lib/python3.12/site-packages/airflow/example_dags/example_branch_python_dop_operator_3.py
[2025-02-18T05:52:17.268+0000] {logging_mixin.py:190} INFO - [2025-02-18T05:52:17.268+0000] {dag.py:3239} INFO - Sync 1 DAGs
[2025-02-18T05:52:17.285+0000] {logging_mixin.py:190} INFO - [2025-02-18T05:52:17.285+0000] {dag.py:4180} INFO - Setting next_dagrun for example_branch_dop_operator_v3 to 2025-02-18 05:51:00+00:00, run_after=2025-02-18 05:52:00+00:00
[2025-02-18T05:52:17.297+0000] {processor.py:208} INFO - Processing /home/airflow/.local/lib/python3.12/site-packages/airflow/example_dags/example_branch_python_dop_operator_3.py took 0.059 seconds
[2025-02-18T05:52:48.272+0000] {processor.py:186} INFO - Started process (PID=10051) to work on /home/airflow/.local/lib/python3.12/site-packages/airflow/example_dags/example_branch_python_dop_operator_3.py
[2025-02-18T05:52:48.273+0000] {processor.py:914} INFO - Processing file /home/airflow/.local/lib/python3.12/site-packages/airflow/example_dags/example_branch_python_dop_operator_3.py for tasks to queue
[2025-02-18T05:52:48.274+0000] {logging_mixin.py:190} INFO - [2025-02-18T05:52:48.274+0000] {dagbag.py:588} INFO - Filling up the DagBag from /home/airflow/.local/lib/python3.12/site-packages/airflow/example_dags/example_branch_python_dop_operator_3.py
[2025-02-18T05:52:48.280+0000] {processor.py:925} INFO - DAG(s) 'example_branch_dop_operator_v3' retrieved from /home/airflow/.local/lib/python3.12/site-packages/airflow/example_dags/example_branch_python_dop_operator_3.py
[2025-02-18T05:52:48.292+0000] {logging_mixin.py:190} INFO - [2025-02-18T05:52:48.292+0000] {dag.py:3239} INFO - Sync 1 DAGs
[2025-02-18T05:52:48.306+0000] {logging_mixin.py:190} INFO - [2025-02-18T05:52:48.306+0000] {dag.py:4180} INFO - Setting next_dagrun for example_branch_dop_operator_v3 to 2025-02-18 05:51:00+00:00, run_after=2025-02-18 05:52:00+00:00
[2025-02-18T05:52:48.316+0000] {processor.py:208} INFO - Processing /home/airflow/.local/lib/python3.12/site-packages/airflow/example_dags/example_branch_python_dop_operator_3.py took 0.048 seconds
[2025-02-18T05:53:18.357+0000] {processor.py:186} INFO - Started process (PID=10114) to work on /home/airflow/.local/lib/python3.12/site-packages/airflow/example_dags/example_branch_python_dop_operator_3.py
[2025-02-18T05:53:18.358+0000] {processor.py:914} INFO - Processing file /home/airflow/.local/lib/python3.12/site-packages/airflow/example_dags/example_branch_python_dop_operator_3.py for tasks to queue
[2025-02-18T05:53:18.359+0000] {logging_mixin.py:190} INFO - [2025-02-18T05:53:18.358+0000] {dagbag.py:588} INFO - Filling up the DagBag from /home/airflow/.local/lib/python3.12/site-packages/airflow/example_dags/example_branch_python_dop_operator_3.py
[2025-02-18T05:53:18.364+0000] {processor.py:925} INFO - DAG(s) 'example_branch_dop_operator_v3' retrieved from /home/airflow/.local/lib/python3.12/site-packages/airflow/example_dags/example_branch_python_dop_operator_3.py
[2025-02-18T05:53:18.375+0000] {logging_mixin.py:190} INFO - [2025-02-18T05:53:18.375+0000] {dag.py:3239} INFO - Sync 1 DAGs
[2025-02-18T05:53:18.387+0000] {logging_mixin.py:190} INFO - [2025-02-18T05:53:18.387+0000] {dag.py:4180} INFO - Setting next_dagrun for example_branch_dop_operator_v3 to 2025-02-18 05:52:00+00:00, run_after=2025-02-18 05:53:00+00:00
[2025-02-18T05:53:18.396+0000] {processor.py:208} INFO - Processing /home/airflow/.local/lib/python3.12/site-packages/airflow/example_dags/example_branch_python_dop_operator_3.py took 0.042 seconds
[2025-02-18T05:53:48.580+0000] {processor.py:186} INFO - Started process (PID=10178) to work on /home/airflow/.local/lib/python3.12/site-packages/airflow/example_dags/example_branch_python_dop_operator_3.py
[2025-02-18T05:53:48.584+0000] {processor.py:914} INFO - Processing file /home/airflow/.local/lib/python3.12/site-packages/airflow/example_dags/example_branch_python_dop_operator_3.py for tasks to queue
[2025-02-18T05:53:48.585+0000] {logging_mixin.py:190} INFO - [2025-02-18T05:53:48.585+0000] {dagbag.py:588} INFO - Filling up the DagBag from /home/airflow/.local/lib/python3.12/site-packages/airflow/example_dags/example_branch_python_dop_operator_3.py
[2025-02-18T05:53:48.594+0000] {processor.py:925} INFO - DAG(s) 'example_branch_dop_operator_v3' retrieved from /home/airflow/.local/lib/python3.12/site-packages/airflow/example_dags/example_branch_python_dop_operator_3.py
[2025-02-18T05:53:48.607+0000] {logging_mixin.py:190} INFO - [2025-02-18T05:53:48.607+0000] {dag.py:3239} INFO - Sync 1 DAGs
[2025-02-18T05:53:48.621+0000] {logging_mixin.py:190} INFO - [2025-02-18T05:53:48.621+0000] {dag.py:4180} INFO - Setting next_dagrun for example_branch_dop_operator_v3 to 2025-02-18 05:52:00+00:00, run_after=2025-02-18 05:53:00+00:00
[2025-02-18T05:53:48.633+0000] {processor.py:208} INFO - Processing /home/airflow/.local/lib/python3.12/site-packages/airflow/example_dags/example_branch_python_dop_operator_3.py took 0.057 seconds
[2025-02-18T05:54:19.041+0000] {processor.py:186} INFO - Started process (PID=10242) to work on /home/airflow/.local/lib/python3.12/site-packages/airflow/example_dags/example_branch_python_dop_operator_3.py
[2025-02-18T05:54:19.045+0000] {processor.py:914} INFO - Processing file /home/airflow/.local/lib/python3.12/site-packages/airflow/example_dags/example_branch_python_dop_operator_3.py for tasks to queue
[2025-02-18T05:54:19.047+0000] {logging_mixin.py:190} INFO - [2025-02-18T05:54:19.047+0000] {dagbag.py:588} INFO - Filling up the DagBag from /home/airflow/.local/lib/python3.12/site-packages/airflow/example_dags/example_branch_python_dop_operator_3.py
[2025-02-18T05:54:19.055+0000] {processor.py:925} INFO - DAG(s) 'example_branch_dop_operator_v3' retrieved from /home/airflow/.local/lib/python3.12/site-packages/airflow/example_dags/example_branch_python_dop_operator_3.py
[2025-02-18T05:54:19.068+0000] {logging_mixin.py:190} INFO - [2025-02-18T05:54:19.068+0000] {dag.py:3239} INFO - Sync 1 DAGs
[2025-02-18T05:54:19.084+0000] {logging_mixin.py:190} INFO - [2025-02-18T05:54:19.084+0000] {dag.py:4180} INFO - Setting next_dagrun for example_branch_dop_operator_v3 to 2025-02-18 05:53:00+00:00, run_after=2025-02-18 05:54:00+00:00
[2025-02-18T05:54:19.095+0000] {processor.py:208} INFO - Processing /home/airflow/.local/lib/python3.12/site-packages/airflow/example_dags/example_branch_python_dop_operator_3.py took 0.058 seconds
[2025-02-18T05:54:49.377+0000] {processor.py:186} INFO - Started process (PID=10306) to work on /home/airflow/.local/lib/python3.12/site-packages/airflow/example_dags/example_branch_python_dop_operator_3.py
[2025-02-18T05:54:49.378+0000] {processor.py:914} INFO - Processing file /home/airflow/.local/lib/python3.12/site-packages/airflow/example_dags/example_branch_python_dop_operator_3.py for tasks to queue
[2025-02-18T05:54:49.380+0000] {logging_mixin.py:190} INFO - [2025-02-18T05:54:49.379+0000] {dagbag.py:588} INFO - Filling up the DagBag from /home/airflow/.local/lib/python3.12/site-packages/airflow/example_dags/example_branch_python_dop_operator_3.py
[2025-02-18T05:54:49.387+0000] {processor.py:925} INFO - DAG(s) 'example_branch_dop_operator_v3' retrieved from /home/airflow/.local/lib/python3.12/site-packages/airflow/example_dags/example_branch_python_dop_operator_3.py
[2025-02-18T05:54:49.399+0000] {logging_mixin.py:190} INFO - [2025-02-18T05:54:49.399+0000] {dag.py:3239} INFO - Sync 1 DAGs
[2025-02-18T05:54:49.414+0000] {logging_mixin.py:190} INFO - [2025-02-18T05:54:49.414+0000] {dag.py:4180} INFO - Setting next_dagrun for example_branch_dop_operator_v3 to 2025-02-18 05:53:00+00:00, run_after=2025-02-18 05:54:00+00:00
[2025-02-18T05:54:49.427+0000] {processor.py:208} INFO - Processing /home/airflow/.local/lib/python3.12/site-packages/airflow/example_dags/example_branch_python_dop_operator_3.py took 0.053 seconds
[2025-02-18T05:55:19.770+0000] {processor.py:186} INFO - Started process (PID=10370) to work on /home/airflow/.local/lib/python3.12/site-packages/airflow/example_dags/example_branch_python_dop_operator_3.py
[2025-02-18T05:55:19.771+0000] {processor.py:914} INFO - Processing file /home/airflow/.local/lib/python3.12/site-packages/airflow/example_dags/example_branch_python_dop_operator_3.py for tasks to queue
[2025-02-18T05:55:19.772+0000] {logging_mixin.py:190} INFO - [2025-02-18T05:55:19.772+0000] {dagbag.py:588} INFO - Filling up the DagBag from /home/airflow/.local/lib/python3.12/site-packages/airflow/example_dags/example_branch_python_dop_operator_3.py
[2025-02-18T05:55:19.779+0000] {processor.py:925} INFO - DAG(s) 'example_branch_dop_operator_v3' retrieved from /home/airflow/.local/lib/python3.12/site-packages/airflow/example_dags/example_branch_python_dop_operator_3.py
[2025-02-18T05:55:19.789+0000] {logging_mixin.py:190} INFO - [2025-02-18T05:55:19.789+0000] {dag.py:3239} INFO - Sync 1 DAGs
[2025-02-18T05:55:19.802+0000] {logging_mixin.py:190} INFO - [2025-02-18T05:55:19.802+0000] {dag.py:4180} INFO - Setting next_dagrun for example_branch_dop_operator_v3 to 2025-02-18 05:54:00+00:00, run_after=2025-02-18 05:55:00+00:00
[2025-02-18T05:55:19.813+0000] {processor.py:208} INFO - Processing /home/airflow/.local/lib/python3.12/site-packages/airflow/example_dags/example_branch_python_dop_operator_3.py took 0.046 seconds
[2025-02-18T05:55:49.934+0000] {processor.py:186} INFO - Started process (PID=10433) to work on /home/airflow/.local/lib/python3.12/site-packages/airflow/example_dags/example_branch_python_dop_operator_3.py
[2025-02-18T05:55:49.942+0000] {processor.py:914} INFO - Processing file /home/airflow/.local/lib/python3.12/site-packages/airflow/example_dags/example_branch_python_dop_operator_3.py for tasks to queue
[2025-02-18T05:55:49.944+0000] {logging_mixin.py:190} INFO - [2025-02-18T05:55:49.943+0000] {dagbag.py:588} INFO - Filling up the DagBag from /home/airflow/.local/lib/python3.12/site-packages/airflow/example_dags/example_branch_python_dop_operator_3.py
[2025-02-18T05:55:49.957+0000] {processor.py:925} INFO - DAG(s) 'example_branch_dop_operator_v3' retrieved from /home/airflow/.local/lib/python3.12/site-packages/airflow/example_dags/example_branch_python_dop_operator_3.py
[2025-02-18T05:55:49.973+0000] {logging_mixin.py:190} INFO - [2025-02-18T05:55:49.973+0000] {dag.py:3239} INFO - Sync 1 DAGs
[2025-02-18T05:55:49.991+0000] {logging_mixin.py:190} INFO - [2025-02-18T05:55:49.991+0000] {dag.py:4180} INFO - Setting next_dagrun for example_branch_dop_operator_v3 to 2025-02-18 05:54:00+00:00, run_after=2025-02-18 05:55:00+00:00
[2025-02-18T05:55:50.003+0000] {processor.py:208} INFO - Processing /home/airflow/.local/lib/python3.12/site-packages/airflow/example_dags/example_branch_python_dop_operator_3.py took 0.077 seconds
[2025-02-18T10:40:12.530+0000] {processor.py:186} INFO - Started process (PID=83) to work on /home/airflow/.local/lib/python3.12/site-packages/airflow/example_dags/example_branch_python_dop_operator_3.py
[2025-02-18T10:40:12.534+0000] {processor.py:914} INFO - Processing file /home/airflow/.local/lib/python3.12/site-packages/airflow/example_dags/example_branch_python_dop_operator_3.py for tasks to queue
[2025-02-18T10:40:12.536+0000] {logging_mixin.py:190} INFO - [2025-02-18T10:40:12.535+0000] {dagbag.py:588} INFO - Filling up the DagBag from /home/airflow/.local/lib/python3.12/site-packages/airflow/example_dags/example_branch_python_dop_operator_3.py
[2025-02-18T10:40:12.546+0000] {processor.py:925} INFO - DAG(s) 'example_branch_dop_operator_v3' retrieved from /home/airflow/.local/lib/python3.12/site-packages/airflow/example_dags/example_branch_python_dop_operator_3.py
[2025-02-18T10:40:12.560+0000] {logging_mixin.py:190} INFO - [2025-02-18T10:40:12.560+0000] {dag.py:3239} INFO - Sync 1 DAGs
[2025-02-18T10:40:12.587+0000] {logging_mixin.py:190} INFO - [2025-02-18T10:40:12.587+0000] {dag.py:4180} INFO - Setting next_dagrun for example_branch_dop_operator_v3 to 2025-02-18 10:39:00+00:00, run_after=2025-02-18 10:40:00+00:00
[2025-02-18T10:40:12.599+0000] {processor.py:208} INFO - Processing /home/airflow/.local/lib/python3.12/site-packages/airflow/example_dags/example_branch_python_dop_operator_3.py took 0.072 seconds
[2025-02-18T10:47:02.828+0000] {processor.py:186} INFO - Started process (PID=86) to work on /home/airflow/.local/lib/python3.12/site-packages/airflow/example_dags/example_branch_python_dop_operator_3.py
[2025-02-18T10:47:02.829+0000] {processor.py:914} INFO - Processing file /home/airflow/.local/lib/python3.12/site-packages/airflow/example_dags/example_branch_python_dop_operator_3.py for tasks to queue
[2025-02-18T10:47:02.831+0000] {logging_mixin.py:190} INFO - [2025-02-18T10:47:02.831+0000] {dagbag.py:588} INFO - Filling up the DagBag from /home/airflow/.local/lib/python3.12/site-packages/airflow/example_dags/example_branch_python_dop_operator_3.py
[2025-02-18T10:47:02.841+0000] {processor.py:925} INFO - DAG(s) 'example_branch_dop_operator_v3' retrieved from /home/airflow/.local/lib/python3.12/site-packages/airflow/example_dags/example_branch_python_dop_operator_3.py
[2025-02-18T10:47:02.868+0000] {logging_mixin.py:190} INFO - [2025-02-18T10:47:02.868+0000] {dag.py:3239} INFO - Sync 1 DAGs
[2025-02-18T10:47:02.887+0000] {logging_mixin.py:190} INFO - [2025-02-18T10:47:02.887+0000] {dag.py:4180} INFO - Setting next_dagrun for example_branch_dop_operator_v3 to 2025-02-18 10:46:00+00:00, run_after=2025-02-18 10:47:00+00:00
[2025-02-18T10:47:02.907+0000] {processor.py:208} INFO - Processing /home/airflow/.local/lib/python3.12/site-packages/airflow/example_dags/example_branch_python_dop_operator_3.py took 0.083 seconds
