[2025-02-18T01:09:48.744+0000] {processor.py:186} INFO - Started process (PID=8239) to work on /home/airflow/.local/lib/python3.12/site-packages/airflow/example_dags/example_xcomargs.py
[2025-02-18T01:09:48.747+0000] {processor.py:914} INFO - Processing file /home/airflow/.local/lib/python3.12/site-packages/airflow/example_dags/example_xcomargs.py for tasks to queue
[2025-02-18T01:09:48.747+0000] {logging_mixin.py:190} INFO - [2025-02-18T01:09:48.747+0000] {dagbag.py:588} INFO - Filling up the DagBag from /home/airflow/.local/lib/python3.12/site-packages/airflow/example_dags/example_xcomargs.py
[2025-02-18T01:09:48.754+0000] {processor.py:925} INFO - DAG(s) 'example_xcom_args_with_operators', 'example_xcom_args' retrieved from /home/airflow/.local/lib/python3.12/site-packages/airflow/example_dags/example_xcomargs.py
[2025-02-18T01:09:48.778+0000] {logging_mixin.py:190} INFO - [2025-02-18T01:09:48.777+0000] {dag.py:3239} INFO - Sync 2 DAGs
[2025-02-18T01:09:48.789+0000] {logging_mixin.py:190} INFO - [2025-02-18T01:09:48.789+0000] {dag.py:4180} INFO - Setting next_dagrun for example_xcom_args to None, run_after=None
[2025-02-18T01:09:48.792+0000] {logging_mixin.py:190} INFO - [2025-02-18T01:09:48.791+0000] {dag.py:4180} INFO - Setting next_dagrun for example_xcom_args_with_operators to None, run_after=None
[2025-02-18T01:09:48.807+0000] {processor.py:208} INFO - Processing /home/airflow/.local/lib/python3.12/site-packages/airflow/example_dags/example_xcomargs.py took 0.069 seconds
[2025-02-18T01:44:58.903+0000] {processor.py:186} INFO - Started process (PID=8303) to work on /home/airflow/.local/lib/python3.12/site-packages/airflow/example_dags/example_xcomargs.py
[2025-02-18T01:44:58.904+0000] {processor.py:914} INFO - Processing file /home/airflow/.local/lib/python3.12/site-packages/airflow/example_dags/example_xcomargs.py for tasks to queue
[2025-02-18T01:44:58.905+0000] {logging_mixin.py:190} INFO - [2025-02-18T01:44:58.905+0000] {dagbag.py:588} INFO - Filling up the DagBag from /home/airflow/.local/lib/python3.12/site-packages/airflow/example_dags/example_xcomargs.py
[2025-02-18T01:44:58.913+0000] {processor.py:925} INFO - DAG(s) 'example_xcom_args_with_operators', 'example_xcom_args' retrieved from /home/airflow/.local/lib/python3.12/site-packages/airflow/example_dags/example_xcomargs.py
[2025-02-18T01:44:58.931+0000] {logging_mixin.py:190} INFO - [2025-02-18T01:44:58.930+0000] {dag.py:3239} INFO - Sync 2 DAGs
[2025-02-18T01:44:58.939+0000] {logging_mixin.py:190} INFO - [2025-02-18T01:44:58.939+0000] {dag.py:4180} INFO - Setting next_dagrun for example_xcom_args to None, run_after=None
[2025-02-18T01:44:58.941+0000] {logging_mixin.py:190} INFO - [2025-02-18T01:44:58.941+0000] {dag.py:4180} INFO - Setting next_dagrun for example_xcom_args_with_operators to None, run_after=None
[2025-02-18T01:44:58.954+0000] {processor.py:208} INFO - Processing /home/airflow/.local/lib/python3.12/site-packages/airflow/example_dags/example_xcomargs.py took 0.055 seconds
[2025-02-18T02:31:36.426+0000] {processor.py:186} INFO - Started process (PID=8367) to work on /home/airflow/.local/lib/python3.12/site-packages/airflow/example_dags/example_xcomargs.py
[2025-02-18T02:31:36.428+0000] {processor.py:914} INFO - Processing file /home/airflow/.local/lib/python3.12/site-packages/airflow/example_dags/example_xcomargs.py for tasks to queue
[2025-02-18T02:31:36.429+0000] {logging_mixin.py:190} INFO - [2025-02-18T02:31:36.429+0000] {dagbag.py:588} INFO - Filling up the DagBag from /home/airflow/.local/lib/python3.12/site-packages/airflow/example_dags/example_xcomargs.py
[2025-02-18T02:31:36.435+0000] {processor.py:925} INFO - DAG(s) 'example_xcom_args', 'example_xcom_args_with_operators' retrieved from /home/airflow/.local/lib/python3.12/site-packages/airflow/example_dags/example_xcomargs.py
[2025-02-18T02:31:36.454+0000] {logging_mixin.py:190} INFO - [2025-02-18T02:31:36.454+0000] {dag.py:3239} INFO - Sync 2 DAGs
[2025-02-18T02:31:36.463+0000] {logging_mixin.py:190} INFO - [2025-02-18T02:31:36.463+0000] {dag.py:4180} INFO - Setting next_dagrun for example_xcom_args to None, run_after=None
[2025-02-18T02:31:36.466+0000] {logging_mixin.py:190} INFO - [2025-02-18T02:31:36.465+0000] {dag.py:4180} INFO - Setting next_dagrun for example_xcom_args_with_operators to None, run_after=None
[2025-02-18T02:31:36.473+0000] {processor.py:208} INFO - Processing /home/airflow/.local/lib/python3.12/site-packages/airflow/example_dags/example_xcomargs.py took 0.051 seconds
[2025-02-18T02:54:39.947+0000] {processor.py:186} INFO - Started process (PID=8431) to work on /home/airflow/.local/lib/python3.12/site-packages/airflow/example_dags/example_xcomargs.py
[2025-02-18T02:54:39.947+0000] {processor.py:914} INFO - Processing file /home/airflow/.local/lib/python3.12/site-packages/airflow/example_dags/example_xcomargs.py for tasks to queue
[2025-02-18T02:54:39.948+0000] {logging_mixin.py:190} INFO - [2025-02-18T02:54:39.948+0000] {dagbag.py:588} INFO - Filling up the DagBag from /home/airflow/.local/lib/python3.12/site-packages/airflow/example_dags/example_xcomargs.py
[2025-02-18T02:54:39.954+0000] {processor.py:925} INFO - DAG(s) 'example_xcom_args', 'example_xcom_args_with_operators' retrieved from /home/airflow/.local/lib/python3.12/site-packages/airflow/example_dags/example_xcomargs.py
[2025-02-18T02:54:39.966+0000] {logging_mixin.py:190} INFO - [2025-02-18T02:54:39.966+0000] {dag.py:3239} INFO - Sync 2 DAGs
[2025-02-18T02:54:39.973+0000] {logging_mixin.py:190} INFO - [2025-02-18T02:54:39.973+0000] {dag.py:4180} INFO - Setting next_dagrun for example_xcom_args to None, run_after=None
[2025-02-18T02:54:39.975+0000] {logging_mixin.py:190} INFO - [2025-02-18T02:54:39.975+0000] {dag.py:4180} INFO - Setting next_dagrun for example_xcom_args_with_operators to None, run_after=None
[2025-02-18T02:54:39.982+0000] {processor.py:208} INFO - Processing /home/airflow/.local/lib/python3.12/site-packages/airflow/example_dags/example_xcomargs.py took 0.039 seconds
[2025-02-18T03:12:49.753+0000] {processor.py:186} INFO - Started process (PID=8495) to work on /home/airflow/.local/lib/python3.12/site-packages/airflow/example_dags/example_xcomargs.py
[2025-02-18T03:12:49.753+0000] {processor.py:914} INFO - Processing file /home/airflow/.local/lib/python3.12/site-packages/airflow/example_dags/example_xcomargs.py for tasks to queue
[2025-02-18T03:12:49.754+0000] {logging_mixin.py:190} INFO - [2025-02-18T03:12:49.754+0000] {dagbag.py:588} INFO - Filling up the DagBag from /home/airflow/.local/lib/python3.12/site-packages/airflow/example_dags/example_xcomargs.py
[2025-02-18T03:12:49.761+0000] {processor.py:925} INFO - DAG(s) 'example_xcom_args', 'example_xcom_args_with_operators' retrieved from /home/airflow/.local/lib/python3.12/site-packages/airflow/example_dags/example_xcomargs.py
[2025-02-18T03:12:49.779+0000] {logging_mixin.py:190} INFO - [2025-02-18T03:12:49.779+0000] {dag.py:3239} INFO - Sync 2 DAGs
[2025-02-18T03:12:49.787+0000] {logging_mixin.py:190} INFO - [2025-02-18T03:12:49.787+0000] {dag.py:4180} INFO - Setting next_dagrun for example_xcom_args to None, run_after=None
[2025-02-18T03:12:49.789+0000] {logging_mixin.py:190} INFO - [2025-02-18T03:12:49.789+0000] {dag.py:4180} INFO - Setting next_dagrun for example_xcom_args_with_operators to None, run_after=None
[2025-02-18T03:12:49.799+0000] {processor.py:208} INFO - Processing /home/airflow/.local/lib/python3.12/site-packages/airflow/example_dags/example_xcomargs.py took 0.050 seconds
[2025-02-18T04:35:28.791+0000] {processor.py:186} INFO - Started process (PID=8559) to work on /home/airflow/.local/lib/python3.12/site-packages/airflow/example_dags/example_xcomargs.py
[2025-02-18T04:35:28.792+0000] {processor.py:914} INFO - Processing file /home/airflow/.local/lib/python3.12/site-packages/airflow/example_dags/example_xcomargs.py for tasks to queue
[2025-02-18T04:35:28.792+0000] {logging_mixin.py:190} INFO - [2025-02-18T04:35:28.792+0000] {dagbag.py:588} INFO - Filling up the DagBag from /home/airflow/.local/lib/python3.12/site-packages/airflow/example_dags/example_xcomargs.py
[2025-02-18T04:35:28.798+0000] {processor.py:925} INFO - DAG(s) 'example_xcom_args_with_operators', 'example_xcom_args' retrieved from /home/airflow/.local/lib/python3.12/site-packages/airflow/example_dags/example_xcomargs.py
[2025-02-18T04:35:28.810+0000] {logging_mixin.py:190} INFO - [2025-02-18T04:35:28.810+0000] {dag.py:3239} INFO - Sync 2 DAGs
[2025-02-18T04:35:28.817+0000] {logging_mixin.py:190} INFO - [2025-02-18T04:35:28.817+0000] {dag.py:4180} INFO - Setting next_dagrun for example_xcom_args to None, run_after=None
[2025-02-18T04:35:28.819+0000] {logging_mixin.py:190} INFO - [2025-02-18T04:35:28.819+0000] {dag.py:4180} INFO - Setting next_dagrun for example_xcom_args_with_operators to None, run_after=None
[2025-02-18T04:35:28.826+0000] {processor.py:208} INFO - Processing /home/airflow/.local/lib/python3.12/site-packages/airflow/example_dags/example_xcomargs.py took 0.038 seconds
[2025-02-18T04:55:48.199+0000] {processor.py:186} INFO - Started process (PID=8623) to work on /home/airflow/.local/lib/python3.12/site-packages/airflow/example_dags/example_xcomargs.py
[2025-02-18T04:55:48.200+0000] {processor.py:914} INFO - Processing file /home/airflow/.local/lib/python3.12/site-packages/airflow/example_dags/example_xcomargs.py for tasks to queue
[2025-02-18T04:55:48.202+0000] {logging_mixin.py:190} INFO - [2025-02-18T04:55:48.202+0000] {dagbag.py:588} INFO - Filling up the DagBag from /home/airflow/.local/lib/python3.12/site-packages/airflow/example_dags/example_xcomargs.py
[2025-02-18T04:55:48.208+0000] {processor.py:925} INFO - DAG(s) 'example_xcom_args_with_operators', 'example_xcom_args' retrieved from /home/airflow/.local/lib/python3.12/site-packages/airflow/example_dags/example_xcomargs.py
[2025-02-18T04:55:48.229+0000] {logging_mixin.py:190} INFO - [2025-02-18T04:55:48.229+0000] {dag.py:3239} INFO - Sync 2 DAGs
[2025-02-18T04:55:48.240+0000] {logging_mixin.py:190} INFO - [2025-02-18T04:55:48.240+0000] {dag.py:4180} INFO - Setting next_dagrun for example_xcom_args to None, run_after=None
[2025-02-18T04:55:48.244+0000] {logging_mixin.py:190} INFO - [2025-02-18T04:55:48.244+0000] {dag.py:4180} INFO - Setting next_dagrun for example_xcom_args_with_operators to None, run_after=None
[2025-02-18T04:55:48.252+0000] {processor.py:208} INFO - Processing /home/airflow/.local/lib/python3.12/site-packages/airflow/example_dags/example_xcomargs.py took 0.057 seconds
[2025-02-18T05:42:07.187+0000] {processor.py:186} INFO - Started process (PID=8687) to work on /home/airflow/.local/lib/python3.12/site-packages/airflow/example_dags/example_xcomargs.py
[2025-02-18T05:42:07.188+0000] {processor.py:914} INFO - Processing file /home/airflow/.local/lib/python3.12/site-packages/airflow/example_dags/example_xcomargs.py for tasks to queue
[2025-02-18T05:42:07.188+0000] {logging_mixin.py:190} INFO - [2025-02-18T05:42:07.188+0000] {dagbag.py:588} INFO - Filling up the DagBag from /home/airflow/.local/lib/python3.12/site-packages/airflow/example_dags/example_xcomargs.py
[2025-02-18T05:42:07.194+0000] {processor.py:925} INFO - DAG(s) 'example_xcom_args', 'example_xcom_args_with_operators' retrieved from /home/airflow/.local/lib/python3.12/site-packages/airflow/example_dags/example_xcomargs.py
[2025-02-18T05:42:07.207+0000] {logging_mixin.py:190} INFO - [2025-02-18T05:42:07.207+0000] {dag.py:3239} INFO - Sync 2 DAGs
[2025-02-18T05:42:07.215+0000] {logging_mixin.py:190} INFO - [2025-02-18T05:42:07.215+0000] {dag.py:4180} INFO - Setting next_dagrun for example_xcom_args to None, run_after=None
[2025-02-18T05:42:07.218+0000] {logging_mixin.py:190} INFO - [2025-02-18T05:42:07.217+0000] {dag.py:4180} INFO - Setting next_dagrun for example_xcom_args_with_operators to None, run_after=None
[2025-02-18T05:42:07.234+0000] {processor.py:208} INFO - Processing /home/airflow/.local/lib/python3.12/site-packages/airflow/example_dags/example_xcomargs.py took 0.050 seconds
[2025-02-18T05:42:37.747+0000] {processor.py:186} INFO - Started process (PID=8751) to work on /home/airflow/.local/lib/python3.12/site-packages/airflow/example_dags/example_xcomargs.py
[2025-02-18T05:42:37.748+0000] {processor.py:914} INFO - Processing file /home/airflow/.local/lib/python3.12/site-packages/airflow/example_dags/example_xcomargs.py for tasks to queue
[2025-02-18T05:42:37.749+0000] {logging_mixin.py:190} INFO - [2025-02-18T05:42:37.749+0000] {dagbag.py:588} INFO - Filling up the DagBag from /home/airflow/.local/lib/python3.12/site-packages/airflow/example_dags/example_xcomargs.py
[2025-02-18T05:42:37.756+0000] {processor.py:925} INFO - DAG(s) 'example_xcom_args', 'example_xcom_args_with_operators' retrieved from /home/airflow/.local/lib/python3.12/site-packages/airflow/example_dags/example_xcomargs.py
[2025-02-18T05:42:37.777+0000] {logging_mixin.py:190} INFO - [2025-02-18T05:42:37.777+0000] {dag.py:3239} INFO - Sync 2 DAGs
[2025-02-18T05:42:37.790+0000] {logging_mixin.py:190} INFO - [2025-02-18T05:42:37.790+0000] {dag.py:4180} INFO - Setting next_dagrun for example_xcom_args to None, run_after=None
[2025-02-18T05:42:37.796+0000] {logging_mixin.py:190} INFO - [2025-02-18T05:42:37.796+0000] {dag.py:4180} INFO - Setting next_dagrun for example_xcom_args_with_operators to None, run_after=None
[2025-02-18T05:42:37.808+0000] {processor.py:208} INFO - Processing /home/airflow/.local/lib/python3.12/site-packages/airflow/example_dags/example_xcomargs.py took 0.066 seconds
[2025-02-18T05:43:08.021+0000] {processor.py:186} INFO - Started process (PID=8815) to work on /home/airflow/.local/lib/python3.12/site-packages/airflow/example_dags/example_xcomargs.py
[2025-02-18T05:43:08.021+0000] {processor.py:914} INFO - Processing file /home/airflow/.local/lib/python3.12/site-packages/airflow/example_dags/example_xcomargs.py for tasks to queue
[2025-02-18T05:43:08.022+0000] {logging_mixin.py:190} INFO - [2025-02-18T05:43:08.022+0000] {dagbag.py:588} INFO - Filling up the DagBag from /home/airflow/.local/lib/python3.12/site-packages/airflow/example_dags/example_xcomargs.py
[2025-02-18T05:43:08.028+0000] {processor.py:925} INFO - DAG(s) 'example_xcom_args_with_operators', 'example_xcom_args' retrieved from /home/airflow/.local/lib/python3.12/site-packages/airflow/example_dags/example_xcomargs.py
[2025-02-18T05:43:08.040+0000] {logging_mixin.py:190} INFO - [2025-02-18T05:43:08.040+0000] {dag.py:3239} INFO - Sync 2 DAGs
[2025-02-18T05:43:08.048+0000] {logging_mixin.py:190} INFO - [2025-02-18T05:43:08.048+0000] {dag.py:4180} INFO - Setting next_dagrun for example_xcom_args to None, run_after=None
[2025-02-18T05:43:08.050+0000] {logging_mixin.py:190} INFO - [2025-02-18T05:43:08.050+0000] {dag.py:4180} INFO - Setting next_dagrun for example_xcom_args_with_operators to None, run_after=None
[2025-02-18T05:43:08.058+0000] {processor.py:208} INFO - Processing /home/airflow/.local/lib/python3.12/site-packages/airflow/example_dags/example_xcomargs.py took 0.041 seconds
[2025-02-18T05:43:38.250+0000] {processor.py:186} INFO - Started process (PID=8879) to work on /home/airflow/.local/lib/python3.12/site-packages/airflow/example_dags/example_xcomargs.py
[2025-02-18T05:43:38.251+0000] {processor.py:914} INFO - Processing file /home/airflow/.local/lib/python3.12/site-packages/airflow/example_dags/example_xcomargs.py for tasks to queue
[2025-02-18T05:43:38.255+0000] {logging_mixin.py:190} INFO - [2025-02-18T05:43:38.254+0000] {dagbag.py:588} INFO - Filling up the DagBag from /home/airflow/.local/lib/python3.12/site-packages/airflow/example_dags/example_xcomargs.py
[2025-02-18T05:43:38.262+0000] {processor.py:925} INFO - DAG(s) 'example_xcom_args', 'example_xcom_args_with_operators' retrieved from /home/airflow/.local/lib/python3.12/site-packages/airflow/example_dags/example_xcomargs.py
[2025-02-18T05:43:38.280+0000] {logging_mixin.py:190} INFO - [2025-02-18T05:43:38.280+0000] {dag.py:3239} INFO - Sync 2 DAGs
[2025-02-18T05:43:38.290+0000] {logging_mixin.py:190} INFO - [2025-02-18T05:43:38.289+0000] {dag.py:4180} INFO - Setting next_dagrun for example_xcom_args to None, run_after=None
[2025-02-18T05:43:38.292+0000] {logging_mixin.py:190} INFO - [2025-02-18T05:43:38.292+0000] {dag.py:4180} INFO - Setting next_dagrun for example_xcom_args_with_operators to None, run_after=None
[2025-02-18T05:43:38.303+0000] {processor.py:208} INFO - Processing /home/airflow/.local/lib/python3.12/site-packages/airflow/example_dags/example_xcomargs.py took 0.056 seconds
[2025-02-18T05:44:08.797+0000] {processor.py:186} INFO - Started process (PID=8943) to work on /home/airflow/.local/lib/python3.12/site-packages/airflow/example_dags/example_xcomargs.py
[2025-02-18T05:44:08.797+0000] {processor.py:914} INFO - Processing file /home/airflow/.local/lib/python3.12/site-packages/airflow/example_dags/example_xcomargs.py for tasks to queue
[2025-02-18T05:44:08.799+0000] {logging_mixin.py:190} INFO - [2025-02-18T05:44:08.798+0000] {dagbag.py:588} INFO - Filling up the DagBag from /home/airflow/.local/lib/python3.12/site-packages/airflow/example_dags/example_xcomargs.py
[2025-02-18T05:44:08.805+0000] {processor.py:925} INFO - DAG(s) 'example_xcom_args', 'example_xcom_args_with_operators' retrieved from /home/airflow/.local/lib/python3.12/site-packages/airflow/example_dags/example_xcomargs.py
[2025-02-18T05:44:08.823+0000] {logging_mixin.py:190} INFO - [2025-02-18T05:44:08.823+0000] {dag.py:3239} INFO - Sync 2 DAGs
[2025-02-18T05:44:08.832+0000] {logging_mixin.py:190} INFO - [2025-02-18T05:44:08.832+0000] {dag.py:4180} INFO - Setting next_dagrun for example_xcom_args to None, run_after=None
[2025-02-18T05:44:08.835+0000] {logging_mixin.py:190} INFO - [2025-02-18T05:44:08.835+0000] {dag.py:4180} INFO - Setting next_dagrun for example_xcom_args_with_operators to None, run_after=None
[2025-02-18T05:44:08.850+0000] {processor.py:208} INFO - Processing /home/airflow/.local/lib/python3.12/site-packages/airflow/example_dags/example_xcomargs.py took 0.058 seconds
[2025-02-18T05:44:39.476+0000] {processor.py:186} INFO - Started process (PID=9007) to work on /home/airflow/.local/lib/python3.12/site-packages/airflow/example_dags/example_xcomargs.py
[2025-02-18T05:44:39.478+0000] {processor.py:914} INFO - Processing file /home/airflow/.local/lib/python3.12/site-packages/airflow/example_dags/example_xcomargs.py for tasks to queue
[2025-02-18T05:44:39.479+0000] {logging_mixin.py:190} INFO - [2025-02-18T05:44:39.479+0000] {dagbag.py:588} INFO - Filling up the DagBag from /home/airflow/.local/lib/python3.12/site-packages/airflow/example_dags/example_xcomargs.py
[2025-02-18T05:44:39.488+0000] {processor.py:925} INFO - DAG(s) 'example_xcom_args', 'example_xcom_args_with_operators' retrieved from /home/airflow/.local/lib/python3.12/site-packages/airflow/example_dags/example_xcomargs.py
[2025-02-18T05:44:39.508+0000] {logging_mixin.py:190} INFO - [2025-02-18T05:44:39.508+0000] {dag.py:3239} INFO - Sync 2 DAGs
[2025-02-18T05:44:39.517+0000] {logging_mixin.py:190} INFO - [2025-02-18T05:44:39.517+0000] {dag.py:4180} INFO - Setting next_dagrun for example_xcom_args to None, run_after=None
[2025-02-18T05:44:39.520+0000] {logging_mixin.py:190} INFO - [2025-02-18T05:44:39.520+0000] {dag.py:4180} INFO - Setting next_dagrun for example_xcom_args_with_operators to None, run_after=None
[2025-02-18T05:44:39.532+0000] {processor.py:208} INFO - Processing /home/airflow/.local/lib/python3.12/site-packages/airflow/example_dags/example_xcomargs.py took 0.061 seconds
[2025-02-18T05:45:10.398+0000] {processor.py:186} INFO - Started process (PID=9071) to work on /home/airflow/.local/lib/python3.12/site-packages/airflow/example_dags/example_xcomargs.py
[2025-02-18T05:45:10.399+0000] {processor.py:914} INFO - Processing file /home/airflow/.local/lib/python3.12/site-packages/airflow/example_dags/example_xcomargs.py for tasks to queue
[2025-02-18T05:45:10.400+0000] {logging_mixin.py:190} INFO - [2025-02-18T05:45:10.400+0000] {dagbag.py:588} INFO - Filling up the DagBag from /home/airflow/.local/lib/python3.12/site-packages/airflow/example_dags/example_xcomargs.py
[2025-02-18T05:45:10.406+0000] {processor.py:925} INFO - DAG(s) 'example_xcom_args_with_operators', 'example_xcom_args' retrieved from /home/airflow/.local/lib/python3.12/site-packages/airflow/example_dags/example_xcomargs.py
[2025-02-18T05:45:10.424+0000] {logging_mixin.py:190} INFO - [2025-02-18T05:45:10.424+0000] {dag.py:3239} INFO - Sync 2 DAGs
[2025-02-18T05:45:10.434+0000] {logging_mixin.py:190} INFO - [2025-02-18T05:45:10.433+0000] {dag.py:4180} INFO - Setting next_dagrun for example_xcom_args to None, run_after=None
[2025-02-18T05:45:10.437+0000] {logging_mixin.py:190} INFO - [2025-02-18T05:45:10.436+0000] {dag.py:4180} INFO - Setting next_dagrun for example_xcom_args_with_operators to None, run_after=None
[2025-02-18T05:45:10.451+0000] {processor.py:208} INFO - Processing /home/airflow/.local/lib/python3.12/site-packages/airflow/example_dags/example_xcomargs.py took 0.056 seconds
[2025-02-18T05:45:40.693+0000] {processor.py:186} INFO - Started process (PID=9135) to work on /home/airflow/.local/lib/python3.12/site-packages/airflow/example_dags/example_xcomargs.py
[2025-02-18T05:45:40.694+0000] {processor.py:914} INFO - Processing file /home/airflow/.local/lib/python3.12/site-packages/airflow/example_dags/example_xcomargs.py for tasks to queue
[2025-02-18T05:45:40.695+0000] {logging_mixin.py:190} INFO - [2025-02-18T05:45:40.695+0000] {dagbag.py:588} INFO - Filling up the DagBag from /home/airflow/.local/lib/python3.12/site-packages/airflow/example_dags/example_xcomargs.py
[2025-02-18T05:45:40.700+0000] {processor.py:925} INFO - DAG(s) 'example_xcom_args_with_operators', 'example_xcom_args' retrieved from /home/airflow/.local/lib/python3.12/site-packages/airflow/example_dags/example_xcomargs.py
[2025-02-18T05:45:40.714+0000] {logging_mixin.py:190} INFO - [2025-02-18T05:45:40.714+0000] {dag.py:3239} INFO - Sync 2 DAGs
[2025-02-18T05:45:40.726+0000] {logging_mixin.py:190} INFO - [2025-02-18T05:45:40.726+0000] {dag.py:4180} INFO - Setting next_dagrun for example_xcom_args to None, run_after=None
[2025-02-18T05:45:40.728+0000] {logging_mixin.py:190} INFO - [2025-02-18T05:45:40.728+0000] {dag.py:4180} INFO - Setting next_dagrun for example_xcom_args_with_operators to None, run_after=None
[2025-02-18T05:45:40.737+0000] {processor.py:208} INFO - Processing /home/airflow/.local/lib/python3.12/site-packages/airflow/example_dags/example_xcomargs.py took 0.048 seconds
[2025-02-18T05:46:11.844+0000] {processor.py:186} INFO - Started process (PID=9199) to work on /home/airflow/.local/lib/python3.12/site-packages/airflow/example_dags/example_xcomargs.py
[2025-02-18T05:46:11.846+0000] {processor.py:914} INFO - Processing file /home/airflow/.local/lib/python3.12/site-packages/airflow/example_dags/example_xcomargs.py for tasks to queue
[2025-02-18T05:46:11.848+0000] {logging_mixin.py:190} INFO - [2025-02-18T05:46:11.848+0000] {dagbag.py:588} INFO - Filling up the DagBag from /home/airflow/.local/lib/python3.12/site-packages/airflow/example_dags/example_xcomargs.py
[2025-02-18T05:46:11.855+0000] {processor.py:925} INFO - DAG(s) 'example_xcom_args_with_operators', 'example_xcom_args' retrieved from /home/airflow/.local/lib/python3.12/site-packages/airflow/example_dags/example_xcomargs.py
[2025-02-18T05:46:11.871+0000] {logging_mixin.py:190} INFO - [2025-02-18T05:46:11.871+0000] {dag.py:3239} INFO - Sync 2 DAGs
[2025-02-18T05:46:11.879+0000] {logging_mixin.py:190} INFO - [2025-02-18T05:46:11.879+0000] {dag.py:4180} INFO - Setting next_dagrun for example_xcom_args to None, run_after=None
[2025-02-18T05:46:11.885+0000] {logging_mixin.py:190} INFO - [2025-02-18T05:46:11.884+0000] {dag.py:4180} INFO - Setting next_dagrun for example_xcom_args_with_operators to None, run_after=None
[2025-02-18T05:46:11.895+0000] {processor.py:208} INFO - Processing /home/airflow/.local/lib/python3.12/site-packages/airflow/example_dags/example_xcomargs.py took 0.057 seconds
[2025-02-18T05:46:42.161+0000] {processor.py:186} INFO - Started process (PID=9263) to work on /home/airflow/.local/lib/python3.12/site-packages/airflow/example_dags/example_xcomargs.py
[2025-02-18T05:46:42.162+0000] {processor.py:914} INFO - Processing file /home/airflow/.local/lib/python3.12/site-packages/airflow/example_dags/example_xcomargs.py for tasks to queue
[2025-02-18T05:46:42.164+0000] {logging_mixin.py:190} INFO - [2025-02-18T05:46:42.164+0000] {dagbag.py:588} INFO - Filling up the DagBag from /home/airflow/.local/lib/python3.12/site-packages/airflow/example_dags/example_xcomargs.py
[2025-02-18T05:46:42.172+0000] {processor.py:925} INFO - DAG(s) 'example_xcom_args_with_operators', 'example_xcom_args' retrieved from /home/airflow/.local/lib/python3.12/site-packages/airflow/example_dags/example_xcomargs.py
[2025-02-18T05:46:42.187+0000] {logging_mixin.py:190} INFO - [2025-02-18T05:46:42.186+0000] {dag.py:3239} INFO - Sync 2 DAGs
[2025-02-18T05:46:42.197+0000] {logging_mixin.py:190} INFO - [2025-02-18T05:46:42.197+0000] {dag.py:4180} INFO - Setting next_dagrun for example_xcom_args to None, run_after=None
[2025-02-18T05:46:42.200+0000] {logging_mixin.py:190} INFO - [2025-02-18T05:46:42.200+0000] {dag.py:4180} INFO - Setting next_dagrun for example_xcom_args_with_operators to None, run_after=None
[2025-02-18T05:46:42.211+0000] {processor.py:208} INFO - Processing /home/airflow/.local/lib/python3.12/site-packages/airflow/example_dags/example_xcomargs.py took 0.054 seconds
[2025-02-18T05:47:12.766+0000] {processor.py:186} INFO - Started process (PID=9327) to work on /home/airflow/.local/lib/python3.12/site-packages/airflow/example_dags/example_xcomargs.py
[2025-02-18T05:47:12.767+0000] {processor.py:914} INFO - Processing file /home/airflow/.local/lib/python3.12/site-packages/airflow/example_dags/example_xcomargs.py for tasks to queue
[2025-02-18T05:47:12.768+0000] {logging_mixin.py:190} INFO - [2025-02-18T05:47:12.768+0000] {dagbag.py:588} INFO - Filling up the DagBag from /home/airflow/.local/lib/python3.12/site-packages/airflow/example_dags/example_xcomargs.py
[2025-02-18T05:47:12.774+0000] {processor.py:925} INFO - DAG(s) 'example_xcom_args', 'example_xcom_args_with_operators' retrieved from /home/airflow/.local/lib/python3.12/site-packages/airflow/example_dags/example_xcomargs.py
[2025-02-18T05:47:12.788+0000] {logging_mixin.py:190} INFO - [2025-02-18T05:47:12.788+0000] {dag.py:3239} INFO - Sync 2 DAGs
[2025-02-18T05:47:12.796+0000] {logging_mixin.py:190} INFO - [2025-02-18T05:47:12.795+0000] {dag.py:4180} INFO - Setting next_dagrun for example_xcom_args to None, run_after=None
[2025-02-18T05:47:12.799+0000] {logging_mixin.py:190} INFO - [2025-02-18T05:47:12.799+0000] {dag.py:4180} INFO - Setting next_dagrun for example_xcom_args_with_operators to None, run_after=None
[2025-02-18T05:47:12.812+0000] {processor.py:208} INFO - Processing /home/airflow/.local/lib/python3.12/site-packages/airflow/example_dags/example_xcomargs.py took 0.049 seconds
[2025-02-18T05:47:43.000+0000] {processor.py:186} INFO - Started process (PID=9391) to work on /home/airflow/.local/lib/python3.12/site-packages/airflow/example_dags/example_xcomargs.py
[2025-02-18T05:47:43.001+0000] {processor.py:914} INFO - Processing file /home/airflow/.local/lib/python3.12/site-packages/airflow/example_dags/example_xcomargs.py for tasks to queue
[2025-02-18T05:47:43.002+0000] {logging_mixin.py:190} INFO - [2025-02-18T05:47:43.002+0000] {dagbag.py:588} INFO - Filling up the DagBag from /home/airflow/.local/lib/python3.12/site-packages/airflow/example_dags/example_xcomargs.py
[2025-02-18T05:47:43.008+0000] {processor.py:925} INFO - DAG(s) 'example_xcom_args', 'example_xcom_args_with_operators' retrieved from /home/airflow/.local/lib/python3.12/site-packages/airflow/example_dags/example_xcomargs.py
[2025-02-18T05:47:43.022+0000] {logging_mixin.py:190} INFO - [2025-02-18T05:47:43.022+0000] {dag.py:3239} INFO - Sync 2 DAGs
[2025-02-18T05:47:43.031+0000] {logging_mixin.py:190} INFO - [2025-02-18T05:47:43.031+0000] {dag.py:4180} INFO - Setting next_dagrun for example_xcom_args to None, run_after=None
[2025-02-18T05:47:43.036+0000] {logging_mixin.py:190} INFO - [2025-02-18T05:47:43.035+0000] {dag.py:4180} INFO - Setting next_dagrun for example_xcom_args_with_operators to None, run_after=None
[2025-02-18T05:47:43.047+0000] {processor.py:208} INFO - Processing /home/airflow/.local/lib/python3.12/site-packages/airflow/example_dags/example_xcomargs.py took 0.051 seconds
[2025-02-18T05:48:13.287+0000] {processor.py:186} INFO - Started process (PID=9455) to work on /home/airflow/.local/lib/python3.12/site-packages/airflow/example_dags/example_xcomargs.py
[2025-02-18T05:48:13.288+0000] {processor.py:914} INFO - Processing file /home/airflow/.local/lib/python3.12/site-packages/airflow/example_dags/example_xcomargs.py for tasks to queue
[2025-02-18T05:48:13.290+0000] {logging_mixin.py:190} INFO - [2025-02-18T05:48:13.290+0000] {dagbag.py:588} INFO - Filling up the DagBag from /home/airflow/.local/lib/python3.12/site-packages/airflow/example_dags/example_xcomargs.py
[2025-02-18T05:48:13.298+0000] {processor.py:925} INFO - DAG(s) 'example_xcom_args_with_operators', 'example_xcom_args' retrieved from /home/airflow/.local/lib/python3.12/site-packages/airflow/example_dags/example_xcomargs.py
[2025-02-18T05:48:13.311+0000] {logging_mixin.py:190} INFO - [2025-02-18T05:48:13.311+0000] {dag.py:3239} INFO - Sync 2 DAGs
[2025-02-18T05:48:13.321+0000] {logging_mixin.py:190} INFO - [2025-02-18T05:48:13.321+0000] {dag.py:4180} INFO - Setting next_dagrun for example_xcom_args to None, run_after=None
[2025-02-18T05:48:13.323+0000] {logging_mixin.py:190} INFO - [2025-02-18T05:48:13.323+0000] {dag.py:4180} INFO - Setting next_dagrun for example_xcom_args_with_operators to None, run_after=None
[2025-02-18T05:48:13.332+0000] {processor.py:208} INFO - Processing /home/airflow/.local/lib/python3.12/site-packages/airflow/example_dags/example_xcomargs.py took 0.051 seconds
[2025-02-18T05:48:43.495+0000] {processor.py:186} INFO - Started process (PID=9519) to work on /home/airflow/.local/lib/python3.12/site-packages/airflow/example_dags/example_xcomargs.py
[2025-02-18T05:48:43.496+0000] {processor.py:914} INFO - Processing file /home/airflow/.local/lib/python3.12/site-packages/airflow/example_dags/example_xcomargs.py for tasks to queue
[2025-02-18T05:48:43.497+0000] {logging_mixin.py:190} INFO - [2025-02-18T05:48:43.497+0000] {dagbag.py:588} INFO - Filling up the DagBag from /home/airflow/.local/lib/python3.12/site-packages/airflow/example_dags/example_xcomargs.py
[2025-02-18T05:48:43.503+0000] {processor.py:925} INFO - DAG(s) 'example_xcom_args', 'example_xcom_args_with_operators' retrieved from /home/airflow/.local/lib/python3.12/site-packages/airflow/example_dags/example_xcomargs.py
[2025-02-18T05:48:43.515+0000] {logging_mixin.py:190} INFO - [2025-02-18T05:48:43.515+0000] {dag.py:3239} INFO - Sync 2 DAGs
[2025-02-18T05:48:43.525+0000] {logging_mixin.py:190} INFO - [2025-02-18T05:48:43.525+0000] {dag.py:4180} INFO - Setting next_dagrun for example_xcom_args to None, run_after=None
[2025-02-18T05:48:43.527+0000] {logging_mixin.py:190} INFO - [2025-02-18T05:48:43.527+0000] {dag.py:4180} INFO - Setting next_dagrun for example_xcom_args_with_operators to None, run_after=None
[2025-02-18T05:48:43.535+0000] {processor.py:208} INFO - Processing /home/airflow/.local/lib/python3.12/site-packages/airflow/example_dags/example_xcomargs.py took 0.044 seconds
[2025-02-18T05:49:14.377+0000] {processor.py:186} INFO - Started process (PID=9583) to work on /home/airflow/.local/lib/python3.12/site-packages/airflow/example_dags/example_xcomargs.py
[2025-02-18T05:49:14.378+0000] {processor.py:914} INFO - Processing file /home/airflow/.local/lib/python3.12/site-packages/airflow/example_dags/example_xcomargs.py for tasks to queue
[2025-02-18T05:49:14.379+0000] {logging_mixin.py:190} INFO - [2025-02-18T05:49:14.379+0000] {dagbag.py:588} INFO - Filling up the DagBag from /home/airflow/.local/lib/python3.12/site-packages/airflow/example_dags/example_xcomargs.py
[2025-02-18T05:49:14.385+0000] {processor.py:925} INFO - DAG(s) 'example_xcom_args', 'example_xcom_args_with_operators' retrieved from /home/airflow/.local/lib/python3.12/site-packages/airflow/example_dags/example_xcomargs.py
[2025-02-18T05:49:14.400+0000] {logging_mixin.py:190} INFO - [2025-02-18T05:49:14.400+0000] {dag.py:3239} INFO - Sync 2 DAGs
[2025-02-18T05:49:14.412+0000] {logging_mixin.py:190} INFO - [2025-02-18T05:49:14.412+0000] {dag.py:4180} INFO - Setting next_dagrun for example_xcom_args to None, run_after=None
[2025-02-18T05:49:14.416+0000] {logging_mixin.py:190} INFO - [2025-02-18T05:49:14.415+0000] {dag.py:4180} INFO - Setting next_dagrun for example_xcom_args_with_operators to None, run_after=None
[2025-02-18T05:49:14.429+0000] {processor.py:208} INFO - Processing /home/airflow/.local/lib/python3.12/site-packages/airflow/example_dags/example_xcomargs.py took 0.057 seconds
[2025-02-18T05:49:44.595+0000] {processor.py:186} INFO - Started process (PID=9647) to work on /home/airflow/.local/lib/python3.12/site-packages/airflow/example_dags/example_xcomargs.py
[2025-02-18T05:49:44.597+0000] {processor.py:914} INFO - Processing file /home/airflow/.local/lib/python3.12/site-packages/airflow/example_dags/example_xcomargs.py for tasks to queue
[2025-02-18T05:49:44.599+0000] {logging_mixin.py:190} INFO - [2025-02-18T05:49:44.599+0000] {dagbag.py:588} INFO - Filling up the DagBag from /home/airflow/.local/lib/python3.12/site-packages/airflow/example_dags/example_xcomargs.py
[2025-02-18T05:49:44.605+0000] {processor.py:925} INFO - DAG(s) 'example_xcom_args', 'example_xcom_args_with_operators' retrieved from /home/airflow/.local/lib/python3.12/site-packages/airflow/example_dags/example_xcomargs.py
[2025-02-18T05:49:44.620+0000] {logging_mixin.py:190} INFO - [2025-02-18T05:49:44.620+0000] {dag.py:3239} INFO - Sync 2 DAGs
[2025-02-18T05:49:44.628+0000] {logging_mixin.py:190} INFO - [2025-02-18T05:49:44.628+0000] {dag.py:4180} INFO - Setting next_dagrun for example_xcom_args to None, run_after=None
[2025-02-18T05:49:44.630+0000] {logging_mixin.py:190} INFO - [2025-02-18T05:49:44.630+0000] {dag.py:4180} INFO - Setting next_dagrun for example_xcom_args_with_operators to None, run_after=None
[2025-02-18T05:49:44.642+0000] {processor.py:208} INFO - Processing /home/airflow/.local/lib/python3.12/site-packages/airflow/example_dags/example_xcomargs.py took 0.050 seconds
[2025-02-18T05:50:14.760+0000] {processor.py:186} INFO - Started process (PID=9711) to work on /home/airflow/.local/lib/python3.12/site-packages/airflow/example_dags/example_xcomargs.py
[2025-02-18T05:50:14.761+0000] {processor.py:914} INFO - Processing file /home/airflow/.local/lib/python3.12/site-packages/airflow/example_dags/example_xcomargs.py for tasks to queue
[2025-02-18T05:50:14.762+0000] {logging_mixin.py:190} INFO - [2025-02-18T05:50:14.762+0000] {dagbag.py:588} INFO - Filling up the DagBag from /home/airflow/.local/lib/python3.12/site-packages/airflow/example_dags/example_xcomargs.py
[2025-02-18T05:50:14.767+0000] {processor.py:925} INFO - DAG(s) 'example_xcom_args', 'example_xcom_args_with_operators' retrieved from /home/airflow/.local/lib/python3.12/site-packages/airflow/example_dags/example_xcomargs.py
[2025-02-18T05:50:14.783+0000] {logging_mixin.py:190} INFO - [2025-02-18T05:50:14.783+0000] {dag.py:3239} INFO - Sync 2 DAGs
[2025-02-18T05:50:14.792+0000] {logging_mixin.py:190} INFO - [2025-02-18T05:50:14.791+0000] {dag.py:4180} INFO - Setting next_dagrun for example_xcom_args to None, run_after=None
[2025-02-18T05:50:14.795+0000] {logging_mixin.py:190} INFO - [2025-02-18T05:50:14.795+0000] {dag.py:4180} INFO - Setting next_dagrun for example_xcom_args_with_operators to None, run_after=None
[2025-02-18T05:50:14.809+0000] {processor.py:208} INFO - Processing /home/airflow/.local/lib/python3.12/site-packages/airflow/example_dags/example_xcomargs.py took 0.053 seconds
[2025-02-18T05:50:44.909+0000] {processor.py:186} INFO - Started process (PID=9776) to work on /home/airflow/.local/lib/python3.12/site-packages/airflow/example_dags/example_xcomargs.py
[2025-02-18T05:50:44.909+0000] {processor.py:914} INFO - Processing file /home/airflow/.local/lib/python3.12/site-packages/airflow/example_dags/example_xcomargs.py for tasks to queue
[2025-02-18T05:50:44.910+0000] {logging_mixin.py:190} INFO - [2025-02-18T05:50:44.910+0000] {dagbag.py:588} INFO - Filling up the DagBag from /home/airflow/.local/lib/python3.12/site-packages/airflow/example_dags/example_xcomargs.py
[2025-02-18T05:50:44.917+0000] {processor.py:925} INFO - DAG(s) 'example_xcom_args', 'example_xcom_args_with_operators' retrieved from /home/airflow/.local/lib/python3.12/site-packages/airflow/example_dags/example_xcomargs.py
[2025-02-18T05:50:44.930+0000] {logging_mixin.py:190} INFO - [2025-02-18T05:50:44.930+0000] {dag.py:3239} INFO - Sync 2 DAGs
[2025-02-18T05:50:44.946+0000] {logging_mixin.py:190} INFO - [2025-02-18T05:50:44.945+0000] {dag.py:4180} INFO - Setting next_dagrun for example_xcom_args to None, run_after=None
[2025-02-18T05:50:44.948+0000] {logging_mixin.py:190} INFO - [2025-02-18T05:50:44.948+0000] {dag.py:4180} INFO - Setting next_dagrun for example_xcom_args_with_operators to None, run_after=None
[2025-02-18T05:50:44.962+0000] {processor.py:208} INFO - Processing /home/airflow/.local/lib/python3.12/site-packages/airflow/example_dags/example_xcomargs.py took 0.057 seconds
[2025-02-18T05:51:15.305+0000] {processor.py:186} INFO - Started process (PID=9840) to work on /home/airflow/.local/lib/python3.12/site-packages/airflow/example_dags/example_xcomargs.py
[2025-02-18T05:51:15.306+0000] {processor.py:914} INFO - Processing file /home/airflow/.local/lib/python3.12/site-packages/airflow/example_dags/example_xcomargs.py for tasks to queue
[2025-02-18T05:51:15.308+0000] {logging_mixin.py:190} INFO - [2025-02-18T05:51:15.308+0000] {dagbag.py:588} INFO - Filling up the DagBag from /home/airflow/.local/lib/python3.12/site-packages/airflow/example_dags/example_xcomargs.py
[2025-02-18T05:51:15.314+0000] {processor.py:925} INFO - DAG(s) 'example_xcom_args_with_operators', 'example_xcom_args' retrieved from /home/airflow/.local/lib/python3.12/site-packages/airflow/example_dags/example_xcomargs.py
[2025-02-18T05:51:15.328+0000] {logging_mixin.py:190} INFO - [2025-02-18T05:51:15.328+0000] {dag.py:3239} INFO - Sync 2 DAGs
[2025-02-18T05:51:15.336+0000] {logging_mixin.py:190} INFO - [2025-02-18T05:51:15.335+0000] {dag.py:4180} INFO - Setting next_dagrun for example_xcom_args to None, run_after=None
[2025-02-18T05:51:15.338+0000] {logging_mixin.py:190} INFO - [2025-02-18T05:51:15.338+0000] {dag.py:4180} INFO - Setting next_dagrun for example_xcom_args_with_operators to None, run_after=None
[2025-02-18T05:51:15.349+0000] {processor.py:208} INFO - Processing /home/airflow/.local/lib/python3.12/site-packages/airflow/example_dags/example_xcomargs.py took 0.048 seconds
[2025-02-18T05:51:45.692+0000] {processor.py:186} INFO - Started process (PID=9904) to work on /home/airflow/.local/lib/python3.12/site-packages/airflow/example_dags/example_xcomargs.py
[2025-02-18T05:51:45.693+0000] {processor.py:914} INFO - Processing file /home/airflow/.local/lib/python3.12/site-packages/airflow/example_dags/example_xcomargs.py for tasks to queue
[2025-02-18T05:51:45.694+0000] {logging_mixin.py:190} INFO - [2025-02-18T05:51:45.693+0000] {dagbag.py:588} INFO - Filling up the DagBag from /home/airflow/.local/lib/python3.12/site-packages/airflow/example_dags/example_xcomargs.py
[2025-02-18T05:51:45.702+0000] {processor.py:925} INFO - DAG(s) 'example_xcom_args', 'example_xcom_args_with_operators' retrieved from /home/airflow/.local/lib/python3.12/site-packages/airflow/example_dags/example_xcomargs.py
[2025-02-18T05:51:45.719+0000] {logging_mixin.py:190} INFO - [2025-02-18T05:51:45.719+0000] {dag.py:3239} INFO - Sync 2 DAGs
[2025-02-18T05:51:45.727+0000] {logging_mixin.py:190} INFO - [2025-02-18T05:51:45.727+0000] {dag.py:4180} INFO - Setting next_dagrun for example_xcom_args to None, run_after=None
[2025-02-18T05:51:45.730+0000] {logging_mixin.py:190} INFO - [2025-02-18T05:51:45.729+0000] {dag.py:4180} INFO - Setting next_dagrun for example_xcom_args_with_operators to None, run_after=None
[2025-02-18T05:51:45.741+0000] {processor.py:208} INFO - Processing /home/airflow/.local/lib/python3.12/site-packages/airflow/example_dags/example_xcomargs.py took 0.053 seconds
[2025-02-18T05:52:16.370+0000] {processor.py:186} INFO - Started process (PID=9968) to work on /home/airflow/.local/lib/python3.12/site-packages/airflow/example_dags/example_xcomargs.py
[2025-02-18T05:52:16.372+0000] {processor.py:914} INFO - Processing file /home/airflow/.local/lib/python3.12/site-packages/airflow/example_dags/example_xcomargs.py for tasks to queue
[2025-02-18T05:52:16.373+0000] {logging_mixin.py:190} INFO - [2025-02-18T05:52:16.373+0000] {dagbag.py:588} INFO - Filling up the DagBag from /home/airflow/.local/lib/python3.12/site-packages/airflow/example_dags/example_xcomargs.py
[2025-02-18T05:52:16.380+0000] {processor.py:925} INFO - DAG(s) 'example_xcom_args_with_operators', 'example_xcom_args' retrieved from /home/airflow/.local/lib/python3.12/site-packages/airflow/example_dags/example_xcomargs.py
[2025-02-18T05:52:16.396+0000] {logging_mixin.py:190} INFO - [2025-02-18T05:52:16.396+0000] {dag.py:3239} INFO - Sync 2 DAGs
[2025-02-18T05:52:16.408+0000] {logging_mixin.py:190} INFO - [2025-02-18T05:52:16.407+0000] {dag.py:4180} INFO - Setting next_dagrun for example_xcom_args to None, run_after=None
[2025-02-18T05:52:16.410+0000] {logging_mixin.py:190} INFO - [2025-02-18T05:52:16.410+0000] {dag.py:4180} INFO - Setting next_dagrun for example_xcom_args_with_operators to None, run_after=None
[2025-02-18T05:52:16.424+0000] {processor.py:208} INFO - Processing /home/airflow/.local/lib/python3.12/site-packages/airflow/example_dags/example_xcomargs.py took 0.057 seconds
[2025-02-18T05:52:46.599+0000] {processor.py:186} INFO - Started process (PID=10032) to work on /home/airflow/.local/lib/python3.12/site-packages/airflow/example_dags/example_xcomargs.py
[2025-02-18T05:52:46.603+0000] {processor.py:914} INFO - Processing file /home/airflow/.local/lib/python3.12/site-packages/airflow/example_dags/example_xcomargs.py for tasks to queue
[2025-02-18T05:52:46.604+0000] {logging_mixin.py:190} INFO - [2025-02-18T05:52:46.604+0000] {dagbag.py:588} INFO - Filling up the DagBag from /home/airflow/.local/lib/python3.12/site-packages/airflow/example_dags/example_xcomargs.py
[2025-02-18T05:52:46.611+0000] {processor.py:925} INFO - DAG(s) 'example_xcom_args_with_operators', 'example_xcom_args' retrieved from /home/airflow/.local/lib/python3.12/site-packages/airflow/example_dags/example_xcomargs.py
[2025-02-18T05:52:46.627+0000] {logging_mixin.py:190} INFO - [2025-02-18T05:52:46.627+0000] {dag.py:3239} INFO - Sync 2 DAGs
[2025-02-18T05:52:46.636+0000] {logging_mixin.py:190} INFO - [2025-02-18T05:52:46.636+0000] {dag.py:4180} INFO - Setting next_dagrun for example_xcom_args to None, run_after=None
[2025-02-18T05:52:46.640+0000] {logging_mixin.py:190} INFO - [2025-02-18T05:52:46.640+0000] {dag.py:4180} INFO - Setting next_dagrun for example_xcom_args_with_operators to None, run_after=None
[2025-02-18T05:52:46.648+0000] {processor.py:208} INFO - Processing /home/airflow/.local/lib/python3.12/site-packages/airflow/example_dags/example_xcomargs.py took 0.053 seconds
[2025-02-18T05:53:16.700+0000] {processor.py:186} INFO - Started process (PID=10096) to work on /home/airflow/.local/lib/python3.12/site-packages/airflow/example_dags/example_xcomargs.py
[2025-02-18T05:53:16.701+0000] {processor.py:914} INFO - Processing file /home/airflow/.local/lib/python3.12/site-packages/airflow/example_dags/example_xcomargs.py for tasks to queue
[2025-02-18T05:53:16.701+0000] {logging_mixin.py:190} INFO - [2025-02-18T05:53:16.701+0000] {dagbag.py:588} INFO - Filling up the DagBag from /home/airflow/.local/lib/python3.12/site-packages/airflow/example_dags/example_xcomargs.py
[2025-02-18T05:53:16.707+0000] {processor.py:925} INFO - DAG(s) 'example_xcom_args_with_operators', 'example_xcom_args' retrieved from /home/airflow/.local/lib/python3.12/site-packages/airflow/example_dags/example_xcomargs.py
[2025-02-18T05:53:16.720+0000] {logging_mixin.py:190} INFO - [2025-02-18T05:53:16.720+0000] {dag.py:3239} INFO - Sync 2 DAGs
[2025-02-18T05:53:16.727+0000] {logging_mixin.py:190} INFO - [2025-02-18T05:53:16.727+0000] {dag.py:4180} INFO - Setting next_dagrun for example_xcom_args to None, run_after=None
[2025-02-18T05:53:16.729+0000] {logging_mixin.py:190} INFO - [2025-02-18T05:53:16.729+0000] {dag.py:4180} INFO - Setting next_dagrun for example_xcom_args_with_operators to None, run_after=None
[2025-02-18T05:53:16.736+0000] {processor.py:208} INFO - Processing /home/airflow/.local/lib/python3.12/site-packages/airflow/example_dags/example_xcomargs.py took 0.039 seconds
[2025-02-18T05:53:46.979+0000] {processor.py:186} INFO - Started process (PID=10160) to work on /home/airflow/.local/lib/python3.12/site-packages/airflow/example_dags/example_xcomargs.py
[2025-02-18T05:53:46.983+0000] {processor.py:914} INFO - Processing file /home/airflow/.local/lib/python3.12/site-packages/airflow/example_dags/example_xcomargs.py for tasks to queue
[2025-02-18T05:53:46.984+0000] {logging_mixin.py:190} INFO - [2025-02-18T05:53:46.984+0000] {dagbag.py:588} INFO - Filling up the DagBag from /home/airflow/.local/lib/python3.12/site-packages/airflow/example_dags/example_xcomargs.py
[2025-02-18T05:53:46.990+0000] {processor.py:925} INFO - DAG(s) 'example_xcom_args_with_operators', 'example_xcom_args' retrieved from /home/airflow/.local/lib/python3.12/site-packages/airflow/example_dags/example_xcomargs.py
[2025-02-18T05:53:47.002+0000] {logging_mixin.py:190} INFO - [2025-02-18T05:53:47.002+0000] {dag.py:3239} INFO - Sync 2 DAGs
[2025-02-18T05:53:47.013+0000] {logging_mixin.py:190} INFO - [2025-02-18T05:53:47.012+0000] {dag.py:4180} INFO - Setting next_dagrun for example_xcom_args to None, run_after=None
[2025-02-18T05:53:47.021+0000] {logging_mixin.py:190} INFO - [2025-02-18T05:53:47.021+0000] {dag.py:4180} INFO - Setting next_dagrun for example_xcom_args_with_operators to None, run_after=None
[2025-02-18T05:53:47.030+0000] {processor.py:208} INFO - Processing /home/airflow/.local/lib/python3.12/site-packages/airflow/example_dags/example_xcomargs.py took 0.054 seconds
[2025-02-18T05:54:17.354+0000] {processor.py:186} INFO - Started process (PID=10223) to work on /home/airflow/.local/lib/python3.12/site-packages/airflow/example_dags/example_xcomargs.py
[2025-02-18T05:54:17.355+0000] {processor.py:914} INFO - Processing file /home/airflow/.local/lib/python3.12/site-packages/airflow/example_dags/example_xcomargs.py for tasks to queue
[2025-02-18T05:54:17.356+0000] {logging_mixin.py:190} INFO - [2025-02-18T05:54:17.356+0000] {dagbag.py:588} INFO - Filling up the DagBag from /home/airflow/.local/lib/python3.12/site-packages/airflow/example_dags/example_xcomargs.py
[2025-02-18T05:54:17.364+0000] {processor.py:925} INFO - DAG(s) 'example_xcom_args', 'example_xcom_args_with_operators' retrieved from /home/airflow/.local/lib/python3.12/site-packages/airflow/example_dags/example_xcomargs.py
[2025-02-18T05:54:17.376+0000] {logging_mixin.py:190} INFO - [2025-02-18T05:54:17.376+0000] {dag.py:3239} INFO - Sync 2 DAGs
[2025-02-18T05:54:17.384+0000] {logging_mixin.py:190} INFO - [2025-02-18T05:54:17.383+0000] {dag.py:4180} INFO - Setting next_dagrun for example_xcom_args to None, run_after=None
[2025-02-18T05:54:17.386+0000] {logging_mixin.py:190} INFO - [2025-02-18T05:54:17.386+0000] {dag.py:4180} INFO - Setting next_dagrun for example_xcom_args_with_operators to None, run_after=None
[2025-02-18T05:54:17.396+0000] {processor.py:208} INFO - Processing /home/airflow/.local/lib/python3.12/site-packages/airflow/example_dags/example_xcomargs.py took 0.045 seconds
[2025-02-18T05:54:47.717+0000] {processor.py:186} INFO - Started process (PID=10287) to work on /home/airflow/.local/lib/python3.12/site-packages/airflow/example_dags/example_xcomargs.py
[2025-02-18T05:54:47.720+0000] {processor.py:914} INFO - Processing file /home/airflow/.local/lib/python3.12/site-packages/airflow/example_dags/example_xcomargs.py for tasks to queue
[2025-02-18T05:54:47.721+0000] {logging_mixin.py:190} INFO - [2025-02-18T05:54:47.721+0000] {dagbag.py:588} INFO - Filling up the DagBag from /home/airflow/.local/lib/python3.12/site-packages/airflow/example_dags/example_xcomargs.py
[2025-02-18T05:54:47.732+0000] {processor.py:925} INFO - DAG(s) 'example_xcom_args_with_operators', 'example_xcom_args' retrieved from /home/airflow/.local/lib/python3.12/site-packages/airflow/example_dags/example_xcomargs.py
[2025-02-18T05:54:47.747+0000] {logging_mixin.py:190} INFO - [2025-02-18T05:54:47.747+0000] {dag.py:3239} INFO - Sync 2 DAGs
[2025-02-18T05:54:47.755+0000] {logging_mixin.py:190} INFO - [2025-02-18T05:54:47.755+0000] {dag.py:4180} INFO - Setting next_dagrun for example_xcom_args to None, run_after=None
[2025-02-18T05:54:47.758+0000] {logging_mixin.py:190} INFO - [2025-02-18T05:54:47.758+0000] {dag.py:4180} INFO - Setting next_dagrun for example_xcom_args_with_operators to None, run_after=None
[2025-02-18T05:54:47.768+0000] {processor.py:208} INFO - Processing /home/airflow/.local/lib/python3.12/site-packages/airflow/example_dags/example_xcomargs.py took 0.055 seconds
[2025-02-18T05:55:18.056+0000] {processor.py:186} INFO - Started process (PID=10351) to work on /home/airflow/.local/lib/python3.12/site-packages/airflow/example_dags/example_xcomargs.py
[2025-02-18T05:55:18.057+0000] {processor.py:914} INFO - Processing file /home/airflow/.local/lib/python3.12/site-packages/airflow/example_dags/example_xcomargs.py for tasks to queue
[2025-02-18T05:55:18.058+0000] {logging_mixin.py:190} INFO - [2025-02-18T05:55:18.057+0000] {dagbag.py:588} INFO - Filling up the DagBag from /home/airflow/.local/lib/python3.12/site-packages/airflow/example_dags/example_xcomargs.py
[2025-02-18T05:55:18.063+0000] {processor.py:925} INFO - DAG(s) 'example_xcom_args', 'example_xcom_args_with_operators' retrieved from /home/airflow/.local/lib/python3.12/site-packages/airflow/example_dags/example_xcomargs.py
[2025-02-18T05:55:18.076+0000] {logging_mixin.py:190} INFO - [2025-02-18T05:55:18.076+0000] {dag.py:3239} INFO - Sync 2 DAGs
[2025-02-18T05:55:18.087+0000] {logging_mixin.py:190} INFO - [2025-02-18T05:55:18.087+0000] {dag.py:4180} INFO - Setting next_dagrun for example_xcom_args to None, run_after=None
[2025-02-18T05:55:18.089+0000] {logging_mixin.py:190} INFO - [2025-02-18T05:55:18.089+0000] {dag.py:4180} INFO - Setting next_dagrun for example_xcom_args_with_operators to None, run_after=None
[2025-02-18T05:55:18.101+0000] {processor.py:208} INFO - Processing /home/airflow/.local/lib/python3.12/site-packages/airflow/example_dags/example_xcomargs.py took 0.048 seconds
[2025-02-18T05:55:48.329+0000] {processor.py:186} INFO - Started process (PID=10415) to work on /home/airflow/.local/lib/python3.12/site-packages/airflow/example_dags/example_xcomargs.py
[2025-02-18T05:55:48.330+0000] {processor.py:914} INFO - Processing file /home/airflow/.local/lib/python3.12/site-packages/airflow/example_dags/example_xcomargs.py for tasks to queue
[2025-02-18T05:55:48.332+0000] {logging_mixin.py:190} INFO - [2025-02-18T05:55:48.332+0000] {dagbag.py:588} INFO - Filling up the DagBag from /home/airflow/.local/lib/python3.12/site-packages/airflow/example_dags/example_xcomargs.py
[2025-02-18T05:55:48.339+0000] {processor.py:925} INFO - DAG(s) 'example_xcom_args_with_operators', 'example_xcom_args' retrieved from /home/airflow/.local/lib/python3.12/site-packages/airflow/example_dags/example_xcomargs.py
[2025-02-18T05:55:48.353+0000] {logging_mixin.py:190} INFO - [2025-02-18T05:55:48.353+0000] {dag.py:3239} INFO - Sync 2 DAGs
[2025-02-18T05:55:48.362+0000] {logging_mixin.py:190} INFO - [2025-02-18T05:55:48.361+0000] {dag.py:4180} INFO - Setting next_dagrun for example_xcom_args to None, run_after=None
[2025-02-18T05:55:48.364+0000] {logging_mixin.py:190} INFO - [2025-02-18T05:55:48.364+0000] {dag.py:4180} INFO - Setting next_dagrun for example_xcom_args_with_operators to None, run_after=None
[2025-02-18T05:55:48.373+0000] {processor.py:208} INFO - Processing /home/airflow/.local/lib/python3.12/site-packages/airflow/example_dags/example_xcomargs.py took 0.048 seconds
[2025-02-18T10:40:11.030+0000] {processor.py:186} INFO - Started process (PID=57) to work on /home/airflow/.local/lib/python3.12/site-packages/airflow/example_dags/example_xcomargs.py
[2025-02-18T10:40:11.034+0000] {processor.py:914} INFO - Processing file /home/airflow/.local/lib/python3.12/site-packages/airflow/example_dags/example_xcomargs.py for tasks to queue
[2025-02-18T10:40:11.036+0000] {logging_mixin.py:190} INFO - [2025-02-18T10:40:11.036+0000] {dagbag.py:588} INFO - Filling up the DagBag from /home/airflow/.local/lib/python3.12/site-packages/airflow/example_dags/example_xcomargs.py
[2025-02-18T10:40:11.042+0000] {processor.py:925} INFO - DAG(s) 'example_xcom_args', 'example_xcom_args_with_operators' retrieved from /home/airflow/.local/lib/python3.12/site-packages/airflow/example_dags/example_xcomargs.py
[2025-02-18T10:40:11.067+0000] {logging_mixin.py:190} INFO - [2025-02-18T10:40:11.067+0000] {dag.py:3239} INFO - Sync 2 DAGs
[2025-02-18T10:40:11.088+0000] {logging_mixin.py:190} INFO - [2025-02-18T10:40:11.088+0000] {dag.py:4180} INFO - Setting next_dagrun for example_xcom_args to None, run_after=None
[2025-02-18T10:40:11.096+0000] {logging_mixin.py:190} INFO - [2025-02-18T10:40:11.095+0000] {dag.py:4180} INFO - Setting next_dagrun for example_xcom_args_with_operators to None, run_after=None
[2025-02-18T10:40:11.114+0000] {processor.py:208} INFO - Processing /home/airflow/.local/lib/python3.12/site-packages/airflow/example_dags/example_xcomargs.py took 0.088 seconds
[2025-02-18T10:47:01.215+0000] {processor.py:186} INFO - Started process (PID=65) to work on /home/airflow/.local/lib/python3.12/site-packages/airflow/example_dags/example_xcomargs.py
[2025-02-18T10:47:01.216+0000] {processor.py:914} INFO - Processing file /home/airflow/.local/lib/python3.12/site-packages/airflow/example_dags/example_xcomargs.py for tasks to queue
[2025-02-18T10:47:01.220+0000] {logging_mixin.py:190} INFO - [2025-02-18T10:47:01.219+0000] {dagbag.py:588} INFO - Filling up the DagBag from /home/airflow/.local/lib/python3.12/site-packages/airflow/example_dags/example_xcomargs.py
[2025-02-18T10:47:01.235+0000] {processor.py:925} INFO - DAG(s) 'example_xcom_args', 'example_xcom_args_with_operators' retrieved from /home/airflow/.local/lib/python3.12/site-packages/airflow/example_dags/example_xcomargs.py
[2025-02-18T10:47:01.260+0000] {logging_mixin.py:190} INFO - [2025-02-18T10:47:01.260+0000] {dag.py:3239} INFO - Sync 2 DAGs
[2025-02-18T10:47:01.274+0000] {logging_mixin.py:190} INFO - [2025-02-18T10:47:01.274+0000] {dag.py:4180} INFO - Setting next_dagrun for example_xcom_args to None, run_after=None
[2025-02-18T10:47:01.286+0000] {logging_mixin.py:190} INFO - [2025-02-18T10:47:01.286+0000] {dag.py:4180} INFO - Setting next_dagrun for example_xcom_args_with_operators to None, run_after=None
[2025-02-18T10:47:01.302+0000] {processor.py:208} INFO - Processing /home/airflow/.local/lib/python3.12/site-packages/airflow/example_dags/example_xcomargs.py took 0.092 seconds
[2025-02-18T10:47:31.414+0000] {processor.py:186} INFO - Started process (PID=130) to work on /home/airflow/.local/lib/python3.12/site-packages/airflow/example_dags/example_xcomargs.py
[2025-02-18T10:47:31.415+0000] {processor.py:914} INFO - Processing file /home/airflow/.local/lib/python3.12/site-packages/airflow/example_dags/example_xcomargs.py for tasks to queue
[2025-02-18T10:47:31.417+0000] {logging_mixin.py:190} INFO - [2025-02-18T10:47:31.417+0000] {dagbag.py:588} INFO - Filling up the DagBag from /home/airflow/.local/lib/python3.12/site-packages/airflow/example_dags/example_xcomargs.py
[2025-02-18T10:47:31.424+0000] {processor.py:925} INFO - DAG(s) 'example_xcom_args', 'example_xcom_args_with_operators' retrieved from /home/airflow/.local/lib/python3.12/site-packages/airflow/example_dags/example_xcomargs.py
[2025-02-18T10:47:31.437+0000] {logging_mixin.py:190} INFO - [2025-02-18T10:47:31.437+0000] {dag.py:3239} INFO - Sync 2 DAGs
[2025-02-18T10:47:31.446+0000] {logging_mixin.py:190} INFO - [2025-02-18T10:47:31.446+0000] {dag.py:4180} INFO - Setting next_dagrun for example_xcom_args to None, run_after=None
[2025-02-18T10:47:31.448+0000] {logging_mixin.py:190} INFO - [2025-02-18T10:47:31.448+0000] {dag.py:4180} INFO - Setting next_dagrun for example_xcom_args_with_operators to None, run_after=None
[2025-02-18T10:47:31.459+0000] {processor.py:208} INFO - Processing /home/airflow/.local/lib/python3.12/site-packages/airflow/example_dags/example_xcomargs.py took 0.049 seconds
