[2025-02-18T01:09:48.636+0000] {processor.py:186} INFO - Started process (PID=8237) to work on /home/airflow/.local/lib/python3.12/site-packages/airflow/example_dags/example_latest_only_with_trigger.py
[2025-02-18T01:09:48.637+0000] {processor.py:914} INFO - Processing file /home/airflow/.local/lib/python3.12/site-packages/airflow/example_dags/example_latest_only_with_trigger.py for tasks to queue
[2025-02-18T01:09:48.638+0000] {logging_mixin.py:190} INFO - [2025-02-18T01:09:48.638+0000] {dagbag.py:588} INFO - Filling up the DagBag from /home/airflow/.local/lib/python3.12/site-packages/airflow/example_dags/example_latest_only_with_trigger.py
[2025-02-18T01:09:48.644+0000] {processor.py:925} INFO - DAG(s) 'latest_only_with_trigger' retrieved from /home/airflow/.local/lib/python3.12/site-packages/airflow/example_dags/example_latest_only_with_trigger.py
[2025-02-18T01:09:48.664+0000] {logging_mixin.py:190} INFO - [2025-02-18T01:09:48.663+0000] {dag.py:3239} INFO - Sync 1 DAGs
[2025-02-18T01:09:48.685+0000] {logging_mixin.py:190} INFO - [2025-02-18T01:09:48.685+0000] {dag.py:4180} INFO - Setting next_dagrun for latest_only_with_trigger to 2025-02-17 20:00:00+00:00, run_after=2025-02-18 00:00:00+00:00
[2025-02-18T01:09:48.702+0000] {processor.py:208} INFO - Processing /home/airflow/.local/lib/python3.12/site-packages/airflow/example_dags/example_latest_only_with_trigger.py took 0.070 seconds
[2025-02-18T01:44:58.840+0000] {processor.py:186} INFO - Started process (PID=8301) to work on /home/airflow/.local/lib/python3.12/site-packages/airflow/example_dags/example_latest_only_with_trigger.py
[2025-02-18T01:44:58.842+0000] {processor.py:914} INFO - Processing file /home/airflow/.local/lib/python3.12/site-packages/airflow/example_dags/example_latest_only_with_trigger.py for tasks to queue
[2025-02-18T01:44:58.843+0000] {logging_mixin.py:190} INFO - [2025-02-18T01:44:58.843+0000] {dagbag.py:588} INFO - Filling up the DagBag from /home/airflow/.local/lib/python3.12/site-packages/airflow/example_dags/example_latest_only_with_trigger.py
[2025-02-18T01:44:58.848+0000] {processor.py:925} INFO - DAG(s) 'latest_only_with_trigger' retrieved from /home/airflow/.local/lib/python3.12/site-packages/airflow/example_dags/example_latest_only_with_trigger.py
[2025-02-18T01:44:58.860+0000] {logging_mixin.py:190} INFO - [2025-02-18T01:44:58.860+0000] {dag.py:3239} INFO - Sync 1 DAGs
[2025-02-18T01:44:58.872+0000] {logging_mixin.py:190} INFO - [2025-02-18T01:44:58.872+0000] {dag.py:4180} INFO - Setting next_dagrun for latest_only_with_trigger to 2025-02-17 20:00:00+00:00, run_after=2025-02-18 00:00:00+00:00
[2025-02-18T01:44:58.885+0000] {processor.py:208} INFO - Processing /home/airflow/.local/lib/python3.12/site-packages/airflow/example_dags/example_latest_only_with_trigger.py took 0.049 seconds
[2025-02-18T02:31:36.359+0000] {processor.py:186} INFO - Started process (PID=8365) to work on /home/airflow/.local/lib/python3.12/site-packages/airflow/example_dags/example_latest_only_with_trigger.py
[2025-02-18T02:31:36.362+0000] {processor.py:914} INFO - Processing file /home/airflow/.local/lib/python3.12/site-packages/airflow/example_dags/example_latest_only_with_trigger.py for tasks to queue
[2025-02-18T02:31:36.363+0000] {logging_mixin.py:190} INFO - [2025-02-18T02:31:36.363+0000] {dagbag.py:588} INFO - Filling up the DagBag from /home/airflow/.local/lib/python3.12/site-packages/airflow/example_dags/example_latest_only_with_trigger.py
[2025-02-18T02:31:36.368+0000] {processor.py:925} INFO - DAG(s) 'latest_only_with_trigger' retrieved from /home/airflow/.local/lib/python3.12/site-packages/airflow/example_dags/example_latest_only_with_trigger.py
[2025-02-18T02:31:36.382+0000] {logging_mixin.py:190} INFO - [2025-02-18T02:31:36.382+0000] {dag.py:3239} INFO - Sync 1 DAGs
[2025-02-18T02:31:36.394+0000] {logging_mixin.py:190} INFO - [2025-02-18T02:31:36.394+0000] {dag.py:4180} INFO - Setting next_dagrun for latest_only_with_trigger to 2025-02-17 20:00:00+00:00, run_after=2025-02-18 00:00:00+00:00
[2025-02-18T02:31:36.404+0000] {processor.py:208} INFO - Processing /home/airflow/.local/lib/python3.12/site-packages/airflow/example_dags/example_latest_only_with_trigger.py took 0.049 seconds
[2025-02-18T02:54:39.874+0000] {processor.py:186} INFO - Started process (PID=8429) to work on /home/airflow/.local/lib/python3.12/site-packages/airflow/example_dags/example_latest_only_with_trigger.py
[2025-02-18T02:54:39.878+0000] {processor.py:914} INFO - Processing file /home/airflow/.local/lib/python3.12/site-packages/airflow/example_dags/example_latest_only_with_trigger.py for tasks to queue
[2025-02-18T02:54:39.878+0000] {logging_mixin.py:190} INFO - [2025-02-18T02:54:39.878+0000] {dagbag.py:588} INFO - Filling up the DagBag from /home/airflow/.local/lib/python3.12/site-packages/airflow/example_dags/example_latest_only_with_trigger.py
[2025-02-18T02:54:39.885+0000] {processor.py:925} INFO - DAG(s) 'latest_only_with_trigger' retrieved from /home/airflow/.local/lib/python3.12/site-packages/airflow/example_dags/example_latest_only_with_trigger.py
[2025-02-18T02:54:39.902+0000] {logging_mixin.py:190} INFO - [2025-02-18T02:54:39.902+0000] {dag.py:3239} INFO - Sync 1 DAGs
[2025-02-18T02:54:39.916+0000] {logging_mixin.py:190} INFO - [2025-02-18T02:54:39.916+0000] {dag.py:4180} INFO - Setting next_dagrun for latest_only_with_trigger to 2025-02-17 20:00:00+00:00, run_after=2025-02-18 00:00:00+00:00
[2025-02-18T02:54:39.929+0000] {processor.py:208} INFO - Processing /home/airflow/.local/lib/python3.12/site-packages/airflow/example_dags/example_latest_only_with_trigger.py took 0.059 seconds
[2025-02-18T03:12:49.679+0000] {processor.py:186} INFO - Started process (PID=8493) to work on /home/airflow/.local/lib/python3.12/site-packages/airflow/example_dags/example_latest_only_with_trigger.py
[2025-02-18T03:12:49.680+0000] {processor.py:914} INFO - Processing file /home/airflow/.local/lib/python3.12/site-packages/airflow/example_dags/example_latest_only_with_trigger.py for tasks to queue
[2025-02-18T03:12:49.681+0000] {logging_mixin.py:190} INFO - [2025-02-18T03:12:49.681+0000] {dagbag.py:588} INFO - Filling up the DagBag from /home/airflow/.local/lib/python3.12/site-packages/airflow/example_dags/example_latest_only_with_trigger.py
[2025-02-18T03:12:49.686+0000] {processor.py:925} INFO - DAG(s) 'latest_only_with_trigger' retrieved from /home/airflow/.local/lib/python3.12/site-packages/airflow/example_dags/example_latest_only_with_trigger.py
[2025-02-18T03:12:49.706+0000] {logging_mixin.py:190} INFO - [2025-02-18T03:12:49.706+0000] {dag.py:3239} INFO - Sync 1 DAGs
[2025-02-18T03:12:49.721+0000] {logging_mixin.py:190} INFO - [2025-02-18T03:12:49.721+0000] {dag.py:4180} INFO - Setting next_dagrun for latest_only_with_trigger to 2025-02-17 20:00:00+00:00, run_after=2025-02-18 00:00:00+00:00
[2025-02-18T03:12:49.736+0000] {processor.py:208} INFO - Processing /home/airflow/.local/lib/python3.12/site-packages/airflow/example_dags/example_latest_only_with_trigger.py took 0.061 seconds
[2025-02-18T04:35:28.724+0000] {processor.py:186} INFO - Started process (PID=8557) to work on /home/airflow/.local/lib/python3.12/site-packages/airflow/example_dags/example_latest_only_with_trigger.py
[2025-02-18T04:35:28.724+0000] {processor.py:914} INFO - Processing file /home/airflow/.local/lib/python3.12/site-packages/airflow/example_dags/example_latest_only_with_trigger.py for tasks to queue
[2025-02-18T04:35:28.725+0000] {logging_mixin.py:190} INFO - [2025-02-18T04:35:28.725+0000] {dagbag.py:588} INFO - Filling up the DagBag from /home/airflow/.local/lib/python3.12/site-packages/airflow/example_dags/example_latest_only_with_trigger.py
[2025-02-18T04:35:28.730+0000] {processor.py:925} INFO - DAG(s) 'latest_only_with_trigger' retrieved from /home/airflow/.local/lib/python3.12/site-packages/airflow/example_dags/example_latest_only_with_trigger.py
[2025-02-18T04:35:28.746+0000] {logging_mixin.py:190} INFO - [2025-02-18T04:35:28.745+0000] {dag.py:3239} INFO - Sync 1 DAGs
[2025-02-18T04:35:28.762+0000] {logging_mixin.py:190} INFO - [2025-02-18T04:35:28.762+0000] {dag.py:4180} INFO - Setting next_dagrun for latest_only_with_trigger to 2025-02-18 00:00:00+00:00, run_after=2025-02-18 04:00:00+00:00
[2025-02-18T04:35:28.774+0000] {processor.py:208} INFO - Processing /home/airflow/.local/lib/python3.12/site-packages/airflow/example_dags/example_latest_only_with_trigger.py took 0.054 seconds
[2025-02-18T04:55:48.118+0000] {processor.py:186} INFO - Started process (PID=8621) to work on /home/airflow/.local/lib/python3.12/site-packages/airflow/example_dags/example_latest_only_with_trigger.py
[2025-02-18T04:55:48.120+0000] {processor.py:914} INFO - Processing file /home/airflow/.local/lib/python3.12/site-packages/airflow/example_dags/example_latest_only_with_trigger.py for tasks to queue
[2025-02-18T04:55:48.121+0000] {logging_mixin.py:190} INFO - [2025-02-18T04:55:48.120+0000] {dagbag.py:588} INFO - Filling up the DagBag from /home/airflow/.local/lib/python3.12/site-packages/airflow/example_dags/example_latest_only_with_trigger.py
[2025-02-18T04:55:48.126+0000] {processor.py:925} INFO - DAG(s) 'latest_only_with_trigger' retrieved from /home/airflow/.local/lib/python3.12/site-packages/airflow/example_dags/example_latest_only_with_trigger.py
[2025-02-18T04:55:48.144+0000] {logging_mixin.py:190} INFO - [2025-02-18T04:55:48.144+0000] {dag.py:3239} INFO - Sync 1 DAGs
[2025-02-18T04:55:48.159+0000] {logging_mixin.py:190} INFO - [2025-02-18T04:55:48.158+0000] {dag.py:4180} INFO - Setting next_dagrun for latest_only_with_trigger to 2025-02-18 00:00:00+00:00, run_after=2025-02-18 04:00:00+00:00
[2025-02-18T04:55:48.169+0000] {processor.py:208} INFO - Processing /home/airflow/.local/lib/python3.12/site-packages/airflow/example_dags/example_latest_only_with_trigger.py took 0.053 seconds
[2025-02-18T05:42:07.108+0000] {processor.py:186} INFO - Started process (PID=8685) to work on /home/airflow/.local/lib/python3.12/site-packages/airflow/example_dags/example_latest_only_with_trigger.py
[2025-02-18T05:42:07.111+0000] {processor.py:914} INFO - Processing file /home/airflow/.local/lib/python3.12/site-packages/airflow/example_dags/example_latest_only_with_trigger.py for tasks to queue
[2025-02-18T05:42:07.112+0000] {logging_mixin.py:190} INFO - [2025-02-18T05:42:07.112+0000] {dagbag.py:588} INFO - Filling up the DagBag from /home/airflow/.local/lib/python3.12/site-packages/airflow/example_dags/example_latest_only_with_trigger.py
[2025-02-18T05:42:07.117+0000] {processor.py:925} INFO - DAG(s) 'latest_only_with_trigger' retrieved from /home/airflow/.local/lib/python3.12/site-packages/airflow/example_dags/example_latest_only_with_trigger.py
[2025-02-18T05:42:07.132+0000] {logging_mixin.py:190} INFO - [2025-02-18T05:42:07.131+0000] {dag.py:3239} INFO - Sync 1 DAGs
[2025-02-18T05:42:07.153+0000] {logging_mixin.py:190} INFO - [2025-02-18T05:42:07.153+0000] {dag.py:4180} INFO - Setting next_dagrun for latest_only_with_trigger to 2025-02-18 00:00:00+00:00, run_after=2025-02-18 04:00:00+00:00
[2025-02-18T05:42:07.166+0000] {processor.py:208} INFO - Processing /home/airflow/.local/lib/python3.12/site-packages/airflow/example_dags/example_latest_only_with_trigger.py took 0.068 seconds
[2025-02-18T05:42:37.653+0000] {processor.py:186} INFO - Started process (PID=8749) to work on /home/airflow/.local/lib/python3.12/site-packages/airflow/example_dags/example_latest_only_with_trigger.py
[2025-02-18T05:42:37.655+0000] {processor.py:914} INFO - Processing file /home/airflow/.local/lib/python3.12/site-packages/airflow/example_dags/example_latest_only_with_trigger.py for tasks to queue
[2025-02-18T05:42:37.658+0000] {logging_mixin.py:190} INFO - [2025-02-18T05:42:37.657+0000] {dagbag.py:588} INFO - Filling up the DagBag from /home/airflow/.local/lib/python3.12/site-packages/airflow/example_dags/example_latest_only_with_trigger.py
[2025-02-18T05:42:37.667+0000] {processor.py:925} INFO - DAG(s) 'latest_only_with_trigger' retrieved from /home/airflow/.local/lib/python3.12/site-packages/airflow/example_dags/example_latest_only_with_trigger.py
[2025-02-18T05:42:37.690+0000] {logging_mixin.py:190} INFO - [2025-02-18T05:42:37.689+0000] {dag.py:3239} INFO - Sync 1 DAGs
[2025-02-18T05:42:37.712+0000] {logging_mixin.py:190} INFO - [2025-02-18T05:42:37.712+0000] {dag.py:4180} INFO - Setting next_dagrun for latest_only_with_trigger to 2025-02-18 00:00:00+00:00, run_after=2025-02-18 04:00:00+00:00
[2025-02-18T05:42:37.726+0000] {processor.py:208} INFO - Processing /home/airflow/.local/lib/python3.12/site-packages/airflow/example_dags/example_latest_only_with_trigger.py took 0.078 seconds
[2025-02-18T05:43:07.951+0000] {processor.py:186} INFO - Started process (PID=8813) to work on /home/airflow/.local/lib/python3.12/site-packages/airflow/example_dags/example_latest_only_with_trigger.py
[2025-02-18T05:43:07.952+0000] {processor.py:914} INFO - Processing file /home/airflow/.local/lib/python3.12/site-packages/airflow/example_dags/example_latest_only_with_trigger.py for tasks to queue
[2025-02-18T05:43:07.953+0000] {logging_mixin.py:190} INFO - [2025-02-18T05:43:07.953+0000] {dagbag.py:588} INFO - Filling up the DagBag from /home/airflow/.local/lib/python3.12/site-packages/airflow/example_dags/example_latest_only_with_trigger.py
[2025-02-18T05:43:07.959+0000] {processor.py:925} INFO - DAG(s) 'latest_only_with_trigger' retrieved from /home/airflow/.local/lib/python3.12/site-packages/airflow/example_dags/example_latest_only_with_trigger.py
[2025-02-18T05:43:07.977+0000] {logging_mixin.py:190} INFO - [2025-02-18T05:43:07.977+0000] {dag.py:3239} INFO - Sync 1 DAGs
[2025-02-18T05:43:07.990+0000] {logging_mixin.py:190} INFO - [2025-02-18T05:43:07.990+0000] {dag.py:4180} INFO - Setting next_dagrun for latest_only_with_trigger to 2025-02-18 00:00:00+00:00, run_after=2025-02-18 04:00:00+00:00
[2025-02-18T05:43:08.003+0000] {processor.py:208} INFO - Processing /home/airflow/.local/lib/python3.12/site-packages/airflow/example_dags/example_latest_only_with_trigger.py took 0.055 seconds
[2025-02-18T05:43:38.185+0000] {processor.py:186} INFO - Started process (PID=8877) to work on /home/airflow/.local/lib/python3.12/site-packages/airflow/example_dags/example_latest_only_with_trigger.py
[2025-02-18T05:43:38.187+0000] {processor.py:914} INFO - Processing file /home/airflow/.local/lib/python3.12/site-packages/airflow/example_dags/example_latest_only_with_trigger.py for tasks to queue
[2025-02-18T05:43:38.187+0000] {logging_mixin.py:190} INFO - [2025-02-18T05:43:38.187+0000] {dagbag.py:588} INFO - Filling up the DagBag from /home/airflow/.local/lib/python3.12/site-packages/airflow/example_dags/example_latest_only_with_trigger.py
[2025-02-18T05:43:38.196+0000] {processor.py:925} INFO - DAG(s) 'latest_only_with_trigger' retrieved from /home/airflow/.local/lib/python3.12/site-packages/airflow/example_dags/example_latest_only_with_trigger.py
[2025-02-18T05:43:38.209+0000] {logging_mixin.py:190} INFO - [2025-02-18T05:43:38.209+0000] {dag.py:3239} INFO - Sync 1 DAGs
[2025-02-18T05:43:38.223+0000] {logging_mixin.py:190} INFO - [2025-02-18T05:43:38.223+0000] {dag.py:4180} INFO - Setting next_dagrun for latest_only_with_trigger to 2025-02-18 00:00:00+00:00, run_after=2025-02-18 04:00:00+00:00
[2025-02-18T05:43:38.233+0000] {processor.py:208} INFO - Processing /home/airflow/.local/lib/python3.12/site-packages/airflow/example_dags/example_latest_only_with_trigger.py took 0.051 seconds
[2025-02-18T05:44:08.720+0000] {processor.py:186} INFO - Started process (PID=8941) to work on /home/airflow/.local/lib/python3.12/site-packages/airflow/example_dags/example_latest_only_with_trigger.py
[2025-02-18T05:44:08.721+0000] {processor.py:914} INFO - Processing file /home/airflow/.local/lib/python3.12/site-packages/airflow/example_dags/example_latest_only_with_trigger.py for tasks to queue
[2025-02-18T05:44:08.722+0000] {logging_mixin.py:190} INFO - [2025-02-18T05:44:08.722+0000] {dagbag.py:588} INFO - Filling up the DagBag from /home/airflow/.local/lib/python3.12/site-packages/airflow/example_dags/example_latest_only_with_trigger.py
[2025-02-18T05:44:08.727+0000] {processor.py:925} INFO - DAG(s) 'latest_only_with_trigger' retrieved from /home/airflow/.local/lib/python3.12/site-packages/airflow/example_dags/example_latest_only_with_trigger.py
[2025-02-18T05:44:08.744+0000] {logging_mixin.py:190} INFO - [2025-02-18T05:44:08.744+0000] {dag.py:3239} INFO - Sync 1 DAGs
[2025-02-18T05:44:08.759+0000] {logging_mixin.py:190} INFO - [2025-02-18T05:44:08.759+0000] {dag.py:4180} INFO - Setting next_dagrun for latest_only_with_trigger to 2025-02-18 00:00:00+00:00, run_after=2025-02-18 04:00:00+00:00
[2025-02-18T05:44:08.780+0000] {processor.py:208} INFO - Processing /home/airflow/.local/lib/python3.12/site-packages/airflow/example_dags/example_latest_only_with_trigger.py took 0.063 seconds
[2025-02-18T05:44:39.365+0000] {processor.py:186} INFO - Started process (PID=9005) to work on /home/airflow/.local/lib/python3.12/site-packages/airflow/example_dags/example_latest_only_with_trigger.py
[2025-02-18T05:44:39.366+0000] {processor.py:914} INFO - Processing file /home/airflow/.local/lib/python3.12/site-packages/airflow/example_dags/example_latest_only_with_trigger.py for tasks to queue
[2025-02-18T05:44:39.367+0000] {logging_mixin.py:190} INFO - [2025-02-18T05:44:39.367+0000] {dagbag.py:588} INFO - Filling up the DagBag from /home/airflow/.local/lib/python3.12/site-packages/airflow/example_dags/example_latest_only_with_trigger.py
[2025-02-18T05:44:39.377+0000] {processor.py:925} INFO - DAG(s) 'latest_only_with_trigger' retrieved from /home/airflow/.local/lib/python3.12/site-packages/airflow/example_dags/example_latest_only_with_trigger.py
[2025-02-18T05:44:39.410+0000] {logging_mixin.py:190} INFO - [2025-02-18T05:44:39.409+0000] {dag.py:3239} INFO - Sync 1 DAGs
[2025-02-18T05:44:39.434+0000] {logging_mixin.py:190} INFO - [2025-02-18T05:44:39.434+0000] {dag.py:4180} INFO - Setting next_dagrun for latest_only_with_trigger to 2025-02-18 00:00:00+00:00, run_after=2025-02-18 04:00:00+00:00
[2025-02-18T05:44:39.450+0000] {processor.py:208} INFO - Processing /home/airflow/.local/lib/python3.12/site-packages/airflow/example_dags/example_latest_only_with_trigger.py took 0.092 seconds
[2025-02-18T05:45:10.330+0000] {processor.py:186} INFO - Started process (PID=9069) to work on /home/airflow/.local/lib/python3.12/site-packages/airflow/example_dags/example_latest_only_with_trigger.py
[2025-02-18T05:45:10.331+0000] {processor.py:914} INFO - Processing file /home/airflow/.local/lib/python3.12/site-packages/airflow/example_dags/example_latest_only_with_trigger.py for tasks to queue
[2025-02-18T05:45:10.332+0000] {logging_mixin.py:190} INFO - [2025-02-18T05:45:10.331+0000] {dagbag.py:588} INFO - Filling up the DagBag from /home/airflow/.local/lib/python3.12/site-packages/airflow/example_dags/example_latest_only_with_trigger.py
[2025-02-18T05:45:10.337+0000] {processor.py:925} INFO - DAG(s) 'latest_only_with_trigger' retrieved from /home/airflow/.local/lib/python3.12/site-packages/airflow/example_dags/example_latest_only_with_trigger.py
[2025-02-18T05:45:10.350+0000] {logging_mixin.py:190} INFO - [2025-02-18T05:45:10.350+0000] {dag.py:3239} INFO - Sync 1 DAGs
[2025-02-18T05:45:10.364+0000] {logging_mixin.py:190} INFO - [2025-02-18T05:45:10.364+0000] {dag.py:4180} INFO - Setting next_dagrun for latest_only_with_trigger to 2025-02-18 00:00:00+00:00, run_after=2025-02-18 04:00:00+00:00
[2025-02-18T05:45:10.375+0000] {processor.py:208} INFO - Processing /home/airflow/.local/lib/python3.12/site-packages/airflow/example_dags/example_latest_only_with_trigger.py took 0.049 seconds
[2025-02-18T05:45:40.629+0000] {processor.py:186} INFO - Started process (PID=9133) to work on /home/airflow/.local/lib/python3.12/site-packages/airflow/example_dags/example_latest_only_with_trigger.py
[2025-02-18T05:45:40.631+0000] {processor.py:914} INFO - Processing file /home/airflow/.local/lib/python3.12/site-packages/airflow/example_dags/example_latest_only_with_trigger.py for tasks to queue
[2025-02-18T05:45:40.632+0000] {logging_mixin.py:190} INFO - [2025-02-18T05:45:40.632+0000] {dagbag.py:588} INFO - Filling up the DagBag from /home/airflow/.local/lib/python3.12/site-packages/airflow/example_dags/example_latest_only_with_trigger.py
[2025-02-18T05:45:40.637+0000] {processor.py:925} INFO - DAG(s) 'latest_only_with_trigger' retrieved from /home/airflow/.local/lib/python3.12/site-packages/airflow/example_dags/example_latest_only_with_trigger.py
[2025-02-18T05:45:40.650+0000] {logging_mixin.py:190} INFO - [2025-02-18T05:45:40.650+0000] {dag.py:3239} INFO - Sync 1 DAGs
[2025-02-18T05:45:40.663+0000] {logging_mixin.py:190} INFO - [2025-02-18T05:45:40.663+0000] {dag.py:4180} INFO - Setting next_dagrun for latest_only_with_trigger to 2025-02-18 00:00:00+00:00, run_after=2025-02-18 04:00:00+00:00
[2025-02-18T05:45:40.676+0000] {processor.py:208} INFO - Processing /home/airflow/.local/lib/python3.12/site-packages/airflow/example_dags/example_latest_only_with_trigger.py took 0.051 seconds
[2025-02-18T05:46:11.777+0000] {processor.py:186} INFO - Started process (PID=9197) to work on /home/airflow/.local/lib/python3.12/site-packages/airflow/example_dags/example_latest_only_with_trigger.py
[2025-02-18T05:46:11.778+0000] {processor.py:914} INFO - Processing file /home/airflow/.local/lib/python3.12/site-packages/airflow/example_dags/example_latest_only_with_trigger.py for tasks to queue
[2025-02-18T05:46:11.780+0000] {logging_mixin.py:190} INFO - [2025-02-18T05:46:11.780+0000] {dagbag.py:588} INFO - Filling up the DagBag from /home/airflow/.local/lib/python3.12/site-packages/airflow/example_dags/example_latest_only_with_trigger.py
[2025-02-18T05:46:11.785+0000] {processor.py:925} INFO - DAG(s) 'latest_only_with_trigger' retrieved from /home/airflow/.local/lib/python3.12/site-packages/airflow/example_dags/example_latest_only_with_trigger.py
[2025-02-18T05:46:11.798+0000] {logging_mixin.py:190} INFO - [2025-02-18T05:46:11.798+0000] {dag.py:3239} INFO - Sync 1 DAGs
[2025-02-18T05:46:11.812+0000] {logging_mixin.py:190} INFO - [2025-02-18T05:46:11.812+0000] {dag.py:4180} INFO - Setting next_dagrun for latest_only_with_trigger to 2025-02-18 00:00:00+00:00, run_after=2025-02-18 04:00:00+00:00
[2025-02-18T05:46:11.824+0000] {processor.py:208} INFO - Processing /home/airflow/.local/lib/python3.12/site-packages/airflow/example_dags/example_latest_only_with_trigger.py took 0.051 seconds
[2025-02-18T05:46:42.093+0000] {processor.py:186} INFO - Started process (PID=9261) to work on /home/airflow/.local/lib/python3.12/site-packages/airflow/example_dags/example_latest_only_with_trigger.py
[2025-02-18T05:46:42.093+0000] {processor.py:914} INFO - Processing file /home/airflow/.local/lib/python3.12/site-packages/airflow/example_dags/example_latest_only_with_trigger.py for tasks to queue
[2025-02-18T05:46:42.095+0000] {logging_mixin.py:190} INFO - [2025-02-18T05:46:42.094+0000] {dagbag.py:588} INFO - Filling up the DagBag from /home/airflow/.local/lib/python3.12/site-packages/airflow/example_dags/example_latest_only_with_trigger.py
[2025-02-18T05:46:42.100+0000] {processor.py:925} INFO - DAG(s) 'latest_only_with_trigger' retrieved from /home/airflow/.local/lib/python3.12/site-packages/airflow/example_dags/example_latest_only_with_trigger.py
[2025-02-18T05:46:42.112+0000] {logging_mixin.py:190} INFO - [2025-02-18T05:46:42.112+0000] {dag.py:3239} INFO - Sync 1 DAGs
[2025-02-18T05:46:42.126+0000] {logging_mixin.py:190} INFO - [2025-02-18T05:46:42.126+0000] {dag.py:4180} INFO - Setting next_dagrun for latest_only_with_trigger to 2025-02-18 00:00:00+00:00, run_after=2025-02-18 04:00:00+00:00
[2025-02-18T05:46:42.141+0000] {processor.py:208} INFO - Processing /home/airflow/.local/lib/python3.12/site-packages/airflow/example_dags/example_latest_only_with_trigger.py took 0.052 seconds
[2025-02-18T05:47:12.707+0000] {processor.py:186} INFO - Started process (PID=9325) to work on /home/airflow/.local/lib/python3.12/site-packages/airflow/example_dags/example_latest_only_with_trigger.py
[2025-02-18T05:47:12.708+0000] {processor.py:914} INFO - Processing file /home/airflow/.local/lib/python3.12/site-packages/airflow/example_dags/example_latest_only_with_trigger.py for tasks to queue
[2025-02-18T05:47:12.708+0000] {logging_mixin.py:190} INFO - [2025-02-18T05:47:12.708+0000] {dagbag.py:588} INFO - Filling up the DagBag from /home/airflow/.local/lib/python3.12/site-packages/airflow/example_dags/example_latest_only_with_trigger.py
[2025-02-18T05:47:12.714+0000] {processor.py:925} INFO - DAG(s) 'latest_only_with_trigger' retrieved from /home/airflow/.local/lib/python3.12/site-packages/airflow/example_dags/example_latest_only_with_trigger.py
[2025-02-18T05:47:12.726+0000] {logging_mixin.py:190} INFO - [2025-02-18T05:47:12.726+0000] {dag.py:3239} INFO - Sync 1 DAGs
[2025-02-18T05:47:12.736+0000] {logging_mixin.py:190} INFO - [2025-02-18T05:47:12.736+0000] {dag.py:4180} INFO - Setting next_dagrun for latest_only_with_trigger to 2025-02-18 00:00:00+00:00, run_after=2025-02-18 04:00:00+00:00
[2025-02-18T05:47:12.749+0000] {processor.py:208} INFO - Processing /home/airflow/.local/lib/python3.12/site-packages/airflow/example_dags/example_latest_only_with_trigger.py took 0.046 seconds
[2025-02-18T05:47:42.936+0000] {processor.py:186} INFO - Started process (PID=9389) to work on /home/airflow/.local/lib/python3.12/site-packages/airflow/example_dags/example_latest_only_with_trigger.py
[2025-02-18T05:47:42.937+0000] {processor.py:914} INFO - Processing file /home/airflow/.local/lib/python3.12/site-packages/airflow/example_dags/example_latest_only_with_trigger.py for tasks to queue
[2025-02-18T05:47:42.938+0000] {logging_mixin.py:190} INFO - [2025-02-18T05:47:42.938+0000] {dagbag.py:588} INFO - Filling up the DagBag from /home/airflow/.local/lib/python3.12/site-packages/airflow/example_dags/example_latest_only_with_trigger.py
[2025-02-18T05:47:42.945+0000] {processor.py:925} INFO - DAG(s) 'latest_only_with_trigger' retrieved from /home/airflow/.local/lib/python3.12/site-packages/airflow/example_dags/example_latest_only_with_trigger.py
[2025-02-18T05:47:42.956+0000] {logging_mixin.py:190} INFO - [2025-02-18T05:47:42.956+0000] {dag.py:3239} INFO - Sync 1 DAGs
[2025-02-18T05:47:42.970+0000] {logging_mixin.py:190} INFO - [2025-02-18T05:47:42.969+0000] {dag.py:4180} INFO - Setting next_dagrun for latest_only_with_trigger to 2025-02-18 00:00:00+00:00, run_after=2025-02-18 04:00:00+00:00
[2025-02-18T05:47:42.981+0000] {processor.py:208} INFO - Processing /home/airflow/.local/lib/python3.12/site-packages/airflow/example_dags/example_latest_only_with_trigger.py took 0.048 seconds
[2025-02-18T05:48:13.211+0000] {processor.py:186} INFO - Started process (PID=9453) to work on /home/airflow/.local/lib/python3.12/site-packages/airflow/example_dags/example_latest_only_with_trigger.py
[2025-02-18T05:48:13.215+0000] {processor.py:914} INFO - Processing file /home/airflow/.local/lib/python3.12/site-packages/airflow/example_dags/example_latest_only_with_trigger.py for tasks to queue
[2025-02-18T05:48:13.217+0000] {logging_mixin.py:190} INFO - [2025-02-18T05:48:13.217+0000] {dagbag.py:588} INFO - Filling up the DagBag from /home/airflow/.local/lib/python3.12/site-packages/airflow/example_dags/example_latest_only_with_trigger.py
[2025-02-18T05:48:13.223+0000] {processor.py:925} INFO - DAG(s) 'latest_only_with_trigger' retrieved from /home/airflow/.local/lib/python3.12/site-packages/airflow/example_dags/example_latest_only_with_trigger.py
[2025-02-18T05:48:13.238+0000] {logging_mixin.py:190} INFO - [2025-02-18T05:48:13.238+0000] {dag.py:3239} INFO - Sync 1 DAGs
[2025-02-18T05:48:13.251+0000] {logging_mixin.py:190} INFO - [2025-02-18T05:48:13.251+0000] {dag.py:4180} INFO - Setting next_dagrun for latest_only_with_trigger to 2025-02-18 00:00:00+00:00, run_after=2025-02-18 04:00:00+00:00
[2025-02-18T05:48:13.263+0000] {processor.py:208} INFO - Processing /home/airflow/.local/lib/python3.12/site-packages/airflow/example_dags/example_latest_only_with_trigger.py took 0.056 seconds
[2025-02-18T05:48:43.431+0000] {processor.py:186} INFO - Started process (PID=9517) to work on /home/airflow/.local/lib/python3.12/site-packages/airflow/example_dags/example_latest_only_with_trigger.py
[2025-02-18T05:48:43.434+0000] {processor.py:914} INFO - Processing file /home/airflow/.local/lib/python3.12/site-packages/airflow/example_dags/example_latest_only_with_trigger.py for tasks to queue
[2025-02-18T05:48:43.435+0000] {logging_mixin.py:190} INFO - [2025-02-18T05:48:43.434+0000] {dagbag.py:588} INFO - Filling up the DagBag from /home/airflow/.local/lib/python3.12/site-packages/airflow/example_dags/example_latest_only_with_trigger.py
[2025-02-18T05:48:43.440+0000] {processor.py:925} INFO - DAG(s) 'latest_only_with_trigger' retrieved from /home/airflow/.local/lib/python3.12/site-packages/airflow/example_dags/example_latest_only_with_trigger.py
[2025-02-18T05:48:43.452+0000] {logging_mixin.py:190} INFO - [2025-02-18T05:48:43.452+0000] {dag.py:3239} INFO - Sync 1 DAGs
[2025-02-18T05:48:43.465+0000] {logging_mixin.py:190} INFO - [2025-02-18T05:48:43.465+0000] {dag.py:4180} INFO - Setting next_dagrun for latest_only_with_trigger to 2025-02-18 00:00:00+00:00, run_after=2025-02-18 04:00:00+00:00
[2025-02-18T05:48:43.476+0000] {processor.py:208} INFO - Processing /home/airflow/.local/lib/python3.12/site-packages/airflow/example_dags/example_latest_only_with_trigger.py took 0.048 seconds
[2025-02-18T05:49:14.315+0000] {processor.py:186} INFO - Started process (PID=9581) to work on /home/airflow/.local/lib/python3.12/site-packages/airflow/example_dags/example_latest_only_with_trigger.py
[2025-02-18T05:49:14.316+0000] {processor.py:914} INFO - Processing file /home/airflow/.local/lib/python3.12/site-packages/airflow/example_dags/example_latest_only_with_trigger.py for tasks to queue
[2025-02-18T05:49:14.317+0000] {logging_mixin.py:190} INFO - [2025-02-18T05:49:14.317+0000] {dagbag.py:588} INFO - Filling up the DagBag from /home/airflow/.local/lib/python3.12/site-packages/airflow/example_dags/example_latest_only_with_trigger.py
[2025-02-18T05:49:14.325+0000] {processor.py:925} INFO - DAG(s) 'latest_only_with_trigger' retrieved from /home/airflow/.local/lib/python3.12/site-packages/airflow/example_dags/example_latest_only_with_trigger.py
[2025-02-18T05:49:14.338+0000] {logging_mixin.py:190} INFO - [2025-02-18T05:49:14.337+0000] {dag.py:3239} INFO - Sync 1 DAGs
[2025-02-18T05:49:14.350+0000] {logging_mixin.py:190} INFO - [2025-02-18T05:49:14.350+0000] {dag.py:4180} INFO - Setting next_dagrun for latest_only_with_trigger to 2025-02-18 00:00:00+00:00, run_after=2025-02-18 04:00:00+00:00
[2025-02-18T05:49:14.360+0000] {processor.py:208} INFO - Processing /home/airflow/.local/lib/python3.12/site-packages/airflow/example_dags/example_latest_only_with_trigger.py took 0.049 seconds
[2025-02-18T05:49:44.534+0000] {processor.py:186} INFO - Started process (PID=9645) to work on /home/airflow/.local/lib/python3.12/site-packages/airflow/example_dags/example_latest_only_with_trigger.py
[2025-02-18T05:49:44.535+0000] {processor.py:914} INFO - Processing file /home/airflow/.local/lib/python3.12/site-packages/airflow/example_dags/example_latest_only_with_trigger.py for tasks to queue
[2025-02-18T05:49:44.535+0000] {logging_mixin.py:190} INFO - [2025-02-18T05:49:44.535+0000] {dagbag.py:588} INFO - Filling up the DagBag from /home/airflow/.local/lib/python3.12/site-packages/airflow/example_dags/example_latest_only_with_trigger.py
[2025-02-18T05:49:44.540+0000] {processor.py:925} INFO - DAG(s) 'latest_only_with_trigger' retrieved from /home/airflow/.local/lib/python3.12/site-packages/airflow/example_dags/example_latest_only_with_trigger.py
[2025-02-18T05:49:44.552+0000] {logging_mixin.py:190} INFO - [2025-02-18T05:49:44.552+0000] {dag.py:3239} INFO - Sync 1 DAGs
[2025-02-18T05:49:44.565+0000] {logging_mixin.py:190} INFO - [2025-02-18T05:49:44.565+0000] {dag.py:4180} INFO - Setting next_dagrun for latest_only_with_trigger to 2025-02-18 00:00:00+00:00, run_after=2025-02-18 04:00:00+00:00
[2025-02-18T05:49:44.580+0000] {processor.py:208} INFO - Processing /home/airflow/.local/lib/python3.12/site-packages/airflow/example_dags/example_latest_only_with_trigger.py took 0.050 seconds
[2025-02-18T05:50:14.690+0000] {processor.py:186} INFO - Started process (PID=9709) to work on /home/airflow/.local/lib/python3.12/site-packages/airflow/example_dags/example_latest_only_with_trigger.py
[2025-02-18T05:50:14.691+0000] {processor.py:914} INFO - Processing file /home/airflow/.local/lib/python3.12/site-packages/airflow/example_dags/example_latest_only_with_trigger.py for tasks to queue
[2025-02-18T05:50:14.692+0000] {logging_mixin.py:190} INFO - [2025-02-18T05:50:14.692+0000] {dagbag.py:588} INFO - Filling up the DagBag from /home/airflow/.local/lib/python3.12/site-packages/airflow/example_dags/example_latest_only_with_trigger.py
[2025-02-18T05:50:14.698+0000] {processor.py:925} INFO - DAG(s) 'latest_only_with_trigger' retrieved from /home/airflow/.local/lib/python3.12/site-packages/airflow/example_dags/example_latest_only_with_trigger.py
[2025-02-18T05:50:14.712+0000] {logging_mixin.py:190} INFO - [2025-02-18T05:50:14.712+0000] {dag.py:3239} INFO - Sync 1 DAGs
[2025-02-18T05:50:14.727+0000] {logging_mixin.py:190} INFO - [2025-02-18T05:50:14.727+0000] {dag.py:4180} INFO - Setting next_dagrun for latest_only_with_trigger to 2025-02-18 00:00:00+00:00, run_after=2025-02-18 04:00:00+00:00
[2025-02-18T05:50:14.743+0000] {processor.py:208} INFO - Processing /home/airflow/.local/lib/python3.12/site-packages/airflow/example_dags/example_latest_only_with_trigger.py took 0.056 seconds
[2025-02-18T05:50:44.837+0000] {processor.py:186} INFO - Started process (PID=9774) to work on /home/airflow/.local/lib/python3.12/site-packages/airflow/example_dags/example_latest_only_with_trigger.py
[2025-02-18T05:50:44.838+0000] {processor.py:914} INFO - Processing file /home/airflow/.local/lib/python3.12/site-packages/airflow/example_dags/example_latest_only_with_trigger.py for tasks to queue
[2025-02-18T05:50:44.839+0000] {logging_mixin.py:190} INFO - [2025-02-18T05:50:44.838+0000] {dagbag.py:588} INFO - Filling up the DagBag from /home/airflow/.local/lib/python3.12/site-packages/airflow/example_dags/example_latest_only_with_trigger.py
[2025-02-18T05:50:44.844+0000] {processor.py:925} INFO - DAG(s) 'latest_only_with_trigger' retrieved from /home/airflow/.local/lib/python3.12/site-packages/airflow/example_dags/example_latest_only_with_trigger.py
[2025-02-18T05:50:44.858+0000] {logging_mixin.py:190} INFO - [2025-02-18T05:50:44.858+0000] {dag.py:3239} INFO - Sync 1 DAGs
[2025-02-18T05:50:44.873+0000] {logging_mixin.py:190} INFO - [2025-02-18T05:50:44.872+0000] {dag.py:4180} INFO - Setting next_dagrun for latest_only_with_trigger to 2025-02-18 00:00:00+00:00, run_after=2025-02-18 04:00:00+00:00
[2025-02-18T05:50:44.891+0000] {processor.py:208} INFO - Processing /home/airflow/.local/lib/python3.12/site-packages/airflow/example_dags/example_latest_only_with_trigger.py took 0.057 seconds
[2025-02-18T05:51:15.250+0000] {processor.py:186} INFO - Started process (PID=9838) to work on /home/airflow/.local/lib/python3.12/site-packages/airflow/example_dags/example_latest_only_with_trigger.py
[2025-02-18T05:51:15.251+0000] {processor.py:914} INFO - Processing file /home/airflow/.local/lib/python3.12/site-packages/airflow/example_dags/example_latest_only_with_trigger.py for tasks to queue
[2025-02-18T05:51:15.252+0000] {logging_mixin.py:190} INFO - [2025-02-18T05:51:15.252+0000] {dagbag.py:588} INFO - Filling up the DagBag from /home/airflow/.local/lib/python3.12/site-packages/airflow/example_dags/example_latest_only_with_trigger.py
[2025-02-18T05:51:15.257+0000] {processor.py:925} INFO - DAG(s) 'latest_only_with_trigger' retrieved from /home/airflow/.local/lib/python3.12/site-packages/airflow/example_dags/example_latest_only_with_trigger.py
[2025-02-18T05:51:15.268+0000] {logging_mixin.py:190} INFO - [2025-02-18T05:51:15.267+0000] {dag.py:3239} INFO - Sync 1 DAGs
[2025-02-18T05:51:15.278+0000] {logging_mixin.py:190} INFO - [2025-02-18T05:51:15.278+0000] {dag.py:4180} INFO - Setting next_dagrun for latest_only_with_trigger to 2025-02-18 00:00:00+00:00, run_after=2025-02-18 04:00:00+00:00
[2025-02-18T05:51:15.287+0000] {processor.py:208} INFO - Processing /home/airflow/.local/lib/python3.12/site-packages/airflow/example_dags/example_latest_only_with_trigger.py took 0.040 seconds
[2025-02-18T05:51:45.622+0000] {processor.py:186} INFO - Started process (PID=9902) to work on /home/airflow/.local/lib/python3.12/site-packages/airflow/example_dags/example_latest_only_with_trigger.py
[2025-02-18T05:51:45.623+0000] {processor.py:914} INFO - Processing file /home/airflow/.local/lib/python3.12/site-packages/airflow/example_dags/example_latest_only_with_trigger.py for tasks to queue
[2025-02-18T05:51:45.624+0000] {logging_mixin.py:190} INFO - [2025-02-18T05:51:45.624+0000] {dagbag.py:588} INFO - Filling up the DagBag from /home/airflow/.local/lib/python3.12/site-packages/airflow/example_dags/example_latest_only_with_trigger.py
[2025-02-18T05:51:45.630+0000] {processor.py:925} INFO - DAG(s) 'latest_only_with_trigger' retrieved from /home/airflow/.local/lib/python3.12/site-packages/airflow/example_dags/example_latest_only_with_trigger.py
[2025-02-18T05:51:45.647+0000] {logging_mixin.py:190} INFO - [2025-02-18T05:51:45.647+0000] {dag.py:3239} INFO - Sync 1 DAGs
[2025-02-18T05:51:45.661+0000] {logging_mixin.py:190} INFO - [2025-02-18T05:51:45.660+0000] {dag.py:4180} INFO - Setting next_dagrun for latest_only_with_trigger to 2025-02-18 00:00:00+00:00, run_after=2025-02-18 04:00:00+00:00
[2025-02-18T05:51:45.673+0000] {processor.py:208} INFO - Processing /home/airflow/.local/lib/python3.12/site-packages/airflow/example_dags/example_latest_only_with_trigger.py took 0.054 seconds
[2025-02-18T05:52:16.302+0000] {processor.py:186} INFO - Started process (PID=9966) to work on /home/airflow/.local/lib/python3.12/site-packages/airflow/example_dags/example_latest_only_with_trigger.py
[2025-02-18T05:52:16.303+0000] {processor.py:914} INFO - Processing file /home/airflow/.local/lib/python3.12/site-packages/airflow/example_dags/example_latest_only_with_trigger.py for tasks to queue
[2025-02-18T05:52:16.304+0000] {logging_mixin.py:190} INFO - [2025-02-18T05:52:16.304+0000] {dagbag.py:588} INFO - Filling up the DagBag from /home/airflow/.local/lib/python3.12/site-packages/airflow/example_dags/example_latest_only_with_trigger.py
[2025-02-18T05:52:16.310+0000] {processor.py:925} INFO - DAG(s) 'latest_only_with_trigger' retrieved from /home/airflow/.local/lib/python3.12/site-packages/airflow/example_dags/example_latest_only_with_trigger.py
[2025-02-18T05:52:16.326+0000] {logging_mixin.py:190} INFO - [2025-02-18T05:52:16.326+0000] {dag.py:3239} INFO - Sync 1 DAGs
[2025-02-18T05:52:16.340+0000] {logging_mixin.py:190} INFO - [2025-02-18T05:52:16.340+0000] {dag.py:4180} INFO - Setting next_dagrun for latest_only_with_trigger to 2025-02-18 00:00:00+00:00, run_after=2025-02-18 04:00:00+00:00
[2025-02-18T05:52:16.352+0000] {processor.py:208} INFO - Processing /home/airflow/.local/lib/python3.12/site-packages/airflow/example_dags/example_latest_only_with_trigger.py took 0.055 seconds
[2025-02-18T05:52:46.534+0000] {processor.py:186} INFO - Started process (PID=10030) to work on /home/airflow/.local/lib/python3.12/site-packages/airflow/example_dags/example_latest_only_with_trigger.py
[2025-02-18T05:52:46.539+0000] {processor.py:914} INFO - Processing file /home/airflow/.local/lib/python3.12/site-packages/airflow/example_dags/example_latest_only_with_trigger.py for tasks to queue
[2025-02-18T05:52:46.540+0000] {logging_mixin.py:190} INFO - [2025-02-18T05:52:46.540+0000] {dagbag.py:588} INFO - Filling up the DagBag from /home/airflow/.local/lib/python3.12/site-packages/airflow/example_dags/example_latest_only_with_trigger.py
[2025-02-18T05:52:46.546+0000] {processor.py:925} INFO - DAG(s) 'latest_only_with_trigger' retrieved from /home/airflow/.local/lib/python3.12/site-packages/airflow/example_dags/example_latest_only_with_trigger.py
[2025-02-18T05:52:46.560+0000] {logging_mixin.py:190} INFO - [2025-02-18T05:52:46.560+0000] {dag.py:3239} INFO - Sync 1 DAGs
[2025-02-18T05:52:46.572+0000] {logging_mixin.py:190} INFO - [2025-02-18T05:52:46.572+0000] {dag.py:4180} INFO - Setting next_dagrun for latest_only_with_trigger to 2025-02-18 00:00:00+00:00, run_after=2025-02-18 04:00:00+00:00
[2025-02-18T05:52:46.582+0000] {processor.py:208} INFO - Processing /home/airflow/.local/lib/python3.12/site-packages/airflow/example_dags/example_latest_only_with_trigger.py took 0.051 seconds
[2025-02-18T05:53:16.636+0000] {processor.py:186} INFO - Started process (PID=10094) to work on /home/airflow/.local/lib/python3.12/site-packages/airflow/example_dags/example_latest_only_with_trigger.py
[2025-02-18T05:53:16.638+0000] {processor.py:914} INFO - Processing file /home/airflow/.local/lib/python3.12/site-packages/airflow/example_dags/example_latest_only_with_trigger.py for tasks to queue
[2025-02-18T05:53:16.638+0000] {logging_mixin.py:190} INFO - [2025-02-18T05:53:16.638+0000] {dagbag.py:588} INFO - Filling up the DagBag from /home/airflow/.local/lib/python3.12/site-packages/airflow/example_dags/example_latest_only_with_trigger.py
[2025-02-18T05:53:16.643+0000] {processor.py:925} INFO - DAG(s) 'latest_only_with_trigger' retrieved from /home/airflow/.local/lib/python3.12/site-packages/airflow/example_dags/example_latest_only_with_trigger.py
[2025-02-18T05:53:16.655+0000] {logging_mixin.py:190} INFO - [2025-02-18T05:53:16.654+0000] {dag.py:3239} INFO - Sync 1 DAGs
[2025-02-18T05:53:16.667+0000] {logging_mixin.py:190} INFO - [2025-02-18T05:53:16.667+0000] {dag.py:4180} INFO - Setting next_dagrun for latest_only_with_trigger to 2025-02-18 00:00:00+00:00, run_after=2025-02-18 04:00:00+00:00
[2025-02-18T05:53:16.679+0000] {processor.py:208} INFO - Processing /home/airflow/.local/lib/python3.12/site-packages/airflow/example_dags/example_latest_only_with_trigger.py took 0.046 seconds
[2025-02-18T05:53:46.924+0000] {processor.py:186} INFO - Started process (PID=10158) to work on /home/airflow/.local/lib/python3.12/site-packages/airflow/example_dags/example_latest_only_with_trigger.py
[2025-02-18T05:53:46.925+0000] {processor.py:914} INFO - Processing file /home/airflow/.local/lib/python3.12/site-packages/airflow/example_dags/example_latest_only_with_trigger.py for tasks to queue
[2025-02-18T05:53:46.926+0000] {logging_mixin.py:190} INFO - [2025-02-18T05:53:46.926+0000] {dagbag.py:588} INFO - Filling up the DagBag from /home/airflow/.local/lib/python3.12/site-packages/airflow/example_dags/example_latest_only_with_trigger.py
[2025-02-18T05:53:46.931+0000] {processor.py:925} INFO - DAG(s) 'latest_only_with_trigger' retrieved from /home/airflow/.local/lib/python3.12/site-packages/airflow/example_dags/example_latest_only_with_trigger.py
[2025-02-18T05:53:46.941+0000] {logging_mixin.py:190} INFO - [2025-02-18T05:53:46.941+0000] {dag.py:3239} INFO - Sync 1 DAGs
[2025-02-18T05:53:46.953+0000] {logging_mixin.py:190} INFO - [2025-02-18T05:53:46.953+0000] {dag.py:4180} INFO - Setting next_dagrun for latest_only_with_trigger to 2025-02-18 00:00:00+00:00, run_after=2025-02-18 04:00:00+00:00
[2025-02-18T05:53:46.963+0000] {processor.py:208} INFO - Processing /home/airflow/.local/lib/python3.12/site-packages/airflow/example_dags/example_latest_only_with_trigger.py took 0.041 seconds
[2025-02-18T05:54:17.296+0000] {processor.py:186} INFO - Started process (PID=10221) to work on /home/airflow/.local/lib/python3.12/site-packages/airflow/example_dags/example_latest_only_with_trigger.py
[2025-02-18T05:54:17.298+0000] {processor.py:914} INFO - Processing file /home/airflow/.local/lib/python3.12/site-packages/airflow/example_dags/example_latest_only_with_trigger.py for tasks to queue
[2025-02-18T05:54:17.298+0000] {logging_mixin.py:190} INFO - [2025-02-18T05:54:17.298+0000] {dagbag.py:588} INFO - Filling up the DagBag from /home/airflow/.local/lib/python3.12/site-packages/airflow/example_dags/example_latest_only_with_trigger.py
[2025-02-18T05:54:17.303+0000] {processor.py:925} INFO - DAG(s) 'latest_only_with_trigger' retrieved from /home/airflow/.local/lib/python3.12/site-packages/airflow/example_dags/example_latest_only_with_trigger.py
[2025-02-18T05:54:17.317+0000] {logging_mixin.py:190} INFO - [2025-02-18T05:54:17.317+0000] {dag.py:3239} INFO - Sync 1 DAGs
[2025-02-18T05:54:17.327+0000] {logging_mixin.py:190} INFO - [2025-02-18T05:54:17.327+0000] {dag.py:4180} INFO - Setting next_dagrun for latest_only_with_trigger to 2025-02-18 00:00:00+00:00, run_after=2025-02-18 04:00:00+00:00
[2025-02-18T05:54:17.336+0000] {processor.py:208} INFO - Processing /home/airflow/.local/lib/python3.12/site-packages/airflow/example_dags/example_latest_only_with_trigger.py took 0.043 seconds
[2025-02-18T05:54:47.658+0000] {processor.py:186} INFO - Started process (PID=10285) to work on /home/airflow/.local/lib/python3.12/site-packages/airflow/example_dags/example_latest_only_with_trigger.py
[2025-02-18T05:54:47.661+0000] {processor.py:914} INFO - Processing file /home/airflow/.local/lib/python3.12/site-packages/airflow/example_dags/example_latest_only_with_trigger.py for tasks to queue
[2025-02-18T05:54:47.662+0000] {logging_mixin.py:190} INFO - [2025-02-18T05:54:47.662+0000] {dagbag.py:588} INFO - Filling up the DagBag from /home/airflow/.local/lib/python3.12/site-packages/airflow/example_dags/example_latest_only_with_trigger.py
[2025-02-18T05:54:47.667+0000] {processor.py:925} INFO - DAG(s) 'latest_only_with_trigger' retrieved from /home/airflow/.local/lib/python3.12/site-packages/airflow/example_dags/example_latest_only_with_trigger.py
[2025-02-18T05:54:47.678+0000] {logging_mixin.py:190} INFO - [2025-02-18T05:54:47.678+0000] {dag.py:3239} INFO - Sync 1 DAGs
[2025-02-18T05:54:47.689+0000] {logging_mixin.py:190} INFO - [2025-02-18T05:54:47.689+0000] {dag.py:4180} INFO - Setting next_dagrun for latest_only_with_trigger to 2025-02-18 00:00:00+00:00, run_after=2025-02-18 04:00:00+00:00
[2025-02-18T05:54:47.699+0000] {processor.py:208} INFO - Processing /home/airflow/.local/lib/python3.12/site-packages/airflow/example_dags/example_latest_only_with_trigger.py took 0.045 seconds
[2025-02-18T05:55:17.948+0000] {processor.py:186} INFO - Started process (PID=10349) to work on /home/airflow/.local/lib/python3.12/site-packages/airflow/example_dags/example_latest_only_with_trigger.py
[2025-02-18T05:55:17.949+0000] {processor.py:914} INFO - Processing file /home/airflow/.local/lib/python3.12/site-packages/airflow/example_dags/example_latest_only_with_trigger.py for tasks to queue
[2025-02-18T05:55:17.950+0000] {logging_mixin.py:190} INFO - [2025-02-18T05:55:17.950+0000] {dagbag.py:588} INFO - Filling up the DagBag from /home/airflow/.local/lib/python3.12/site-packages/airflow/example_dags/example_latest_only_with_trigger.py
[2025-02-18T05:55:17.955+0000] {processor.py:925} INFO - DAG(s) 'latest_only_with_trigger' retrieved from /home/airflow/.local/lib/python3.12/site-packages/airflow/example_dags/example_latest_only_with_trigger.py
[2025-02-18T05:55:17.968+0000] {logging_mixin.py:190} INFO - [2025-02-18T05:55:17.968+0000] {dag.py:3239} INFO - Sync 1 DAGs
[2025-02-18T05:55:17.980+0000] {logging_mixin.py:190} INFO - [2025-02-18T05:55:17.980+0000] {dag.py:4180} INFO - Setting next_dagrun for latest_only_with_trigger to 2025-02-18 00:00:00+00:00, run_after=2025-02-18 04:00:00+00:00
[2025-02-18T05:55:17.992+0000] {processor.py:208} INFO - Processing /home/airflow/.local/lib/python3.12/site-packages/airflow/example_dags/example_latest_only_with_trigger.py took 0.047 seconds
[2025-02-18T05:55:48.264+0000] {processor.py:186} INFO - Started process (PID=10413) to work on /home/airflow/.local/lib/python3.12/site-packages/airflow/example_dags/example_latest_only_with_trigger.py
[2025-02-18T05:55:48.266+0000] {processor.py:914} INFO - Processing file /home/airflow/.local/lib/python3.12/site-packages/airflow/example_dags/example_latest_only_with_trigger.py for tasks to queue
[2025-02-18T05:55:48.267+0000] {logging_mixin.py:190} INFO - [2025-02-18T05:55:48.267+0000] {dagbag.py:588} INFO - Filling up the DagBag from /home/airflow/.local/lib/python3.12/site-packages/airflow/example_dags/example_latest_only_with_trigger.py
[2025-02-18T05:55:48.272+0000] {processor.py:925} INFO - DAG(s) 'latest_only_with_trigger' retrieved from /home/airflow/.local/lib/python3.12/site-packages/airflow/example_dags/example_latest_only_with_trigger.py
[2025-02-18T05:55:48.285+0000] {logging_mixin.py:190} INFO - [2025-02-18T05:55:48.284+0000] {dag.py:3239} INFO - Sync 1 DAGs
[2025-02-18T05:55:48.298+0000] {logging_mixin.py:190} INFO - [2025-02-18T05:55:48.298+0000] {dag.py:4180} INFO - Setting next_dagrun for latest_only_with_trigger to 2025-02-18 00:00:00+00:00, run_after=2025-02-18 04:00:00+00:00
[2025-02-18T05:55:48.308+0000] {processor.py:208} INFO - Processing /home/airflow/.local/lib/python3.12/site-packages/airflow/example_dags/example_latest_only_with_trigger.py took 0.047 seconds
[2025-02-18T10:40:10.932+0000] {processor.py:186} INFO - Started process (PID=55) to work on /home/airflow/.local/lib/python3.12/site-packages/airflow/example_dags/example_latest_only_with_trigger.py
[2025-02-18T10:40:10.933+0000] {processor.py:914} INFO - Processing file /home/airflow/.local/lib/python3.12/site-packages/airflow/example_dags/example_latest_only_with_trigger.py for tasks to queue
[2025-02-18T10:40:10.937+0000] {logging_mixin.py:190} INFO - [2025-02-18T10:40:10.936+0000] {dagbag.py:588} INFO - Filling up the DagBag from /home/airflow/.local/lib/python3.12/site-packages/airflow/example_dags/example_latest_only_with_trigger.py
[2025-02-18T10:40:10.943+0000] {processor.py:925} INFO - DAG(s) 'latest_only_with_trigger' retrieved from /home/airflow/.local/lib/python3.12/site-packages/airflow/example_dags/example_latest_only_with_trigger.py
[2025-02-18T10:40:10.966+0000] {logging_mixin.py:190} INFO - [2025-02-18T10:40:10.965+0000] {dag.py:3239} INFO - Sync 1 DAGs
[2025-02-18T10:40:10.985+0000] {logging_mixin.py:190} INFO - [2025-02-18T10:40:10.984+0000] {dag.py:4180} INFO - Setting next_dagrun for latest_only_with_trigger to 2025-02-18 04:00:00+00:00, run_after=2025-02-18 08:00:00+00:00
[2025-02-18T10:40:11.006+0000] {processor.py:208} INFO - Processing /home/airflow/.local/lib/python3.12/site-packages/airflow/example_dags/example_latest_only_with_trigger.py took 0.079 seconds
[2025-02-18T10:47:01.089+0000] {processor.py:186} INFO - Started process (PID=63) to work on /home/airflow/.local/lib/python3.12/site-packages/airflow/example_dags/example_latest_only_with_trigger.py
[2025-02-18T10:47:01.091+0000] {processor.py:914} INFO - Processing file /home/airflow/.local/lib/python3.12/site-packages/airflow/example_dags/example_latest_only_with_trigger.py for tasks to queue
[2025-02-18T10:47:01.095+0000] {logging_mixin.py:190} INFO - [2025-02-18T10:47:01.095+0000] {dagbag.py:588} INFO - Filling up the DagBag from /home/airflow/.local/lib/python3.12/site-packages/airflow/example_dags/example_latest_only_with_trigger.py
[2025-02-18T10:47:01.110+0000] {processor.py:925} INFO - DAG(s) 'latest_only_with_trigger' retrieved from /home/airflow/.local/lib/python3.12/site-packages/airflow/example_dags/example_latest_only_with_trigger.py
[2025-02-18T10:47:01.143+0000] {logging_mixin.py:190} INFO - [2025-02-18T10:47:01.143+0000] {dag.py:3239} INFO - Sync 1 DAGs
[2025-02-18T10:47:01.163+0000] {logging_mixin.py:190} INFO - [2025-02-18T10:47:01.163+0000] {dag.py:4180} INFO - Setting next_dagrun for latest_only_with_trigger to 2025-02-18 04:00:00+00:00, run_after=2025-02-18 08:00:00+00:00
[2025-02-18T10:47:01.182+0000] {processor.py:208} INFO - Processing /home/airflow/.local/lib/python3.12/site-packages/airflow/example_dags/example_latest_only_with_trigger.py took 0.103 seconds
[2025-02-18T10:47:31.341+0000] {processor.py:186} INFO - Started process (PID=128) to work on /home/airflow/.local/lib/python3.12/site-packages/airflow/example_dags/example_latest_only_with_trigger.py
[2025-02-18T10:47:31.342+0000] {processor.py:914} INFO - Processing file /home/airflow/.local/lib/python3.12/site-packages/airflow/example_dags/example_latest_only_with_trigger.py for tasks to queue
[2025-02-18T10:47:31.343+0000] {logging_mixin.py:190} INFO - [2025-02-18T10:47:31.343+0000] {dagbag.py:588} INFO - Filling up the DagBag from /home/airflow/.local/lib/python3.12/site-packages/airflow/example_dags/example_latest_only_with_trigger.py
[2025-02-18T10:47:31.348+0000] {processor.py:925} INFO - DAG(s) 'latest_only_with_trigger' retrieved from /home/airflow/.local/lib/python3.12/site-packages/airflow/example_dags/example_latest_only_with_trigger.py
[2025-02-18T10:47:31.362+0000] {logging_mixin.py:190} INFO - [2025-02-18T10:47:31.362+0000] {dag.py:3239} INFO - Sync 1 DAGs
[2025-02-18T10:47:31.378+0000] {logging_mixin.py:190} INFO - [2025-02-18T10:47:31.378+0000] {dag.py:4180} INFO - Setting next_dagrun for latest_only_with_trigger to 2025-02-18 04:00:00+00:00, run_after=2025-02-18 08:00:00+00:00
[2025-02-18T10:47:31.395+0000] {processor.py:208} INFO - Processing /home/airflow/.local/lib/python3.12/site-packages/airflow/example_dags/example_latest_only_with_trigger.py took 0.057 seconds
