[2025-02-18T01:09:49.338+0000] {processor.py:186} INFO - Started process (PID=8248) to work on /home/airflow/.local/lib/python3.12/site-packages/airflow/example_dags/example_sla_dag.py
[2025-02-18T01:09:49.339+0000] {processor.py:914} INFO - Processing file /home/airflow/.local/lib/python3.12/site-packages/airflow/example_dags/example_sla_dag.py for tasks to queue
[2025-02-18T01:09:49.340+0000] {logging_mixin.py:190} INFO - [2025-02-18T01:09:49.340+0000] {dagbag.py:588} INFO - Filling up the DagBag from /home/airflow/.local/lib/python3.12/site-packages/airflow/example_dags/example_sla_dag.py
[2025-02-18T01:09:49.346+0000] {processor.py:925} INFO - DAG(s) 'example_sla_dag' retrieved from /home/airflow/.local/lib/python3.12/site-packages/airflow/example_dags/example_sla_dag.py
[2025-02-18T01:09:49.360+0000] {logging_mixin.py:190} INFO - [2025-02-18T01:09:49.360+0000] {dag.py:3239} INFO - Sync 1 DAGs
[2025-02-18T01:09:49.375+0000] {logging_mixin.py:190} INFO - [2025-02-18T01:09:49.375+0000] {dag.py:4180} INFO - Setting next_dagrun for example_sla_dag to 2025-02-18 01:06:00+00:00, run_after=2025-02-18 01:08:00+00:00
[2025-02-18T01:09:49.389+0000] {processor.py:208} INFO - Processing /home/airflow/.local/lib/python3.12/site-packages/airflow/example_dags/example_sla_dag.py took 0.055 seconds
[2025-02-18T01:44:59.521+0000] {processor.py:186} INFO - Started process (PID=8312) to work on /home/airflow/.local/lib/python3.12/site-packages/airflow/example_dags/example_sla_dag.py
[2025-02-18T01:44:59.522+0000] {processor.py:914} INFO - Processing file /home/airflow/.local/lib/python3.12/site-packages/airflow/example_dags/example_sla_dag.py for tasks to queue
[2025-02-18T01:44:59.523+0000] {logging_mixin.py:190} INFO - [2025-02-18T01:44:59.523+0000] {dagbag.py:588} INFO - Filling up the DagBag from /home/airflow/.local/lib/python3.12/site-packages/airflow/example_dags/example_sla_dag.py
[2025-02-18T01:44:59.532+0000] {processor.py:925} INFO - DAG(s) 'example_sla_dag' retrieved from /home/airflow/.local/lib/python3.12/site-packages/airflow/example_dags/example_sla_dag.py
[2025-02-18T01:44:59.548+0000] {logging_mixin.py:190} INFO - [2025-02-18T01:44:59.548+0000] {dag.py:3239} INFO - Sync 1 DAGs
[2025-02-18T01:44:59.564+0000] {logging_mixin.py:190} INFO - [2025-02-18T01:44:59.564+0000] {dag.py:4180} INFO - Setting next_dagrun for example_sla_dag to 2025-02-18 01:42:00+00:00, run_after=2025-02-18 01:44:00+00:00
[2025-02-18T01:44:59.576+0000] {processor.py:208} INFO - Processing /home/airflow/.local/lib/python3.12/site-packages/airflow/example_dags/example_sla_dag.py took 0.060 seconds
[2025-02-18T02:31:36.854+0000] {processor.py:186} INFO - Started process (PID=8376) to work on /home/airflow/.local/lib/python3.12/site-packages/airflow/example_dags/example_sla_dag.py
[2025-02-18T02:31:36.856+0000] {processor.py:914} INFO - Processing file /home/airflow/.local/lib/python3.12/site-packages/airflow/example_dags/example_sla_dag.py for tasks to queue
[2025-02-18T02:31:36.857+0000] {logging_mixin.py:190} INFO - [2025-02-18T02:31:36.857+0000] {dagbag.py:588} INFO - Filling up the DagBag from /home/airflow/.local/lib/python3.12/site-packages/airflow/example_dags/example_sla_dag.py
[2025-02-18T02:31:36.864+0000] {processor.py:925} INFO - DAG(s) 'example_sla_dag' retrieved from /home/airflow/.local/lib/python3.12/site-packages/airflow/example_dags/example_sla_dag.py
[2025-02-18T02:31:36.884+0000] {logging_mixin.py:190} INFO - [2025-02-18T02:31:36.884+0000] {dag.py:3239} INFO - Sync 1 DAGs
[2025-02-18T02:31:36.901+0000] {logging_mixin.py:190} INFO - [2025-02-18T02:31:36.901+0000] {dag.py:4180} INFO - Setting next_dagrun for example_sla_dag to 2025-02-18 02:28:00+00:00, run_after=2025-02-18 02:30:00+00:00
[2025-02-18T02:31:36.913+0000] {processor.py:208} INFO - Processing /home/airflow/.local/lib/python3.12/site-packages/airflow/example_dags/example_sla_dag.py took 0.064 seconds
[2025-02-18T02:54:40.419+0000] {processor.py:186} INFO - Started process (PID=8440) to work on /home/airflow/.local/lib/python3.12/site-packages/airflow/example_dags/example_sla_dag.py
[2025-02-18T02:54:40.420+0000] {processor.py:914} INFO - Processing file /home/airflow/.local/lib/python3.12/site-packages/airflow/example_dags/example_sla_dag.py for tasks to queue
[2025-02-18T02:54:40.420+0000] {logging_mixin.py:190} INFO - [2025-02-18T02:54:40.420+0000] {dagbag.py:588} INFO - Filling up the DagBag from /home/airflow/.local/lib/python3.12/site-packages/airflow/example_dags/example_sla_dag.py
[2025-02-18T02:54:40.430+0000] {processor.py:925} INFO - DAG(s) 'example_sla_dag' retrieved from /home/airflow/.local/lib/python3.12/site-packages/airflow/example_dags/example_sla_dag.py
[2025-02-18T02:54:40.445+0000] {logging_mixin.py:190} INFO - [2025-02-18T02:54:40.445+0000] {dag.py:3239} INFO - Sync 1 DAGs
[2025-02-18T02:54:40.464+0000] {logging_mixin.py:190} INFO - [2025-02-18T02:54:40.464+0000] {dag.py:4180} INFO - Setting next_dagrun for example_sla_dag to 2025-02-18 02:52:00+00:00, run_after=2025-02-18 02:54:00+00:00
[2025-02-18T02:54:40.477+0000] {processor.py:208} INFO - Processing /home/airflow/.local/lib/python3.12/site-packages/airflow/example_dags/example_sla_dag.py took 0.061 seconds
[2025-02-18T03:12:50.233+0000] {processor.py:186} INFO - Started process (PID=8504) to work on /home/airflow/.local/lib/python3.12/site-packages/airflow/example_dags/example_sla_dag.py
[2025-02-18T03:12:50.234+0000] {processor.py:914} INFO - Processing file /home/airflow/.local/lib/python3.12/site-packages/airflow/example_dags/example_sla_dag.py for tasks to queue
[2025-02-18T03:12:50.235+0000] {logging_mixin.py:190} INFO - [2025-02-18T03:12:50.235+0000] {dagbag.py:588} INFO - Filling up the DagBag from /home/airflow/.local/lib/python3.12/site-packages/airflow/example_dags/example_sla_dag.py
[2025-02-18T03:12:50.242+0000] {processor.py:925} INFO - DAG(s) 'example_sla_dag' retrieved from /home/airflow/.local/lib/python3.12/site-packages/airflow/example_dags/example_sla_dag.py
[2025-02-18T03:12:50.255+0000] {logging_mixin.py:190} INFO - [2025-02-18T03:12:50.255+0000] {dag.py:3239} INFO - Sync 1 DAGs
[2025-02-18T03:12:50.271+0000] {logging_mixin.py:190} INFO - [2025-02-18T03:12:50.270+0000] {dag.py:4180} INFO - Setting next_dagrun for example_sla_dag to 2025-02-18 03:10:00+00:00, run_after=2025-02-18 03:12:00+00:00
[2025-02-18T03:12:50.281+0000] {processor.py:208} INFO - Processing /home/airflow/.local/lib/python3.12/site-packages/airflow/example_dags/example_sla_dag.py took 0.052 seconds
[2025-02-18T04:35:29.278+0000] {processor.py:186} INFO - Started process (PID=8568) to work on /home/airflow/.local/lib/python3.12/site-packages/airflow/example_dags/example_sla_dag.py
[2025-02-18T04:35:29.278+0000] {processor.py:914} INFO - Processing file /home/airflow/.local/lib/python3.12/site-packages/airflow/example_dags/example_sla_dag.py for tasks to queue
[2025-02-18T04:35:29.279+0000] {logging_mixin.py:190} INFO - [2025-02-18T04:35:29.279+0000] {dagbag.py:588} INFO - Filling up the DagBag from /home/airflow/.local/lib/python3.12/site-packages/airflow/example_dags/example_sla_dag.py
[2025-02-18T04:35:29.285+0000] {processor.py:925} INFO - DAG(s) 'example_sla_dag' retrieved from /home/airflow/.local/lib/python3.12/site-packages/airflow/example_dags/example_sla_dag.py
[2025-02-18T04:35:29.298+0000] {logging_mixin.py:190} INFO - [2025-02-18T04:35:29.298+0000] {dag.py:3239} INFO - Sync 1 DAGs
[2025-02-18T04:35:29.314+0000] {logging_mixin.py:190} INFO - [2025-02-18T04:35:29.314+0000] {dag.py:4180} INFO - Setting next_dagrun for example_sla_dag to 2025-02-18 04:32:00+00:00, run_after=2025-02-18 04:34:00+00:00
[2025-02-18T04:35:29.323+0000] {processor.py:208} INFO - Processing /home/airflow/.local/lib/python3.12/site-packages/airflow/example_dags/example_sla_dag.py took 0.050 seconds
[2025-02-18T04:55:48.707+0000] {processor.py:186} INFO - Started process (PID=8632) to work on /home/airflow/.local/lib/python3.12/site-packages/airflow/example_dags/example_sla_dag.py
[2025-02-18T04:55:48.708+0000] {processor.py:914} INFO - Processing file /home/airflow/.local/lib/python3.12/site-packages/airflow/example_dags/example_sla_dag.py for tasks to queue
[2025-02-18T04:55:48.710+0000] {logging_mixin.py:190} INFO - [2025-02-18T04:55:48.709+0000] {dagbag.py:588} INFO - Filling up the DagBag from /home/airflow/.local/lib/python3.12/site-packages/airflow/example_dags/example_sla_dag.py
[2025-02-18T04:55:48.718+0000] {processor.py:925} INFO - DAG(s) 'example_sla_dag' retrieved from /home/airflow/.local/lib/python3.12/site-packages/airflow/example_dags/example_sla_dag.py
[2025-02-18T04:55:48.736+0000] {logging_mixin.py:190} INFO - [2025-02-18T04:55:48.736+0000] {dag.py:3239} INFO - Sync 1 DAGs
[2025-02-18T04:55:48.750+0000] {logging_mixin.py:190} INFO - [2025-02-18T04:55:48.750+0000] {dag.py:4180} INFO - Setting next_dagrun for example_sla_dag to 2025-02-18 04:52:00+00:00, run_after=2025-02-18 04:54:00+00:00
[2025-02-18T04:55:48.760+0000] {processor.py:208} INFO - Processing /home/airflow/.local/lib/python3.12/site-packages/airflow/example_dags/example_sla_dag.py took 0.059 seconds
[2025-02-18T05:42:07.684+0000] {processor.py:186} INFO - Started process (PID=8696) to work on /home/airflow/.local/lib/python3.12/site-packages/airflow/example_dags/example_sla_dag.py
[2025-02-18T05:42:07.685+0000] {processor.py:914} INFO - Processing file /home/airflow/.local/lib/python3.12/site-packages/airflow/example_dags/example_sla_dag.py for tasks to queue
[2025-02-18T05:42:07.686+0000] {logging_mixin.py:190} INFO - [2025-02-18T05:42:07.686+0000] {dagbag.py:588} INFO - Filling up the DagBag from /home/airflow/.local/lib/python3.12/site-packages/airflow/example_dags/example_sla_dag.py
[2025-02-18T05:42:07.693+0000] {processor.py:925} INFO - DAG(s) 'example_sla_dag' retrieved from /home/airflow/.local/lib/python3.12/site-packages/airflow/example_dags/example_sla_dag.py
[2025-02-18T05:42:07.707+0000] {logging_mixin.py:190} INFO - [2025-02-18T05:42:07.706+0000] {dag.py:3239} INFO - Sync 1 DAGs
[2025-02-18T05:42:07.723+0000] {logging_mixin.py:190} INFO - [2025-02-18T05:42:07.723+0000] {dag.py:4180} INFO - Setting next_dagrun for example_sla_dag to 2025-02-18 05:40:00+00:00, run_after=2025-02-18 05:42:00+00:00
[2025-02-18T05:42:07.736+0000] {processor.py:208} INFO - Processing /home/airflow/.local/lib/python3.12/site-packages/airflow/example_dags/example_sla_dag.py took 0.057 seconds
[2025-02-18T05:42:38.130+0000] {processor.py:186} INFO - Started process (PID=8759) to work on /home/airflow/.local/lib/python3.12/site-packages/airflow/example_dags/example_sla_dag.py
[2025-02-18T05:42:38.130+0000] {processor.py:914} INFO - Processing file /home/airflow/.local/lib/python3.12/site-packages/airflow/example_dags/example_sla_dag.py for tasks to queue
[2025-02-18T05:42:38.132+0000] {logging_mixin.py:190} INFO - [2025-02-18T05:42:38.132+0000] {dagbag.py:588} INFO - Filling up the DagBag from /home/airflow/.local/lib/python3.12/site-packages/airflow/example_dags/example_sla_dag.py
[2025-02-18T05:42:38.138+0000] {processor.py:925} INFO - DAG(s) 'example_sla_dag' retrieved from /home/airflow/.local/lib/python3.12/site-packages/airflow/example_dags/example_sla_dag.py
[2025-02-18T05:42:38.151+0000] {logging_mixin.py:190} INFO - [2025-02-18T05:42:38.151+0000] {dag.py:3239} INFO - Sync 1 DAGs
[2025-02-18T05:42:38.167+0000] {logging_mixin.py:190} INFO - [2025-02-18T05:42:38.166+0000] {dag.py:4180} INFO - Setting next_dagrun for example_sla_dag to 2025-02-18 05:40:00+00:00, run_after=2025-02-18 05:42:00+00:00
[2025-02-18T05:42:38.181+0000] {processor.py:208} INFO - Processing /home/airflow/.local/lib/python3.12/site-packages/airflow/example_dags/example_sla_dag.py took 0.054 seconds
[2025-02-18T05:43:08.369+0000] {processor.py:186} INFO - Started process (PID=8823) to work on /home/airflow/.local/lib/python3.12/site-packages/airflow/example_dags/example_sla_dag.py
[2025-02-18T05:43:08.371+0000] {processor.py:914} INFO - Processing file /home/airflow/.local/lib/python3.12/site-packages/airflow/example_dags/example_sla_dag.py for tasks to queue
[2025-02-18T05:43:08.371+0000] {logging_mixin.py:190} INFO - [2025-02-18T05:43:08.371+0000] {dagbag.py:588} INFO - Filling up the DagBag from /home/airflow/.local/lib/python3.12/site-packages/airflow/example_dags/example_sla_dag.py
[2025-02-18T05:43:08.379+0000] {processor.py:925} INFO - DAG(s) 'example_sla_dag' retrieved from /home/airflow/.local/lib/python3.12/site-packages/airflow/example_dags/example_sla_dag.py
[2025-02-18T05:43:08.389+0000] {logging_mixin.py:190} INFO - [2025-02-18T05:43:08.389+0000] {dag.py:3239} INFO - Sync 1 DAGs
[2025-02-18T05:43:08.405+0000] {logging_mixin.py:190} INFO - [2025-02-18T05:43:08.405+0000] {dag.py:4180} INFO - Setting next_dagrun for example_sla_dag to 2025-02-18 05:40:00+00:00, run_after=2025-02-18 05:42:00+00:00
[2025-02-18T05:43:08.414+0000] {processor.py:208} INFO - Processing /home/airflow/.local/lib/python3.12/site-packages/airflow/example_dags/example_sla_dag.py took 0.048 seconds
[2025-02-18T05:43:38.572+0000] {processor.py:186} INFO - Started process (PID=8887) to work on /home/airflow/.local/lib/python3.12/site-packages/airflow/example_dags/example_sla_dag.py
[2025-02-18T05:43:38.573+0000] {processor.py:914} INFO - Processing file /home/airflow/.local/lib/python3.12/site-packages/airflow/example_dags/example_sla_dag.py for tasks to queue
[2025-02-18T05:43:38.574+0000] {logging_mixin.py:190} INFO - [2025-02-18T05:43:38.574+0000] {dagbag.py:588} INFO - Filling up the DagBag from /home/airflow/.local/lib/python3.12/site-packages/airflow/example_dags/example_sla_dag.py
[2025-02-18T05:43:38.580+0000] {processor.py:925} INFO - DAG(s) 'example_sla_dag' retrieved from /home/airflow/.local/lib/python3.12/site-packages/airflow/example_dags/example_sla_dag.py
[2025-02-18T05:43:38.594+0000] {logging_mixin.py:190} INFO - [2025-02-18T05:43:38.594+0000] {dag.py:3239} INFO - Sync 1 DAGs
[2025-02-18T05:43:38.607+0000] {logging_mixin.py:190} INFO - [2025-02-18T05:43:38.607+0000] {dag.py:4180} INFO - Setting next_dagrun for example_sla_dag to 2025-02-18 05:40:00+00:00, run_after=2025-02-18 05:42:00+00:00
[2025-02-18T05:43:38.623+0000] {processor.py:208} INFO - Processing /home/airflow/.local/lib/python3.12/site-packages/airflow/example_dags/example_sla_dag.py took 0.054 seconds
[2025-02-18T05:44:09.169+0000] {processor.py:186} INFO - Started process (PID=8951) to work on /home/airflow/.local/lib/python3.12/site-packages/airflow/example_dags/example_sla_dag.py
[2025-02-18T05:44:09.172+0000] {processor.py:914} INFO - Processing file /home/airflow/.local/lib/python3.12/site-packages/airflow/example_dags/example_sla_dag.py for tasks to queue
[2025-02-18T05:44:09.174+0000] {logging_mixin.py:190} INFO - [2025-02-18T05:44:09.173+0000] {dagbag.py:588} INFO - Filling up the DagBag from /home/airflow/.local/lib/python3.12/site-packages/airflow/example_dags/example_sla_dag.py
[2025-02-18T05:44:09.181+0000] {processor.py:925} INFO - DAG(s) 'example_sla_dag' retrieved from /home/airflow/.local/lib/python3.12/site-packages/airflow/example_dags/example_sla_dag.py
[2025-02-18T05:44:09.193+0000] {logging_mixin.py:190} INFO - [2025-02-18T05:44:09.193+0000] {dag.py:3239} INFO - Sync 1 DAGs
[2025-02-18T05:44:09.207+0000] {logging_mixin.py:190} INFO - [2025-02-18T05:44:09.207+0000] {dag.py:4180} INFO - Setting next_dagrun for example_sla_dag to 2025-02-18 05:42:00+00:00, run_after=2025-02-18 05:44:00+00:00
[2025-02-18T05:44:09.219+0000] {processor.py:208} INFO - Processing /home/airflow/.local/lib/python3.12/site-packages/airflow/example_dags/example_sla_dag.py took 0.058 seconds
[2025-02-18T05:44:39.837+0000] {processor.py:186} INFO - Started process (PID=9015) to work on /home/airflow/.local/lib/python3.12/site-packages/airflow/example_dags/example_sla_dag.py
[2025-02-18T05:44:39.838+0000] {processor.py:914} INFO - Processing file /home/airflow/.local/lib/python3.12/site-packages/airflow/example_dags/example_sla_dag.py for tasks to queue
[2025-02-18T05:44:39.839+0000] {logging_mixin.py:190} INFO - [2025-02-18T05:44:39.839+0000] {dagbag.py:588} INFO - Filling up the DagBag from /home/airflow/.local/lib/python3.12/site-packages/airflow/example_dags/example_sla_dag.py
[2025-02-18T05:44:39.845+0000] {processor.py:925} INFO - DAG(s) 'example_sla_dag' retrieved from /home/airflow/.local/lib/python3.12/site-packages/airflow/example_dags/example_sla_dag.py
[2025-02-18T05:44:39.857+0000] {logging_mixin.py:190} INFO - [2025-02-18T05:44:39.857+0000] {dag.py:3239} INFO - Sync 1 DAGs
[2025-02-18T05:44:39.870+0000] {logging_mixin.py:190} INFO - [2025-02-18T05:44:39.870+0000] {dag.py:4180} INFO - Setting next_dagrun for example_sla_dag to 2025-02-18 05:42:00+00:00, run_after=2025-02-18 05:44:00+00:00
[2025-02-18T05:44:39.892+0000] {processor.py:208} INFO - Processing /home/airflow/.local/lib/python3.12/site-packages/airflow/example_dags/example_sla_dag.py took 0.058 seconds
[2025-02-18T05:45:10.763+0000] {processor.py:186} INFO - Started process (PID=9079) to work on /home/airflow/.local/lib/python3.12/site-packages/airflow/example_dags/example_sla_dag.py
[2025-02-18T05:45:10.764+0000] {processor.py:914} INFO - Processing file /home/airflow/.local/lib/python3.12/site-packages/airflow/example_dags/example_sla_dag.py for tasks to queue
[2025-02-18T05:45:10.765+0000] {logging_mixin.py:190} INFO - [2025-02-18T05:45:10.765+0000] {dagbag.py:588} INFO - Filling up the DagBag from /home/airflow/.local/lib/python3.12/site-packages/airflow/example_dags/example_sla_dag.py
[2025-02-18T05:45:10.773+0000] {processor.py:925} INFO - DAG(s) 'example_sla_dag' retrieved from /home/airflow/.local/lib/python3.12/site-packages/airflow/example_dags/example_sla_dag.py
[2025-02-18T05:45:10.785+0000] {logging_mixin.py:190} INFO - [2025-02-18T05:45:10.785+0000] {dag.py:3239} INFO - Sync 1 DAGs
[2025-02-18T05:45:10.798+0000] {logging_mixin.py:190} INFO - [2025-02-18T05:45:10.798+0000] {dag.py:4180} INFO - Setting next_dagrun for example_sla_dag to 2025-02-18 05:42:00+00:00, run_after=2025-02-18 05:44:00+00:00
[2025-02-18T05:45:10.808+0000] {processor.py:208} INFO - Processing /home/airflow/.local/lib/python3.12/site-packages/airflow/example_dags/example_sla_dag.py took 0.049 seconds
[2025-02-18T05:45:41.047+0000] {processor.py:186} INFO - Started process (PID=9143) to work on /home/airflow/.local/lib/python3.12/site-packages/airflow/example_dags/example_sla_dag.py
[2025-02-18T05:45:41.048+0000] {processor.py:914} INFO - Processing file /home/airflow/.local/lib/python3.12/site-packages/airflow/example_dags/example_sla_dag.py for tasks to queue
[2025-02-18T05:45:41.049+0000] {logging_mixin.py:190} INFO - [2025-02-18T05:45:41.049+0000] {dagbag.py:588} INFO - Filling up the DagBag from /home/airflow/.local/lib/python3.12/site-packages/airflow/example_dags/example_sla_dag.py
[2025-02-18T05:45:41.055+0000] {processor.py:925} INFO - DAG(s) 'example_sla_dag' retrieved from /home/airflow/.local/lib/python3.12/site-packages/airflow/example_dags/example_sla_dag.py
[2025-02-18T05:45:41.068+0000] {logging_mixin.py:190} INFO - [2025-02-18T05:45:41.068+0000] {dag.py:3239} INFO - Sync 1 DAGs
[2025-02-18T05:45:41.083+0000] {logging_mixin.py:190} INFO - [2025-02-18T05:45:41.083+0000] {dag.py:4180} INFO - Setting next_dagrun for example_sla_dag to 2025-02-18 05:42:00+00:00, run_after=2025-02-18 05:44:00+00:00
[2025-02-18T05:45:41.093+0000] {processor.py:208} INFO - Processing /home/airflow/.local/lib/python3.12/site-packages/airflow/example_dags/example_sla_dag.py took 0.049 seconds
[2025-02-18T05:46:12.237+0000] {processor.py:186} INFO - Started process (PID=9207) to work on /home/airflow/.local/lib/python3.12/site-packages/airflow/example_dags/example_sla_dag.py
[2025-02-18T05:46:12.238+0000] {processor.py:914} INFO - Processing file /home/airflow/.local/lib/python3.12/site-packages/airflow/example_dags/example_sla_dag.py for tasks to queue
[2025-02-18T05:46:12.239+0000] {logging_mixin.py:190} INFO - [2025-02-18T05:46:12.239+0000] {dagbag.py:588} INFO - Filling up the DagBag from /home/airflow/.local/lib/python3.12/site-packages/airflow/example_dags/example_sla_dag.py
[2025-02-18T05:46:12.246+0000] {processor.py:925} INFO - DAG(s) 'example_sla_dag' retrieved from /home/airflow/.local/lib/python3.12/site-packages/airflow/example_dags/example_sla_dag.py
[2025-02-18T05:46:12.258+0000] {logging_mixin.py:190} INFO - [2025-02-18T05:46:12.257+0000] {dag.py:3239} INFO - Sync 1 DAGs
[2025-02-18T05:46:12.272+0000] {logging_mixin.py:190} INFO - [2025-02-18T05:46:12.272+0000] {dag.py:4180} INFO - Setting next_dagrun for example_sla_dag to 2025-02-18 05:44:00+00:00, run_after=2025-02-18 05:46:00+00:00
[2025-02-18T05:46:12.284+0000] {processor.py:208} INFO - Processing /home/airflow/.local/lib/python3.12/site-packages/airflow/example_dags/example_sla_dag.py took 0.051 seconds
[2025-02-18T05:46:42.575+0000] {processor.py:186} INFO - Started process (PID=9271) to work on /home/airflow/.local/lib/python3.12/site-packages/airflow/example_dags/example_sla_dag.py
[2025-02-18T05:46:42.575+0000] {processor.py:914} INFO - Processing file /home/airflow/.local/lib/python3.12/site-packages/airflow/example_dags/example_sla_dag.py for tasks to queue
[2025-02-18T05:46:42.576+0000] {logging_mixin.py:190} INFO - [2025-02-18T05:46:42.576+0000] {dagbag.py:588} INFO - Filling up the DagBag from /home/airflow/.local/lib/python3.12/site-packages/airflow/example_dags/example_sla_dag.py
[2025-02-18T05:46:42.582+0000] {processor.py:925} INFO - DAG(s) 'example_sla_dag' retrieved from /home/airflow/.local/lib/python3.12/site-packages/airflow/example_dags/example_sla_dag.py
[2025-02-18T05:46:42.594+0000] {logging_mixin.py:190} INFO - [2025-02-18T05:46:42.594+0000] {dag.py:3239} INFO - Sync 1 DAGs
[2025-02-18T05:46:42.606+0000] {logging_mixin.py:190} INFO - [2025-02-18T05:46:42.606+0000] {dag.py:4180} INFO - Setting next_dagrun for example_sla_dag to 2025-02-18 05:44:00+00:00, run_after=2025-02-18 05:46:00+00:00
[2025-02-18T05:46:42.617+0000] {processor.py:208} INFO - Processing /home/airflow/.local/lib/python3.12/site-packages/airflow/example_dags/example_sla_dag.py took 0.046 seconds
[2025-02-18T05:47:13.087+0000] {processor.py:186} INFO - Started process (PID=9335) to work on /home/airflow/.local/lib/python3.12/site-packages/airflow/example_dags/example_sla_dag.py
[2025-02-18T05:47:13.088+0000] {processor.py:914} INFO - Processing file /home/airflow/.local/lib/python3.12/site-packages/airflow/example_dags/example_sla_dag.py for tasks to queue
[2025-02-18T05:47:13.090+0000] {logging_mixin.py:190} INFO - [2025-02-18T05:47:13.090+0000] {dagbag.py:588} INFO - Filling up the DagBag from /home/airflow/.local/lib/python3.12/site-packages/airflow/example_dags/example_sla_dag.py
[2025-02-18T05:47:13.096+0000] {processor.py:925} INFO - DAG(s) 'example_sla_dag' retrieved from /home/airflow/.local/lib/python3.12/site-packages/airflow/example_dags/example_sla_dag.py
[2025-02-18T05:47:13.117+0000] {logging_mixin.py:190} INFO - [2025-02-18T05:47:13.117+0000] {dag.py:3239} INFO - Sync 1 DAGs
[2025-02-18T05:47:13.133+0000] {logging_mixin.py:190} INFO - [2025-02-18T05:47:13.132+0000] {dag.py:4180} INFO - Setting next_dagrun for example_sla_dag to 2025-02-18 05:44:00+00:00, run_after=2025-02-18 05:46:00+00:00
[2025-02-18T05:47:13.142+0000] {processor.py:208} INFO - Processing /home/airflow/.local/lib/python3.12/site-packages/airflow/example_dags/example_sla_dag.py took 0.058 seconds
[2025-02-18T05:47:43.404+0000] {processor.py:186} INFO - Started process (PID=9399) to work on /home/airflow/.local/lib/python3.12/site-packages/airflow/example_dags/example_sla_dag.py
[2025-02-18T05:47:43.405+0000] {processor.py:914} INFO - Processing file /home/airflow/.local/lib/python3.12/site-packages/airflow/example_dags/example_sla_dag.py for tasks to queue
[2025-02-18T05:47:43.405+0000] {logging_mixin.py:190} INFO - [2025-02-18T05:47:43.405+0000] {dagbag.py:588} INFO - Filling up the DagBag from /home/airflow/.local/lib/python3.12/site-packages/airflow/example_dags/example_sla_dag.py
[2025-02-18T05:47:43.411+0000] {processor.py:925} INFO - DAG(s) 'example_sla_dag' retrieved from /home/airflow/.local/lib/python3.12/site-packages/airflow/example_dags/example_sla_dag.py
[2025-02-18T05:47:43.424+0000] {logging_mixin.py:190} INFO - [2025-02-18T05:47:43.424+0000] {dag.py:3239} INFO - Sync 1 DAGs
[2025-02-18T05:47:43.439+0000] {logging_mixin.py:190} INFO - [2025-02-18T05:47:43.439+0000] {dag.py:4180} INFO - Setting next_dagrun for example_sla_dag to 2025-02-18 05:44:00+00:00, run_after=2025-02-18 05:46:00+00:00
[2025-02-18T05:47:43.453+0000] {processor.py:208} INFO - Processing /home/airflow/.local/lib/python3.12/site-packages/airflow/example_dags/example_sla_dag.py took 0.053 seconds
[2025-02-18T05:48:13.629+0000] {processor.py:186} INFO - Started process (PID=9463) to work on /home/airflow/.local/lib/python3.12/site-packages/airflow/example_dags/example_sla_dag.py
[2025-02-18T05:48:13.631+0000] {processor.py:914} INFO - Processing file /home/airflow/.local/lib/python3.12/site-packages/airflow/example_dags/example_sla_dag.py for tasks to queue
[2025-02-18T05:48:13.633+0000] {logging_mixin.py:190} INFO - [2025-02-18T05:48:13.633+0000] {dagbag.py:588} INFO - Filling up the DagBag from /home/airflow/.local/lib/python3.12/site-packages/airflow/example_dags/example_sla_dag.py
[2025-02-18T05:48:13.639+0000] {processor.py:925} INFO - DAG(s) 'example_sla_dag' retrieved from /home/airflow/.local/lib/python3.12/site-packages/airflow/example_dags/example_sla_dag.py
[2025-02-18T05:48:13.652+0000] {logging_mixin.py:190} INFO - [2025-02-18T05:48:13.652+0000] {dag.py:3239} INFO - Sync 1 DAGs
[2025-02-18T05:48:13.666+0000] {logging_mixin.py:190} INFO - [2025-02-18T05:48:13.666+0000] {dag.py:4180} INFO - Setting next_dagrun for example_sla_dag to 2025-02-18 05:46:00+00:00, run_after=2025-02-18 05:48:00+00:00
[2025-02-18T05:48:13.681+0000] {processor.py:208} INFO - Processing /home/airflow/.local/lib/python3.12/site-packages/airflow/example_dags/example_sla_dag.py took 0.056 seconds
[2025-02-18T05:48:43.806+0000] {processor.py:186} INFO - Started process (PID=9527) to work on /home/airflow/.local/lib/python3.12/site-packages/airflow/example_dags/example_sla_dag.py
[2025-02-18T05:48:43.807+0000] {processor.py:914} INFO - Processing file /home/airflow/.local/lib/python3.12/site-packages/airflow/example_dags/example_sla_dag.py for tasks to queue
[2025-02-18T05:48:43.808+0000] {logging_mixin.py:190} INFO - [2025-02-18T05:48:43.807+0000] {dagbag.py:588} INFO - Filling up the DagBag from /home/airflow/.local/lib/python3.12/site-packages/airflow/example_dags/example_sla_dag.py
[2025-02-18T05:48:43.813+0000] {processor.py:925} INFO - DAG(s) 'example_sla_dag' retrieved from /home/airflow/.local/lib/python3.12/site-packages/airflow/example_dags/example_sla_dag.py
[2025-02-18T05:48:43.825+0000] {logging_mixin.py:190} INFO - [2025-02-18T05:48:43.825+0000] {dag.py:3239} INFO - Sync 1 DAGs
[2025-02-18T05:48:43.837+0000] {logging_mixin.py:190} INFO - [2025-02-18T05:48:43.837+0000] {dag.py:4180} INFO - Setting next_dagrun for example_sla_dag to 2025-02-18 05:46:00+00:00, run_after=2025-02-18 05:48:00+00:00
[2025-02-18T05:48:43.848+0000] {processor.py:208} INFO - Processing /home/airflow/.local/lib/python3.12/site-packages/airflow/example_dags/example_sla_dag.py took 0.046 seconds
[2025-02-18T05:49:14.725+0000] {processor.py:186} INFO - Started process (PID=9591) to work on /home/airflow/.local/lib/python3.12/site-packages/airflow/example_dags/example_sla_dag.py
[2025-02-18T05:49:14.728+0000] {processor.py:914} INFO - Processing file /home/airflow/.local/lib/python3.12/site-packages/airflow/example_dags/example_sla_dag.py for tasks to queue
[2025-02-18T05:49:14.729+0000] {logging_mixin.py:190} INFO - [2025-02-18T05:49:14.728+0000] {dagbag.py:588} INFO - Filling up the DagBag from /home/airflow/.local/lib/python3.12/site-packages/airflow/example_dags/example_sla_dag.py
[2025-02-18T05:49:14.736+0000] {processor.py:925} INFO - DAG(s) 'example_sla_dag' retrieved from /home/airflow/.local/lib/python3.12/site-packages/airflow/example_dags/example_sla_dag.py
[2025-02-18T05:49:14.751+0000] {logging_mixin.py:190} INFO - [2025-02-18T05:49:14.751+0000] {dag.py:3239} INFO - Sync 1 DAGs
[2025-02-18T05:49:14.764+0000] {logging_mixin.py:190} INFO - [2025-02-18T05:49:14.764+0000] {dag.py:4180} INFO - Setting next_dagrun for example_sla_dag to 2025-02-18 05:46:00+00:00, run_after=2025-02-18 05:48:00+00:00
[2025-02-18T05:49:14.775+0000] {processor.py:208} INFO - Processing /home/airflow/.local/lib/python3.12/site-packages/airflow/example_dags/example_sla_dag.py took 0.054 seconds
[2025-02-18T05:49:44.919+0000] {processor.py:186} INFO - Started process (PID=9655) to work on /home/airflow/.local/lib/python3.12/site-packages/airflow/example_dags/example_sla_dag.py
[2025-02-18T05:49:44.920+0000] {processor.py:914} INFO - Processing file /home/airflow/.local/lib/python3.12/site-packages/airflow/example_dags/example_sla_dag.py for tasks to queue
[2025-02-18T05:49:44.922+0000] {logging_mixin.py:190} INFO - [2025-02-18T05:49:44.921+0000] {dagbag.py:588} INFO - Filling up the DagBag from /home/airflow/.local/lib/python3.12/site-packages/airflow/example_dags/example_sla_dag.py
[2025-02-18T05:49:44.931+0000] {processor.py:925} INFO - DAG(s) 'example_sla_dag' retrieved from /home/airflow/.local/lib/python3.12/site-packages/airflow/example_dags/example_sla_dag.py
[2025-02-18T05:49:44.946+0000] {logging_mixin.py:190} INFO - [2025-02-18T05:49:44.946+0000] {dag.py:3239} INFO - Sync 1 DAGs
[2025-02-18T05:49:44.966+0000] {logging_mixin.py:190} INFO - [2025-02-18T05:49:44.966+0000] {dag.py:4180} INFO - Setting next_dagrun for example_sla_dag to 2025-02-18 05:46:00+00:00, run_after=2025-02-18 05:48:00+00:00
[2025-02-18T05:49:44.977+0000] {processor.py:208} INFO - Processing /home/airflow/.local/lib/python3.12/site-packages/airflow/example_dags/example_sla_dag.py took 0.064 seconds
[2025-02-18T05:50:15.028+0000] {processor.py:186} INFO - Started process (PID=9718) to work on /home/airflow/.local/lib/python3.12/site-packages/airflow/example_dags/example_sla_dag.py
[2025-02-18T05:50:15.029+0000] {processor.py:914} INFO - Processing file /home/airflow/.local/lib/python3.12/site-packages/airflow/example_dags/example_sla_dag.py for tasks to queue
[2025-02-18T05:50:15.029+0000] {logging_mixin.py:190} INFO - [2025-02-18T05:50:15.029+0000] {dagbag.py:588} INFO - Filling up the DagBag from /home/airflow/.local/lib/python3.12/site-packages/airflow/example_dags/example_sla_dag.py
[2025-02-18T05:50:15.035+0000] {processor.py:925} INFO - DAG(s) 'example_sla_dag' retrieved from /home/airflow/.local/lib/python3.12/site-packages/airflow/example_dags/example_sla_dag.py
[2025-02-18T05:50:15.047+0000] {logging_mixin.py:190} INFO - [2025-02-18T05:50:15.046+0000] {dag.py:3239} INFO - Sync 1 DAGs
[2025-02-18T05:50:15.060+0000] {logging_mixin.py:190} INFO - [2025-02-18T05:50:15.060+0000] {dag.py:4180} INFO - Setting next_dagrun for example_sla_dag to 2025-02-18 05:48:00+00:00, run_after=2025-02-18 05:50:00+00:00
[2025-02-18T05:50:15.069+0000] {processor.py:208} INFO - Processing /home/airflow/.local/lib/python3.12/site-packages/airflow/example_dags/example_sla_dag.py took 0.045 seconds
[2025-02-18T05:50:45.142+0000] {processor.py:186} INFO - Started process (PID=9783) to work on /home/airflow/.local/lib/python3.12/site-packages/airflow/example_dags/example_sla_dag.py
[2025-02-18T05:50:45.143+0000] {processor.py:914} INFO - Processing file /home/airflow/.local/lib/python3.12/site-packages/airflow/example_dags/example_sla_dag.py for tasks to queue
[2025-02-18T05:50:45.144+0000] {logging_mixin.py:190} INFO - [2025-02-18T05:50:45.143+0000] {dagbag.py:588} INFO - Filling up the DagBag from /home/airflow/.local/lib/python3.12/site-packages/airflow/example_dags/example_sla_dag.py
[2025-02-18T05:50:45.152+0000] {processor.py:925} INFO - DAG(s) 'example_sla_dag' retrieved from /home/airflow/.local/lib/python3.12/site-packages/airflow/example_dags/example_sla_dag.py
[2025-02-18T05:50:45.175+0000] {logging_mixin.py:190} INFO - [2025-02-18T05:50:45.175+0000] {dag.py:3239} INFO - Sync 1 DAGs
[2025-02-18T05:50:45.193+0000] {logging_mixin.py:190} INFO - [2025-02-18T05:50:45.193+0000] {dag.py:4180} INFO - Setting next_dagrun for example_sla_dag to 2025-02-18 05:48:00+00:00, run_after=2025-02-18 05:50:00+00:00
[2025-02-18T05:50:45.204+0000] {processor.py:208} INFO - Processing /home/airflow/.local/lib/python3.12/site-packages/airflow/example_dags/example_sla_dag.py took 0.066 seconds
[2025-02-18T05:51:15.605+0000] {processor.py:186} INFO - Started process (PID=9847) to work on /home/airflow/.local/lib/python3.12/site-packages/airflow/example_dags/example_sla_dag.py
[2025-02-18T05:51:15.606+0000] {processor.py:914} INFO - Processing file /home/airflow/.local/lib/python3.12/site-packages/airflow/example_dags/example_sla_dag.py for tasks to queue
[2025-02-18T05:51:15.607+0000] {logging_mixin.py:190} INFO - [2025-02-18T05:51:15.607+0000] {dagbag.py:588} INFO - Filling up the DagBag from /home/airflow/.local/lib/python3.12/site-packages/airflow/example_dags/example_sla_dag.py
[2025-02-18T05:51:15.613+0000] {processor.py:925} INFO - DAG(s) 'example_sla_dag' retrieved from /home/airflow/.local/lib/python3.12/site-packages/airflow/example_dags/example_sla_dag.py
[2025-02-18T05:51:15.632+0000] {logging_mixin.py:190} INFO - [2025-02-18T05:51:15.631+0000] {dag.py:3239} INFO - Sync 1 DAGs
[2025-02-18T05:51:15.648+0000] {logging_mixin.py:190} INFO - [2025-02-18T05:51:15.648+0000] {dag.py:4180} INFO - Setting next_dagrun for example_sla_dag to 2025-02-18 05:48:00+00:00, run_after=2025-02-18 05:50:00+00:00
[2025-02-18T05:51:15.660+0000] {processor.py:208} INFO - Processing /home/airflow/.local/lib/python3.12/site-packages/airflow/example_dags/example_sla_dag.py took 0.058 seconds
[2025-02-18T05:51:45.949+0000] {processor.py:186} INFO - Started process (PID=9911) to work on /home/airflow/.local/lib/python3.12/site-packages/airflow/example_dags/example_sla_dag.py
[2025-02-18T05:51:45.951+0000] {processor.py:914} INFO - Processing file /home/airflow/.local/lib/python3.12/site-packages/airflow/example_dags/example_sla_dag.py for tasks to queue
[2025-02-18T05:51:45.951+0000] {logging_mixin.py:190} INFO - [2025-02-18T05:51:45.951+0000] {dagbag.py:588} INFO - Filling up the DagBag from /home/airflow/.local/lib/python3.12/site-packages/airflow/example_dags/example_sla_dag.py
[2025-02-18T05:51:45.957+0000] {processor.py:925} INFO - DAG(s) 'example_sla_dag' retrieved from /home/airflow/.local/lib/python3.12/site-packages/airflow/example_dags/example_sla_dag.py
[2025-02-18T05:51:45.970+0000] {logging_mixin.py:190} INFO - [2025-02-18T05:51:45.970+0000] {dag.py:3239} INFO - Sync 1 DAGs
[2025-02-18T05:51:45.984+0000] {logging_mixin.py:190} INFO - [2025-02-18T05:51:45.984+0000] {dag.py:4180} INFO - Setting next_dagrun for example_sla_dag to 2025-02-18 05:48:00+00:00, run_after=2025-02-18 05:50:00+00:00
[2025-02-18T05:51:46.000+0000] {processor.py:208} INFO - Processing /home/airflow/.local/lib/python3.12/site-packages/airflow/example_dags/example_sla_dag.py took 0.054 seconds
[2025-02-18T05:52:16.642+0000] {processor.py:186} INFO - Started process (PID=9975) to work on /home/airflow/.local/lib/python3.12/site-packages/airflow/example_dags/example_sla_dag.py
[2025-02-18T05:52:16.643+0000] {processor.py:914} INFO - Processing file /home/airflow/.local/lib/python3.12/site-packages/airflow/example_dags/example_sla_dag.py for tasks to queue
[2025-02-18T05:52:16.644+0000] {logging_mixin.py:190} INFO - [2025-02-18T05:52:16.643+0000] {dagbag.py:588} INFO - Filling up the DagBag from /home/airflow/.local/lib/python3.12/site-packages/airflow/example_dags/example_sla_dag.py
[2025-02-18T05:52:16.650+0000] {processor.py:925} INFO - DAG(s) 'example_sla_dag' retrieved from /home/airflow/.local/lib/python3.12/site-packages/airflow/example_dags/example_sla_dag.py
[2025-02-18T05:52:16.669+0000] {logging_mixin.py:190} INFO - [2025-02-18T05:52:16.669+0000] {dag.py:3239} INFO - Sync 1 DAGs
[2025-02-18T05:52:16.685+0000] {logging_mixin.py:190} INFO - [2025-02-18T05:52:16.685+0000] {dag.py:4180} INFO - Setting next_dagrun for example_sla_dag to 2025-02-18 05:50:00+00:00, run_after=2025-02-18 05:52:00+00:00
[2025-02-18T05:52:16.698+0000] {processor.py:208} INFO - Processing /home/airflow/.local/lib/python3.12/site-packages/airflow/example_dags/example_sla_dag.py took 0.059 seconds
[2025-02-18T05:52:46.842+0000] {processor.py:186} INFO - Started process (PID=10039) to work on /home/airflow/.local/lib/python3.12/site-packages/airflow/example_dags/example_sla_dag.py
[2025-02-18T05:52:46.843+0000] {processor.py:914} INFO - Processing file /home/airflow/.local/lib/python3.12/site-packages/airflow/example_dags/example_sla_dag.py for tasks to queue
[2025-02-18T05:52:46.844+0000] {logging_mixin.py:190} INFO - [2025-02-18T05:52:46.844+0000] {dagbag.py:588} INFO - Filling up the DagBag from /home/airflow/.local/lib/python3.12/site-packages/airflow/example_dags/example_sla_dag.py
[2025-02-18T05:52:46.850+0000] {processor.py:925} INFO - DAG(s) 'example_sla_dag' retrieved from /home/airflow/.local/lib/python3.12/site-packages/airflow/example_dags/example_sla_dag.py
[2025-02-18T05:52:46.864+0000] {logging_mixin.py:190} INFO - [2025-02-18T05:52:46.863+0000] {dag.py:3239} INFO - Sync 1 DAGs
[2025-02-18T05:52:46.878+0000] {logging_mixin.py:190} INFO - [2025-02-18T05:52:46.878+0000] {dag.py:4180} INFO - Setting next_dagrun for example_sla_dag to 2025-02-18 05:50:00+00:00, run_after=2025-02-18 05:52:00+00:00
[2025-02-18T05:52:46.888+0000] {processor.py:208} INFO - Processing /home/airflow/.local/lib/python3.12/site-packages/airflow/example_dags/example_sla_dag.py took 0.049 seconds
[2025-02-18T05:53:16.934+0000] {processor.py:186} INFO - Started process (PID=10103) to work on /home/airflow/.local/lib/python3.12/site-packages/airflow/example_dags/example_sla_dag.py
[2025-02-18T05:53:16.936+0000] {processor.py:914} INFO - Processing file /home/airflow/.local/lib/python3.12/site-packages/airflow/example_dags/example_sla_dag.py for tasks to queue
[2025-02-18T05:53:16.937+0000] {logging_mixin.py:190} INFO - [2025-02-18T05:53:16.937+0000] {dagbag.py:588} INFO - Filling up the DagBag from /home/airflow/.local/lib/python3.12/site-packages/airflow/example_dags/example_sla_dag.py
[2025-02-18T05:53:16.943+0000] {processor.py:925} INFO - DAG(s) 'example_sla_dag' retrieved from /home/airflow/.local/lib/python3.12/site-packages/airflow/example_dags/example_sla_dag.py
[2025-02-18T05:53:16.956+0000] {logging_mixin.py:190} INFO - [2025-02-18T05:53:16.955+0000] {dag.py:3239} INFO - Sync 1 DAGs
[2025-02-18T05:53:16.969+0000] {logging_mixin.py:190} INFO - [2025-02-18T05:53:16.969+0000] {dag.py:4180} INFO - Setting next_dagrun for example_sla_dag to 2025-02-18 05:50:00+00:00, run_after=2025-02-18 05:52:00+00:00
[2025-02-18T05:53:16.981+0000] {processor.py:208} INFO - Processing /home/airflow/.local/lib/python3.12/site-packages/airflow/example_dags/example_sla_dag.py took 0.050 seconds
[2025-02-18T05:53:47.210+0000] {processor.py:186} INFO - Started process (PID=10167) to work on /home/airflow/.local/lib/python3.12/site-packages/airflow/example_dags/example_sla_dag.py
[2025-02-18T05:53:47.211+0000] {processor.py:914} INFO - Processing file /home/airflow/.local/lib/python3.12/site-packages/airflow/example_dags/example_sla_dag.py for tasks to queue
[2025-02-18T05:53:47.212+0000] {logging_mixin.py:190} INFO - [2025-02-18T05:53:47.212+0000] {dagbag.py:588} INFO - Filling up the DagBag from /home/airflow/.local/lib/python3.12/site-packages/airflow/example_dags/example_sla_dag.py
[2025-02-18T05:53:47.218+0000] {processor.py:925} INFO - DAG(s) 'example_sla_dag' retrieved from /home/airflow/.local/lib/python3.12/site-packages/airflow/example_dags/example_sla_dag.py
[2025-02-18T05:53:47.229+0000] {logging_mixin.py:190} INFO - [2025-02-18T05:53:47.229+0000] {dag.py:3239} INFO - Sync 1 DAGs
[2025-02-18T05:53:47.244+0000] {logging_mixin.py:190} INFO - [2025-02-18T05:53:47.244+0000] {dag.py:4180} INFO - Setting next_dagrun for example_sla_dag to 2025-02-18 05:50:00+00:00, run_after=2025-02-18 05:52:00+00:00
[2025-02-18T05:53:47.252+0000] {processor.py:208} INFO - Processing /home/airflow/.local/lib/python3.12/site-packages/airflow/example_dags/example_sla_dag.py took 0.046 seconds
[2025-02-18T05:54:17.595+0000] {processor.py:186} INFO - Started process (PID=10230) to work on /home/airflow/.local/lib/python3.12/site-packages/airflow/example_dags/example_sla_dag.py
[2025-02-18T05:54:17.596+0000] {processor.py:914} INFO - Processing file /home/airflow/.local/lib/python3.12/site-packages/airflow/example_dags/example_sla_dag.py for tasks to queue
[2025-02-18T05:54:17.597+0000] {logging_mixin.py:190} INFO - [2025-02-18T05:54:17.597+0000] {dagbag.py:588} INFO - Filling up the DagBag from /home/airflow/.local/lib/python3.12/site-packages/airflow/example_dags/example_sla_dag.py
[2025-02-18T05:54:17.605+0000] {processor.py:925} INFO - DAG(s) 'example_sla_dag' retrieved from /home/airflow/.local/lib/python3.12/site-packages/airflow/example_dags/example_sla_dag.py
[2025-02-18T05:54:17.621+0000] {logging_mixin.py:190} INFO - [2025-02-18T05:54:17.621+0000] {dag.py:3239} INFO - Sync 1 DAGs
[2025-02-18T05:54:17.633+0000] {logging_mixin.py:190} INFO - [2025-02-18T05:54:17.633+0000] {dag.py:4180} INFO - Setting next_dagrun for example_sla_dag to 2025-02-18 05:52:00+00:00, run_after=2025-02-18 05:54:00+00:00
[2025-02-18T05:54:17.646+0000] {processor.py:208} INFO - Processing /home/airflow/.local/lib/python3.12/site-packages/airflow/example_dags/example_sla_dag.py took 0.055 seconds
[2025-02-18T05:54:47.947+0000] {processor.py:186} INFO - Started process (PID=10294) to work on /home/airflow/.local/lib/python3.12/site-packages/airflow/example_dags/example_sla_dag.py
[2025-02-18T05:54:47.949+0000] {processor.py:914} INFO - Processing file /home/airflow/.local/lib/python3.12/site-packages/airflow/example_dags/example_sla_dag.py for tasks to queue
[2025-02-18T05:54:47.949+0000] {logging_mixin.py:190} INFO - [2025-02-18T05:54:47.949+0000] {dagbag.py:588} INFO - Filling up the DagBag from /home/airflow/.local/lib/python3.12/site-packages/airflow/example_dags/example_sla_dag.py
[2025-02-18T05:54:47.955+0000] {processor.py:925} INFO - DAG(s) 'example_sla_dag' retrieved from /home/airflow/.local/lib/python3.12/site-packages/airflow/example_dags/example_sla_dag.py
[2025-02-18T05:54:47.966+0000] {logging_mixin.py:190} INFO - [2025-02-18T05:54:47.966+0000] {dag.py:3239} INFO - Sync 1 DAGs
[2025-02-18T05:54:47.978+0000] {logging_mixin.py:190} INFO - [2025-02-18T05:54:47.978+0000] {dag.py:4180} INFO - Setting next_dagrun for example_sla_dag to 2025-02-18 05:52:00+00:00, run_after=2025-02-18 05:54:00+00:00
[2025-02-18T05:54:47.989+0000] {processor.py:208} INFO - Processing /home/airflow/.local/lib/python3.12/site-packages/airflow/example_dags/example_sla_dag.py took 0.045 seconds
[2025-02-18T05:55:18.351+0000] {processor.py:186} INFO - Started process (PID=10358) to work on /home/airflow/.local/lib/python3.12/site-packages/airflow/example_dags/example_sla_dag.py
[2025-02-18T05:55:18.351+0000] {processor.py:914} INFO - Processing file /home/airflow/.local/lib/python3.12/site-packages/airflow/example_dags/example_sla_dag.py for tasks to queue
[2025-02-18T05:55:18.352+0000] {logging_mixin.py:190} INFO - [2025-02-18T05:55:18.352+0000] {dagbag.py:588} INFO - Filling up the DagBag from /home/airflow/.local/lib/python3.12/site-packages/airflow/example_dags/example_sla_dag.py
[2025-02-18T05:55:18.358+0000] {processor.py:925} INFO - DAG(s) 'example_sla_dag' retrieved from /home/airflow/.local/lib/python3.12/site-packages/airflow/example_dags/example_sla_dag.py
[2025-02-18T05:55:18.370+0000] {logging_mixin.py:190} INFO - [2025-02-18T05:55:18.370+0000] {dag.py:3239} INFO - Sync 1 DAGs
[2025-02-18T05:55:18.383+0000] {logging_mixin.py:190} INFO - [2025-02-18T05:55:18.383+0000] {dag.py:4180} INFO - Setting next_dagrun for example_sla_dag to 2025-02-18 05:52:00+00:00, run_after=2025-02-18 05:54:00+00:00
[2025-02-18T05:55:18.394+0000] {processor.py:208} INFO - Processing /home/airflow/.local/lib/python3.12/site-packages/airflow/example_dags/example_sla_dag.py took 0.047 seconds
[2025-02-18T05:55:48.567+0000] {processor.py:186} INFO - Started process (PID=10422) to work on /home/airflow/.local/lib/python3.12/site-packages/airflow/example_dags/example_sla_dag.py
[2025-02-18T05:55:48.567+0000] {processor.py:914} INFO - Processing file /home/airflow/.local/lib/python3.12/site-packages/airflow/example_dags/example_sla_dag.py for tasks to queue
[2025-02-18T05:55:48.568+0000] {logging_mixin.py:190} INFO - [2025-02-18T05:55:48.568+0000] {dagbag.py:588} INFO - Filling up the DagBag from /home/airflow/.local/lib/python3.12/site-packages/airflow/example_dags/example_sla_dag.py
[2025-02-18T05:55:48.574+0000] {processor.py:925} INFO - DAG(s) 'example_sla_dag' retrieved from /home/airflow/.local/lib/python3.12/site-packages/airflow/example_dags/example_sla_dag.py
[2025-02-18T05:55:48.587+0000] {logging_mixin.py:190} INFO - [2025-02-18T05:55:48.587+0000] {dag.py:3239} INFO - Sync 1 DAGs
[2025-02-18T05:55:48.603+0000] {logging_mixin.py:190} INFO - [2025-02-18T05:55:48.602+0000] {dag.py:4180} INFO - Setting next_dagrun for example_sla_dag to 2025-02-18 05:52:00+00:00, run_after=2025-02-18 05:54:00+00:00
[2025-02-18T05:55:48.617+0000] {processor.py:208} INFO - Processing /home/airflow/.local/lib/python3.12/site-packages/airflow/example_dags/example_sla_dag.py took 0.054 seconds
[2025-02-18T10:40:11.906+0000] {processor.py:186} INFO - Started process (PID=72) to work on /home/airflow/.local/lib/python3.12/site-packages/airflow/example_dags/example_sla_dag.py
[2025-02-18T10:40:11.907+0000] {processor.py:914} INFO - Processing file /home/airflow/.local/lib/python3.12/site-packages/airflow/example_dags/example_sla_dag.py for tasks to queue
[2025-02-18T10:40:11.909+0000] {logging_mixin.py:190} INFO - [2025-02-18T10:40:11.909+0000] {dagbag.py:588} INFO - Filling up the DagBag from /home/airflow/.local/lib/python3.12/site-packages/airflow/example_dags/example_sla_dag.py
[2025-02-18T10:40:11.916+0000] {processor.py:925} INFO - DAG(s) 'example_sla_dag' retrieved from /home/airflow/.local/lib/python3.12/site-packages/airflow/example_dags/example_sla_dag.py
[2025-02-18T10:40:11.930+0000] {logging_mixin.py:190} INFO - [2025-02-18T10:40:11.930+0000] {dag.py:3239} INFO - Sync 1 DAGs
[2025-02-18T10:40:11.947+0000] {logging_mixin.py:190} INFO - [2025-02-18T10:40:11.947+0000] {dag.py:4180} INFO - Setting next_dagrun for example_sla_dag to 2025-02-18 10:38:00+00:00, run_after=2025-02-18 10:40:00+00:00
[2025-02-18T10:40:11.959+0000] {processor.py:208} INFO - Processing /home/airflow/.local/lib/python3.12/site-packages/airflow/example_dags/example_sla_dag.py took 0.061 seconds
[2025-02-18T10:47:02.157+0000] {processor.py:186} INFO - Started process (PID=75) to work on /home/airflow/.local/lib/python3.12/site-packages/airflow/example_dags/example_sla_dag.py
[2025-02-18T10:47:02.158+0000] {processor.py:914} INFO - Processing file /home/airflow/.local/lib/python3.12/site-packages/airflow/example_dags/example_sla_dag.py for tasks to queue
[2025-02-18T10:47:02.160+0000] {logging_mixin.py:190} INFO - [2025-02-18T10:47:02.160+0000] {dagbag.py:588} INFO - Filling up the DagBag from /home/airflow/.local/lib/python3.12/site-packages/airflow/example_dags/example_sla_dag.py
[2025-02-18T10:47:02.166+0000] {processor.py:925} INFO - DAG(s) 'example_sla_dag' retrieved from /home/airflow/.local/lib/python3.12/site-packages/airflow/example_dags/example_sla_dag.py
[2025-02-18T10:47:02.176+0000] {logging_mixin.py:190} INFO - [2025-02-18T10:47:02.176+0000] {dag.py:3239} INFO - Sync 1 DAGs
[2025-02-18T10:47:02.189+0000] {logging_mixin.py:190} INFO - [2025-02-18T10:47:02.189+0000] {dag.py:4180} INFO - Setting next_dagrun for example_sla_dag to 2025-02-18 10:44:00+00:00, run_after=2025-02-18 10:46:00+00:00
[2025-02-18T10:47:02.198+0000] {processor.py:208} INFO - Processing /home/airflow/.local/lib/python3.12/site-packages/airflow/example_dags/example_sla_dag.py took 0.044 seconds
