[2025-02-18T01:09:48.279+0000] {processor.py:186} INFO - Started process (PID=8230) to work on /home/airflow/.local/lib/python3.12/site-packages/airflow/example_dags/example_params_trigger_ui.py
[2025-02-18T01:09:48.282+0000] {processor.py:914} INFO - Processing file /home/airflow/.local/lib/python3.12/site-packages/airflow/example_dags/example_params_trigger_ui.py for tasks to queue
[2025-02-18T01:09:48.283+0000] {logging_mixin.py:190} INFO - [2025-02-18T01:09:48.283+0000] {dagbag.py:588} INFO - Filling up the DagBag from /home/airflow/.local/lib/python3.12/site-packages/airflow/example_dags/example_params_trigger_ui.py
[2025-02-18T01:09:48.297+0000] {processor.py:925} INFO - DAG(s) 'example_params_trigger_ui' retrieved from /home/airflow/.local/lib/python3.12/site-packages/airflow/example_dags/example_params_trigger_ui.py
[2025-02-18T01:09:48.328+0000] {logging_mixin.py:190} INFO - [2025-02-18T01:09:48.328+0000] {dag.py:3239} INFO - Sync 1 DAGs
[2025-02-18T01:09:48.341+0000] {logging_mixin.py:190} INFO - [2025-02-18T01:09:48.341+0000] {dag.py:4180} INFO - Setting next_dagrun for example_params_trigger_ui to None, run_after=None
[2025-02-18T01:09:48.358+0000] {processor.py:208} INFO - Processing /home/airflow/.local/lib/python3.12/site-packages/airflow/example_dags/example_params_trigger_ui.py took 0.084 seconds
[2025-02-18T01:44:58.537+0000] {processor.py:186} INFO - Started process (PID=8294) to work on /home/airflow/.local/lib/python3.12/site-packages/airflow/example_dags/example_params_trigger_ui.py
[2025-02-18T01:44:58.541+0000] {processor.py:914} INFO - Processing file /home/airflow/.local/lib/python3.12/site-packages/airflow/example_dags/example_params_trigger_ui.py for tasks to queue
[2025-02-18T01:44:58.542+0000] {logging_mixin.py:190} INFO - [2025-02-18T01:44:58.542+0000] {dagbag.py:588} INFO - Filling up the DagBag from /home/airflow/.local/lib/python3.12/site-packages/airflow/example_dags/example_params_trigger_ui.py
[2025-02-18T01:44:58.552+0000] {processor.py:925} INFO - DAG(s) 'example_params_trigger_ui' retrieved from /home/airflow/.local/lib/python3.12/site-packages/airflow/example_dags/example_params_trigger_ui.py
[2025-02-18T01:44:58.592+0000] {logging_mixin.py:190} INFO - [2025-02-18T01:44:58.592+0000] {dag.py:3239} INFO - Sync 1 DAGs
[2025-02-18T01:44:58.601+0000] {logging_mixin.py:190} INFO - [2025-02-18T01:44:58.601+0000] {dag.py:4180} INFO - Setting next_dagrun for example_params_trigger_ui to None, run_after=None
[2025-02-18T01:44:58.623+0000] {processor.py:208} INFO - Processing /home/airflow/.local/lib/python3.12/site-packages/airflow/example_dags/example_params_trigger_ui.py took 0.095 seconds
[2025-02-18T02:31:36.113+0000] {processor.py:186} INFO - Started process (PID=8358) to work on /home/airflow/.local/lib/python3.12/site-packages/airflow/example_dags/example_params_trigger_ui.py
[2025-02-18T02:31:36.114+0000] {processor.py:914} INFO - Processing file /home/airflow/.local/lib/python3.12/site-packages/airflow/example_dags/example_params_trigger_ui.py for tasks to queue
[2025-02-18T02:31:36.114+0000] {logging_mixin.py:190} INFO - [2025-02-18T02:31:36.114+0000] {dagbag.py:588} INFO - Filling up the DagBag from /home/airflow/.local/lib/python3.12/site-packages/airflow/example_dags/example_params_trigger_ui.py
[2025-02-18T02:31:36.125+0000] {processor.py:925} INFO - DAG(s) 'example_params_trigger_ui' retrieved from /home/airflow/.local/lib/python3.12/site-packages/airflow/example_dags/example_params_trigger_ui.py
[2025-02-18T02:31:36.153+0000] {logging_mixin.py:190} INFO - [2025-02-18T02:31:36.153+0000] {dag.py:3239} INFO - Sync 1 DAGs
[2025-02-18T02:31:36.167+0000] {logging_mixin.py:190} INFO - [2025-02-18T02:31:36.166+0000] {dag.py:4180} INFO - Setting next_dagrun for example_params_trigger_ui to None, run_after=None
[2025-02-18T02:31:36.182+0000] {processor.py:208} INFO - Processing /home/airflow/.local/lib/python3.12/site-packages/airflow/example_dags/example_params_trigger_ui.py took 0.072 seconds
[2025-02-18T02:54:39.534+0000] {processor.py:186} INFO - Started process (PID=8422) to work on /home/airflow/.local/lib/python3.12/site-packages/airflow/example_dags/example_params_trigger_ui.py
[2025-02-18T02:54:39.539+0000] {processor.py:914} INFO - Processing file /home/airflow/.local/lib/python3.12/site-packages/airflow/example_dags/example_params_trigger_ui.py for tasks to queue
[2025-02-18T02:54:39.541+0000] {logging_mixin.py:190} INFO - [2025-02-18T02:54:39.541+0000] {dagbag.py:588} INFO - Filling up the DagBag from /home/airflow/.local/lib/python3.12/site-packages/airflow/example_dags/example_params_trigger_ui.py
[2025-02-18T02:54:39.550+0000] {processor.py:925} INFO - DAG(s) 'example_params_trigger_ui' retrieved from /home/airflow/.local/lib/python3.12/site-packages/airflow/example_dags/example_params_trigger_ui.py
[2025-02-18T02:54:39.573+0000] {logging_mixin.py:190} INFO - [2025-02-18T02:54:39.572+0000] {dag.py:3239} INFO - Sync 1 DAGs
[2025-02-18T02:54:39.581+0000] {logging_mixin.py:190} INFO - [2025-02-18T02:54:39.581+0000] {dag.py:4180} INFO - Setting next_dagrun for example_params_trigger_ui to None, run_after=None
[2025-02-18T02:54:39.591+0000] {processor.py:208} INFO - Processing /home/airflow/.local/lib/python3.12/site-packages/airflow/example_dags/example_params_trigger_ui.py took 0.061 seconds
[2025-02-18T03:12:49.139+0000] {processor.py:186} INFO - Started process (PID=8486) to work on /home/airflow/.local/lib/python3.12/site-packages/airflow/example_dags/example_params_trigger_ui.py
[2025-02-18T03:12:49.142+0000] {processor.py:914} INFO - Processing file /home/airflow/.local/lib/python3.12/site-packages/airflow/example_dags/example_params_trigger_ui.py for tasks to queue
[2025-02-18T03:12:49.143+0000] {logging_mixin.py:190} INFO - [2025-02-18T03:12:49.143+0000] {dagbag.py:588} INFO - Filling up the DagBag from /home/airflow/.local/lib/python3.12/site-packages/airflow/example_dags/example_params_trigger_ui.py
[2025-02-18T03:12:49.151+0000] {processor.py:925} INFO - DAG(s) 'example_params_trigger_ui' retrieved from /home/airflow/.local/lib/python3.12/site-packages/airflow/example_dags/example_params_trigger_ui.py
[2025-02-18T03:12:49.318+0000] {logging_mixin.py:190} INFO - [2025-02-18T03:12:49.318+0000] {dag.py:3239} INFO - Sync 1 DAGs
[2025-02-18T03:12:49.333+0000] {logging_mixin.py:190} INFO - [2025-02-18T03:12:49.332+0000] {dag.py:4180} INFO - Setting next_dagrun for example_params_trigger_ui to None, run_after=None
[2025-02-18T03:12:49.399+0000] {processor.py:208} INFO - Processing /home/airflow/.local/lib/python3.12/site-packages/airflow/example_dags/example_params_trigger_ui.py took 0.262 seconds
[2025-02-18T04:35:28.464+0000] {processor.py:186} INFO - Started process (PID=8550) to work on /home/airflow/.local/lib/python3.12/site-packages/airflow/example_dags/example_params_trigger_ui.py
[2025-02-18T04:35:28.465+0000] {processor.py:914} INFO - Processing file /home/airflow/.local/lib/python3.12/site-packages/airflow/example_dags/example_params_trigger_ui.py for tasks to queue
[2025-02-18T04:35:28.466+0000] {logging_mixin.py:190} INFO - [2025-02-18T04:35:28.466+0000] {dagbag.py:588} INFO - Filling up the DagBag from /home/airflow/.local/lib/python3.12/site-packages/airflow/example_dags/example_params_trigger_ui.py
[2025-02-18T04:35:28.473+0000] {processor.py:925} INFO - DAG(s) 'example_params_trigger_ui' retrieved from /home/airflow/.local/lib/python3.12/site-packages/airflow/example_dags/example_params_trigger_ui.py
[2025-02-18T04:35:28.501+0000] {logging_mixin.py:190} INFO - [2025-02-18T04:35:28.501+0000] {dag.py:3239} INFO - Sync 1 DAGs
[2025-02-18T04:35:28.509+0000] {logging_mixin.py:190} INFO - [2025-02-18T04:35:28.509+0000] {dag.py:4180} INFO - Setting next_dagrun for example_params_trigger_ui to None, run_after=None
[2025-02-18T04:35:28.524+0000] {processor.py:208} INFO - Processing /home/airflow/.local/lib/python3.12/site-packages/airflow/example_dags/example_params_trigger_ui.py took 0.066 seconds
[2025-02-18T04:55:47.813+0000] {processor.py:186} INFO - Started process (PID=8614) to work on /home/airflow/.local/lib/python3.12/site-packages/airflow/example_dags/example_params_trigger_ui.py
[2025-02-18T04:55:47.814+0000] {processor.py:914} INFO - Processing file /home/airflow/.local/lib/python3.12/site-packages/airflow/example_dags/example_params_trigger_ui.py for tasks to queue
[2025-02-18T04:55:47.815+0000] {logging_mixin.py:190} INFO - [2025-02-18T04:55:47.815+0000] {dagbag.py:588} INFO - Filling up the DagBag from /home/airflow/.local/lib/python3.12/site-packages/airflow/example_dags/example_params_trigger_ui.py
[2025-02-18T04:55:47.826+0000] {processor.py:925} INFO - DAG(s) 'example_params_trigger_ui' retrieved from /home/airflow/.local/lib/python3.12/site-packages/airflow/example_dags/example_params_trigger_ui.py
[2025-02-18T04:55:47.854+0000] {logging_mixin.py:190} INFO - [2025-02-18T04:55:47.854+0000] {dag.py:3239} INFO - Sync 1 DAGs
[2025-02-18T04:55:47.863+0000] {logging_mixin.py:190} INFO - [2025-02-18T04:55:47.862+0000] {dag.py:4180} INFO - Setting next_dagrun for example_params_trigger_ui to None, run_after=None
[2025-02-18T04:55:47.873+0000] {processor.py:208} INFO - Processing /home/airflow/.local/lib/python3.12/site-packages/airflow/example_dags/example_params_trigger_ui.py took 0.064 seconds
[2025-02-18T05:42:06.828+0000] {processor.py:186} INFO - Started process (PID=8678) to work on /home/airflow/.local/lib/python3.12/site-packages/airflow/example_dags/example_params_trigger_ui.py
[2025-02-18T05:42:06.831+0000] {processor.py:914} INFO - Processing file /home/airflow/.local/lib/python3.12/site-packages/airflow/example_dags/example_params_trigger_ui.py for tasks to queue
[2025-02-18T05:42:06.832+0000] {logging_mixin.py:190} INFO - [2025-02-18T05:42:06.832+0000] {dagbag.py:588} INFO - Filling up the DagBag from /home/airflow/.local/lib/python3.12/site-packages/airflow/example_dags/example_params_trigger_ui.py
[2025-02-18T05:42:06.842+0000] {processor.py:925} INFO - DAG(s) 'example_params_trigger_ui' retrieved from /home/airflow/.local/lib/python3.12/site-packages/airflow/example_dags/example_params_trigger_ui.py
[2025-02-18T05:42:06.868+0000] {logging_mixin.py:190} INFO - [2025-02-18T05:42:06.868+0000] {dag.py:3239} INFO - Sync 1 DAGs
[2025-02-18T05:42:06.876+0000] {logging_mixin.py:190} INFO - [2025-02-18T05:42:06.876+0000] {dag.py:4180} INFO - Setting next_dagrun for example_params_trigger_ui to None, run_after=None
[2025-02-18T05:42:06.887+0000] {processor.py:208} INFO - Processing /home/airflow/.local/lib/python3.12/site-packages/airflow/example_dags/example_params_trigger_ui.py took 0.063 seconds
[2025-02-18T05:42:37.338+0000] {processor.py:186} INFO - Started process (PID=8742) to work on /home/airflow/.local/lib/python3.12/site-packages/airflow/example_dags/example_params_trigger_ui.py
[2025-02-18T05:42:37.343+0000] {processor.py:914} INFO - Processing file /home/airflow/.local/lib/python3.12/site-packages/airflow/example_dags/example_params_trigger_ui.py for tasks to queue
[2025-02-18T05:42:37.344+0000] {logging_mixin.py:190} INFO - [2025-02-18T05:42:37.343+0000] {dagbag.py:588} INFO - Filling up the DagBag from /home/airflow/.local/lib/python3.12/site-packages/airflow/example_dags/example_params_trigger_ui.py
[2025-02-18T05:42:37.354+0000] {processor.py:925} INFO - DAG(s) 'example_params_trigger_ui' retrieved from /home/airflow/.local/lib/python3.12/site-packages/airflow/example_dags/example_params_trigger_ui.py
[2025-02-18T05:42:37.387+0000] {logging_mixin.py:190} INFO - [2025-02-18T05:42:37.387+0000] {dag.py:3239} INFO - Sync 1 DAGs
[2025-02-18T05:42:37.398+0000] {logging_mixin.py:190} INFO - [2025-02-18T05:42:37.397+0000] {dag.py:4180} INFO - Setting next_dagrun for example_params_trigger_ui to None, run_after=None
[2025-02-18T05:42:37.418+0000] {processor.py:208} INFO - Processing /home/airflow/.local/lib/python3.12/site-packages/airflow/example_dags/example_params_trigger_ui.py took 0.084 seconds
[2025-02-18T05:43:07.682+0000] {processor.py:186} INFO - Started process (PID=8806) to work on /home/airflow/.local/lib/python3.12/site-packages/airflow/example_dags/example_params_trigger_ui.py
[2025-02-18T05:43:07.682+0000] {processor.py:914} INFO - Processing file /home/airflow/.local/lib/python3.12/site-packages/airflow/example_dags/example_params_trigger_ui.py for tasks to queue
[2025-02-18T05:43:07.683+0000] {logging_mixin.py:190} INFO - [2025-02-18T05:43:07.683+0000] {dagbag.py:588} INFO - Filling up the DagBag from /home/airflow/.local/lib/python3.12/site-packages/airflow/example_dags/example_params_trigger_ui.py
[2025-02-18T05:43:07.690+0000] {processor.py:925} INFO - DAG(s) 'example_params_trigger_ui' retrieved from /home/airflow/.local/lib/python3.12/site-packages/airflow/example_dags/example_params_trigger_ui.py
[2025-02-18T05:43:07.709+0000] {logging_mixin.py:190} INFO - [2025-02-18T05:43:07.709+0000] {dag.py:3239} INFO - Sync 1 DAGs
[2025-02-18T05:43:07.716+0000] {logging_mixin.py:190} INFO - [2025-02-18T05:43:07.716+0000] {dag.py:4180} INFO - Setting next_dagrun for example_params_trigger_ui to None, run_after=None
[2025-02-18T05:43:07.724+0000] {processor.py:208} INFO - Processing /home/airflow/.local/lib/python3.12/site-packages/airflow/example_dags/example_params_trigger_ui.py took 0.046 seconds
[2025-02-18T05:43:37.907+0000] {processor.py:186} INFO - Started process (PID=8870) to work on /home/airflow/.local/lib/python3.12/site-packages/airflow/example_dags/example_params_trigger_ui.py
[2025-02-18T05:43:37.908+0000] {processor.py:914} INFO - Processing file /home/airflow/.local/lib/python3.12/site-packages/airflow/example_dags/example_params_trigger_ui.py for tasks to queue
[2025-02-18T05:43:37.909+0000] {logging_mixin.py:190} INFO - [2025-02-18T05:43:37.909+0000] {dagbag.py:588} INFO - Filling up the DagBag from /home/airflow/.local/lib/python3.12/site-packages/airflow/example_dags/example_params_trigger_ui.py
[2025-02-18T05:43:37.916+0000] {processor.py:925} INFO - DAG(s) 'example_params_trigger_ui' retrieved from /home/airflow/.local/lib/python3.12/site-packages/airflow/example_dags/example_params_trigger_ui.py
[2025-02-18T05:43:37.937+0000] {logging_mixin.py:190} INFO - [2025-02-18T05:43:37.937+0000] {dag.py:3239} INFO - Sync 1 DAGs
[2025-02-18T05:43:37.946+0000] {logging_mixin.py:190} INFO - [2025-02-18T05:43:37.946+0000] {dag.py:4180} INFO - Setting next_dagrun for example_params_trigger_ui to None, run_after=None
[2025-02-18T05:43:37.957+0000] {processor.py:208} INFO - Processing /home/airflow/.local/lib/python3.12/site-packages/airflow/example_dags/example_params_trigger_ui.py took 0.053 seconds
[2025-02-18T05:44:08.437+0000] {processor.py:186} INFO - Started process (PID=8934) to work on /home/airflow/.local/lib/python3.12/site-packages/airflow/example_dags/example_params_trigger_ui.py
[2025-02-18T05:44:08.438+0000] {processor.py:914} INFO - Processing file /home/airflow/.local/lib/python3.12/site-packages/airflow/example_dags/example_params_trigger_ui.py for tasks to queue
[2025-02-18T05:44:08.439+0000] {logging_mixin.py:190} INFO - [2025-02-18T05:44:08.439+0000] {dagbag.py:588} INFO - Filling up the DagBag from /home/airflow/.local/lib/python3.12/site-packages/airflow/example_dags/example_params_trigger_ui.py
[2025-02-18T05:44:08.448+0000] {processor.py:925} INFO - DAG(s) 'example_params_trigger_ui' retrieved from /home/airflow/.local/lib/python3.12/site-packages/airflow/example_dags/example_params_trigger_ui.py
[2025-02-18T05:44:08.479+0000] {logging_mixin.py:190} INFO - [2025-02-18T05:44:08.479+0000] {dag.py:3239} INFO - Sync 1 DAGs
[2025-02-18T05:44:08.488+0000] {logging_mixin.py:190} INFO - [2025-02-18T05:44:08.488+0000] {dag.py:4180} INFO - Setting next_dagrun for example_params_trigger_ui to None, run_after=None
[2025-02-18T05:44:08.500+0000] {processor.py:208} INFO - Processing /home/airflow/.local/lib/python3.12/site-packages/airflow/example_dags/example_params_trigger_ui.py took 0.066 seconds
[2025-02-18T05:44:39.067+0000] {processor.py:186} INFO - Started process (PID=8998) to work on /home/airflow/.local/lib/python3.12/site-packages/airflow/example_dags/example_params_trigger_ui.py
[2025-02-18T05:44:39.071+0000] {processor.py:914} INFO - Processing file /home/airflow/.local/lib/python3.12/site-packages/airflow/example_dags/example_params_trigger_ui.py for tasks to queue
[2025-02-18T05:44:39.072+0000] {logging_mixin.py:190} INFO - [2025-02-18T05:44:39.072+0000] {dagbag.py:588} INFO - Filling up the DagBag from /home/airflow/.local/lib/python3.12/site-packages/airflow/example_dags/example_params_trigger_ui.py
[2025-02-18T05:44:39.081+0000] {processor.py:925} INFO - DAG(s) 'example_params_trigger_ui' retrieved from /home/airflow/.local/lib/python3.12/site-packages/airflow/example_dags/example_params_trigger_ui.py
[2025-02-18T05:44:39.108+0000] {logging_mixin.py:190} INFO - [2025-02-18T05:44:39.107+0000] {dag.py:3239} INFO - Sync 1 DAGs
[2025-02-18T05:44:39.119+0000] {logging_mixin.py:190} INFO - [2025-02-18T05:44:39.119+0000] {dag.py:4180} INFO - Setting next_dagrun for example_params_trigger_ui to None, run_after=None
[2025-02-18T05:44:39.140+0000] {processor.py:208} INFO - Processing /home/airflow/.local/lib/python3.12/site-packages/airflow/example_dags/example_params_trigger_ui.py took 0.087 seconds
[2025-02-18T05:45:10.058+0000] {processor.py:186} INFO - Started process (PID=9062) to work on /home/airflow/.local/lib/python3.12/site-packages/airflow/example_dags/example_params_trigger_ui.py
[2025-02-18T05:45:10.059+0000] {processor.py:914} INFO - Processing file /home/airflow/.local/lib/python3.12/site-packages/airflow/example_dags/example_params_trigger_ui.py for tasks to queue
[2025-02-18T05:45:10.060+0000] {logging_mixin.py:190} INFO - [2025-02-18T05:45:10.060+0000] {dagbag.py:588} INFO - Filling up the DagBag from /home/airflow/.local/lib/python3.12/site-packages/airflow/example_dags/example_params_trigger_ui.py
[2025-02-18T05:45:10.068+0000] {processor.py:925} INFO - DAG(s) 'example_params_trigger_ui' retrieved from /home/airflow/.local/lib/python3.12/site-packages/airflow/example_dags/example_params_trigger_ui.py
[2025-02-18T05:45:10.099+0000] {logging_mixin.py:190} INFO - [2025-02-18T05:45:10.099+0000] {dag.py:3239} INFO - Sync 1 DAGs
[2025-02-18T05:45:10.108+0000] {logging_mixin.py:190} INFO - [2025-02-18T05:45:10.108+0000] {dag.py:4180} INFO - Setting next_dagrun for example_params_trigger_ui to None, run_after=None
[2025-02-18T05:45:10.121+0000] {processor.py:208} INFO - Processing /home/airflow/.local/lib/python3.12/site-packages/airflow/example_dags/example_params_trigger_ui.py took 0.067 seconds
[2025-02-18T05:45:40.409+0000] {processor.py:186} INFO - Started process (PID=9126) to work on /home/airflow/.local/lib/python3.12/site-packages/airflow/example_dags/example_params_trigger_ui.py
[2025-02-18T05:45:40.410+0000] {processor.py:914} INFO - Processing file /home/airflow/.local/lib/python3.12/site-packages/airflow/example_dags/example_params_trigger_ui.py for tasks to queue
[2025-02-18T05:45:40.411+0000] {logging_mixin.py:190} INFO - [2025-02-18T05:45:40.411+0000] {dagbag.py:588} INFO - Filling up the DagBag from /home/airflow/.local/lib/python3.12/site-packages/airflow/example_dags/example_params_trigger_ui.py
[2025-02-18T05:45:40.418+0000] {processor.py:925} INFO - DAG(s) 'example_params_trigger_ui' retrieved from /home/airflow/.local/lib/python3.12/site-packages/airflow/example_dags/example_params_trigger_ui.py
[2025-02-18T05:45:40.439+0000] {logging_mixin.py:190} INFO - [2025-02-18T05:45:40.438+0000] {dag.py:3239} INFO - Sync 1 DAGs
[2025-02-18T05:45:40.446+0000] {logging_mixin.py:190} INFO - [2025-02-18T05:45:40.446+0000] {dag.py:4180} INFO - Setting next_dagrun for example_params_trigger_ui to None, run_after=None
[2025-02-18T05:45:40.458+0000] {processor.py:208} INFO - Processing /home/airflow/.local/lib/python3.12/site-packages/airflow/example_dags/example_params_trigger_ui.py took 0.052 seconds
[2025-02-18T05:46:11.501+0000] {processor.py:186} INFO - Started process (PID=9190) to work on /home/airflow/.local/lib/python3.12/site-packages/airflow/example_dags/example_params_trigger_ui.py
[2025-02-18T05:46:11.503+0000] {processor.py:914} INFO - Processing file /home/airflow/.local/lib/python3.12/site-packages/airflow/example_dags/example_params_trigger_ui.py for tasks to queue
[2025-02-18T05:46:11.504+0000] {logging_mixin.py:190} INFO - [2025-02-18T05:46:11.503+0000] {dagbag.py:588} INFO - Filling up the DagBag from /home/airflow/.local/lib/python3.12/site-packages/airflow/example_dags/example_params_trigger_ui.py
[2025-02-18T05:46:11.516+0000] {processor.py:925} INFO - DAG(s) 'example_params_trigger_ui' retrieved from /home/airflow/.local/lib/python3.12/site-packages/airflow/example_dags/example_params_trigger_ui.py
[2025-02-18T05:46:11.550+0000] {logging_mixin.py:190} INFO - [2025-02-18T05:46:11.549+0000] {dag.py:3239} INFO - Sync 1 DAGs
[2025-02-18T05:46:11.558+0000] {logging_mixin.py:190} INFO - [2025-02-18T05:46:11.558+0000] {dag.py:4180} INFO - Setting next_dagrun for example_params_trigger_ui to None, run_after=None
[2025-02-18T05:46:11.571+0000] {processor.py:208} INFO - Processing /home/airflow/.local/lib/python3.12/site-packages/airflow/example_dags/example_params_trigger_ui.py took 0.075 seconds
[2025-02-18T05:46:41.838+0000] {processor.py:186} INFO - Started process (PID=9254) to work on /home/airflow/.local/lib/python3.12/site-packages/airflow/example_dags/example_params_trigger_ui.py
[2025-02-18T05:46:41.839+0000] {processor.py:914} INFO - Processing file /home/airflow/.local/lib/python3.12/site-packages/airflow/example_dags/example_params_trigger_ui.py for tasks to queue
[2025-02-18T05:46:41.841+0000] {logging_mixin.py:190} INFO - [2025-02-18T05:46:41.840+0000] {dagbag.py:588} INFO - Filling up the DagBag from /home/airflow/.local/lib/python3.12/site-packages/airflow/example_dags/example_params_trigger_ui.py
[2025-02-18T05:46:41.849+0000] {processor.py:925} INFO - DAG(s) 'example_params_trigger_ui' retrieved from /home/airflow/.local/lib/python3.12/site-packages/airflow/example_dags/example_params_trigger_ui.py
[2025-02-18T05:46:41.874+0000] {logging_mixin.py:190} INFO - [2025-02-18T05:46:41.874+0000] {dag.py:3239} INFO - Sync 1 DAGs
[2025-02-18T05:46:41.882+0000] {logging_mixin.py:190} INFO - [2025-02-18T05:46:41.882+0000] {dag.py:4180} INFO - Setting next_dagrun for example_params_trigger_ui to None, run_after=None
[2025-02-18T05:46:41.893+0000] {processor.py:208} INFO - Processing /home/airflow/.local/lib/python3.12/site-packages/airflow/example_dags/example_params_trigger_ui.py took 0.060 seconds
[2025-02-18T05:47:12.390+0000] {processor.py:186} INFO - Started process (PID=9318) to work on /home/airflow/.local/lib/python3.12/site-packages/airflow/example_dags/example_params_trigger_ui.py
[2025-02-18T05:47:12.391+0000] {processor.py:914} INFO - Processing file /home/airflow/.local/lib/python3.12/site-packages/airflow/example_dags/example_params_trigger_ui.py for tasks to queue
[2025-02-18T05:47:12.392+0000] {logging_mixin.py:190} INFO - [2025-02-18T05:47:12.392+0000] {dagbag.py:588} INFO - Filling up the DagBag from /home/airflow/.local/lib/python3.12/site-packages/airflow/example_dags/example_params_trigger_ui.py
[2025-02-18T05:47:12.404+0000] {processor.py:925} INFO - DAG(s) 'example_params_trigger_ui' retrieved from /home/airflow/.local/lib/python3.12/site-packages/airflow/example_dags/example_params_trigger_ui.py
[2025-02-18T05:47:12.430+0000] {logging_mixin.py:190} INFO - [2025-02-18T05:47:12.430+0000] {dag.py:3239} INFO - Sync 1 DAGs
[2025-02-18T05:47:12.443+0000] {logging_mixin.py:190} INFO - [2025-02-18T05:47:12.442+0000] {dag.py:4180} INFO - Setting next_dagrun for example_params_trigger_ui to None, run_after=None
[2025-02-18T05:47:12.456+0000] {processor.py:208} INFO - Processing /home/airflow/.local/lib/python3.12/site-packages/airflow/example_dags/example_params_trigger_ui.py took 0.069 seconds
[2025-02-18T05:47:42.673+0000] {processor.py:186} INFO - Started process (PID=9382) to work on /home/airflow/.local/lib/python3.12/site-packages/airflow/example_dags/example_params_trigger_ui.py
[2025-02-18T05:47:42.675+0000] {processor.py:914} INFO - Processing file /home/airflow/.local/lib/python3.12/site-packages/airflow/example_dags/example_params_trigger_ui.py for tasks to queue
[2025-02-18T05:47:42.676+0000] {logging_mixin.py:190} INFO - [2025-02-18T05:47:42.676+0000] {dagbag.py:588} INFO - Filling up the DagBag from /home/airflow/.local/lib/python3.12/site-packages/airflow/example_dags/example_params_trigger_ui.py
[2025-02-18T05:47:42.686+0000] {processor.py:925} INFO - DAG(s) 'example_params_trigger_ui' retrieved from /home/airflow/.local/lib/python3.12/site-packages/airflow/example_dags/example_params_trigger_ui.py
[2025-02-18T05:47:42.709+0000] {logging_mixin.py:190} INFO - [2025-02-18T05:47:42.709+0000] {dag.py:3239} INFO - Sync 1 DAGs
[2025-02-18T05:47:42.718+0000] {logging_mixin.py:190} INFO - [2025-02-18T05:47:42.718+0000] {dag.py:4180} INFO - Setting next_dagrun for example_params_trigger_ui to None, run_after=None
[2025-02-18T05:47:42.729+0000] {processor.py:208} INFO - Processing /home/airflow/.local/lib/python3.12/site-packages/airflow/example_dags/example_params_trigger_ui.py took 0.060 seconds
[2025-02-18T05:48:13.000+0000] {processor.py:186} INFO - Started process (PID=9446) to work on /home/airflow/.local/lib/python3.12/site-packages/airflow/example_dags/example_params_trigger_ui.py
[2025-02-18T05:48:13.001+0000] {processor.py:914} INFO - Processing file /home/airflow/.local/lib/python3.12/site-packages/airflow/example_dags/example_params_trigger_ui.py for tasks to queue
[2025-02-18T05:48:13.002+0000] {logging_mixin.py:190} INFO - [2025-02-18T05:48:13.002+0000] {dagbag.py:588} INFO - Filling up the DagBag from /home/airflow/.local/lib/python3.12/site-packages/airflow/example_dags/example_params_trigger_ui.py
[2025-02-18T05:48:13.009+0000] {processor.py:925} INFO - DAG(s) 'example_params_trigger_ui' retrieved from /home/airflow/.local/lib/python3.12/site-packages/airflow/example_dags/example_params_trigger_ui.py
[2025-02-18T05:48:13.030+0000] {logging_mixin.py:190} INFO - [2025-02-18T05:48:13.030+0000] {dag.py:3239} INFO - Sync 1 DAGs
[2025-02-18T05:48:13.041+0000] {logging_mixin.py:190} INFO - [2025-02-18T05:48:13.041+0000] {dag.py:4180} INFO - Setting next_dagrun for example_params_trigger_ui to None, run_after=None
[2025-02-18T05:48:13.053+0000] {processor.py:208} INFO - Processing /home/airflow/.local/lib/python3.12/site-packages/airflow/example_dags/example_params_trigger_ui.py took 0.056 seconds
[2025-02-18T05:48:43.202+0000] {processor.py:186} INFO - Started process (PID=9510) to work on /home/airflow/.local/lib/python3.12/site-packages/airflow/example_dags/example_params_trigger_ui.py
[2025-02-18T05:48:43.203+0000] {processor.py:914} INFO - Processing file /home/airflow/.local/lib/python3.12/site-packages/airflow/example_dags/example_params_trigger_ui.py for tasks to queue
[2025-02-18T05:48:43.204+0000] {logging_mixin.py:190} INFO - [2025-02-18T05:48:43.203+0000] {dagbag.py:588} INFO - Filling up the DagBag from /home/airflow/.local/lib/python3.12/site-packages/airflow/example_dags/example_params_trigger_ui.py
[2025-02-18T05:48:43.213+0000] {processor.py:925} INFO - DAG(s) 'example_params_trigger_ui' retrieved from /home/airflow/.local/lib/python3.12/site-packages/airflow/example_dags/example_params_trigger_ui.py
[2025-02-18T05:48:43.235+0000] {logging_mixin.py:190} INFO - [2025-02-18T05:48:43.235+0000] {dag.py:3239} INFO - Sync 1 DAGs
[2025-02-18T05:48:43.243+0000] {logging_mixin.py:190} INFO - [2025-02-18T05:48:43.243+0000] {dag.py:4180} INFO - Setting next_dagrun for example_params_trigger_ui to None, run_after=None
[2025-02-18T05:48:43.255+0000] {processor.py:208} INFO - Processing /home/airflow/.local/lib/python3.12/site-packages/airflow/example_dags/example_params_trigger_ui.py took 0.057 seconds
[2025-02-18T05:49:14.054+0000] {processor.py:186} INFO - Started process (PID=9574) to work on /home/airflow/.local/lib/python3.12/site-packages/airflow/example_dags/example_params_trigger_ui.py
[2025-02-18T05:49:14.056+0000] {processor.py:914} INFO - Processing file /home/airflow/.local/lib/python3.12/site-packages/airflow/example_dags/example_params_trigger_ui.py for tasks to queue
[2025-02-18T05:49:14.057+0000] {logging_mixin.py:190} INFO - [2025-02-18T05:49:14.057+0000] {dagbag.py:588} INFO - Filling up the DagBag from /home/airflow/.local/lib/python3.12/site-packages/airflow/example_dags/example_params_trigger_ui.py
[2025-02-18T05:49:14.064+0000] {processor.py:925} INFO - DAG(s) 'example_params_trigger_ui' retrieved from /home/airflow/.local/lib/python3.12/site-packages/airflow/example_dags/example_params_trigger_ui.py
[2025-02-18T05:49:14.084+0000] {logging_mixin.py:190} INFO - [2025-02-18T05:49:14.084+0000] {dag.py:3239} INFO - Sync 1 DAGs
[2025-02-18T05:49:14.092+0000] {logging_mixin.py:190} INFO - [2025-02-18T05:49:14.091+0000] {dag.py:4180} INFO - Setting next_dagrun for example_params_trigger_ui to None, run_after=None
[2025-02-18T05:49:14.102+0000] {processor.py:208} INFO - Processing /home/airflow/.local/lib/python3.12/site-packages/airflow/example_dags/example_params_trigger_ui.py took 0.051 seconds
[2025-02-18T05:49:44.229+0000] {processor.py:186} INFO - Started process (PID=9638) to work on /home/airflow/.local/lib/python3.12/site-packages/airflow/example_dags/example_params_trigger_ui.py
[2025-02-18T05:49:44.230+0000] {processor.py:914} INFO - Processing file /home/airflow/.local/lib/python3.12/site-packages/airflow/example_dags/example_params_trigger_ui.py for tasks to queue
[2025-02-18T05:49:44.232+0000] {logging_mixin.py:190} INFO - [2025-02-18T05:49:44.232+0000] {dagbag.py:588} INFO - Filling up the DagBag from /home/airflow/.local/lib/python3.12/site-packages/airflow/example_dags/example_params_trigger_ui.py
[2025-02-18T05:49:44.239+0000] {processor.py:925} INFO - DAG(s) 'example_params_trigger_ui' retrieved from /home/airflow/.local/lib/python3.12/site-packages/airflow/example_dags/example_params_trigger_ui.py
[2025-02-18T05:49:44.265+0000] {logging_mixin.py:190} INFO - [2025-02-18T05:49:44.264+0000] {dag.py:3239} INFO - Sync 1 DAGs
[2025-02-18T05:49:44.275+0000] {logging_mixin.py:190} INFO - [2025-02-18T05:49:44.275+0000] {dag.py:4180} INFO - Setting next_dagrun for example_params_trigger_ui to None, run_after=None
[2025-02-18T05:49:44.285+0000] {processor.py:208} INFO - Processing /home/airflow/.local/lib/python3.12/site-packages/airflow/example_dags/example_params_trigger_ui.py took 0.060 seconds
[2025-02-18T05:50:14.351+0000] {processor.py:186} INFO - Started process (PID=9702) to work on /home/airflow/.local/lib/python3.12/site-packages/airflow/example_dags/example_params_trigger_ui.py
[2025-02-18T05:50:14.352+0000] {processor.py:914} INFO - Processing file /home/airflow/.local/lib/python3.12/site-packages/airflow/example_dags/example_params_trigger_ui.py for tasks to queue
[2025-02-18T05:50:14.354+0000] {logging_mixin.py:190} INFO - [2025-02-18T05:50:14.354+0000] {dagbag.py:588} INFO - Filling up the DagBag from /home/airflow/.local/lib/python3.12/site-packages/airflow/example_dags/example_params_trigger_ui.py
[2025-02-18T05:50:14.361+0000] {processor.py:925} INFO - DAG(s) 'example_params_trigger_ui' retrieved from /home/airflow/.local/lib/python3.12/site-packages/airflow/example_dags/example_params_trigger_ui.py
[2025-02-18T05:50:14.385+0000] {logging_mixin.py:190} INFO - [2025-02-18T05:50:14.385+0000] {dag.py:3239} INFO - Sync 1 DAGs
[2025-02-18T05:50:14.394+0000] {logging_mixin.py:190} INFO - [2025-02-18T05:50:14.394+0000] {dag.py:4180} INFO - Setting next_dagrun for example_params_trigger_ui to None, run_after=None
[2025-02-18T05:50:14.408+0000] {processor.py:208} INFO - Processing /home/airflow/.local/lib/python3.12/site-packages/airflow/example_dags/example_params_trigger_ui.py took 0.060 seconds
[2025-02-18T05:50:44.555+0000] {processor.py:186} INFO - Started process (PID=9767) to work on /home/airflow/.local/lib/python3.12/site-packages/airflow/example_dags/example_params_trigger_ui.py
[2025-02-18T05:50:44.558+0000] {processor.py:914} INFO - Processing file /home/airflow/.local/lib/python3.12/site-packages/airflow/example_dags/example_params_trigger_ui.py for tasks to queue
[2025-02-18T05:50:44.559+0000] {logging_mixin.py:190} INFO - [2025-02-18T05:50:44.558+0000] {dagbag.py:588} INFO - Filling up the DagBag from /home/airflow/.local/lib/python3.12/site-packages/airflow/example_dags/example_params_trigger_ui.py
[2025-02-18T05:50:44.570+0000] {processor.py:925} INFO - DAG(s) 'example_params_trigger_ui' retrieved from /home/airflow/.local/lib/python3.12/site-packages/airflow/example_dags/example_params_trigger_ui.py
[2025-02-18T05:50:44.598+0000] {logging_mixin.py:190} INFO - [2025-02-18T05:50:44.598+0000] {dag.py:3239} INFO - Sync 1 DAGs
[2025-02-18T05:50:44.606+0000] {logging_mixin.py:190} INFO - [2025-02-18T05:50:44.606+0000] {dag.py:4180} INFO - Setting next_dagrun for example_params_trigger_ui to None, run_after=None
[2025-02-18T05:50:44.617+0000] {processor.py:208} INFO - Processing /home/airflow/.local/lib/python3.12/site-packages/airflow/example_dags/example_params_trigger_ui.py took 0.066 seconds
[2025-02-18T05:51:14.925+0000] {processor.py:186} INFO - Started process (PID=9831) to work on /home/airflow/.local/lib/python3.12/site-packages/airflow/example_dags/example_params_trigger_ui.py
[2025-02-18T05:51:14.925+0000] {processor.py:914} INFO - Processing file /home/airflow/.local/lib/python3.12/site-packages/airflow/example_dags/example_params_trigger_ui.py for tasks to queue
[2025-02-18T05:51:14.926+0000] {logging_mixin.py:190} INFO - [2025-02-18T05:51:14.926+0000] {dagbag.py:588} INFO - Filling up the DagBag from /home/airflow/.local/lib/python3.12/site-packages/airflow/example_dags/example_params_trigger_ui.py
[2025-02-18T05:51:14.933+0000] {processor.py:925} INFO - DAG(s) 'example_params_trigger_ui' retrieved from /home/airflow/.local/lib/python3.12/site-packages/airflow/example_dags/example_params_trigger_ui.py
[2025-02-18T05:51:14.959+0000] {logging_mixin.py:190} INFO - [2025-02-18T05:51:14.958+0000] {dag.py:3239} INFO - Sync 1 DAGs
[2025-02-18T05:51:14.971+0000] {logging_mixin.py:190} INFO - [2025-02-18T05:51:14.971+0000] {dag.py:4180} INFO - Setting next_dagrun for example_params_trigger_ui to None, run_after=None
[2025-02-18T05:51:14.983+0000] {processor.py:208} INFO - Processing /home/airflow/.local/lib/python3.12/site-packages/airflow/example_dags/example_params_trigger_ui.py took 0.062 seconds
[2025-02-18T05:51:45.302+0000] {processor.py:186} INFO - Started process (PID=9895) to work on /home/airflow/.local/lib/python3.12/site-packages/airflow/example_dags/example_params_trigger_ui.py
[2025-02-18T05:51:45.303+0000] {processor.py:914} INFO - Processing file /home/airflow/.local/lib/python3.12/site-packages/airflow/example_dags/example_params_trigger_ui.py for tasks to queue
[2025-02-18T05:51:45.305+0000] {logging_mixin.py:190} INFO - [2025-02-18T05:51:45.303+0000] {dagbag.py:588} INFO - Filling up the DagBag from /home/airflow/.local/lib/python3.12/site-packages/airflow/example_dags/example_params_trigger_ui.py
[2025-02-18T05:51:45.314+0000] {processor.py:925} INFO - DAG(s) 'example_params_trigger_ui' retrieved from /home/airflow/.local/lib/python3.12/site-packages/airflow/example_dags/example_params_trigger_ui.py
[2025-02-18T05:51:45.345+0000] {logging_mixin.py:190} INFO - [2025-02-18T05:51:45.345+0000] {dag.py:3239} INFO - Sync 1 DAGs
[2025-02-18T05:51:45.353+0000] {logging_mixin.py:190} INFO - [2025-02-18T05:51:45.353+0000] {dag.py:4180} INFO - Setting next_dagrun for example_params_trigger_ui to None, run_after=None
[2025-02-18T05:51:45.364+0000] {processor.py:208} INFO - Processing /home/airflow/.local/lib/python3.12/site-packages/airflow/example_dags/example_params_trigger_ui.py took 0.066 seconds
[2025-02-18T05:52:16.014+0000] {processor.py:186} INFO - Started process (PID=9959) to work on /home/airflow/.local/lib/python3.12/site-packages/airflow/example_dags/example_params_trigger_ui.py
[2025-02-18T05:52:16.016+0000] {processor.py:914} INFO - Processing file /home/airflow/.local/lib/python3.12/site-packages/airflow/example_dags/example_params_trigger_ui.py for tasks to queue
[2025-02-18T05:52:16.017+0000] {logging_mixin.py:190} INFO - [2025-02-18T05:52:16.017+0000] {dagbag.py:588} INFO - Filling up the DagBag from /home/airflow/.local/lib/python3.12/site-packages/airflow/example_dags/example_params_trigger_ui.py
[2025-02-18T05:52:16.024+0000] {processor.py:925} INFO - DAG(s) 'example_params_trigger_ui' retrieved from /home/airflow/.local/lib/python3.12/site-packages/airflow/example_dags/example_params_trigger_ui.py
[2025-02-18T05:52:16.049+0000] {logging_mixin.py:190} INFO - [2025-02-18T05:52:16.049+0000] {dag.py:3239} INFO - Sync 1 DAGs
[2025-02-18T05:52:16.058+0000] {logging_mixin.py:190} INFO - [2025-02-18T05:52:16.058+0000] {dag.py:4180} INFO - Setting next_dagrun for example_params_trigger_ui to None, run_after=None
[2025-02-18T05:52:16.074+0000] {processor.py:208} INFO - Processing /home/airflow/.local/lib/python3.12/site-packages/airflow/example_dags/example_params_trigger_ui.py took 0.064 seconds
[2025-02-18T05:52:46.275+0000] {processor.py:186} INFO - Started process (PID=10023) to work on /home/airflow/.local/lib/python3.12/site-packages/airflow/example_dags/example_params_trigger_ui.py
[2025-02-18T05:52:46.275+0000] {processor.py:914} INFO - Processing file /home/airflow/.local/lib/python3.12/site-packages/airflow/example_dags/example_params_trigger_ui.py for tasks to queue
[2025-02-18T05:52:46.277+0000] {logging_mixin.py:190} INFO - [2025-02-18T05:52:46.277+0000] {dagbag.py:588} INFO - Filling up the DagBag from /home/airflow/.local/lib/python3.12/site-packages/airflow/example_dags/example_params_trigger_ui.py
[2025-02-18T05:52:46.284+0000] {processor.py:925} INFO - DAG(s) 'example_params_trigger_ui' retrieved from /home/airflow/.local/lib/python3.12/site-packages/airflow/example_dags/example_params_trigger_ui.py
[2025-02-18T05:52:46.308+0000] {logging_mixin.py:190} INFO - [2025-02-18T05:52:46.308+0000] {dag.py:3239} INFO - Sync 1 DAGs
[2025-02-18T05:52:46.319+0000] {logging_mixin.py:190} INFO - [2025-02-18T05:52:46.319+0000] {dag.py:4180} INFO - Setting next_dagrun for example_params_trigger_ui to None, run_after=None
[2025-02-18T05:52:46.330+0000] {processor.py:208} INFO - Processing /home/airflow/.local/lib/python3.12/site-packages/airflow/example_dags/example_params_trigger_ui.py took 0.059 seconds
[2025-02-18T05:53:16.392+0000] {processor.py:186} INFO - Started process (PID=10087) to work on /home/airflow/.local/lib/python3.12/site-packages/airflow/example_dags/example_params_trigger_ui.py
[2025-02-18T05:53:16.394+0000] {processor.py:914} INFO - Processing file /home/airflow/.local/lib/python3.12/site-packages/airflow/example_dags/example_params_trigger_ui.py for tasks to queue
[2025-02-18T05:53:16.395+0000] {logging_mixin.py:190} INFO - [2025-02-18T05:53:16.395+0000] {dagbag.py:588} INFO - Filling up the DagBag from /home/airflow/.local/lib/python3.12/site-packages/airflow/example_dags/example_params_trigger_ui.py
[2025-02-18T05:53:16.404+0000] {processor.py:925} INFO - DAG(s) 'example_params_trigger_ui' retrieved from /home/airflow/.local/lib/python3.12/site-packages/airflow/example_dags/example_params_trigger_ui.py
[2025-02-18T05:53:16.424+0000] {logging_mixin.py:190} INFO - [2025-02-18T05:53:16.424+0000] {dag.py:3239} INFO - Sync 1 DAGs
[2025-02-18T05:53:16.432+0000] {logging_mixin.py:190} INFO - [2025-02-18T05:53:16.432+0000] {dag.py:4180} INFO - Setting next_dagrun for example_params_trigger_ui to None, run_after=None
[2025-02-18T05:53:16.442+0000] {processor.py:208} INFO - Processing /home/airflow/.local/lib/python3.12/site-packages/airflow/example_dags/example_params_trigger_ui.py took 0.054 seconds
[2025-02-18T05:53:46.683+0000] {processor.py:186} INFO - Started process (PID=10151) to work on /home/airflow/.local/lib/python3.12/site-packages/airflow/example_dags/example_params_trigger_ui.py
[2025-02-18T05:53:46.686+0000] {processor.py:914} INFO - Processing file /home/airflow/.local/lib/python3.12/site-packages/airflow/example_dags/example_params_trigger_ui.py for tasks to queue
[2025-02-18T05:53:46.687+0000] {logging_mixin.py:190} INFO - [2025-02-18T05:53:46.687+0000] {dagbag.py:588} INFO - Filling up the DagBag from /home/airflow/.local/lib/python3.12/site-packages/airflow/example_dags/example_params_trigger_ui.py
[2025-02-18T05:53:46.696+0000] {processor.py:925} INFO - DAG(s) 'example_params_trigger_ui' retrieved from /home/airflow/.local/lib/python3.12/site-packages/airflow/example_dags/example_params_trigger_ui.py
[2025-02-18T05:53:46.720+0000] {logging_mixin.py:190} INFO - [2025-02-18T05:53:46.720+0000] {dag.py:3239} INFO - Sync 1 DAGs
[2025-02-18T05:53:46.728+0000] {logging_mixin.py:190} INFO - [2025-02-18T05:53:46.728+0000] {dag.py:4180} INFO - Setting next_dagrun for example_params_trigger_ui to None, run_after=None
[2025-02-18T05:53:46.737+0000] {processor.py:208} INFO - Processing /home/airflow/.local/lib/python3.12/site-packages/airflow/example_dags/example_params_trigger_ui.py took 0.059 seconds
[2025-02-18T05:54:17.076+0000] {processor.py:186} INFO - Started process (PID=10214) to work on /home/airflow/.local/lib/python3.12/site-packages/airflow/example_dags/example_params_trigger_ui.py
[2025-02-18T05:54:17.078+0000] {processor.py:914} INFO - Processing file /home/airflow/.local/lib/python3.12/site-packages/airflow/example_dags/example_params_trigger_ui.py for tasks to queue
[2025-02-18T05:54:17.078+0000] {logging_mixin.py:190} INFO - [2025-02-18T05:54:17.078+0000] {dagbag.py:588} INFO - Filling up the DagBag from /home/airflow/.local/lib/python3.12/site-packages/airflow/example_dags/example_params_trigger_ui.py
[2025-02-18T05:54:17.085+0000] {processor.py:925} INFO - DAG(s) 'example_params_trigger_ui' retrieved from /home/airflow/.local/lib/python3.12/site-packages/airflow/example_dags/example_params_trigger_ui.py
[2025-02-18T05:54:17.107+0000] {logging_mixin.py:190} INFO - [2025-02-18T05:54:17.107+0000] {dag.py:3239} INFO - Sync 1 DAGs
[2025-02-18T05:54:17.113+0000] {logging_mixin.py:190} INFO - [2025-02-18T05:54:17.113+0000] {dag.py:4180} INFO - Setting next_dagrun for example_params_trigger_ui to None, run_after=None
[2025-02-18T05:54:17.123+0000] {processor.py:208} INFO - Processing /home/airflow/.local/lib/python3.12/site-packages/airflow/example_dags/example_params_trigger_ui.py took 0.051 seconds
[2025-02-18T05:54:47.436+0000] {processor.py:186} INFO - Started process (PID=10278) to work on /home/airflow/.local/lib/python3.12/site-packages/airflow/example_dags/example_params_trigger_ui.py
[2025-02-18T05:54:47.437+0000] {processor.py:914} INFO - Processing file /home/airflow/.local/lib/python3.12/site-packages/airflow/example_dags/example_params_trigger_ui.py for tasks to queue
[2025-02-18T05:54:47.438+0000] {logging_mixin.py:190} INFO - [2025-02-18T05:54:47.437+0000] {dagbag.py:588} INFO - Filling up the DagBag from /home/airflow/.local/lib/python3.12/site-packages/airflow/example_dags/example_params_trigger_ui.py
[2025-02-18T05:54:47.445+0000] {processor.py:925} INFO - DAG(s) 'example_params_trigger_ui' retrieved from /home/airflow/.local/lib/python3.12/site-packages/airflow/example_dags/example_params_trigger_ui.py
[2025-02-18T05:54:47.468+0000] {logging_mixin.py:190} INFO - [2025-02-18T05:54:47.468+0000] {dag.py:3239} INFO - Sync 1 DAGs
[2025-02-18T05:54:47.477+0000] {logging_mixin.py:190} INFO - [2025-02-18T05:54:47.477+0000] {dag.py:4180} INFO - Setting next_dagrun for example_params_trigger_ui to None, run_after=None
[2025-02-18T05:54:47.489+0000] {processor.py:208} INFO - Processing /home/airflow/.local/lib/python3.12/site-packages/airflow/example_dags/example_params_trigger_ui.py took 0.056 seconds
[2025-02-18T05:55:17.717+0000] {processor.py:186} INFO - Started process (PID=10342) to work on /home/airflow/.local/lib/python3.12/site-packages/airflow/example_dags/example_params_trigger_ui.py
[2025-02-18T05:55:17.718+0000] {processor.py:914} INFO - Processing file /home/airflow/.local/lib/python3.12/site-packages/airflow/example_dags/example_params_trigger_ui.py for tasks to queue
[2025-02-18T05:55:17.719+0000] {logging_mixin.py:190} INFO - [2025-02-18T05:55:17.719+0000] {dagbag.py:588} INFO - Filling up the DagBag from /home/airflow/.local/lib/python3.12/site-packages/airflow/example_dags/example_params_trigger_ui.py
[2025-02-18T05:55:17.726+0000] {processor.py:925} INFO - DAG(s) 'example_params_trigger_ui' retrieved from /home/airflow/.local/lib/python3.12/site-packages/airflow/example_dags/example_params_trigger_ui.py
[2025-02-18T05:55:17.750+0000] {logging_mixin.py:190} INFO - [2025-02-18T05:55:17.750+0000] {dag.py:3239} INFO - Sync 1 DAGs
[2025-02-18T05:55:17.759+0000] {logging_mixin.py:190} INFO - [2025-02-18T05:55:17.759+0000] {dag.py:4180} INFO - Setting next_dagrun for example_params_trigger_ui to None, run_after=None
[2025-02-18T05:55:17.768+0000] {processor.py:208} INFO - Processing /home/airflow/.local/lib/python3.12/site-packages/airflow/example_dags/example_params_trigger_ui.py took 0.055 seconds
[2025-02-18T05:55:48.016+0000] {processor.py:186} INFO - Started process (PID=10406) to work on /home/airflow/.local/lib/python3.12/site-packages/airflow/example_dags/example_params_trigger_ui.py
[2025-02-18T05:55:48.018+0000] {processor.py:914} INFO - Processing file /home/airflow/.local/lib/python3.12/site-packages/airflow/example_dags/example_params_trigger_ui.py for tasks to queue
[2025-02-18T05:55:48.019+0000] {logging_mixin.py:190} INFO - [2025-02-18T05:55:48.019+0000] {dagbag.py:588} INFO - Filling up the DagBag from /home/airflow/.local/lib/python3.12/site-packages/airflow/example_dags/example_params_trigger_ui.py
[2025-02-18T05:55:48.026+0000] {processor.py:925} INFO - DAG(s) 'example_params_trigger_ui' retrieved from /home/airflow/.local/lib/python3.12/site-packages/airflow/example_dags/example_params_trigger_ui.py
[2025-02-18T05:55:48.050+0000] {logging_mixin.py:190} INFO - [2025-02-18T05:55:48.050+0000] {dag.py:3239} INFO - Sync 1 DAGs
[2025-02-18T05:55:48.058+0000] {logging_mixin.py:190} INFO - [2025-02-18T05:55:48.058+0000] {dag.py:4180} INFO - Setting next_dagrun for example_params_trigger_ui to None, run_after=None
[2025-02-18T05:55:48.070+0000] {processor.py:208} INFO - Processing /home/airflow/.local/lib/python3.12/site-packages/airflow/example_dags/example_params_trigger_ui.py took 0.057 seconds
[2025-02-18T10:40:10.515+0000] {processor.py:186} INFO - Started process (PID=48) to work on /home/airflow/.local/lib/python3.12/site-packages/airflow/example_dags/example_params_trigger_ui.py
[2025-02-18T10:40:10.516+0000] {processor.py:914} INFO - Processing file /home/airflow/.local/lib/python3.12/site-packages/airflow/example_dags/example_params_trigger_ui.py for tasks to queue
[2025-02-18T10:40:10.519+0000] {logging_mixin.py:190} INFO - [2025-02-18T10:40:10.518+0000] {dagbag.py:588} INFO - Filling up the DagBag from /home/airflow/.local/lib/python3.12/site-packages/airflow/example_dags/example_params_trigger_ui.py
[2025-02-18T10:40:10.530+0000] {processor.py:925} INFO - DAG(s) 'example_params_trigger_ui' retrieved from /home/airflow/.local/lib/python3.12/site-packages/airflow/example_dags/example_params_trigger_ui.py
[2025-02-18T10:40:10.559+0000] {logging_mixin.py:190} INFO - [2025-02-18T10:40:10.559+0000] {dag.py:3239} INFO - Sync 1 DAGs
[2025-02-18T10:40:10.570+0000] {logging_mixin.py:190} INFO - [2025-02-18T10:40:10.569+0000] {dag.py:4180} INFO - Setting next_dagrun for example_params_trigger_ui to None, run_after=None
[2025-02-18T10:40:10.589+0000] {processor.py:208} INFO - Processing /home/airflow/.local/lib/python3.12/site-packages/airflow/example_dags/example_params_trigger_ui.py took 0.078 seconds
[2025-02-18T10:47:00.438+0000] {processor.py:186} INFO - Started process (PID=56) to work on /home/airflow/.local/lib/python3.12/site-packages/airflow/example_dags/example_params_trigger_ui.py
[2025-02-18T10:47:00.442+0000] {processor.py:914} INFO - Processing file /home/airflow/.local/lib/python3.12/site-packages/airflow/example_dags/example_params_trigger_ui.py for tasks to queue
[2025-02-18T10:47:00.445+0000] {logging_mixin.py:190} INFO - [2025-02-18T10:47:00.445+0000] {dagbag.py:588} INFO - Filling up the DagBag from /home/airflow/.local/lib/python3.12/site-packages/airflow/example_dags/example_params_trigger_ui.py
[2025-02-18T10:47:00.461+0000] {processor.py:925} INFO - DAG(s) 'example_params_trigger_ui' retrieved from /home/airflow/.local/lib/python3.12/site-packages/airflow/example_dags/example_params_trigger_ui.py
[2025-02-18T10:47:00.494+0000] {logging_mixin.py:190} INFO - [2025-02-18T10:47:00.493+0000] {dag.py:3239} INFO - Sync 1 DAGs
[2025-02-18T10:47:00.503+0000] {logging_mixin.py:190} INFO - [2025-02-18T10:47:00.503+0000] {dag.py:4180} INFO - Setting next_dagrun for example_params_trigger_ui to None, run_after=None
[2025-02-18T10:47:00.518+0000] {processor.py:208} INFO - Processing /home/airflow/.local/lib/python3.12/site-packages/airflow/example_dags/example_params_trigger_ui.py took 0.088 seconds
[2025-02-18T10:47:30.972+0000] {processor.py:186} INFO - Started process (PID=121) to work on /home/airflow/.local/lib/python3.12/site-packages/airflow/example_dags/example_params_trigger_ui.py
[2025-02-18T10:47:30.973+0000] {processor.py:914} INFO - Processing file /home/airflow/.local/lib/python3.12/site-packages/airflow/example_dags/example_params_trigger_ui.py for tasks to queue
[2025-02-18T10:47:30.974+0000] {logging_mixin.py:190} INFO - [2025-02-18T10:47:30.974+0000] {dagbag.py:588} INFO - Filling up the DagBag from /home/airflow/.local/lib/python3.12/site-packages/airflow/example_dags/example_params_trigger_ui.py
[2025-02-18T10:47:30.981+0000] {processor.py:925} INFO - DAG(s) 'example_params_trigger_ui' retrieved from /home/airflow/.local/lib/python3.12/site-packages/airflow/example_dags/example_params_trigger_ui.py
[2025-02-18T10:47:31.000+0000] {logging_mixin.py:190} INFO - [2025-02-18T10:47:31.000+0000] {dag.py:3239} INFO - Sync 1 DAGs
[2025-02-18T10:47:31.007+0000] {logging_mixin.py:190} INFO - [2025-02-18T10:47:31.006+0000] {dag.py:4180} INFO - Setting next_dagrun for example_params_trigger_ui to None, run_after=None
[2025-02-18T10:47:31.016+0000] {processor.py:208} INFO - Processing /home/airflow/.local/lib/python3.12/site-packages/airflow/example_dags/example_params_trigger_ui.py took 0.046 seconds
