[2025-02-18T01:09:50.159+0000] {processor.py:186} INFO - Started process (PID=8261) to work on /home/airflow/.local/lib/python3.12/site-packages/airflow/example_dags/example_branch_labels.py
[2025-02-18T01:09:50.160+0000] {processor.py:914} INFO - Processing file /home/airflow/.local/lib/python3.12/site-packages/airflow/example_dags/example_branch_labels.py for tasks to queue
[2025-02-18T01:09:50.162+0000] {logging_mixin.py:190} INFO - [2025-02-18T01:09:50.162+0000] {dagbag.py:588} INFO - Filling up the DagBag from /home/airflow/.local/lib/python3.12/site-packages/airflow/example_dags/example_branch_labels.py
[2025-02-18T01:09:50.170+0000] {processor.py:925} INFO - DAG(s) 'example_branch_labels' retrieved from /home/airflow/.local/lib/python3.12/site-packages/airflow/example_dags/example_branch_labels.py
[2025-02-18T01:09:50.186+0000] {logging_mixin.py:190} INFO - [2025-02-18T01:09:50.186+0000] {dag.py:3239} INFO - Sync 1 DAGs
[2025-02-18T01:09:50.200+0000] {logging_mixin.py:190} INFO - [2025-02-18T01:09:50.200+0000] {dag.py:4180} INFO - Setting next_dagrun for example_branch_labels to 2025-02-17 00:00:00+00:00, run_after=2025-02-18 00:00:00+00:00
[2025-02-18T01:09:50.211+0000] {processor.py:208} INFO - Processing /home/airflow/.local/lib/python3.12/site-packages/airflow/example_dags/example_branch_labels.py took 0.055 seconds
[2025-02-18T01:45:00.250+0000] {processor.py:186} INFO - Started process (PID=8325) to work on /home/airflow/.local/lib/python3.12/site-packages/airflow/example_dags/example_branch_labels.py
[2025-02-18T01:45:00.251+0000] {processor.py:914} INFO - Processing file /home/airflow/.local/lib/python3.12/site-packages/airflow/example_dags/example_branch_labels.py for tasks to queue
[2025-02-18T01:45:00.251+0000] {logging_mixin.py:190} INFO - [2025-02-18T01:45:00.251+0000] {dagbag.py:588} INFO - Filling up the DagBag from /home/airflow/.local/lib/python3.12/site-packages/airflow/example_dags/example_branch_labels.py
[2025-02-18T01:45:00.258+0000] {processor.py:925} INFO - DAG(s) 'example_branch_labels' retrieved from /home/airflow/.local/lib/python3.12/site-packages/airflow/example_dags/example_branch_labels.py
[2025-02-18T01:45:00.270+0000] {logging_mixin.py:190} INFO - [2025-02-18T01:45:00.269+0000] {dag.py:3239} INFO - Sync 1 DAGs
[2025-02-18T01:45:00.281+0000] {logging_mixin.py:190} INFO - [2025-02-18T01:45:00.281+0000] {dag.py:4180} INFO - Setting next_dagrun for example_branch_labels to 2025-02-17 00:00:00+00:00, run_after=2025-02-18 00:00:00+00:00
[2025-02-18T01:45:00.289+0000] {processor.py:208} INFO - Processing /home/airflow/.local/lib/python3.12/site-packages/airflow/example_dags/example_branch_labels.py took 0.043 seconds
[2025-02-18T02:31:37.502+0000] {processor.py:186} INFO - Started process (PID=8389) to work on /home/airflow/.local/lib/python3.12/site-packages/airflow/example_dags/example_branch_labels.py
[2025-02-18T02:31:37.506+0000] {processor.py:914} INFO - Processing file /home/airflow/.local/lib/python3.12/site-packages/airflow/example_dags/example_branch_labels.py for tasks to queue
[2025-02-18T02:31:37.507+0000] {logging_mixin.py:190} INFO - [2025-02-18T02:31:37.507+0000] {dagbag.py:588} INFO - Filling up the DagBag from /home/airflow/.local/lib/python3.12/site-packages/airflow/example_dags/example_branch_labels.py
[2025-02-18T02:31:37.514+0000] {processor.py:925} INFO - DAG(s) 'example_branch_labels' retrieved from /home/airflow/.local/lib/python3.12/site-packages/airflow/example_dags/example_branch_labels.py
[2025-02-18T02:31:37.530+0000] {logging_mixin.py:190} INFO - [2025-02-18T02:31:37.530+0000] {dag.py:3239} INFO - Sync 1 DAGs
[2025-02-18T02:31:37.546+0000] {logging_mixin.py:190} INFO - [2025-02-18T02:31:37.545+0000] {dag.py:4180} INFO - Setting next_dagrun for example_branch_labels to 2025-02-17 00:00:00+00:00, run_after=2025-02-18 00:00:00+00:00
[2025-02-18T02:31:37.561+0000] {processor.py:208} INFO - Processing /home/airflow/.local/lib/python3.12/site-packages/airflow/example_dags/example_branch_labels.py took 0.063 seconds
[2025-02-18T02:54:40.914+0000] {processor.py:186} INFO - Started process (PID=8453) to work on /home/airflow/.local/lib/python3.12/site-packages/airflow/example_dags/example_branch_labels.py
[2025-02-18T02:54:40.917+0000] {processor.py:914} INFO - Processing file /home/airflow/.local/lib/python3.12/site-packages/airflow/example_dags/example_branch_labels.py for tasks to queue
[2025-02-18T02:54:40.918+0000] {logging_mixin.py:190} INFO - [2025-02-18T02:54:40.918+0000] {dagbag.py:588} INFO - Filling up the DagBag from /home/airflow/.local/lib/python3.12/site-packages/airflow/example_dags/example_branch_labels.py
[2025-02-18T02:54:40.925+0000] {processor.py:925} INFO - DAG(s) 'example_branch_labels' retrieved from /home/airflow/.local/lib/python3.12/site-packages/airflow/example_dags/example_branch_labels.py
[2025-02-18T02:54:40.940+0000] {logging_mixin.py:190} INFO - [2025-02-18T02:54:40.940+0000] {dag.py:3239} INFO - Sync 1 DAGs
[2025-02-18T02:54:40.953+0000] {logging_mixin.py:190} INFO - [2025-02-18T02:54:40.953+0000] {dag.py:4180} INFO - Setting next_dagrun for example_branch_labels to 2025-02-17 00:00:00+00:00, run_after=2025-02-18 00:00:00+00:00
[2025-02-18T02:54:40.964+0000] {processor.py:208} INFO - Processing /home/airflow/.local/lib/python3.12/site-packages/airflow/example_dags/example_branch_labels.py took 0.053 seconds
[2025-02-18T03:12:50.802+0000] {processor.py:186} INFO - Started process (PID=8517) to work on /home/airflow/.local/lib/python3.12/site-packages/airflow/example_dags/example_branch_labels.py
[2025-02-18T03:12:50.804+0000] {processor.py:914} INFO - Processing file /home/airflow/.local/lib/python3.12/site-packages/airflow/example_dags/example_branch_labels.py for tasks to queue
[2025-02-18T03:12:50.805+0000] {logging_mixin.py:190} INFO - [2025-02-18T03:12:50.804+0000] {dagbag.py:588} INFO - Filling up the DagBag from /home/airflow/.local/lib/python3.12/site-packages/airflow/example_dags/example_branch_labels.py
[2025-02-18T03:12:50.811+0000] {processor.py:925} INFO - DAG(s) 'example_branch_labels' retrieved from /home/airflow/.local/lib/python3.12/site-packages/airflow/example_dags/example_branch_labels.py
[2025-02-18T03:12:50.824+0000] {logging_mixin.py:190} INFO - [2025-02-18T03:12:50.824+0000] {dag.py:3239} INFO - Sync 1 DAGs
[2025-02-18T03:12:50.837+0000] {logging_mixin.py:190} INFO - [2025-02-18T03:12:50.837+0000] {dag.py:4180} INFO - Setting next_dagrun for example_branch_labels to 2025-02-17 00:00:00+00:00, run_after=2025-02-18 00:00:00+00:00
[2025-02-18T03:12:50.848+0000] {processor.py:208} INFO - Processing /home/airflow/.local/lib/python3.12/site-packages/airflow/example_dags/example_branch_labels.py took 0.050 seconds
[2025-02-18T04:35:29.828+0000] {processor.py:186} INFO - Started process (PID=8581) to work on /home/airflow/.local/lib/python3.12/site-packages/airflow/example_dags/example_branch_labels.py
[2025-02-18T04:35:29.829+0000] {processor.py:914} INFO - Processing file /home/airflow/.local/lib/python3.12/site-packages/airflow/example_dags/example_branch_labels.py for tasks to queue
[2025-02-18T04:35:29.829+0000] {logging_mixin.py:190} INFO - [2025-02-18T04:35:29.829+0000] {dagbag.py:588} INFO - Filling up the DagBag from /home/airflow/.local/lib/python3.12/site-packages/airflow/example_dags/example_branch_labels.py
[2025-02-18T04:35:29.836+0000] {processor.py:925} INFO - DAG(s) 'example_branch_labels' retrieved from /home/airflow/.local/lib/python3.12/site-packages/airflow/example_dags/example_branch_labels.py
[2025-02-18T04:35:29.855+0000] {logging_mixin.py:190} INFO - [2025-02-18T04:35:29.855+0000] {dag.py:3239} INFO - Sync 1 DAGs
[2025-02-18T04:35:29.868+0000] {logging_mixin.py:190} INFO - [2025-02-18T04:35:29.868+0000] {dag.py:4180} INFO - Setting next_dagrun for example_branch_labels to 2025-02-17 00:00:00+00:00, run_after=2025-02-18 00:00:00+00:00
[2025-02-18T04:35:29.880+0000] {processor.py:208} INFO - Processing /home/airflow/.local/lib/python3.12/site-packages/airflow/example_dags/example_branch_labels.py took 0.055 seconds
[2025-02-18T04:55:49.229+0000] {processor.py:186} INFO - Started process (PID=8645) to work on /home/airflow/.local/lib/python3.12/site-packages/airflow/example_dags/example_branch_labels.py
[2025-02-18T04:55:49.233+0000] {processor.py:914} INFO - Processing file /home/airflow/.local/lib/python3.12/site-packages/airflow/example_dags/example_branch_labels.py for tasks to queue
[2025-02-18T04:55:49.234+0000] {logging_mixin.py:190} INFO - [2025-02-18T04:55:49.234+0000] {dagbag.py:588} INFO - Filling up the DagBag from /home/airflow/.local/lib/python3.12/site-packages/airflow/example_dags/example_branch_labels.py
[2025-02-18T04:55:49.240+0000] {processor.py:925} INFO - DAG(s) 'example_branch_labels' retrieved from /home/airflow/.local/lib/python3.12/site-packages/airflow/example_dags/example_branch_labels.py
[2025-02-18T04:55:49.251+0000] {logging_mixin.py:190} INFO - [2025-02-18T04:55:49.251+0000] {dag.py:3239} INFO - Sync 1 DAGs
[2025-02-18T04:55:49.262+0000] {logging_mixin.py:190} INFO - [2025-02-18T04:55:49.262+0000] {dag.py:4180} INFO - Setting next_dagrun for example_branch_labels to 2025-02-17 00:00:00+00:00, run_after=2025-02-18 00:00:00+00:00
[2025-02-18T04:55:49.280+0000] {processor.py:208} INFO - Processing /home/airflow/.local/lib/python3.12/site-packages/airflow/example_dags/example_branch_labels.py took 0.054 seconds
[2025-02-18T05:42:08.263+0000] {processor.py:186} INFO - Started process (PID=8709) to work on /home/airflow/.local/lib/python3.12/site-packages/airflow/example_dags/example_branch_labels.py
[2025-02-18T05:42:08.267+0000] {processor.py:914} INFO - Processing file /home/airflow/.local/lib/python3.12/site-packages/airflow/example_dags/example_branch_labels.py for tasks to queue
[2025-02-18T05:42:08.268+0000] {logging_mixin.py:190} INFO - [2025-02-18T05:42:08.267+0000] {dagbag.py:588} INFO - Filling up the DagBag from /home/airflow/.local/lib/python3.12/site-packages/airflow/example_dags/example_branch_labels.py
[2025-02-18T05:42:08.277+0000] {processor.py:925} INFO - DAG(s) 'example_branch_labels' retrieved from /home/airflow/.local/lib/python3.12/site-packages/airflow/example_dags/example_branch_labels.py
[2025-02-18T05:42:08.295+0000] {logging_mixin.py:190} INFO - [2025-02-18T05:42:08.295+0000] {dag.py:3239} INFO - Sync 1 DAGs
[2025-02-18T05:42:08.308+0000] {logging_mixin.py:190} INFO - [2025-02-18T05:42:08.308+0000] {dag.py:4180} INFO - Setting next_dagrun for example_branch_labels to 2025-02-17 00:00:00+00:00, run_after=2025-02-18 00:00:00+00:00
[2025-02-18T05:42:08.319+0000] {processor.py:208} INFO - Processing /home/airflow/.local/lib/python3.12/site-packages/airflow/example_dags/example_branch_labels.py took 0.059 seconds
[2025-02-18T05:42:38.904+0000] {processor.py:186} INFO - Started process (PID=8773) to work on /home/airflow/.local/lib/python3.12/site-packages/airflow/example_dags/example_branch_labels.py
[2025-02-18T05:42:38.904+0000] {processor.py:914} INFO - Processing file /home/airflow/.local/lib/python3.12/site-packages/airflow/example_dags/example_branch_labels.py for tasks to queue
[2025-02-18T05:42:38.905+0000] {logging_mixin.py:190} INFO - [2025-02-18T05:42:38.905+0000] {dagbag.py:588} INFO - Filling up the DagBag from /home/airflow/.local/lib/python3.12/site-packages/airflow/example_dags/example_branch_labels.py
[2025-02-18T05:42:38.911+0000] {processor.py:925} INFO - DAG(s) 'example_branch_labels' retrieved from /home/airflow/.local/lib/python3.12/site-packages/airflow/example_dags/example_branch_labels.py
[2025-02-18T05:42:38.923+0000] {logging_mixin.py:190} INFO - [2025-02-18T05:42:38.923+0000] {dag.py:3239} INFO - Sync 1 DAGs
[2025-02-18T05:42:38.939+0000] {logging_mixin.py:190} INFO - [2025-02-18T05:42:38.939+0000] {dag.py:4180} INFO - Setting next_dagrun for example_branch_labels to 2025-02-17 00:00:00+00:00, run_after=2025-02-18 00:00:00+00:00
[2025-02-18T05:42:38.948+0000] {processor.py:208} INFO - Processing /home/airflow/.local/lib/python3.12/site-packages/airflow/example_dags/example_branch_labels.py took 0.048 seconds
[2025-02-18T05:43:10.048+0000] {processor.py:186} INFO - Started process (PID=8837) to work on /home/airflow/.local/lib/python3.12/site-packages/airflow/example_dags/example_branch_labels.py
[2025-02-18T05:43:10.049+0000] {processor.py:914} INFO - Processing file /home/airflow/.local/lib/python3.12/site-packages/airflow/example_dags/example_branch_labels.py for tasks to queue
[2025-02-18T05:43:10.050+0000] {logging_mixin.py:190} INFO - [2025-02-18T05:43:10.050+0000] {dagbag.py:588} INFO - Filling up the DagBag from /home/airflow/.local/lib/python3.12/site-packages/airflow/example_dags/example_branch_labels.py
[2025-02-18T05:43:10.057+0000] {processor.py:925} INFO - DAG(s) 'example_branch_labels' retrieved from /home/airflow/.local/lib/python3.12/site-packages/airflow/example_dags/example_branch_labels.py
[2025-02-18T05:43:10.074+0000] {logging_mixin.py:190} INFO - [2025-02-18T05:43:10.073+0000] {dag.py:3239} INFO - Sync 1 DAGs
[2025-02-18T05:43:10.087+0000] {logging_mixin.py:190} INFO - [2025-02-18T05:43:10.086+0000] {dag.py:4180} INFO - Setting next_dagrun for example_branch_labels to 2025-02-17 00:00:00+00:00, run_after=2025-02-18 00:00:00+00:00
[2025-02-18T05:43:10.096+0000] {processor.py:208} INFO - Processing /home/airflow/.local/lib/python3.12/site-packages/airflow/example_dags/example_branch_labels.py took 0.053 seconds
[2025-02-18T05:43:40.447+0000] {processor.py:186} INFO - Started process (PID=8901) to work on /home/airflow/.local/lib/python3.12/site-packages/airflow/example_dags/example_branch_labels.py
[2025-02-18T05:43:40.451+0000] {processor.py:914} INFO - Processing file /home/airflow/.local/lib/python3.12/site-packages/airflow/example_dags/example_branch_labels.py for tasks to queue
[2025-02-18T05:43:40.452+0000] {logging_mixin.py:190} INFO - [2025-02-18T05:43:40.451+0000] {dagbag.py:588} INFO - Filling up the DagBag from /home/airflow/.local/lib/python3.12/site-packages/airflow/example_dags/example_branch_labels.py
[2025-02-18T05:43:40.457+0000] {processor.py:925} INFO - DAG(s) 'example_branch_labels' retrieved from /home/airflow/.local/lib/python3.12/site-packages/airflow/example_dags/example_branch_labels.py
[2025-02-18T05:43:40.472+0000] {logging_mixin.py:190} INFO - [2025-02-18T05:43:40.472+0000] {dag.py:3239} INFO - Sync 1 DAGs
[2025-02-18T05:43:40.487+0000] {logging_mixin.py:190} INFO - [2025-02-18T05:43:40.487+0000] {dag.py:4180} INFO - Setting next_dagrun for example_branch_labels to 2025-02-17 00:00:00+00:00, run_after=2025-02-18 00:00:00+00:00
[2025-02-18T05:43:40.502+0000] {processor.py:208} INFO - Processing /home/airflow/.local/lib/python3.12/site-packages/airflow/example_dags/example_branch_labels.py took 0.057 seconds
[2025-02-18T05:44:10.698+0000] {processor.py:186} INFO - Started process (PID=8965) to work on /home/airflow/.local/lib/python3.12/site-packages/airflow/example_dags/example_branch_labels.py
[2025-02-18T05:44:10.699+0000] {processor.py:914} INFO - Processing file /home/airflow/.local/lib/python3.12/site-packages/airflow/example_dags/example_branch_labels.py for tasks to queue
[2025-02-18T05:44:10.699+0000] {logging_mixin.py:190} INFO - [2025-02-18T05:44:10.699+0000] {dagbag.py:588} INFO - Filling up the DagBag from /home/airflow/.local/lib/python3.12/site-packages/airflow/example_dags/example_branch_labels.py
[2025-02-18T05:44:10.706+0000] {processor.py:925} INFO - DAG(s) 'example_branch_labels' retrieved from /home/airflow/.local/lib/python3.12/site-packages/airflow/example_dags/example_branch_labels.py
[2025-02-18T05:44:10.720+0000] {logging_mixin.py:190} INFO - [2025-02-18T05:44:10.720+0000] {dag.py:3239} INFO - Sync 1 DAGs
[2025-02-18T05:44:10.735+0000] {logging_mixin.py:190} INFO - [2025-02-18T05:44:10.735+0000] {dag.py:4180} INFO - Setting next_dagrun for example_branch_labels to 2025-02-17 00:00:00+00:00, run_after=2025-02-18 00:00:00+00:00
[2025-02-18T05:44:10.747+0000] {processor.py:208} INFO - Processing /home/airflow/.local/lib/python3.12/site-packages/airflow/example_dags/example_branch_labels.py took 0.052 seconds
[2025-02-18T05:44:41.308+0000] {processor.py:186} INFO - Started process (PID=9028) to work on /home/airflow/.local/lib/python3.12/site-packages/airflow/example_dags/example_branch_labels.py
[2025-02-18T05:44:41.308+0000] {processor.py:914} INFO - Processing file /home/airflow/.local/lib/python3.12/site-packages/airflow/example_dags/example_branch_labels.py for tasks to queue
[2025-02-18T05:44:41.310+0000] {logging_mixin.py:190} INFO - [2025-02-18T05:44:41.309+0000] {dagbag.py:588} INFO - Filling up the DagBag from /home/airflow/.local/lib/python3.12/site-packages/airflow/example_dags/example_branch_labels.py
[2025-02-18T05:44:41.317+0000] {processor.py:925} INFO - DAG(s) 'example_branch_labels' retrieved from /home/airflow/.local/lib/python3.12/site-packages/airflow/example_dags/example_branch_labels.py
[2025-02-18T05:44:41.335+0000] {logging_mixin.py:190} INFO - [2025-02-18T05:44:41.334+0000] {dag.py:3239} INFO - Sync 1 DAGs
[2025-02-18T05:44:41.350+0000] {logging_mixin.py:190} INFO - [2025-02-18T05:44:41.350+0000] {dag.py:4180} INFO - Setting next_dagrun for example_branch_labels to 2025-02-17 00:00:00+00:00, run_after=2025-02-18 00:00:00+00:00
[2025-02-18T05:44:41.364+0000] {processor.py:208} INFO - Processing /home/airflow/.local/lib/python3.12/site-packages/airflow/example_dags/example_branch_labels.py took 0.060 seconds
[2025-02-18T05:45:12.213+0000] {processor.py:186} INFO - Started process (PID=9092) to work on /home/airflow/.local/lib/python3.12/site-packages/airflow/example_dags/example_branch_labels.py
[2025-02-18T05:45:12.214+0000] {processor.py:914} INFO - Processing file /home/airflow/.local/lib/python3.12/site-packages/airflow/example_dags/example_branch_labels.py for tasks to queue
[2025-02-18T05:45:12.216+0000] {logging_mixin.py:190} INFO - [2025-02-18T05:45:12.215+0000] {dagbag.py:588} INFO - Filling up the DagBag from /home/airflow/.local/lib/python3.12/site-packages/airflow/example_dags/example_branch_labels.py
[2025-02-18T05:45:12.222+0000] {processor.py:925} INFO - DAG(s) 'example_branch_labels' retrieved from /home/airflow/.local/lib/python3.12/site-packages/airflow/example_dags/example_branch_labels.py
[2025-02-18T05:45:12.235+0000] {logging_mixin.py:190} INFO - [2025-02-18T05:45:12.235+0000] {dag.py:3239} INFO - Sync 1 DAGs
[2025-02-18T05:45:12.247+0000] {logging_mixin.py:190} INFO - [2025-02-18T05:45:12.247+0000] {dag.py:4180} INFO - Setting next_dagrun for example_branch_labels to 2025-02-17 00:00:00+00:00, run_after=2025-02-18 00:00:00+00:00
[2025-02-18T05:45:12.259+0000] {processor.py:208} INFO - Processing /home/airflow/.local/lib/python3.12/site-packages/airflow/example_dags/example_branch_labels.py took 0.049 seconds
[2025-02-18T05:45:42.470+0000] {processor.py:186} INFO - Started process (PID=9156) to work on /home/airflow/.local/lib/python3.12/site-packages/airflow/example_dags/example_branch_labels.py
[2025-02-18T05:45:42.471+0000] {processor.py:914} INFO - Processing file /home/airflow/.local/lib/python3.12/site-packages/airflow/example_dags/example_branch_labels.py for tasks to queue
[2025-02-18T05:45:42.472+0000] {logging_mixin.py:190} INFO - [2025-02-18T05:45:42.471+0000] {dagbag.py:588} INFO - Filling up the DagBag from /home/airflow/.local/lib/python3.12/site-packages/airflow/example_dags/example_branch_labels.py
[2025-02-18T05:45:42.477+0000] {processor.py:925} INFO - DAG(s) 'example_branch_labels' retrieved from /home/airflow/.local/lib/python3.12/site-packages/airflow/example_dags/example_branch_labels.py
[2025-02-18T05:45:42.492+0000] {logging_mixin.py:190} INFO - [2025-02-18T05:45:42.491+0000] {dag.py:3239} INFO - Sync 1 DAGs
[2025-02-18T05:45:42.504+0000] {logging_mixin.py:190} INFO - [2025-02-18T05:45:42.504+0000] {dag.py:4180} INFO - Setting next_dagrun for example_branch_labels to 2025-02-17 00:00:00+00:00, run_after=2025-02-18 00:00:00+00:00
[2025-02-18T05:45:42.517+0000] {processor.py:208} INFO - Processing /home/airflow/.local/lib/python3.12/site-packages/airflow/example_dags/example_branch_labels.py took 0.050 seconds
[2025-02-18T05:46:12.730+0000] {processor.py:186} INFO - Started process (PID=9220) to work on /home/airflow/.local/lib/python3.12/site-packages/airflow/example_dags/example_branch_labels.py
[2025-02-18T05:46:12.731+0000] {processor.py:914} INFO - Processing file /home/airflow/.local/lib/python3.12/site-packages/airflow/example_dags/example_branch_labels.py for tasks to queue
[2025-02-18T05:46:12.732+0000] {logging_mixin.py:190} INFO - [2025-02-18T05:46:12.732+0000] {dagbag.py:588} INFO - Filling up the DagBag from /home/airflow/.local/lib/python3.12/site-packages/airflow/example_dags/example_branch_labels.py
[2025-02-18T05:46:12.739+0000] {processor.py:925} INFO - DAG(s) 'example_branch_labels' retrieved from /home/airflow/.local/lib/python3.12/site-packages/airflow/example_dags/example_branch_labels.py
[2025-02-18T05:46:12.754+0000] {logging_mixin.py:190} INFO - [2025-02-18T05:46:12.753+0000] {dag.py:3239} INFO - Sync 1 DAGs
[2025-02-18T05:46:12.765+0000] {logging_mixin.py:190} INFO - [2025-02-18T05:46:12.765+0000] {dag.py:4180} INFO - Setting next_dagrun for example_branch_labels to 2025-02-17 00:00:00+00:00, run_after=2025-02-18 00:00:00+00:00
[2025-02-18T05:46:12.777+0000] {processor.py:208} INFO - Processing /home/airflow/.local/lib/python3.12/site-packages/airflow/example_dags/example_branch_labels.py took 0.050 seconds
[2025-02-18T05:46:43.031+0000] {processor.py:186} INFO - Started process (PID=9284) to work on /home/airflow/.local/lib/python3.12/site-packages/airflow/example_dags/example_branch_labels.py
[2025-02-18T05:46:43.033+0000] {processor.py:914} INFO - Processing file /home/airflow/.local/lib/python3.12/site-packages/airflow/example_dags/example_branch_labels.py for tasks to queue
[2025-02-18T05:46:43.035+0000] {logging_mixin.py:190} INFO - [2025-02-18T05:46:43.035+0000] {dagbag.py:588} INFO - Filling up the DagBag from /home/airflow/.local/lib/python3.12/site-packages/airflow/example_dags/example_branch_labels.py
[2025-02-18T05:46:43.042+0000] {processor.py:925} INFO - DAG(s) 'example_branch_labels' retrieved from /home/airflow/.local/lib/python3.12/site-packages/airflow/example_dags/example_branch_labels.py
[2025-02-18T05:46:43.055+0000] {logging_mixin.py:190} INFO - [2025-02-18T05:46:43.055+0000] {dag.py:3239} INFO - Sync 1 DAGs
[2025-02-18T05:46:43.073+0000] {logging_mixin.py:190} INFO - [2025-02-18T05:46:43.072+0000] {dag.py:4180} INFO - Setting next_dagrun for example_branch_labels to 2025-02-17 00:00:00+00:00, run_after=2025-02-18 00:00:00+00:00
[2025-02-18T05:46:43.084+0000] {processor.py:208} INFO - Processing /home/airflow/.local/lib/python3.12/site-packages/airflow/example_dags/example_branch_labels.py took 0.058 seconds
[2025-02-18T05:47:13.493+0000] {processor.py:186} INFO - Started process (PID=9348) to work on /home/airflow/.local/lib/python3.12/site-packages/airflow/example_dags/example_branch_labels.py
[2025-02-18T05:47:13.496+0000] {processor.py:914} INFO - Processing file /home/airflow/.local/lib/python3.12/site-packages/airflow/example_dags/example_branch_labels.py for tasks to queue
[2025-02-18T05:47:13.497+0000] {logging_mixin.py:190} INFO - [2025-02-18T05:47:13.497+0000] {dagbag.py:588} INFO - Filling up the DagBag from /home/airflow/.local/lib/python3.12/site-packages/airflow/example_dags/example_branch_labels.py
[2025-02-18T05:47:13.503+0000] {processor.py:925} INFO - DAG(s) 'example_branch_labels' retrieved from /home/airflow/.local/lib/python3.12/site-packages/airflow/example_dags/example_branch_labels.py
[2025-02-18T05:47:13.516+0000] {logging_mixin.py:190} INFO - [2025-02-18T05:47:13.516+0000] {dag.py:3239} INFO - Sync 1 DAGs
[2025-02-18T05:47:13.528+0000] {logging_mixin.py:190} INFO - [2025-02-18T05:47:13.528+0000] {dag.py:4180} INFO - Setting next_dagrun for example_branch_labels to 2025-02-17 00:00:00+00:00, run_after=2025-02-18 00:00:00+00:00
[2025-02-18T05:47:13.537+0000] {processor.py:208} INFO - Processing /home/airflow/.local/lib/python3.12/site-packages/airflow/example_dags/example_branch_labels.py took 0.047 seconds
[2025-02-18T05:47:43.825+0000] {processor.py:186} INFO - Started process (PID=9412) to work on /home/airflow/.local/lib/python3.12/site-packages/airflow/example_dags/example_branch_labels.py
[2025-02-18T05:47:43.825+0000] {processor.py:914} INFO - Processing file /home/airflow/.local/lib/python3.12/site-packages/airflow/example_dags/example_branch_labels.py for tasks to queue
[2025-02-18T05:47:43.826+0000] {logging_mixin.py:190} INFO - [2025-02-18T05:47:43.826+0000] {dagbag.py:588} INFO - Filling up the DagBag from /home/airflow/.local/lib/python3.12/site-packages/airflow/example_dags/example_branch_labels.py
[2025-02-18T05:47:43.831+0000] {processor.py:925} INFO - DAG(s) 'example_branch_labels' retrieved from /home/airflow/.local/lib/python3.12/site-packages/airflow/example_dags/example_branch_labels.py
[2025-02-18T05:47:43.845+0000] {logging_mixin.py:190} INFO - [2025-02-18T05:47:43.844+0000] {dag.py:3239} INFO - Sync 1 DAGs
[2025-02-18T05:47:43.859+0000] {logging_mixin.py:190} INFO - [2025-02-18T05:47:43.859+0000] {dag.py:4180} INFO - Setting next_dagrun for example_branch_labels to 2025-02-17 00:00:00+00:00, run_after=2025-02-18 00:00:00+00:00
[2025-02-18T05:47:43.870+0000] {processor.py:208} INFO - Processing /home/airflow/.local/lib/python3.12/site-packages/airflow/example_dags/example_branch_labels.py took 0.048 seconds
[2025-02-18T05:48:14.171+0000] {processor.py:186} INFO - Started process (PID=9476) to work on /home/airflow/.local/lib/python3.12/site-packages/airflow/example_dags/example_branch_labels.py
[2025-02-18T05:48:14.172+0000] {processor.py:914} INFO - Processing file /home/airflow/.local/lib/python3.12/site-packages/airflow/example_dags/example_branch_labels.py for tasks to queue
[2025-02-18T05:48:14.172+0000] {logging_mixin.py:190} INFO - [2025-02-18T05:48:14.172+0000] {dagbag.py:588} INFO - Filling up the DagBag from /home/airflow/.local/lib/python3.12/site-packages/airflow/example_dags/example_branch_labels.py
[2025-02-18T05:48:14.178+0000] {processor.py:925} INFO - DAG(s) 'example_branch_labels' retrieved from /home/airflow/.local/lib/python3.12/site-packages/airflow/example_dags/example_branch_labels.py
[2025-02-18T05:48:14.192+0000] {logging_mixin.py:190} INFO - [2025-02-18T05:48:14.192+0000] {dag.py:3239} INFO - Sync 1 DAGs
[2025-02-18T05:48:14.207+0000] {logging_mixin.py:190} INFO - [2025-02-18T05:48:14.207+0000] {dag.py:4180} INFO - Setting next_dagrun for example_branch_labels to 2025-02-17 00:00:00+00:00, run_after=2025-02-18 00:00:00+00:00
[2025-02-18T05:48:14.221+0000] {processor.py:208} INFO - Processing /home/airflow/.local/lib/python3.12/site-packages/airflow/example_dags/example_branch_labels.py took 0.054 seconds
[2025-02-18T05:48:44.238+0000] {processor.py:186} INFO - Started process (PID=9540) to work on /home/airflow/.local/lib/python3.12/site-packages/airflow/example_dags/example_branch_labels.py
[2025-02-18T05:48:44.239+0000] {processor.py:914} INFO - Processing file /home/airflow/.local/lib/python3.12/site-packages/airflow/example_dags/example_branch_labels.py for tasks to queue
[2025-02-18T05:48:44.239+0000] {logging_mixin.py:190} INFO - [2025-02-18T05:48:44.239+0000] {dagbag.py:588} INFO - Filling up the DagBag from /home/airflow/.local/lib/python3.12/site-packages/airflow/example_dags/example_branch_labels.py
[2025-02-18T05:48:44.245+0000] {processor.py:925} INFO - DAG(s) 'example_branch_labels' retrieved from /home/airflow/.local/lib/python3.12/site-packages/airflow/example_dags/example_branch_labels.py
[2025-02-18T05:48:44.258+0000] {logging_mixin.py:190} INFO - [2025-02-18T05:48:44.258+0000] {dag.py:3239} INFO - Sync 1 DAGs
[2025-02-18T05:48:44.269+0000] {logging_mixin.py:190} INFO - [2025-02-18T05:48:44.269+0000] {dag.py:4180} INFO - Setting next_dagrun for example_branch_labels to 2025-02-17 00:00:00+00:00, run_after=2025-02-18 00:00:00+00:00
[2025-02-18T05:48:44.282+0000] {processor.py:208} INFO - Processing /home/airflow/.local/lib/python3.12/site-packages/airflow/example_dags/example_branch_labels.py took 0.047 seconds
[2025-02-18T05:49:15.138+0000] {processor.py:186} INFO - Started process (PID=9604) to work on /home/airflow/.local/lib/python3.12/site-packages/airflow/example_dags/example_branch_labels.py
[2025-02-18T05:49:15.139+0000] {processor.py:914} INFO - Processing file /home/airflow/.local/lib/python3.12/site-packages/airflow/example_dags/example_branch_labels.py for tasks to queue
[2025-02-18T05:49:15.140+0000] {logging_mixin.py:190} INFO - [2025-02-18T05:49:15.139+0000] {dagbag.py:588} INFO - Filling up the DagBag from /home/airflow/.local/lib/python3.12/site-packages/airflow/example_dags/example_branch_labels.py
[2025-02-18T05:49:15.146+0000] {processor.py:925} INFO - DAG(s) 'example_branch_labels' retrieved from /home/airflow/.local/lib/python3.12/site-packages/airflow/example_dags/example_branch_labels.py
[2025-02-18T05:49:15.158+0000] {logging_mixin.py:190} INFO - [2025-02-18T05:49:15.158+0000] {dag.py:3239} INFO - Sync 1 DAGs
[2025-02-18T05:49:15.173+0000] {logging_mixin.py:190} INFO - [2025-02-18T05:49:15.173+0000] {dag.py:4180} INFO - Setting next_dagrun for example_branch_labels to 2025-02-17 00:00:00+00:00, run_after=2025-02-18 00:00:00+00:00
[2025-02-18T05:49:15.183+0000] {processor.py:208} INFO - Processing /home/airflow/.local/lib/python3.12/site-packages/airflow/example_dags/example_branch_labels.py took 0.048 seconds
[2025-02-18T05:49:45.470+0000] {processor.py:186} INFO - Started process (PID=9668) to work on /home/airflow/.local/lib/python3.12/site-packages/airflow/example_dags/example_branch_labels.py
[2025-02-18T05:49:45.471+0000] {processor.py:914} INFO - Processing file /home/airflow/.local/lib/python3.12/site-packages/airflow/example_dags/example_branch_labels.py for tasks to queue
[2025-02-18T05:49:45.472+0000] {logging_mixin.py:190} INFO - [2025-02-18T05:49:45.472+0000] {dagbag.py:588} INFO - Filling up the DagBag from /home/airflow/.local/lib/python3.12/site-packages/airflow/example_dags/example_branch_labels.py
[2025-02-18T05:49:45.478+0000] {processor.py:925} INFO - DAG(s) 'example_branch_labels' retrieved from /home/airflow/.local/lib/python3.12/site-packages/airflow/example_dags/example_branch_labels.py
[2025-02-18T05:49:45.490+0000] {logging_mixin.py:190} INFO - [2025-02-18T05:49:45.490+0000] {dag.py:3239} INFO - Sync 1 DAGs
[2025-02-18T05:49:45.506+0000] {logging_mixin.py:190} INFO - [2025-02-18T05:49:45.506+0000] {dag.py:4180} INFO - Setting next_dagrun for example_branch_labels to 2025-02-17 00:00:00+00:00, run_after=2025-02-18 00:00:00+00:00
[2025-02-18T05:49:45.520+0000] {processor.py:208} INFO - Processing /home/airflow/.local/lib/python3.12/site-packages/airflow/example_dags/example_branch_labels.py took 0.053 seconds
[2025-02-18T05:50:15.603+0000] {processor.py:186} INFO - Started process (PID=9732) to work on /home/airflow/.local/lib/python3.12/site-packages/airflow/example_dags/example_branch_labels.py
[2025-02-18T05:50:15.604+0000] {processor.py:914} INFO - Processing file /home/airflow/.local/lib/python3.12/site-packages/airflow/example_dags/example_branch_labels.py for tasks to queue
[2025-02-18T05:50:15.605+0000] {logging_mixin.py:190} INFO - [2025-02-18T05:50:15.604+0000] {dagbag.py:588} INFO - Filling up the DagBag from /home/airflow/.local/lib/python3.12/site-packages/airflow/example_dags/example_branch_labels.py
[2025-02-18T05:50:15.610+0000] {processor.py:925} INFO - DAG(s) 'example_branch_labels' retrieved from /home/airflow/.local/lib/python3.12/site-packages/airflow/example_dags/example_branch_labels.py
[2025-02-18T05:50:15.626+0000] {logging_mixin.py:190} INFO - [2025-02-18T05:50:15.626+0000] {dag.py:3239} INFO - Sync 1 DAGs
[2025-02-18T05:50:15.644+0000] {logging_mixin.py:190} INFO - [2025-02-18T05:50:15.644+0000] {dag.py:4180} INFO - Setting next_dagrun for example_branch_labels to 2025-02-17 00:00:00+00:00, run_after=2025-02-18 00:00:00+00:00
[2025-02-18T05:50:15.657+0000] {processor.py:208} INFO - Processing /home/airflow/.local/lib/python3.12/site-packages/airflow/example_dags/example_branch_labels.py took 0.058 seconds
[2025-02-18T05:50:45.853+0000] {processor.py:186} INFO - Started process (PID=9797) to work on /home/airflow/.local/lib/python3.12/site-packages/airflow/example_dags/example_branch_labels.py
[2025-02-18T05:50:45.854+0000] {processor.py:914} INFO - Processing file /home/airflow/.local/lib/python3.12/site-packages/airflow/example_dags/example_branch_labels.py for tasks to queue
[2025-02-18T05:50:45.854+0000] {logging_mixin.py:190} INFO - [2025-02-18T05:50:45.854+0000] {dagbag.py:588} INFO - Filling up the DagBag from /home/airflow/.local/lib/python3.12/site-packages/airflow/example_dags/example_branch_labels.py
[2025-02-18T05:50:45.860+0000] {processor.py:925} INFO - DAG(s) 'example_branch_labels' retrieved from /home/airflow/.local/lib/python3.12/site-packages/airflow/example_dags/example_branch_labels.py
[2025-02-18T05:50:45.877+0000] {logging_mixin.py:190} INFO - [2025-02-18T05:50:45.877+0000] {dag.py:3239} INFO - Sync 1 DAGs
[2025-02-18T05:50:45.898+0000] {logging_mixin.py:190} INFO - [2025-02-18T05:50:45.898+0000] {dag.py:4180} INFO - Setting next_dagrun for example_branch_labels to 2025-02-17 00:00:00+00:00, run_after=2025-02-18 00:00:00+00:00
[2025-02-18T05:50:45.913+0000] {processor.py:208} INFO - Processing /home/airflow/.local/lib/python3.12/site-packages/airflow/example_dags/example_branch_labels.py took 0.063 seconds
[2025-02-18T05:51:16.242+0000] {processor.py:186} INFO - Started process (PID=9861) to work on /home/airflow/.local/lib/python3.12/site-packages/airflow/example_dags/example_branch_labels.py
[2025-02-18T05:51:16.243+0000] {processor.py:914} INFO - Processing file /home/airflow/.local/lib/python3.12/site-packages/airflow/example_dags/example_branch_labels.py for tasks to queue
[2025-02-18T05:51:16.244+0000] {logging_mixin.py:190} INFO - [2025-02-18T05:51:16.244+0000] {dagbag.py:588} INFO - Filling up the DagBag from /home/airflow/.local/lib/python3.12/site-packages/airflow/example_dags/example_branch_labels.py
[2025-02-18T05:51:16.250+0000] {processor.py:925} INFO - DAG(s) 'example_branch_labels' retrieved from /home/airflow/.local/lib/python3.12/site-packages/airflow/example_dags/example_branch_labels.py
[2025-02-18T05:51:16.262+0000] {logging_mixin.py:190} INFO - [2025-02-18T05:51:16.262+0000] {dag.py:3239} INFO - Sync 1 DAGs
[2025-02-18T05:51:16.277+0000] {logging_mixin.py:190} INFO - [2025-02-18T05:51:16.277+0000] {dag.py:4180} INFO - Setting next_dagrun for example_branch_labels to 2025-02-17 00:00:00+00:00, run_after=2025-02-18 00:00:00+00:00
[2025-02-18T05:51:16.292+0000] {processor.py:208} INFO - Processing /home/airflow/.local/lib/python3.12/site-packages/airflow/example_dags/example_branch_labels.py took 0.054 seconds
[2025-02-18T05:51:46.563+0000] {processor.py:186} INFO - Started process (PID=9925) to work on /home/airflow/.local/lib/python3.12/site-packages/airflow/example_dags/example_branch_labels.py
[2025-02-18T05:51:46.564+0000] {processor.py:914} INFO - Processing file /home/airflow/.local/lib/python3.12/site-packages/airflow/example_dags/example_branch_labels.py for tasks to queue
[2025-02-18T05:51:46.565+0000] {logging_mixin.py:190} INFO - [2025-02-18T05:51:46.564+0000] {dagbag.py:588} INFO - Filling up the DagBag from /home/airflow/.local/lib/python3.12/site-packages/airflow/example_dags/example_branch_labels.py
[2025-02-18T05:51:46.571+0000] {processor.py:925} INFO - DAG(s) 'example_branch_labels' retrieved from /home/airflow/.local/lib/python3.12/site-packages/airflow/example_dags/example_branch_labels.py
[2025-02-18T05:51:46.585+0000] {logging_mixin.py:190} INFO - [2025-02-18T05:51:46.585+0000] {dag.py:3239} INFO - Sync 1 DAGs
[2025-02-18T05:51:46.599+0000] {logging_mixin.py:190} INFO - [2025-02-18T05:51:46.599+0000] {dag.py:4180} INFO - Setting next_dagrun for example_branch_labels to 2025-02-17 00:00:00+00:00, run_after=2025-02-18 00:00:00+00:00
[2025-02-18T05:51:46.608+0000] {processor.py:208} INFO - Processing /home/airflow/.local/lib/python3.12/site-packages/airflow/example_dags/example_branch_labels.py took 0.049 seconds
[2025-02-18T05:52:17.366+0000] {processor.py:186} INFO - Started process (PID=9989) to work on /home/airflow/.local/lib/python3.12/site-packages/airflow/example_dags/example_branch_labels.py
[2025-02-18T05:52:17.369+0000] {processor.py:914} INFO - Processing file /home/airflow/.local/lib/python3.12/site-packages/airflow/example_dags/example_branch_labels.py for tasks to queue
[2025-02-18T05:52:17.370+0000] {logging_mixin.py:190} INFO - [2025-02-18T05:52:17.370+0000] {dagbag.py:588} INFO - Filling up the DagBag from /home/airflow/.local/lib/python3.12/site-packages/airflow/example_dags/example_branch_labels.py
[2025-02-18T05:52:17.376+0000] {processor.py:925} INFO - DAG(s) 'example_branch_labels' retrieved from /home/airflow/.local/lib/python3.12/site-packages/airflow/example_dags/example_branch_labels.py
[2025-02-18T05:52:17.390+0000] {logging_mixin.py:190} INFO - [2025-02-18T05:52:17.390+0000] {dag.py:3239} INFO - Sync 1 DAGs
[2025-02-18T05:52:17.406+0000] {logging_mixin.py:190} INFO - [2025-02-18T05:52:17.406+0000] {dag.py:4180} INFO - Setting next_dagrun for example_branch_labels to 2025-02-17 00:00:00+00:00, run_after=2025-02-18 00:00:00+00:00
[2025-02-18T05:52:17.416+0000] {processor.py:208} INFO - Processing /home/airflow/.local/lib/python3.12/site-packages/airflow/example_dags/example_branch_labels.py took 0.053 seconds
[2025-02-18T05:52:48.371+0000] {processor.py:186} INFO - Started process (PID=10053) to work on /home/airflow/.local/lib/python3.12/site-packages/airflow/example_dags/example_branch_labels.py
[2025-02-18T05:52:48.372+0000] {processor.py:914} INFO - Processing file /home/airflow/.local/lib/python3.12/site-packages/airflow/example_dags/example_branch_labels.py for tasks to queue
[2025-02-18T05:52:48.373+0000] {logging_mixin.py:190} INFO - [2025-02-18T05:52:48.373+0000] {dagbag.py:588} INFO - Filling up the DagBag from /home/airflow/.local/lib/python3.12/site-packages/airflow/example_dags/example_branch_labels.py
[2025-02-18T05:52:48.382+0000] {processor.py:925} INFO - DAG(s) 'example_branch_labels' retrieved from /home/airflow/.local/lib/python3.12/site-packages/airflow/example_dags/example_branch_labels.py
[2025-02-18T05:52:48.399+0000] {logging_mixin.py:190} INFO - [2025-02-18T05:52:48.398+0000] {dag.py:3239} INFO - Sync 1 DAGs
[2025-02-18T05:52:48.413+0000] {logging_mixin.py:190} INFO - [2025-02-18T05:52:48.413+0000] {dag.py:4180} INFO - Setting next_dagrun for example_branch_labels to 2025-02-17 00:00:00+00:00, run_after=2025-02-18 00:00:00+00:00
[2025-02-18T05:52:48.431+0000] {processor.py:208} INFO - Processing /home/airflow/.local/lib/python3.12/site-packages/airflow/example_dags/example_branch_labels.py took 0.065 seconds
[2025-02-18T05:53:18.486+0000] {processor.py:186} INFO - Started process (PID=10117) to work on /home/airflow/.local/lib/python3.12/site-packages/airflow/example_dags/example_branch_labels.py
[2025-02-18T05:53:18.488+0000] {processor.py:914} INFO - Processing file /home/airflow/.local/lib/python3.12/site-packages/airflow/example_dags/example_branch_labels.py for tasks to queue
[2025-02-18T05:53:18.489+0000] {logging_mixin.py:190} INFO - [2025-02-18T05:53:18.489+0000] {dagbag.py:588} INFO - Filling up the DagBag from /home/airflow/.local/lib/python3.12/site-packages/airflow/example_dags/example_branch_labels.py
[2025-02-18T05:53:18.495+0000] {processor.py:925} INFO - DAG(s) 'example_branch_labels' retrieved from /home/airflow/.local/lib/python3.12/site-packages/airflow/example_dags/example_branch_labels.py
[2025-02-18T05:53:18.513+0000] {logging_mixin.py:190} INFO - [2025-02-18T05:53:18.513+0000] {dag.py:3239} INFO - Sync 1 DAGs
[2025-02-18T05:53:18.525+0000] {logging_mixin.py:190} INFO - [2025-02-18T05:53:18.524+0000] {dag.py:4180} INFO - Setting next_dagrun for example_branch_labels to 2025-02-17 00:00:00+00:00, run_after=2025-02-18 00:00:00+00:00
[2025-02-18T05:53:18.535+0000] {processor.py:208} INFO - Processing /home/airflow/.local/lib/python3.12/site-packages/airflow/example_dags/example_branch_labels.py took 0.052 seconds
[2025-02-18T05:53:48.651+0000] {processor.py:186} INFO - Started process (PID=10180) to work on /home/airflow/.local/lib/python3.12/site-packages/airflow/example_dags/example_branch_labels.py
[2025-02-18T05:53:48.652+0000] {processor.py:914} INFO - Processing file /home/airflow/.local/lib/python3.12/site-packages/airflow/example_dags/example_branch_labels.py for tasks to queue
[2025-02-18T05:53:48.654+0000] {logging_mixin.py:190} INFO - [2025-02-18T05:53:48.653+0000] {dagbag.py:588} INFO - Filling up the DagBag from /home/airflow/.local/lib/python3.12/site-packages/airflow/example_dags/example_branch_labels.py
[2025-02-18T05:53:48.660+0000] {processor.py:925} INFO - DAG(s) 'example_branch_labels' retrieved from /home/airflow/.local/lib/python3.12/site-packages/airflow/example_dags/example_branch_labels.py
[2025-02-18T05:53:48.673+0000] {logging_mixin.py:190} INFO - [2025-02-18T05:53:48.673+0000] {dag.py:3239} INFO - Sync 1 DAGs
[2025-02-18T05:53:48.684+0000] {logging_mixin.py:190} INFO - [2025-02-18T05:53:48.684+0000] {dag.py:4180} INFO - Setting next_dagrun for example_branch_labels to 2025-02-17 00:00:00+00:00, run_after=2025-02-18 00:00:00+00:00
[2025-02-18T05:53:48.696+0000] {processor.py:208} INFO - Processing /home/airflow/.local/lib/python3.12/site-packages/airflow/example_dags/example_branch_labels.py took 0.049 seconds
[2025-02-18T05:54:19.175+0000] {processor.py:186} INFO - Started process (PID=10244) to work on /home/airflow/.local/lib/python3.12/site-packages/airflow/example_dags/example_branch_labels.py
[2025-02-18T05:54:19.177+0000] {processor.py:914} INFO - Processing file /home/airflow/.local/lib/python3.12/site-packages/airflow/example_dags/example_branch_labels.py for tasks to queue
[2025-02-18T05:54:19.179+0000] {logging_mixin.py:190} INFO - [2025-02-18T05:54:19.178+0000] {dagbag.py:588} INFO - Filling up the DagBag from /home/airflow/.local/lib/python3.12/site-packages/airflow/example_dags/example_branch_labels.py
[2025-02-18T05:54:19.188+0000] {processor.py:925} INFO - DAG(s) 'example_branch_labels' retrieved from /home/airflow/.local/lib/python3.12/site-packages/airflow/example_dags/example_branch_labels.py
[2025-02-18T05:54:19.200+0000] {logging_mixin.py:190} INFO - [2025-02-18T05:54:19.200+0000] {dag.py:3239} INFO - Sync 1 DAGs
[2025-02-18T05:54:19.214+0000] {logging_mixin.py:190} INFO - [2025-02-18T05:54:19.213+0000] {dag.py:4180} INFO - Setting next_dagrun for example_branch_labels to 2025-02-17 00:00:00+00:00, run_after=2025-02-18 00:00:00+00:00
[2025-02-18T05:54:19.229+0000] {processor.py:208} INFO - Processing /home/airflow/.local/lib/python3.12/site-packages/airflow/example_dags/example_branch_labels.py took 0.060 seconds
[2025-02-18T05:54:49.506+0000] {processor.py:186} INFO - Started process (PID=10308) to work on /home/airflow/.local/lib/python3.12/site-packages/airflow/example_dags/example_branch_labels.py
[2025-02-18T05:54:49.508+0000] {processor.py:914} INFO - Processing file /home/airflow/.local/lib/python3.12/site-packages/airflow/example_dags/example_branch_labels.py for tasks to queue
[2025-02-18T05:54:49.509+0000] {logging_mixin.py:190} INFO - [2025-02-18T05:54:49.509+0000] {dagbag.py:588} INFO - Filling up the DagBag from /home/airflow/.local/lib/python3.12/site-packages/airflow/example_dags/example_branch_labels.py
[2025-02-18T05:54:49.517+0000] {processor.py:925} INFO - DAG(s) 'example_branch_labels' retrieved from /home/airflow/.local/lib/python3.12/site-packages/airflow/example_dags/example_branch_labels.py
[2025-02-18T05:54:49.533+0000] {logging_mixin.py:190} INFO - [2025-02-18T05:54:49.533+0000] {dag.py:3239} INFO - Sync 1 DAGs
[2025-02-18T05:54:49.546+0000] {logging_mixin.py:190} INFO - [2025-02-18T05:54:49.546+0000] {dag.py:4180} INFO - Setting next_dagrun for example_branch_labels to 2025-02-17 00:00:00+00:00, run_after=2025-02-18 00:00:00+00:00
[2025-02-18T05:54:49.557+0000] {processor.py:208} INFO - Processing /home/airflow/.local/lib/python3.12/site-packages/airflow/example_dags/example_branch_labels.py took 0.055 seconds
[2025-02-18T05:55:19.892+0000] {processor.py:186} INFO - Started process (PID=10372) to work on /home/airflow/.local/lib/python3.12/site-packages/airflow/example_dags/example_branch_labels.py
[2025-02-18T05:55:19.893+0000] {processor.py:914} INFO - Processing file /home/airflow/.local/lib/python3.12/site-packages/airflow/example_dags/example_branch_labels.py for tasks to queue
[2025-02-18T05:55:19.894+0000] {logging_mixin.py:190} INFO - [2025-02-18T05:55:19.894+0000] {dagbag.py:588} INFO - Filling up the DagBag from /home/airflow/.local/lib/python3.12/site-packages/airflow/example_dags/example_branch_labels.py
[2025-02-18T05:55:19.900+0000] {processor.py:925} INFO - DAG(s) 'example_branch_labels' retrieved from /home/airflow/.local/lib/python3.12/site-packages/airflow/example_dags/example_branch_labels.py
[2025-02-18T05:55:19.915+0000] {logging_mixin.py:190} INFO - [2025-02-18T05:55:19.914+0000] {dag.py:3239} INFO - Sync 1 DAGs
[2025-02-18T05:55:19.930+0000] {logging_mixin.py:190} INFO - [2025-02-18T05:55:19.930+0000] {dag.py:4180} INFO - Setting next_dagrun for example_branch_labels to 2025-02-17 00:00:00+00:00, run_after=2025-02-18 00:00:00+00:00
[2025-02-18T05:55:19.943+0000] {processor.py:208} INFO - Processing /home/airflow/.local/lib/python3.12/site-packages/airflow/example_dags/example_branch_labels.py took 0.057 seconds
[2025-02-18T05:55:50.077+0000] {processor.py:186} INFO - Started process (PID=10436) to work on /home/airflow/.local/lib/python3.12/site-packages/airflow/example_dags/example_branch_labels.py
[2025-02-18T05:55:50.078+0000] {processor.py:914} INFO - Processing file /home/airflow/.local/lib/python3.12/site-packages/airflow/example_dags/example_branch_labels.py for tasks to queue
[2025-02-18T05:55:50.079+0000] {logging_mixin.py:190} INFO - [2025-02-18T05:55:50.079+0000] {dagbag.py:588} INFO - Filling up the DagBag from /home/airflow/.local/lib/python3.12/site-packages/airflow/example_dags/example_branch_labels.py
[2025-02-18T05:55:50.086+0000] {processor.py:925} INFO - DAG(s) 'example_branch_labels' retrieved from /home/airflow/.local/lib/python3.12/site-packages/airflow/example_dags/example_branch_labels.py
[2025-02-18T05:55:50.101+0000] {logging_mixin.py:190} INFO - [2025-02-18T05:55:50.101+0000] {dag.py:3239} INFO - Sync 1 DAGs
[2025-02-18T05:55:50.119+0000] {logging_mixin.py:190} INFO - [2025-02-18T05:55:50.118+0000] {dag.py:4180} INFO - Setting next_dagrun for example_branch_labels to 2025-02-17 00:00:00+00:00, run_after=2025-02-18 00:00:00+00:00
[2025-02-18T05:55:50.132+0000] {processor.py:208} INFO - Processing /home/airflow/.local/lib/python3.12/site-packages/airflow/example_dags/example_branch_labels.py took 0.059 seconds
[2025-02-18T10:40:12.620+0000] {processor.py:186} INFO - Started process (PID=85) to work on /home/airflow/.local/lib/python3.12/site-packages/airflow/example_dags/example_branch_labels.py
[2025-02-18T10:40:12.622+0000] {processor.py:914} INFO - Processing file /home/airflow/.local/lib/python3.12/site-packages/airflow/example_dags/example_branch_labels.py for tasks to queue
[2025-02-18T10:40:12.623+0000] {logging_mixin.py:190} INFO - [2025-02-18T10:40:12.623+0000] {dagbag.py:588} INFO - Filling up the DagBag from /home/airflow/.local/lib/python3.12/site-packages/airflow/example_dags/example_branch_labels.py
[2025-02-18T10:40:12.636+0000] {processor.py:925} INFO - DAG(s) 'example_branch_labels' retrieved from /home/airflow/.local/lib/python3.12/site-packages/airflow/example_dags/example_branch_labels.py
[2025-02-18T10:40:12.654+0000] {logging_mixin.py:190} INFO - [2025-02-18T10:40:12.654+0000] {dag.py:3239} INFO - Sync 1 DAGs
[2025-02-18T10:40:12.671+0000] {logging_mixin.py:190} INFO - [2025-02-18T10:40:12.671+0000] {dag.py:4180} INFO - Setting next_dagrun for example_branch_labels to 2025-02-17 00:00:00+00:00, run_after=2025-02-18 00:00:00+00:00
[2025-02-18T10:40:12.693+0000] {processor.py:208} INFO - Processing /home/airflow/.local/lib/python3.12/site-packages/airflow/example_dags/example_branch_labels.py took 0.076 seconds
[2025-02-18T10:47:02.934+0000] {processor.py:186} INFO - Started process (PID=88) to work on /home/airflow/.local/lib/python3.12/site-packages/airflow/example_dags/example_branch_labels.py
[2025-02-18T10:47:02.937+0000] {processor.py:914} INFO - Processing file /home/airflow/.local/lib/python3.12/site-packages/airflow/example_dags/example_branch_labels.py for tasks to queue
[2025-02-18T10:47:02.941+0000] {logging_mixin.py:190} INFO - [2025-02-18T10:47:02.940+0000] {dagbag.py:588} INFO - Filling up the DagBag from /home/airflow/.local/lib/python3.12/site-packages/airflow/example_dags/example_branch_labels.py
[2025-02-18T10:47:02.956+0000] {processor.py:925} INFO - DAG(s) 'example_branch_labels' retrieved from /home/airflow/.local/lib/python3.12/site-packages/airflow/example_dags/example_branch_labels.py
[2025-02-18T10:47:02.977+0000] {logging_mixin.py:190} INFO - [2025-02-18T10:47:02.977+0000] {dag.py:3239} INFO - Sync 1 DAGs
[2025-02-18T10:47:02.992+0000] {logging_mixin.py:190} INFO - [2025-02-18T10:47:02.991+0000] {dag.py:4180} INFO - Setting next_dagrun for example_branch_labels to 2025-02-17 00:00:00+00:00, run_after=2025-02-18 00:00:00+00:00
[2025-02-18T10:47:03.003+0000] {processor.py:208} INFO - Processing /home/airflow/.local/lib/python3.12/site-packages/airflow/example_dags/example_branch_labels.py took 0.075 seconds
