[2025-02-18T01:09:48.386+0000] {processor.py:186} INFO - Started process (PID=8232) to work on /home/airflow/.local/lib/python3.12/site-packages/airflow/example_dags/example_bash_decorator.py
[2025-02-18T01:09:48.387+0000] {processor.py:914} INFO - Processing file /home/airflow/.local/lib/python3.12/site-packages/airflow/example_dags/example_bash_decorator.py for tasks to queue
[2025-02-18T01:09:48.388+0000] {logging_mixin.py:190} INFO - [2025-02-18T01:09:48.388+0000] {dagbag.py:588} INFO - Filling up the DagBag from /home/airflow/.local/lib/python3.12/site-packages/airflow/example_dags/example_bash_decorator.py
[2025-02-18T01:09:48.400+0000] {processor.py:925} INFO - DAG(s) 'example_bash_decorator' retrieved from /home/airflow/.local/lib/python3.12/site-packages/airflow/example_dags/example_bash_decorator.py
[2025-02-18T01:09:48.423+0000] {logging_mixin.py:190} INFO - [2025-02-18T01:09:48.423+0000] {dag.py:3239} INFO - Sync 1 DAGs
[2025-02-18T01:09:48.434+0000] {logging_mixin.py:190} INFO - [2025-02-18T01:09:48.433+0000] {dag.py:4180} INFO - Setting next_dagrun for example_bash_decorator to None, run_after=None
[2025-02-18T01:09:48.445+0000] {processor.py:208} INFO - Processing /home/airflow/.local/lib/python3.12/site-packages/airflow/example_dags/example_bash_decorator.py took 0.062 seconds
[2025-02-18T01:44:58.651+0000] {processor.py:186} INFO - Started process (PID=8296) to work on /home/airflow/.local/lib/python3.12/site-packages/airflow/example_dags/example_bash_decorator.py
[2025-02-18T01:44:58.653+0000] {processor.py:914} INFO - Processing file /home/airflow/.local/lib/python3.12/site-packages/airflow/example_dags/example_bash_decorator.py for tasks to queue
[2025-02-18T01:44:58.654+0000] {logging_mixin.py:190} INFO - [2025-02-18T01:44:58.653+0000] {dagbag.py:588} INFO - Filling up the DagBag from /home/airflow/.local/lib/python3.12/site-packages/airflow/example_dags/example_bash_decorator.py
[2025-02-18T01:44:58.664+0000] {processor.py:925} INFO - DAG(s) 'example_bash_decorator' retrieved from /home/airflow/.local/lib/python3.12/site-packages/airflow/example_dags/example_bash_decorator.py
[2025-02-18T01:44:58.689+0000] {logging_mixin.py:190} INFO - [2025-02-18T01:44:58.688+0000] {dag.py:3239} INFO - Sync 1 DAGs
[2025-02-18T01:44:58.696+0000] {logging_mixin.py:190} INFO - [2025-02-18T01:44:58.696+0000] {dag.py:4180} INFO - Setting next_dagrun for example_bash_decorator to None, run_after=None
[2025-02-18T01:44:58.710+0000] {processor.py:208} INFO - Processing /home/airflow/.local/lib/python3.12/site-packages/airflow/example_dags/example_bash_decorator.py took 0.068 seconds
[2025-02-18T02:31:36.202+0000] {processor.py:186} INFO - Started process (PID=8360) to work on /home/airflow/.local/lib/python3.12/site-packages/airflow/example_dags/example_bash_decorator.py
[2025-02-18T02:31:36.203+0000] {processor.py:914} INFO - Processing file /home/airflow/.local/lib/python3.12/site-packages/airflow/example_dags/example_bash_decorator.py for tasks to queue
[2025-02-18T02:31:36.204+0000] {logging_mixin.py:190} INFO - [2025-02-18T02:31:36.204+0000] {dagbag.py:588} INFO - Filling up the DagBag from /home/airflow/.local/lib/python3.12/site-packages/airflow/example_dags/example_bash_decorator.py
[2025-02-18T02:31:36.213+0000] {processor.py:925} INFO - DAG(s) 'example_bash_decorator' retrieved from /home/airflow/.local/lib/python3.12/site-packages/airflow/example_dags/example_bash_decorator.py
[2025-02-18T02:31:36.229+0000] {logging_mixin.py:190} INFO - [2025-02-18T02:31:36.229+0000] {dag.py:3239} INFO - Sync 1 DAGs
[2025-02-18T02:31:36.237+0000] {logging_mixin.py:190} INFO - [2025-02-18T02:31:36.237+0000] {dag.py:4180} INFO - Setting next_dagrun for example_bash_decorator to None, run_after=None
[2025-02-18T02:31:36.246+0000] {processor.py:208} INFO - Processing /home/airflow/.local/lib/python3.12/site-packages/airflow/example_dags/example_bash_decorator.py took 0.049 seconds
[2025-02-18T02:54:39.613+0000] {processor.py:186} INFO - Started process (PID=8424) to work on /home/airflow/.local/lib/python3.12/site-packages/airflow/example_dags/example_bash_decorator.py
[2025-02-18T02:54:39.616+0000] {processor.py:914} INFO - Processing file /home/airflow/.local/lib/python3.12/site-packages/airflow/example_dags/example_bash_decorator.py for tasks to queue
[2025-02-18T02:54:39.617+0000] {logging_mixin.py:190} INFO - [2025-02-18T02:54:39.617+0000] {dagbag.py:588} INFO - Filling up the DagBag from /home/airflow/.local/lib/python3.12/site-packages/airflow/example_dags/example_bash_decorator.py
[2025-02-18T02:54:39.625+0000] {processor.py:925} INFO - DAG(s) 'example_bash_decorator' retrieved from /home/airflow/.local/lib/python3.12/site-packages/airflow/example_dags/example_bash_decorator.py
[2025-02-18T02:54:39.646+0000] {logging_mixin.py:190} INFO - [2025-02-18T02:54:39.645+0000] {dag.py:3239} INFO - Sync 1 DAGs
[2025-02-18T02:54:39.656+0000] {logging_mixin.py:190} INFO - [2025-02-18T02:54:39.656+0000] {dag.py:4180} INFO - Setting next_dagrun for example_bash_decorator to None, run_after=None
[2025-02-18T02:54:39.669+0000] {processor.py:208} INFO - Processing /home/airflow/.local/lib/python3.12/site-packages/airflow/example_dags/example_bash_decorator.py took 0.062 seconds
[2025-02-18T03:12:49.426+0000] {processor.py:186} INFO - Started process (PID=8488) to work on /home/airflow/.local/lib/python3.12/site-packages/airflow/example_dags/example_bash_decorator.py
[2025-02-18T03:12:49.428+0000] {processor.py:914} INFO - Processing file /home/airflow/.local/lib/python3.12/site-packages/airflow/example_dags/example_bash_decorator.py for tasks to queue
[2025-02-18T03:12:49.431+0000] {logging_mixin.py:190} INFO - [2025-02-18T03:12:49.430+0000] {dagbag.py:588} INFO - Filling up the DagBag from /home/airflow/.local/lib/python3.12/site-packages/airflow/example_dags/example_bash_decorator.py
[2025-02-18T03:12:49.439+0000] {processor.py:925} INFO - DAG(s) 'example_bash_decorator' retrieved from /home/airflow/.local/lib/python3.12/site-packages/airflow/example_dags/example_bash_decorator.py
[2025-02-18T03:12:49.460+0000] {logging_mixin.py:190} INFO - [2025-02-18T03:12:49.460+0000] {dag.py:3239} INFO - Sync 1 DAGs
[2025-02-18T03:12:49.472+0000] {logging_mixin.py:190} INFO - [2025-02-18T03:12:49.472+0000] {dag.py:4180} INFO - Setting next_dagrun for example_bash_decorator to None, run_after=None
[2025-02-18T03:12:49.485+0000] {processor.py:208} INFO - Processing /home/airflow/.local/lib/python3.12/site-packages/airflow/example_dags/example_bash_decorator.py took 0.062 seconds
[2025-02-18T04:35:28.543+0000] {processor.py:186} INFO - Started process (PID=8552) to work on /home/airflow/.local/lib/python3.12/site-packages/airflow/example_dags/example_bash_decorator.py
[2025-02-18T04:35:28.544+0000] {processor.py:914} INFO - Processing file /home/airflow/.local/lib/python3.12/site-packages/airflow/example_dags/example_bash_decorator.py for tasks to queue
[2025-02-18T04:35:28.545+0000] {logging_mixin.py:190} INFO - [2025-02-18T04:35:28.545+0000] {dagbag.py:588} INFO - Filling up the DagBag from /home/airflow/.local/lib/python3.12/site-packages/airflow/example_dags/example_bash_decorator.py
[2025-02-18T04:35:28.556+0000] {processor.py:925} INFO - DAG(s) 'example_bash_decorator' retrieved from /home/airflow/.local/lib/python3.12/site-packages/airflow/example_dags/example_bash_decorator.py
[2025-02-18T04:35:28.574+0000] {logging_mixin.py:190} INFO - [2025-02-18T04:35:28.574+0000] {dag.py:3239} INFO - Sync 1 DAGs
[2025-02-18T04:35:28.583+0000] {logging_mixin.py:190} INFO - [2025-02-18T04:35:28.583+0000] {dag.py:4180} INFO - Setting next_dagrun for example_bash_decorator to None, run_after=None
[2025-02-18T04:35:28.593+0000] {processor.py:208} INFO - Processing /home/airflow/.local/lib/python3.12/site-packages/airflow/example_dags/example_bash_decorator.py took 0.054 seconds
[2025-02-18T04:55:47.896+0000] {processor.py:186} INFO - Started process (PID=8616) to work on /home/airflow/.local/lib/python3.12/site-packages/airflow/example_dags/example_bash_decorator.py
[2025-02-18T04:55:47.897+0000] {processor.py:914} INFO - Processing file /home/airflow/.local/lib/python3.12/site-packages/airflow/example_dags/example_bash_decorator.py for tasks to queue
[2025-02-18T04:55:47.898+0000] {logging_mixin.py:190} INFO - [2025-02-18T04:55:47.897+0000] {dagbag.py:588} INFO - Filling up the DagBag from /home/airflow/.local/lib/python3.12/site-packages/airflow/example_dags/example_bash_decorator.py
[2025-02-18T04:55:47.907+0000] {processor.py:925} INFO - DAG(s) 'example_bash_decorator' retrieved from /home/airflow/.local/lib/python3.12/site-packages/airflow/example_dags/example_bash_decorator.py
[2025-02-18T04:55:47.925+0000] {logging_mixin.py:190} INFO - [2025-02-18T04:55:47.925+0000] {dag.py:3239} INFO - Sync 1 DAGs
[2025-02-18T04:55:47.933+0000] {logging_mixin.py:190} INFO - [2025-02-18T04:55:47.933+0000] {dag.py:4180} INFO - Setting next_dagrun for example_bash_decorator to None, run_after=None
[2025-02-18T04:55:47.948+0000] {processor.py:208} INFO - Processing /home/airflow/.local/lib/python3.12/site-packages/airflow/example_dags/example_bash_decorator.py took 0.056 seconds
[2025-02-18T05:42:06.911+0000] {processor.py:186} INFO - Started process (PID=8680) to work on /home/airflow/.local/lib/python3.12/site-packages/airflow/example_dags/example_bash_decorator.py
[2025-02-18T05:42:06.914+0000] {processor.py:914} INFO - Processing file /home/airflow/.local/lib/python3.12/site-packages/airflow/example_dags/example_bash_decorator.py for tasks to queue
[2025-02-18T05:42:06.917+0000] {logging_mixin.py:190} INFO - [2025-02-18T05:42:06.916+0000] {dagbag.py:588} INFO - Filling up the DagBag from /home/airflow/.local/lib/python3.12/site-packages/airflow/example_dags/example_bash_decorator.py
[2025-02-18T05:42:06.927+0000] {processor.py:925} INFO - DAG(s) 'example_bash_decorator' retrieved from /home/airflow/.local/lib/python3.12/site-packages/airflow/example_dags/example_bash_decorator.py
[2025-02-18T05:42:06.945+0000] {logging_mixin.py:190} INFO - [2025-02-18T05:42:06.945+0000] {dag.py:3239} INFO - Sync 1 DAGs
[2025-02-18T05:42:06.954+0000] {logging_mixin.py:190} INFO - [2025-02-18T05:42:06.954+0000] {dag.py:4180} INFO - Setting next_dagrun for example_bash_decorator to None, run_after=None
[2025-02-18T05:42:06.966+0000] {processor.py:208} INFO - Processing /home/airflow/.local/lib/python3.12/site-packages/airflow/example_dags/example_bash_decorator.py took 0.059 seconds
[2025-02-18T05:42:37.451+0000] {processor.py:186} INFO - Started process (PID=8744) to work on /home/airflow/.local/lib/python3.12/site-packages/airflow/example_dags/example_bash_decorator.py
[2025-02-18T05:42:37.455+0000] {processor.py:914} INFO - Processing file /home/airflow/.local/lib/python3.12/site-packages/airflow/example_dags/example_bash_decorator.py for tasks to queue
[2025-02-18T05:42:37.456+0000] {logging_mixin.py:190} INFO - [2025-02-18T05:42:37.455+0000] {dagbag.py:588} INFO - Filling up the DagBag from /home/airflow/.local/lib/python3.12/site-packages/airflow/example_dags/example_bash_decorator.py
[2025-02-18T05:42:37.466+0000] {processor.py:925} INFO - DAG(s) 'example_bash_decorator' retrieved from /home/airflow/.local/lib/python3.12/site-packages/airflow/example_dags/example_bash_decorator.py
[2025-02-18T05:42:37.483+0000] {logging_mixin.py:190} INFO - [2025-02-18T05:42:37.483+0000] {dag.py:3239} INFO - Sync 1 DAGs
[2025-02-18T05:42:37.493+0000] {logging_mixin.py:190} INFO - [2025-02-18T05:42:37.493+0000] {dag.py:4180} INFO - Setting next_dagrun for example_bash_decorator to None, run_after=None
[2025-02-18T05:42:37.512+0000] {processor.py:208} INFO - Processing /home/airflow/.local/lib/python3.12/site-packages/airflow/example_dags/example_bash_decorator.py took 0.072 seconds
[2025-02-18T05:43:07.743+0000] {processor.py:186} INFO - Started process (PID=8808) to work on /home/airflow/.local/lib/python3.12/site-packages/airflow/example_dags/example_bash_decorator.py
[2025-02-18T05:43:07.748+0000] {processor.py:914} INFO - Processing file /home/airflow/.local/lib/python3.12/site-packages/airflow/example_dags/example_bash_decorator.py for tasks to queue
[2025-02-18T05:43:07.750+0000] {logging_mixin.py:190} INFO - [2025-02-18T05:43:07.750+0000] {dagbag.py:588} INFO - Filling up the DagBag from /home/airflow/.local/lib/python3.12/site-packages/airflow/example_dags/example_bash_decorator.py
[2025-02-18T05:43:07.759+0000] {processor.py:925} INFO - DAG(s) 'example_bash_decorator' retrieved from /home/airflow/.local/lib/python3.12/site-packages/airflow/example_dags/example_bash_decorator.py
[2025-02-18T05:43:07.775+0000] {logging_mixin.py:190} INFO - [2025-02-18T05:43:07.775+0000] {dag.py:3239} INFO - Sync 1 DAGs
[2025-02-18T05:43:07.782+0000] {logging_mixin.py:190} INFO - [2025-02-18T05:43:07.782+0000] {dag.py:4180} INFO - Setting next_dagrun for example_bash_decorator to None, run_after=None
[2025-02-18T05:43:07.795+0000] {processor.py:208} INFO - Processing /home/airflow/.local/lib/python3.12/site-packages/airflow/example_dags/example_bash_decorator.py took 0.056 seconds
[2025-02-18T05:43:37.979+0000] {processor.py:186} INFO - Started process (PID=8872) to work on /home/airflow/.local/lib/python3.12/site-packages/airflow/example_dags/example_bash_decorator.py
[2025-02-18T05:43:37.980+0000] {processor.py:914} INFO - Processing file /home/airflow/.local/lib/python3.12/site-packages/airflow/example_dags/example_bash_decorator.py for tasks to queue
[2025-02-18T05:43:37.982+0000] {logging_mixin.py:190} INFO - [2025-02-18T05:43:37.982+0000] {dagbag.py:588} INFO - Filling up the DagBag from /home/airflow/.local/lib/python3.12/site-packages/airflow/example_dags/example_bash_decorator.py
[2025-02-18T05:43:37.993+0000] {processor.py:925} INFO - DAG(s) 'example_bash_decorator' retrieved from /home/airflow/.local/lib/python3.12/site-packages/airflow/example_dags/example_bash_decorator.py
[2025-02-18T05:43:38.008+0000] {logging_mixin.py:190} INFO - [2025-02-18T05:43:38.008+0000] {dag.py:3239} INFO - Sync 1 DAGs
[2025-02-18T05:43:38.016+0000] {logging_mixin.py:190} INFO - [2025-02-18T05:43:38.016+0000] {dag.py:4180} INFO - Setting next_dagrun for example_bash_decorator to None, run_after=None
[2025-02-18T05:43:38.028+0000] {processor.py:208} INFO - Processing /home/airflow/.local/lib/python3.12/site-packages/airflow/example_dags/example_bash_decorator.py took 0.053 seconds
[2025-02-18T05:44:08.524+0000] {processor.py:186} INFO - Started process (PID=8936) to work on /home/airflow/.local/lib/python3.12/site-packages/airflow/example_dags/example_bash_decorator.py
[2025-02-18T05:44:08.525+0000] {processor.py:914} INFO - Processing file /home/airflow/.local/lib/python3.12/site-packages/airflow/example_dags/example_bash_decorator.py for tasks to queue
[2025-02-18T05:44:08.526+0000] {logging_mixin.py:190} INFO - [2025-02-18T05:44:08.525+0000] {dagbag.py:588} INFO - Filling up the DagBag from /home/airflow/.local/lib/python3.12/site-packages/airflow/example_dags/example_bash_decorator.py
[2025-02-18T05:44:08.536+0000] {processor.py:925} INFO - DAG(s) 'example_bash_decorator' retrieved from /home/airflow/.local/lib/python3.12/site-packages/airflow/example_dags/example_bash_decorator.py
[2025-02-18T05:44:08.551+0000] {logging_mixin.py:190} INFO - [2025-02-18T05:44:08.550+0000] {dag.py:3239} INFO - Sync 1 DAGs
[2025-02-18T05:44:08.565+0000] {logging_mixin.py:190} INFO - [2025-02-18T05:44:08.565+0000] {dag.py:4180} INFO - Setting next_dagrun for example_bash_decorator to None, run_after=None
[2025-02-18T05:44:08.579+0000] {processor.py:208} INFO - Processing /home/airflow/.local/lib/python3.12/site-packages/airflow/example_dags/example_bash_decorator.py took 0.059 seconds
[2025-02-18T05:44:39.169+0000] {processor.py:186} INFO - Started process (PID=9000) to work on /home/airflow/.local/lib/python3.12/site-packages/airflow/example_dags/example_bash_decorator.py
[2025-02-18T05:44:39.170+0000] {processor.py:914} INFO - Processing file /home/airflow/.local/lib/python3.12/site-packages/airflow/example_dags/example_bash_decorator.py for tasks to queue
[2025-02-18T05:44:39.171+0000] {logging_mixin.py:190} INFO - [2025-02-18T05:44:39.171+0000] {dagbag.py:588} INFO - Filling up the DagBag from /home/airflow/.local/lib/python3.12/site-packages/airflow/example_dags/example_bash_decorator.py
[2025-02-18T05:44:39.186+0000] {processor.py:925} INFO - DAG(s) 'example_bash_decorator' retrieved from /home/airflow/.local/lib/python3.12/site-packages/airflow/example_dags/example_bash_decorator.py
[2025-02-18T05:44:39.203+0000] {logging_mixin.py:190} INFO - [2025-02-18T05:44:39.203+0000] {dag.py:3239} INFO - Sync 1 DAGs
[2025-02-18T05:44:39.212+0000] {logging_mixin.py:190} INFO - [2025-02-18T05:44:39.212+0000] {dag.py:4180} INFO - Setting next_dagrun for example_bash_decorator to None, run_after=None
[2025-02-18T05:44:39.225+0000] {processor.py:208} INFO - Processing /home/airflow/.local/lib/python3.12/site-packages/airflow/example_dags/example_bash_decorator.py took 0.062 seconds
[2025-02-18T05:45:10.143+0000] {processor.py:186} INFO - Started process (PID=9064) to work on /home/airflow/.local/lib/python3.12/site-packages/airflow/example_dags/example_bash_decorator.py
[2025-02-18T05:45:10.145+0000] {processor.py:914} INFO - Processing file /home/airflow/.local/lib/python3.12/site-packages/airflow/example_dags/example_bash_decorator.py for tasks to queue
[2025-02-18T05:45:10.146+0000] {logging_mixin.py:190} INFO - [2025-02-18T05:45:10.145+0000] {dagbag.py:588} INFO - Filling up the DagBag from /home/airflow/.local/lib/python3.12/site-packages/airflow/example_dags/example_bash_decorator.py
[2025-02-18T05:45:10.157+0000] {processor.py:925} INFO - DAG(s) 'example_bash_decorator' retrieved from /home/airflow/.local/lib/python3.12/site-packages/airflow/example_dags/example_bash_decorator.py
[2025-02-18T05:45:10.170+0000] {logging_mixin.py:190} INFO - [2025-02-18T05:45:10.170+0000] {dag.py:3239} INFO - Sync 1 DAGs
[2025-02-18T05:45:10.180+0000] {logging_mixin.py:190} INFO - [2025-02-18T05:45:10.180+0000] {dag.py:4180} INFO - Setting next_dagrun for example_bash_decorator to None, run_after=None
[2025-02-18T05:45:10.195+0000] {processor.py:208} INFO - Processing /home/airflow/.local/lib/python3.12/site-packages/airflow/example_dags/example_bash_decorator.py took 0.057 seconds
[2025-02-18T05:45:40.476+0000] {processor.py:186} INFO - Started process (PID=9128) to work on /home/airflow/.local/lib/python3.12/site-packages/airflow/example_dags/example_bash_decorator.py
[2025-02-18T05:45:40.479+0000] {processor.py:914} INFO - Processing file /home/airflow/.local/lib/python3.12/site-packages/airflow/example_dags/example_bash_decorator.py for tasks to queue
[2025-02-18T05:45:40.480+0000] {logging_mixin.py:190} INFO - [2025-02-18T05:45:40.480+0000] {dagbag.py:588} INFO - Filling up the DagBag from /home/airflow/.local/lib/python3.12/site-packages/airflow/example_dags/example_bash_decorator.py
[2025-02-18T05:45:40.489+0000] {processor.py:925} INFO - DAG(s) 'example_bash_decorator' retrieved from /home/airflow/.local/lib/python3.12/site-packages/airflow/example_dags/example_bash_decorator.py
[2025-02-18T05:45:40.501+0000] {logging_mixin.py:190} INFO - [2025-02-18T05:45:40.501+0000] {dag.py:3239} INFO - Sync 1 DAGs
[2025-02-18T05:45:40.509+0000] {logging_mixin.py:190} INFO - [2025-02-18T05:45:40.509+0000] {dag.py:4180} INFO - Setting next_dagrun for example_bash_decorator to None, run_after=None
[2025-02-18T05:45:40.518+0000] {processor.py:208} INFO - Processing /home/airflow/.local/lib/python3.12/site-packages/airflow/example_dags/example_bash_decorator.py took 0.047 seconds
[2025-02-18T05:46:11.591+0000] {processor.py:186} INFO - Started process (PID=9192) to work on /home/airflow/.local/lib/python3.12/site-packages/airflow/example_dags/example_bash_decorator.py
[2025-02-18T05:46:11.592+0000] {processor.py:914} INFO - Processing file /home/airflow/.local/lib/python3.12/site-packages/airflow/example_dags/example_bash_decorator.py for tasks to queue
[2025-02-18T05:46:11.592+0000] {logging_mixin.py:190} INFO - [2025-02-18T05:46:11.592+0000] {dagbag.py:588} INFO - Filling up the DagBag from /home/airflow/.local/lib/python3.12/site-packages/airflow/example_dags/example_bash_decorator.py
[2025-02-18T05:46:11.600+0000] {processor.py:925} INFO - DAG(s) 'example_bash_decorator' retrieved from /home/airflow/.local/lib/python3.12/site-packages/airflow/example_dags/example_bash_decorator.py
[2025-02-18T05:46:11.615+0000] {logging_mixin.py:190} INFO - [2025-02-18T05:46:11.615+0000] {dag.py:3239} INFO - Sync 1 DAGs
[2025-02-18T05:46:11.624+0000] {logging_mixin.py:190} INFO - [2025-02-18T05:46:11.624+0000] {dag.py:4180} INFO - Setting next_dagrun for example_bash_decorator to None, run_after=None
[2025-02-18T05:46:11.636+0000] {processor.py:208} INFO - Processing /home/airflow/.local/lib/python3.12/site-packages/airflow/example_dags/example_bash_decorator.py took 0.051 seconds
[2025-02-18T05:46:41.916+0000] {processor.py:186} INFO - Started process (PID=9256) to work on /home/airflow/.local/lib/python3.12/site-packages/airflow/example_dags/example_bash_decorator.py
[2025-02-18T05:46:41.917+0000] {processor.py:914} INFO - Processing file /home/airflow/.local/lib/python3.12/site-packages/airflow/example_dags/example_bash_decorator.py for tasks to queue
[2025-02-18T05:46:41.919+0000] {logging_mixin.py:190} INFO - [2025-02-18T05:46:41.918+0000] {dagbag.py:588} INFO - Filling up the DagBag from /home/airflow/.local/lib/python3.12/site-packages/airflow/example_dags/example_bash_decorator.py
[2025-02-18T05:46:41.927+0000] {processor.py:925} INFO - DAG(s) 'example_bash_decorator' retrieved from /home/airflow/.local/lib/python3.12/site-packages/airflow/example_dags/example_bash_decorator.py
[2025-02-18T05:46:41.940+0000] {logging_mixin.py:190} INFO - [2025-02-18T05:46:41.940+0000] {dag.py:3239} INFO - Sync 1 DAGs
[2025-02-18T05:46:41.950+0000] {logging_mixin.py:190} INFO - [2025-02-18T05:46:41.950+0000] {dag.py:4180} INFO - Setting next_dagrun for example_bash_decorator to None, run_after=None
[2025-02-18T05:46:41.962+0000] {processor.py:208} INFO - Processing /home/airflow/.local/lib/python3.12/site-packages/airflow/example_dags/example_bash_decorator.py took 0.050 seconds
[2025-02-18T05:47:12.476+0000] {processor.py:186} INFO - Started process (PID=9320) to work on /home/airflow/.local/lib/python3.12/site-packages/airflow/example_dags/example_bash_decorator.py
[2025-02-18T05:47:12.476+0000] {processor.py:914} INFO - Processing file /home/airflow/.local/lib/python3.12/site-packages/airflow/example_dags/example_bash_decorator.py for tasks to queue
[2025-02-18T05:47:12.477+0000] {logging_mixin.py:190} INFO - [2025-02-18T05:47:12.477+0000] {dagbag.py:588} INFO - Filling up the DagBag from /home/airflow/.local/lib/python3.12/site-packages/airflow/example_dags/example_bash_decorator.py
[2025-02-18T05:47:12.486+0000] {processor.py:925} INFO - DAG(s) 'example_bash_decorator' retrieved from /home/airflow/.local/lib/python3.12/site-packages/airflow/example_dags/example_bash_decorator.py
[2025-02-18T05:47:12.499+0000] {logging_mixin.py:190} INFO - [2025-02-18T05:47:12.499+0000] {dag.py:3239} INFO - Sync 1 DAGs
[2025-02-18T05:47:12.507+0000] {logging_mixin.py:190} INFO - [2025-02-18T05:47:12.507+0000] {dag.py:4180} INFO - Setting next_dagrun for example_bash_decorator to None, run_after=None
[2025-02-18T05:47:12.520+0000] {processor.py:208} INFO - Processing /home/airflow/.local/lib/python3.12/site-packages/airflow/example_dags/example_bash_decorator.py took 0.048 seconds
[2025-02-18T05:47:42.750+0000] {processor.py:186} INFO - Started process (PID=9384) to work on /home/airflow/.local/lib/python3.12/site-packages/airflow/example_dags/example_bash_decorator.py
[2025-02-18T05:47:42.754+0000] {processor.py:914} INFO - Processing file /home/airflow/.local/lib/python3.12/site-packages/airflow/example_dags/example_bash_decorator.py for tasks to queue
[2025-02-18T05:47:42.755+0000] {logging_mixin.py:190} INFO - [2025-02-18T05:47:42.755+0000] {dagbag.py:588} INFO - Filling up the DagBag from /home/airflow/.local/lib/python3.12/site-packages/airflow/example_dags/example_bash_decorator.py
[2025-02-18T05:47:42.764+0000] {processor.py:925} INFO - DAG(s) 'example_bash_decorator' retrieved from /home/airflow/.local/lib/python3.12/site-packages/airflow/example_dags/example_bash_decorator.py
[2025-02-18T05:47:42.782+0000] {logging_mixin.py:190} INFO - [2025-02-18T05:47:42.782+0000] {dag.py:3239} INFO - Sync 1 DAGs
[2025-02-18T05:47:42.790+0000] {logging_mixin.py:190} INFO - [2025-02-18T05:47:42.790+0000] {dag.py:4180} INFO - Setting next_dagrun for example_bash_decorator to None, run_after=None
[2025-02-18T05:47:42.801+0000] {processor.py:208} INFO - Processing /home/airflow/.local/lib/python3.12/site-packages/airflow/example_dags/example_bash_decorator.py took 0.054 seconds
[2025-02-18T05:48:13.071+0000] {processor.py:186} INFO - Started process (PID=9448) to work on /home/airflow/.local/lib/python3.12/site-packages/airflow/example_dags/example_bash_decorator.py
[2025-02-18T05:48:13.072+0000] {processor.py:914} INFO - Processing file /home/airflow/.local/lib/python3.12/site-packages/airflow/example_dags/example_bash_decorator.py for tasks to queue
[2025-02-18T05:48:13.073+0000] {logging_mixin.py:190} INFO - [2025-02-18T05:48:13.073+0000] {dagbag.py:588} INFO - Filling up the DagBag from /home/airflow/.local/lib/python3.12/site-packages/airflow/example_dags/example_bash_decorator.py
[2025-02-18T05:48:13.081+0000] {processor.py:925} INFO - DAG(s) 'example_bash_decorator' retrieved from /home/airflow/.local/lib/python3.12/site-packages/airflow/example_dags/example_bash_decorator.py
[2025-02-18T05:48:13.097+0000] {logging_mixin.py:190} INFO - [2025-02-18T05:48:13.097+0000] {dag.py:3239} INFO - Sync 1 DAGs
[2025-02-18T05:48:13.105+0000] {logging_mixin.py:190} INFO - [2025-02-18T05:48:13.105+0000] {dag.py:4180} INFO - Setting next_dagrun for example_bash_decorator to None, run_after=None
[2025-02-18T05:48:13.115+0000] {processor.py:208} INFO - Processing /home/airflow/.local/lib/python3.12/site-packages/airflow/example_dags/example_bash_decorator.py took 0.048 seconds
[2025-02-18T05:48:43.284+0000] {processor.py:186} INFO - Started process (PID=9512) to work on /home/airflow/.local/lib/python3.12/site-packages/airflow/example_dags/example_bash_decorator.py
[2025-02-18T05:48:43.285+0000] {processor.py:914} INFO - Processing file /home/airflow/.local/lib/python3.12/site-packages/airflow/example_dags/example_bash_decorator.py for tasks to queue
[2025-02-18T05:48:43.287+0000] {logging_mixin.py:190} INFO - [2025-02-18T05:48:43.287+0000] {dagbag.py:588} INFO - Filling up the DagBag from /home/airflow/.local/lib/python3.12/site-packages/airflow/example_dags/example_bash_decorator.py
[2025-02-18T05:48:43.295+0000] {processor.py:925} INFO - DAG(s) 'example_bash_decorator' retrieved from /home/airflow/.local/lib/python3.12/site-packages/airflow/example_dags/example_bash_decorator.py
[2025-02-18T05:48:43.307+0000] {logging_mixin.py:190} INFO - [2025-02-18T05:48:43.306+0000] {dag.py:3239} INFO - Sync 1 DAGs
[2025-02-18T05:48:43.314+0000] {logging_mixin.py:190} INFO - [2025-02-18T05:48:43.314+0000] {dag.py:4180} INFO - Setting next_dagrun for example_bash_decorator to None, run_after=None
[2025-02-18T05:48:43.325+0000] {processor.py:208} INFO - Processing /home/airflow/.local/lib/python3.12/site-packages/airflow/example_dags/example_bash_decorator.py took 0.045 seconds
[2025-02-18T05:49:14.121+0000] {processor.py:186} INFO - Started process (PID=9576) to work on /home/airflow/.local/lib/python3.12/site-packages/airflow/example_dags/example_bash_decorator.py
[2025-02-18T05:49:14.123+0000] {processor.py:914} INFO - Processing file /home/airflow/.local/lib/python3.12/site-packages/airflow/example_dags/example_bash_decorator.py for tasks to queue
[2025-02-18T05:49:14.124+0000] {logging_mixin.py:190} INFO - [2025-02-18T05:49:14.124+0000] {dagbag.py:588} INFO - Filling up the DagBag from /home/airflow/.local/lib/python3.12/site-packages/airflow/example_dags/example_bash_decorator.py
[2025-02-18T05:49:14.133+0000] {processor.py:925} INFO - DAG(s) 'example_bash_decorator' retrieved from /home/airflow/.local/lib/python3.12/site-packages/airflow/example_dags/example_bash_decorator.py
[2025-02-18T05:49:14.149+0000] {logging_mixin.py:190} INFO - [2025-02-18T05:49:14.149+0000] {dag.py:3239} INFO - Sync 1 DAGs
[2025-02-18T05:49:14.156+0000] {logging_mixin.py:190} INFO - [2025-02-18T05:49:14.156+0000] {dag.py:4180} INFO - Setting next_dagrun for example_bash_decorator to None, run_after=None
[2025-02-18T05:49:14.167+0000] {processor.py:208} INFO - Processing /home/airflow/.local/lib/python3.12/site-packages/airflow/example_dags/example_bash_decorator.py took 0.048 seconds
[2025-02-18T05:49:44.303+0000] {processor.py:186} INFO - Started process (PID=9640) to work on /home/airflow/.local/lib/python3.12/site-packages/airflow/example_dags/example_bash_decorator.py
[2025-02-18T05:49:44.304+0000] {processor.py:914} INFO - Processing file /home/airflow/.local/lib/python3.12/site-packages/airflow/example_dags/example_bash_decorator.py for tasks to queue
[2025-02-18T05:49:44.304+0000] {logging_mixin.py:190} INFO - [2025-02-18T05:49:44.304+0000] {dagbag.py:588} INFO - Filling up the DagBag from /home/airflow/.local/lib/python3.12/site-packages/airflow/example_dags/example_bash_decorator.py
[2025-02-18T05:49:44.312+0000] {processor.py:925} INFO - DAG(s) 'example_bash_decorator' retrieved from /home/airflow/.local/lib/python3.12/site-packages/airflow/example_dags/example_bash_decorator.py
[2025-02-18T05:49:44.324+0000] {logging_mixin.py:190} INFO - [2025-02-18T05:49:44.324+0000] {dag.py:3239} INFO - Sync 1 DAGs
[2025-02-18T05:49:44.331+0000] {logging_mixin.py:190} INFO - [2025-02-18T05:49:44.331+0000] {dag.py:4180} INFO - Setting next_dagrun for example_bash_decorator to None, run_after=None
[2025-02-18T05:49:44.346+0000] {processor.py:208} INFO - Processing /home/airflow/.local/lib/python3.12/site-packages/airflow/example_dags/example_bash_decorator.py took 0.046 seconds
[2025-02-18T05:50:14.485+0000] {processor.py:186} INFO - Started process (PID=9704) to work on /home/airflow/.local/lib/python3.12/site-packages/airflow/example_dags/example_bash_decorator.py
[2025-02-18T05:50:14.486+0000] {processor.py:914} INFO - Processing file /home/airflow/.local/lib/python3.12/site-packages/airflow/example_dags/example_bash_decorator.py for tasks to queue
[2025-02-18T05:50:14.487+0000] {logging_mixin.py:190} INFO - [2025-02-18T05:50:14.486+0000] {dagbag.py:588} INFO - Filling up the DagBag from /home/airflow/.local/lib/python3.12/site-packages/airflow/example_dags/example_bash_decorator.py
[2025-02-18T05:50:14.497+0000] {processor.py:925} INFO - DAG(s) 'example_bash_decorator' retrieved from /home/airflow/.local/lib/python3.12/site-packages/airflow/example_dags/example_bash_decorator.py
[2025-02-18T05:50:14.514+0000] {logging_mixin.py:190} INFO - [2025-02-18T05:50:14.514+0000] {dag.py:3239} INFO - Sync 1 DAGs
[2025-02-18T05:50:14.525+0000] {logging_mixin.py:190} INFO - [2025-02-18T05:50:14.525+0000] {dag.py:4180} INFO - Setting next_dagrun for example_bash_decorator to None, run_after=None
[2025-02-18T05:50:14.540+0000] {processor.py:208} INFO - Processing /home/airflow/.local/lib/python3.12/site-packages/airflow/example_dags/example_bash_decorator.py took 0.059 seconds
[2025-02-18T05:50:44.639+0000] {processor.py:186} INFO - Started process (PID=9769) to work on /home/airflow/.local/lib/python3.12/site-packages/airflow/example_dags/example_bash_decorator.py
[2025-02-18T05:50:44.643+0000] {processor.py:914} INFO - Processing file /home/airflow/.local/lib/python3.12/site-packages/airflow/example_dags/example_bash_decorator.py for tasks to queue
[2025-02-18T05:50:44.644+0000] {logging_mixin.py:190} INFO - [2025-02-18T05:50:44.643+0000] {dagbag.py:588} INFO - Filling up the DagBag from /home/airflow/.local/lib/python3.12/site-packages/airflow/example_dags/example_bash_decorator.py
[2025-02-18T05:50:44.654+0000] {processor.py:925} INFO - DAG(s) 'example_bash_decorator' retrieved from /home/airflow/.local/lib/python3.12/site-packages/airflow/example_dags/example_bash_decorator.py
[2025-02-18T05:50:44.670+0000] {logging_mixin.py:190} INFO - [2025-02-18T05:50:44.670+0000] {dag.py:3239} INFO - Sync 1 DAGs
[2025-02-18T05:50:44.678+0000] {logging_mixin.py:190} INFO - [2025-02-18T05:50:44.678+0000] {dag.py:4180} INFO - Setting next_dagrun for example_bash_decorator to None, run_after=None
[2025-02-18T05:50:44.688+0000] {processor.py:208} INFO - Processing /home/airflow/.local/lib/python3.12/site-packages/airflow/example_dags/example_bash_decorator.py took 0.053 seconds
[2025-02-18T05:51:15.006+0000] {processor.py:186} INFO - Started process (PID=9833) to work on /home/airflow/.local/lib/python3.12/site-packages/airflow/example_dags/example_bash_decorator.py
[2025-02-18T05:51:15.007+0000] {processor.py:914} INFO - Processing file /home/airflow/.local/lib/python3.12/site-packages/airflow/example_dags/example_bash_decorator.py for tasks to queue
[2025-02-18T05:51:15.008+0000] {logging_mixin.py:190} INFO - [2025-02-18T05:51:15.008+0000] {dagbag.py:588} INFO - Filling up the DagBag from /home/airflow/.local/lib/python3.12/site-packages/airflow/example_dags/example_bash_decorator.py
[2025-02-18T05:51:15.016+0000] {processor.py:925} INFO - DAG(s) 'example_bash_decorator' retrieved from /home/airflow/.local/lib/python3.12/site-packages/airflow/example_dags/example_bash_decorator.py
[2025-02-18T05:51:15.029+0000] {logging_mixin.py:190} INFO - [2025-02-18T05:51:15.029+0000] {dag.py:3239} INFO - Sync 1 DAGs
[2025-02-18T05:51:15.039+0000] {logging_mixin.py:190} INFO - [2025-02-18T05:51:15.039+0000] {dag.py:4180} INFO - Setting next_dagrun for example_bash_decorator to None, run_after=None
[2025-02-18T05:51:15.055+0000] {processor.py:208} INFO - Processing /home/airflow/.local/lib/python3.12/site-packages/airflow/example_dags/example_bash_decorator.py took 0.053 seconds
[2025-02-18T05:51:45.390+0000] {processor.py:186} INFO - Started process (PID=9897) to work on /home/airflow/.local/lib/python3.12/site-packages/airflow/example_dags/example_bash_decorator.py
[2025-02-18T05:51:45.391+0000] {processor.py:914} INFO - Processing file /home/airflow/.local/lib/python3.12/site-packages/airflow/example_dags/example_bash_decorator.py for tasks to queue
[2025-02-18T05:51:45.391+0000] {logging_mixin.py:190} INFO - [2025-02-18T05:51:45.391+0000] {dagbag.py:588} INFO - Filling up the DagBag from /home/airflow/.local/lib/python3.12/site-packages/airflow/example_dags/example_bash_decorator.py
[2025-02-18T05:51:45.400+0000] {processor.py:925} INFO - DAG(s) 'example_bash_decorator' retrieved from /home/airflow/.local/lib/python3.12/site-packages/airflow/example_dags/example_bash_decorator.py
[2025-02-18T05:51:45.424+0000] {logging_mixin.py:190} INFO - [2025-02-18T05:51:45.424+0000] {dag.py:3239} INFO - Sync 1 DAGs
[2025-02-18T05:51:45.436+0000] {logging_mixin.py:190} INFO - [2025-02-18T05:51:45.436+0000] {dag.py:4180} INFO - Setting next_dagrun for example_bash_decorator to None, run_after=None
[2025-02-18T05:51:45.449+0000] {processor.py:208} INFO - Processing /home/airflow/.local/lib/python3.12/site-packages/airflow/example_dags/example_bash_decorator.py took 0.063 seconds
[2025-02-18T05:52:16.093+0000] {processor.py:186} INFO - Started process (PID=9961) to work on /home/airflow/.local/lib/python3.12/site-packages/airflow/example_dags/example_bash_decorator.py
[2025-02-18T05:52:16.095+0000] {processor.py:914} INFO - Processing file /home/airflow/.local/lib/python3.12/site-packages/airflow/example_dags/example_bash_decorator.py for tasks to queue
[2025-02-18T05:52:16.095+0000] {logging_mixin.py:190} INFO - [2025-02-18T05:52:16.095+0000] {dagbag.py:588} INFO - Filling up the DagBag from /home/airflow/.local/lib/python3.12/site-packages/airflow/example_dags/example_bash_decorator.py
[2025-02-18T05:52:16.103+0000] {processor.py:925} INFO - DAG(s) 'example_bash_decorator' retrieved from /home/airflow/.local/lib/python3.12/site-packages/airflow/example_dags/example_bash_decorator.py
[2025-02-18T05:52:16.119+0000] {logging_mixin.py:190} INFO - [2025-02-18T05:52:16.119+0000] {dag.py:3239} INFO - Sync 1 DAGs
[2025-02-18T05:52:16.128+0000] {logging_mixin.py:190} INFO - [2025-02-18T05:52:16.128+0000] {dag.py:4180} INFO - Setting next_dagrun for example_bash_decorator to None, run_after=None
[2025-02-18T05:52:16.138+0000] {processor.py:208} INFO - Processing /home/airflow/.local/lib/python3.12/site-packages/airflow/example_dags/example_bash_decorator.py took 0.049 seconds
[2025-02-18T05:52:46.349+0000] {processor.py:186} INFO - Started process (PID=10025) to work on /home/airflow/.local/lib/python3.12/site-packages/airflow/example_dags/example_bash_decorator.py
[2025-02-18T05:52:46.350+0000] {processor.py:914} INFO - Processing file /home/airflow/.local/lib/python3.12/site-packages/airflow/example_dags/example_bash_decorator.py for tasks to queue
[2025-02-18T05:52:46.350+0000] {logging_mixin.py:190} INFO - [2025-02-18T05:52:46.350+0000] {dagbag.py:588} INFO - Filling up the DagBag from /home/airflow/.local/lib/python3.12/site-packages/airflow/example_dags/example_bash_decorator.py
[2025-02-18T05:52:46.358+0000] {processor.py:925} INFO - DAG(s) 'example_bash_decorator' retrieved from /home/airflow/.local/lib/python3.12/site-packages/airflow/example_dags/example_bash_decorator.py
[2025-02-18T05:52:46.371+0000] {logging_mixin.py:190} INFO - [2025-02-18T05:52:46.370+0000] {dag.py:3239} INFO - Sync 1 DAGs
[2025-02-18T05:52:46.378+0000] {logging_mixin.py:190} INFO - [2025-02-18T05:52:46.378+0000] {dag.py:4180} INFO - Setting next_dagrun for example_bash_decorator to None, run_after=None
[2025-02-18T05:52:46.389+0000] {processor.py:208} INFO - Processing /home/airflow/.local/lib/python3.12/site-packages/airflow/example_dags/example_bash_decorator.py took 0.044 seconds
[2025-02-18T05:53:16.462+0000] {processor.py:186} INFO - Started process (PID=10089) to work on /home/airflow/.local/lib/python3.12/site-packages/airflow/example_dags/example_bash_decorator.py
[2025-02-18T05:53:16.462+0000] {processor.py:914} INFO - Processing file /home/airflow/.local/lib/python3.12/site-packages/airflow/example_dags/example_bash_decorator.py for tasks to queue
[2025-02-18T05:53:16.463+0000] {logging_mixin.py:190} INFO - [2025-02-18T05:53:16.463+0000] {dagbag.py:588} INFO - Filling up the DagBag from /home/airflow/.local/lib/python3.12/site-packages/airflow/example_dags/example_bash_decorator.py
[2025-02-18T05:53:16.472+0000] {processor.py:925} INFO - DAG(s) 'example_bash_decorator' retrieved from /home/airflow/.local/lib/python3.12/site-packages/airflow/example_dags/example_bash_decorator.py
[2025-02-18T05:53:16.488+0000] {logging_mixin.py:190} INFO - [2025-02-18T05:53:16.488+0000] {dag.py:3239} INFO - Sync 1 DAGs
[2025-02-18T05:53:16.497+0000] {logging_mixin.py:190} INFO - [2025-02-18T05:53:16.497+0000] {dag.py:4180} INFO - Setting next_dagrun for example_bash_decorator to None, run_after=None
[2025-02-18T05:53:16.507+0000] {processor.py:208} INFO - Processing /home/airflow/.local/lib/python3.12/site-packages/airflow/example_dags/example_bash_decorator.py took 0.048 seconds
[2025-02-18T05:53:46.758+0000] {processor.py:186} INFO - Started process (PID=10153) to work on /home/airflow/.local/lib/python3.12/site-packages/airflow/example_dags/example_bash_decorator.py
[2025-02-18T05:53:46.759+0000] {processor.py:914} INFO - Processing file /home/airflow/.local/lib/python3.12/site-packages/airflow/example_dags/example_bash_decorator.py for tasks to queue
[2025-02-18T05:53:46.760+0000] {logging_mixin.py:190} INFO - [2025-02-18T05:53:46.760+0000] {dagbag.py:588} INFO - Filling up the DagBag from /home/airflow/.local/lib/python3.12/site-packages/airflow/example_dags/example_bash_decorator.py
[2025-02-18T05:53:46.769+0000] {processor.py:925} INFO - DAG(s) 'example_bash_decorator' retrieved from /home/airflow/.local/lib/python3.12/site-packages/airflow/example_dags/example_bash_decorator.py
[2025-02-18T05:53:46.782+0000] {logging_mixin.py:190} INFO - [2025-02-18T05:53:46.782+0000] {dag.py:3239} INFO - Sync 1 DAGs
[2025-02-18T05:53:46.791+0000] {logging_mixin.py:190} INFO - [2025-02-18T05:53:46.791+0000] {dag.py:4180} INFO - Setting next_dagrun for example_bash_decorator to None, run_after=None
[2025-02-18T05:53:46.800+0000] {processor.py:208} INFO - Processing /home/airflow/.local/lib/python3.12/site-packages/airflow/example_dags/example_bash_decorator.py took 0.045 seconds
[2025-02-18T05:54:17.143+0000] {processor.py:186} INFO - Started process (PID=10216) to work on /home/airflow/.local/lib/python3.12/site-packages/airflow/example_dags/example_bash_decorator.py
[2025-02-18T05:54:17.145+0000] {processor.py:914} INFO - Processing file /home/airflow/.local/lib/python3.12/site-packages/airflow/example_dags/example_bash_decorator.py for tasks to queue
[2025-02-18T05:54:17.146+0000] {logging_mixin.py:190} INFO - [2025-02-18T05:54:17.146+0000] {dagbag.py:588} INFO - Filling up the DagBag from /home/airflow/.local/lib/python3.12/site-packages/airflow/example_dags/example_bash_decorator.py
[2025-02-18T05:54:17.155+0000] {processor.py:925} INFO - DAG(s) 'example_bash_decorator' retrieved from /home/airflow/.local/lib/python3.12/site-packages/airflow/example_dags/example_bash_decorator.py
[2025-02-18T05:54:17.173+0000] {logging_mixin.py:190} INFO - [2025-02-18T05:54:17.173+0000] {dag.py:3239} INFO - Sync 1 DAGs
[2025-02-18T05:54:17.182+0000] {logging_mixin.py:190} INFO - [2025-02-18T05:54:17.182+0000] {dag.py:4180} INFO - Setting next_dagrun for example_bash_decorator to None, run_after=None
[2025-02-18T05:54:17.195+0000] {processor.py:208} INFO - Processing /home/airflow/.local/lib/python3.12/site-packages/airflow/example_dags/example_bash_decorator.py took 0.058 seconds
[2025-02-18T05:54:47.508+0000] {processor.py:186} INFO - Started process (PID=10280) to work on /home/airflow/.local/lib/python3.12/site-packages/airflow/example_dags/example_bash_decorator.py
[2025-02-18T05:54:47.510+0000] {processor.py:914} INFO - Processing file /home/airflow/.local/lib/python3.12/site-packages/airflow/example_dags/example_bash_decorator.py for tasks to queue
[2025-02-18T05:54:47.511+0000] {logging_mixin.py:190} INFO - [2025-02-18T05:54:47.510+0000] {dagbag.py:588} INFO - Filling up the DagBag from /home/airflow/.local/lib/python3.12/site-packages/airflow/example_dags/example_bash_decorator.py
[2025-02-18T05:54:47.519+0000] {processor.py:925} INFO - DAG(s) 'example_bash_decorator' retrieved from /home/airflow/.local/lib/python3.12/site-packages/airflow/example_dags/example_bash_decorator.py
[2025-02-18T05:54:47.532+0000] {logging_mixin.py:190} INFO - [2025-02-18T05:54:47.532+0000] {dag.py:3239} INFO - Sync 1 DAGs
[2025-02-18T05:54:47.541+0000] {logging_mixin.py:190} INFO - [2025-02-18T05:54:47.541+0000] {dag.py:4180} INFO - Setting next_dagrun for example_bash_decorator to None, run_after=None
[2025-02-18T05:54:47.552+0000] {processor.py:208} INFO - Processing /home/airflow/.local/lib/python3.12/site-packages/airflow/example_dags/example_bash_decorator.py took 0.048 seconds
[2025-02-18T05:55:17.787+0000] {processor.py:186} INFO - Started process (PID=10344) to work on /home/airflow/.local/lib/python3.12/site-packages/airflow/example_dags/example_bash_decorator.py
[2025-02-18T05:55:17.788+0000] {processor.py:914} INFO - Processing file /home/airflow/.local/lib/python3.12/site-packages/airflow/example_dags/example_bash_decorator.py for tasks to queue
[2025-02-18T05:55:17.789+0000] {logging_mixin.py:190} INFO - [2025-02-18T05:55:17.789+0000] {dagbag.py:588} INFO - Filling up the DagBag from /home/airflow/.local/lib/python3.12/site-packages/airflow/example_dags/example_bash_decorator.py
[2025-02-18T05:55:17.796+0000] {processor.py:925} INFO - DAG(s) 'example_bash_decorator' retrieved from /home/airflow/.local/lib/python3.12/site-packages/airflow/example_dags/example_bash_decorator.py
[2025-02-18T05:55:17.809+0000] {logging_mixin.py:190} INFO - [2025-02-18T05:55:17.809+0000] {dag.py:3239} INFO - Sync 1 DAGs
[2025-02-18T05:55:17.817+0000] {logging_mixin.py:190} INFO - [2025-02-18T05:55:17.817+0000] {dag.py:4180} INFO - Setting next_dagrun for example_bash_decorator to None, run_after=None
[2025-02-18T05:55:17.827+0000] {processor.py:208} INFO - Processing /home/airflow/.local/lib/python3.12/site-packages/airflow/example_dags/example_bash_decorator.py took 0.044 seconds
[2025-02-18T05:55:48.091+0000] {processor.py:186} INFO - Started process (PID=10408) to work on /home/airflow/.local/lib/python3.12/site-packages/airflow/example_dags/example_bash_decorator.py
[2025-02-18T05:55:48.093+0000] {processor.py:914} INFO - Processing file /home/airflow/.local/lib/python3.12/site-packages/airflow/example_dags/example_bash_decorator.py for tasks to queue
[2025-02-18T05:55:48.094+0000] {logging_mixin.py:190} INFO - [2025-02-18T05:55:48.094+0000] {dagbag.py:588} INFO - Filling up the DagBag from /home/airflow/.local/lib/python3.12/site-packages/airflow/example_dags/example_bash_decorator.py
[2025-02-18T05:55:48.102+0000] {processor.py:925} INFO - DAG(s) 'example_bash_decorator' retrieved from /home/airflow/.local/lib/python3.12/site-packages/airflow/example_dags/example_bash_decorator.py
[2025-02-18T05:55:48.118+0000] {logging_mixin.py:190} INFO - [2025-02-18T05:55:48.117+0000] {dag.py:3239} INFO - Sync 1 DAGs
[2025-02-18T05:55:48.127+0000] {logging_mixin.py:190} INFO - [2025-02-18T05:55:48.127+0000] {dag.py:4180} INFO - Setting next_dagrun for example_bash_decorator to None, run_after=None
[2025-02-18T05:55:48.139+0000] {processor.py:208} INFO - Processing /home/airflow/.local/lib/python3.12/site-packages/airflow/example_dags/example_bash_decorator.py took 0.052 seconds
[2025-02-18T10:40:10.608+0000] {processor.py:186} INFO - Started process (PID=50) to work on /home/airflow/.local/lib/python3.12/site-packages/airflow/example_dags/example_bash_decorator.py
[2025-02-18T10:40:10.609+0000] {processor.py:914} INFO - Processing file /home/airflow/.local/lib/python3.12/site-packages/airflow/example_dags/example_bash_decorator.py for tasks to queue
[2025-02-18T10:40:10.612+0000] {logging_mixin.py:190} INFO - [2025-02-18T10:40:10.612+0000] {dagbag.py:588} INFO - Filling up the DagBag from /home/airflow/.local/lib/python3.12/site-packages/airflow/example_dags/example_bash_decorator.py
[2025-02-18T10:40:10.624+0000] {processor.py:925} INFO - DAG(s) 'example_bash_decorator' retrieved from /home/airflow/.local/lib/python3.12/site-packages/airflow/example_dags/example_bash_decorator.py
[2025-02-18T10:40:10.705+0000] {logging_mixin.py:190} INFO - [2025-02-18T10:40:10.705+0000] {dag.py:3239} INFO - Sync 1 DAGs
[2025-02-18T10:40:10.714+0000] {logging_mixin.py:190} INFO - [2025-02-18T10:40:10.714+0000] {dag.py:4180} INFO - Setting next_dagrun for example_bash_decorator to None, run_after=None
[2025-02-18T10:40:10.735+0000] {processor.py:208} INFO - Processing /home/airflow/.local/lib/python3.12/site-packages/airflow/example_dags/example_bash_decorator.py took 0.133 seconds
[2025-02-18T10:47:00.715+0000] {processor.py:186} INFO - Started process (PID=58) to work on /home/airflow/.local/lib/python3.12/site-packages/airflow/example_dags/example_bash_decorator.py
[2025-02-18T10:47:00.716+0000] {processor.py:914} INFO - Processing file /home/airflow/.local/lib/python3.12/site-packages/airflow/example_dags/example_bash_decorator.py for tasks to queue
[2025-02-18T10:47:00.720+0000] {logging_mixin.py:190} INFO - [2025-02-18T10:47:00.719+0000] {dagbag.py:588} INFO - Filling up the DagBag from /home/airflow/.local/lib/python3.12/site-packages/airflow/example_dags/example_bash_decorator.py
[2025-02-18T10:47:00.739+0000] {processor.py:925} INFO - DAG(s) 'example_bash_decorator' retrieved from /home/airflow/.local/lib/python3.12/site-packages/airflow/example_dags/example_bash_decorator.py
[2025-02-18T10:47:00.832+0000] {logging_mixin.py:190} INFO - [2025-02-18T10:47:00.832+0000] {dag.py:3239} INFO - Sync 1 DAGs
[2025-02-18T10:47:00.842+0000] {logging_mixin.py:190} INFO - [2025-02-18T10:47:00.842+0000] {dag.py:4180} INFO - Setting next_dagrun for example_bash_decorator to None, run_after=None
[2025-02-18T10:47:00.870+0000] {processor.py:208} INFO - Processing /home/airflow/.local/lib/python3.12/site-packages/airflow/example_dags/example_bash_decorator.py took 0.160 seconds
[2025-02-18T10:47:31.034+0000] {processor.py:186} INFO - Started process (PID=123) to work on /home/airflow/.local/lib/python3.12/site-packages/airflow/example_dags/example_bash_decorator.py
[2025-02-18T10:47:31.035+0000] {processor.py:914} INFO - Processing file /home/airflow/.local/lib/python3.12/site-packages/airflow/example_dags/example_bash_decorator.py for tasks to queue
[2025-02-18T10:47:31.037+0000] {logging_mixin.py:190} INFO - [2025-02-18T10:47:31.036+0000] {dagbag.py:588} INFO - Filling up the DagBag from /home/airflow/.local/lib/python3.12/site-packages/airflow/example_dags/example_bash_decorator.py
[2025-02-18T10:47:31.045+0000] {processor.py:925} INFO - DAG(s) 'example_bash_decorator' retrieved from /home/airflow/.local/lib/python3.12/site-packages/airflow/example_dags/example_bash_decorator.py
[2025-02-18T10:47:31.064+0000] {logging_mixin.py:190} INFO - [2025-02-18T10:47:31.064+0000] {dag.py:3239} INFO - Sync 1 DAGs
[2025-02-18T10:47:31.073+0000] {logging_mixin.py:190} INFO - [2025-02-18T10:47:31.073+0000] {dag.py:4180} INFO - Setting next_dagrun for example_bash_decorator to None, run_after=None
[2025-02-18T10:47:31.084+0000] {processor.py:208} INFO - Processing /home/airflow/.local/lib/python3.12/site-packages/airflow/example_dags/example_bash_decorator.py took 0.053 seconds
