[2025-02-18T01:09:48.349+0000] {processor.py:186} INFO - Started process (PID=8231) to work on /home/airflow/.local/lib/python3.12/site-packages/airflow/example_dags/example_branch_operator.py
[2025-02-18T01:09:48.351+0000] {processor.py:914} INFO - Processing file /home/airflow/.local/lib/python3.12/site-packages/airflow/example_dags/example_branch_operator.py for tasks to queue
[2025-02-18T01:09:48.353+0000] {logging_mixin.py:190} INFO - [2025-02-18T01:09:48.353+0000] {dagbag.py:588} INFO - Filling up the DagBag from /home/airflow/.local/lib/python3.12/site-packages/airflow/example_dags/example_branch_operator.py
[2025-02-18T01:09:48.366+0000] {processor.py:925} INFO - DAG(s) 'example_branch_operator' retrieved from /home/airflow/.local/lib/python3.12/site-packages/airflow/example_dags/example_branch_operator.py
[2025-02-18T01:09:48.387+0000] {logging_mixin.py:190} INFO - [2025-02-18T01:09:48.387+0000] {dag.py:3239} INFO - Sync 1 DAGs
[2025-02-18T01:09:48.412+0000] {logging_mixin.py:190} INFO - [2025-02-18T01:09:48.411+0000] {dag.py:4180} INFO - Setting next_dagrun for example_branch_operator to 2025-02-17 00:00:00+00:00, run_after=2025-02-18 00:00:00+00:00
[2025-02-18T01:09:48.427+0000] {processor.py:208} INFO - Processing /home/airflow/.local/lib/python3.12/site-packages/airflow/example_dags/example_branch_operator.py took 0.084 seconds
[2025-02-18T01:44:58.597+0000] {processor.py:186} INFO - Started process (PID=8295) to work on /home/airflow/.local/lib/python3.12/site-packages/airflow/example_dags/example_branch_operator.py
[2025-02-18T01:44:58.598+0000] {processor.py:914} INFO - Processing file /home/airflow/.local/lib/python3.12/site-packages/airflow/example_dags/example_branch_operator.py for tasks to queue
[2025-02-18T01:44:58.599+0000] {logging_mixin.py:190} INFO - [2025-02-18T01:44:58.599+0000] {dagbag.py:588} INFO - Filling up the DagBag from /home/airflow/.local/lib/python3.12/site-packages/airflow/example_dags/example_branch_operator.py
[2025-02-18T01:44:58.608+0000] {processor.py:925} INFO - DAG(s) 'example_branch_operator' retrieved from /home/airflow/.local/lib/python3.12/site-packages/airflow/example_dags/example_branch_operator.py
[2025-02-18T01:44:58.636+0000] {logging_mixin.py:190} INFO - [2025-02-18T01:44:58.636+0000] {dag.py:3239} INFO - Sync 1 DAGs
[2025-02-18T01:44:58.653+0000] {logging_mixin.py:190} INFO - [2025-02-18T01:44:58.652+0000] {dag.py:4180} INFO - Setting next_dagrun for example_branch_operator to 2025-02-17 00:00:00+00:00, run_after=2025-02-18 00:00:00+00:00
[2025-02-18T01:44:58.664+0000] {processor.py:208} INFO - Processing /home/airflow/.local/lib/python3.12/site-packages/airflow/example_dags/example_branch_operator.py took 0.070 seconds
[2025-02-18T02:31:36.131+0000] {processor.py:186} INFO - Started process (PID=8359) to work on /home/airflow/.local/lib/python3.12/site-packages/airflow/example_dags/example_branch_operator.py
[2025-02-18T02:31:36.132+0000] {processor.py:914} INFO - Processing file /home/airflow/.local/lib/python3.12/site-packages/airflow/example_dags/example_branch_operator.py for tasks to queue
[2025-02-18T02:31:36.134+0000] {logging_mixin.py:190} INFO - [2025-02-18T02:31:36.134+0000] {dagbag.py:588} INFO - Filling up the DagBag from /home/airflow/.local/lib/python3.12/site-packages/airflow/example_dags/example_branch_operator.py
[2025-02-18T02:31:36.144+0000] {processor.py:925} INFO - DAG(s) 'example_branch_operator' retrieved from /home/airflow/.local/lib/python3.12/site-packages/airflow/example_dags/example_branch_operator.py
[2025-02-18T02:31:36.162+0000] {logging_mixin.py:190} INFO - [2025-02-18T02:31:36.162+0000] {dag.py:3239} INFO - Sync 1 DAGs
[2025-02-18T02:31:36.177+0000] {logging_mixin.py:190} INFO - [2025-02-18T02:31:36.177+0000] {dag.py:4180} INFO - Setting next_dagrun for example_branch_operator to 2025-02-17 00:00:00+00:00, run_after=2025-02-18 00:00:00+00:00
[2025-02-18T02:31:36.192+0000] {processor.py:208} INFO - Processing /home/airflow/.local/lib/python3.12/site-packages/airflow/example_dags/example_branch_operator.py took 0.077 seconds
[2025-02-18T02:54:39.591+0000] {processor.py:186} INFO - Started process (PID=8423) to work on /home/airflow/.local/lib/python3.12/site-packages/airflow/example_dags/example_branch_operator.py
[2025-02-18T02:54:39.592+0000] {processor.py:914} INFO - Processing file /home/airflow/.local/lib/python3.12/site-packages/airflow/example_dags/example_branch_operator.py for tasks to queue
[2025-02-18T02:54:39.593+0000] {logging_mixin.py:190} INFO - [2025-02-18T02:54:39.593+0000] {dagbag.py:588} INFO - Filling up the DagBag from /home/airflow/.local/lib/python3.12/site-packages/airflow/example_dags/example_branch_operator.py
[2025-02-18T02:54:39.605+0000] {processor.py:925} INFO - DAG(s) 'example_branch_operator' retrieved from /home/airflow/.local/lib/python3.12/site-packages/airflow/example_dags/example_branch_operator.py
[2025-02-18T02:54:39.624+0000] {logging_mixin.py:190} INFO - [2025-02-18T02:54:39.624+0000] {dag.py:3239} INFO - Sync 1 DAGs
[2025-02-18T02:54:39.641+0000] {logging_mixin.py:190} INFO - [2025-02-18T02:54:39.641+0000] {dag.py:4180} INFO - Setting next_dagrun for example_branch_operator to 2025-02-17 00:00:00+00:00, run_after=2025-02-18 00:00:00+00:00
[2025-02-18T02:54:39.661+0000] {processor.py:208} INFO - Processing /home/airflow/.local/lib/python3.12/site-packages/airflow/example_dags/example_branch_operator.py took 0.074 seconds
[2025-02-18T03:12:49.422+0000] {processor.py:186} INFO - Started process (PID=8487) to work on /home/airflow/.local/lib/python3.12/site-packages/airflow/example_dags/example_branch_operator.py
[2025-02-18T03:12:49.423+0000] {processor.py:914} INFO - Processing file /home/airflow/.local/lib/python3.12/site-packages/airflow/example_dags/example_branch_operator.py for tasks to queue
[2025-02-18T03:12:49.424+0000] {logging_mixin.py:190} INFO - [2025-02-18T03:12:49.424+0000] {dagbag.py:588} INFO - Filling up the DagBag from /home/airflow/.local/lib/python3.12/site-packages/airflow/example_dags/example_branch_operator.py
[2025-02-18T03:12:49.436+0000] {processor.py:925} INFO - DAG(s) 'example_branch_operator' retrieved from /home/airflow/.local/lib/python3.12/site-packages/airflow/example_dags/example_branch_operator.py
[2025-02-18T03:12:49.459+0000] {logging_mixin.py:190} INFO - [2025-02-18T03:12:49.459+0000] {dag.py:3239} INFO - Sync 1 DAGs
[2025-02-18T03:12:49.474+0000] {logging_mixin.py:190} INFO - [2025-02-18T03:12:49.473+0000] {dag.py:4180} INFO - Setting next_dagrun for example_branch_operator to 2025-02-17 00:00:00+00:00, run_after=2025-02-18 00:00:00+00:00
[2025-02-18T03:12:49.487+0000] {processor.py:208} INFO - Processing /home/airflow/.local/lib/python3.12/site-packages/airflow/example_dags/example_branch_operator.py took 0.068 seconds
[2025-02-18T04:35:28.509+0000] {processor.py:186} INFO - Started process (PID=8551) to work on /home/airflow/.local/lib/python3.12/site-packages/airflow/example_dags/example_branch_operator.py
[2025-02-18T04:35:28.510+0000] {processor.py:914} INFO - Processing file /home/airflow/.local/lib/python3.12/site-packages/airflow/example_dags/example_branch_operator.py for tasks to queue
[2025-02-18T04:35:28.512+0000] {logging_mixin.py:190} INFO - [2025-02-18T04:35:28.512+0000] {dagbag.py:588} INFO - Filling up the DagBag from /home/airflow/.local/lib/python3.12/site-packages/airflow/example_dags/example_branch_operator.py
[2025-02-18T04:35:28.523+0000] {processor.py:925} INFO - DAG(s) 'example_branch_operator' retrieved from /home/airflow/.local/lib/python3.12/site-packages/airflow/example_dags/example_branch_operator.py
[2025-02-18T04:35:28.541+0000] {logging_mixin.py:190} INFO - [2025-02-18T04:35:28.541+0000] {dag.py:3239} INFO - Sync 1 DAGs
[2025-02-18T04:35:28.555+0000] {logging_mixin.py:190} INFO - [2025-02-18T04:35:28.555+0000] {dag.py:4180} INFO - Setting next_dagrun for example_branch_operator to 2025-02-17 00:00:00+00:00, run_after=2025-02-18 00:00:00+00:00
[2025-02-18T04:35:28.570+0000] {processor.py:208} INFO - Processing /home/airflow/.local/lib/python3.12/site-packages/airflow/example_dags/example_branch_operator.py took 0.064 seconds
[2025-02-18T04:55:47.873+0000] {processor.py:186} INFO - Started process (PID=8615) to work on /home/airflow/.local/lib/python3.12/site-packages/airflow/example_dags/example_branch_operator.py
[2025-02-18T04:55:47.877+0000] {processor.py:914} INFO - Processing file /home/airflow/.local/lib/python3.12/site-packages/airflow/example_dags/example_branch_operator.py for tasks to queue
[2025-02-18T04:55:47.878+0000] {logging_mixin.py:190} INFO - [2025-02-18T04:55:47.878+0000] {dagbag.py:588} INFO - Filling up the DagBag from /home/airflow/.local/lib/python3.12/site-packages/airflow/example_dags/example_branch_operator.py
[2025-02-18T04:55:47.891+0000] {processor.py:925} INFO - DAG(s) 'example_branch_operator' retrieved from /home/airflow/.local/lib/python3.12/site-packages/airflow/example_dags/example_branch_operator.py
[2025-02-18T04:55:47.911+0000] {logging_mixin.py:190} INFO - [2025-02-18T04:55:47.911+0000] {dag.py:3239} INFO - Sync 1 DAGs
[2025-02-18T04:55:47.926+0000] {logging_mixin.py:190} INFO - [2025-02-18T04:55:47.926+0000] {dag.py:4180} INFO - Setting next_dagrun for example_branch_operator to 2025-02-17 00:00:00+00:00, run_after=2025-02-18 00:00:00+00:00
[2025-02-18T04:55:47.943+0000] {processor.py:208} INFO - Processing /home/airflow/.local/lib/python3.12/site-packages/airflow/example_dags/example_branch_operator.py took 0.074 seconds
[2025-02-18T05:42:06.880+0000] {processor.py:186} INFO - Started process (PID=8679) to work on /home/airflow/.local/lib/python3.12/site-packages/airflow/example_dags/example_branch_operator.py
[2025-02-18T05:42:06.881+0000] {processor.py:914} INFO - Processing file /home/airflow/.local/lib/python3.12/site-packages/airflow/example_dags/example_branch_operator.py for tasks to queue
[2025-02-18T05:42:06.882+0000] {logging_mixin.py:190} INFO - [2025-02-18T05:42:06.881+0000] {dagbag.py:588} INFO - Filling up the DagBag from /home/airflow/.local/lib/python3.12/site-packages/airflow/example_dags/example_branch_operator.py
[2025-02-18T05:42:06.892+0000] {processor.py:925} INFO - DAG(s) 'example_branch_operator' retrieved from /home/airflow/.local/lib/python3.12/site-packages/airflow/example_dags/example_branch_operator.py
[2025-02-18T05:42:06.910+0000] {logging_mixin.py:190} INFO - [2025-02-18T05:42:06.910+0000] {dag.py:3239} INFO - Sync 1 DAGs
[2025-02-18T05:42:06.927+0000] {logging_mixin.py:190} INFO - [2025-02-18T05:42:06.927+0000] {dag.py:4180} INFO - Setting next_dagrun for example_branch_operator to 2025-02-17 00:00:00+00:00, run_after=2025-02-18 00:00:00+00:00
[2025-02-18T05:42:06.941+0000] {processor.py:208} INFO - Processing /home/airflow/.local/lib/python3.12/site-packages/airflow/example_dags/example_branch_operator.py took 0.064 seconds
[2025-02-18T05:42:37.396+0000] {processor.py:186} INFO - Started process (PID=8743) to work on /home/airflow/.local/lib/python3.12/site-packages/airflow/example_dags/example_branch_operator.py
[2025-02-18T05:42:37.398+0000] {processor.py:914} INFO - Processing file /home/airflow/.local/lib/python3.12/site-packages/airflow/example_dags/example_branch_operator.py for tasks to queue
[2025-02-18T05:42:37.400+0000] {logging_mixin.py:190} INFO - [2025-02-18T05:42:37.400+0000] {dagbag.py:588} INFO - Filling up the DagBag from /home/airflow/.local/lib/python3.12/site-packages/airflow/example_dags/example_branch_operator.py
[2025-02-18T05:42:37.413+0000] {processor.py:925} INFO - DAG(s) 'example_branch_operator' retrieved from /home/airflow/.local/lib/python3.12/site-packages/airflow/example_dags/example_branch_operator.py
[2025-02-18T05:42:37.435+0000] {logging_mixin.py:190} INFO - [2025-02-18T05:42:37.434+0000] {dag.py:3239} INFO - Sync 1 DAGs
[2025-02-18T05:42:37.450+0000] {logging_mixin.py:190} INFO - [2025-02-18T05:42:37.449+0000] {dag.py:4180} INFO - Setting next_dagrun for example_branch_operator to 2025-02-17 00:00:00+00:00, run_after=2025-02-18 00:00:00+00:00
[2025-02-18T05:42:37.463+0000] {processor.py:208} INFO - Processing /home/airflow/.local/lib/python3.12/site-packages/airflow/example_dags/example_branch_operator.py took 0.081 seconds
[2025-02-18T05:43:07.738+0000] {processor.py:186} INFO - Started process (PID=8807) to work on /home/airflow/.local/lib/python3.12/site-packages/airflow/example_dags/example_branch_operator.py
[2025-02-18T05:43:07.738+0000] {processor.py:914} INFO - Processing file /home/airflow/.local/lib/python3.12/site-packages/airflow/example_dags/example_branch_operator.py for tasks to queue
[2025-02-18T05:43:07.739+0000] {logging_mixin.py:190} INFO - [2025-02-18T05:43:07.739+0000] {dagbag.py:588} INFO - Filling up the DagBag from /home/airflow/.local/lib/python3.12/site-packages/airflow/example_dags/example_branch_operator.py
[2025-02-18T05:43:07.749+0000] {processor.py:925} INFO - DAG(s) 'example_branch_operator' retrieved from /home/airflow/.local/lib/python3.12/site-packages/airflow/example_dags/example_branch_operator.py
[2025-02-18T05:43:07.773+0000] {logging_mixin.py:190} INFO - [2025-02-18T05:43:07.773+0000] {dag.py:3239} INFO - Sync 1 DAGs
[2025-02-18T05:43:07.787+0000] {logging_mixin.py:190} INFO - [2025-02-18T05:43:07.787+0000] {dag.py:4180} INFO - Setting next_dagrun for example_branch_operator to 2025-02-17 00:00:00+00:00, run_after=2025-02-18 00:00:00+00:00
[2025-02-18T05:43:07.802+0000] {processor.py:208} INFO - Processing /home/airflow/.local/lib/python3.12/site-packages/airflow/example_dags/example_branch_operator.py took 0.068 seconds
[2025-02-18T05:43:37.973+0000] {processor.py:186} INFO - Started process (PID=8871) to work on /home/airflow/.local/lib/python3.12/site-packages/airflow/example_dags/example_branch_operator.py
[2025-02-18T05:43:37.974+0000] {processor.py:914} INFO - Processing file /home/airflow/.local/lib/python3.12/site-packages/airflow/example_dags/example_branch_operator.py for tasks to queue
[2025-02-18T05:43:37.974+0000] {logging_mixin.py:190} INFO - [2025-02-18T05:43:37.974+0000] {dagbag.py:588} INFO - Filling up the DagBag from /home/airflow/.local/lib/python3.12/site-packages/airflow/example_dags/example_branch_operator.py
[2025-02-18T05:43:37.984+0000] {processor.py:925} INFO - DAG(s) 'example_branch_operator' retrieved from /home/airflow/.local/lib/python3.12/site-packages/airflow/example_dags/example_branch_operator.py
[2025-02-18T05:43:38.003+0000] {logging_mixin.py:190} INFO - [2025-02-18T05:43:38.003+0000] {dag.py:3239} INFO - Sync 1 DAGs
[2025-02-18T05:43:38.016+0000] {logging_mixin.py:190} INFO - [2025-02-18T05:43:38.015+0000] {dag.py:4180} INFO - Setting next_dagrun for example_branch_operator to 2025-02-17 00:00:00+00:00, run_after=2025-02-18 00:00:00+00:00
[2025-02-18T05:43:38.028+0000] {processor.py:208} INFO - Processing /home/airflow/.local/lib/python3.12/site-packages/airflow/example_dags/example_branch_operator.py took 0.058 seconds
[2025-02-18T05:44:08.448+0000] {processor.py:186} INFO - Started process (PID=8935) to work on /home/airflow/.local/lib/python3.12/site-packages/airflow/example_dags/example_branch_operator.py
[2025-02-18T05:44:08.450+0000] {processor.py:914} INFO - Processing file /home/airflow/.local/lib/python3.12/site-packages/airflow/example_dags/example_branch_operator.py for tasks to queue
[2025-02-18T05:44:08.451+0000] {logging_mixin.py:190} INFO - [2025-02-18T05:44:08.451+0000] {dagbag.py:588} INFO - Filling up the DagBag from /home/airflow/.local/lib/python3.12/site-packages/airflow/example_dags/example_branch_operator.py
[2025-02-18T05:44:08.465+0000] {processor.py:925} INFO - DAG(s) 'example_branch_operator' retrieved from /home/airflow/.local/lib/python3.12/site-packages/airflow/example_dags/example_branch_operator.py
[2025-02-18T05:44:08.489+0000] {logging_mixin.py:190} INFO - [2025-02-18T05:44:08.488+0000] {dag.py:3239} INFO - Sync 1 DAGs
[2025-02-18T05:44:08.504+0000] {logging_mixin.py:190} INFO - [2025-02-18T05:44:08.504+0000] {dag.py:4180} INFO - Setting next_dagrun for example_branch_operator to 2025-02-17 00:00:00+00:00, run_after=2025-02-18 00:00:00+00:00
[2025-02-18T05:44:08.516+0000] {processor.py:208} INFO - Processing /home/airflow/.local/lib/python3.12/site-packages/airflow/example_dags/example_branch_operator.py took 0.074 seconds
[2025-02-18T05:44:39.108+0000] {processor.py:186} INFO - Started process (PID=8999) to work on /home/airflow/.local/lib/python3.12/site-packages/airflow/example_dags/example_branch_operator.py
[2025-02-18T05:44:39.109+0000] {processor.py:914} INFO - Processing file /home/airflow/.local/lib/python3.12/site-packages/airflow/example_dags/example_branch_operator.py for tasks to queue
[2025-02-18T05:44:39.110+0000] {logging_mixin.py:190} INFO - [2025-02-18T05:44:39.109+0000] {dagbag.py:588} INFO - Filling up the DagBag from /home/airflow/.local/lib/python3.12/site-packages/airflow/example_dags/example_branch_operator.py
[2025-02-18T05:44:39.126+0000] {processor.py:925} INFO - DAG(s) 'example_branch_operator' retrieved from /home/airflow/.local/lib/python3.12/site-packages/airflow/example_dags/example_branch_operator.py
[2025-02-18T05:44:39.147+0000] {logging_mixin.py:190} INFO - [2025-02-18T05:44:39.146+0000] {dag.py:3239} INFO - Sync 1 DAGs
[2025-02-18T05:44:39.165+0000] {logging_mixin.py:190} INFO - [2025-02-18T05:44:39.165+0000] {dag.py:4180} INFO - Setting next_dagrun for example_branch_operator to 2025-02-17 00:00:00+00:00, run_after=2025-02-18 00:00:00+00:00
[2025-02-18T05:44:39.179+0000] {processor.py:208} INFO - Processing /home/airflow/.local/lib/python3.12/site-packages/airflow/example_dags/example_branch_operator.py took 0.075 seconds
[2025-02-18T05:45:10.064+0000] {processor.py:186} INFO - Started process (PID=9063) to work on /home/airflow/.local/lib/python3.12/site-packages/airflow/example_dags/example_branch_operator.py
[2025-02-18T05:45:10.065+0000] {processor.py:914} INFO - Processing file /home/airflow/.local/lib/python3.12/site-packages/airflow/example_dags/example_branch_operator.py for tasks to queue
[2025-02-18T05:45:10.067+0000] {logging_mixin.py:190} INFO - [2025-02-18T05:45:10.067+0000] {dagbag.py:588} INFO - Filling up the DagBag from /home/airflow/.local/lib/python3.12/site-packages/airflow/example_dags/example_branch_operator.py
[2025-02-18T05:45:10.078+0000] {processor.py:925} INFO - DAG(s) 'example_branch_operator' retrieved from /home/airflow/.local/lib/python3.12/site-packages/airflow/example_dags/example_branch_operator.py
[2025-02-18T05:45:10.104+0000] {logging_mixin.py:190} INFO - [2025-02-18T05:45:10.104+0000] {dag.py:3239} INFO - Sync 1 DAGs
[2025-02-18T05:45:10.119+0000] {logging_mixin.py:190} INFO - [2025-02-18T05:45:10.119+0000] {dag.py:4180} INFO - Setting next_dagrun for example_branch_operator to 2025-02-17 00:00:00+00:00, run_after=2025-02-18 00:00:00+00:00
[2025-02-18T05:45:10.130+0000] {processor.py:208} INFO - Processing /home/airflow/.local/lib/python3.12/site-packages/airflow/example_dags/example_branch_operator.py took 0.069 seconds
[2025-02-18T05:45:40.414+0000] {processor.py:186} INFO - Started process (PID=9127) to work on /home/airflow/.local/lib/python3.12/site-packages/airflow/example_dags/example_branch_operator.py
[2025-02-18T05:45:40.415+0000] {processor.py:914} INFO - Processing file /home/airflow/.local/lib/python3.12/site-packages/airflow/example_dags/example_branch_operator.py for tasks to queue
[2025-02-18T05:45:40.416+0000] {logging_mixin.py:190} INFO - [2025-02-18T05:45:40.416+0000] {dagbag.py:588} INFO - Filling up the DagBag from /home/airflow/.local/lib/python3.12/site-packages/airflow/example_dags/example_branch_operator.py
[2025-02-18T05:45:40.428+0000] {processor.py:925} INFO - DAG(s) 'example_branch_operator' retrieved from /home/airflow/.local/lib/python3.12/site-packages/airflow/example_dags/example_branch_operator.py
[2025-02-18T05:45:40.452+0000] {logging_mixin.py:190} INFO - [2025-02-18T05:45:40.452+0000] {dag.py:3239} INFO - Sync 1 DAGs
[2025-02-18T05:45:40.464+0000] {logging_mixin.py:190} INFO - [2025-02-18T05:45:40.464+0000] {dag.py:4180} INFO - Setting next_dagrun for example_branch_operator to 2025-02-17 00:00:00+00:00, run_after=2025-02-18 00:00:00+00:00
[2025-02-18T05:45:40.475+0000] {processor.py:208} INFO - Processing /home/airflow/.local/lib/python3.12/site-packages/airflow/example_dags/example_branch_operator.py took 0.064 seconds
[2025-02-18T05:46:11.555+0000] {processor.py:186} INFO - Started process (PID=9191) to work on /home/airflow/.local/lib/python3.12/site-packages/airflow/example_dags/example_branch_operator.py
[2025-02-18T05:46:11.556+0000] {processor.py:914} INFO - Processing file /home/airflow/.local/lib/python3.12/site-packages/airflow/example_dags/example_branch_operator.py for tasks to queue
[2025-02-18T05:46:11.557+0000] {logging_mixin.py:190} INFO - [2025-02-18T05:46:11.557+0000] {dagbag.py:588} INFO - Filling up the DagBag from /home/airflow/.local/lib/python3.12/site-packages/airflow/example_dags/example_branch_operator.py
[2025-02-18T05:46:11.567+0000] {processor.py:925} INFO - DAG(s) 'example_branch_operator' retrieved from /home/airflow/.local/lib/python3.12/site-packages/airflow/example_dags/example_branch_operator.py
[2025-02-18T05:46:11.586+0000] {logging_mixin.py:190} INFO - [2025-02-18T05:46:11.585+0000] {dag.py:3239} INFO - Sync 1 DAGs
[2025-02-18T05:46:11.600+0000] {logging_mixin.py:190} INFO - [2025-02-18T05:46:11.600+0000] {dag.py:4180} INFO - Setting next_dagrun for example_branch_operator to 2025-02-17 00:00:00+00:00, run_after=2025-02-18 00:00:00+00:00
[2025-02-18T05:46:11.614+0000] {processor.py:208} INFO - Processing /home/airflow/.local/lib/python3.12/site-packages/airflow/example_dags/example_branch_operator.py took 0.063 seconds
[2025-02-18T05:46:41.887+0000] {processor.py:186} INFO - Started process (PID=9255) to work on /home/airflow/.local/lib/python3.12/site-packages/airflow/example_dags/example_branch_operator.py
[2025-02-18T05:46:41.888+0000] {processor.py:914} INFO - Processing file /home/airflow/.local/lib/python3.12/site-packages/airflow/example_dags/example_branch_operator.py for tasks to queue
[2025-02-18T05:46:41.889+0000] {logging_mixin.py:190} INFO - [2025-02-18T05:46:41.888+0000] {dagbag.py:588} INFO - Filling up the DagBag from /home/airflow/.local/lib/python3.12/site-packages/airflow/example_dags/example_branch_operator.py
[2025-02-18T05:46:41.898+0000] {processor.py:925} INFO - DAG(s) 'example_branch_operator' retrieved from /home/airflow/.local/lib/python3.12/site-packages/airflow/example_dags/example_branch_operator.py
[2025-02-18T05:46:41.913+0000] {logging_mixin.py:190} INFO - [2025-02-18T05:46:41.913+0000] {dag.py:3239} INFO - Sync 1 DAGs
[2025-02-18T05:46:41.926+0000] {logging_mixin.py:190} INFO - [2025-02-18T05:46:41.926+0000] {dag.py:4180} INFO - Setting next_dagrun for example_branch_operator to 2025-02-17 00:00:00+00:00, run_after=2025-02-18 00:00:00+00:00
[2025-02-18T05:46:41.939+0000] {processor.py:208} INFO - Processing /home/airflow/.local/lib/python3.12/site-packages/airflow/example_dags/example_branch_operator.py took 0.056 seconds
[2025-02-18T05:47:12.455+0000] {processor.py:186} INFO - Started process (PID=9319) to work on /home/airflow/.local/lib/python3.12/site-packages/airflow/example_dags/example_branch_operator.py
[2025-02-18T05:47:12.456+0000] {processor.py:914} INFO - Processing file /home/airflow/.local/lib/python3.12/site-packages/airflow/example_dags/example_branch_operator.py for tasks to queue
[2025-02-18T05:47:12.458+0000] {logging_mixin.py:190} INFO - [2025-02-18T05:47:12.458+0000] {dagbag.py:588} INFO - Filling up the DagBag from /home/airflow/.local/lib/python3.12/site-packages/airflow/example_dags/example_branch_operator.py
[2025-02-18T05:47:12.476+0000] {processor.py:925} INFO - DAG(s) 'example_branch_operator' retrieved from /home/airflow/.local/lib/python3.12/site-packages/airflow/example_dags/example_branch_operator.py
[2025-02-18T05:47:12.492+0000] {logging_mixin.py:190} INFO - [2025-02-18T05:47:12.492+0000] {dag.py:3239} INFO - Sync 1 DAGs
[2025-02-18T05:47:12.506+0000] {logging_mixin.py:190} INFO - [2025-02-18T05:47:12.506+0000] {dag.py:4180} INFO - Setting next_dagrun for example_branch_operator to 2025-02-17 00:00:00+00:00, run_after=2025-02-18 00:00:00+00:00
[2025-02-18T05:47:12.523+0000] {processor.py:208} INFO - Processing /home/airflow/.local/lib/python3.12/site-packages/airflow/example_dags/example_branch_operator.py took 0.073 seconds
[2025-02-18T05:47:42.720+0000] {processor.py:186} INFO - Started process (PID=9383) to work on /home/airflow/.local/lib/python3.12/site-packages/airflow/example_dags/example_branch_operator.py
[2025-02-18T05:47:42.721+0000] {processor.py:914} INFO - Processing file /home/airflow/.local/lib/python3.12/site-packages/airflow/example_dags/example_branch_operator.py for tasks to queue
[2025-02-18T05:47:42.722+0000] {logging_mixin.py:190} INFO - [2025-02-18T05:47:42.722+0000] {dagbag.py:588} INFO - Filling up the DagBag from /home/airflow/.local/lib/python3.12/site-packages/airflow/example_dags/example_branch_operator.py
[2025-02-18T05:47:42.733+0000] {processor.py:925} INFO - DAG(s) 'example_branch_operator' retrieved from /home/airflow/.local/lib/python3.12/site-packages/airflow/example_dags/example_branch_operator.py
[2025-02-18T05:47:42.750+0000] {logging_mixin.py:190} INFO - [2025-02-18T05:47:42.749+0000] {dag.py:3239} INFO - Sync 1 DAGs
[2025-02-18T05:47:42.762+0000] {logging_mixin.py:190} INFO - [2025-02-18T05:47:42.762+0000] {dag.py:4180} INFO - Setting next_dagrun for example_branch_operator to 2025-02-17 00:00:00+00:00, run_after=2025-02-18 00:00:00+00:00
[2025-02-18T05:47:42.777+0000] {processor.py:208} INFO - Processing /home/airflow/.local/lib/python3.12/site-packages/airflow/example_dags/example_branch_operator.py took 0.061 seconds
[2025-02-18T05:48:13.005+0000] {processor.py:186} INFO - Started process (PID=9447) to work on /home/airflow/.local/lib/python3.12/site-packages/airflow/example_dags/example_branch_operator.py
[2025-02-18T05:48:13.009+0000] {processor.py:914} INFO - Processing file /home/airflow/.local/lib/python3.12/site-packages/airflow/example_dags/example_branch_operator.py for tasks to queue
[2025-02-18T05:48:13.010+0000] {logging_mixin.py:190} INFO - [2025-02-18T05:48:13.010+0000] {dagbag.py:588} INFO - Filling up the DagBag from /home/airflow/.local/lib/python3.12/site-packages/airflow/example_dags/example_branch_operator.py
[2025-02-18T05:48:13.020+0000] {processor.py:925} INFO - DAG(s) 'example_branch_operator' retrieved from /home/airflow/.local/lib/python3.12/site-packages/airflow/example_dags/example_branch_operator.py
[2025-02-18T05:48:13.034+0000] {logging_mixin.py:190} INFO - [2025-02-18T05:48:13.034+0000] {dag.py:3239} INFO - Sync 1 DAGs
[2025-02-18T05:48:13.051+0000] {logging_mixin.py:190} INFO - [2025-02-18T05:48:13.050+0000] {dag.py:4180} INFO - Setting next_dagrun for example_branch_operator to 2025-02-17 00:00:00+00:00, run_after=2025-02-18 00:00:00+00:00
[2025-02-18T05:48:13.061+0000] {processor.py:208} INFO - Processing /home/airflow/.local/lib/python3.12/site-packages/airflow/example_dags/example_branch_operator.py took 0.059 seconds
[2025-02-18T05:48:43.236+0000] {processor.py:186} INFO - Started process (PID=9511) to work on /home/airflow/.local/lib/python3.12/site-packages/airflow/example_dags/example_branch_operator.py
[2025-02-18T05:48:43.237+0000] {processor.py:914} INFO - Processing file /home/airflow/.local/lib/python3.12/site-packages/airflow/example_dags/example_branch_operator.py for tasks to queue
[2025-02-18T05:48:43.238+0000] {logging_mixin.py:190} INFO - [2025-02-18T05:48:43.237+0000] {dagbag.py:588} INFO - Filling up the DagBag from /home/airflow/.local/lib/python3.12/site-packages/airflow/example_dags/example_branch_operator.py
[2025-02-18T05:48:43.247+0000] {processor.py:925} INFO - DAG(s) 'example_branch_operator' retrieved from /home/airflow/.local/lib/python3.12/site-packages/airflow/example_dags/example_branch_operator.py
[2025-02-18T05:48:43.263+0000] {logging_mixin.py:190} INFO - [2025-02-18T05:48:43.262+0000] {dag.py:3239} INFO - Sync 1 DAGs
[2025-02-18T05:48:43.275+0000] {logging_mixin.py:190} INFO - [2025-02-18T05:48:43.275+0000] {dag.py:4180} INFO - Setting next_dagrun for example_branch_operator to 2025-02-17 00:00:00+00:00, run_after=2025-02-18 00:00:00+00:00
[2025-02-18T05:48:43.285+0000] {processor.py:208} INFO - Processing /home/airflow/.local/lib/python3.12/site-packages/airflow/example_dags/example_branch_operator.py took 0.052 seconds
[2025-02-18T05:49:14.093+0000] {processor.py:186} INFO - Started process (PID=9575) to work on /home/airflow/.local/lib/python3.12/site-packages/airflow/example_dags/example_branch_operator.py
[2025-02-18T05:49:14.095+0000] {processor.py:914} INFO - Processing file /home/airflow/.local/lib/python3.12/site-packages/airflow/example_dags/example_branch_operator.py for tasks to queue
[2025-02-18T05:49:14.096+0000] {logging_mixin.py:190} INFO - [2025-02-18T05:49:14.096+0000] {dagbag.py:588} INFO - Filling up the DagBag from /home/airflow/.local/lib/python3.12/site-packages/airflow/example_dags/example_branch_operator.py
[2025-02-18T05:49:14.107+0000] {processor.py:925} INFO - DAG(s) 'example_branch_operator' retrieved from /home/airflow/.local/lib/python3.12/site-packages/airflow/example_dags/example_branch_operator.py
[2025-02-18T05:49:14.122+0000] {logging_mixin.py:190} INFO - [2025-02-18T05:49:14.122+0000] {dag.py:3239} INFO - Sync 1 DAGs
[2025-02-18T05:49:14.136+0000] {logging_mixin.py:190} INFO - [2025-02-18T05:49:14.136+0000] {dag.py:4180} INFO - Setting next_dagrun for example_branch_operator to 2025-02-17 00:00:00+00:00, run_after=2025-02-18 00:00:00+00:00
[2025-02-18T05:49:14.149+0000] {processor.py:208} INFO - Processing /home/airflow/.local/lib/python3.12/site-packages/airflow/example_dags/example_branch_operator.py took 0.059 seconds
[2025-02-18T05:49:44.289+0000] {processor.py:186} INFO - Started process (PID=9639) to work on /home/airflow/.local/lib/python3.12/site-packages/airflow/example_dags/example_branch_operator.py
[2025-02-18T05:49:44.290+0000] {processor.py:914} INFO - Processing file /home/airflow/.local/lib/python3.12/site-packages/airflow/example_dags/example_branch_operator.py for tasks to queue
[2025-02-18T05:49:44.291+0000] {logging_mixin.py:190} INFO - [2025-02-18T05:49:44.291+0000] {dagbag.py:588} INFO - Filling up the DagBag from /home/airflow/.local/lib/python3.12/site-packages/airflow/example_dags/example_branch_operator.py
[2025-02-18T05:49:44.301+0000] {processor.py:925} INFO - DAG(s) 'example_branch_operator' retrieved from /home/airflow/.local/lib/python3.12/site-packages/airflow/example_dags/example_branch_operator.py
[2025-02-18T05:49:44.316+0000] {logging_mixin.py:190} INFO - [2025-02-18T05:49:44.316+0000] {dag.py:3239} INFO - Sync 1 DAGs
[2025-02-18T05:49:44.326+0000] {logging_mixin.py:190} INFO - [2025-02-18T05:49:44.326+0000] {dag.py:4180} INFO - Setting next_dagrun for example_branch_operator to 2025-02-17 00:00:00+00:00, run_after=2025-02-18 00:00:00+00:00
[2025-02-18T05:49:44.342+0000] {processor.py:208} INFO - Processing /home/airflow/.local/lib/python3.12/site-packages/airflow/example_dags/example_branch_operator.py took 0.056 seconds
[2025-02-18T05:50:14.418+0000] {processor.py:186} INFO - Started process (PID=9703) to work on /home/airflow/.local/lib/python3.12/site-packages/airflow/example_dags/example_branch_operator.py
[2025-02-18T05:50:14.420+0000] {processor.py:914} INFO - Processing file /home/airflow/.local/lib/python3.12/site-packages/airflow/example_dags/example_branch_operator.py for tasks to queue
[2025-02-18T05:50:14.421+0000] {logging_mixin.py:190} INFO - [2025-02-18T05:50:14.421+0000] {dagbag.py:588} INFO - Filling up the DagBag from /home/airflow/.local/lib/python3.12/site-packages/airflow/example_dags/example_branch_operator.py
[2025-02-18T05:50:14.430+0000] {processor.py:925} INFO - DAG(s) 'example_branch_operator' retrieved from /home/airflow/.local/lib/python3.12/site-packages/airflow/example_dags/example_branch_operator.py
[2025-02-18T05:50:14.445+0000] {logging_mixin.py:190} INFO - [2025-02-18T05:50:14.445+0000] {dag.py:3239} INFO - Sync 1 DAGs
[2025-02-18T05:50:14.458+0000] {logging_mixin.py:190} INFO - [2025-02-18T05:50:14.458+0000] {dag.py:4180} INFO - Setting next_dagrun for example_branch_operator to 2025-02-17 00:00:00+00:00, run_after=2025-02-18 00:00:00+00:00
[2025-02-18T05:50:14.467+0000] {processor.py:208} INFO - Processing /home/airflow/.local/lib/python3.12/site-packages/airflow/example_dags/example_branch_operator.py took 0.052 seconds
[2025-02-18T05:50:44.604+0000] {processor.py:186} INFO - Started process (PID=9768) to work on /home/airflow/.local/lib/python3.12/site-packages/airflow/example_dags/example_branch_operator.py
[2025-02-18T05:50:44.605+0000] {processor.py:914} INFO - Processing file /home/airflow/.local/lib/python3.12/site-packages/airflow/example_dags/example_branch_operator.py for tasks to queue
[2025-02-18T05:50:44.607+0000] {logging_mixin.py:190} INFO - [2025-02-18T05:50:44.606+0000] {dagbag.py:588} INFO - Filling up the DagBag from /home/airflow/.local/lib/python3.12/site-packages/airflow/example_dags/example_branch_operator.py
[2025-02-18T05:50:44.619+0000] {processor.py:925} INFO - DAG(s) 'example_branch_operator' retrieved from /home/airflow/.local/lib/python3.12/site-packages/airflow/example_dags/example_branch_operator.py
[2025-02-18T05:50:44.636+0000] {logging_mixin.py:190} INFO - [2025-02-18T05:50:44.636+0000] {dag.py:3239} INFO - Sync 1 DAGs
[2025-02-18T05:50:44.653+0000] {logging_mixin.py:190} INFO - [2025-02-18T05:50:44.653+0000] {dag.py:4180} INFO - Setting next_dagrun for example_branch_operator to 2025-02-17 00:00:00+00:00, run_after=2025-02-18 00:00:00+00:00
[2025-02-18T05:50:44.673+0000] {processor.py:208} INFO - Processing /home/airflow/.local/lib/python3.12/site-packages/airflow/example_dags/example_branch_operator.py took 0.075 seconds
[2025-02-18T05:51:14.988+0000] {processor.py:186} INFO - Started process (PID=9832) to work on /home/airflow/.local/lib/python3.12/site-packages/airflow/example_dags/example_branch_operator.py
[2025-02-18T05:51:14.990+0000] {processor.py:914} INFO - Processing file /home/airflow/.local/lib/python3.12/site-packages/airflow/example_dags/example_branch_operator.py for tasks to queue
[2025-02-18T05:51:14.991+0000] {logging_mixin.py:190} INFO - [2025-02-18T05:51:14.990+0000] {dagbag.py:588} INFO - Filling up the DagBag from /home/airflow/.local/lib/python3.12/site-packages/airflow/example_dags/example_branch_operator.py
[2025-02-18T05:51:15.004+0000] {processor.py:925} INFO - DAG(s) 'example_branch_operator' retrieved from /home/airflow/.local/lib/python3.12/site-packages/airflow/example_dags/example_branch_operator.py
[2025-02-18T05:51:15.020+0000] {logging_mixin.py:190} INFO - [2025-02-18T05:51:15.020+0000] {dag.py:3239} INFO - Sync 1 DAGs
[2025-02-18T05:51:15.033+0000] {logging_mixin.py:190} INFO - [2025-02-18T05:51:15.033+0000] {dag.py:4180} INFO - Setting next_dagrun for example_branch_operator to 2025-02-17 00:00:00+00:00, run_after=2025-02-18 00:00:00+00:00
[2025-02-18T05:51:15.048+0000] {processor.py:208} INFO - Processing /home/airflow/.local/lib/python3.12/site-packages/airflow/example_dags/example_branch_operator.py took 0.064 seconds
[2025-02-18T05:51:45.371+0000] {processor.py:186} INFO - Started process (PID=9896) to work on /home/airflow/.local/lib/python3.12/site-packages/airflow/example_dags/example_branch_operator.py
[2025-02-18T05:51:45.372+0000] {processor.py:914} INFO - Processing file /home/airflow/.local/lib/python3.12/site-packages/airflow/example_dags/example_branch_operator.py for tasks to queue
[2025-02-18T05:51:45.374+0000] {logging_mixin.py:190} INFO - [2025-02-18T05:51:45.373+0000] {dagbag.py:588} INFO - Filling up the DagBag from /home/airflow/.local/lib/python3.12/site-packages/airflow/example_dags/example_branch_operator.py
[2025-02-18T05:51:45.386+0000] {processor.py:925} INFO - DAG(s) 'example_branch_operator' retrieved from /home/airflow/.local/lib/python3.12/site-packages/airflow/example_dags/example_branch_operator.py
[2025-02-18T05:51:45.411+0000] {logging_mixin.py:190} INFO - [2025-02-18T05:51:45.411+0000] {dag.py:3239} INFO - Sync 1 DAGs
[2025-02-18T05:51:45.428+0000] {logging_mixin.py:190} INFO - [2025-02-18T05:51:45.428+0000] {dag.py:4180} INFO - Setting next_dagrun for example_branch_operator to 2025-02-17 00:00:00+00:00, run_after=2025-02-18 00:00:00+00:00
[2025-02-18T05:51:45.444+0000] {processor.py:208} INFO - Processing /home/airflow/.local/lib/python3.12/site-packages/airflow/example_dags/example_branch_operator.py took 0.082 seconds
[2025-02-18T05:52:16.055+0000] {processor.py:186} INFO - Started process (PID=9960) to work on /home/airflow/.local/lib/python3.12/site-packages/airflow/example_dags/example_branch_operator.py
[2025-02-18T05:52:16.056+0000] {processor.py:914} INFO - Processing file /home/airflow/.local/lib/python3.12/site-packages/airflow/example_dags/example_branch_operator.py for tasks to queue
[2025-02-18T05:52:16.057+0000] {logging_mixin.py:190} INFO - [2025-02-18T05:52:16.057+0000] {dagbag.py:588} INFO - Filling up the DagBag from /home/airflow/.local/lib/python3.12/site-packages/airflow/example_dags/example_branch_operator.py
[2025-02-18T05:52:16.069+0000] {processor.py:925} INFO - DAG(s) 'example_branch_operator' retrieved from /home/airflow/.local/lib/python3.12/site-packages/airflow/example_dags/example_branch_operator.py
[2025-02-18T05:52:16.089+0000] {logging_mixin.py:190} INFO - [2025-02-18T05:52:16.089+0000] {dag.py:3239} INFO - Sync 1 DAGs
[2025-02-18T05:52:16.102+0000] {logging_mixin.py:190} INFO - [2025-02-18T05:52:16.102+0000] {dag.py:4180} INFO - Setting next_dagrun for example_branch_operator to 2025-02-17 00:00:00+00:00, run_after=2025-02-18 00:00:00+00:00
[2025-02-18T05:52:16.117+0000] {processor.py:208} INFO - Processing /home/airflow/.local/lib/python3.12/site-packages/airflow/example_dags/example_branch_operator.py took 0.066 seconds
[2025-02-18T05:52:46.332+0000] {processor.py:186} INFO - Started process (PID=10024) to work on /home/airflow/.local/lib/python3.12/site-packages/airflow/example_dags/example_branch_operator.py
[2025-02-18T05:52:46.334+0000] {processor.py:914} INFO - Processing file /home/airflow/.local/lib/python3.12/site-packages/airflow/example_dags/example_branch_operator.py for tasks to queue
[2025-02-18T05:52:46.335+0000] {logging_mixin.py:190} INFO - [2025-02-18T05:52:46.335+0000] {dagbag.py:588} INFO - Filling up the DagBag from /home/airflow/.local/lib/python3.12/site-packages/airflow/example_dags/example_branch_operator.py
[2025-02-18T05:52:46.346+0000] {processor.py:925} INFO - DAG(s) 'example_branch_operator' retrieved from /home/airflow/.local/lib/python3.12/site-packages/airflow/example_dags/example_branch_operator.py
[2025-02-18T05:52:46.361+0000] {logging_mixin.py:190} INFO - [2025-02-18T05:52:46.361+0000] {dag.py:3239} INFO - Sync 1 DAGs
[2025-02-18T05:52:46.373+0000] {logging_mixin.py:190} INFO - [2025-02-18T05:52:46.373+0000] {dag.py:4180} INFO - Setting next_dagrun for example_branch_operator to 2025-02-17 00:00:00+00:00, run_after=2025-02-18 00:00:00+00:00
[2025-02-18T05:52:46.387+0000] {processor.py:208} INFO - Processing /home/airflow/.local/lib/python3.12/site-packages/airflow/example_dags/example_branch_operator.py took 0.059 seconds
[2025-02-18T05:53:16.434+0000] {processor.py:186} INFO - Started process (PID=10088) to work on /home/airflow/.local/lib/python3.12/site-packages/airflow/example_dags/example_branch_operator.py
[2025-02-18T05:53:16.435+0000] {processor.py:914} INFO - Processing file /home/airflow/.local/lib/python3.12/site-packages/airflow/example_dags/example_branch_operator.py for tasks to queue
[2025-02-18T05:53:16.436+0000] {logging_mixin.py:190} INFO - [2025-02-18T05:53:16.436+0000] {dagbag.py:588} INFO - Filling up the DagBag from /home/airflow/.local/lib/python3.12/site-packages/airflow/example_dags/example_branch_operator.py
[2025-02-18T05:53:16.446+0000] {processor.py:925} INFO - DAG(s) 'example_branch_operator' retrieved from /home/airflow/.local/lib/python3.12/site-packages/airflow/example_dags/example_branch_operator.py
[2025-02-18T05:53:16.463+0000] {logging_mixin.py:190} INFO - [2025-02-18T05:53:16.463+0000] {dag.py:3239} INFO - Sync 1 DAGs
[2025-02-18T05:53:16.476+0000] {logging_mixin.py:190} INFO - [2025-02-18T05:53:16.476+0000] {dag.py:4180} INFO - Setting next_dagrun for example_branch_operator to 2025-02-17 00:00:00+00:00, run_after=2025-02-18 00:00:00+00:00
[2025-02-18T05:53:16.492+0000] {processor.py:208} INFO - Processing /home/airflow/.local/lib/python3.12/site-packages/airflow/example_dags/example_branch_operator.py took 0.061 seconds
[2025-02-18T05:53:46.732+0000] {processor.py:186} INFO - Started process (PID=10152) to work on /home/airflow/.local/lib/python3.12/site-packages/airflow/example_dags/example_branch_operator.py
[2025-02-18T05:53:46.734+0000] {processor.py:914} INFO - Processing file /home/airflow/.local/lib/python3.12/site-packages/airflow/example_dags/example_branch_operator.py for tasks to queue
[2025-02-18T05:53:46.734+0000] {logging_mixin.py:190} INFO - [2025-02-18T05:53:46.734+0000] {dagbag.py:588} INFO - Filling up the DagBag from /home/airflow/.local/lib/python3.12/site-packages/airflow/example_dags/example_branch_operator.py
[2025-02-18T05:53:46.744+0000] {processor.py:925} INFO - DAG(s) 'example_branch_operator' retrieved from /home/airflow/.local/lib/python3.12/site-packages/airflow/example_dags/example_branch_operator.py
[2025-02-18T05:53:46.759+0000] {logging_mixin.py:190} INFO - [2025-02-18T05:53:46.759+0000] {dag.py:3239} INFO - Sync 1 DAGs
[2025-02-18T05:53:46.772+0000] {logging_mixin.py:190} INFO - [2025-02-18T05:53:46.772+0000] {dag.py:4180} INFO - Setting next_dagrun for example_branch_operator to 2025-02-17 00:00:00+00:00, run_after=2025-02-18 00:00:00+00:00
[2025-02-18T05:53:46.782+0000] {processor.py:208} INFO - Processing /home/airflow/.local/lib/python3.12/site-packages/airflow/example_dags/example_branch_operator.py took 0.053 seconds
[2025-02-18T05:54:17.082+0000] {processor.py:186} INFO - Started process (PID=10215) to work on /home/airflow/.local/lib/python3.12/site-packages/airflow/example_dags/example_branch_operator.py
[2025-02-18T05:54:17.085+0000] {processor.py:914} INFO - Processing file /home/airflow/.local/lib/python3.12/site-packages/airflow/example_dags/example_branch_operator.py for tasks to queue
[2025-02-18T05:54:17.087+0000] {logging_mixin.py:190} INFO - [2025-02-18T05:54:17.087+0000] {dagbag.py:588} INFO - Filling up the DagBag from /home/airflow/.local/lib/python3.12/site-packages/airflow/example_dags/example_branch_operator.py
[2025-02-18T05:54:17.097+0000] {processor.py:925} INFO - DAG(s) 'example_branch_operator' retrieved from /home/airflow/.local/lib/python3.12/site-packages/airflow/example_dags/example_branch_operator.py
[2025-02-18T05:54:17.114+0000] {logging_mixin.py:190} INFO - [2025-02-18T05:54:17.114+0000] {dag.py:3239} INFO - Sync 1 DAGs
[2025-02-18T05:54:17.129+0000] {logging_mixin.py:190} INFO - [2025-02-18T05:54:17.129+0000] {dag.py:4180} INFO - Setting next_dagrun for example_branch_operator to 2025-02-17 00:00:00+00:00, run_after=2025-02-18 00:00:00+00:00
[2025-02-18T05:54:17.139+0000] {processor.py:208} INFO - Processing /home/airflow/.local/lib/python3.12/site-packages/airflow/example_dags/example_branch_operator.py took 0.063 seconds
[2025-02-18T05:54:47.441+0000] {processor.py:186} INFO - Started process (PID=10279) to work on /home/airflow/.local/lib/python3.12/site-packages/airflow/example_dags/example_branch_operator.py
[2025-02-18T05:54:47.445+0000] {processor.py:914} INFO - Processing file /home/airflow/.local/lib/python3.12/site-packages/airflow/example_dags/example_branch_operator.py for tasks to queue
[2025-02-18T05:54:47.447+0000] {logging_mixin.py:190} INFO - [2025-02-18T05:54:47.446+0000] {dagbag.py:588} INFO - Filling up the DagBag from /home/airflow/.local/lib/python3.12/site-packages/airflow/example_dags/example_branch_operator.py
[2025-02-18T05:54:47.457+0000] {processor.py:925} INFO - DAG(s) 'example_branch_operator' retrieved from /home/airflow/.local/lib/python3.12/site-packages/airflow/example_dags/example_branch_operator.py
[2025-02-18T05:54:47.479+0000] {logging_mixin.py:190} INFO - [2025-02-18T05:54:47.479+0000] {dag.py:3239} INFO - Sync 1 DAGs
[2025-02-18T05:54:47.492+0000] {logging_mixin.py:190} INFO - [2025-02-18T05:54:47.492+0000] {dag.py:4180} INFO - Setting next_dagrun for example_branch_operator to 2025-02-17 00:00:00+00:00, run_after=2025-02-18 00:00:00+00:00
[2025-02-18T05:54:47.504+0000] {processor.py:208} INFO - Processing /home/airflow/.local/lib/python3.12/site-packages/airflow/example_dags/example_branch_operator.py took 0.067 seconds
[2025-02-18T05:55:17.767+0000] {processor.py:186} INFO - Started process (PID=10343) to work on /home/airflow/.local/lib/python3.12/site-packages/airflow/example_dags/example_branch_operator.py
[2025-02-18T05:55:17.768+0000] {processor.py:914} INFO - Processing file /home/airflow/.local/lib/python3.12/site-packages/airflow/example_dags/example_branch_operator.py for tasks to queue
[2025-02-18T05:55:17.769+0000] {logging_mixin.py:190} INFO - [2025-02-18T05:55:17.769+0000] {dagbag.py:588} INFO - Filling up the DagBag from /home/airflow/.local/lib/python3.12/site-packages/airflow/example_dags/example_branch_operator.py
[2025-02-18T05:55:17.780+0000] {processor.py:925} INFO - DAG(s) 'example_branch_operator' retrieved from /home/airflow/.local/lib/python3.12/site-packages/airflow/example_dags/example_branch_operator.py
[2025-02-18T05:55:17.796+0000] {logging_mixin.py:190} INFO - [2025-02-18T05:55:17.796+0000] {dag.py:3239} INFO - Sync 1 DAGs
[2025-02-18T05:55:17.810+0000] {logging_mixin.py:190} INFO - [2025-02-18T05:55:17.809+0000] {dag.py:4180} INFO - Setting next_dagrun for example_branch_operator to 2025-02-17 00:00:00+00:00, run_after=2025-02-18 00:00:00+00:00
[2025-02-18T05:55:17.819+0000] {processor.py:208} INFO - Processing /home/airflow/.local/lib/python3.12/site-packages/airflow/example_dags/example_branch_operator.py took 0.055 seconds
[2025-02-18T05:55:48.059+0000] {processor.py:186} INFO - Started process (PID=10407) to work on /home/airflow/.local/lib/python3.12/site-packages/airflow/example_dags/example_branch_operator.py
[2025-02-18T05:55:48.060+0000] {processor.py:914} INFO - Processing file /home/airflow/.local/lib/python3.12/site-packages/airflow/example_dags/example_branch_operator.py for tasks to queue
[2025-02-18T05:55:48.062+0000] {logging_mixin.py:190} INFO - [2025-02-18T05:55:48.061+0000] {dagbag.py:588} INFO - Filling up the DagBag from /home/airflow/.local/lib/python3.12/site-packages/airflow/example_dags/example_branch_operator.py
[2025-02-18T05:55:48.072+0000] {processor.py:925} INFO - DAG(s) 'example_branch_operator' retrieved from /home/airflow/.local/lib/python3.12/site-packages/airflow/example_dags/example_branch_operator.py
[2025-02-18T05:55:48.088+0000] {logging_mixin.py:190} INFO - [2025-02-18T05:55:48.087+0000] {dag.py:3239} INFO - Sync 1 DAGs
[2025-02-18T05:55:48.101+0000] {logging_mixin.py:190} INFO - [2025-02-18T05:55:48.101+0000] {dag.py:4180} INFO - Setting next_dagrun for example_branch_operator to 2025-02-17 00:00:00+00:00, run_after=2025-02-18 00:00:00+00:00
[2025-02-18T05:55:48.113+0000] {processor.py:208} INFO - Processing /home/airflow/.local/lib/python3.12/site-packages/airflow/example_dags/example_branch_operator.py took 0.059 seconds
[2025-02-18T10:40:10.547+0000] {processor.py:186} INFO - Started process (PID=49) to work on /home/airflow/.local/lib/python3.12/site-packages/airflow/example_dags/example_branch_operator.py
[2025-02-18T10:40:10.548+0000] {processor.py:914} INFO - Processing file /home/airflow/.local/lib/python3.12/site-packages/airflow/example_dags/example_branch_operator.py for tasks to queue
[2025-02-18T10:40:10.552+0000] {logging_mixin.py:190} INFO - [2025-02-18T10:40:10.552+0000] {dagbag.py:588} INFO - Filling up the DagBag from /home/airflow/.local/lib/python3.12/site-packages/airflow/example_dags/example_branch_operator.py
[2025-02-18T10:40:10.566+0000] {processor.py:925} INFO - DAG(s) 'example_branch_operator' retrieved from /home/airflow/.local/lib/python3.12/site-packages/airflow/example_dags/example_branch_operator.py
[2025-02-18T10:40:10.658+0000] {logging_mixin.py:190} INFO - [2025-02-18T10:40:10.658+0000] {dag.py:3239} INFO - Sync 1 DAGs
[2025-02-18T10:40:10.672+0000] {logging_mixin.py:190} INFO - [2025-02-18T10:40:10.672+0000] {dag.py:4180} INFO - Setting next_dagrun for example_branch_operator to 2025-02-17 00:00:00+00:00, run_after=2025-02-18 00:00:00+00:00
[2025-02-18T10:40:10.691+0000] {processor.py:208} INFO - Processing /home/airflow/.local/lib/python3.12/site-packages/airflow/example_dags/example_branch_operator.py took 0.148 seconds
[2025-02-18T10:47:00.539+0000] {processor.py:186} INFO - Started process (PID=57) to work on /home/airflow/.local/lib/python3.12/site-packages/airflow/example_dags/example_branch_operator.py
[2025-02-18T10:47:00.541+0000] {processor.py:914} INFO - Processing file /home/airflow/.local/lib/python3.12/site-packages/airflow/example_dags/example_branch_operator.py for tasks to queue
[2025-02-18T10:47:00.543+0000] {logging_mixin.py:190} INFO - [2025-02-18T10:47:00.543+0000] {dagbag.py:588} INFO - Filling up the DagBag from /home/airflow/.local/lib/python3.12/site-packages/airflow/example_dags/example_branch_operator.py
[2025-02-18T10:47:00.562+0000] {processor.py:925} INFO - DAG(s) 'example_branch_operator' retrieved from /home/airflow/.local/lib/python3.12/site-packages/airflow/example_dags/example_branch_operator.py
[2025-02-18T10:47:00.666+0000] {logging_mixin.py:190} INFO - [2025-02-18T10:47:00.666+0000] {dag.py:3239} INFO - Sync 1 DAGs
[2025-02-18T10:47:00.684+0000] {logging_mixin.py:190} INFO - [2025-02-18T10:47:00.684+0000] {dag.py:4180} INFO - Setting next_dagrun for example_branch_operator to 2025-02-17 00:00:00+00:00, run_after=2025-02-18 00:00:00+00:00
[2025-02-18T10:47:00.695+0000] {processor.py:208} INFO - Processing /home/airflow/.local/lib/python3.12/site-packages/airflow/example_dags/example_branch_operator.py took 0.162 seconds
[2025-02-18T10:47:31.029+0000] {processor.py:186} INFO - Started process (PID=122) to work on /home/airflow/.local/lib/python3.12/site-packages/airflow/example_dags/example_branch_operator.py
[2025-02-18T10:47:31.030+0000] {processor.py:914} INFO - Processing file /home/airflow/.local/lib/python3.12/site-packages/airflow/example_dags/example_branch_operator.py for tasks to queue
[2025-02-18T10:47:31.031+0000] {logging_mixin.py:190} INFO - [2025-02-18T10:47:31.031+0000] {dagbag.py:588} INFO - Filling up the DagBag from /home/airflow/.local/lib/python3.12/site-packages/airflow/example_dags/example_branch_operator.py
[2025-02-18T10:47:31.040+0000] {processor.py:925} INFO - DAG(s) 'example_branch_operator' retrieved from /home/airflow/.local/lib/python3.12/site-packages/airflow/example_dags/example_branch_operator.py
[2025-02-18T10:47:31.057+0000] {logging_mixin.py:190} INFO - [2025-02-18T10:47:31.057+0000] {dag.py:3239} INFO - Sync 1 DAGs
[2025-02-18T10:47:31.070+0000] {logging_mixin.py:190} INFO - [2025-02-18T10:47:31.070+0000] {dag.py:4180} INFO - Setting next_dagrun for example_branch_operator to 2025-02-17 00:00:00+00:00, run_after=2025-02-18 00:00:00+00:00
[2025-02-18T10:47:31.084+0000] {processor.py:208} INFO - Processing /home/airflow/.local/lib/python3.12/site-packages/airflow/example_dags/example_branch_operator.py took 0.058 seconds
