[2025-02-18T01:09:50.800+0000] {processor.py:186} INFO - Started process (PID=8270) to work on /home/airflow/.local/lib/python3.12/site-packages/airflow/example_dags/example_inlet_event_extra.py
[2025-02-18T01:09:50.800+0000] {processor.py:914} INFO - Processing file /home/airflow/.local/lib/python3.12/site-packages/airflow/example_dags/example_inlet_event_extra.py for tasks to queue
[2025-02-18T01:09:50.801+0000] {logging_mixin.py:190} INFO - [2025-02-18T01:09:50.801+0000] {dagbag.py:588} INFO - Filling up the DagBag from /home/airflow/.local/lib/python3.12/site-packages/airflow/example_dags/example_inlet_event_extra.py
[2025-02-18T01:09:51.115+0000] {processor.py:925} INFO - DAG(s) 'read_dataset_event', 'read_dataset_event_from_classic' retrieved from /home/airflow/.local/lib/python3.12/site-packages/airflow/example_dags/example_inlet_event_extra.py
[2025-02-18T01:09:51.135+0000] {logging_mixin.py:190} INFO - [2025-02-18T01:09:51.135+0000] {dag.py:3239} INFO - Sync 2 DAGs
[2025-02-18T01:09:51.147+0000] {logging_mixin.py:190} INFO - [2025-02-18T01:09:51.146+0000] {dag.py:4180} INFO - Setting next_dagrun for read_dataset_event to 2025-02-17 00:00:00+00:00, run_after=2025-02-18 00:00:00+00:00
[2025-02-18T01:09:51.149+0000] {logging_mixin.py:190} INFO - [2025-02-18T01:09:51.149+0000] {dag.py:4180} INFO - Setting next_dagrun for read_dataset_event_from_classic to 2025-02-17 00:00:00+00:00, run_after=2025-02-18 00:00:00+00:00
[2025-02-18T01:09:51.167+0000] {processor.py:208} INFO - Processing /home/airflow/.local/lib/python3.12/site-packages/airflow/example_dags/example_inlet_event_extra.py took 0.371 seconds
[2025-02-18T01:45:00.841+0000] {processor.py:186} INFO - Started process (PID=8334) to work on /home/airflow/.local/lib/python3.12/site-packages/airflow/example_dags/example_inlet_event_extra.py
[2025-02-18T01:45:00.843+0000] {processor.py:914} INFO - Processing file /home/airflow/.local/lib/python3.12/site-packages/airflow/example_dags/example_inlet_event_extra.py for tasks to queue
[2025-02-18T01:45:00.845+0000] {logging_mixin.py:190} INFO - [2025-02-18T01:45:00.844+0000] {dagbag.py:588} INFO - Filling up the DagBag from /home/airflow/.local/lib/python3.12/site-packages/airflow/example_dags/example_inlet_event_extra.py
[2025-02-18T01:45:01.321+0000] {processor.py:925} INFO - DAG(s) 'read_dataset_event', 'read_dataset_event_from_classic' retrieved from /home/airflow/.local/lib/python3.12/site-packages/airflow/example_dags/example_inlet_event_extra.py
[2025-02-18T01:45:01.339+0000] {logging_mixin.py:190} INFO - [2025-02-18T01:45:01.339+0000] {dag.py:3239} INFO - Sync 2 DAGs
[2025-02-18T01:45:01.357+0000] {logging_mixin.py:190} INFO - [2025-02-18T01:45:01.357+0000] {dag.py:4180} INFO - Setting next_dagrun for read_dataset_event to 2025-02-17 00:00:00+00:00, run_after=2025-02-18 00:00:00+00:00
[2025-02-18T01:45:01.361+0000] {logging_mixin.py:190} INFO - [2025-02-18T01:45:01.361+0000] {dag.py:4180} INFO - Setting next_dagrun for read_dataset_event_from_classic to 2025-02-17 00:00:00+00:00, run_after=2025-02-18 00:00:00+00:00
[2025-02-18T01:45:01.373+0000] {processor.py:208} INFO - Processing /home/airflow/.local/lib/python3.12/site-packages/airflow/example_dags/example_inlet_event_extra.py took 0.535 seconds
[2025-02-18T02:31:38.244+0000] {processor.py:186} INFO - Started process (PID=8398) to work on /home/airflow/.local/lib/python3.12/site-packages/airflow/example_dags/example_inlet_event_extra.py
[2025-02-18T02:31:38.245+0000] {processor.py:914} INFO - Processing file /home/airflow/.local/lib/python3.12/site-packages/airflow/example_dags/example_inlet_event_extra.py for tasks to queue
[2025-02-18T02:31:38.246+0000] {logging_mixin.py:190} INFO - [2025-02-18T02:31:38.245+0000] {dagbag.py:588} INFO - Filling up the DagBag from /home/airflow/.local/lib/python3.12/site-packages/airflow/example_dags/example_inlet_event_extra.py
[2025-02-18T02:31:38.586+0000] {processor.py:925} INFO - DAG(s) 'read_dataset_event', 'read_dataset_event_from_classic' retrieved from /home/airflow/.local/lib/python3.12/site-packages/airflow/example_dags/example_inlet_event_extra.py
[2025-02-18T02:31:38.607+0000] {logging_mixin.py:190} INFO - [2025-02-18T02:31:38.606+0000] {dag.py:3239} INFO - Sync 2 DAGs
[2025-02-18T02:31:38.623+0000] {logging_mixin.py:190} INFO - [2025-02-18T02:31:38.623+0000] {dag.py:4180} INFO - Setting next_dagrun for read_dataset_event to 2025-02-17 00:00:00+00:00, run_after=2025-02-18 00:00:00+00:00
[2025-02-18T02:31:38.625+0000] {logging_mixin.py:190} INFO - [2025-02-18T02:31:38.625+0000] {dag.py:4180} INFO - Setting next_dagrun for read_dataset_event_from_classic to 2025-02-17 00:00:00+00:00, run_after=2025-02-18 00:00:00+00:00
[2025-02-18T02:31:38.634+0000] {processor.py:208} INFO - Processing /home/airflow/.local/lib/python3.12/site-packages/airflow/example_dags/example_inlet_event_extra.py took 0.393 seconds
[2025-02-18T02:54:41.556+0000] {processor.py:186} INFO - Started process (PID=8462) to work on /home/airflow/.local/lib/python3.12/site-packages/airflow/example_dags/example_inlet_event_extra.py
[2025-02-18T02:54:41.557+0000] {processor.py:914} INFO - Processing file /home/airflow/.local/lib/python3.12/site-packages/airflow/example_dags/example_inlet_event_extra.py for tasks to queue
[2025-02-18T02:54:41.558+0000] {logging_mixin.py:190} INFO - [2025-02-18T02:54:41.558+0000] {dagbag.py:588} INFO - Filling up the DagBag from /home/airflow/.local/lib/python3.12/site-packages/airflow/example_dags/example_inlet_event_extra.py
[2025-02-18T02:54:41.867+0000] {processor.py:925} INFO - DAG(s) 'read_dataset_event_from_classic', 'read_dataset_event' retrieved from /home/airflow/.local/lib/python3.12/site-packages/airflow/example_dags/example_inlet_event_extra.py
[2025-02-18T02:54:41.880+0000] {logging_mixin.py:190} INFO - [2025-02-18T02:54:41.880+0000] {dag.py:3239} INFO - Sync 2 DAGs
[2025-02-18T02:54:41.891+0000] {logging_mixin.py:190} INFO - [2025-02-18T02:54:41.891+0000] {dag.py:4180} INFO - Setting next_dagrun for read_dataset_event to 2025-02-17 00:00:00+00:00, run_after=2025-02-18 00:00:00+00:00
[2025-02-18T02:54:41.893+0000] {logging_mixin.py:190} INFO - [2025-02-18T02:54:41.893+0000] {dag.py:4180} INFO - Setting next_dagrun for read_dataset_event_from_classic to 2025-02-17 00:00:00+00:00, run_after=2025-02-18 00:00:00+00:00
[2025-02-18T02:54:41.901+0000] {processor.py:208} INFO - Processing /home/airflow/.local/lib/python3.12/site-packages/airflow/example_dags/example_inlet_event_extra.py took 0.347 seconds
[2025-02-18T03:12:51.402+0000] {processor.py:186} INFO - Started process (PID=8526) to work on /home/airflow/.local/lib/python3.12/site-packages/airflow/example_dags/example_inlet_event_extra.py
[2025-02-18T03:12:51.403+0000] {processor.py:914} INFO - Processing file /home/airflow/.local/lib/python3.12/site-packages/airflow/example_dags/example_inlet_event_extra.py for tasks to queue
[2025-02-18T03:12:51.404+0000] {logging_mixin.py:190} INFO - [2025-02-18T03:12:51.404+0000] {dagbag.py:588} INFO - Filling up the DagBag from /home/airflow/.local/lib/python3.12/site-packages/airflow/example_dags/example_inlet_event_extra.py
[2025-02-18T03:12:51.709+0000] {processor.py:925} INFO - DAG(s) 'read_dataset_event', 'read_dataset_event_from_classic' retrieved from /home/airflow/.local/lib/python3.12/site-packages/airflow/example_dags/example_inlet_event_extra.py
[2025-02-18T03:12:51.721+0000] {logging_mixin.py:190} INFO - [2025-02-18T03:12:51.720+0000] {dag.py:3239} INFO - Sync 2 DAGs
[2025-02-18T03:12:51.733+0000] {logging_mixin.py:190} INFO - [2025-02-18T03:12:51.733+0000] {dag.py:4180} INFO - Setting next_dagrun for read_dataset_event to 2025-02-17 00:00:00+00:00, run_after=2025-02-18 00:00:00+00:00
[2025-02-18T03:12:51.736+0000] {logging_mixin.py:190} INFO - [2025-02-18T03:12:51.736+0000] {dag.py:4180} INFO - Setting next_dagrun for read_dataset_event_from_classic to 2025-02-17 00:00:00+00:00, run_after=2025-02-18 00:00:00+00:00
[2025-02-18T03:12:51.744+0000] {processor.py:208} INFO - Processing /home/airflow/.local/lib/python3.12/site-packages/airflow/example_dags/example_inlet_event_extra.py took 0.345 seconds
[2025-02-18T04:35:30.467+0000] {processor.py:186} INFO - Started process (PID=8590) to work on /home/airflow/.local/lib/python3.12/site-packages/airflow/example_dags/example_inlet_event_extra.py
[2025-02-18T04:35:30.468+0000] {processor.py:914} INFO - Processing file /home/airflow/.local/lib/python3.12/site-packages/airflow/example_dags/example_inlet_event_extra.py for tasks to queue
[2025-02-18T04:35:30.469+0000] {logging_mixin.py:190} INFO - [2025-02-18T04:35:30.469+0000] {dagbag.py:588} INFO - Filling up the DagBag from /home/airflow/.local/lib/python3.12/site-packages/airflow/example_dags/example_inlet_event_extra.py
[2025-02-18T04:35:30.775+0000] {processor.py:925} INFO - DAG(s) 'read_dataset_event_from_classic', 'read_dataset_event' retrieved from /home/airflow/.local/lib/python3.12/site-packages/airflow/example_dags/example_inlet_event_extra.py
[2025-02-18T04:35:30.785+0000] {logging_mixin.py:190} INFO - [2025-02-18T04:35:30.785+0000] {dag.py:3239} INFO - Sync 2 DAGs
[2025-02-18T04:35:30.797+0000] {logging_mixin.py:190} INFO - [2025-02-18T04:35:30.797+0000] {dag.py:4180} INFO - Setting next_dagrun for read_dataset_event to 2025-02-17 00:00:00+00:00, run_after=2025-02-18 00:00:00+00:00
[2025-02-18T04:35:30.800+0000] {logging_mixin.py:190} INFO - [2025-02-18T04:35:30.799+0000] {dag.py:4180} INFO - Setting next_dagrun for read_dataset_event_from_classic to 2025-02-17 00:00:00+00:00, run_after=2025-02-18 00:00:00+00:00
[2025-02-18T04:35:30.807+0000] {processor.py:208} INFO - Processing /home/airflow/.local/lib/python3.12/site-packages/airflow/example_dags/example_inlet_event_extra.py took 0.344 seconds
[2025-02-18T04:55:49.863+0000] {processor.py:186} INFO - Started process (PID=8654) to work on /home/airflow/.local/lib/python3.12/site-packages/airflow/example_dags/example_inlet_event_extra.py
[2025-02-18T04:55:49.864+0000] {processor.py:914} INFO - Processing file /home/airflow/.local/lib/python3.12/site-packages/airflow/example_dags/example_inlet_event_extra.py for tasks to queue
[2025-02-18T04:55:49.865+0000] {logging_mixin.py:190} INFO - [2025-02-18T04:55:49.865+0000] {dagbag.py:588} INFO - Filling up the DagBag from /home/airflow/.local/lib/python3.12/site-packages/airflow/example_dags/example_inlet_event_extra.py
[2025-02-18T04:55:50.172+0000] {processor.py:925} INFO - DAG(s) 'read_dataset_event_from_classic', 'read_dataset_event' retrieved from /home/airflow/.local/lib/python3.12/site-packages/airflow/example_dags/example_inlet_event_extra.py
[2025-02-18T04:55:50.183+0000] {logging_mixin.py:190} INFO - [2025-02-18T04:55:50.183+0000] {dag.py:3239} INFO - Sync 2 DAGs
[2025-02-18T04:55:50.195+0000] {logging_mixin.py:190} INFO - [2025-02-18T04:55:50.195+0000] {dag.py:4180} INFO - Setting next_dagrun for read_dataset_event to 2025-02-17 00:00:00+00:00, run_after=2025-02-18 00:00:00+00:00
[2025-02-18T04:55:50.197+0000] {logging_mixin.py:190} INFO - [2025-02-18T04:55:50.197+0000] {dag.py:4180} INFO - Setting next_dagrun for read_dataset_event_from_classic to 2025-02-17 00:00:00+00:00, run_after=2025-02-18 00:00:00+00:00
[2025-02-18T04:55:50.204+0000] {processor.py:208} INFO - Processing /home/airflow/.local/lib/python3.12/site-packages/airflow/example_dags/example_inlet_event_extra.py took 0.344 seconds
[2025-02-18T05:42:08.974+0000] {processor.py:186} INFO - Started process (PID=8718) to work on /home/airflow/.local/lib/python3.12/site-packages/airflow/example_dags/example_inlet_event_extra.py
[2025-02-18T05:42:08.976+0000] {processor.py:914} INFO - Processing file /home/airflow/.local/lib/python3.12/site-packages/airflow/example_dags/example_inlet_event_extra.py for tasks to queue
[2025-02-18T05:42:08.978+0000] {logging_mixin.py:190} INFO - [2025-02-18T05:42:08.978+0000] {dagbag.py:588} INFO - Filling up the DagBag from /home/airflow/.local/lib/python3.12/site-packages/airflow/example_dags/example_inlet_event_extra.py
[2025-02-18T05:42:09.309+0000] {processor.py:925} INFO - DAG(s) 'read_dataset_event', 'read_dataset_event_from_classic' retrieved from /home/airflow/.local/lib/python3.12/site-packages/airflow/example_dags/example_inlet_event_extra.py
[2025-02-18T05:42:09.323+0000] {logging_mixin.py:190} INFO - [2025-02-18T05:42:09.323+0000] {dag.py:3239} INFO - Sync 2 DAGs
[2025-02-18T05:42:09.336+0000] {logging_mixin.py:190} INFO - [2025-02-18T05:42:09.335+0000] {dag.py:4180} INFO - Setting next_dagrun for read_dataset_event to 2025-02-17 00:00:00+00:00, run_after=2025-02-18 00:00:00+00:00
[2025-02-18T05:42:09.338+0000] {logging_mixin.py:190} INFO - [2025-02-18T05:42:09.338+0000] {dag.py:4180} INFO - Setting next_dagrun for read_dataset_event_from_classic to 2025-02-17 00:00:00+00:00, run_after=2025-02-18 00:00:00+00:00
[2025-02-18T05:42:09.350+0000] {processor.py:208} INFO - Processing /home/airflow/.local/lib/python3.12/site-packages/airflow/example_dags/example_inlet_event_extra.py took 0.380 seconds
[2025-02-18T05:42:39.563+0000] {processor.py:186} INFO - Started process (PID=8783) to work on /home/airflow/.local/lib/python3.12/site-packages/airflow/example_dags/example_inlet_event_extra.py
[2025-02-18T05:42:39.564+0000] {processor.py:914} INFO - Processing file /home/airflow/.local/lib/python3.12/site-packages/airflow/example_dags/example_inlet_event_extra.py for tasks to queue
[2025-02-18T05:42:39.565+0000] {logging_mixin.py:190} INFO - [2025-02-18T05:42:39.564+0000] {dagbag.py:588} INFO - Filling up the DagBag from /home/airflow/.local/lib/python3.12/site-packages/airflow/example_dags/example_inlet_event_extra.py
[2025-02-18T05:42:39.897+0000] {processor.py:925} INFO - DAG(s) 'read_dataset_event', 'read_dataset_event_from_classic' retrieved from /home/airflow/.local/lib/python3.12/site-packages/airflow/example_dags/example_inlet_event_extra.py
[2025-02-18T05:42:39.909+0000] {logging_mixin.py:190} INFO - [2025-02-18T05:42:39.909+0000] {dag.py:3239} INFO - Sync 2 DAGs
[2025-02-18T05:42:39.921+0000] {logging_mixin.py:190} INFO - [2025-02-18T05:42:39.921+0000] {dag.py:4180} INFO - Setting next_dagrun for read_dataset_event to 2025-02-17 00:00:00+00:00, run_after=2025-02-18 00:00:00+00:00
[2025-02-18T05:42:39.923+0000] {logging_mixin.py:190} INFO - [2025-02-18T05:42:39.923+0000] {dag.py:4180} INFO - Setting next_dagrun for read_dataset_event_from_classic to 2025-02-17 00:00:00+00:00, run_after=2025-02-18 00:00:00+00:00
[2025-02-18T05:42:39.932+0000] {processor.py:208} INFO - Processing /home/airflow/.local/lib/python3.12/site-packages/airflow/example_dags/example_inlet_event_extra.py took 0.373 seconds
[2025-02-18T05:43:10.712+0000] {processor.py:186} INFO - Started process (PID=8847) to work on /home/airflow/.local/lib/python3.12/site-packages/airflow/example_dags/example_inlet_event_extra.py
[2025-02-18T05:43:10.713+0000] {processor.py:914} INFO - Processing file /home/airflow/.local/lib/python3.12/site-packages/airflow/example_dags/example_inlet_event_extra.py for tasks to queue
[2025-02-18T05:43:10.713+0000] {logging_mixin.py:190} INFO - [2025-02-18T05:43:10.713+0000] {dagbag.py:588} INFO - Filling up the DagBag from /home/airflow/.local/lib/python3.12/site-packages/airflow/example_dags/example_inlet_event_extra.py
[2025-02-18T05:43:11.013+0000] {processor.py:925} INFO - DAG(s) 'read_dataset_event', 'read_dataset_event_from_classic' retrieved from /home/airflow/.local/lib/python3.12/site-packages/airflow/example_dags/example_inlet_event_extra.py
[2025-02-18T05:43:11.030+0000] {logging_mixin.py:190} INFO - [2025-02-18T05:43:11.029+0000] {dag.py:3239} INFO - Sync 2 DAGs
[2025-02-18T05:43:11.041+0000] {logging_mixin.py:190} INFO - [2025-02-18T05:43:11.041+0000] {dag.py:4180} INFO - Setting next_dagrun for read_dataset_event to 2025-02-17 00:00:00+00:00, run_after=2025-02-18 00:00:00+00:00
[2025-02-18T05:43:11.050+0000] {logging_mixin.py:190} INFO - [2025-02-18T05:43:11.050+0000] {dag.py:4180} INFO - Setting next_dagrun for read_dataset_event_from_classic to 2025-02-17 00:00:00+00:00, run_after=2025-02-18 00:00:00+00:00
[2025-02-18T05:43:11.057+0000] {processor.py:208} INFO - Processing /home/airflow/.local/lib/python3.12/site-packages/airflow/example_dags/example_inlet_event_extra.py took 0.349 seconds
[2025-02-18T05:43:41.157+0000] {processor.py:186} INFO - Started process (PID=8912) to work on /home/airflow/.local/lib/python3.12/site-packages/airflow/example_dags/example_inlet_event_extra.py
[2025-02-18T05:43:41.159+0000] {processor.py:914} INFO - Processing file /home/airflow/.local/lib/python3.12/site-packages/airflow/example_dags/example_inlet_event_extra.py for tasks to queue
[2025-02-18T05:43:41.160+0000] {logging_mixin.py:190} INFO - [2025-02-18T05:43:41.160+0000] {dagbag.py:588} INFO - Filling up the DagBag from /home/airflow/.local/lib/python3.12/site-packages/airflow/example_dags/example_inlet_event_extra.py
[2025-02-18T05:43:41.470+0000] {processor.py:925} INFO - DAG(s) 'read_dataset_event_from_classic', 'read_dataset_event' retrieved from /home/airflow/.local/lib/python3.12/site-packages/airflow/example_dags/example_inlet_event_extra.py
[2025-02-18T05:43:41.480+0000] {logging_mixin.py:190} INFO - [2025-02-18T05:43:41.480+0000] {dag.py:3239} INFO - Sync 2 DAGs
[2025-02-18T05:43:41.491+0000] {logging_mixin.py:190} INFO - [2025-02-18T05:43:41.491+0000] {dag.py:4180} INFO - Setting next_dagrun for read_dataset_event to 2025-02-17 00:00:00+00:00, run_after=2025-02-18 00:00:00+00:00
[2025-02-18T05:43:41.494+0000] {logging_mixin.py:190} INFO - [2025-02-18T05:43:41.493+0000] {dag.py:4180} INFO - Setting next_dagrun for read_dataset_event_from_classic to 2025-02-17 00:00:00+00:00, run_after=2025-02-18 00:00:00+00:00
[2025-02-18T05:43:41.504+0000] {processor.py:208} INFO - Processing /home/airflow/.local/lib/python3.12/site-packages/airflow/example_dags/example_inlet_event_extra.py took 0.351 seconds
[2025-02-18T05:44:11.855+0000] {processor.py:186} INFO - Started process (PID=8977) to work on /home/airflow/.local/lib/python3.12/site-packages/airflow/example_dags/example_inlet_event_extra.py
[2025-02-18T05:44:11.856+0000] {processor.py:914} INFO - Processing file /home/airflow/.local/lib/python3.12/site-packages/airflow/example_dags/example_inlet_event_extra.py for tasks to queue
[2025-02-18T05:44:11.857+0000] {logging_mixin.py:190} INFO - [2025-02-18T05:44:11.857+0000] {dagbag.py:588} INFO - Filling up the DagBag from /home/airflow/.local/lib/python3.12/site-packages/airflow/example_dags/example_inlet_event_extra.py
[2025-02-18T05:44:12.169+0000] {processor.py:925} INFO - DAG(s) 'read_dataset_event_from_classic', 'read_dataset_event' retrieved from /home/airflow/.local/lib/python3.12/site-packages/airflow/example_dags/example_inlet_event_extra.py
[2025-02-18T05:44:12.181+0000] {logging_mixin.py:190} INFO - [2025-02-18T05:44:12.181+0000] {dag.py:3239} INFO - Sync 2 DAGs
[2025-02-18T05:44:12.192+0000] {logging_mixin.py:190} INFO - [2025-02-18T05:44:12.192+0000] {dag.py:4180} INFO - Setting next_dagrun for read_dataset_event to 2025-02-17 00:00:00+00:00, run_after=2025-02-18 00:00:00+00:00
[2025-02-18T05:44:12.194+0000] {logging_mixin.py:190} INFO - [2025-02-18T05:44:12.194+0000] {dag.py:4180} INFO - Setting next_dagrun for read_dataset_event_from_classic to 2025-02-17 00:00:00+00:00, run_after=2025-02-18 00:00:00+00:00
[2025-02-18T05:44:12.201+0000] {processor.py:208} INFO - Processing /home/airflow/.local/lib/python3.12/site-packages/airflow/example_dags/example_inlet_event_extra.py took 0.350 seconds
[2025-02-18T05:44:42.761+0000] {processor.py:186} INFO - Started process (PID=9038) to work on /home/airflow/.local/lib/python3.12/site-packages/airflow/example_dags/example_inlet_event_extra.py
[2025-02-18T05:44:42.761+0000] {processor.py:914} INFO - Processing file /home/airflow/.local/lib/python3.12/site-packages/airflow/example_dags/example_inlet_event_extra.py for tasks to queue
[2025-02-18T05:44:42.762+0000] {logging_mixin.py:190} INFO - [2025-02-18T05:44:42.762+0000] {dagbag.py:588} INFO - Filling up the DagBag from /home/airflow/.local/lib/python3.12/site-packages/airflow/example_dags/example_inlet_event_extra.py
[2025-02-18T05:44:43.064+0000] {processor.py:925} INFO - DAG(s) 'read_dataset_event_from_classic', 'read_dataset_event' retrieved from /home/airflow/.local/lib/python3.12/site-packages/airflow/example_dags/example_inlet_event_extra.py
[2025-02-18T05:44:43.081+0000] {logging_mixin.py:190} INFO - [2025-02-18T05:44:43.081+0000] {dag.py:3239} INFO - Sync 2 DAGs
[2025-02-18T05:44:43.098+0000] {logging_mixin.py:190} INFO - [2025-02-18T05:44:43.098+0000] {dag.py:4180} INFO - Setting next_dagrun for read_dataset_event to 2025-02-17 00:00:00+00:00, run_after=2025-02-18 00:00:00+00:00
[2025-02-18T05:44:43.102+0000] {logging_mixin.py:190} INFO - [2025-02-18T05:44:43.102+0000] {dag.py:4180} INFO - Setting next_dagrun for read_dataset_event_from_classic to 2025-02-17 00:00:00+00:00, run_after=2025-02-18 00:00:00+00:00
[2025-02-18T05:44:43.114+0000] {processor.py:208} INFO - Processing /home/airflow/.local/lib/python3.12/site-packages/airflow/example_dags/example_inlet_event_extra.py took 0.356 seconds
[2025-02-18T05:45:13.318+0000] {processor.py:186} INFO - Started process (PID=9102) to work on /home/airflow/.local/lib/python3.12/site-packages/airflow/example_dags/example_inlet_event_extra.py
[2025-02-18T05:45:13.319+0000] {processor.py:914} INFO - Processing file /home/airflow/.local/lib/python3.12/site-packages/airflow/example_dags/example_inlet_event_extra.py for tasks to queue
[2025-02-18T05:45:13.319+0000] {logging_mixin.py:190} INFO - [2025-02-18T05:45:13.319+0000] {dagbag.py:588} INFO - Filling up the DagBag from /home/airflow/.local/lib/python3.12/site-packages/airflow/example_dags/example_inlet_event_extra.py
[2025-02-18T05:45:13.628+0000] {processor.py:925} INFO - DAG(s) 'read_dataset_event', 'read_dataset_event_from_classic' retrieved from /home/airflow/.local/lib/python3.12/site-packages/airflow/example_dags/example_inlet_event_extra.py
[2025-02-18T05:45:13.640+0000] {logging_mixin.py:190} INFO - [2025-02-18T05:45:13.640+0000] {dag.py:3239} INFO - Sync 2 DAGs
[2025-02-18T05:45:13.653+0000] {logging_mixin.py:190} INFO - [2025-02-18T05:45:13.653+0000] {dag.py:4180} INFO - Setting next_dagrun for read_dataset_event to 2025-02-17 00:00:00+00:00, run_after=2025-02-18 00:00:00+00:00
[2025-02-18T05:45:13.657+0000] {logging_mixin.py:190} INFO - [2025-02-18T05:45:13.657+0000] {dag.py:4180} INFO - Setting next_dagrun for read_dataset_event_from_classic to 2025-02-17 00:00:00+00:00, run_after=2025-02-18 00:00:00+00:00
[2025-02-18T05:45:13.666+0000] {processor.py:208} INFO - Processing /home/airflow/.local/lib/python3.12/site-packages/airflow/example_dags/example_inlet_event_extra.py took 0.352 seconds
[2025-02-18T05:45:44.415+0000] {processor.py:186} INFO - Started process (PID=9172) to work on /home/airflow/.local/lib/python3.12/site-packages/airflow/example_dags/example_inlet_event_extra.py
[2025-02-18T05:45:44.415+0000] {processor.py:914} INFO - Processing file /home/airflow/.local/lib/python3.12/site-packages/airflow/example_dags/example_inlet_event_extra.py for tasks to queue
[2025-02-18T05:45:44.417+0000] {logging_mixin.py:190} INFO - [2025-02-18T05:45:44.417+0000] {dagbag.py:588} INFO - Filling up the DagBag from /home/airflow/.local/lib/python3.12/site-packages/airflow/example_dags/example_inlet_event_extra.py
[2025-02-18T05:45:44.708+0000] {processor.py:925} INFO - DAG(s) 'read_dataset_event', 'read_dataset_event_from_classic' retrieved from /home/airflow/.local/lib/python3.12/site-packages/airflow/example_dags/example_inlet_event_extra.py
[2025-02-18T05:45:44.722+0000] {logging_mixin.py:190} INFO - [2025-02-18T05:45:44.722+0000] {dag.py:3239} INFO - Sync 2 DAGs
[2025-02-18T05:45:44.734+0000] {logging_mixin.py:190} INFO - [2025-02-18T05:45:44.734+0000] {dag.py:4180} INFO - Setting next_dagrun for read_dataset_event to 2025-02-17 00:00:00+00:00, run_after=2025-02-18 00:00:00+00:00
[2025-02-18T05:45:44.736+0000] {logging_mixin.py:190} INFO - [2025-02-18T05:45:44.736+0000] {dag.py:4180} INFO - Setting next_dagrun for read_dataset_event_from_classic to 2025-02-17 00:00:00+00:00, run_after=2025-02-18 00:00:00+00:00
[2025-02-18T05:45:44.746+0000] {processor.py:208} INFO - Processing /home/airflow/.local/lib/python3.12/site-packages/airflow/example_dags/example_inlet_event_extra.py took 0.334 seconds
[2025-02-18T05:46:15.671+0000] {processor.py:186} INFO - Started process (PID=9230) to work on /home/airflow/.local/lib/python3.12/site-packages/airflow/example_dags/example_inlet_event_extra.py
[2025-02-18T05:46:15.672+0000] {processor.py:914} INFO - Processing file /home/airflow/.local/lib/python3.12/site-packages/airflow/example_dags/example_inlet_event_extra.py for tasks to queue
[2025-02-18T05:46:15.673+0000] {logging_mixin.py:190} INFO - [2025-02-18T05:46:15.672+0000] {dagbag.py:588} INFO - Filling up the DagBag from /home/airflow/.local/lib/python3.12/site-packages/airflow/example_dags/example_inlet_event_extra.py
[2025-02-18T05:46:15.985+0000] {processor.py:925} INFO - DAG(s) 'read_dataset_event_from_classic', 'read_dataset_event' retrieved from /home/airflow/.local/lib/python3.12/site-packages/airflow/example_dags/example_inlet_event_extra.py
[2025-02-18T05:46:15.995+0000] {logging_mixin.py:190} INFO - [2025-02-18T05:46:15.995+0000] {dag.py:3239} INFO - Sync 2 DAGs
[2025-02-18T05:46:16.005+0000] {logging_mixin.py:190} INFO - [2025-02-18T05:46:16.005+0000] {dag.py:4180} INFO - Setting next_dagrun for read_dataset_event to 2025-02-17 00:00:00+00:00, run_after=2025-02-18 00:00:00+00:00
[2025-02-18T05:46:16.007+0000] {logging_mixin.py:190} INFO - [2025-02-18T05:46:16.007+0000] {dag.py:4180} INFO - Setting next_dagrun for read_dataset_event_from_classic to 2025-02-17 00:00:00+00:00, run_after=2025-02-18 00:00:00+00:00
[2025-02-18T05:46:16.015+0000] {processor.py:208} INFO - Processing /home/airflow/.local/lib/python3.12/site-packages/airflow/example_dags/example_inlet_event_extra.py took 0.348 seconds
[2025-02-18T05:46:47.274+0000] {processor.py:186} INFO - Started process (PID=9294) to work on /home/airflow/.local/lib/python3.12/site-packages/airflow/example_dags/example_inlet_event_extra.py
[2025-02-18T05:46:47.275+0000] {processor.py:914} INFO - Processing file /home/airflow/.local/lib/python3.12/site-packages/airflow/example_dags/example_inlet_event_extra.py for tasks to queue
[2025-02-18T05:46:47.276+0000] {logging_mixin.py:190} INFO - [2025-02-18T05:46:47.276+0000] {dagbag.py:588} INFO - Filling up the DagBag from /home/airflow/.local/lib/python3.12/site-packages/airflow/example_dags/example_inlet_event_extra.py
[2025-02-18T05:46:47.591+0000] {processor.py:925} INFO - DAG(s) 'read_dataset_event_from_classic', 'read_dataset_event' retrieved from /home/airflow/.local/lib/python3.12/site-packages/airflow/example_dags/example_inlet_event_extra.py
[2025-02-18T05:46:47.600+0000] {logging_mixin.py:190} INFO - [2025-02-18T05:46:47.600+0000] {dag.py:3239} INFO - Sync 2 DAGs
[2025-02-18T05:46:47.611+0000] {logging_mixin.py:190} INFO - [2025-02-18T05:46:47.611+0000] {dag.py:4180} INFO - Setting next_dagrun for read_dataset_event to 2025-02-17 00:00:00+00:00, run_after=2025-02-18 00:00:00+00:00
[2025-02-18T05:46:47.613+0000] {logging_mixin.py:190} INFO - [2025-02-18T05:46:47.613+0000] {dag.py:4180} INFO - Setting next_dagrun for read_dataset_event_from_classic to 2025-02-17 00:00:00+00:00, run_after=2025-02-18 00:00:00+00:00
[2025-02-18T05:46:47.621+0000] {processor.py:208} INFO - Processing /home/airflow/.local/lib/python3.12/site-packages/airflow/example_dags/example_inlet_event_extra.py took 0.351 seconds
[2025-02-18T05:47:18.563+0000] {processor.py:186} INFO - Started process (PID=9358) to work on /home/airflow/.local/lib/python3.12/site-packages/airflow/example_dags/example_inlet_event_extra.py
[2025-02-18T05:47:18.564+0000] {processor.py:914} INFO - Processing file /home/airflow/.local/lib/python3.12/site-packages/airflow/example_dags/example_inlet_event_extra.py for tasks to queue
[2025-02-18T05:47:18.565+0000] {logging_mixin.py:190} INFO - [2025-02-18T05:47:18.565+0000] {dagbag.py:588} INFO - Filling up the DagBag from /home/airflow/.local/lib/python3.12/site-packages/airflow/example_dags/example_inlet_event_extra.py
[2025-02-18T05:47:18.919+0000] {processor.py:925} INFO - DAG(s) 'read_dataset_event', 'read_dataset_event_from_classic' retrieved from /home/airflow/.local/lib/python3.12/site-packages/airflow/example_dags/example_inlet_event_extra.py
[2025-02-18T05:47:18.928+0000] {logging_mixin.py:190} INFO - [2025-02-18T05:47:18.928+0000] {dag.py:3239} INFO - Sync 2 DAGs
[2025-02-18T05:47:18.942+0000] {logging_mixin.py:190} INFO - [2025-02-18T05:47:18.941+0000] {dag.py:4180} INFO - Setting next_dagrun for read_dataset_event to 2025-02-17 00:00:00+00:00, run_after=2025-02-18 00:00:00+00:00
[2025-02-18T05:47:18.945+0000] {logging_mixin.py:190} INFO - [2025-02-18T05:47:18.945+0000] {dag.py:4180} INFO - Setting next_dagrun for read_dataset_event_from_classic to 2025-02-17 00:00:00+00:00, run_after=2025-02-18 00:00:00+00:00
[2025-02-18T05:47:18.954+0000] {processor.py:208} INFO - Processing /home/airflow/.local/lib/python3.12/site-packages/airflow/example_dags/example_inlet_event_extra.py took 0.395 seconds
[2025-02-18T05:47:49.601+0000] {processor.py:186} INFO - Started process (PID=9422) to work on /home/airflow/.local/lib/python3.12/site-packages/airflow/example_dags/example_inlet_event_extra.py
[2025-02-18T05:47:49.601+0000] {processor.py:914} INFO - Processing file /home/airflow/.local/lib/python3.12/site-packages/airflow/example_dags/example_inlet_event_extra.py for tasks to queue
[2025-02-18T05:47:49.602+0000] {logging_mixin.py:190} INFO - [2025-02-18T05:47:49.602+0000] {dagbag.py:588} INFO - Filling up the DagBag from /home/airflow/.local/lib/python3.12/site-packages/airflow/example_dags/example_inlet_event_extra.py
[2025-02-18T05:47:49.912+0000] {processor.py:925} INFO - DAG(s) 'read_dataset_event_from_classic', 'read_dataset_event' retrieved from /home/airflow/.local/lib/python3.12/site-packages/airflow/example_dags/example_inlet_event_extra.py
[2025-02-18T05:47:49.922+0000] {logging_mixin.py:190} INFO - [2025-02-18T05:47:49.922+0000] {dag.py:3239} INFO - Sync 2 DAGs
[2025-02-18T05:47:49.933+0000] {logging_mixin.py:190} INFO - [2025-02-18T05:47:49.933+0000] {dag.py:4180} INFO - Setting next_dagrun for read_dataset_event to 2025-02-17 00:00:00+00:00, run_after=2025-02-18 00:00:00+00:00
[2025-02-18T05:47:49.936+0000] {logging_mixin.py:190} INFO - [2025-02-18T05:47:49.936+0000] {dag.py:4180} INFO - Setting next_dagrun for read_dataset_event_from_classic to 2025-02-17 00:00:00+00:00, run_after=2025-02-18 00:00:00+00:00
[2025-02-18T05:47:49.945+0000] {processor.py:208} INFO - Processing /home/airflow/.local/lib/python3.12/site-packages/airflow/example_dags/example_inlet_event_extra.py took 0.348 seconds
[2025-02-18T05:48:21.042+0000] {processor.py:186} INFO - Started process (PID=9486) to work on /home/airflow/.local/lib/python3.12/site-packages/airflow/example_dags/example_inlet_event_extra.py
[2025-02-18T05:48:21.042+0000] {processor.py:914} INFO - Processing file /home/airflow/.local/lib/python3.12/site-packages/airflow/example_dags/example_inlet_event_extra.py for tasks to queue
[2025-02-18T05:48:21.043+0000] {logging_mixin.py:190} INFO - [2025-02-18T05:48:21.043+0000] {dagbag.py:588} INFO - Filling up the DagBag from /home/airflow/.local/lib/python3.12/site-packages/airflow/example_dags/example_inlet_event_extra.py
[2025-02-18T05:48:21.376+0000] {processor.py:925} INFO - DAG(s) 'read_dataset_event_from_classic', 'read_dataset_event' retrieved from /home/airflow/.local/lib/python3.12/site-packages/airflow/example_dags/example_inlet_event_extra.py
[2025-02-18T05:48:21.391+0000] {logging_mixin.py:190} INFO - [2025-02-18T05:48:21.391+0000] {dag.py:3239} INFO - Sync 2 DAGs
[2025-02-18T05:48:21.402+0000] {logging_mixin.py:190} INFO - [2025-02-18T05:48:21.402+0000] {dag.py:4180} INFO - Setting next_dagrun for read_dataset_event to 2025-02-17 00:00:00+00:00, run_after=2025-02-18 00:00:00+00:00
[2025-02-18T05:48:21.406+0000] {logging_mixin.py:190} INFO - [2025-02-18T05:48:21.406+0000] {dag.py:4180} INFO - Setting next_dagrun for read_dataset_event_from_classic to 2025-02-17 00:00:00+00:00, run_after=2025-02-18 00:00:00+00:00
[2025-02-18T05:48:21.417+0000] {processor.py:208} INFO - Processing /home/airflow/.local/lib/python3.12/site-packages/airflow/example_dags/example_inlet_event_extra.py took 0.378 seconds
[2025-02-18T05:48:52.008+0000] {processor.py:186} INFO - Started process (PID=9550) to work on /home/airflow/.local/lib/python3.12/site-packages/airflow/example_dags/example_inlet_event_extra.py
[2025-02-18T05:48:52.009+0000] {processor.py:914} INFO - Processing file /home/airflow/.local/lib/python3.12/site-packages/airflow/example_dags/example_inlet_event_extra.py for tasks to queue
[2025-02-18T05:48:52.010+0000] {logging_mixin.py:190} INFO - [2025-02-18T05:48:52.010+0000] {dagbag.py:588} INFO - Filling up the DagBag from /home/airflow/.local/lib/python3.12/site-packages/airflow/example_dags/example_inlet_event_extra.py
[2025-02-18T05:48:52.318+0000] {processor.py:925} INFO - DAG(s) 'read_dataset_event', 'read_dataset_event_from_classic' retrieved from /home/airflow/.local/lib/python3.12/site-packages/airflow/example_dags/example_inlet_event_extra.py
[2025-02-18T05:48:52.329+0000] {logging_mixin.py:190} INFO - [2025-02-18T05:48:52.329+0000] {dag.py:3239} INFO - Sync 2 DAGs
[2025-02-18T05:48:52.340+0000] {logging_mixin.py:190} INFO - [2025-02-18T05:48:52.340+0000] {dag.py:4180} INFO - Setting next_dagrun for read_dataset_event to 2025-02-17 00:00:00+00:00, run_after=2025-02-18 00:00:00+00:00
[2025-02-18T05:48:52.344+0000] {logging_mixin.py:190} INFO - [2025-02-18T05:48:52.344+0000] {dag.py:4180} INFO - Setting next_dagrun for read_dataset_event_from_classic to 2025-02-17 00:00:00+00:00, run_after=2025-02-18 00:00:00+00:00
[2025-02-18T05:48:52.352+0000] {processor.py:208} INFO - Processing /home/airflow/.local/lib/python3.12/site-packages/airflow/example_dags/example_inlet_event_extra.py took 0.353 seconds
[2025-02-18T05:49:23.048+0000] {processor.py:186} INFO - Started process (PID=9614) to work on /home/airflow/.local/lib/python3.12/site-packages/airflow/example_dags/example_inlet_event_extra.py
[2025-02-18T05:49:23.049+0000] {processor.py:914} INFO - Processing file /home/airflow/.local/lib/python3.12/site-packages/airflow/example_dags/example_inlet_event_extra.py for tasks to queue
[2025-02-18T05:49:23.049+0000] {logging_mixin.py:190} INFO - [2025-02-18T05:49:23.049+0000] {dagbag.py:588} INFO - Filling up the DagBag from /home/airflow/.local/lib/python3.12/site-packages/airflow/example_dags/example_inlet_event_extra.py
[2025-02-18T05:49:23.343+0000] {processor.py:925} INFO - DAG(s) 'read_dataset_event', 'read_dataset_event_from_classic' retrieved from /home/airflow/.local/lib/python3.12/site-packages/airflow/example_dags/example_inlet_event_extra.py
[2025-02-18T05:49:23.359+0000] {logging_mixin.py:190} INFO - [2025-02-18T05:49:23.359+0000] {dag.py:3239} INFO - Sync 2 DAGs
[2025-02-18T05:49:23.368+0000] {logging_mixin.py:190} INFO - [2025-02-18T05:49:23.368+0000] {dag.py:4180} INFO - Setting next_dagrun for read_dataset_event to 2025-02-17 00:00:00+00:00, run_after=2025-02-18 00:00:00+00:00
[2025-02-18T05:49:23.370+0000] {logging_mixin.py:190} INFO - [2025-02-18T05:49:23.370+0000] {dag.py:4180} INFO - Setting next_dagrun for read_dataset_event_from_classic to 2025-02-17 00:00:00+00:00, run_after=2025-02-18 00:00:00+00:00
[2025-02-18T05:49:23.378+0000] {processor.py:208} INFO - Processing /home/airflow/.local/lib/python3.12/site-packages/airflow/example_dags/example_inlet_event_extra.py took 0.334 seconds
[2025-02-18T05:49:54.336+0000] {processor.py:186} INFO - Started process (PID=9678) to work on /home/airflow/.local/lib/python3.12/site-packages/airflow/example_dags/example_inlet_event_extra.py
[2025-02-18T05:49:54.337+0000] {processor.py:914} INFO - Processing file /home/airflow/.local/lib/python3.12/site-packages/airflow/example_dags/example_inlet_event_extra.py for tasks to queue
[2025-02-18T05:49:54.338+0000] {logging_mixin.py:190} INFO - [2025-02-18T05:49:54.337+0000] {dagbag.py:588} INFO - Filling up the DagBag from /home/airflow/.local/lib/python3.12/site-packages/airflow/example_dags/example_inlet_event_extra.py
[2025-02-18T05:49:54.649+0000] {processor.py:925} INFO - DAG(s) 'read_dataset_event_from_classic', 'read_dataset_event' retrieved from /home/airflow/.local/lib/python3.12/site-packages/airflow/example_dags/example_inlet_event_extra.py
[2025-02-18T05:49:54.663+0000] {logging_mixin.py:190} INFO - [2025-02-18T05:49:54.663+0000] {dag.py:3239} INFO - Sync 2 DAGs
[2025-02-18T05:49:54.675+0000] {logging_mixin.py:190} INFO - [2025-02-18T05:49:54.674+0000] {dag.py:4180} INFO - Setting next_dagrun for read_dataset_event to 2025-02-17 00:00:00+00:00, run_after=2025-02-18 00:00:00+00:00
[2025-02-18T05:49:54.677+0000] {logging_mixin.py:190} INFO - [2025-02-18T05:49:54.677+0000] {dag.py:4180} INFO - Setting next_dagrun for read_dataset_event_from_classic to 2025-02-17 00:00:00+00:00, run_after=2025-02-18 00:00:00+00:00
[2025-02-18T05:49:54.688+0000] {processor.py:208} INFO - Processing /home/airflow/.local/lib/python3.12/site-packages/airflow/example_dags/example_inlet_event_extra.py took 0.356 seconds
[2025-02-18T05:50:25.493+0000] {processor.py:186} INFO - Started process (PID=9742) to work on /home/airflow/.local/lib/python3.12/site-packages/airflow/example_dags/example_inlet_event_extra.py
[2025-02-18T05:50:25.494+0000] {processor.py:914} INFO - Processing file /home/airflow/.local/lib/python3.12/site-packages/airflow/example_dags/example_inlet_event_extra.py for tasks to queue
[2025-02-18T05:50:25.494+0000] {logging_mixin.py:190} INFO - [2025-02-18T05:50:25.494+0000] {dagbag.py:588} INFO - Filling up the DagBag from /home/airflow/.local/lib/python3.12/site-packages/airflow/example_dags/example_inlet_event_extra.py
[2025-02-18T05:50:25.798+0000] {processor.py:925} INFO - DAG(s) 'read_dataset_event_from_classic', 'read_dataset_event' retrieved from /home/airflow/.local/lib/python3.12/site-packages/airflow/example_dags/example_inlet_event_extra.py
[2025-02-18T05:50:25.809+0000] {logging_mixin.py:190} INFO - [2025-02-18T05:50:25.809+0000] {dag.py:3239} INFO - Sync 2 DAGs
[2025-02-18T05:50:25.820+0000] {logging_mixin.py:190} INFO - [2025-02-18T05:50:25.820+0000] {dag.py:4180} INFO - Setting next_dagrun for read_dataset_event to 2025-02-17 00:00:00+00:00, run_after=2025-02-18 00:00:00+00:00
[2025-02-18T05:50:25.822+0000] {logging_mixin.py:190} INFO - [2025-02-18T05:50:25.822+0000] {dag.py:4180} INFO - Setting next_dagrun for read_dataset_event_from_classic to 2025-02-17 00:00:00+00:00, run_after=2025-02-18 00:00:00+00:00
[2025-02-18T05:50:25.831+0000] {processor.py:208} INFO - Processing /home/airflow/.local/lib/python3.12/site-packages/airflow/example_dags/example_inlet_event_extra.py took 0.341 seconds
[2025-02-18T05:50:56.962+0000] {processor.py:186} INFO - Started process (PID=9807) to work on /home/airflow/.local/lib/python3.12/site-packages/airflow/example_dags/example_inlet_event_extra.py
[2025-02-18T05:50:56.965+0000] {processor.py:914} INFO - Processing file /home/airflow/.local/lib/python3.12/site-packages/airflow/example_dags/example_inlet_event_extra.py for tasks to queue
[2025-02-18T05:50:56.966+0000] {logging_mixin.py:190} INFO - [2025-02-18T05:50:56.965+0000] {dagbag.py:588} INFO - Filling up the DagBag from /home/airflow/.local/lib/python3.12/site-packages/airflow/example_dags/example_inlet_event_extra.py
[2025-02-18T05:50:57.276+0000] {processor.py:925} INFO - DAG(s) 'read_dataset_event', 'read_dataset_event_from_classic' retrieved from /home/airflow/.local/lib/python3.12/site-packages/airflow/example_dags/example_inlet_event_extra.py
[2025-02-18T05:50:57.290+0000] {logging_mixin.py:190} INFO - [2025-02-18T05:50:57.290+0000] {dag.py:3239} INFO - Sync 2 DAGs
[2025-02-18T05:50:57.301+0000] {logging_mixin.py:190} INFO - [2025-02-18T05:50:57.301+0000] {dag.py:4180} INFO - Setting next_dagrun for read_dataset_event to 2025-02-17 00:00:00+00:00, run_after=2025-02-18 00:00:00+00:00
[2025-02-18T05:50:57.305+0000] {logging_mixin.py:190} INFO - [2025-02-18T05:50:57.305+0000] {dag.py:4180} INFO - Setting next_dagrun for read_dataset_event_from_classic to 2025-02-17 00:00:00+00:00, run_after=2025-02-18 00:00:00+00:00
[2025-02-18T05:50:57.316+0000] {processor.py:208} INFO - Processing /home/airflow/.local/lib/python3.12/site-packages/airflow/example_dags/example_inlet_event_extra.py took 0.356 seconds
[2025-02-18T05:51:28.343+0000] {processor.py:186} INFO - Started process (PID=9871) to work on /home/airflow/.local/lib/python3.12/site-packages/airflow/example_dags/example_inlet_event_extra.py
[2025-02-18T05:51:28.344+0000] {processor.py:914} INFO - Processing file /home/airflow/.local/lib/python3.12/site-packages/airflow/example_dags/example_inlet_event_extra.py for tasks to queue
[2025-02-18T05:51:28.345+0000] {logging_mixin.py:190} INFO - [2025-02-18T05:51:28.345+0000] {dagbag.py:588} INFO - Filling up the DagBag from /home/airflow/.local/lib/python3.12/site-packages/airflow/example_dags/example_inlet_event_extra.py
[2025-02-18T05:51:28.656+0000] {processor.py:925} INFO - DAG(s) 'read_dataset_event_from_classic', 'read_dataset_event' retrieved from /home/airflow/.local/lib/python3.12/site-packages/airflow/example_dags/example_inlet_event_extra.py
[2025-02-18T05:51:28.666+0000] {logging_mixin.py:190} INFO - [2025-02-18T05:51:28.666+0000] {dag.py:3239} INFO - Sync 2 DAGs
[2025-02-18T05:51:28.679+0000] {logging_mixin.py:190} INFO - [2025-02-18T05:51:28.679+0000] {dag.py:4180} INFO - Setting next_dagrun for read_dataset_event to 2025-02-17 00:00:00+00:00, run_after=2025-02-18 00:00:00+00:00
[2025-02-18T05:51:28.684+0000] {logging_mixin.py:190} INFO - [2025-02-18T05:51:28.683+0000] {dag.py:4180} INFO - Setting next_dagrun for read_dataset_event_from_classic to 2025-02-17 00:00:00+00:00, run_after=2025-02-18 00:00:00+00:00
[2025-02-18T05:51:28.693+0000] {processor.py:208} INFO - Processing /home/airflow/.local/lib/python3.12/site-packages/airflow/example_dags/example_inlet_event_extra.py took 0.357 seconds
[2025-02-18T05:52:00.042+0000] {processor.py:186} INFO - Started process (PID=9935) to work on /home/airflow/.local/lib/python3.12/site-packages/airflow/example_dags/example_inlet_event_extra.py
[2025-02-18T05:52:00.044+0000] {processor.py:914} INFO - Processing file /home/airflow/.local/lib/python3.12/site-packages/airflow/example_dags/example_inlet_event_extra.py for tasks to queue
[2025-02-18T05:52:00.045+0000] {logging_mixin.py:190} INFO - [2025-02-18T05:52:00.045+0000] {dagbag.py:588} INFO - Filling up the DagBag from /home/airflow/.local/lib/python3.12/site-packages/airflow/example_dags/example_inlet_event_extra.py
[2025-02-18T05:52:00.374+0000] {processor.py:925} INFO - DAG(s) 'read_dataset_event', 'read_dataset_event_from_classic' retrieved from /home/airflow/.local/lib/python3.12/site-packages/airflow/example_dags/example_inlet_event_extra.py
[2025-02-18T05:52:00.385+0000] {logging_mixin.py:190} INFO - [2025-02-18T05:52:00.385+0000] {dag.py:3239} INFO - Sync 2 DAGs
[2025-02-18T05:52:00.401+0000] {logging_mixin.py:190} INFO - [2025-02-18T05:52:00.400+0000] {dag.py:4180} INFO - Setting next_dagrun for read_dataset_event to 2025-02-17 00:00:00+00:00, run_after=2025-02-18 00:00:00+00:00
[2025-02-18T05:52:00.405+0000] {logging_mixin.py:190} INFO - [2025-02-18T05:52:00.404+0000] {dag.py:4180} INFO - Setting next_dagrun for read_dataset_event_from_classic to 2025-02-17 00:00:00+00:00, run_after=2025-02-18 00:00:00+00:00
[2025-02-18T05:52:00.414+0000] {processor.py:208} INFO - Processing /home/airflow/.local/lib/python3.12/site-packages/airflow/example_dags/example_inlet_event_extra.py took 0.387 seconds
[2025-02-18T05:52:31.307+0000] {processor.py:186} INFO - Started process (PID=9999) to work on /home/airflow/.local/lib/python3.12/site-packages/airflow/example_dags/example_inlet_event_extra.py
[2025-02-18T05:52:31.308+0000] {processor.py:914} INFO - Processing file /home/airflow/.local/lib/python3.12/site-packages/airflow/example_dags/example_inlet_event_extra.py for tasks to queue
[2025-02-18T05:52:31.309+0000] {logging_mixin.py:190} INFO - [2025-02-18T05:52:31.308+0000] {dagbag.py:588} INFO - Filling up the DagBag from /home/airflow/.local/lib/python3.12/site-packages/airflow/example_dags/example_inlet_event_extra.py
[2025-02-18T05:52:31.612+0000] {processor.py:925} INFO - DAG(s) 'read_dataset_event', 'read_dataset_event_from_classic' retrieved from /home/airflow/.local/lib/python3.12/site-packages/airflow/example_dags/example_inlet_event_extra.py
[2025-02-18T05:52:31.623+0000] {logging_mixin.py:190} INFO - [2025-02-18T05:52:31.623+0000] {dag.py:3239} INFO - Sync 2 DAGs
[2025-02-18T05:52:31.635+0000] {logging_mixin.py:190} INFO - [2025-02-18T05:52:31.635+0000] {dag.py:4180} INFO - Setting next_dagrun for read_dataset_event to 2025-02-17 00:00:00+00:00, run_after=2025-02-18 00:00:00+00:00
[2025-02-18T05:52:31.639+0000] {logging_mixin.py:190} INFO - [2025-02-18T05:52:31.639+0000] {dag.py:4180} INFO - Setting next_dagrun for read_dataset_event_from_classic to 2025-02-17 00:00:00+00:00, run_after=2025-02-18 00:00:00+00:00
[2025-02-18T05:52:31.650+0000] {processor.py:208} INFO - Processing /home/airflow/.local/lib/python3.12/site-packages/airflow/example_dags/example_inlet_event_extra.py took 0.347 seconds
[2025-02-18T05:53:02.473+0000] {processor.py:186} INFO - Started process (PID=10063) to work on /home/airflow/.local/lib/python3.12/site-packages/airflow/example_dags/example_inlet_event_extra.py
[2025-02-18T05:53:02.474+0000] {processor.py:914} INFO - Processing file /home/airflow/.local/lib/python3.12/site-packages/airflow/example_dags/example_inlet_event_extra.py for tasks to queue
[2025-02-18T05:53:02.474+0000] {logging_mixin.py:190} INFO - [2025-02-18T05:53:02.474+0000] {dagbag.py:588} INFO - Filling up the DagBag from /home/airflow/.local/lib/python3.12/site-packages/airflow/example_dags/example_inlet_event_extra.py
[2025-02-18T05:53:02.780+0000] {processor.py:925} INFO - DAG(s) 'read_dataset_event', 'read_dataset_event_from_classic' retrieved from /home/airflow/.local/lib/python3.12/site-packages/airflow/example_dags/example_inlet_event_extra.py
[2025-02-18T05:53:02.790+0000] {logging_mixin.py:190} INFO - [2025-02-18T05:53:02.790+0000] {dag.py:3239} INFO - Sync 2 DAGs
[2025-02-18T05:53:02.802+0000] {logging_mixin.py:190} INFO - [2025-02-18T05:53:02.802+0000] {dag.py:4180} INFO - Setting next_dagrun for read_dataset_event to 2025-02-17 00:00:00+00:00, run_after=2025-02-18 00:00:00+00:00
[2025-02-18T05:53:02.805+0000] {logging_mixin.py:190} INFO - [2025-02-18T05:53:02.805+0000] {dag.py:4180} INFO - Setting next_dagrun for read_dataset_event_from_classic to 2025-02-17 00:00:00+00:00, run_after=2025-02-18 00:00:00+00:00
[2025-02-18T05:53:02.813+0000] {processor.py:208} INFO - Processing /home/airflow/.local/lib/python3.12/site-packages/airflow/example_dags/example_inlet_event_extra.py took 0.345 seconds
[2025-02-18T05:53:33.684+0000] {processor.py:186} INFO - Started process (PID=10133) to work on /home/airflow/.local/lib/python3.12/site-packages/airflow/example_dags/example_inlet_event_extra.py
[2025-02-18T05:53:33.684+0000] {processor.py:914} INFO - Processing file /home/airflow/.local/lib/python3.12/site-packages/airflow/example_dags/example_inlet_event_extra.py for tasks to queue
[2025-02-18T05:53:33.685+0000] {logging_mixin.py:190} INFO - [2025-02-18T05:53:33.685+0000] {dagbag.py:588} INFO - Filling up the DagBag from /home/airflow/.local/lib/python3.12/site-packages/airflow/example_dags/example_inlet_event_extra.py
[2025-02-18T05:53:34.018+0000] {processor.py:925} INFO - DAG(s) 'read_dataset_event', 'read_dataset_event_from_classic' retrieved from /home/airflow/.local/lib/python3.12/site-packages/airflow/example_dags/example_inlet_event_extra.py
[2025-02-18T05:53:34.028+0000] {logging_mixin.py:190} INFO - [2025-02-18T05:53:34.028+0000] {dag.py:3239} INFO - Sync 2 DAGs
[2025-02-18T05:53:34.039+0000] {logging_mixin.py:190} INFO - [2025-02-18T05:53:34.039+0000] {dag.py:4180} INFO - Setting next_dagrun for read_dataset_event to 2025-02-17 00:00:00+00:00, run_after=2025-02-18 00:00:00+00:00
[2025-02-18T05:53:34.041+0000] {logging_mixin.py:190} INFO - [2025-02-18T05:53:34.041+0000] {dag.py:4180} INFO - Setting next_dagrun for read_dataset_event_from_classic to 2025-02-17 00:00:00+00:00, run_after=2025-02-18 00:00:00+00:00
[2025-02-18T05:53:34.051+0000] {processor.py:208} INFO - Processing /home/airflow/.local/lib/python3.12/site-packages/airflow/example_dags/example_inlet_event_extra.py took 0.371 seconds
[2025-02-18T05:54:05.058+0000] {processor.py:186} INFO - Started process (PID=10196) to work on /home/airflow/.local/lib/python3.12/site-packages/airflow/example_dags/example_inlet_event_extra.py
[2025-02-18T05:54:05.060+0000] {processor.py:914} INFO - Processing file /home/airflow/.local/lib/python3.12/site-packages/airflow/example_dags/example_inlet_event_extra.py for tasks to queue
[2025-02-18T05:54:05.060+0000] {logging_mixin.py:190} INFO - [2025-02-18T05:54:05.060+0000] {dagbag.py:588} INFO - Filling up the DagBag from /home/airflow/.local/lib/python3.12/site-packages/airflow/example_dags/example_inlet_event_extra.py
[2025-02-18T05:54:05.389+0000] {processor.py:925} INFO - DAG(s) 'read_dataset_event_from_classic', 'read_dataset_event' retrieved from /home/airflow/.local/lib/python3.12/site-packages/airflow/example_dags/example_inlet_event_extra.py
[2025-02-18T05:54:05.400+0000] {logging_mixin.py:190} INFO - [2025-02-18T05:54:05.400+0000] {dag.py:3239} INFO - Sync 2 DAGs
[2025-02-18T05:54:05.411+0000] {logging_mixin.py:190} INFO - [2025-02-18T05:54:05.411+0000] {dag.py:4180} INFO - Setting next_dagrun for read_dataset_event to 2025-02-17 00:00:00+00:00, run_after=2025-02-18 00:00:00+00:00
[2025-02-18T05:54:05.413+0000] {logging_mixin.py:190} INFO - [2025-02-18T05:54:05.413+0000] {dag.py:4180} INFO - Setting next_dagrun for read_dataset_event_from_classic to 2025-02-17 00:00:00+00:00, run_after=2025-02-18 00:00:00+00:00
[2025-02-18T05:54:05.421+0000] {processor.py:208} INFO - Processing /home/airflow/.local/lib/python3.12/site-packages/airflow/example_dags/example_inlet_event_extra.py took 0.366 seconds
[2025-02-18T05:54:36.211+0000] {processor.py:186} INFO - Started process (PID=10260) to work on /home/airflow/.local/lib/python3.12/site-packages/airflow/example_dags/example_inlet_event_extra.py
[2025-02-18T05:54:36.212+0000] {processor.py:914} INFO - Processing file /home/airflow/.local/lib/python3.12/site-packages/airflow/example_dags/example_inlet_event_extra.py for tasks to queue
[2025-02-18T05:54:36.214+0000] {logging_mixin.py:190} INFO - [2025-02-18T05:54:36.213+0000] {dagbag.py:588} INFO - Filling up the DagBag from /home/airflow/.local/lib/python3.12/site-packages/airflow/example_dags/example_inlet_event_extra.py
[2025-02-18T05:54:36.525+0000] {processor.py:925} INFO - DAG(s) 'read_dataset_event', 'read_dataset_event_from_classic' retrieved from /home/airflow/.local/lib/python3.12/site-packages/airflow/example_dags/example_inlet_event_extra.py
[2025-02-18T05:54:36.539+0000] {logging_mixin.py:190} INFO - [2025-02-18T05:54:36.538+0000] {dag.py:3239} INFO - Sync 2 DAGs
[2025-02-18T05:54:36.550+0000] {logging_mixin.py:190} INFO - [2025-02-18T05:54:36.550+0000] {dag.py:4180} INFO - Setting next_dagrun for read_dataset_event to 2025-02-17 00:00:00+00:00, run_after=2025-02-18 00:00:00+00:00
[2025-02-18T05:54:36.553+0000] {logging_mixin.py:190} INFO - [2025-02-18T05:54:36.553+0000] {dag.py:4180} INFO - Setting next_dagrun for read_dataset_event_from_classic to 2025-02-17 00:00:00+00:00, run_after=2025-02-18 00:00:00+00:00
[2025-02-18T05:54:36.562+0000] {processor.py:208} INFO - Processing /home/airflow/.local/lib/python3.12/site-packages/airflow/example_dags/example_inlet_event_extra.py took 0.355 seconds
[2025-02-18T05:55:07.537+0000] {processor.py:186} INFO - Started process (PID=10324) to work on /home/airflow/.local/lib/python3.12/site-packages/airflow/example_dags/example_inlet_event_extra.py
[2025-02-18T05:55:07.538+0000] {processor.py:914} INFO - Processing file /home/airflow/.local/lib/python3.12/site-packages/airflow/example_dags/example_inlet_event_extra.py for tasks to queue
[2025-02-18T05:55:07.539+0000] {logging_mixin.py:190} INFO - [2025-02-18T05:55:07.538+0000] {dagbag.py:588} INFO - Filling up the DagBag from /home/airflow/.local/lib/python3.12/site-packages/airflow/example_dags/example_inlet_event_extra.py
[2025-02-18T05:55:07.843+0000] {processor.py:925} INFO - DAG(s) 'read_dataset_event_from_classic', 'read_dataset_event' retrieved from /home/airflow/.local/lib/python3.12/site-packages/airflow/example_dags/example_inlet_event_extra.py
[2025-02-18T05:55:07.852+0000] {logging_mixin.py:190} INFO - [2025-02-18T05:55:07.852+0000] {dag.py:3239} INFO - Sync 2 DAGs
[2025-02-18T05:55:07.863+0000] {logging_mixin.py:190} INFO - [2025-02-18T05:55:07.863+0000] {dag.py:4180} INFO - Setting next_dagrun for read_dataset_event to 2025-02-17 00:00:00+00:00, run_after=2025-02-18 00:00:00+00:00
[2025-02-18T05:55:07.866+0000] {logging_mixin.py:190} INFO - [2025-02-18T05:55:07.866+0000] {dag.py:4180} INFO - Setting next_dagrun for read_dataset_event_from_classic to 2025-02-17 00:00:00+00:00, run_after=2025-02-18 00:00:00+00:00
[2025-02-18T05:55:07.873+0000] {processor.py:208} INFO - Processing /home/airflow/.local/lib/python3.12/site-packages/airflow/example_dags/example_inlet_event_extra.py took 0.340 seconds
[2025-02-18T05:55:38.853+0000] {processor.py:186} INFO - Started process (PID=10388) to work on /home/airflow/.local/lib/python3.12/site-packages/airflow/example_dags/example_inlet_event_extra.py
[2025-02-18T05:55:38.854+0000] {processor.py:914} INFO - Processing file /home/airflow/.local/lib/python3.12/site-packages/airflow/example_dags/example_inlet_event_extra.py for tasks to queue
[2025-02-18T05:55:38.855+0000] {logging_mixin.py:190} INFO - [2025-02-18T05:55:38.855+0000] {dagbag.py:588} INFO - Filling up the DagBag from /home/airflow/.local/lib/python3.12/site-packages/airflow/example_dags/example_inlet_event_extra.py
[2025-02-18T05:55:39.148+0000] {processor.py:925} INFO - DAG(s) 'read_dataset_event', 'read_dataset_event_from_classic' retrieved from /home/airflow/.local/lib/python3.12/site-packages/airflow/example_dags/example_inlet_event_extra.py
[2025-02-18T05:55:39.161+0000] {logging_mixin.py:190} INFO - [2025-02-18T05:55:39.161+0000] {dag.py:3239} INFO - Sync 2 DAGs
[2025-02-18T05:55:39.172+0000] {logging_mixin.py:190} INFO - [2025-02-18T05:55:39.172+0000] {dag.py:4180} INFO - Setting next_dagrun for read_dataset_event to 2025-02-17 00:00:00+00:00, run_after=2025-02-18 00:00:00+00:00
[2025-02-18T05:55:39.174+0000] {logging_mixin.py:190} INFO - [2025-02-18T05:55:39.174+0000] {dag.py:4180} INFO - Setting next_dagrun for read_dataset_event_from_classic to 2025-02-17 00:00:00+00:00, run_after=2025-02-18 00:00:00+00:00
[2025-02-18T05:55:39.183+0000] {processor.py:208} INFO - Processing /home/airflow/.local/lib/python3.12/site-packages/airflow/example_dags/example_inlet_event_extra.py took 0.333 seconds
[2025-02-18T05:56:10.406+0000] {processor.py:186} INFO - Started process (PID=10452) to work on /home/airflow/.local/lib/python3.12/site-packages/airflow/example_dags/example_inlet_event_extra.py
[2025-02-18T05:56:10.406+0000] {processor.py:914} INFO - Processing file /home/airflow/.local/lib/python3.12/site-packages/airflow/example_dags/example_inlet_event_extra.py for tasks to queue
[2025-02-18T05:56:10.407+0000] {logging_mixin.py:190} INFO - [2025-02-18T05:56:10.407+0000] {dagbag.py:588} INFO - Filling up the DagBag from /home/airflow/.local/lib/python3.12/site-packages/airflow/example_dags/example_inlet_event_extra.py
[2025-02-18T05:56:10.711+0000] {processor.py:925} INFO - DAG(s) 'read_dataset_event', 'read_dataset_event_from_classic' retrieved from /home/airflow/.local/lib/python3.12/site-packages/airflow/example_dags/example_inlet_event_extra.py
[2025-02-18T05:56:10.723+0000] {logging_mixin.py:190} INFO - [2025-02-18T05:56:10.723+0000] {dag.py:3239} INFO - Sync 2 DAGs
[2025-02-18T05:56:10.734+0000] {logging_mixin.py:190} INFO - [2025-02-18T05:56:10.734+0000] {dag.py:4180} INFO - Setting next_dagrun for read_dataset_event to 2025-02-17 00:00:00+00:00, run_after=2025-02-18 00:00:00+00:00
[2025-02-18T05:56:10.736+0000] {logging_mixin.py:190} INFO - [2025-02-18T05:56:10.736+0000] {dag.py:4180} INFO - Setting next_dagrun for read_dataset_event_from_classic to 2025-02-17 00:00:00+00:00, run_after=2025-02-18 00:00:00+00:00
[2025-02-18T05:56:10.744+0000] {processor.py:208} INFO - Processing /home/airflow/.local/lib/python3.12/site-packages/airflow/example_dags/example_inlet_event_extra.py took 0.342 seconds
[2025-02-18T10:40:13.334+0000] {processor.py:186} INFO - Started process (PID=94) to work on /home/airflow/.local/lib/python3.12/site-packages/airflow/example_dags/example_inlet_event_extra.py
[2025-02-18T10:40:13.337+0000] {processor.py:914} INFO - Processing file /home/airflow/.local/lib/python3.12/site-packages/airflow/example_dags/example_inlet_event_extra.py for tasks to queue
[2025-02-18T10:40:13.341+0000] {logging_mixin.py:190} INFO - [2025-02-18T10:40:13.341+0000] {dagbag.py:588} INFO - Filling up the DagBag from /home/airflow/.local/lib/python3.12/site-packages/airflow/example_dags/example_inlet_event_extra.py
[2025-02-18T10:40:13.647+0000] {processor.py:925} INFO - DAG(s) 'read_dataset_event', 'read_dataset_event_from_classic' retrieved from /home/airflow/.local/lib/python3.12/site-packages/airflow/example_dags/example_inlet_event_extra.py
[2025-02-18T10:40:13.667+0000] {logging_mixin.py:190} INFO - [2025-02-18T10:40:13.667+0000] {dag.py:3239} INFO - Sync 2 DAGs
[2025-02-18T10:40:13.678+0000] {logging_mixin.py:190} INFO - [2025-02-18T10:40:13.678+0000] {dag.py:4180} INFO - Setting next_dagrun for read_dataset_event to 2025-02-17 00:00:00+00:00, run_after=2025-02-18 00:00:00+00:00
[2025-02-18T10:40:13.681+0000] {logging_mixin.py:190} INFO - [2025-02-18T10:40:13.681+0000] {dag.py:4180} INFO - Setting next_dagrun for read_dataset_event_from_classic to 2025-02-17 00:00:00+00:00, run_after=2025-02-18 00:00:00+00:00
[2025-02-18T10:40:13.689+0000] {processor.py:208} INFO - Processing /home/airflow/.local/lib/python3.12/site-packages/airflow/example_dags/example_inlet_event_extra.py took 0.358 seconds
[2025-02-18T10:47:03.715+0000] {processor.py:186} INFO - Started process (PID=97) to work on /home/airflow/.local/lib/python3.12/site-packages/airflow/example_dags/example_inlet_event_extra.py
[2025-02-18T10:47:03.716+0000] {processor.py:914} INFO - Processing file /home/airflow/.local/lib/python3.12/site-packages/airflow/example_dags/example_inlet_event_extra.py for tasks to queue
[2025-02-18T10:47:03.718+0000] {logging_mixin.py:190} INFO - [2025-02-18T10:47:03.718+0000] {dagbag.py:588} INFO - Filling up the DagBag from /home/airflow/.local/lib/python3.12/site-packages/airflow/example_dags/example_inlet_event_extra.py
[2025-02-18T10:47:04.082+0000] {processor.py:925} INFO - DAG(s) 'read_dataset_event_from_classic', 'read_dataset_event' retrieved from /home/airflow/.local/lib/python3.12/site-packages/airflow/example_dags/example_inlet_event_extra.py
[2025-02-18T10:47:04.097+0000] {logging_mixin.py:190} INFO - [2025-02-18T10:47:04.097+0000] {dag.py:3239} INFO - Sync 2 DAGs
[2025-02-18T10:47:04.109+0000] {logging_mixin.py:190} INFO - [2025-02-18T10:47:04.109+0000] {dag.py:4180} INFO - Setting next_dagrun for read_dataset_event to 2025-02-17 00:00:00+00:00, run_after=2025-02-18 00:00:00+00:00
[2025-02-18T10:47:04.112+0000] {logging_mixin.py:190} INFO - [2025-02-18T10:47:04.111+0000] {dag.py:4180} INFO - Setting next_dagrun for read_dataset_event_from_classic to 2025-02-17 00:00:00+00:00, run_after=2025-02-18 00:00:00+00:00
[2025-02-18T10:47:04.134+0000] {processor.py:208} INFO - Processing /home/airflow/.local/lib/python3.12/site-packages/airflow/example_dags/example_inlet_event_extra.py took 0.422 seconds
