[2025-02-18T01:09:48.081+0000] {processor.py:186} INFO - Started process (PID=8221) to work on /home/airflow/.local/lib/python3.12/site-packages/airflow/example_dags/example_sensors.py
[2025-02-18T01:09:48.082+0000] {processor.py:914} INFO - Processing file /home/airflow/.local/lib/python3.12/site-packages/airflow/example_dags/example_sensors.py for tasks to queue
[2025-02-18T01:09:48.083+0000] {logging_mixin.py:190} INFO - [2025-02-18T01:09:48.083+0000] {dagbag.py:588} INFO - Filling up the DagBag from /home/airflow/.local/lib/python3.12/site-packages/airflow/example_dags/example_sensors.py
[2025-02-18T01:09:48.090+0000] {processor.py:925} INFO - DAG(s) 'example_sensors' retrieved from /home/airflow/.local/lib/python3.12/site-packages/airflow/example_dags/example_sensors.py
[2025-02-18T01:09:48.107+0000] {logging_mixin.py:190} INFO - [2025-02-18T01:09:48.107+0000] {dag.py:3239} INFO - Sync 1 DAGs
[2025-02-18T01:09:48.119+0000] {logging_mixin.py:190} INFO - [2025-02-18T01:09:48.119+0000] {dag.py:4180} INFO - Setting next_dagrun for example_sensors to None, run_after=None
[2025-02-18T01:09:48.132+0000] {processor.py:208} INFO - Processing /home/airflow/.local/lib/python3.12/site-packages/airflow/example_dags/example_sensors.py took 0.055 seconds
[2025-02-18T01:44:58.385+0000] {processor.py:186} INFO - Started process (PID=8290) to work on /home/airflow/.local/lib/python3.12/site-packages/airflow/example_dags/example_sensors.py
[2025-02-18T01:44:58.386+0000] {processor.py:914} INFO - Processing file /home/airflow/.local/lib/python3.12/site-packages/airflow/example_dags/example_sensors.py for tasks to queue
[2025-02-18T01:44:58.387+0000] {logging_mixin.py:190} INFO - [2025-02-18T01:44:58.387+0000] {dagbag.py:588} INFO - Filling up the DagBag from /home/airflow/.local/lib/python3.12/site-packages/airflow/example_dags/example_sensors.py
[2025-02-18T01:44:58.394+0000] {processor.py:925} INFO - DAG(s) 'example_sensors' retrieved from /home/airflow/.local/lib/python3.12/site-packages/airflow/example_dags/example_sensors.py
[2025-02-18T01:44:58.411+0000] {logging_mixin.py:190} INFO - [2025-02-18T01:44:58.411+0000] {dag.py:3239} INFO - Sync 1 DAGs
[2025-02-18T01:44:58.420+0000] {logging_mixin.py:190} INFO - [2025-02-18T01:44:58.420+0000] {dag.py:4180} INFO - Setting next_dagrun for example_sensors to None, run_after=None
[2025-02-18T01:44:58.431+0000] {processor.py:208} INFO - Processing /home/airflow/.local/lib/python3.12/site-packages/airflow/example_dags/example_sensors.py took 0.050 seconds
[2025-02-18T02:31:35.926+0000] {processor.py:186} INFO - Started process (PID=8354) to work on /home/airflow/.local/lib/python3.12/site-packages/airflow/example_dags/example_sensors.py
[2025-02-18T02:31:35.927+0000] {processor.py:914} INFO - Processing file /home/airflow/.local/lib/python3.12/site-packages/airflow/example_dags/example_sensors.py for tasks to queue
[2025-02-18T02:31:35.927+0000] {logging_mixin.py:190} INFO - [2025-02-18T02:31:35.927+0000] {dagbag.py:588} INFO - Filling up the DagBag from /home/airflow/.local/lib/python3.12/site-packages/airflow/example_dags/example_sensors.py
[2025-02-18T02:31:35.934+0000] {processor.py:925} INFO - DAG(s) 'example_sensors' retrieved from /home/airflow/.local/lib/python3.12/site-packages/airflow/example_dags/example_sensors.py
[2025-02-18T02:31:35.947+0000] {logging_mixin.py:190} INFO - [2025-02-18T02:31:35.947+0000] {dag.py:3239} INFO - Sync 1 DAGs
[2025-02-18T02:31:35.953+0000] {logging_mixin.py:190} INFO - [2025-02-18T02:31:35.953+0000] {dag.py:4180} INFO - Setting next_dagrun for example_sensors to None, run_after=None
[2025-02-18T02:31:35.961+0000] {processor.py:208} INFO - Processing /home/airflow/.local/lib/python3.12/site-packages/airflow/example_dags/example_sensors.py took 0.040 seconds
[2025-02-18T02:54:39.398+0000] {processor.py:186} INFO - Started process (PID=8418) to work on /home/airflow/.local/lib/python3.12/site-packages/airflow/example_dags/example_sensors.py
[2025-02-18T02:54:39.399+0000] {processor.py:914} INFO - Processing file /home/airflow/.local/lib/python3.12/site-packages/airflow/example_dags/example_sensors.py for tasks to queue
[2025-02-18T02:54:39.399+0000] {logging_mixin.py:190} INFO - [2025-02-18T02:54:39.399+0000] {dagbag.py:588} INFO - Filling up the DagBag from /home/airflow/.local/lib/python3.12/site-packages/airflow/example_dags/example_sensors.py
[2025-02-18T02:54:39.408+0000] {processor.py:925} INFO - DAG(s) 'example_sensors' retrieved from /home/airflow/.local/lib/python3.12/site-packages/airflow/example_dags/example_sensors.py
[2025-02-18T02:54:39.423+0000] {logging_mixin.py:190} INFO - [2025-02-18T02:54:39.423+0000] {dag.py:3239} INFO - Sync 1 DAGs
[2025-02-18T02:54:39.430+0000] {logging_mixin.py:190} INFO - [2025-02-18T02:54:39.430+0000] {dag.py:4180} INFO - Setting next_dagrun for example_sensors to None, run_after=None
[2025-02-18T02:54:39.439+0000] {processor.py:208} INFO - Processing /home/airflow/.local/lib/python3.12/site-packages/airflow/example_dags/example_sensors.py took 0.046 seconds
[2025-02-18T03:12:49.021+0000] {processor.py:186} INFO - Started process (PID=8482) to work on /home/airflow/.local/lib/python3.12/site-packages/airflow/example_dags/example_sensors.py
[2025-02-18T03:12:49.022+0000] {processor.py:914} INFO - Processing file /home/airflow/.local/lib/python3.12/site-packages/airflow/example_dags/example_sensors.py for tasks to queue
[2025-02-18T03:12:49.023+0000] {logging_mixin.py:190} INFO - [2025-02-18T03:12:49.023+0000] {dagbag.py:588} INFO - Filling up the DagBag from /home/airflow/.local/lib/python3.12/site-packages/airflow/example_dags/example_sensors.py
[2025-02-18T03:12:49.030+0000] {processor.py:925} INFO - DAG(s) 'example_sensors' retrieved from /home/airflow/.local/lib/python3.12/site-packages/airflow/example_dags/example_sensors.py
[2025-02-18T03:12:49.049+0000] {logging_mixin.py:190} INFO - [2025-02-18T03:12:49.049+0000] {dag.py:3239} INFO - Sync 1 DAGs
[2025-02-18T03:12:49.058+0000] {logging_mixin.py:190} INFO - [2025-02-18T03:12:49.058+0000] {dag.py:4180} INFO - Setting next_dagrun for example_sensors to None, run_after=None
[2025-02-18T03:12:49.070+0000] {processor.py:208} INFO - Processing /home/airflow/.local/lib/python3.12/site-packages/airflow/example_dags/example_sensors.py took 0.053 seconds
[2025-02-18T04:35:28.316+0000] {processor.py:186} INFO - Started process (PID=8546) to work on /home/airflow/.local/lib/python3.12/site-packages/airflow/example_dags/example_sensors.py
[2025-02-18T04:35:28.317+0000] {processor.py:914} INFO - Processing file /home/airflow/.local/lib/python3.12/site-packages/airflow/example_dags/example_sensors.py for tasks to queue
[2025-02-18T04:35:28.318+0000] {logging_mixin.py:190} INFO - [2025-02-18T04:35:28.318+0000] {dagbag.py:588} INFO - Filling up the DagBag from /home/airflow/.local/lib/python3.12/site-packages/airflow/example_dags/example_sensors.py
[2025-02-18T04:35:28.325+0000] {processor.py:925} INFO - DAG(s) 'example_sensors' retrieved from /home/airflow/.local/lib/python3.12/site-packages/airflow/example_dags/example_sensors.py
[2025-02-18T04:35:28.347+0000] {logging_mixin.py:190} INFO - [2025-02-18T04:35:28.347+0000] {dag.py:3239} INFO - Sync 1 DAGs
[2025-02-18T04:35:28.355+0000] {logging_mixin.py:190} INFO - [2025-02-18T04:35:28.355+0000] {dag.py:4180} INFO - Setting next_dagrun for example_sensors to None, run_after=None
[2025-02-18T04:35:28.366+0000] {processor.py:208} INFO - Processing /home/airflow/.local/lib/python3.12/site-packages/airflow/example_dags/example_sensors.py took 0.055 seconds
[2025-02-18T04:55:47.678+0000] {processor.py:186} INFO - Started process (PID=8610) to work on /home/airflow/.local/lib/python3.12/site-packages/airflow/example_dags/example_sensors.py
[2025-02-18T04:55:47.678+0000] {processor.py:914} INFO - Processing file /home/airflow/.local/lib/python3.12/site-packages/airflow/example_dags/example_sensors.py for tasks to queue
[2025-02-18T04:55:47.679+0000] {logging_mixin.py:190} INFO - [2025-02-18T04:55:47.679+0000] {dagbag.py:588} INFO - Filling up the DagBag from /home/airflow/.local/lib/python3.12/site-packages/airflow/example_dags/example_sensors.py
[2025-02-18T04:55:47.685+0000] {processor.py:925} INFO - DAG(s) 'example_sensors' retrieved from /home/airflow/.local/lib/python3.12/site-packages/airflow/example_dags/example_sensors.py
[2025-02-18T04:55:47.699+0000] {logging_mixin.py:190} INFO - [2025-02-18T04:55:47.699+0000] {dag.py:3239} INFO - Sync 1 DAGs
[2025-02-18T04:55:47.706+0000] {logging_mixin.py:190} INFO - [2025-02-18T04:55:47.706+0000] {dag.py:4180} INFO - Setting next_dagrun for example_sensors to None, run_after=None
[2025-02-18T04:55:47.713+0000] {processor.py:208} INFO - Processing /home/airflow/.local/lib/python3.12/site-packages/airflow/example_dags/example_sensors.py took 0.039 seconds
[2025-02-18T05:42:06.681+0000] {processor.py:186} INFO - Started process (PID=8674) to work on /home/airflow/.local/lib/python3.12/site-packages/airflow/example_dags/example_sensors.py
[2025-02-18T05:42:06.681+0000] {processor.py:914} INFO - Processing file /home/airflow/.local/lib/python3.12/site-packages/airflow/example_dags/example_sensors.py for tasks to queue
[2025-02-18T05:42:06.682+0000] {logging_mixin.py:190} INFO - [2025-02-18T05:42:06.682+0000] {dagbag.py:588} INFO - Filling up the DagBag from /home/airflow/.local/lib/python3.12/site-packages/airflow/example_dags/example_sensors.py
[2025-02-18T05:42:06.689+0000] {processor.py:925} INFO - DAG(s) 'example_sensors' retrieved from /home/airflow/.local/lib/python3.12/site-packages/airflow/example_dags/example_sensors.py
[2025-02-18T05:42:06.705+0000] {logging_mixin.py:190} INFO - [2025-02-18T05:42:06.705+0000] {dag.py:3239} INFO - Sync 1 DAGs
[2025-02-18T05:42:06.712+0000] {logging_mixin.py:190} INFO - [2025-02-18T05:42:06.712+0000] {dag.py:4180} INFO - Setting next_dagrun for example_sensors to None, run_after=None
[2025-02-18T05:42:06.721+0000] {processor.py:208} INFO - Processing /home/airflow/.local/lib/python3.12/site-packages/airflow/example_dags/example_sensors.py took 0.043 seconds
[2025-02-18T05:42:37.202+0000] {processor.py:186} INFO - Started process (PID=8738) to work on /home/airflow/.local/lib/python3.12/site-packages/airflow/example_dags/example_sensors.py
[2025-02-18T05:42:37.203+0000] {processor.py:914} INFO - Processing file /home/airflow/.local/lib/python3.12/site-packages/airflow/example_dags/example_sensors.py for tasks to queue
[2025-02-18T05:42:37.204+0000] {logging_mixin.py:190} INFO - [2025-02-18T05:42:37.204+0000] {dagbag.py:588} INFO - Filling up the DagBag from /home/airflow/.local/lib/python3.12/site-packages/airflow/example_dags/example_sensors.py
[2025-02-18T05:42:37.211+0000] {processor.py:925} INFO - DAG(s) 'example_sensors' retrieved from /home/airflow/.local/lib/python3.12/site-packages/airflow/example_dags/example_sensors.py
[2025-02-18T05:42:37.226+0000] {logging_mixin.py:190} INFO - [2025-02-18T05:42:37.226+0000] {dag.py:3239} INFO - Sync 1 DAGs
[2025-02-18T05:42:37.234+0000] {logging_mixin.py:190} INFO - [2025-02-18T05:42:37.233+0000] {dag.py:4180} INFO - Setting next_dagrun for example_sensors to None, run_after=None
[2025-02-18T05:42:37.246+0000] {processor.py:208} INFO - Processing /home/airflow/.local/lib/python3.12/site-packages/airflow/example_dags/example_sensors.py took 0.051 seconds
[2025-02-18T05:43:07.526+0000] {processor.py:186} INFO - Started process (PID=8802) to work on /home/airflow/.local/lib/python3.12/site-packages/airflow/example_dags/example_sensors.py
[2025-02-18T05:43:07.527+0000] {processor.py:914} INFO - Processing file /home/airflow/.local/lib/python3.12/site-packages/airflow/example_dags/example_sensors.py for tasks to queue
[2025-02-18T05:43:07.528+0000] {logging_mixin.py:190} INFO - [2025-02-18T05:43:07.527+0000] {dagbag.py:588} INFO - Filling up the DagBag from /home/airflow/.local/lib/python3.12/site-packages/airflow/example_dags/example_sensors.py
[2025-02-18T05:43:07.534+0000] {processor.py:925} INFO - DAG(s) 'example_sensors' retrieved from /home/airflow/.local/lib/python3.12/site-packages/airflow/example_dags/example_sensors.py
[2025-02-18T05:43:07.547+0000] {logging_mixin.py:190} INFO - [2025-02-18T05:43:07.547+0000] {dag.py:3239} INFO - Sync 1 DAGs
[2025-02-18T05:43:07.553+0000] {logging_mixin.py:190} INFO - [2025-02-18T05:43:07.553+0000] {dag.py:4180} INFO - Setting next_dagrun for example_sensors to None, run_after=None
[2025-02-18T05:43:07.562+0000] {processor.py:208} INFO - Processing /home/airflow/.local/lib/python3.12/site-packages/airflow/example_dags/example_sensors.py took 0.039 seconds
[2025-02-18T05:43:37.746+0000] {processor.py:186} INFO - Started process (PID=8866) to work on /home/airflow/.local/lib/python3.12/site-packages/airflow/example_dags/example_sensors.py
[2025-02-18T05:43:37.747+0000] {processor.py:914} INFO - Processing file /home/airflow/.local/lib/python3.12/site-packages/airflow/example_dags/example_sensors.py for tasks to queue
[2025-02-18T05:43:37.748+0000] {logging_mixin.py:190} INFO - [2025-02-18T05:43:37.747+0000] {dagbag.py:588} INFO - Filling up the DagBag from /home/airflow/.local/lib/python3.12/site-packages/airflow/example_dags/example_sensors.py
[2025-02-18T05:43:37.754+0000] {processor.py:925} INFO - DAG(s) 'example_sensors' retrieved from /home/airflow/.local/lib/python3.12/site-packages/airflow/example_dags/example_sensors.py
[2025-02-18T05:43:37.766+0000] {logging_mixin.py:190} INFO - [2025-02-18T05:43:37.766+0000] {dag.py:3239} INFO - Sync 1 DAGs
[2025-02-18T05:43:37.773+0000] {logging_mixin.py:190} INFO - [2025-02-18T05:43:37.773+0000] {dag.py:4180} INFO - Setting next_dagrun for example_sensors to None, run_after=None
[2025-02-18T05:43:37.782+0000] {processor.py:208} INFO - Processing /home/airflow/.local/lib/python3.12/site-packages/airflow/example_dags/example_sensors.py took 0.039 seconds
[2025-02-18T05:44:08.250+0000] {processor.py:186} INFO - Started process (PID=8930) to work on /home/airflow/.local/lib/python3.12/site-packages/airflow/example_dags/example_sensors.py
[2025-02-18T05:44:08.251+0000] {processor.py:914} INFO - Processing file /home/airflow/.local/lib/python3.12/site-packages/airflow/example_dags/example_sensors.py for tasks to queue
[2025-02-18T05:44:08.251+0000] {logging_mixin.py:190} INFO - [2025-02-18T05:44:08.251+0000] {dagbag.py:588} INFO - Filling up the DagBag from /home/airflow/.local/lib/python3.12/site-packages/airflow/example_dags/example_sensors.py
[2025-02-18T05:44:08.259+0000] {processor.py:925} INFO - DAG(s) 'example_sensors' retrieved from /home/airflow/.local/lib/python3.12/site-packages/airflow/example_dags/example_sensors.py
[2025-02-18T05:44:08.277+0000] {logging_mixin.py:190} INFO - [2025-02-18T05:44:08.276+0000] {dag.py:3239} INFO - Sync 1 DAGs
[2025-02-18T05:44:08.294+0000] {logging_mixin.py:190} INFO - [2025-02-18T05:44:08.294+0000] {dag.py:4180} INFO - Setting next_dagrun for example_sensors to None, run_after=None
[2025-02-18T05:44:08.310+0000] {processor.py:208} INFO - Processing /home/airflow/.local/lib/python3.12/site-packages/airflow/example_dags/example_sensors.py took 0.063 seconds
[2025-02-18T05:44:38.898+0000] {processor.py:186} INFO - Started process (PID=8994) to work on /home/airflow/.local/lib/python3.12/site-packages/airflow/example_dags/example_sensors.py
[2025-02-18T05:44:38.900+0000] {processor.py:914} INFO - Processing file /home/airflow/.local/lib/python3.12/site-packages/airflow/example_dags/example_sensors.py for tasks to queue
[2025-02-18T05:44:38.901+0000] {logging_mixin.py:190} INFO - [2025-02-18T05:44:38.901+0000] {dagbag.py:588} INFO - Filling up the DagBag from /home/airflow/.local/lib/python3.12/site-packages/airflow/example_dags/example_sensors.py
[2025-02-18T05:44:38.912+0000] {processor.py:925} INFO - DAG(s) 'example_sensors' retrieved from /home/airflow/.local/lib/python3.12/site-packages/airflow/example_dags/example_sensors.py
[2025-02-18T05:44:38.930+0000] {logging_mixin.py:190} INFO - [2025-02-18T05:44:38.930+0000] {dag.py:3239} INFO - Sync 1 DAGs
[2025-02-18T05:44:38.938+0000] {logging_mixin.py:190} INFO - [2025-02-18T05:44:38.938+0000] {dag.py:4180} INFO - Setting next_dagrun for example_sensors to None, run_after=None
[2025-02-18T05:44:38.951+0000] {processor.py:208} INFO - Processing /home/airflow/.local/lib/python3.12/site-packages/airflow/example_dags/example_sensors.py took 0.058 seconds
[2025-02-18T05:45:09.882+0000] {processor.py:186} INFO - Started process (PID=9058) to work on /home/airflow/.local/lib/python3.12/site-packages/airflow/example_dags/example_sensors.py
[2025-02-18T05:45:09.884+0000] {processor.py:914} INFO - Processing file /home/airflow/.local/lib/python3.12/site-packages/airflow/example_dags/example_sensors.py for tasks to queue
[2025-02-18T05:45:09.884+0000] {logging_mixin.py:190} INFO - [2025-02-18T05:45:09.884+0000] {dagbag.py:588} INFO - Filling up the DagBag from /home/airflow/.local/lib/python3.12/site-packages/airflow/example_dags/example_sensors.py
[2025-02-18T05:45:09.891+0000] {processor.py:925} INFO - DAG(s) 'example_sensors' retrieved from /home/airflow/.local/lib/python3.12/site-packages/airflow/example_dags/example_sensors.py
[2025-02-18T05:45:09.906+0000] {logging_mixin.py:190} INFO - [2025-02-18T05:45:09.906+0000] {dag.py:3239} INFO - Sync 1 DAGs
[2025-02-18T05:45:09.914+0000] {logging_mixin.py:190} INFO - [2025-02-18T05:45:09.914+0000] {dag.py:4180} INFO - Setting next_dagrun for example_sensors to None, run_after=None
[2025-02-18T05:45:09.923+0000] {processor.py:208} INFO - Processing /home/airflow/.local/lib/python3.12/site-packages/airflow/example_dags/example_sensors.py took 0.057 seconds
[2025-02-18T05:45:40.240+0000] {processor.py:186} INFO - Started process (PID=9122) to work on /home/airflow/.local/lib/python3.12/site-packages/airflow/example_dags/example_sensors.py
[2025-02-18T05:45:40.241+0000] {processor.py:914} INFO - Processing file /home/airflow/.local/lib/python3.12/site-packages/airflow/example_dags/example_sensors.py for tasks to queue
[2025-02-18T05:45:40.241+0000] {logging_mixin.py:190} INFO - [2025-02-18T05:45:40.241+0000] {dagbag.py:588} INFO - Filling up the DagBag from /home/airflow/.local/lib/python3.12/site-packages/airflow/example_dags/example_sensors.py
[2025-02-18T05:45:40.248+0000] {processor.py:925} INFO - DAG(s) 'example_sensors' retrieved from /home/airflow/.local/lib/python3.12/site-packages/airflow/example_dags/example_sensors.py
[2025-02-18T05:45:40.261+0000] {logging_mixin.py:190} INFO - [2025-02-18T05:45:40.261+0000] {dag.py:3239} INFO - Sync 1 DAGs
[2025-02-18T05:45:40.267+0000] {logging_mixin.py:190} INFO - [2025-02-18T05:45:40.267+0000] {dag.py:4180} INFO - Setting next_dagrun for example_sensors to None, run_after=None
[2025-02-18T05:45:40.275+0000] {processor.py:208} INFO - Processing /home/airflow/.local/lib/python3.12/site-packages/airflow/example_dags/example_sensors.py took 0.039 seconds
[2025-02-18T05:46:11.363+0000] {processor.py:186} INFO - Started process (PID=9186) to work on /home/airflow/.local/lib/python3.12/site-packages/airflow/example_dags/example_sensors.py
[2025-02-18T05:46:11.364+0000] {processor.py:914} INFO - Processing file /home/airflow/.local/lib/python3.12/site-packages/airflow/example_dags/example_sensors.py for tasks to queue
[2025-02-18T05:46:11.365+0000] {logging_mixin.py:190} INFO - [2025-02-18T05:46:11.365+0000] {dagbag.py:588} INFO - Filling up the DagBag from /home/airflow/.local/lib/python3.12/site-packages/airflow/example_dags/example_sensors.py
[2025-02-18T05:46:11.372+0000] {processor.py:925} INFO - DAG(s) 'example_sensors' retrieved from /home/airflow/.local/lib/python3.12/site-packages/airflow/example_dags/example_sensors.py
[2025-02-18T05:46:11.387+0000] {logging_mixin.py:190} INFO - [2025-02-18T05:46:11.387+0000] {dag.py:3239} INFO - Sync 1 DAGs
[2025-02-18T05:46:11.395+0000] {logging_mixin.py:190} INFO - [2025-02-18T05:46:11.395+0000] {dag.py:4180} INFO - Setting next_dagrun for example_sensors to None, run_after=None
[2025-02-18T05:46:11.404+0000] {processor.py:208} INFO - Processing /home/airflow/.local/lib/python3.12/site-packages/airflow/example_dags/example_sensors.py took 0.046 seconds
[2025-02-18T05:46:41.706+0000] {processor.py:186} INFO - Started process (PID=9250) to work on /home/airflow/.local/lib/python3.12/site-packages/airflow/example_dags/example_sensors.py
[2025-02-18T05:46:41.707+0000] {processor.py:914} INFO - Processing file /home/airflow/.local/lib/python3.12/site-packages/airflow/example_dags/example_sensors.py for tasks to queue
[2025-02-18T05:46:41.711+0000] {logging_mixin.py:190} INFO - [2025-02-18T05:46:41.711+0000] {dagbag.py:588} INFO - Filling up the DagBag from /home/airflow/.local/lib/python3.12/site-packages/airflow/example_dags/example_sensors.py
[2025-02-18T05:46:41.718+0000] {processor.py:925} INFO - DAG(s) 'example_sensors' retrieved from /home/airflow/.local/lib/python3.12/site-packages/airflow/example_dags/example_sensors.py
[2025-02-18T05:46:41.732+0000] {logging_mixin.py:190} INFO - [2025-02-18T05:46:41.731+0000] {dag.py:3239} INFO - Sync 1 DAGs
[2025-02-18T05:46:41.739+0000] {logging_mixin.py:190} INFO - [2025-02-18T05:46:41.739+0000] {dag.py:4180} INFO - Setting next_dagrun for example_sensors to None, run_after=None
[2025-02-18T05:46:41.752+0000] {processor.py:208} INFO - Processing /home/airflow/.local/lib/python3.12/site-packages/airflow/example_dags/example_sensors.py took 0.052 seconds
[2025-02-18T05:47:12.259+0000] {processor.py:186} INFO - Started process (PID=9314) to work on /home/airflow/.local/lib/python3.12/site-packages/airflow/example_dags/example_sensors.py
[2025-02-18T05:47:12.260+0000] {processor.py:914} INFO - Processing file /home/airflow/.local/lib/python3.12/site-packages/airflow/example_dags/example_sensors.py for tasks to queue
[2025-02-18T05:47:12.261+0000] {logging_mixin.py:190} INFO - [2025-02-18T05:47:12.261+0000] {dagbag.py:588} INFO - Filling up the DagBag from /home/airflow/.local/lib/python3.12/site-packages/airflow/example_dags/example_sensors.py
[2025-02-18T05:47:12.268+0000] {processor.py:925} INFO - DAG(s) 'example_sensors' retrieved from /home/airflow/.local/lib/python3.12/site-packages/airflow/example_dags/example_sensors.py
[2025-02-18T05:47:12.283+0000] {logging_mixin.py:190} INFO - [2025-02-18T05:47:12.283+0000] {dag.py:3239} INFO - Sync 1 DAGs
[2025-02-18T05:47:12.291+0000] {logging_mixin.py:190} INFO - [2025-02-18T05:47:12.291+0000] {dag.py:4180} INFO - Setting next_dagrun for example_sensors to None, run_after=None
[2025-02-18T05:47:12.300+0000] {processor.py:208} INFO - Processing /home/airflow/.local/lib/python3.12/site-packages/airflow/example_dags/example_sensors.py took 0.047 seconds
[2025-02-18T05:47:42.540+0000] {processor.py:186} INFO - Started process (PID=9378) to work on /home/airflow/.local/lib/python3.12/site-packages/airflow/example_dags/example_sensors.py
[2025-02-18T05:47:42.541+0000] {processor.py:914} INFO - Processing file /home/airflow/.local/lib/python3.12/site-packages/airflow/example_dags/example_sensors.py for tasks to queue
[2025-02-18T05:47:42.542+0000] {logging_mixin.py:190} INFO - [2025-02-18T05:47:42.542+0000] {dagbag.py:588} INFO - Filling up the DagBag from /home/airflow/.local/lib/python3.12/site-packages/airflow/example_dags/example_sensors.py
[2025-02-18T05:47:42.549+0000] {processor.py:925} INFO - DAG(s) 'example_sensors' retrieved from /home/airflow/.local/lib/python3.12/site-packages/airflow/example_dags/example_sensors.py
[2025-02-18T05:47:42.567+0000] {logging_mixin.py:190} INFO - [2025-02-18T05:47:42.567+0000] {dag.py:3239} INFO - Sync 1 DAGs
[2025-02-18T05:47:42.574+0000] {logging_mixin.py:190} INFO - [2025-02-18T05:47:42.574+0000] {dag.py:4180} INFO - Setting next_dagrun for example_sensors to None, run_after=None
[2025-02-18T05:47:42.586+0000] {processor.py:208} INFO - Processing /home/airflow/.local/lib/python3.12/site-packages/airflow/example_dags/example_sensors.py took 0.050 seconds
[2025-02-18T05:48:12.834+0000] {processor.py:186} INFO - Started process (PID=9442) to work on /home/airflow/.local/lib/python3.12/site-packages/airflow/example_dags/example_sensors.py
[2025-02-18T05:48:12.835+0000] {processor.py:914} INFO - Processing file /home/airflow/.local/lib/python3.12/site-packages/airflow/example_dags/example_sensors.py for tasks to queue
[2025-02-18T05:48:12.835+0000] {logging_mixin.py:190} INFO - [2025-02-18T05:48:12.835+0000] {dagbag.py:588} INFO - Filling up the DagBag from /home/airflow/.local/lib/python3.12/site-packages/airflow/example_dags/example_sensors.py
[2025-02-18T05:48:12.842+0000] {processor.py:925} INFO - DAG(s) 'example_sensors' retrieved from /home/airflow/.local/lib/python3.12/site-packages/airflow/example_dags/example_sensors.py
[2025-02-18T05:48:12.856+0000] {logging_mixin.py:190} INFO - [2025-02-18T05:48:12.855+0000] {dag.py:3239} INFO - Sync 1 DAGs
[2025-02-18T05:48:12.863+0000] {logging_mixin.py:190} INFO - [2025-02-18T05:48:12.863+0000] {dag.py:4180} INFO - Setting next_dagrun for example_sensors to None, run_after=None
[2025-02-18T05:48:12.871+0000] {processor.py:208} INFO - Processing /home/airflow/.local/lib/python3.12/site-packages/airflow/example_dags/example_sensors.py took 0.041 seconds
[2025-02-18T05:48:43.062+0000] {processor.py:186} INFO - Started process (PID=9506) to work on /home/airflow/.local/lib/python3.12/site-packages/airflow/example_dags/example_sensors.py
[2025-02-18T05:48:43.063+0000] {processor.py:914} INFO - Processing file /home/airflow/.local/lib/python3.12/site-packages/airflow/example_dags/example_sensors.py for tasks to queue
[2025-02-18T05:48:43.064+0000] {logging_mixin.py:190} INFO - [2025-02-18T05:48:43.064+0000] {dagbag.py:588} INFO - Filling up the DagBag from /home/airflow/.local/lib/python3.12/site-packages/airflow/example_dags/example_sensors.py
[2025-02-18T05:48:43.071+0000] {processor.py:925} INFO - DAG(s) 'example_sensors' retrieved from /home/airflow/.local/lib/python3.12/site-packages/airflow/example_dags/example_sensors.py
[2025-02-18T05:48:43.094+0000] {logging_mixin.py:190} INFO - [2025-02-18T05:48:43.094+0000] {dag.py:3239} INFO - Sync 1 DAGs
[2025-02-18T05:48:43.102+0000] {logging_mixin.py:190} INFO - [2025-02-18T05:48:43.102+0000] {dag.py:4180} INFO - Setting next_dagrun for example_sensors to None, run_after=None
[2025-02-18T05:48:43.112+0000] {processor.py:208} INFO - Processing /home/airflow/.local/lib/python3.12/site-packages/airflow/example_dags/example_sensors.py took 0.055 seconds
[2025-02-18T05:49:13.916+0000] {processor.py:186} INFO - Started process (PID=9570) to work on /home/airflow/.local/lib/python3.12/site-packages/airflow/example_dags/example_sensors.py
[2025-02-18T05:49:13.917+0000] {processor.py:914} INFO - Processing file /home/airflow/.local/lib/python3.12/site-packages/airflow/example_dags/example_sensors.py for tasks to queue
[2025-02-18T05:49:13.917+0000] {logging_mixin.py:190} INFO - [2025-02-18T05:49:13.917+0000] {dagbag.py:588} INFO - Filling up the DagBag from /home/airflow/.local/lib/python3.12/site-packages/airflow/example_dags/example_sensors.py
[2025-02-18T05:49:13.928+0000] {processor.py:925} INFO - DAG(s) 'example_sensors' retrieved from /home/airflow/.local/lib/python3.12/site-packages/airflow/example_dags/example_sensors.py
[2025-02-18T05:49:13.949+0000] {logging_mixin.py:190} INFO - [2025-02-18T05:49:13.948+0000] {dag.py:3239} INFO - Sync 1 DAGs
[2025-02-18T05:49:13.958+0000] {logging_mixin.py:190} INFO - [2025-02-18T05:49:13.957+0000] {dag.py:4180} INFO - Setting next_dagrun for example_sensors to None, run_after=None
[2025-02-18T05:49:13.969+0000] {processor.py:208} INFO - Processing /home/airflow/.local/lib/python3.12/site-packages/airflow/example_dags/example_sensors.py took 0.056 seconds
[2025-02-18T05:49:44.103+0000] {processor.py:186} INFO - Started process (PID=9634) to work on /home/airflow/.local/lib/python3.12/site-packages/airflow/example_dags/example_sensors.py
[2025-02-18T05:49:44.104+0000] {processor.py:914} INFO - Processing file /home/airflow/.local/lib/python3.12/site-packages/airflow/example_dags/example_sensors.py for tasks to queue
[2025-02-18T05:49:44.104+0000] {logging_mixin.py:190} INFO - [2025-02-18T05:49:44.104+0000] {dagbag.py:588} INFO - Filling up the DagBag from /home/airflow/.local/lib/python3.12/site-packages/airflow/example_dags/example_sensors.py
[2025-02-18T05:49:44.111+0000] {processor.py:925} INFO - DAG(s) 'example_sensors' retrieved from /home/airflow/.local/lib/python3.12/site-packages/airflow/example_dags/example_sensors.py
[2025-02-18T05:49:44.124+0000] {logging_mixin.py:190} INFO - [2025-02-18T05:49:44.124+0000] {dag.py:3239} INFO - Sync 1 DAGs
[2025-02-18T05:49:44.131+0000] {logging_mixin.py:190} INFO - [2025-02-18T05:49:44.131+0000] {dag.py:4180} INFO - Setting next_dagrun for example_sensors to None, run_after=None
[2025-02-18T05:49:44.139+0000] {processor.py:208} INFO - Processing /home/airflow/.local/lib/python3.12/site-packages/airflow/example_dags/example_sensors.py took 0.039 seconds
[2025-02-18T05:50:14.227+0000] {processor.py:186} INFO - Started process (PID=9698) to work on /home/airflow/.local/lib/python3.12/site-packages/airflow/example_dags/example_sensors.py
[2025-02-18T05:50:14.227+0000] {processor.py:914} INFO - Processing file /home/airflow/.local/lib/python3.12/site-packages/airflow/example_dags/example_sensors.py for tasks to queue
[2025-02-18T05:50:14.228+0000] {logging_mixin.py:190} INFO - [2025-02-18T05:50:14.228+0000] {dagbag.py:588} INFO - Filling up the DagBag from /home/airflow/.local/lib/python3.12/site-packages/airflow/example_dags/example_sensors.py
[2025-02-18T05:50:14.234+0000] {processor.py:925} INFO - DAG(s) 'example_sensors' retrieved from /home/airflow/.local/lib/python3.12/site-packages/airflow/example_dags/example_sensors.py
[2025-02-18T05:50:14.247+0000] {logging_mixin.py:190} INFO - [2025-02-18T05:50:14.247+0000] {dag.py:3239} INFO - Sync 1 DAGs
[2025-02-18T05:50:14.254+0000] {logging_mixin.py:190} INFO - [2025-02-18T05:50:14.253+0000] {dag.py:4180} INFO - Setting next_dagrun for example_sensors to None, run_after=None
[2025-02-18T05:50:14.262+0000] {processor.py:208} INFO - Processing /home/airflow/.local/lib/python3.12/site-packages/airflow/example_dags/example_sensors.py took 0.038 seconds
[2025-02-18T05:50:44.390+0000] {processor.py:186} INFO - Started process (PID=9763) to work on /home/airflow/.local/lib/python3.12/site-packages/airflow/example_dags/example_sensors.py
[2025-02-18T05:50:44.391+0000] {processor.py:914} INFO - Processing file /home/airflow/.local/lib/python3.12/site-packages/airflow/example_dags/example_sensors.py for tasks to queue
[2025-02-18T05:50:44.392+0000] {logging_mixin.py:190} INFO - [2025-02-18T05:50:44.391+0000] {dagbag.py:588} INFO - Filling up the DagBag from /home/airflow/.local/lib/python3.12/site-packages/airflow/example_dags/example_sensors.py
[2025-02-18T05:50:44.407+0000] {processor.py:925} INFO - DAG(s) 'example_sensors' retrieved from /home/airflow/.local/lib/python3.12/site-packages/airflow/example_dags/example_sensors.py
[2025-02-18T05:50:44.429+0000] {logging_mixin.py:190} INFO - [2025-02-18T05:50:44.429+0000] {dag.py:3239} INFO - Sync 1 DAGs
[2025-02-18T05:50:44.439+0000] {logging_mixin.py:190} INFO - [2025-02-18T05:50:44.439+0000] {dag.py:4180} INFO - Setting next_dagrun for example_sensors to None, run_after=None
[2025-02-18T05:50:44.450+0000] {processor.py:208} INFO - Processing /home/airflow/.local/lib/python3.12/site-packages/airflow/example_dags/example_sensors.py took 0.068 seconds
[2025-02-18T05:51:14.785+0000] {processor.py:186} INFO - Started process (PID=9827) to work on /home/airflow/.local/lib/python3.12/site-packages/airflow/example_dags/example_sensors.py
[2025-02-18T05:51:14.787+0000] {processor.py:914} INFO - Processing file /home/airflow/.local/lib/python3.12/site-packages/airflow/example_dags/example_sensors.py for tasks to queue
[2025-02-18T05:51:14.788+0000] {logging_mixin.py:190} INFO - [2025-02-18T05:51:14.788+0000] {dagbag.py:588} INFO - Filling up the DagBag from /home/airflow/.local/lib/python3.12/site-packages/airflow/example_dags/example_sensors.py
[2025-02-18T05:51:14.795+0000] {processor.py:925} INFO - DAG(s) 'example_sensors' retrieved from /home/airflow/.local/lib/python3.12/site-packages/airflow/example_dags/example_sensors.py
[2025-02-18T05:51:14.811+0000] {logging_mixin.py:190} INFO - [2025-02-18T05:51:14.811+0000] {dag.py:3239} INFO - Sync 1 DAGs
[2025-02-18T05:51:14.819+0000] {logging_mixin.py:190} INFO - [2025-02-18T05:51:14.819+0000] {dag.py:4180} INFO - Setting next_dagrun for example_sensors to None, run_after=None
[2025-02-18T05:51:14.829+0000] {processor.py:208} INFO - Processing /home/airflow/.local/lib/python3.12/site-packages/airflow/example_dags/example_sensors.py took 0.048 seconds
[2025-02-18T05:51:45.147+0000] {processor.py:186} INFO - Started process (PID=9891) to work on /home/airflow/.local/lib/python3.12/site-packages/airflow/example_dags/example_sensors.py
[2025-02-18T05:51:45.148+0000] {processor.py:914} INFO - Processing file /home/airflow/.local/lib/python3.12/site-packages/airflow/example_dags/example_sensors.py for tasks to queue
[2025-02-18T05:51:45.149+0000] {logging_mixin.py:190} INFO - [2025-02-18T05:51:45.149+0000] {dagbag.py:588} INFO - Filling up the DagBag from /home/airflow/.local/lib/python3.12/site-packages/airflow/example_dags/example_sensors.py
[2025-02-18T05:51:45.156+0000] {processor.py:925} INFO - DAG(s) 'example_sensors' retrieved from /home/airflow/.local/lib/python3.12/site-packages/airflow/example_dags/example_sensors.py
[2025-02-18T05:51:45.174+0000] {logging_mixin.py:190} INFO - [2025-02-18T05:51:45.174+0000] {dag.py:3239} INFO - Sync 1 DAGs
[2025-02-18T05:51:45.182+0000] {logging_mixin.py:190} INFO - [2025-02-18T05:51:45.182+0000] {dag.py:4180} INFO - Setting next_dagrun for example_sensors to None, run_after=None
[2025-02-18T05:51:45.193+0000] {processor.py:208} INFO - Processing /home/airflow/.local/lib/python3.12/site-packages/airflow/example_dags/example_sensors.py took 0.049 seconds
[2025-02-18T05:52:15.877+0000] {processor.py:186} INFO - Started process (PID=9955) to work on /home/airflow/.local/lib/python3.12/site-packages/airflow/example_dags/example_sensors.py
[2025-02-18T05:52:15.879+0000] {processor.py:914} INFO - Processing file /home/airflow/.local/lib/python3.12/site-packages/airflow/example_dags/example_sensors.py for tasks to queue
[2025-02-18T05:52:15.879+0000] {logging_mixin.py:190} INFO - [2025-02-18T05:52:15.879+0000] {dagbag.py:588} INFO - Filling up the DagBag from /home/airflow/.local/lib/python3.12/site-packages/airflow/example_dags/example_sensors.py
[2025-02-18T05:52:15.889+0000] {processor.py:925} INFO - DAG(s) 'example_sensors' retrieved from /home/airflow/.local/lib/python3.12/site-packages/airflow/example_dags/example_sensors.py
[2025-02-18T05:52:15.910+0000] {logging_mixin.py:190} INFO - [2025-02-18T05:52:15.910+0000] {dag.py:3239} INFO - Sync 1 DAGs
[2025-02-18T05:52:15.918+0000] {logging_mixin.py:190} INFO - [2025-02-18T05:52:15.918+0000] {dag.py:4180} INFO - Setting next_dagrun for example_sensors to None, run_after=None
[2025-02-18T05:52:15.928+0000] {processor.py:208} INFO - Processing /home/airflow/.local/lib/python3.12/site-packages/airflow/example_dags/example_sensors.py took 0.054 seconds
[2025-02-18T05:52:46.136+0000] {processor.py:186} INFO - Started process (PID=10019) to work on /home/airflow/.local/lib/python3.12/site-packages/airflow/example_dags/example_sensors.py
[2025-02-18T05:52:46.138+0000] {processor.py:914} INFO - Processing file /home/airflow/.local/lib/python3.12/site-packages/airflow/example_dags/example_sensors.py for tasks to queue
[2025-02-18T05:52:46.138+0000] {logging_mixin.py:190} INFO - [2025-02-18T05:52:46.138+0000] {dagbag.py:588} INFO - Filling up the DagBag from /home/airflow/.local/lib/python3.12/site-packages/airflow/example_dags/example_sensors.py
[2025-02-18T05:52:46.147+0000] {processor.py:925} INFO - DAG(s) 'example_sensors' retrieved from /home/airflow/.local/lib/python3.12/site-packages/airflow/example_dags/example_sensors.py
[2025-02-18T05:52:46.167+0000] {logging_mixin.py:190} INFO - [2025-02-18T05:52:46.167+0000] {dag.py:3239} INFO - Sync 1 DAGs
[2025-02-18T05:52:46.174+0000] {logging_mixin.py:190} INFO - [2025-02-18T05:52:46.174+0000] {dag.py:4180} INFO - Setting next_dagrun for example_sensors to None, run_after=None
[2025-02-18T05:52:46.186+0000] {processor.py:208} INFO - Processing /home/airflow/.local/lib/python3.12/site-packages/airflow/example_dags/example_sensors.py took 0.053 seconds
[2025-02-18T05:53:16.269+0000] {processor.py:186} INFO - Started process (PID=10083) to work on /home/airflow/.local/lib/python3.12/site-packages/airflow/example_dags/example_sensors.py
[2025-02-18T05:53:16.272+0000] {processor.py:914} INFO - Processing file /home/airflow/.local/lib/python3.12/site-packages/airflow/example_dags/example_sensors.py for tasks to queue
[2025-02-18T05:53:16.273+0000] {logging_mixin.py:190} INFO - [2025-02-18T05:53:16.272+0000] {dagbag.py:588} INFO - Filling up the DagBag from /home/airflow/.local/lib/python3.12/site-packages/airflow/example_dags/example_sensors.py
[2025-02-18T05:53:16.280+0000] {processor.py:925} INFO - DAG(s) 'example_sensors' retrieved from /home/airflow/.local/lib/python3.12/site-packages/airflow/example_dags/example_sensors.py
[2025-02-18T05:53:16.294+0000] {logging_mixin.py:190} INFO - [2025-02-18T05:53:16.294+0000] {dag.py:3239} INFO - Sync 1 DAGs
[2025-02-18T05:53:16.303+0000] {logging_mixin.py:190} INFO - [2025-02-18T05:53:16.303+0000] {dag.py:4180} INFO - Setting next_dagrun for example_sensors to None, run_after=None
[2025-02-18T05:53:16.312+0000] {processor.py:208} INFO - Processing /home/airflow/.local/lib/python3.12/site-packages/airflow/example_dags/example_sensors.py took 0.046 seconds
[2025-02-18T05:53:46.560+0000] {processor.py:186} INFO - Started process (PID=10147) to work on /home/airflow/.local/lib/python3.12/site-packages/airflow/example_dags/example_sensors.py
[2025-02-18T05:53:46.561+0000] {processor.py:914} INFO - Processing file /home/airflow/.local/lib/python3.12/site-packages/airflow/example_dags/example_sensors.py for tasks to queue
[2025-02-18T05:53:46.561+0000] {logging_mixin.py:190} INFO - [2025-02-18T05:53:46.561+0000] {dagbag.py:588} INFO - Filling up the DagBag from /home/airflow/.local/lib/python3.12/site-packages/airflow/example_dags/example_sensors.py
[2025-02-18T05:53:46.568+0000] {processor.py:925} INFO - DAG(s) 'example_sensors' retrieved from /home/airflow/.local/lib/python3.12/site-packages/airflow/example_dags/example_sensors.py
[2025-02-18T05:53:46.582+0000] {logging_mixin.py:190} INFO - [2025-02-18T05:53:46.581+0000] {dag.py:3239} INFO - Sync 1 DAGs
[2025-02-18T05:53:46.588+0000] {logging_mixin.py:190} INFO - [2025-02-18T05:53:46.588+0000] {dag.py:4180} INFO - Setting next_dagrun for example_sensors to None, run_after=None
[2025-02-18T05:53:46.597+0000] {processor.py:208} INFO - Processing /home/airflow/.local/lib/python3.12/site-packages/airflow/example_dags/example_sensors.py took 0.041 seconds
[2025-02-18T05:54:16.891+0000] {processor.py:186} INFO - Started process (PID=10210) to work on /home/airflow/.local/lib/python3.12/site-packages/airflow/example_dags/example_sensors.py
[2025-02-18T05:54:16.891+0000] {processor.py:914} INFO - Processing file /home/airflow/.local/lib/python3.12/site-packages/airflow/example_dags/example_sensors.py for tasks to queue
[2025-02-18T05:54:16.892+0000] {logging_mixin.py:190} INFO - [2025-02-18T05:54:16.892+0000] {dagbag.py:588} INFO - Filling up the DagBag from /home/airflow/.local/lib/python3.12/site-packages/airflow/example_dags/example_sensors.py
[2025-02-18T05:54:16.898+0000] {processor.py:925} INFO - DAG(s) 'example_sensors' retrieved from /home/airflow/.local/lib/python3.12/site-packages/airflow/example_dags/example_sensors.py
[2025-02-18T05:54:16.912+0000] {logging_mixin.py:190} INFO - [2025-02-18T05:54:16.912+0000] {dag.py:3239} INFO - Sync 1 DAGs
[2025-02-18T05:54:16.919+0000] {logging_mixin.py:190} INFO - [2025-02-18T05:54:16.919+0000] {dag.py:4180} INFO - Setting next_dagrun for example_sensors to None, run_after=None
[2025-02-18T05:54:16.928+0000] {processor.py:208} INFO - Processing /home/airflow/.local/lib/python3.12/site-packages/airflow/example_dags/example_sensors.py took 0.041 seconds
[2025-02-18T05:54:47.272+0000] {processor.py:186} INFO - Started process (PID=10274) to work on /home/airflow/.local/lib/python3.12/site-packages/airflow/example_dags/example_sensors.py
[2025-02-18T05:54:47.273+0000] {processor.py:914} INFO - Processing file /home/airflow/.local/lib/python3.12/site-packages/airflow/example_dags/example_sensors.py for tasks to queue
[2025-02-18T05:54:47.273+0000] {logging_mixin.py:190} INFO - [2025-02-18T05:54:47.273+0000] {dagbag.py:588} INFO - Filling up the DagBag from /home/airflow/.local/lib/python3.12/site-packages/airflow/example_dags/example_sensors.py
[2025-02-18T05:54:47.280+0000] {processor.py:925} INFO - DAG(s) 'example_sensors' retrieved from /home/airflow/.local/lib/python3.12/site-packages/airflow/example_dags/example_sensors.py
[2025-02-18T05:54:47.293+0000] {logging_mixin.py:190} INFO - [2025-02-18T05:54:47.293+0000] {dag.py:3239} INFO - Sync 1 DAGs
[2025-02-18T05:54:47.299+0000] {logging_mixin.py:190} INFO - [2025-02-18T05:54:47.299+0000] {dag.py:4180} INFO - Setting next_dagrun for example_sensors to None, run_after=None
[2025-02-18T05:54:47.307+0000] {processor.py:208} INFO - Processing /home/airflow/.local/lib/python3.12/site-packages/airflow/example_dags/example_sensors.py took 0.039 seconds
[2025-02-18T05:55:17.591+0000] {processor.py:186} INFO - Started process (PID=10338) to work on /home/airflow/.local/lib/python3.12/site-packages/airflow/example_dags/example_sensors.py
[2025-02-18T05:55:17.592+0000] {processor.py:914} INFO - Processing file /home/airflow/.local/lib/python3.12/site-packages/airflow/example_dags/example_sensors.py for tasks to queue
[2025-02-18T05:55:17.593+0000] {logging_mixin.py:190} INFO - [2025-02-18T05:55:17.593+0000] {dagbag.py:588} INFO - Filling up the DagBag from /home/airflow/.local/lib/python3.12/site-packages/airflow/example_dags/example_sensors.py
[2025-02-18T05:55:17.600+0000] {processor.py:925} INFO - DAG(s) 'example_sensors' retrieved from /home/airflow/.local/lib/python3.12/site-packages/airflow/example_dags/example_sensors.py
[2025-02-18T05:55:17.614+0000] {logging_mixin.py:190} INFO - [2025-02-18T05:55:17.614+0000] {dag.py:3239} INFO - Sync 1 DAGs
[2025-02-18T05:55:17.621+0000] {logging_mixin.py:190} INFO - [2025-02-18T05:55:17.621+0000] {dag.py:4180} INFO - Setting next_dagrun for example_sensors to None, run_after=None
[2025-02-18T05:55:17.631+0000] {processor.py:208} INFO - Processing /home/airflow/.local/lib/python3.12/site-packages/airflow/example_dags/example_sensors.py took 0.043 seconds
[2025-02-18T05:55:47.876+0000] {processor.py:186} INFO - Started process (PID=10402) to work on /home/airflow/.local/lib/python3.12/site-packages/airflow/example_dags/example_sensors.py
[2025-02-18T05:55:47.877+0000] {processor.py:914} INFO - Processing file /home/airflow/.local/lib/python3.12/site-packages/airflow/example_dags/example_sensors.py for tasks to queue
[2025-02-18T05:55:47.879+0000] {logging_mixin.py:190} INFO - [2025-02-18T05:55:47.878+0000] {dagbag.py:588} INFO - Filling up the DagBag from /home/airflow/.local/lib/python3.12/site-packages/airflow/example_dags/example_sensors.py
[2025-02-18T05:55:47.889+0000] {processor.py:925} INFO - DAG(s) 'example_sensors' retrieved from /home/airflow/.local/lib/python3.12/site-packages/airflow/example_dags/example_sensors.py
[2025-02-18T05:55:47.910+0000] {logging_mixin.py:190} INFO - [2025-02-18T05:55:47.909+0000] {dag.py:3239} INFO - Sync 1 DAGs
[2025-02-18T05:55:47.918+0000] {logging_mixin.py:190} INFO - [2025-02-18T05:55:47.918+0000] {dag.py:4180} INFO - Setting next_dagrun for example_sensors to None, run_after=None
[2025-02-18T05:55:47.929+0000] {processor.py:208} INFO - Processing /home/airflow/.local/lib/python3.12/site-packages/airflow/example_dags/example_sensors.py took 0.058 seconds
[2025-02-18T10:40:10.315+0000] {processor.py:186} INFO - Started process (PID=44) to work on /home/airflow/.local/lib/python3.12/site-packages/airflow/example_dags/example_sensors.py
[2025-02-18T10:40:10.317+0000] {processor.py:914} INFO - Processing file /home/airflow/.local/lib/python3.12/site-packages/airflow/example_dags/example_sensors.py for tasks to queue
[2025-02-18T10:40:10.320+0000] {logging_mixin.py:190} INFO - [2025-02-18T10:40:10.320+0000] {dagbag.py:588} INFO - Filling up the DagBag from /home/airflow/.local/lib/python3.12/site-packages/airflow/example_dags/example_sensors.py
[2025-02-18T10:40:10.334+0000] {processor.py:925} INFO - DAG(s) 'example_sensors' retrieved from /home/airflow/.local/lib/python3.12/site-packages/airflow/example_dags/example_sensors.py
[2025-02-18T10:40:10.363+0000] {logging_mixin.py:190} INFO - [2025-02-18T10:40:10.363+0000] {dag.py:3239} INFO - Sync 1 DAGs
[2025-02-18T10:40:10.374+0000] {logging_mixin.py:190} INFO - [2025-02-18T10:40:10.374+0000] {dag.py:4180} INFO - Setting next_dagrun for example_sensors to None, run_after=None
[2025-02-18T10:40:10.389+0000] {processor.py:208} INFO - Processing /home/airflow/.local/lib/python3.12/site-packages/airflow/example_dags/example_sensors.py took 0.081 seconds
[2025-02-18T10:47:00.181+0000] {processor.py:186} INFO - Started process (PID=52) to work on /home/airflow/.local/lib/python3.12/site-packages/airflow/example_dags/example_sensors.py
[2025-02-18T10:47:00.182+0000] {processor.py:914} INFO - Processing file /home/airflow/.local/lib/python3.12/site-packages/airflow/example_dags/example_sensors.py for tasks to queue
[2025-02-18T10:47:00.183+0000] {logging_mixin.py:190} INFO - [2025-02-18T10:47:00.183+0000] {dagbag.py:588} INFO - Filling up the DagBag from /home/airflow/.local/lib/python3.12/site-packages/airflow/example_dags/example_sensors.py
[2025-02-18T10:47:00.193+0000] {processor.py:925} INFO - DAG(s) 'example_sensors' retrieved from /home/airflow/.local/lib/python3.12/site-packages/airflow/example_dags/example_sensors.py
[2025-02-18T10:47:00.217+0000] {logging_mixin.py:190} INFO - [2025-02-18T10:47:00.217+0000] {dag.py:3239} INFO - Sync 1 DAGs
[2025-02-18T10:47:00.233+0000] {logging_mixin.py:190} INFO - [2025-02-18T10:47:00.233+0000] {dag.py:4180} INFO - Setting next_dagrun for example_sensors to None, run_after=None
[2025-02-18T10:47:00.258+0000] {processor.py:208} INFO - Processing /home/airflow/.local/lib/python3.12/site-packages/airflow/example_dags/example_sensors.py took 0.086 seconds
[2025-02-18T10:47:30.813+0000] {processor.py:186} INFO - Started process (PID=117) to work on /home/airflow/.local/lib/python3.12/site-packages/airflow/example_dags/example_sensors.py
[2025-02-18T10:47:30.814+0000] {processor.py:914} INFO - Processing file /home/airflow/.local/lib/python3.12/site-packages/airflow/example_dags/example_sensors.py for tasks to queue
[2025-02-18T10:47:30.815+0000] {logging_mixin.py:190} INFO - [2025-02-18T10:47:30.815+0000] {dagbag.py:588} INFO - Filling up the DagBag from /home/airflow/.local/lib/python3.12/site-packages/airflow/example_dags/example_sensors.py
[2025-02-18T10:47:30.821+0000] {processor.py:925} INFO - DAG(s) 'example_sensors' retrieved from /home/airflow/.local/lib/python3.12/site-packages/airflow/example_dags/example_sensors.py
[2025-02-18T10:47:30.834+0000] {logging_mixin.py:190} INFO - [2025-02-18T10:47:30.834+0000] {dag.py:3239} INFO - Sync 1 DAGs
[2025-02-18T10:47:30.841+0000] {logging_mixin.py:190} INFO - [2025-02-18T10:47:30.841+0000] {dag.py:4180} INFO - Setting next_dagrun for example_sensors to None, run_after=None
[2025-02-18T10:47:30.849+0000] {processor.py:208} INFO - Processing /home/airflow/.local/lib/python3.12/site-packages/airflow/example_dags/example_sensors.py took 0.039 seconds
