[2025-02-18T01:09:49.115+0000] {processor.py:186} INFO - Started process (PID=8245) to work on /home/airflow/.local/lib/python3.12/site-packages/airflow/example_dags/example_external_task_marker_dag.py
[2025-02-18T01:09:49.116+0000] {processor.py:914} INFO - Processing file /home/airflow/.local/lib/python3.12/site-packages/airflow/example_dags/example_external_task_marker_dag.py for tasks to queue
[2025-02-18T01:09:49.117+0000] {logging_mixin.py:190} INFO - [2025-02-18T01:09:49.117+0000] {dagbag.py:588} INFO - Filling up the DagBag from /home/airflow/.local/lib/python3.12/site-packages/airflow/example_dags/example_external_task_marker_dag.py
[2025-02-18T01:09:49.122+0000] {processor.py:925} INFO - DAG(s) 'example_external_task_marker_parent', 'example_external_task_marker_child' retrieved from /home/airflow/.local/lib/python3.12/site-packages/airflow/example_dags/example_external_task_marker_dag.py
[2025-02-18T01:09:49.136+0000] {logging_mixin.py:190} INFO - [2025-02-18T01:09:49.136+0000] {dag.py:3239} INFO - Sync 2 DAGs
[2025-02-18T01:09:49.144+0000] {logging_mixin.py:190} INFO - [2025-02-18T01:09:49.144+0000] {dag.py:4180} INFO - Setting next_dagrun for example_external_task_marker_child to None, run_after=None
[2025-02-18T01:09:49.146+0000] {logging_mixin.py:190} INFO - [2025-02-18T01:09:49.146+0000] {dag.py:4180} INFO - Setting next_dagrun for example_external_task_marker_parent to None, run_after=None
[2025-02-18T01:09:49.155+0000] {processor.py:208} INFO - Processing /home/airflow/.local/lib/python3.12/site-packages/airflow/example_dags/example_external_task_marker_dag.py took 0.044 seconds
[2025-02-18T01:44:59.307+0000] {processor.py:186} INFO - Started process (PID=8309) to work on /home/airflow/.local/lib/python3.12/site-packages/airflow/example_dags/example_external_task_marker_dag.py
[2025-02-18T01:44:59.308+0000] {processor.py:914} INFO - Processing file /home/airflow/.local/lib/python3.12/site-packages/airflow/example_dags/example_external_task_marker_dag.py for tasks to queue
[2025-02-18T01:44:59.309+0000] {logging_mixin.py:190} INFO - [2025-02-18T01:44:59.308+0000] {dagbag.py:588} INFO - Filling up the DagBag from /home/airflow/.local/lib/python3.12/site-packages/airflow/example_dags/example_external_task_marker_dag.py
[2025-02-18T01:44:59.313+0000] {processor.py:925} INFO - DAG(s) 'example_external_task_marker_parent', 'example_external_task_marker_child' retrieved from /home/airflow/.local/lib/python3.12/site-packages/airflow/example_dags/example_external_task_marker_dag.py
[2025-02-18T01:44:59.326+0000] {logging_mixin.py:190} INFO - [2025-02-18T01:44:59.326+0000] {dag.py:3239} INFO - Sync 2 DAGs
[2025-02-18T01:44:59.333+0000] {logging_mixin.py:190} INFO - [2025-02-18T01:44:59.333+0000] {dag.py:4180} INFO - Setting next_dagrun for example_external_task_marker_child to None, run_after=None
[2025-02-18T01:44:59.335+0000] {logging_mixin.py:190} INFO - [2025-02-18T01:44:59.335+0000] {dag.py:4180} INFO - Setting next_dagrun for example_external_task_marker_parent to None, run_after=None
[2025-02-18T01:44:59.345+0000] {processor.py:208} INFO - Processing /home/airflow/.local/lib/python3.12/site-packages/airflow/example_dags/example_external_task_marker_dag.py took 0.041 seconds
[2025-02-18T02:31:36.680+0000] {processor.py:186} INFO - Started process (PID=8373) to work on /home/airflow/.local/lib/python3.12/site-packages/airflow/example_dags/example_external_task_marker_dag.py
[2025-02-18T02:31:36.680+0000] {processor.py:914} INFO - Processing file /home/airflow/.local/lib/python3.12/site-packages/airflow/example_dags/example_external_task_marker_dag.py for tasks to queue
[2025-02-18T02:31:36.681+0000] {logging_mixin.py:190} INFO - [2025-02-18T02:31:36.681+0000] {dagbag.py:588} INFO - Filling up the DagBag from /home/airflow/.local/lib/python3.12/site-packages/airflow/example_dags/example_external_task_marker_dag.py
[2025-02-18T02:31:36.686+0000] {processor.py:925} INFO - DAG(s) 'example_external_task_marker_child', 'example_external_task_marker_parent' retrieved from /home/airflow/.local/lib/python3.12/site-packages/airflow/example_dags/example_external_task_marker_dag.py
[2025-02-18T02:31:36.698+0000] {logging_mixin.py:190} INFO - [2025-02-18T02:31:36.697+0000] {dag.py:3239} INFO - Sync 2 DAGs
[2025-02-18T02:31:36.705+0000] {logging_mixin.py:190} INFO - [2025-02-18T02:31:36.705+0000] {dag.py:4180} INFO - Setting next_dagrun for example_external_task_marker_child to None, run_after=None
[2025-02-18T02:31:36.707+0000] {logging_mixin.py:190} INFO - [2025-02-18T02:31:36.707+0000] {dag.py:4180} INFO - Setting next_dagrun for example_external_task_marker_parent to None, run_after=None
[2025-02-18T02:31:36.715+0000] {processor.py:208} INFO - Processing /home/airflow/.local/lib/python3.12/site-packages/airflow/example_dags/example_external_task_marker_dag.py took 0.039 seconds
[2025-02-18T02:54:40.236+0000] {processor.py:186} INFO - Started process (PID=8437) to work on /home/airflow/.local/lib/python3.12/site-packages/airflow/example_dags/example_external_task_marker_dag.py
[2025-02-18T02:54:40.237+0000] {processor.py:914} INFO - Processing file /home/airflow/.local/lib/python3.12/site-packages/airflow/example_dags/example_external_task_marker_dag.py for tasks to queue
[2025-02-18T02:54:40.238+0000] {logging_mixin.py:190} INFO - [2025-02-18T02:54:40.238+0000] {dagbag.py:588} INFO - Filling up the DagBag from /home/airflow/.local/lib/python3.12/site-packages/airflow/example_dags/example_external_task_marker_dag.py
[2025-02-18T02:54:40.242+0000] {processor.py:925} INFO - DAG(s) 'example_external_task_marker_child', 'example_external_task_marker_parent' retrieved from /home/airflow/.local/lib/python3.12/site-packages/airflow/example_dags/example_external_task_marker_dag.py
[2025-02-18T02:54:40.253+0000] {logging_mixin.py:190} INFO - [2025-02-18T02:54:40.253+0000] {dag.py:3239} INFO - Sync 2 DAGs
[2025-02-18T02:54:40.261+0000] {logging_mixin.py:190} INFO - [2025-02-18T02:54:40.261+0000] {dag.py:4180} INFO - Setting next_dagrun for example_external_task_marker_child to None, run_after=None
[2025-02-18T02:54:40.263+0000] {logging_mixin.py:190} INFO - [2025-02-18T02:54:40.263+0000] {dag.py:4180} INFO - Setting next_dagrun for example_external_task_marker_parent to None, run_after=None
[2025-02-18T02:54:40.271+0000] {processor.py:208} INFO - Processing /home/airflow/.local/lib/python3.12/site-packages/airflow/example_dags/example_external_task_marker_dag.py took 0.038 seconds
[2025-02-18T03:12:50.054+0000] {processor.py:186} INFO - Started process (PID=8501) to work on /home/airflow/.local/lib/python3.12/site-packages/airflow/example_dags/example_external_task_marker_dag.py
[2025-02-18T03:12:50.055+0000] {processor.py:914} INFO - Processing file /home/airflow/.local/lib/python3.12/site-packages/airflow/example_dags/example_external_task_marker_dag.py for tasks to queue
[2025-02-18T03:12:50.056+0000] {logging_mixin.py:190} INFO - [2025-02-18T03:12:50.056+0000] {dagbag.py:588} INFO - Filling up the DagBag from /home/airflow/.local/lib/python3.12/site-packages/airflow/example_dags/example_external_task_marker_dag.py
[2025-02-18T03:12:50.061+0000] {processor.py:925} INFO - DAG(s) 'example_external_task_marker_parent', 'example_external_task_marker_child' retrieved from /home/airflow/.local/lib/python3.12/site-packages/airflow/example_dags/example_external_task_marker_dag.py
[2025-02-18T03:12:50.073+0000] {logging_mixin.py:190} INFO - [2025-02-18T03:12:50.073+0000] {dag.py:3239} INFO - Sync 2 DAGs
[2025-02-18T03:12:50.081+0000] {logging_mixin.py:190} INFO - [2025-02-18T03:12:50.081+0000] {dag.py:4180} INFO - Setting next_dagrun for example_external_task_marker_child to None, run_after=None
[2025-02-18T03:12:50.083+0000] {logging_mixin.py:190} INFO - [2025-02-18T03:12:50.083+0000] {dag.py:4180} INFO - Setting next_dagrun for example_external_task_marker_parent to None, run_after=None
[2025-02-18T03:12:50.091+0000] {processor.py:208} INFO - Processing /home/airflow/.local/lib/python3.12/site-packages/airflow/example_dags/example_external_task_marker_dag.py took 0.040 seconds
[2025-02-18T04:35:29.076+0000] {processor.py:186} INFO - Started process (PID=8565) to work on /home/airflow/.local/lib/python3.12/site-packages/airflow/example_dags/example_external_task_marker_dag.py
[2025-02-18T04:35:29.077+0000] {processor.py:914} INFO - Processing file /home/airflow/.local/lib/python3.12/site-packages/airflow/example_dags/example_external_task_marker_dag.py for tasks to queue
[2025-02-18T04:35:29.077+0000] {logging_mixin.py:190} INFO - [2025-02-18T04:35:29.077+0000] {dagbag.py:588} INFO - Filling up the DagBag from /home/airflow/.local/lib/python3.12/site-packages/airflow/example_dags/example_external_task_marker_dag.py
[2025-02-18T04:35:29.082+0000] {processor.py:925} INFO - DAG(s) 'example_external_task_marker_child', 'example_external_task_marker_parent' retrieved from /home/airflow/.local/lib/python3.12/site-packages/airflow/example_dags/example_external_task_marker_dag.py
[2025-02-18T04:35:29.095+0000] {logging_mixin.py:190} INFO - [2025-02-18T04:35:29.095+0000] {dag.py:3239} INFO - Sync 2 DAGs
[2025-02-18T04:35:29.102+0000] {logging_mixin.py:190} INFO - [2025-02-18T04:35:29.102+0000] {dag.py:4180} INFO - Setting next_dagrun for example_external_task_marker_child to None, run_after=None
[2025-02-18T04:35:29.104+0000] {logging_mixin.py:190} INFO - [2025-02-18T04:35:29.104+0000] {dag.py:4180} INFO - Setting next_dagrun for example_external_task_marker_parent to None, run_after=None
[2025-02-18T04:35:29.112+0000] {processor.py:208} INFO - Processing /home/airflow/.local/lib/python3.12/site-packages/airflow/example_dags/example_external_task_marker_dag.py took 0.040 seconds
[2025-02-18T04:55:48.497+0000] {processor.py:186} INFO - Started process (PID=8629) to work on /home/airflow/.local/lib/python3.12/site-packages/airflow/example_dags/example_external_task_marker_dag.py
[2025-02-18T04:55:48.498+0000] {processor.py:914} INFO - Processing file /home/airflow/.local/lib/python3.12/site-packages/airflow/example_dags/example_external_task_marker_dag.py for tasks to queue
[2025-02-18T04:55:48.499+0000] {logging_mixin.py:190} INFO - [2025-02-18T04:55:48.499+0000] {dagbag.py:588} INFO - Filling up the DagBag from /home/airflow/.local/lib/python3.12/site-packages/airflow/example_dags/example_external_task_marker_dag.py
[2025-02-18T04:55:48.504+0000] {processor.py:925} INFO - DAG(s) 'example_external_task_marker_parent', 'example_external_task_marker_child' retrieved from /home/airflow/.local/lib/python3.12/site-packages/airflow/example_dags/example_external_task_marker_dag.py
[2025-02-18T04:55:48.516+0000] {logging_mixin.py:190} INFO - [2025-02-18T04:55:48.516+0000] {dag.py:3239} INFO - Sync 2 DAGs
[2025-02-18T04:55:48.525+0000] {logging_mixin.py:190} INFO - [2025-02-18T04:55:48.524+0000] {dag.py:4180} INFO - Setting next_dagrun for example_external_task_marker_child to None, run_after=None
[2025-02-18T04:55:48.527+0000] {logging_mixin.py:190} INFO - [2025-02-18T04:55:48.527+0000] {dag.py:4180} INFO - Setting next_dagrun for example_external_task_marker_parent to None, run_after=None
[2025-02-18T04:55:48.535+0000] {processor.py:208} INFO - Processing /home/airflow/.local/lib/python3.12/site-packages/airflow/example_dags/example_external_task_marker_dag.py took 0.041 seconds
[2025-02-18T05:42:07.469+0000] {processor.py:186} INFO - Started process (PID=8693) to work on /home/airflow/.local/lib/python3.12/site-packages/airflow/example_dags/example_external_task_marker_dag.py
[2025-02-18T05:42:07.470+0000] {processor.py:914} INFO - Processing file /home/airflow/.local/lib/python3.12/site-packages/airflow/example_dags/example_external_task_marker_dag.py for tasks to queue
[2025-02-18T05:42:07.471+0000] {logging_mixin.py:190} INFO - [2025-02-18T05:42:07.471+0000] {dagbag.py:588} INFO - Filling up the DagBag from /home/airflow/.local/lib/python3.12/site-packages/airflow/example_dags/example_external_task_marker_dag.py
[2025-02-18T05:42:07.478+0000] {processor.py:925} INFO - DAG(s) 'example_external_task_marker_child', 'example_external_task_marker_parent' retrieved from /home/airflow/.local/lib/python3.12/site-packages/airflow/example_dags/example_external_task_marker_dag.py
[2025-02-18T05:42:07.492+0000] {logging_mixin.py:190} INFO - [2025-02-18T05:42:07.492+0000] {dag.py:3239} INFO - Sync 2 DAGs
[2025-02-18T05:42:07.502+0000] {logging_mixin.py:190} INFO - [2025-02-18T05:42:07.501+0000] {dag.py:4180} INFO - Setting next_dagrun for example_external_task_marker_child to None, run_after=None
[2025-02-18T05:42:07.504+0000] {logging_mixin.py:190} INFO - [2025-02-18T05:42:07.504+0000] {dag.py:4180} INFO - Setting next_dagrun for example_external_task_marker_parent to None, run_after=None
[2025-02-18T05:42:07.513+0000] {processor.py:208} INFO - Processing /home/airflow/.local/lib/python3.12/site-packages/airflow/example_dags/example_external_task_marker_dag.py took 0.047 seconds
[2025-02-18T05:42:37.993+0000] {processor.py:186} INFO - Started process (PID=8756) to work on /home/airflow/.local/lib/python3.12/site-packages/airflow/example_dags/example_external_task_marker_dag.py
[2025-02-18T05:42:37.995+0000] {processor.py:914} INFO - Processing file /home/airflow/.local/lib/python3.12/site-packages/airflow/example_dags/example_external_task_marker_dag.py for tasks to queue
[2025-02-18T05:42:37.998+0000] {logging_mixin.py:190} INFO - [2025-02-18T05:42:37.997+0000] {dagbag.py:588} INFO - Filling up the DagBag from /home/airflow/.local/lib/python3.12/site-packages/airflow/example_dags/example_external_task_marker_dag.py
[2025-02-18T05:42:38.005+0000] {processor.py:925} INFO - DAG(s) 'example_external_task_marker_parent', 'example_external_task_marker_child' retrieved from /home/airflow/.local/lib/python3.12/site-packages/airflow/example_dags/example_external_task_marker_dag.py
[2025-02-18T05:42:38.026+0000] {logging_mixin.py:190} INFO - [2025-02-18T05:42:38.026+0000] {dag.py:3239} INFO - Sync 2 DAGs
[2025-02-18T05:42:38.037+0000] {logging_mixin.py:190} INFO - [2025-02-18T05:42:38.037+0000] {dag.py:4180} INFO - Setting next_dagrun for example_external_task_marker_child to None, run_after=None
[2025-02-18T05:42:38.041+0000] {logging_mixin.py:190} INFO - [2025-02-18T05:42:38.041+0000] {dag.py:4180} INFO - Setting next_dagrun for example_external_task_marker_parent to None, run_after=None
[2025-02-18T05:42:38.052+0000] {processor.py:208} INFO - Processing /home/airflow/.local/lib/python3.12/site-packages/airflow/example_dags/example_external_task_marker_dag.py took 0.063 seconds
[2025-02-18T05:43:08.276+0000] {processor.py:186} INFO - Started process (PID=8820) to work on /home/airflow/.local/lib/python3.12/site-packages/airflow/example_dags/example_external_task_marker_dag.py
[2025-02-18T05:43:08.277+0000] {processor.py:914} INFO - Processing file /home/airflow/.local/lib/python3.12/site-packages/airflow/example_dags/example_external_task_marker_dag.py for tasks to queue
[2025-02-18T05:43:08.278+0000] {logging_mixin.py:190} INFO - [2025-02-18T05:43:08.278+0000] {dagbag.py:588} INFO - Filling up the DagBag from /home/airflow/.local/lib/python3.12/site-packages/airflow/example_dags/example_external_task_marker_dag.py
[2025-02-18T05:43:08.283+0000] {processor.py:925} INFO - DAG(s) 'example_external_task_marker_parent', 'example_external_task_marker_child' retrieved from /home/airflow/.local/lib/python3.12/site-packages/airflow/example_dags/example_external_task_marker_dag.py
[2025-02-18T05:43:08.298+0000] {logging_mixin.py:190} INFO - [2025-02-18T05:43:08.298+0000] {dag.py:3239} INFO - Sync 2 DAGs
[2025-02-18T05:43:08.307+0000] {logging_mixin.py:190} INFO - [2025-02-18T05:43:08.306+0000] {dag.py:4180} INFO - Setting next_dagrun for example_external_task_marker_child to None, run_after=None
[2025-02-18T05:43:08.309+0000] {logging_mixin.py:190} INFO - [2025-02-18T05:43:08.308+0000] {dag.py:4180} INFO - Setting next_dagrun for example_external_task_marker_parent to None, run_after=None
[2025-02-18T05:43:08.321+0000] {processor.py:208} INFO - Processing /home/airflow/.local/lib/python3.12/site-packages/airflow/example_dags/example_external_task_marker_dag.py took 0.049 seconds
[2025-02-18T05:43:38.464+0000] {processor.py:186} INFO - Started process (PID=8884) to work on /home/airflow/.local/lib/python3.12/site-packages/airflow/example_dags/example_external_task_marker_dag.py
[2025-02-18T05:43:38.465+0000] {processor.py:914} INFO - Processing file /home/airflow/.local/lib/python3.12/site-packages/airflow/example_dags/example_external_task_marker_dag.py for tasks to queue
[2025-02-18T05:43:38.466+0000] {logging_mixin.py:190} INFO - [2025-02-18T05:43:38.466+0000] {dagbag.py:588} INFO - Filling up the DagBag from /home/airflow/.local/lib/python3.12/site-packages/airflow/example_dags/example_external_task_marker_dag.py
[2025-02-18T05:43:38.471+0000] {processor.py:925} INFO - DAG(s) 'example_external_task_marker_child', 'example_external_task_marker_parent' retrieved from /home/airflow/.local/lib/python3.12/site-packages/airflow/example_dags/example_external_task_marker_dag.py
[2025-02-18T05:43:38.486+0000] {logging_mixin.py:190} INFO - [2025-02-18T05:43:38.486+0000] {dag.py:3239} INFO - Sync 2 DAGs
[2025-02-18T05:43:38.497+0000] {logging_mixin.py:190} INFO - [2025-02-18T05:43:38.496+0000] {dag.py:4180} INFO - Setting next_dagrun for example_external_task_marker_child to None, run_after=None
[2025-02-18T05:43:38.499+0000] {logging_mixin.py:190} INFO - [2025-02-18T05:43:38.499+0000] {dag.py:4180} INFO - Setting next_dagrun for example_external_task_marker_parent to None, run_after=None
[2025-02-18T05:43:38.508+0000] {processor.py:208} INFO - Processing /home/airflow/.local/lib/python3.12/site-packages/airflow/example_dags/example_external_task_marker_dag.py took 0.047 seconds
[2025-02-18T05:44:09.015+0000] {processor.py:186} INFO - Started process (PID=8948) to work on /home/airflow/.local/lib/python3.12/site-packages/airflow/example_dags/example_external_task_marker_dag.py
[2025-02-18T05:44:09.016+0000] {processor.py:914} INFO - Processing file /home/airflow/.local/lib/python3.12/site-packages/airflow/example_dags/example_external_task_marker_dag.py for tasks to queue
[2025-02-18T05:44:09.017+0000] {logging_mixin.py:190} INFO - [2025-02-18T05:44:09.017+0000] {dagbag.py:588} INFO - Filling up the DagBag from /home/airflow/.local/lib/python3.12/site-packages/airflow/example_dags/example_external_task_marker_dag.py
[2025-02-18T05:44:09.023+0000] {processor.py:925} INFO - DAG(s) 'example_external_task_marker_child', 'example_external_task_marker_parent' retrieved from /home/airflow/.local/lib/python3.12/site-packages/airflow/example_dags/example_external_task_marker_dag.py
[2025-02-18T05:44:09.042+0000] {logging_mixin.py:190} INFO - [2025-02-18T05:44:09.042+0000] {dag.py:3239} INFO - Sync 2 DAGs
[2025-02-18T05:44:09.053+0000] {logging_mixin.py:190} INFO - [2025-02-18T05:44:09.053+0000] {dag.py:4180} INFO - Setting next_dagrun for example_external_task_marker_child to None, run_after=None
[2025-02-18T05:44:09.055+0000] {logging_mixin.py:190} INFO - [2025-02-18T05:44:09.055+0000] {dag.py:4180} INFO - Setting next_dagrun for example_external_task_marker_parent to None, run_after=None
[2025-02-18T05:44:09.065+0000] {processor.py:208} INFO - Processing /home/airflow/.local/lib/python3.12/site-packages/airflow/example_dags/example_external_task_marker_dag.py took 0.054 seconds
[2025-02-18T05:44:39.707+0000] {processor.py:186} INFO - Started process (PID=9012) to work on /home/airflow/.local/lib/python3.12/site-packages/airflow/example_dags/example_external_task_marker_dag.py
[2025-02-18T05:44:39.708+0000] {processor.py:914} INFO - Processing file /home/airflow/.local/lib/python3.12/site-packages/airflow/example_dags/example_external_task_marker_dag.py for tasks to queue
[2025-02-18T05:44:39.709+0000] {logging_mixin.py:190} INFO - [2025-02-18T05:44:39.709+0000] {dagbag.py:588} INFO - Filling up the DagBag from /home/airflow/.local/lib/python3.12/site-packages/airflow/example_dags/example_external_task_marker_dag.py
[2025-02-18T05:44:39.714+0000] {processor.py:925} INFO - DAG(s) 'example_external_task_marker_child', 'example_external_task_marker_parent' retrieved from /home/airflow/.local/lib/python3.12/site-packages/airflow/example_dags/example_external_task_marker_dag.py
[2025-02-18T05:44:39.727+0000] {logging_mixin.py:190} INFO - [2025-02-18T05:44:39.727+0000] {dag.py:3239} INFO - Sync 2 DAGs
[2025-02-18T05:44:39.736+0000] {logging_mixin.py:190} INFO - [2025-02-18T05:44:39.736+0000] {dag.py:4180} INFO - Setting next_dagrun for example_external_task_marker_child to None, run_after=None
[2025-02-18T05:44:39.738+0000] {logging_mixin.py:190} INFO - [2025-02-18T05:44:39.738+0000] {dag.py:4180} INFO - Setting next_dagrun for example_external_task_marker_parent to None, run_after=None
[2025-02-18T05:44:39.745+0000] {processor.py:208} INFO - Processing /home/airflow/.local/lib/python3.12/site-packages/airflow/example_dags/example_external_task_marker_dag.py took 0.041 seconds
[2025-02-18T05:45:10.647+0000] {processor.py:186} INFO - Started process (PID=9076) to work on /home/airflow/.local/lib/python3.12/site-packages/airflow/example_dags/example_external_task_marker_dag.py
[2025-02-18T05:45:10.647+0000] {processor.py:914} INFO - Processing file /home/airflow/.local/lib/python3.12/site-packages/airflow/example_dags/example_external_task_marker_dag.py for tasks to queue
[2025-02-18T05:45:10.648+0000] {logging_mixin.py:190} INFO - [2025-02-18T05:45:10.648+0000] {dagbag.py:588} INFO - Filling up the DagBag from /home/airflow/.local/lib/python3.12/site-packages/airflow/example_dags/example_external_task_marker_dag.py
[2025-02-18T05:45:10.653+0000] {processor.py:925} INFO - DAG(s) 'example_external_task_marker_parent', 'example_external_task_marker_child' retrieved from /home/airflow/.local/lib/python3.12/site-packages/airflow/example_dags/example_external_task_marker_dag.py
[2025-02-18T05:45:10.666+0000] {logging_mixin.py:190} INFO - [2025-02-18T05:45:10.665+0000] {dag.py:3239} INFO - Sync 2 DAGs
[2025-02-18T05:45:10.673+0000] {logging_mixin.py:190} INFO - [2025-02-18T05:45:10.673+0000] {dag.py:4180} INFO - Setting next_dagrun for example_external_task_marker_child to None, run_after=None
[2025-02-18T05:45:10.675+0000] {logging_mixin.py:190} INFO - [2025-02-18T05:45:10.675+0000] {dag.py:4180} INFO - Setting next_dagrun for example_external_task_marker_parent to None, run_after=None
[2025-02-18T05:45:10.683+0000] {processor.py:208} INFO - Processing /home/airflow/.local/lib/python3.12/site-packages/airflow/example_dags/example_external_task_marker_dag.py took 0.040 seconds
[2025-02-18T05:45:40.889+0000] {processor.py:186} INFO - Started process (PID=9140) to work on /home/airflow/.local/lib/python3.12/site-packages/airflow/example_dags/example_external_task_marker_dag.py
[2025-02-18T05:45:40.889+0000] {processor.py:914} INFO - Processing file /home/airflow/.local/lib/python3.12/site-packages/airflow/example_dags/example_external_task_marker_dag.py for tasks to queue
[2025-02-18T05:45:40.890+0000] {logging_mixin.py:190} INFO - [2025-02-18T05:45:40.890+0000] {dagbag.py:588} INFO - Filling up the DagBag from /home/airflow/.local/lib/python3.12/site-packages/airflow/example_dags/example_external_task_marker_dag.py
[2025-02-18T05:45:40.894+0000] {processor.py:925} INFO - DAG(s) 'example_external_task_marker_parent', 'example_external_task_marker_child' retrieved from /home/airflow/.local/lib/python3.12/site-packages/airflow/example_dags/example_external_task_marker_dag.py
[2025-02-18T05:45:40.905+0000] {logging_mixin.py:190} INFO - [2025-02-18T05:45:40.905+0000] {dag.py:3239} INFO - Sync 2 DAGs
[2025-02-18T05:45:40.914+0000] {logging_mixin.py:190} INFO - [2025-02-18T05:45:40.914+0000] {dag.py:4180} INFO - Setting next_dagrun for example_external_task_marker_child to None, run_after=None
[2025-02-18T05:45:40.916+0000] {logging_mixin.py:190} INFO - [2025-02-18T05:45:40.915+0000] {dag.py:4180} INFO - Setting next_dagrun for example_external_task_marker_parent to None, run_after=None
[2025-02-18T05:45:40.928+0000] {processor.py:208} INFO - Processing /home/airflow/.local/lib/python3.12/site-packages/airflow/example_dags/example_external_task_marker_dag.py took 0.043 seconds
[2025-02-18T05:46:12.062+0000] {processor.py:186} INFO - Started process (PID=9204) to work on /home/airflow/.local/lib/python3.12/site-packages/airflow/example_dags/example_external_task_marker_dag.py
[2025-02-18T05:46:12.062+0000] {processor.py:914} INFO - Processing file /home/airflow/.local/lib/python3.12/site-packages/airflow/example_dags/example_external_task_marker_dag.py for tasks to queue
[2025-02-18T05:46:12.064+0000] {logging_mixin.py:190} INFO - [2025-02-18T05:46:12.064+0000] {dagbag.py:588} INFO - Filling up the DagBag from /home/airflow/.local/lib/python3.12/site-packages/airflow/example_dags/example_external_task_marker_dag.py
[2025-02-18T05:46:12.070+0000] {processor.py:925} INFO - DAG(s) 'example_external_task_marker_parent', 'example_external_task_marker_child' retrieved from /home/airflow/.local/lib/python3.12/site-packages/airflow/example_dags/example_external_task_marker_dag.py
[2025-02-18T05:46:12.086+0000] {logging_mixin.py:190} INFO - [2025-02-18T05:46:12.086+0000] {dag.py:3239} INFO - Sync 2 DAGs
[2025-02-18T05:46:12.093+0000] {logging_mixin.py:190} INFO - [2025-02-18T05:46:12.093+0000] {dag.py:4180} INFO - Setting next_dagrun for example_external_task_marker_child to None, run_after=None
[2025-02-18T05:46:12.096+0000] {logging_mixin.py:190} INFO - [2025-02-18T05:46:12.095+0000] {dag.py:4180} INFO - Setting next_dagrun for example_external_task_marker_parent to None, run_after=None
[2025-02-18T05:46:12.107+0000] {processor.py:208} INFO - Processing /home/airflow/.local/lib/python3.12/site-packages/airflow/example_dags/example_external_task_marker_dag.py took 0.050 seconds
[2025-02-18T05:46:42.458+0000] {processor.py:186} INFO - Started process (PID=9268) to work on /home/airflow/.local/lib/python3.12/site-packages/airflow/example_dags/example_external_task_marker_dag.py
[2025-02-18T05:46:42.460+0000] {processor.py:914} INFO - Processing file /home/airflow/.local/lib/python3.12/site-packages/airflow/example_dags/example_external_task_marker_dag.py for tasks to queue
[2025-02-18T05:46:42.461+0000] {logging_mixin.py:190} INFO - [2025-02-18T05:46:42.461+0000] {dagbag.py:588} INFO - Filling up the DagBag from /home/airflow/.local/lib/python3.12/site-packages/airflow/example_dags/example_external_task_marker_dag.py
[2025-02-18T05:46:42.467+0000] {processor.py:925} INFO - DAG(s) 'example_external_task_marker_parent', 'example_external_task_marker_child' retrieved from /home/airflow/.local/lib/python3.12/site-packages/airflow/example_dags/example_external_task_marker_dag.py
[2025-02-18T05:46:42.484+0000] {logging_mixin.py:190} INFO - [2025-02-18T05:46:42.484+0000] {dag.py:3239} INFO - Sync 2 DAGs
[2025-02-18T05:46:42.494+0000] {logging_mixin.py:190} INFO - [2025-02-18T05:46:42.494+0000] {dag.py:4180} INFO - Setting next_dagrun for example_external_task_marker_child to None, run_after=None
[2025-02-18T05:46:42.497+0000] {logging_mixin.py:190} INFO - [2025-02-18T05:46:42.497+0000] {dag.py:4180} INFO - Setting next_dagrun for example_external_task_marker_parent to None, run_after=None
[2025-02-18T05:46:42.505+0000] {processor.py:208} INFO - Processing /home/airflow/.local/lib/python3.12/site-packages/airflow/example_dags/example_external_task_marker_dag.py took 0.051 seconds
[2025-02-18T05:47:12.967+0000] {processor.py:186} INFO - Started process (PID=9332) to work on /home/airflow/.local/lib/python3.12/site-packages/airflow/example_dags/example_external_task_marker_dag.py
[2025-02-18T05:47:12.970+0000] {processor.py:914} INFO - Processing file /home/airflow/.local/lib/python3.12/site-packages/airflow/example_dags/example_external_task_marker_dag.py for tasks to queue
[2025-02-18T05:47:12.972+0000] {logging_mixin.py:190} INFO - [2025-02-18T05:47:12.972+0000] {dagbag.py:588} INFO - Filling up the DagBag from /home/airflow/.local/lib/python3.12/site-packages/airflow/example_dags/example_external_task_marker_dag.py
[2025-02-18T05:47:12.977+0000] {processor.py:925} INFO - DAG(s) 'example_external_task_marker_parent', 'example_external_task_marker_child' retrieved from /home/airflow/.local/lib/python3.12/site-packages/airflow/example_dags/example_external_task_marker_dag.py
[2025-02-18T05:47:12.991+0000] {logging_mixin.py:190} INFO - [2025-02-18T05:47:12.991+0000] {dag.py:3239} INFO - Sync 2 DAGs
[2025-02-18T05:47:13.001+0000] {logging_mixin.py:190} INFO - [2025-02-18T05:47:13.001+0000] {dag.py:4180} INFO - Setting next_dagrun for example_external_task_marker_child to None, run_after=None
[2025-02-18T05:47:13.003+0000] {logging_mixin.py:190} INFO - [2025-02-18T05:47:13.003+0000] {dag.py:4180} INFO - Setting next_dagrun for example_external_task_marker_parent to None, run_after=None
[2025-02-18T05:47:13.011+0000] {processor.py:208} INFO - Processing /home/airflow/.local/lib/python3.12/site-packages/airflow/example_dags/example_external_task_marker_dag.py took 0.048 seconds
[2025-02-18T05:47:43.283+0000] {processor.py:186} INFO - Started process (PID=9396) to work on /home/airflow/.local/lib/python3.12/site-packages/airflow/example_dags/example_external_task_marker_dag.py
[2025-02-18T05:47:43.284+0000] {processor.py:914} INFO - Processing file /home/airflow/.local/lib/python3.12/site-packages/airflow/example_dags/example_external_task_marker_dag.py for tasks to queue
[2025-02-18T05:47:43.284+0000] {logging_mixin.py:190} INFO - [2025-02-18T05:47:43.284+0000] {dagbag.py:588} INFO - Filling up the DagBag from /home/airflow/.local/lib/python3.12/site-packages/airflow/example_dags/example_external_task_marker_dag.py
[2025-02-18T05:47:43.289+0000] {processor.py:925} INFO - DAG(s) 'example_external_task_marker_child', 'example_external_task_marker_parent' retrieved from /home/airflow/.local/lib/python3.12/site-packages/airflow/example_dags/example_external_task_marker_dag.py
[2025-02-18T05:47:43.304+0000] {logging_mixin.py:190} INFO - [2025-02-18T05:47:43.304+0000] {dag.py:3239} INFO - Sync 2 DAGs
[2025-02-18T05:47:43.312+0000] {logging_mixin.py:190} INFO - [2025-02-18T05:47:43.312+0000] {dag.py:4180} INFO - Setting next_dagrun for example_external_task_marker_child to None, run_after=None
[2025-02-18T05:47:43.315+0000] {logging_mixin.py:190} INFO - [2025-02-18T05:47:43.315+0000] {dag.py:4180} INFO - Setting next_dagrun for example_external_task_marker_parent to None, run_after=None
[2025-02-18T05:47:43.327+0000] {processor.py:208} INFO - Processing /home/airflow/.local/lib/python3.12/site-packages/airflow/example_dags/example_external_task_marker_dag.py took 0.048 seconds
[2025-02-18T05:48:13.512+0000] {processor.py:186} INFO - Started process (PID=9460) to work on /home/airflow/.local/lib/python3.12/site-packages/airflow/example_dags/example_external_task_marker_dag.py
[2025-02-18T05:48:13.512+0000] {processor.py:914} INFO - Processing file /home/airflow/.local/lib/python3.12/site-packages/airflow/example_dags/example_external_task_marker_dag.py for tasks to queue
[2025-02-18T05:48:13.514+0000] {logging_mixin.py:190} INFO - [2025-02-18T05:48:13.514+0000] {dagbag.py:588} INFO - Filling up the DagBag from /home/airflow/.local/lib/python3.12/site-packages/airflow/example_dags/example_external_task_marker_dag.py
[2025-02-18T05:48:13.519+0000] {processor.py:925} INFO - DAG(s) 'example_external_task_marker_parent', 'example_external_task_marker_child' retrieved from /home/airflow/.local/lib/python3.12/site-packages/airflow/example_dags/example_external_task_marker_dag.py
[2025-02-18T05:48:13.534+0000] {logging_mixin.py:190} INFO - [2025-02-18T05:48:13.534+0000] {dag.py:3239} INFO - Sync 2 DAGs
[2025-02-18T05:48:13.543+0000] {logging_mixin.py:190} INFO - [2025-02-18T05:48:13.543+0000] {dag.py:4180} INFO - Setting next_dagrun for example_external_task_marker_child to None, run_after=None
[2025-02-18T05:48:13.546+0000] {logging_mixin.py:190} INFO - [2025-02-18T05:48:13.546+0000] {dag.py:4180} INFO - Setting next_dagrun for example_external_task_marker_parent to None, run_after=None
[2025-02-18T05:48:13.561+0000] {processor.py:208} INFO - Processing /home/airflow/.local/lib/python3.12/site-packages/airflow/example_dags/example_external_task_marker_dag.py took 0.056 seconds
[2025-02-18T05:48:43.665+0000] {processor.py:186} INFO - Started process (PID=9524) to work on /home/airflow/.local/lib/python3.12/site-packages/airflow/example_dags/example_external_task_marker_dag.py
[2025-02-18T05:48:43.666+0000] {processor.py:914} INFO - Processing file /home/airflow/.local/lib/python3.12/site-packages/airflow/example_dags/example_external_task_marker_dag.py for tasks to queue
[2025-02-18T05:48:43.667+0000] {logging_mixin.py:190} INFO - [2025-02-18T05:48:43.667+0000] {dagbag.py:588} INFO - Filling up the DagBag from /home/airflow/.local/lib/python3.12/site-packages/airflow/example_dags/example_external_task_marker_dag.py
[2025-02-18T05:48:43.672+0000] {processor.py:925} INFO - DAG(s) 'example_external_task_marker_parent', 'example_external_task_marker_child' retrieved from /home/airflow/.local/lib/python3.12/site-packages/airflow/example_dags/example_external_task_marker_dag.py
[2025-02-18T05:48:43.692+0000] {logging_mixin.py:190} INFO - [2025-02-18T05:48:43.692+0000] {dag.py:3239} INFO - Sync 2 DAGs
[2025-02-18T05:48:43.699+0000] {logging_mixin.py:190} INFO - [2025-02-18T05:48:43.699+0000] {dag.py:4180} INFO - Setting next_dagrun for example_external_task_marker_child to None, run_after=None
[2025-02-18T05:48:43.701+0000] {logging_mixin.py:190} INFO - [2025-02-18T05:48:43.701+0000] {dag.py:4180} INFO - Setting next_dagrun for example_external_task_marker_parent to None, run_after=None
[2025-02-18T05:48:43.714+0000] {processor.py:208} INFO - Processing /home/airflow/.local/lib/python3.12/site-packages/airflow/example_dags/example_external_task_marker_dag.py took 0.052 seconds
[2025-02-18T05:49:14.538+0000] {processor.py:186} INFO - Started process (PID=9587) to work on /home/airflow/.local/lib/python3.12/site-packages/airflow/example_dags/example_external_task_marker_dag.py
[2025-02-18T05:49:14.539+0000] {processor.py:914} INFO - Processing file /home/airflow/.local/lib/python3.12/site-packages/airflow/example_dags/example_external_task_marker_dag.py for tasks to queue
[2025-02-18T05:49:14.539+0000] {logging_mixin.py:190} INFO - [2025-02-18T05:49:14.539+0000] {dagbag.py:588} INFO - Filling up the DagBag from /home/airflow/.local/lib/python3.12/site-packages/airflow/example_dags/example_external_task_marker_dag.py
[2025-02-18T05:49:14.545+0000] {processor.py:925} INFO - DAG(s) 'example_external_task_marker_child', 'example_external_task_marker_parent' retrieved from /home/airflow/.local/lib/python3.12/site-packages/airflow/example_dags/example_external_task_marker_dag.py
[2025-02-18T05:49:14.559+0000] {logging_mixin.py:190} INFO - [2025-02-18T05:49:14.559+0000] {dag.py:3239} INFO - Sync 2 DAGs
[2025-02-18T05:49:14.568+0000] {logging_mixin.py:190} INFO - [2025-02-18T05:49:14.568+0000] {dag.py:4180} INFO - Setting next_dagrun for example_external_task_marker_child to None, run_after=None
[2025-02-18T05:49:14.575+0000] {logging_mixin.py:190} INFO - [2025-02-18T05:49:14.575+0000] {dag.py:4180} INFO - Setting next_dagrun for example_external_task_marker_parent to None, run_after=None
[2025-02-18T05:49:14.590+0000] {processor.py:208} INFO - Processing /home/airflow/.local/lib/python3.12/site-packages/airflow/example_dags/example_external_task_marker_dag.py took 0.056 seconds
[2025-02-18T05:49:44.729+0000] {processor.py:186} INFO - Started process (PID=9651) to work on /home/airflow/.local/lib/python3.12/site-packages/airflow/example_dags/example_external_task_marker_dag.py
[2025-02-18T05:49:44.730+0000] {processor.py:914} INFO - Processing file /home/airflow/.local/lib/python3.12/site-packages/airflow/example_dags/example_external_task_marker_dag.py for tasks to queue
[2025-02-18T05:49:44.731+0000] {logging_mixin.py:190} INFO - [2025-02-18T05:49:44.730+0000] {dagbag.py:588} INFO - Filling up the DagBag from /home/airflow/.local/lib/python3.12/site-packages/airflow/example_dags/example_external_task_marker_dag.py
[2025-02-18T05:49:44.735+0000] {processor.py:925} INFO - DAG(s) 'example_external_task_marker_child', 'example_external_task_marker_parent' retrieved from /home/airflow/.local/lib/python3.12/site-packages/airflow/example_dags/example_external_task_marker_dag.py
[2025-02-18T05:49:44.753+0000] {logging_mixin.py:190} INFO - [2025-02-18T05:49:44.752+0000] {dag.py:3239} INFO - Sync 2 DAGs
[2025-02-18T05:49:44.760+0000] {logging_mixin.py:190} INFO - [2025-02-18T05:49:44.760+0000] {dag.py:4180} INFO - Setting next_dagrun for example_external_task_marker_child to None, run_after=None
[2025-02-18T05:49:44.763+0000] {logging_mixin.py:190} INFO - [2025-02-18T05:49:44.762+0000] {dag.py:4180} INFO - Setting next_dagrun for example_external_task_marker_parent to None, run_after=None
[2025-02-18T05:49:44.771+0000] {processor.py:208} INFO - Processing /home/airflow/.local/lib/python3.12/site-packages/airflow/example_dags/example_external_task_marker_dag.py took 0.045 seconds
[2025-02-18T05:50:14.902+0000] {processor.py:186} INFO - Started process (PID=9715) to work on /home/airflow/.local/lib/python3.12/site-packages/airflow/example_dags/example_external_task_marker_dag.py
[2025-02-18T05:50:14.903+0000] {processor.py:914} INFO - Processing file /home/airflow/.local/lib/python3.12/site-packages/airflow/example_dags/example_external_task_marker_dag.py for tasks to queue
[2025-02-18T05:50:14.904+0000] {logging_mixin.py:190} INFO - [2025-02-18T05:50:14.904+0000] {dagbag.py:588} INFO - Filling up the DagBag from /home/airflow/.local/lib/python3.12/site-packages/airflow/example_dags/example_external_task_marker_dag.py
[2025-02-18T05:50:14.908+0000] {processor.py:925} INFO - DAG(s) 'example_external_task_marker_parent', 'example_external_task_marker_child' retrieved from /home/airflow/.local/lib/python3.12/site-packages/airflow/example_dags/example_external_task_marker_dag.py
[2025-02-18T05:50:14.924+0000] {logging_mixin.py:190} INFO - [2025-02-18T05:50:14.924+0000] {dag.py:3239} INFO - Sync 2 DAGs
[2025-02-18T05:50:14.936+0000] {logging_mixin.py:190} INFO - [2025-02-18T05:50:14.936+0000] {dag.py:4180} INFO - Setting next_dagrun for example_external_task_marker_child to None, run_after=None
[2025-02-18T05:50:14.940+0000] {logging_mixin.py:190} INFO - [2025-02-18T05:50:14.939+0000] {dag.py:4180} INFO - Setting next_dagrun for example_external_task_marker_parent to None, run_after=None
[2025-02-18T05:50:14.952+0000] {processor.py:208} INFO - Processing /home/airflow/.local/lib/python3.12/site-packages/airflow/example_dags/example_external_task_marker_dag.py took 0.052 seconds
[2025-02-18T05:50:45.060+0000] {processor.py:186} INFO - Started process (PID=9780) to work on /home/airflow/.local/lib/python3.12/site-packages/airflow/example_dags/example_external_task_marker_dag.py
[2025-02-18T05:50:45.061+0000] {processor.py:914} INFO - Processing file /home/airflow/.local/lib/python3.12/site-packages/airflow/example_dags/example_external_task_marker_dag.py for tasks to queue
[2025-02-18T05:50:45.062+0000] {logging_mixin.py:190} INFO - [2025-02-18T05:50:45.061+0000] {dagbag.py:588} INFO - Filling up the DagBag from /home/airflow/.local/lib/python3.12/site-packages/airflow/example_dags/example_external_task_marker_dag.py
[2025-02-18T05:50:45.067+0000] {processor.py:925} INFO - DAG(s) 'example_external_task_marker_parent', 'example_external_task_marker_child' retrieved from /home/airflow/.local/lib/python3.12/site-packages/airflow/example_dags/example_external_task_marker_dag.py
[2025-02-18T05:50:45.081+0000] {logging_mixin.py:190} INFO - [2025-02-18T05:50:45.081+0000] {dag.py:3239} INFO - Sync 2 DAGs
[2025-02-18T05:50:45.091+0000] {logging_mixin.py:190} INFO - [2025-02-18T05:50:45.091+0000] {dag.py:4180} INFO - Setting next_dagrun for example_external_task_marker_child to None, run_after=None
[2025-02-18T05:50:45.093+0000] {logging_mixin.py:190} INFO - [2025-02-18T05:50:45.093+0000] {dag.py:4180} INFO - Setting next_dagrun for example_external_task_marker_parent to None, run_after=None
[2025-02-18T05:50:45.110+0000] {processor.py:208} INFO - Processing /home/airflow/.local/lib/python3.12/site-packages/airflow/example_dags/example_external_task_marker_dag.py took 0.053 seconds
[2025-02-18T05:51:15.492+0000] {processor.py:186} INFO - Started process (PID=9844) to work on /home/airflow/.local/lib/python3.12/site-packages/airflow/example_dags/example_external_task_marker_dag.py
[2025-02-18T05:51:15.493+0000] {processor.py:914} INFO - Processing file /home/airflow/.local/lib/python3.12/site-packages/airflow/example_dags/example_external_task_marker_dag.py for tasks to queue
[2025-02-18T05:51:15.493+0000] {logging_mixin.py:190} INFO - [2025-02-18T05:51:15.493+0000] {dagbag.py:588} INFO - Filling up the DagBag from /home/airflow/.local/lib/python3.12/site-packages/airflow/example_dags/example_external_task_marker_dag.py
[2025-02-18T05:51:15.499+0000] {processor.py:925} INFO - DAG(s) 'example_external_task_marker_child', 'example_external_task_marker_parent' retrieved from /home/airflow/.local/lib/python3.12/site-packages/airflow/example_dags/example_external_task_marker_dag.py
[2025-02-18T05:51:15.511+0000] {logging_mixin.py:190} INFO - [2025-02-18T05:51:15.511+0000] {dag.py:3239} INFO - Sync 2 DAGs
[2025-02-18T05:51:15.519+0000] {logging_mixin.py:190} INFO - [2025-02-18T05:51:15.519+0000] {dag.py:4180} INFO - Setting next_dagrun for example_external_task_marker_child to None, run_after=None
[2025-02-18T05:51:15.520+0000] {logging_mixin.py:190} INFO - [2025-02-18T05:51:15.520+0000] {dag.py:4180} INFO - Setting next_dagrun for example_external_task_marker_parent to None, run_after=None
[2025-02-18T05:51:15.528+0000] {processor.py:208} INFO - Processing /home/airflow/.local/lib/python3.12/site-packages/airflow/example_dags/example_external_task_marker_dag.py took 0.039 seconds
[2025-02-18T05:51:45.847+0000] {processor.py:186} INFO - Started process (PID=9908) to work on /home/airflow/.local/lib/python3.12/site-packages/airflow/example_dags/example_external_task_marker_dag.py
[2025-02-18T05:51:45.849+0000] {processor.py:914} INFO - Processing file /home/airflow/.local/lib/python3.12/site-packages/airflow/example_dags/example_external_task_marker_dag.py for tasks to queue
[2025-02-18T05:51:45.849+0000] {logging_mixin.py:190} INFO - [2025-02-18T05:51:45.849+0000] {dagbag.py:588} INFO - Filling up the DagBag from /home/airflow/.local/lib/python3.12/site-packages/airflow/example_dags/example_external_task_marker_dag.py
[2025-02-18T05:51:45.855+0000] {processor.py:925} INFO - DAG(s) 'example_external_task_marker_child', 'example_external_task_marker_parent' retrieved from /home/airflow/.local/lib/python3.12/site-packages/airflow/example_dags/example_external_task_marker_dag.py
[2025-02-18T05:51:45.872+0000] {logging_mixin.py:190} INFO - [2025-02-18T05:51:45.872+0000] {dag.py:3239} INFO - Sync 2 DAGs
[2025-02-18T05:51:45.880+0000] {logging_mixin.py:190} INFO - [2025-02-18T05:51:45.880+0000] {dag.py:4180} INFO - Setting next_dagrun for example_external_task_marker_child to None, run_after=None
[2025-02-18T05:51:45.883+0000] {logging_mixin.py:190} INFO - [2025-02-18T05:51:45.883+0000] {dag.py:4180} INFO - Setting next_dagrun for example_external_task_marker_parent to None, run_after=None
[2025-02-18T05:51:45.892+0000] {processor.py:208} INFO - Processing /home/airflow/.local/lib/python3.12/site-packages/airflow/example_dags/example_external_task_marker_dag.py took 0.048 seconds
[2025-02-18T05:52:16.522+0000] {processor.py:186} INFO - Started process (PID=9972) to work on /home/airflow/.local/lib/python3.12/site-packages/airflow/example_dags/example_external_task_marker_dag.py
[2025-02-18T05:52:16.522+0000] {processor.py:914} INFO - Processing file /home/airflow/.local/lib/python3.12/site-packages/airflow/example_dags/example_external_task_marker_dag.py for tasks to queue
[2025-02-18T05:52:16.523+0000] {logging_mixin.py:190} INFO - [2025-02-18T05:52:16.523+0000] {dagbag.py:588} INFO - Filling up the DagBag from /home/airflow/.local/lib/python3.12/site-packages/airflow/example_dags/example_external_task_marker_dag.py
[2025-02-18T05:52:16.528+0000] {processor.py:925} INFO - DAG(s) 'example_external_task_marker_child', 'example_external_task_marker_parent' retrieved from /home/airflow/.local/lib/python3.12/site-packages/airflow/example_dags/example_external_task_marker_dag.py
[2025-02-18T05:52:16.540+0000] {logging_mixin.py:190} INFO - [2025-02-18T05:52:16.539+0000] {dag.py:3239} INFO - Sync 2 DAGs
[2025-02-18T05:52:16.547+0000] {logging_mixin.py:190} INFO - [2025-02-18T05:52:16.546+0000] {dag.py:4180} INFO - Setting next_dagrun for example_external_task_marker_child to None, run_after=None
[2025-02-18T05:52:16.548+0000] {logging_mixin.py:190} INFO - [2025-02-18T05:52:16.548+0000] {dag.py:4180} INFO - Setting next_dagrun for example_external_task_marker_parent to None, run_after=None
[2025-02-18T05:52:16.555+0000] {processor.py:208} INFO - Processing /home/airflow/.local/lib/python3.12/site-packages/airflow/example_dags/example_external_task_marker_dag.py took 0.037 seconds
[2025-02-18T05:52:46.742+0000] {processor.py:186} INFO - Started process (PID=10036) to work on /home/airflow/.local/lib/python3.12/site-packages/airflow/example_dags/example_external_task_marker_dag.py
[2025-02-18T05:52:46.743+0000] {processor.py:914} INFO - Processing file /home/airflow/.local/lib/python3.12/site-packages/airflow/example_dags/example_external_task_marker_dag.py for tasks to queue
[2025-02-18T05:52:46.745+0000] {logging_mixin.py:190} INFO - [2025-02-18T05:52:46.745+0000] {dagbag.py:588} INFO - Filling up the DagBag from /home/airflow/.local/lib/python3.12/site-packages/airflow/example_dags/example_external_task_marker_dag.py
[2025-02-18T05:52:46.750+0000] {processor.py:925} INFO - DAG(s) 'example_external_task_marker_child', 'example_external_task_marker_parent' retrieved from /home/airflow/.local/lib/python3.12/site-packages/airflow/example_dags/example_external_task_marker_dag.py
[2025-02-18T05:52:46.764+0000] {logging_mixin.py:190} INFO - [2025-02-18T05:52:46.764+0000] {dag.py:3239} INFO - Sync 2 DAGs
[2025-02-18T05:52:46.772+0000] {logging_mixin.py:190} INFO - [2025-02-18T05:52:46.772+0000] {dag.py:4180} INFO - Setting next_dagrun for example_external_task_marker_child to None, run_after=None
[2025-02-18T05:52:46.774+0000] {logging_mixin.py:190} INFO - [2025-02-18T05:52:46.774+0000] {dag.py:4180} INFO - Setting next_dagrun for example_external_task_marker_parent to None, run_after=None
[2025-02-18T05:52:46.787+0000] {processor.py:208} INFO - Processing /home/airflow/.local/lib/python3.12/site-packages/airflow/example_dags/example_external_task_marker_dag.py took 0.048 seconds
[2025-02-18T05:53:16.835+0000] {processor.py:186} INFO - Started process (PID=10100) to work on /home/airflow/.local/lib/python3.12/site-packages/airflow/example_dags/example_external_task_marker_dag.py
[2025-02-18T05:53:16.837+0000] {processor.py:914} INFO - Processing file /home/airflow/.local/lib/python3.12/site-packages/airflow/example_dags/example_external_task_marker_dag.py for tasks to queue
[2025-02-18T05:53:16.837+0000] {logging_mixin.py:190} INFO - [2025-02-18T05:53:16.837+0000] {dagbag.py:588} INFO - Filling up the DagBag from /home/airflow/.local/lib/python3.12/site-packages/airflow/example_dags/example_external_task_marker_dag.py
[2025-02-18T05:53:16.842+0000] {processor.py:925} INFO - DAG(s) 'example_external_task_marker_child', 'example_external_task_marker_parent' retrieved from /home/airflow/.local/lib/python3.12/site-packages/airflow/example_dags/example_external_task_marker_dag.py
[2025-02-18T05:53:16.857+0000] {logging_mixin.py:190} INFO - [2025-02-18T05:53:16.857+0000] {dag.py:3239} INFO - Sync 2 DAGs
[2025-02-18T05:53:16.866+0000] {logging_mixin.py:190} INFO - [2025-02-18T05:53:16.866+0000] {dag.py:4180} INFO - Setting next_dagrun for example_external_task_marker_child to None, run_after=None
[2025-02-18T05:53:16.868+0000] {logging_mixin.py:190} INFO - [2025-02-18T05:53:16.868+0000] {dag.py:4180} INFO - Setting next_dagrun for example_external_task_marker_parent to None, run_after=None
[2025-02-18T05:53:16.878+0000] {processor.py:208} INFO - Processing /home/airflow/.local/lib/python3.12/site-packages/airflow/example_dags/example_external_task_marker_dag.py took 0.046 seconds
[2025-02-18T05:53:47.131+0000] {processor.py:186} INFO - Started process (PID=10164) to work on /home/airflow/.local/lib/python3.12/site-packages/airflow/example_dags/example_external_task_marker_dag.py
[2025-02-18T05:53:47.132+0000] {processor.py:914} INFO - Processing file /home/airflow/.local/lib/python3.12/site-packages/airflow/example_dags/example_external_task_marker_dag.py for tasks to queue
[2025-02-18T05:53:47.132+0000] {logging_mixin.py:190} INFO - [2025-02-18T05:53:47.132+0000] {dagbag.py:588} INFO - Filling up the DagBag from /home/airflow/.local/lib/python3.12/site-packages/airflow/example_dags/example_external_task_marker_dag.py
[2025-02-18T05:53:47.138+0000] {processor.py:925} INFO - DAG(s) 'example_external_task_marker_child', 'example_external_task_marker_parent' retrieved from /home/airflow/.local/lib/python3.12/site-packages/airflow/example_dags/example_external_task_marker_dag.py
[2025-02-18T05:53:47.153+0000] {logging_mixin.py:190} INFO - [2025-02-18T05:53:47.153+0000] {dag.py:3239} INFO - Sync 2 DAGs
[2025-02-18T05:53:47.162+0000] {logging_mixin.py:190} INFO - [2025-02-18T05:53:47.162+0000] {dag.py:4180} INFO - Setting next_dagrun for example_external_task_marker_child to None, run_after=None
[2025-02-18T05:53:47.164+0000] {logging_mixin.py:190} INFO - [2025-02-18T05:53:47.164+0000] {dag.py:4180} INFO - Setting next_dagrun for example_external_task_marker_parent to None, run_after=None
[2025-02-18T05:53:47.178+0000] {processor.py:208} INFO - Processing /home/airflow/.local/lib/python3.12/site-packages/airflow/example_dags/example_external_task_marker_dag.py took 0.050 seconds
[2025-02-18T05:54:17.523+0000] {processor.py:186} INFO - Started process (PID=10227) to work on /home/airflow/.local/lib/python3.12/site-packages/airflow/example_dags/example_external_task_marker_dag.py
[2025-02-18T05:54:17.524+0000] {processor.py:914} INFO - Processing file /home/airflow/.local/lib/python3.12/site-packages/airflow/example_dags/example_external_task_marker_dag.py for tasks to queue
[2025-02-18T05:54:17.525+0000] {logging_mixin.py:190} INFO - [2025-02-18T05:54:17.525+0000] {dagbag.py:588} INFO - Filling up the DagBag from /home/airflow/.local/lib/python3.12/site-packages/airflow/example_dags/example_external_task_marker_dag.py
[2025-02-18T05:54:17.530+0000] {processor.py:925} INFO - DAG(s) 'example_external_task_marker_child', 'example_external_task_marker_parent' retrieved from /home/airflow/.local/lib/python3.12/site-packages/airflow/example_dags/example_external_task_marker_dag.py
[2025-02-18T05:54:17.546+0000] {logging_mixin.py:190} INFO - [2025-02-18T05:54:17.546+0000] {dag.py:3239} INFO - Sync 2 DAGs
[2025-02-18T05:54:17.553+0000] {logging_mixin.py:190} INFO - [2025-02-18T05:54:17.553+0000] {dag.py:4180} INFO - Setting next_dagrun for example_external_task_marker_child to None, run_after=None
[2025-02-18T05:54:17.558+0000] {logging_mixin.py:190} INFO - [2025-02-18T05:54:17.558+0000] {dag.py:4180} INFO - Setting next_dagrun for example_external_task_marker_parent to None, run_after=None
[2025-02-18T05:54:17.568+0000] {processor.py:208} INFO - Processing /home/airflow/.local/lib/python3.12/site-packages/airflow/example_dags/example_external_task_marker_dag.py took 0.048 seconds
[2025-02-18T05:54:47.872+0000] {processor.py:186} INFO - Started process (PID=10291) to work on /home/airflow/.local/lib/python3.12/site-packages/airflow/example_dags/example_external_task_marker_dag.py
[2025-02-18T05:54:47.872+0000] {processor.py:914} INFO - Processing file /home/airflow/.local/lib/python3.12/site-packages/airflow/example_dags/example_external_task_marker_dag.py for tasks to queue
[2025-02-18T05:54:47.873+0000] {logging_mixin.py:190} INFO - [2025-02-18T05:54:47.873+0000] {dagbag.py:588} INFO - Filling up the DagBag from /home/airflow/.local/lib/python3.12/site-packages/airflow/example_dags/example_external_task_marker_dag.py
[2025-02-18T05:54:47.878+0000] {processor.py:925} INFO - DAG(s) 'example_external_task_marker_child', 'example_external_task_marker_parent' retrieved from /home/airflow/.local/lib/python3.12/site-packages/airflow/example_dags/example_external_task_marker_dag.py
[2025-02-18T05:54:47.893+0000] {logging_mixin.py:190} INFO - [2025-02-18T05:54:47.893+0000] {dag.py:3239} INFO - Sync 2 DAGs
[2025-02-18T05:54:47.901+0000] {logging_mixin.py:190} INFO - [2025-02-18T05:54:47.901+0000] {dag.py:4180} INFO - Setting next_dagrun for example_external_task_marker_child to None, run_after=None
[2025-02-18T05:54:47.904+0000] {logging_mixin.py:190} INFO - [2025-02-18T05:54:47.904+0000] {dag.py:4180} INFO - Setting next_dagrun for example_external_task_marker_parent to None, run_after=None
[2025-02-18T05:54:47.917+0000] {processor.py:208} INFO - Processing /home/airflow/.local/lib/python3.12/site-packages/airflow/example_dags/example_external_task_marker_dag.py took 0.048 seconds
[2025-02-18T05:55:18.234+0000] {processor.py:186} INFO - Started process (PID=10355) to work on /home/airflow/.local/lib/python3.12/site-packages/airflow/example_dags/example_external_task_marker_dag.py
[2025-02-18T05:55:18.235+0000] {processor.py:914} INFO - Processing file /home/airflow/.local/lib/python3.12/site-packages/airflow/example_dags/example_external_task_marker_dag.py for tasks to queue
[2025-02-18T05:55:18.236+0000] {logging_mixin.py:190} INFO - [2025-02-18T05:55:18.236+0000] {dagbag.py:588} INFO - Filling up the DagBag from /home/airflow/.local/lib/python3.12/site-packages/airflow/example_dags/example_external_task_marker_dag.py
[2025-02-18T05:55:18.241+0000] {processor.py:925} INFO - DAG(s) 'example_external_task_marker_child', 'example_external_task_marker_parent' retrieved from /home/airflow/.local/lib/python3.12/site-packages/airflow/example_dags/example_external_task_marker_dag.py
[2025-02-18T05:55:18.255+0000] {logging_mixin.py:190} INFO - [2025-02-18T05:55:18.254+0000] {dag.py:3239} INFO - Sync 2 DAGs
[2025-02-18T05:55:18.262+0000] {logging_mixin.py:190} INFO - [2025-02-18T05:55:18.262+0000] {dag.py:4180} INFO - Setting next_dagrun for example_external_task_marker_child to None, run_after=None
[2025-02-18T05:55:18.266+0000] {logging_mixin.py:190} INFO - [2025-02-18T05:55:18.266+0000] {dag.py:4180} INFO - Setting next_dagrun for example_external_task_marker_parent to None, run_after=None
[2025-02-18T05:55:18.277+0000] {processor.py:208} INFO - Processing /home/airflow/.local/lib/python3.12/site-packages/airflow/example_dags/example_external_task_marker_dag.py took 0.046 seconds
[2025-02-18T05:55:48.482+0000] {processor.py:186} INFO - Started process (PID=10419) to work on /home/airflow/.local/lib/python3.12/site-packages/airflow/example_dags/example_external_task_marker_dag.py
[2025-02-18T05:55:48.483+0000] {processor.py:914} INFO - Processing file /home/airflow/.local/lib/python3.12/site-packages/airflow/example_dags/example_external_task_marker_dag.py for tasks to queue
[2025-02-18T05:55:48.484+0000] {logging_mixin.py:190} INFO - [2025-02-18T05:55:48.484+0000] {dagbag.py:588} INFO - Filling up the DagBag from /home/airflow/.local/lib/python3.12/site-packages/airflow/example_dags/example_external_task_marker_dag.py
[2025-02-18T05:55:48.490+0000] {processor.py:925} INFO - DAG(s) 'example_external_task_marker_parent', 'example_external_task_marker_child' retrieved from /home/airflow/.local/lib/python3.12/site-packages/airflow/example_dags/example_external_task_marker_dag.py
[2025-02-18T05:55:48.505+0000] {logging_mixin.py:190} INFO - [2025-02-18T05:55:48.504+0000] {dag.py:3239} INFO - Sync 2 DAGs
[2025-02-18T05:55:48.516+0000] {logging_mixin.py:190} INFO - [2025-02-18T05:55:48.516+0000] {dag.py:4180} INFO - Setting next_dagrun for example_external_task_marker_child to None, run_after=None
[2025-02-18T05:55:48.518+0000] {logging_mixin.py:190} INFO - [2025-02-18T05:55:48.518+0000] {dag.py:4180} INFO - Setting next_dagrun for example_external_task_marker_parent to None, run_after=None
[2025-02-18T05:55:48.532+0000] {processor.py:208} INFO - Processing /home/airflow/.local/lib/python3.12/site-packages/airflow/example_dags/example_external_task_marker_dag.py took 0.055 seconds
[2025-02-18T10:40:11.532+0000] {processor.py:186} INFO - Started process (PID=69) to work on /home/airflow/.local/lib/python3.12/site-packages/airflow/example_dags/example_external_task_marker_dag.py
[2025-02-18T10:40:11.533+0000] {processor.py:914} INFO - Processing file /home/airflow/.local/lib/python3.12/site-packages/airflow/example_dags/example_external_task_marker_dag.py for tasks to queue
[2025-02-18T10:40:11.536+0000] {logging_mixin.py:190} INFO - [2025-02-18T10:40:11.536+0000] {dagbag.py:588} INFO - Filling up the DagBag from /home/airflow/.local/lib/python3.12/site-packages/airflow/example_dags/example_external_task_marker_dag.py
[2025-02-18T10:40:11.549+0000] {processor.py:925} INFO - DAG(s) 'example_external_task_marker_parent', 'example_external_task_marker_child' retrieved from /home/airflow/.local/lib/python3.12/site-packages/airflow/example_dags/example_external_task_marker_dag.py
[2025-02-18T10:40:11.573+0000] {logging_mixin.py:190} INFO - [2025-02-18T10:40:11.572+0000] {dag.py:3239} INFO - Sync 2 DAGs
[2025-02-18T10:40:11.588+0000] {logging_mixin.py:190} INFO - [2025-02-18T10:40:11.588+0000] {dag.py:4180} INFO - Setting next_dagrun for example_external_task_marker_child to None, run_after=None
[2025-02-18T10:40:11.594+0000] {logging_mixin.py:190} INFO - [2025-02-18T10:40:11.594+0000] {dag.py:4180} INFO - Setting next_dagrun for example_external_task_marker_parent to None, run_after=None
[2025-02-18T10:40:11.611+0000] {processor.py:208} INFO - Processing /home/airflow/.local/lib/python3.12/site-packages/airflow/example_dags/example_external_task_marker_dag.py took 0.084 seconds
[2025-02-18T10:47:01.924+0000] {processor.py:186} INFO - Started process (PID=72) to work on /home/airflow/.local/lib/python3.12/site-packages/airflow/example_dags/example_external_task_marker_dag.py
[2025-02-18T10:47:01.925+0000] {processor.py:914} INFO - Processing file /home/airflow/.local/lib/python3.12/site-packages/airflow/example_dags/example_external_task_marker_dag.py for tasks to queue
[2025-02-18T10:47:01.926+0000] {logging_mixin.py:190} INFO - [2025-02-18T10:47:01.926+0000] {dagbag.py:588} INFO - Filling up the DagBag from /home/airflow/.local/lib/python3.12/site-packages/airflow/example_dags/example_external_task_marker_dag.py
[2025-02-18T10:47:01.934+0000] {processor.py:925} INFO - DAG(s) 'example_external_task_marker_parent', 'example_external_task_marker_child' retrieved from /home/airflow/.local/lib/python3.12/site-packages/airflow/example_dags/example_external_task_marker_dag.py
[2025-02-18T10:47:01.948+0000] {logging_mixin.py:190} INFO - [2025-02-18T10:47:01.948+0000] {dag.py:3239} INFO - Sync 2 DAGs
[2025-02-18T10:47:01.955+0000] {logging_mixin.py:190} INFO - [2025-02-18T10:47:01.955+0000] {dag.py:4180} INFO - Setting next_dagrun for example_external_task_marker_child to None, run_after=None
[2025-02-18T10:47:01.958+0000] {logging_mixin.py:190} INFO - [2025-02-18T10:47:01.958+0000] {dag.py:4180} INFO - Setting next_dagrun for example_external_task_marker_parent to None, run_after=None
[2025-02-18T10:47:01.967+0000] {processor.py:208} INFO - Processing /home/airflow/.local/lib/python3.12/site-packages/airflow/example_dags/example_external_task_marker_dag.py took 0.046 seconds
