[2025-02-18T01:09:49.921+0000] {processor.py:186} INFO - Started process (PID=8256) to work on /home/airflow/.local/lib/python3.12/site-packages/airflow/example_dags/example_branch_datetime_operator.py
[2025-02-18T01:09:49.923+0000] {processor.py:914} INFO - Processing file /home/airflow/.local/lib/python3.12/site-packages/airflow/example_dags/example_branch_datetime_operator.py for tasks to queue
[2025-02-18T01:09:49.924+0000] {logging_mixin.py:190} INFO - [2025-02-18T01:09:49.924+0000] {dagbag.py:588} INFO - Filling up the DagBag from /home/airflow/.local/lib/python3.12/site-packages/airflow/example_dags/example_branch_datetime_operator.py
[2025-02-18T01:09:49.937+0000] {processor.py:925} INFO - DAG(s) 'example_branch_datetime_operator_3', 'example_branch_datetime_operator_2', 'example_branch_datetime_operator' retrieved from /home/airflow/.local/lib/python3.12/site-packages/airflow/example_dags/example_branch_datetime_operator.py
[2025-02-18T01:09:49.966+0000] {logging_mixin.py:190} INFO - [2025-02-18T01:09:49.966+0000] {dag.py:3239} INFO - Sync 3 DAGs
[2025-02-18T01:09:49.983+0000] {logging_mixin.py:190} INFO - [2025-02-18T01:09:49.983+0000] {dag.py:4180} INFO - Setting next_dagrun for example_branch_datetime_operator to 2025-02-17 00:00:00+00:00, run_after=2025-02-18 00:00:00+00:00
[2025-02-18T01:09:49.987+0000] {logging_mixin.py:190} INFO - [2025-02-18T01:09:49.987+0000] {dag.py:4180} INFO - Setting next_dagrun for example_branch_datetime_operator_2 to 2025-02-17 00:00:00+00:00, run_after=2025-02-18 00:00:00+00:00
[2025-02-18T01:09:49.990+0000] {logging_mixin.py:190} INFO - [2025-02-18T01:09:49.990+0000] {dag.py:4180} INFO - Setting next_dagrun for example_branch_datetime_operator_3 to 2025-02-17 00:00:00+00:00, run_after=2025-02-18 00:00:00+00:00
[2025-02-18T01:09:50.019+0000] {processor.py:208} INFO - Processing /home/airflow/.local/lib/python3.12/site-packages/airflow/example_dags/example_branch_datetime_operator.py took 0.103 seconds
[2025-02-18T01:45:00.042+0000] {processor.py:186} INFO - Started process (PID=8320) to work on /home/airflow/.local/lib/python3.12/site-packages/airflow/example_dags/example_branch_datetime_operator.py
[2025-02-18T01:45:00.042+0000] {processor.py:914} INFO - Processing file /home/airflow/.local/lib/python3.12/site-packages/airflow/example_dags/example_branch_datetime_operator.py for tasks to queue
[2025-02-18T01:45:00.044+0000] {logging_mixin.py:190} INFO - [2025-02-18T01:45:00.043+0000] {dagbag.py:588} INFO - Filling up the DagBag from /home/airflow/.local/lib/python3.12/site-packages/airflow/example_dags/example_branch_datetime_operator.py
[2025-02-18T01:45:00.050+0000] {processor.py:925} INFO - DAG(s) 'example_branch_datetime_operator', 'example_branch_datetime_operator_3', 'example_branch_datetime_operator_2' retrieved from /home/airflow/.local/lib/python3.12/site-packages/airflow/example_dags/example_branch_datetime_operator.py
[2025-02-18T01:45:00.072+0000] {logging_mixin.py:190} INFO - [2025-02-18T01:45:00.072+0000] {dag.py:3239} INFO - Sync 3 DAGs
[2025-02-18T01:45:00.089+0000] {logging_mixin.py:190} INFO - [2025-02-18T01:45:00.089+0000] {dag.py:4180} INFO - Setting next_dagrun for example_branch_datetime_operator to 2025-02-17 00:00:00+00:00, run_after=2025-02-18 00:00:00+00:00
[2025-02-18T01:45:00.092+0000] {logging_mixin.py:190} INFO - [2025-02-18T01:45:00.092+0000] {dag.py:4180} INFO - Setting next_dagrun for example_branch_datetime_operator_2 to 2025-02-17 00:00:00+00:00, run_after=2025-02-18 00:00:00+00:00
[2025-02-18T01:45:00.093+0000] {logging_mixin.py:190} INFO - [2025-02-18T01:45:00.093+0000] {dag.py:4180} INFO - Setting next_dagrun for example_branch_datetime_operator_3 to 2025-02-17 00:00:00+00:00, run_after=2025-02-18 00:00:00+00:00
[2025-02-18T01:45:00.104+0000] {processor.py:208} INFO - Processing /home/airflow/.local/lib/python3.12/site-packages/airflow/example_dags/example_branch_datetime_operator.py took 0.066 seconds
[2025-02-18T02:31:37.342+0000] {processor.py:186} INFO - Started process (PID=8384) to work on /home/airflow/.local/lib/python3.12/site-packages/airflow/example_dags/example_branch_datetime_operator.py
[2025-02-18T02:31:37.344+0000] {processor.py:914} INFO - Processing file /home/airflow/.local/lib/python3.12/site-packages/airflow/example_dags/example_branch_datetime_operator.py for tasks to queue
[2025-02-18T02:31:37.344+0000] {logging_mixin.py:190} INFO - [2025-02-18T02:31:37.344+0000] {dagbag.py:588} INFO - Filling up the DagBag from /home/airflow/.local/lib/python3.12/site-packages/airflow/example_dags/example_branch_datetime_operator.py
[2025-02-18T02:31:37.351+0000] {processor.py:925} INFO - DAG(s) 'example_branch_datetime_operator', 'example_branch_datetime_operator_3', 'example_branch_datetime_operator_2' retrieved from /home/airflow/.local/lib/python3.12/site-packages/airflow/example_dags/example_branch_datetime_operator.py
[2025-02-18T02:31:37.366+0000] {logging_mixin.py:190} INFO - [2025-02-18T02:31:37.366+0000] {dag.py:3239} INFO - Sync 3 DAGs
[2025-02-18T02:31:37.380+0000] {logging_mixin.py:190} INFO - [2025-02-18T02:31:37.380+0000] {dag.py:4180} INFO - Setting next_dagrun for example_branch_datetime_operator to 2025-02-17 00:00:00+00:00, run_after=2025-02-18 00:00:00+00:00
[2025-02-18T02:31:37.383+0000] {logging_mixin.py:190} INFO - [2025-02-18T02:31:37.383+0000] {dag.py:4180} INFO - Setting next_dagrun for example_branch_datetime_operator_2 to 2025-02-17 00:00:00+00:00, run_after=2025-02-18 00:00:00+00:00
[2025-02-18T02:31:37.388+0000] {logging_mixin.py:190} INFO - [2025-02-18T02:31:37.388+0000] {dag.py:4180} INFO - Setting next_dagrun for example_branch_datetime_operator_3 to 2025-02-17 00:00:00+00:00, run_after=2025-02-18 00:00:00+00:00
[2025-02-18T02:31:37.402+0000] {processor.py:208} INFO - Processing /home/airflow/.local/lib/python3.12/site-packages/airflow/example_dags/example_branch_datetime_operator.py took 0.063 seconds
[2025-02-18T02:54:40.756+0000] {processor.py:186} INFO - Started process (PID=8448) to work on /home/airflow/.local/lib/python3.12/site-packages/airflow/example_dags/example_branch_datetime_operator.py
[2025-02-18T02:54:40.758+0000] {processor.py:914} INFO - Processing file /home/airflow/.local/lib/python3.12/site-packages/airflow/example_dags/example_branch_datetime_operator.py for tasks to queue
[2025-02-18T02:54:40.759+0000] {logging_mixin.py:190} INFO - [2025-02-18T02:54:40.759+0000] {dagbag.py:588} INFO - Filling up the DagBag from /home/airflow/.local/lib/python3.12/site-packages/airflow/example_dags/example_branch_datetime_operator.py
[2025-02-18T02:54:40.766+0000] {processor.py:925} INFO - DAG(s) 'example_branch_datetime_operator', 'example_branch_datetime_operator_2', 'example_branch_datetime_operator_3' retrieved from /home/airflow/.local/lib/python3.12/site-packages/airflow/example_dags/example_branch_datetime_operator.py
[2025-02-18T02:54:40.783+0000] {logging_mixin.py:190} INFO - [2025-02-18T02:54:40.783+0000] {dag.py:3239} INFO - Sync 3 DAGs
[2025-02-18T02:54:40.797+0000] {logging_mixin.py:190} INFO - [2025-02-18T02:54:40.797+0000] {dag.py:4180} INFO - Setting next_dagrun for example_branch_datetime_operator to 2025-02-17 00:00:00+00:00, run_after=2025-02-18 00:00:00+00:00
[2025-02-18T02:54:40.800+0000] {logging_mixin.py:190} INFO - [2025-02-18T02:54:40.800+0000] {dag.py:4180} INFO - Setting next_dagrun for example_branch_datetime_operator_2 to 2025-02-17 00:00:00+00:00, run_after=2025-02-18 00:00:00+00:00
[2025-02-18T02:54:40.801+0000] {logging_mixin.py:190} INFO - [2025-02-18T02:54:40.801+0000] {dag.py:4180} INFO - Setting next_dagrun for example_branch_datetime_operator_3 to 2025-02-17 00:00:00+00:00, run_after=2025-02-18 00:00:00+00:00
[2025-02-18T02:54:40.808+0000] {processor.py:208} INFO - Processing /home/airflow/.local/lib/python3.12/site-packages/airflow/example_dags/example_branch_datetime_operator.py took 0.055 seconds
[2025-02-18T03:12:50.628+0000] {processor.py:186} INFO - Started process (PID=8512) to work on /home/airflow/.local/lib/python3.12/site-packages/airflow/example_dags/example_branch_datetime_operator.py
[2025-02-18T03:12:50.630+0000] {processor.py:914} INFO - Processing file /home/airflow/.local/lib/python3.12/site-packages/airflow/example_dags/example_branch_datetime_operator.py for tasks to queue
[2025-02-18T03:12:50.631+0000] {logging_mixin.py:190} INFO - [2025-02-18T03:12:50.631+0000] {dagbag.py:588} INFO - Filling up the DagBag from /home/airflow/.local/lib/python3.12/site-packages/airflow/example_dags/example_branch_datetime_operator.py
[2025-02-18T03:12:50.643+0000] {processor.py:925} INFO - DAG(s) 'example_branch_datetime_operator', 'example_branch_datetime_operator_3', 'example_branch_datetime_operator_2' retrieved from /home/airflow/.local/lib/python3.12/site-packages/airflow/example_dags/example_branch_datetime_operator.py
[2025-02-18T03:12:50.659+0000] {logging_mixin.py:190} INFO - [2025-02-18T03:12:50.659+0000] {dag.py:3239} INFO - Sync 3 DAGs
[2025-02-18T03:12:50.672+0000] {logging_mixin.py:190} INFO - [2025-02-18T03:12:50.672+0000] {dag.py:4180} INFO - Setting next_dagrun for example_branch_datetime_operator to 2025-02-17 00:00:00+00:00, run_after=2025-02-18 00:00:00+00:00
[2025-02-18T03:12:50.678+0000] {logging_mixin.py:190} INFO - [2025-02-18T03:12:50.678+0000] {dag.py:4180} INFO - Setting next_dagrun for example_branch_datetime_operator_2 to 2025-02-17 00:00:00+00:00, run_after=2025-02-18 00:00:00+00:00
[2025-02-18T03:12:50.680+0000] {logging_mixin.py:190} INFO - [2025-02-18T03:12:50.679+0000] {dag.py:4180} INFO - Setting next_dagrun for example_branch_datetime_operator_3 to 2025-02-17 00:00:00+00:00, run_after=2025-02-18 00:00:00+00:00
[2025-02-18T03:12:50.693+0000] {processor.py:208} INFO - Processing /home/airflow/.local/lib/python3.12/site-packages/airflow/example_dags/example_branch_datetime_operator.py took 0.068 seconds
[2025-02-18T04:35:29.646+0000] {processor.py:186} INFO - Started process (PID=8576) to work on /home/airflow/.local/lib/python3.12/site-packages/airflow/example_dags/example_branch_datetime_operator.py
[2025-02-18T04:35:29.647+0000] {processor.py:914} INFO - Processing file /home/airflow/.local/lib/python3.12/site-packages/airflow/example_dags/example_branch_datetime_operator.py for tasks to queue
[2025-02-18T04:35:29.647+0000] {logging_mixin.py:190} INFO - [2025-02-18T04:35:29.647+0000] {dagbag.py:588} INFO - Filling up the DagBag from /home/airflow/.local/lib/python3.12/site-packages/airflow/example_dags/example_branch_datetime_operator.py
[2025-02-18T04:35:29.654+0000] {processor.py:925} INFO - DAG(s) 'example_branch_datetime_operator_3', 'example_branch_datetime_operator_2', 'example_branch_datetime_operator' retrieved from /home/airflow/.local/lib/python3.12/site-packages/airflow/example_dags/example_branch_datetime_operator.py
[2025-02-18T04:35:29.668+0000] {logging_mixin.py:190} INFO - [2025-02-18T04:35:29.668+0000] {dag.py:3239} INFO - Sync 3 DAGs
[2025-02-18T04:35:29.680+0000] {logging_mixin.py:190} INFO - [2025-02-18T04:35:29.679+0000] {dag.py:4180} INFO - Setting next_dagrun for example_branch_datetime_operator to 2025-02-17 00:00:00+00:00, run_after=2025-02-18 00:00:00+00:00
[2025-02-18T04:35:29.682+0000] {logging_mixin.py:190} INFO - [2025-02-18T04:35:29.682+0000] {dag.py:4180} INFO - Setting next_dagrun for example_branch_datetime_operator_2 to 2025-02-17 00:00:00+00:00, run_after=2025-02-18 00:00:00+00:00
[2025-02-18T04:35:29.683+0000] {logging_mixin.py:190} INFO - [2025-02-18T04:35:29.683+0000] {dag.py:4180} INFO - Setting next_dagrun for example_branch_datetime_operator_3 to 2025-02-17 00:00:00+00:00, run_after=2025-02-18 00:00:00+00:00
[2025-02-18T04:35:29.690+0000] {processor.py:208} INFO - Processing /home/airflow/.local/lib/python3.12/site-packages/airflow/example_dags/example_branch_datetime_operator.py took 0.047 seconds
[2025-02-18T04:55:49.035+0000] {processor.py:186} INFO - Started process (PID=8640) to work on /home/airflow/.local/lib/python3.12/site-packages/airflow/example_dags/example_branch_datetime_operator.py
[2025-02-18T04:55:49.037+0000] {processor.py:914} INFO - Processing file /home/airflow/.local/lib/python3.12/site-packages/airflow/example_dags/example_branch_datetime_operator.py for tasks to queue
[2025-02-18T04:55:49.039+0000] {logging_mixin.py:190} INFO - [2025-02-18T04:55:49.039+0000] {dagbag.py:588} INFO - Filling up the DagBag from /home/airflow/.local/lib/python3.12/site-packages/airflow/example_dags/example_branch_datetime_operator.py
[2025-02-18T04:55:49.046+0000] {processor.py:925} INFO - DAG(s) 'example_branch_datetime_operator_3', 'example_branch_datetime_operator_2', 'example_branch_datetime_operator' retrieved from /home/airflow/.local/lib/python3.12/site-packages/airflow/example_dags/example_branch_datetime_operator.py
[2025-02-18T04:55:49.069+0000] {logging_mixin.py:190} INFO - [2025-02-18T04:55:49.069+0000] {dag.py:3239} INFO - Sync 3 DAGs
[2025-02-18T04:55:49.083+0000] {logging_mixin.py:190} INFO - [2025-02-18T04:55:49.083+0000] {dag.py:4180} INFO - Setting next_dagrun for example_branch_datetime_operator to 2025-02-17 00:00:00+00:00, run_after=2025-02-18 00:00:00+00:00
[2025-02-18T04:55:49.089+0000] {logging_mixin.py:190} INFO - [2025-02-18T04:55:49.089+0000] {dag.py:4180} INFO - Setting next_dagrun for example_branch_datetime_operator_2 to 2025-02-17 00:00:00+00:00, run_after=2025-02-18 00:00:00+00:00
[2025-02-18T04:55:49.091+0000] {logging_mixin.py:190} INFO - [2025-02-18T04:55:49.091+0000] {dag.py:4180} INFO - Setting next_dagrun for example_branch_datetime_operator_3 to 2025-02-17 00:00:00+00:00, run_after=2025-02-18 00:00:00+00:00
[2025-02-18T04:55:49.100+0000] {processor.py:208} INFO - Processing /home/airflow/.local/lib/python3.12/site-packages/airflow/example_dags/example_branch_datetime_operator.py took 0.071 seconds
[2025-02-18T05:42:08.098+0000] {processor.py:186} INFO - Started process (PID=8704) to work on /home/airflow/.local/lib/python3.12/site-packages/airflow/example_dags/example_branch_datetime_operator.py
[2025-02-18T05:42:08.099+0000] {processor.py:914} INFO - Processing file /home/airflow/.local/lib/python3.12/site-packages/airflow/example_dags/example_branch_datetime_operator.py for tasks to queue
[2025-02-18T05:42:08.100+0000] {logging_mixin.py:190} INFO - [2025-02-18T05:42:08.100+0000] {dagbag.py:588} INFO - Filling up the DagBag from /home/airflow/.local/lib/python3.12/site-packages/airflow/example_dags/example_branch_datetime_operator.py
[2025-02-18T05:42:08.106+0000] {processor.py:925} INFO - DAG(s) 'example_branch_datetime_operator_2', 'example_branch_datetime_operator_3', 'example_branch_datetime_operator' retrieved from /home/airflow/.local/lib/python3.12/site-packages/airflow/example_dags/example_branch_datetime_operator.py
[2025-02-18T05:42:08.121+0000] {logging_mixin.py:190} INFO - [2025-02-18T05:42:08.120+0000] {dag.py:3239} INFO - Sync 3 DAGs
[2025-02-18T05:42:08.135+0000] {logging_mixin.py:190} INFO - [2025-02-18T05:42:08.135+0000] {dag.py:4180} INFO - Setting next_dagrun for example_branch_datetime_operator to 2025-02-17 00:00:00+00:00, run_after=2025-02-18 00:00:00+00:00
[2025-02-18T05:42:08.137+0000] {logging_mixin.py:190} INFO - [2025-02-18T05:42:08.137+0000] {dag.py:4180} INFO - Setting next_dagrun for example_branch_datetime_operator_2 to 2025-02-17 00:00:00+00:00, run_after=2025-02-18 00:00:00+00:00
[2025-02-18T05:42:08.139+0000] {logging_mixin.py:190} INFO - [2025-02-18T05:42:08.139+0000] {dag.py:4180} INFO - Setting next_dagrun for example_branch_datetime_operator_3 to 2025-02-17 00:00:00+00:00, run_after=2025-02-18 00:00:00+00:00
[2025-02-18T05:42:08.150+0000] {processor.py:208} INFO - Processing /home/airflow/.local/lib/python3.12/site-packages/airflow/example_dags/example_branch_datetime_operator.py took 0.056 seconds
[2025-02-18T05:42:38.649+0000] {processor.py:186} INFO - Started process (PID=8768) to work on /home/airflow/.local/lib/python3.12/site-packages/airflow/example_dags/example_branch_datetime_operator.py
[2025-02-18T05:42:38.650+0000] {processor.py:914} INFO - Processing file /home/airflow/.local/lib/python3.12/site-packages/airflow/example_dags/example_branch_datetime_operator.py for tasks to queue
[2025-02-18T05:42:38.651+0000] {logging_mixin.py:190} INFO - [2025-02-18T05:42:38.651+0000] {dagbag.py:588} INFO - Filling up the DagBag from /home/airflow/.local/lib/python3.12/site-packages/airflow/example_dags/example_branch_datetime_operator.py
[2025-02-18T05:42:38.658+0000] {processor.py:925} INFO - DAG(s) 'example_branch_datetime_operator_2', 'example_branch_datetime_operator', 'example_branch_datetime_operator_3' retrieved from /home/airflow/.local/lib/python3.12/site-packages/airflow/example_dags/example_branch_datetime_operator.py
[2025-02-18T05:42:38.679+0000] {logging_mixin.py:190} INFO - [2025-02-18T05:42:38.678+0000] {dag.py:3239} INFO - Sync 3 DAGs
[2025-02-18T05:42:38.692+0000] {logging_mixin.py:190} INFO - [2025-02-18T05:42:38.692+0000] {dag.py:4180} INFO - Setting next_dagrun for example_branch_datetime_operator to 2025-02-17 00:00:00+00:00, run_after=2025-02-18 00:00:00+00:00
[2025-02-18T05:42:38.695+0000] {logging_mixin.py:190} INFO - [2025-02-18T05:42:38.695+0000] {dag.py:4180} INFO - Setting next_dagrun for example_branch_datetime_operator_2 to 2025-02-17 00:00:00+00:00, run_after=2025-02-18 00:00:00+00:00
[2025-02-18T05:42:38.697+0000] {logging_mixin.py:190} INFO - [2025-02-18T05:42:38.696+0000] {dag.py:4180} INFO - Setting next_dagrun for example_branch_datetime_operator_3 to 2025-02-17 00:00:00+00:00, run_after=2025-02-18 00:00:00+00:00
[2025-02-18T05:42:38.705+0000] {processor.py:208} INFO - Processing /home/airflow/.local/lib/python3.12/site-packages/airflow/example_dags/example_branch_datetime_operator.py took 0.060 seconds
[2025-02-18T05:43:09.684+0000] {processor.py:186} INFO - Started process (PID=8832) to work on /home/airflow/.local/lib/python3.12/site-packages/airflow/example_dags/example_branch_datetime_operator.py
[2025-02-18T05:43:09.685+0000] {processor.py:914} INFO - Processing file /home/airflow/.local/lib/python3.12/site-packages/airflow/example_dags/example_branch_datetime_operator.py for tasks to queue
[2025-02-18T05:43:09.686+0000] {logging_mixin.py:190} INFO - [2025-02-18T05:43:09.686+0000] {dagbag.py:588} INFO - Filling up the DagBag from /home/airflow/.local/lib/python3.12/site-packages/airflow/example_dags/example_branch_datetime_operator.py
[2025-02-18T05:43:09.692+0000] {processor.py:925} INFO - DAG(s) 'example_branch_datetime_operator_3', 'example_branch_datetime_operator', 'example_branch_datetime_operator_2' retrieved from /home/airflow/.local/lib/python3.12/site-packages/airflow/example_dags/example_branch_datetime_operator.py
[2025-02-18T05:43:09.708+0000] {logging_mixin.py:190} INFO - [2025-02-18T05:43:09.708+0000] {dag.py:3239} INFO - Sync 3 DAGs
[2025-02-18T05:43:09.722+0000] {logging_mixin.py:190} INFO - [2025-02-18T05:43:09.722+0000] {dag.py:4180} INFO - Setting next_dagrun for example_branch_datetime_operator to 2025-02-17 00:00:00+00:00, run_after=2025-02-18 00:00:00+00:00
[2025-02-18T05:43:09.725+0000] {logging_mixin.py:190} INFO - [2025-02-18T05:43:09.724+0000] {dag.py:4180} INFO - Setting next_dagrun for example_branch_datetime_operator_2 to 2025-02-17 00:00:00+00:00, run_after=2025-02-18 00:00:00+00:00
[2025-02-18T05:43:09.726+0000] {logging_mixin.py:190} INFO - [2025-02-18T05:43:09.726+0000] {dag.py:4180} INFO - Setting next_dagrun for example_branch_datetime_operator_3 to 2025-02-17 00:00:00+00:00, run_after=2025-02-18 00:00:00+00:00
[2025-02-18T05:43:09.735+0000] {processor.py:208} INFO - Processing /home/airflow/.local/lib/python3.12/site-packages/airflow/example_dags/example_branch_datetime_operator.py took 0.054 seconds
[2025-02-18T05:43:39.819+0000] {processor.py:186} INFO - Started process (PID=8895) to work on /home/airflow/.local/lib/python3.12/site-packages/airflow/example_dags/example_branch_datetime_operator.py
[2025-02-18T05:43:39.820+0000] {processor.py:914} INFO - Processing file /home/airflow/.local/lib/python3.12/site-packages/airflow/example_dags/example_branch_datetime_operator.py for tasks to queue
[2025-02-18T05:43:39.821+0000] {logging_mixin.py:190} INFO - [2025-02-18T05:43:39.821+0000] {dagbag.py:588} INFO - Filling up the DagBag from /home/airflow/.local/lib/python3.12/site-packages/airflow/example_dags/example_branch_datetime_operator.py
[2025-02-18T05:43:39.831+0000] {processor.py:925} INFO - DAG(s) 'example_branch_datetime_operator_2', 'example_branch_datetime_operator', 'example_branch_datetime_operator_3' retrieved from /home/airflow/.local/lib/python3.12/site-packages/airflow/example_dags/example_branch_datetime_operator.py
[2025-02-18T05:43:39.852+0000] {logging_mixin.py:190} INFO - [2025-02-18T05:43:39.852+0000] {dag.py:3239} INFO - Sync 3 DAGs
[2025-02-18T05:43:39.866+0000] {logging_mixin.py:190} INFO - [2025-02-18T05:43:39.866+0000] {dag.py:4180} INFO - Setting next_dagrun for example_branch_datetime_operator to 2025-02-17 00:00:00+00:00, run_after=2025-02-18 00:00:00+00:00
[2025-02-18T05:43:39.869+0000] {logging_mixin.py:190} INFO - [2025-02-18T05:43:39.869+0000] {dag.py:4180} INFO - Setting next_dagrun for example_branch_datetime_operator_2 to 2025-02-17 00:00:00+00:00, run_after=2025-02-18 00:00:00+00:00
[2025-02-18T05:43:39.871+0000] {logging_mixin.py:190} INFO - [2025-02-18T05:43:39.870+0000] {dag.py:4180} INFO - Setting next_dagrun for example_branch_datetime_operator_3 to 2025-02-17 00:00:00+00:00, run_after=2025-02-18 00:00:00+00:00
[2025-02-18T05:43:39.881+0000] {processor.py:208} INFO - Processing /home/airflow/.local/lib/python3.12/site-packages/airflow/example_dags/example_branch_datetime_operator.py took 0.067 seconds
[2025-02-18T05:44:10.448+0000] {processor.py:186} INFO - Started process (PID=8959) to work on /home/airflow/.local/lib/python3.12/site-packages/airflow/example_dags/example_branch_datetime_operator.py
[2025-02-18T05:44:10.453+0000] {processor.py:914} INFO - Processing file /home/airflow/.local/lib/python3.12/site-packages/airflow/example_dags/example_branch_datetime_operator.py for tasks to queue
[2025-02-18T05:44:10.455+0000] {logging_mixin.py:190} INFO - [2025-02-18T05:44:10.455+0000] {dagbag.py:588} INFO - Filling up the DagBag from /home/airflow/.local/lib/python3.12/site-packages/airflow/example_dags/example_branch_datetime_operator.py
[2025-02-18T05:44:10.467+0000] {processor.py:925} INFO - DAG(s) 'example_branch_datetime_operator_3', 'example_branch_datetime_operator_2', 'example_branch_datetime_operator' retrieved from /home/airflow/.local/lib/python3.12/site-packages/airflow/example_dags/example_branch_datetime_operator.py
[2025-02-18T05:44:10.487+0000] {logging_mixin.py:190} INFO - [2025-02-18T05:44:10.486+0000] {dag.py:3239} INFO - Sync 3 DAGs
[2025-02-18T05:44:10.500+0000] {logging_mixin.py:190} INFO - [2025-02-18T05:44:10.499+0000] {dag.py:4180} INFO - Setting next_dagrun for example_branch_datetime_operator to 2025-02-17 00:00:00+00:00, run_after=2025-02-18 00:00:00+00:00
[2025-02-18T05:44:10.502+0000] {logging_mixin.py:190} INFO - [2025-02-18T05:44:10.502+0000] {dag.py:4180} INFO - Setting next_dagrun for example_branch_datetime_operator_2 to 2025-02-17 00:00:00+00:00, run_after=2025-02-18 00:00:00+00:00
[2025-02-18T05:44:10.504+0000] {logging_mixin.py:190} INFO - [2025-02-18T05:44:10.504+0000] {dag.py:4180} INFO - Setting next_dagrun for example_branch_datetime_operator_3 to 2025-02-17 00:00:00+00:00, run_after=2025-02-18 00:00:00+00:00
[2025-02-18T05:44:10.512+0000] {processor.py:208} INFO - Processing /home/airflow/.local/lib/python3.12/site-packages/airflow/example_dags/example_branch_datetime_operator.py took 0.072 seconds
[2025-02-18T05:44:41.099+0000] {processor.py:186} INFO - Started process (PID=9023) to work on /home/airflow/.local/lib/python3.12/site-packages/airflow/example_dags/example_branch_datetime_operator.py
[2025-02-18T05:44:41.102+0000] {processor.py:914} INFO - Processing file /home/airflow/.local/lib/python3.12/site-packages/airflow/example_dags/example_branch_datetime_operator.py for tasks to queue
[2025-02-18T05:44:41.104+0000] {logging_mixin.py:190} INFO - [2025-02-18T05:44:41.104+0000] {dagbag.py:588} INFO - Filling up the DagBag from /home/airflow/.local/lib/python3.12/site-packages/airflow/example_dags/example_branch_datetime_operator.py
[2025-02-18T05:44:41.115+0000] {processor.py:925} INFO - DAG(s) 'example_branch_datetime_operator_3', 'example_branch_datetime_operator', 'example_branch_datetime_operator_2' retrieved from /home/airflow/.local/lib/python3.12/site-packages/airflow/example_dags/example_branch_datetime_operator.py
[2025-02-18T05:44:41.132+0000] {logging_mixin.py:190} INFO - [2025-02-18T05:44:41.132+0000] {dag.py:3239} INFO - Sync 3 DAGs
[2025-02-18T05:44:41.145+0000] {logging_mixin.py:190} INFO - [2025-02-18T05:44:41.145+0000] {dag.py:4180} INFO - Setting next_dagrun for example_branch_datetime_operator to 2025-02-17 00:00:00+00:00, run_after=2025-02-18 00:00:00+00:00
[2025-02-18T05:44:41.148+0000] {logging_mixin.py:190} INFO - [2025-02-18T05:44:41.148+0000] {dag.py:4180} INFO - Setting next_dagrun for example_branch_datetime_operator_2 to 2025-02-17 00:00:00+00:00, run_after=2025-02-18 00:00:00+00:00
[2025-02-18T05:44:41.149+0000] {logging_mixin.py:190} INFO - [2025-02-18T05:44:41.149+0000] {dag.py:4180} INFO - Setting next_dagrun for example_branch_datetime_operator_3 to 2025-02-17 00:00:00+00:00, run_after=2025-02-18 00:00:00+00:00
[2025-02-18T05:44:41.159+0000] {processor.py:208} INFO - Processing /home/airflow/.local/lib/python3.12/site-packages/airflow/example_dags/example_branch_datetime_operator.py took 0.068 seconds
[2025-02-18T05:45:12.020+0000] {processor.py:186} INFO - Started process (PID=9087) to work on /home/airflow/.local/lib/python3.12/site-packages/airflow/example_dags/example_branch_datetime_operator.py
[2025-02-18T05:45:12.025+0000] {processor.py:914} INFO - Processing file /home/airflow/.local/lib/python3.12/site-packages/airflow/example_dags/example_branch_datetime_operator.py for tasks to queue
[2025-02-18T05:45:12.026+0000] {logging_mixin.py:190} INFO - [2025-02-18T05:45:12.025+0000] {dagbag.py:588} INFO - Filling up the DagBag from /home/airflow/.local/lib/python3.12/site-packages/airflow/example_dags/example_branch_datetime_operator.py
[2025-02-18T05:45:12.035+0000] {processor.py:925} INFO - DAG(s) 'example_branch_datetime_operator', 'example_branch_datetime_operator_3', 'example_branch_datetime_operator_2' retrieved from /home/airflow/.local/lib/python3.12/site-packages/airflow/example_dags/example_branch_datetime_operator.py
[2025-02-18T05:45:12.053+0000] {logging_mixin.py:190} INFO - [2025-02-18T05:45:12.052+0000] {dag.py:3239} INFO - Sync 3 DAGs
[2025-02-18T05:45:12.066+0000] {logging_mixin.py:190} INFO - [2025-02-18T05:45:12.066+0000] {dag.py:4180} INFO - Setting next_dagrun for example_branch_datetime_operator to 2025-02-17 00:00:00+00:00, run_after=2025-02-18 00:00:00+00:00
[2025-02-18T05:45:12.068+0000] {logging_mixin.py:190} INFO - [2025-02-18T05:45:12.068+0000] {dag.py:4180} INFO - Setting next_dagrun for example_branch_datetime_operator_2 to 2025-02-17 00:00:00+00:00, run_after=2025-02-18 00:00:00+00:00
[2025-02-18T05:45:12.071+0000] {logging_mixin.py:190} INFO - [2025-02-18T05:45:12.071+0000] {dag.py:4180} INFO - Setting next_dagrun for example_branch_datetime_operator_3 to 2025-02-17 00:00:00+00:00, run_after=2025-02-18 00:00:00+00:00
[2025-02-18T05:45:12.079+0000] {processor.py:208} INFO - Processing /home/airflow/.local/lib/python3.12/site-packages/airflow/example_dags/example_branch_datetime_operator.py took 0.066 seconds
[2025-02-18T05:45:42.286+0000] {processor.py:186} INFO - Started process (PID=9151) to work on /home/airflow/.local/lib/python3.12/site-packages/airflow/example_dags/example_branch_datetime_operator.py
[2025-02-18T05:45:42.289+0000] {processor.py:914} INFO - Processing file /home/airflow/.local/lib/python3.12/site-packages/airflow/example_dags/example_branch_datetime_operator.py for tasks to queue
[2025-02-18T05:45:42.290+0000] {logging_mixin.py:190} INFO - [2025-02-18T05:45:42.290+0000] {dagbag.py:588} INFO - Filling up the DagBag from /home/airflow/.local/lib/python3.12/site-packages/airflow/example_dags/example_branch_datetime_operator.py
[2025-02-18T05:45:42.298+0000] {processor.py:925} INFO - DAG(s) 'example_branch_datetime_operator_2', 'example_branch_datetime_operator', 'example_branch_datetime_operator_3' retrieved from /home/airflow/.local/lib/python3.12/site-packages/airflow/example_dags/example_branch_datetime_operator.py
[2025-02-18T05:45:42.313+0000] {logging_mixin.py:190} INFO - [2025-02-18T05:45:42.313+0000] {dag.py:3239} INFO - Sync 3 DAGs
[2025-02-18T05:45:42.328+0000] {logging_mixin.py:190} INFO - [2025-02-18T05:45:42.328+0000] {dag.py:4180} INFO - Setting next_dagrun for example_branch_datetime_operator to 2025-02-17 00:00:00+00:00, run_after=2025-02-18 00:00:00+00:00
[2025-02-18T05:45:42.331+0000] {logging_mixin.py:190} INFO - [2025-02-18T05:45:42.330+0000] {dag.py:4180} INFO - Setting next_dagrun for example_branch_datetime_operator_2 to 2025-02-17 00:00:00+00:00, run_after=2025-02-18 00:00:00+00:00
[2025-02-18T05:45:42.333+0000] {logging_mixin.py:190} INFO - [2025-02-18T05:45:42.333+0000] {dag.py:4180} INFO - Setting next_dagrun for example_branch_datetime_operator_3 to 2025-02-17 00:00:00+00:00, run_after=2025-02-18 00:00:00+00:00
[2025-02-18T05:45:42.342+0000] {processor.py:208} INFO - Processing /home/airflow/.local/lib/python3.12/site-packages/airflow/example_dags/example_branch_datetime_operator.py took 0.060 seconds
[2025-02-18T05:46:12.489+0000] {processor.py:186} INFO - Started process (PID=9215) to work on /home/airflow/.local/lib/python3.12/site-packages/airflow/example_dags/example_branch_datetime_operator.py
[2025-02-18T05:46:12.490+0000] {processor.py:914} INFO - Processing file /home/airflow/.local/lib/python3.12/site-packages/airflow/example_dags/example_branch_datetime_operator.py for tasks to queue
[2025-02-18T05:46:12.491+0000] {logging_mixin.py:190} INFO - [2025-02-18T05:46:12.491+0000] {dagbag.py:588} INFO - Filling up the DagBag from /home/airflow/.local/lib/python3.12/site-packages/airflow/example_dags/example_branch_datetime_operator.py
[2025-02-18T05:46:12.498+0000] {processor.py:925} INFO - DAG(s) 'example_branch_datetime_operator', 'example_branch_datetime_operator_2', 'example_branch_datetime_operator_3' retrieved from /home/airflow/.local/lib/python3.12/site-packages/airflow/example_dags/example_branch_datetime_operator.py
[2025-02-18T05:46:12.516+0000] {logging_mixin.py:190} INFO - [2025-02-18T05:46:12.516+0000] {dag.py:3239} INFO - Sync 3 DAGs
[2025-02-18T05:46:12.529+0000] {logging_mixin.py:190} INFO - [2025-02-18T05:46:12.529+0000] {dag.py:4180} INFO - Setting next_dagrun for example_branch_datetime_operator to 2025-02-17 00:00:00+00:00, run_after=2025-02-18 00:00:00+00:00
[2025-02-18T05:46:12.532+0000] {logging_mixin.py:190} INFO - [2025-02-18T05:46:12.531+0000] {dag.py:4180} INFO - Setting next_dagrun for example_branch_datetime_operator_2 to 2025-02-17 00:00:00+00:00, run_after=2025-02-18 00:00:00+00:00
[2025-02-18T05:46:12.533+0000] {logging_mixin.py:190} INFO - [2025-02-18T05:46:12.532+0000] {dag.py:4180} INFO - Setting next_dagrun for example_branch_datetime_operator_3 to 2025-02-17 00:00:00+00:00, run_after=2025-02-18 00:00:00+00:00
[2025-02-18T05:46:12.541+0000] {processor.py:208} INFO - Processing /home/airflow/.local/lib/python3.12/site-packages/airflow/example_dags/example_branch_datetime_operator.py took 0.055 seconds
[2025-02-18T05:46:42.815+0000] {processor.py:186} INFO - Started process (PID=9279) to work on /home/airflow/.local/lib/python3.12/site-packages/airflow/example_dags/example_branch_datetime_operator.py
[2025-02-18T05:46:42.816+0000] {processor.py:914} INFO - Processing file /home/airflow/.local/lib/python3.12/site-packages/airflow/example_dags/example_branch_datetime_operator.py for tasks to queue
[2025-02-18T05:46:42.817+0000] {logging_mixin.py:190} INFO - [2025-02-18T05:46:42.817+0000] {dagbag.py:588} INFO - Filling up the DagBag from /home/airflow/.local/lib/python3.12/site-packages/airflow/example_dags/example_branch_datetime_operator.py
[2025-02-18T05:46:42.823+0000] {processor.py:925} INFO - DAG(s) 'example_branch_datetime_operator_3', 'example_branch_datetime_operator', 'example_branch_datetime_operator_2' retrieved from /home/airflow/.local/lib/python3.12/site-packages/airflow/example_dags/example_branch_datetime_operator.py
[2025-02-18T05:46:42.838+0000] {logging_mixin.py:190} INFO - [2025-02-18T05:46:42.838+0000] {dag.py:3239} INFO - Sync 3 DAGs
[2025-02-18T05:46:42.851+0000] {logging_mixin.py:190} INFO - [2025-02-18T05:46:42.851+0000] {dag.py:4180} INFO - Setting next_dagrun for example_branch_datetime_operator to 2025-02-17 00:00:00+00:00, run_after=2025-02-18 00:00:00+00:00
[2025-02-18T05:46:42.854+0000] {logging_mixin.py:190} INFO - [2025-02-18T05:46:42.853+0000] {dag.py:4180} INFO - Setting next_dagrun for example_branch_datetime_operator_2 to 2025-02-17 00:00:00+00:00, run_after=2025-02-18 00:00:00+00:00
[2025-02-18T05:46:42.855+0000] {logging_mixin.py:190} INFO - [2025-02-18T05:46:42.855+0000] {dag.py:4180} INFO - Setting next_dagrun for example_branch_datetime_operator_3 to 2025-02-17 00:00:00+00:00, run_after=2025-02-18 00:00:00+00:00
[2025-02-18T05:46:42.863+0000] {processor.py:208} INFO - Processing /home/airflow/.local/lib/python3.12/site-packages/airflow/example_dags/example_branch_datetime_operator.py took 0.052 seconds
[2025-02-18T05:47:13.348+0000] {processor.py:186} INFO - Started process (PID=9343) to work on /home/airflow/.local/lib/python3.12/site-packages/airflow/example_dags/example_branch_datetime_operator.py
[2025-02-18T05:47:13.348+0000] {processor.py:914} INFO - Processing file /home/airflow/.local/lib/python3.12/site-packages/airflow/example_dags/example_branch_datetime_operator.py for tasks to queue
[2025-02-18T05:47:13.350+0000] {logging_mixin.py:190} INFO - [2025-02-18T05:47:13.349+0000] {dagbag.py:588} INFO - Filling up the DagBag from /home/airflow/.local/lib/python3.12/site-packages/airflow/example_dags/example_branch_datetime_operator.py
[2025-02-18T05:47:13.357+0000] {processor.py:925} INFO - DAG(s) 'example_branch_datetime_operator', 'example_branch_datetime_operator_2', 'example_branch_datetime_operator_3' retrieved from /home/airflow/.local/lib/python3.12/site-packages/airflow/example_dags/example_branch_datetime_operator.py
[2025-02-18T05:47:13.374+0000] {logging_mixin.py:190} INFO - [2025-02-18T05:47:13.373+0000] {dag.py:3239} INFO - Sync 3 DAGs
[2025-02-18T05:47:13.388+0000] {logging_mixin.py:190} INFO - [2025-02-18T05:47:13.388+0000] {dag.py:4180} INFO - Setting next_dagrun for example_branch_datetime_operator to 2025-02-17 00:00:00+00:00, run_after=2025-02-18 00:00:00+00:00
[2025-02-18T05:47:13.391+0000] {logging_mixin.py:190} INFO - [2025-02-18T05:47:13.391+0000] {dag.py:4180} INFO - Setting next_dagrun for example_branch_datetime_operator_2 to 2025-02-17 00:00:00+00:00, run_after=2025-02-18 00:00:00+00:00
[2025-02-18T05:47:13.392+0000] {logging_mixin.py:190} INFO - [2025-02-18T05:47:13.392+0000] {dag.py:4180} INFO - Setting next_dagrun for example_branch_datetime_operator_3 to 2025-02-17 00:00:00+00:00, run_after=2025-02-18 00:00:00+00:00
[2025-02-18T05:47:13.400+0000] {processor.py:208} INFO - Processing /home/airflow/.local/lib/python3.12/site-packages/airflow/example_dags/example_branch_datetime_operator.py took 0.056 seconds
[2025-02-18T05:47:43.655+0000] {processor.py:186} INFO - Started process (PID=9407) to work on /home/airflow/.local/lib/python3.12/site-packages/airflow/example_dags/example_branch_datetime_operator.py
[2025-02-18T05:47:43.658+0000] {processor.py:914} INFO - Processing file /home/airflow/.local/lib/python3.12/site-packages/airflow/example_dags/example_branch_datetime_operator.py for tasks to queue
[2025-02-18T05:47:43.659+0000] {logging_mixin.py:190} INFO - [2025-02-18T05:47:43.659+0000] {dagbag.py:588} INFO - Filling up the DagBag from /home/airflow/.local/lib/python3.12/site-packages/airflow/example_dags/example_branch_datetime_operator.py
[2025-02-18T05:47:43.666+0000] {processor.py:925} INFO - DAG(s) 'example_branch_datetime_operator_3', 'example_branch_datetime_operator', 'example_branch_datetime_operator_2' retrieved from /home/airflow/.local/lib/python3.12/site-packages/airflow/example_dags/example_branch_datetime_operator.py
[2025-02-18T05:47:43.683+0000] {logging_mixin.py:190} INFO - [2025-02-18T05:47:43.683+0000] {dag.py:3239} INFO - Sync 3 DAGs
[2025-02-18T05:47:43.696+0000] {logging_mixin.py:190} INFO - [2025-02-18T05:47:43.696+0000] {dag.py:4180} INFO - Setting next_dagrun for example_branch_datetime_operator to 2025-02-17 00:00:00+00:00, run_after=2025-02-18 00:00:00+00:00
[2025-02-18T05:47:43.700+0000] {logging_mixin.py:190} INFO - [2025-02-18T05:47:43.699+0000] {dag.py:4180} INFO - Setting next_dagrun for example_branch_datetime_operator_2 to 2025-02-17 00:00:00+00:00, run_after=2025-02-18 00:00:00+00:00
[2025-02-18T05:47:43.702+0000] {logging_mixin.py:190} INFO - [2025-02-18T05:47:43.701+0000] {dag.py:4180} INFO - Setting next_dagrun for example_branch_datetime_operator_3 to 2025-02-17 00:00:00+00:00, run_after=2025-02-18 00:00:00+00:00
[2025-02-18T05:47:43.711+0000] {processor.py:208} INFO - Processing /home/airflow/.local/lib/python3.12/site-packages/airflow/example_dags/example_branch_datetime_operator.py took 0.060 seconds
[2025-02-18T05:48:13.981+0000] {processor.py:186} INFO - Started process (PID=9471) to work on /home/airflow/.local/lib/python3.12/site-packages/airflow/example_dags/example_branch_datetime_operator.py
[2025-02-18T05:48:13.982+0000] {processor.py:914} INFO - Processing file /home/airflow/.local/lib/python3.12/site-packages/airflow/example_dags/example_branch_datetime_operator.py for tasks to queue
[2025-02-18T05:48:13.982+0000] {logging_mixin.py:190} INFO - [2025-02-18T05:48:13.982+0000] {dagbag.py:588} INFO - Filling up the DagBag from /home/airflow/.local/lib/python3.12/site-packages/airflow/example_dags/example_branch_datetime_operator.py
[2025-02-18T05:48:13.989+0000] {processor.py:925} INFO - DAG(s) 'example_branch_datetime_operator_3', 'example_branch_datetime_operator', 'example_branch_datetime_operator_2' retrieved from /home/airflow/.local/lib/python3.12/site-packages/airflow/example_dags/example_branch_datetime_operator.py
[2025-02-18T05:48:14.006+0000] {logging_mixin.py:190} INFO - [2025-02-18T05:48:14.006+0000] {dag.py:3239} INFO - Sync 3 DAGs
[2025-02-18T05:48:14.019+0000] {logging_mixin.py:190} INFO - [2025-02-18T05:48:14.019+0000] {dag.py:4180} INFO - Setting next_dagrun for example_branch_datetime_operator to 2025-02-17 00:00:00+00:00, run_after=2025-02-18 00:00:00+00:00
[2025-02-18T05:48:14.022+0000] {logging_mixin.py:190} INFO - [2025-02-18T05:48:14.022+0000] {dag.py:4180} INFO - Setting next_dagrun for example_branch_datetime_operator_2 to 2025-02-17 00:00:00+00:00, run_after=2025-02-18 00:00:00+00:00
[2025-02-18T05:48:14.024+0000] {logging_mixin.py:190} INFO - [2025-02-18T05:48:14.024+0000] {dag.py:4180} INFO - Setting next_dagrun for example_branch_datetime_operator_3 to 2025-02-17 00:00:00+00:00, run_after=2025-02-18 00:00:00+00:00
[2025-02-18T05:48:14.037+0000] {processor.py:208} INFO - Processing /home/airflow/.local/lib/python3.12/site-packages/airflow/example_dags/example_branch_datetime_operator.py took 0.060 seconds
[2025-02-18T05:48:44.058+0000] {processor.py:186} INFO - Started process (PID=9535) to work on /home/airflow/.local/lib/python3.12/site-packages/airflow/example_dags/example_branch_datetime_operator.py
[2025-02-18T05:48:44.059+0000] {processor.py:914} INFO - Processing file /home/airflow/.local/lib/python3.12/site-packages/airflow/example_dags/example_branch_datetime_operator.py for tasks to queue
[2025-02-18T05:48:44.060+0000] {logging_mixin.py:190} INFO - [2025-02-18T05:48:44.060+0000] {dagbag.py:588} INFO - Filling up the DagBag from /home/airflow/.local/lib/python3.12/site-packages/airflow/example_dags/example_branch_datetime_operator.py
[2025-02-18T05:48:44.068+0000] {processor.py:925} INFO - DAG(s) 'example_branch_datetime_operator_2', 'example_branch_datetime_operator_3', 'example_branch_datetime_operator' retrieved from /home/airflow/.local/lib/python3.12/site-packages/airflow/example_dags/example_branch_datetime_operator.py
[2025-02-18T05:48:44.082+0000] {logging_mixin.py:190} INFO - [2025-02-18T05:48:44.082+0000] {dag.py:3239} INFO - Sync 3 DAGs
[2025-02-18T05:48:44.097+0000] {logging_mixin.py:190} INFO - [2025-02-18T05:48:44.097+0000] {dag.py:4180} INFO - Setting next_dagrun for example_branch_datetime_operator to 2025-02-17 00:00:00+00:00, run_after=2025-02-18 00:00:00+00:00
[2025-02-18T05:48:44.100+0000] {logging_mixin.py:190} INFO - [2025-02-18T05:48:44.100+0000] {dag.py:4180} INFO - Setting next_dagrun for example_branch_datetime_operator_2 to 2025-02-17 00:00:00+00:00, run_after=2025-02-18 00:00:00+00:00
[2025-02-18T05:48:44.102+0000] {logging_mixin.py:190} INFO - [2025-02-18T05:48:44.101+0000] {dag.py:4180} INFO - Setting next_dagrun for example_branch_datetime_operator_3 to 2025-02-17 00:00:00+00:00, run_after=2025-02-18 00:00:00+00:00
[2025-02-18T05:48:44.110+0000] {processor.py:208} INFO - Processing /home/airflow/.local/lib/python3.12/site-packages/airflow/example_dags/example_branch_datetime_operator.py took 0.056 seconds
[2025-02-18T05:49:14.974+0000] {processor.py:186} INFO - Started process (PID=9599) to work on /home/airflow/.local/lib/python3.12/site-packages/airflow/example_dags/example_branch_datetime_operator.py
[2025-02-18T05:49:14.976+0000] {processor.py:914} INFO - Processing file /home/airflow/.local/lib/python3.12/site-packages/airflow/example_dags/example_branch_datetime_operator.py for tasks to queue
[2025-02-18T05:49:14.977+0000] {logging_mixin.py:190} INFO - [2025-02-18T05:49:14.977+0000] {dagbag.py:588} INFO - Filling up the DagBag from /home/airflow/.local/lib/python3.12/site-packages/airflow/example_dags/example_branch_datetime_operator.py
[2025-02-18T05:49:14.983+0000] {processor.py:925} INFO - DAG(s) 'example_branch_datetime_operator', 'example_branch_datetime_operator_3', 'example_branch_datetime_operator_2' retrieved from /home/airflow/.local/lib/python3.12/site-packages/airflow/example_dags/example_branch_datetime_operator.py
[2025-02-18T05:49:15.000+0000] {logging_mixin.py:190} INFO - [2025-02-18T05:49:15.000+0000] {dag.py:3239} INFO - Sync 3 DAGs
[2025-02-18T05:49:15.013+0000] {logging_mixin.py:190} INFO - [2025-02-18T05:49:15.013+0000] {dag.py:4180} INFO - Setting next_dagrun for example_branch_datetime_operator to 2025-02-17 00:00:00+00:00, run_after=2025-02-18 00:00:00+00:00
[2025-02-18T05:49:15.016+0000] {logging_mixin.py:190} INFO - [2025-02-18T05:49:15.016+0000] {dag.py:4180} INFO - Setting next_dagrun for example_branch_datetime_operator_2 to 2025-02-17 00:00:00+00:00, run_after=2025-02-18 00:00:00+00:00
[2025-02-18T05:49:15.018+0000] {logging_mixin.py:190} INFO - [2025-02-18T05:49:15.017+0000] {dag.py:4180} INFO - Setting next_dagrun for example_branch_datetime_operator_3 to 2025-02-17 00:00:00+00:00, run_after=2025-02-18 00:00:00+00:00
[2025-02-18T05:49:15.028+0000] {processor.py:208} INFO - Processing /home/airflow/.local/lib/python3.12/site-packages/airflow/example_dags/example_branch_datetime_operator.py took 0.057 seconds
[2025-02-18T05:49:45.272+0000] {processor.py:186} INFO - Started process (PID=9663) to work on /home/airflow/.local/lib/python3.12/site-packages/airflow/example_dags/example_branch_datetime_operator.py
[2025-02-18T05:49:45.273+0000] {processor.py:914} INFO - Processing file /home/airflow/.local/lib/python3.12/site-packages/airflow/example_dags/example_branch_datetime_operator.py for tasks to queue
[2025-02-18T05:49:45.274+0000] {logging_mixin.py:190} INFO - [2025-02-18T05:49:45.274+0000] {dagbag.py:588} INFO - Filling up the DagBag from /home/airflow/.local/lib/python3.12/site-packages/airflow/example_dags/example_branch_datetime_operator.py
[2025-02-18T05:49:45.280+0000] {processor.py:925} INFO - DAG(s) 'example_branch_datetime_operator', 'example_branch_datetime_operator_2', 'example_branch_datetime_operator_3' retrieved from /home/airflow/.local/lib/python3.12/site-packages/airflow/example_dags/example_branch_datetime_operator.py
[2025-02-18T05:49:45.297+0000] {logging_mixin.py:190} INFO - [2025-02-18T05:49:45.297+0000] {dag.py:3239} INFO - Sync 3 DAGs
[2025-02-18T05:49:45.315+0000] {logging_mixin.py:190} INFO - [2025-02-18T05:49:45.314+0000] {dag.py:4180} INFO - Setting next_dagrun for example_branch_datetime_operator to 2025-02-17 00:00:00+00:00, run_after=2025-02-18 00:00:00+00:00
[2025-02-18T05:49:45.318+0000] {logging_mixin.py:190} INFO - [2025-02-18T05:49:45.318+0000] {dag.py:4180} INFO - Setting next_dagrun for example_branch_datetime_operator_2 to 2025-02-17 00:00:00+00:00, run_after=2025-02-18 00:00:00+00:00
[2025-02-18T05:49:45.321+0000] {logging_mixin.py:190} INFO - [2025-02-18T05:49:45.321+0000] {dag.py:4180} INFO - Setting next_dagrun for example_branch_datetime_operator_3 to 2025-02-17 00:00:00+00:00, run_after=2025-02-18 00:00:00+00:00
[2025-02-18T05:49:45.332+0000] {processor.py:208} INFO - Processing /home/airflow/.local/lib/python3.12/site-packages/airflow/example_dags/example_branch_datetime_operator.py took 0.063 seconds
[2025-02-18T05:50:15.399+0000] {processor.py:186} INFO - Started process (PID=9727) to work on /home/airflow/.local/lib/python3.12/site-packages/airflow/example_dags/example_branch_datetime_operator.py
[2025-02-18T05:50:15.400+0000] {processor.py:914} INFO - Processing file /home/airflow/.local/lib/python3.12/site-packages/airflow/example_dags/example_branch_datetime_operator.py for tasks to queue
[2025-02-18T05:50:15.401+0000] {logging_mixin.py:190} INFO - [2025-02-18T05:50:15.400+0000] {dagbag.py:588} INFO - Filling up the DagBag from /home/airflow/.local/lib/python3.12/site-packages/airflow/example_dags/example_branch_datetime_operator.py
[2025-02-18T05:50:15.407+0000] {processor.py:925} INFO - DAG(s) 'example_branch_datetime_operator_2', 'example_branch_datetime_operator', 'example_branch_datetime_operator_3' retrieved from /home/airflow/.local/lib/python3.12/site-packages/airflow/example_dags/example_branch_datetime_operator.py
[2025-02-18T05:50:15.429+0000] {logging_mixin.py:190} INFO - [2025-02-18T05:50:15.429+0000] {dag.py:3239} INFO - Sync 3 DAGs
[2025-02-18T05:50:15.450+0000] {logging_mixin.py:190} INFO - [2025-02-18T05:50:15.450+0000] {dag.py:4180} INFO - Setting next_dagrun for example_branch_datetime_operator to 2025-02-17 00:00:00+00:00, run_after=2025-02-18 00:00:00+00:00
[2025-02-18T05:50:15.453+0000] {logging_mixin.py:190} INFO - [2025-02-18T05:50:15.453+0000] {dag.py:4180} INFO - Setting next_dagrun for example_branch_datetime_operator_2 to 2025-02-17 00:00:00+00:00, run_after=2025-02-18 00:00:00+00:00
[2025-02-18T05:50:15.455+0000] {logging_mixin.py:190} INFO - [2025-02-18T05:50:15.454+0000] {dag.py:4180} INFO - Setting next_dagrun for example_branch_datetime_operator_3 to 2025-02-17 00:00:00+00:00, run_after=2025-02-18 00:00:00+00:00
[2025-02-18T05:50:15.467+0000] {processor.py:208} INFO - Processing /home/airflow/.local/lib/python3.12/site-packages/airflow/example_dags/example_branch_datetime_operator.py took 0.071 seconds
[2025-02-18T05:50:45.627+0000] {processor.py:186} INFO - Started process (PID=9792) to work on /home/airflow/.local/lib/python3.12/site-packages/airflow/example_dags/example_branch_datetime_operator.py
[2025-02-18T05:50:45.629+0000] {processor.py:914} INFO - Processing file /home/airflow/.local/lib/python3.12/site-packages/airflow/example_dags/example_branch_datetime_operator.py for tasks to queue
[2025-02-18T05:50:45.629+0000] {logging_mixin.py:190} INFO - [2025-02-18T05:50:45.629+0000] {dagbag.py:588} INFO - Filling up the DagBag from /home/airflow/.local/lib/python3.12/site-packages/airflow/example_dags/example_branch_datetime_operator.py
[2025-02-18T05:50:45.638+0000] {processor.py:925} INFO - DAG(s) 'example_branch_datetime_operator_3', 'example_branch_datetime_operator', 'example_branch_datetime_operator_2' retrieved from /home/airflow/.local/lib/python3.12/site-packages/airflow/example_dags/example_branch_datetime_operator.py
[2025-02-18T05:50:45.661+0000] {logging_mixin.py:190} INFO - [2025-02-18T05:50:45.661+0000] {dag.py:3239} INFO - Sync 3 DAGs
[2025-02-18T05:50:45.677+0000] {logging_mixin.py:190} INFO - [2025-02-18T05:50:45.677+0000] {dag.py:4180} INFO - Setting next_dagrun for example_branch_datetime_operator to 2025-02-17 00:00:00+00:00, run_after=2025-02-18 00:00:00+00:00
[2025-02-18T05:50:45.681+0000] {logging_mixin.py:190} INFO - [2025-02-18T05:50:45.681+0000] {dag.py:4180} INFO - Setting next_dagrun for example_branch_datetime_operator_2 to 2025-02-17 00:00:00+00:00, run_after=2025-02-18 00:00:00+00:00
[2025-02-18T05:50:45.683+0000] {logging_mixin.py:190} INFO - [2025-02-18T05:50:45.683+0000] {dag.py:4180} INFO - Setting next_dagrun for example_branch_datetime_operator_3 to 2025-02-17 00:00:00+00:00, run_after=2025-02-18 00:00:00+00:00
[2025-02-18T05:50:45.697+0000] {processor.py:208} INFO - Processing /home/airflow/.local/lib/python3.12/site-packages/airflow/example_dags/example_branch_datetime_operator.py took 0.073 seconds
[2025-02-18T05:51:16.028+0000] {processor.py:186} INFO - Started process (PID=9856) to work on /home/airflow/.local/lib/python3.12/site-packages/airflow/example_dags/example_branch_datetime_operator.py
[2025-02-18T05:51:16.029+0000] {processor.py:914} INFO - Processing file /home/airflow/.local/lib/python3.12/site-packages/airflow/example_dags/example_branch_datetime_operator.py for tasks to queue
[2025-02-18T05:51:16.030+0000] {logging_mixin.py:190} INFO - [2025-02-18T05:51:16.030+0000] {dagbag.py:588} INFO - Filling up the DagBag from /home/airflow/.local/lib/python3.12/site-packages/airflow/example_dags/example_branch_datetime_operator.py
[2025-02-18T05:51:16.037+0000] {processor.py:925} INFO - DAG(s) 'example_branch_datetime_operator_3', 'example_branch_datetime_operator', 'example_branch_datetime_operator_2' retrieved from /home/airflow/.local/lib/python3.12/site-packages/airflow/example_dags/example_branch_datetime_operator.py
[2025-02-18T05:51:16.061+0000] {logging_mixin.py:190} INFO - [2025-02-18T05:51:16.061+0000] {dag.py:3239} INFO - Sync 3 DAGs
[2025-02-18T05:51:16.077+0000] {logging_mixin.py:190} INFO - [2025-02-18T05:51:16.077+0000] {dag.py:4180} INFO - Setting next_dagrun for example_branch_datetime_operator to 2025-02-17 00:00:00+00:00, run_after=2025-02-18 00:00:00+00:00
[2025-02-18T05:51:16.080+0000] {logging_mixin.py:190} INFO - [2025-02-18T05:51:16.080+0000] {dag.py:4180} INFO - Setting next_dagrun for example_branch_datetime_operator_2 to 2025-02-17 00:00:00+00:00, run_after=2025-02-18 00:00:00+00:00
[2025-02-18T05:51:16.081+0000] {logging_mixin.py:190} INFO - [2025-02-18T05:51:16.081+0000] {dag.py:4180} INFO - Setting next_dagrun for example_branch_datetime_operator_3 to 2025-02-17 00:00:00+00:00, run_after=2025-02-18 00:00:00+00:00
[2025-02-18T05:51:16.091+0000] {processor.py:208} INFO - Processing /home/airflow/.local/lib/python3.12/site-packages/airflow/example_dags/example_branch_datetime_operator.py took 0.067 seconds
[2025-02-18T05:51:46.316+0000] {processor.py:186} INFO - Started process (PID=9920) to work on /home/airflow/.local/lib/python3.12/site-packages/airflow/example_dags/example_branch_datetime_operator.py
[2025-02-18T05:51:46.317+0000] {processor.py:914} INFO - Processing file /home/airflow/.local/lib/python3.12/site-packages/airflow/example_dags/example_branch_datetime_operator.py for tasks to queue
[2025-02-18T05:51:46.318+0000] {logging_mixin.py:190} INFO - [2025-02-18T05:51:46.317+0000] {dagbag.py:588} INFO - Filling up the DagBag from /home/airflow/.local/lib/python3.12/site-packages/airflow/example_dags/example_branch_datetime_operator.py
[2025-02-18T05:51:46.325+0000] {processor.py:925} INFO - DAG(s) 'example_branch_datetime_operator_3', 'example_branch_datetime_operator', 'example_branch_datetime_operator_2' retrieved from /home/airflow/.local/lib/python3.12/site-packages/airflow/example_dags/example_branch_datetime_operator.py
[2025-02-18T05:51:46.341+0000] {logging_mixin.py:190} INFO - [2025-02-18T05:51:46.341+0000] {dag.py:3239} INFO - Sync 3 DAGs
[2025-02-18T05:51:46.352+0000] {logging_mixin.py:190} INFO - [2025-02-18T05:51:46.352+0000] {dag.py:4180} INFO - Setting next_dagrun for example_branch_datetime_operator to 2025-02-17 00:00:00+00:00, run_after=2025-02-18 00:00:00+00:00
[2025-02-18T05:51:46.354+0000] {logging_mixin.py:190} INFO - [2025-02-18T05:51:46.354+0000] {dag.py:4180} INFO - Setting next_dagrun for example_branch_datetime_operator_2 to 2025-02-17 00:00:00+00:00, run_after=2025-02-18 00:00:00+00:00
[2025-02-18T05:51:46.355+0000] {logging_mixin.py:190} INFO - [2025-02-18T05:51:46.355+0000] {dag.py:4180} INFO - Setting next_dagrun for example_branch_datetime_operator_3 to 2025-02-17 00:00:00+00:00, run_after=2025-02-18 00:00:00+00:00
[2025-02-18T05:51:46.365+0000] {processor.py:208} INFO - Processing /home/airflow/.local/lib/python3.12/site-packages/airflow/example_dags/example_branch_datetime_operator.py took 0.054 seconds
[2025-02-18T05:52:16.986+0000] {processor.py:186} INFO - Started process (PID=9984) to work on /home/airflow/.local/lib/python3.12/site-packages/airflow/example_dags/example_branch_datetime_operator.py
[2025-02-18T05:52:16.990+0000] {processor.py:914} INFO - Processing file /home/airflow/.local/lib/python3.12/site-packages/airflow/example_dags/example_branch_datetime_operator.py for tasks to queue
[2025-02-18T05:52:16.991+0000] {logging_mixin.py:190} INFO - [2025-02-18T05:52:16.991+0000] {dagbag.py:588} INFO - Filling up the DagBag from /home/airflow/.local/lib/python3.12/site-packages/airflow/example_dags/example_branch_datetime_operator.py
[2025-02-18T05:52:17.002+0000] {processor.py:925} INFO - DAG(s) 'example_branch_datetime_operator_3', 'example_branch_datetime_operator', 'example_branch_datetime_operator_2' retrieved from /home/airflow/.local/lib/python3.12/site-packages/airflow/example_dags/example_branch_datetime_operator.py
[2025-02-18T05:52:17.029+0000] {logging_mixin.py:190} INFO - [2025-02-18T05:52:17.029+0000] {dag.py:3239} INFO - Sync 3 DAGs
[2025-02-18T05:52:17.046+0000] {logging_mixin.py:190} INFO - [2025-02-18T05:52:17.046+0000] {dag.py:4180} INFO - Setting next_dagrun for example_branch_datetime_operator to 2025-02-17 00:00:00+00:00, run_after=2025-02-18 00:00:00+00:00
[2025-02-18T05:52:17.049+0000] {logging_mixin.py:190} INFO - [2025-02-18T05:52:17.049+0000] {dag.py:4180} INFO - Setting next_dagrun for example_branch_datetime_operator_2 to 2025-02-17 00:00:00+00:00, run_after=2025-02-18 00:00:00+00:00
[2025-02-18T05:52:17.051+0000] {logging_mixin.py:190} INFO - [2025-02-18T05:52:17.051+0000] {dag.py:4180} INFO - Setting next_dagrun for example_branch_datetime_operator_3 to 2025-02-17 00:00:00+00:00, run_after=2025-02-18 00:00:00+00:00
[2025-02-18T05:52:17.066+0000] {processor.py:208} INFO - Processing /home/airflow/.local/lib/python3.12/site-packages/airflow/example_dags/example_branch_datetime_operator.py took 0.083 seconds
[2025-02-18T05:52:47.098+0000] {processor.py:186} INFO - Started process (PID=10047) to work on /home/airflow/.local/lib/python3.12/site-packages/airflow/example_dags/example_branch_datetime_operator.py
[2025-02-18T05:52:47.099+0000] {processor.py:914} INFO - Processing file /home/airflow/.local/lib/python3.12/site-packages/airflow/example_dags/example_branch_datetime_operator.py for tasks to queue
[2025-02-18T05:52:47.100+0000] {logging_mixin.py:190} INFO - [2025-02-18T05:52:47.100+0000] {dagbag.py:588} INFO - Filling up the DagBag from /home/airflow/.local/lib/python3.12/site-packages/airflow/example_dags/example_branch_datetime_operator.py
[2025-02-18T05:52:47.107+0000] {processor.py:925} INFO - DAG(s) 'example_branch_datetime_operator_2', 'example_branch_datetime_operator', 'example_branch_datetime_operator_3' retrieved from /home/airflow/.local/lib/python3.12/site-packages/airflow/example_dags/example_branch_datetime_operator.py
[2025-02-18T05:52:47.127+0000] {logging_mixin.py:190} INFO - [2025-02-18T05:52:47.127+0000] {dag.py:3239} INFO - Sync 3 DAGs
[2025-02-18T05:52:47.141+0000] {logging_mixin.py:190} INFO - [2025-02-18T05:52:47.141+0000] {dag.py:4180} INFO - Setting next_dagrun for example_branch_datetime_operator to 2025-02-17 00:00:00+00:00, run_after=2025-02-18 00:00:00+00:00
[2025-02-18T05:52:47.144+0000] {logging_mixin.py:190} INFO - [2025-02-18T05:52:47.144+0000] {dag.py:4180} INFO - Setting next_dagrun for example_branch_datetime_operator_2 to 2025-02-17 00:00:00+00:00, run_after=2025-02-18 00:00:00+00:00
[2025-02-18T05:52:47.145+0000] {logging_mixin.py:190} INFO - [2025-02-18T05:52:47.145+0000] {dag.py:4180} INFO - Setting next_dagrun for example_branch_datetime_operator_3 to 2025-02-17 00:00:00+00:00, run_after=2025-02-18 00:00:00+00:00
[2025-02-18T05:52:47.153+0000] {processor.py:208} INFO - Processing /home/airflow/.local/lib/python3.12/site-packages/airflow/example_dags/example_branch_datetime_operator.py took 0.059 seconds
[2025-02-18T05:53:17.199+0000] {processor.py:186} INFO - Started process (PID=10111) to work on /home/airflow/.local/lib/python3.12/site-packages/airflow/example_dags/example_branch_datetime_operator.py
[2025-02-18T05:53:17.200+0000] {processor.py:914} INFO - Processing file /home/airflow/.local/lib/python3.12/site-packages/airflow/example_dags/example_branch_datetime_operator.py for tasks to queue
[2025-02-18T05:53:17.201+0000] {logging_mixin.py:190} INFO - [2025-02-18T05:53:17.201+0000] {dagbag.py:588} INFO - Filling up the DagBag from /home/airflow/.local/lib/python3.12/site-packages/airflow/example_dags/example_branch_datetime_operator.py
[2025-02-18T05:53:17.208+0000] {processor.py:925} INFO - DAG(s) 'example_branch_datetime_operator_2', 'example_branch_datetime_operator_3', 'example_branch_datetime_operator' retrieved from /home/airflow/.local/lib/python3.12/site-packages/airflow/example_dags/example_branch_datetime_operator.py
[2025-02-18T05:53:17.222+0000] {logging_mixin.py:190} INFO - [2025-02-18T05:53:17.222+0000] {dag.py:3239} INFO - Sync 3 DAGs
[2025-02-18T05:53:17.235+0000] {logging_mixin.py:190} INFO - [2025-02-18T05:53:17.235+0000] {dag.py:4180} INFO - Setting next_dagrun for example_branch_datetime_operator to 2025-02-17 00:00:00+00:00, run_after=2025-02-18 00:00:00+00:00
[2025-02-18T05:53:17.238+0000] {logging_mixin.py:190} INFO - [2025-02-18T05:53:17.238+0000] {dag.py:4180} INFO - Setting next_dagrun for example_branch_datetime_operator_2 to 2025-02-17 00:00:00+00:00, run_after=2025-02-18 00:00:00+00:00
[2025-02-18T05:53:17.239+0000] {logging_mixin.py:190} INFO - [2025-02-18T05:53:17.239+0000] {dag.py:4180} INFO - Setting next_dagrun for example_branch_datetime_operator_3 to 2025-02-17 00:00:00+00:00, run_after=2025-02-18 00:00:00+00:00
[2025-02-18T05:53:17.249+0000] {processor.py:208} INFO - Processing /home/airflow/.local/lib/python3.12/site-packages/airflow/example_dags/example_branch_datetime_operator.py took 0.053 seconds
[2025-02-18T05:53:47.468+0000] {processor.py:186} INFO - Started process (PID=10175) to work on /home/airflow/.local/lib/python3.12/site-packages/airflow/example_dags/example_branch_datetime_operator.py
[2025-02-18T05:53:47.472+0000] {processor.py:914} INFO - Processing file /home/airflow/.local/lib/python3.12/site-packages/airflow/example_dags/example_branch_datetime_operator.py for tasks to queue
[2025-02-18T05:53:47.474+0000] {logging_mixin.py:190} INFO - [2025-02-18T05:53:47.473+0000] {dagbag.py:588} INFO - Filling up the DagBag from /home/airflow/.local/lib/python3.12/site-packages/airflow/example_dags/example_branch_datetime_operator.py
[2025-02-18T05:53:47.481+0000] {processor.py:925} INFO - DAG(s) 'example_branch_datetime_operator_2', 'example_branch_datetime_operator_3', 'example_branch_datetime_operator' retrieved from /home/airflow/.local/lib/python3.12/site-packages/airflow/example_dags/example_branch_datetime_operator.py
[2025-02-18T05:53:47.504+0000] {logging_mixin.py:190} INFO - [2025-02-18T05:53:47.504+0000] {dag.py:3239} INFO - Sync 3 DAGs
[2025-02-18T05:53:47.517+0000] {logging_mixin.py:190} INFO - [2025-02-18T05:53:47.517+0000] {dag.py:4180} INFO - Setting next_dagrun for example_branch_datetime_operator to 2025-02-17 00:00:00+00:00, run_after=2025-02-18 00:00:00+00:00
[2025-02-18T05:53:47.519+0000] {logging_mixin.py:190} INFO - [2025-02-18T05:53:47.519+0000] {dag.py:4180} INFO - Setting next_dagrun for example_branch_datetime_operator_2 to 2025-02-17 00:00:00+00:00, run_after=2025-02-18 00:00:00+00:00
[2025-02-18T05:53:47.521+0000] {logging_mixin.py:190} INFO - [2025-02-18T05:53:47.521+0000] {dag.py:4180} INFO - Setting next_dagrun for example_branch_datetime_operator_3 to 2025-02-17 00:00:00+00:00, run_after=2025-02-18 00:00:00+00:00
[2025-02-18T05:53:47.534+0000] {processor.py:208} INFO - Processing /home/airflow/.local/lib/python3.12/site-packages/airflow/example_dags/example_branch_datetime_operator.py took 0.069 seconds
[2025-02-18T05:54:17.888+0000] {processor.py:186} INFO - Started process (PID=10238) to work on /home/airflow/.local/lib/python3.12/site-packages/airflow/example_dags/example_branch_datetime_operator.py
[2025-02-18T05:54:17.890+0000] {processor.py:914} INFO - Processing file /home/airflow/.local/lib/python3.12/site-packages/airflow/example_dags/example_branch_datetime_operator.py for tasks to queue
[2025-02-18T05:54:17.891+0000] {logging_mixin.py:190} INFO - [2025-02-18T05:54:17.891+0000] {dagbag.py:588} INFO - Filling up the DagBag from /home/airflow/.local/lib/python3.12/site-packages/airflow/example_dags/example_branch_datetime_operator.py
[2025-02-18T05:54:17.898+0000] {processor.py:925} INFO - DAG(s) 'example_branch_datetime_operator_2', 'example_branch_datetime_operator', 'example_branch_datetime_operator_3' retrieved from /home/airflow/.local/lib/python3.12/site-packages/airflow/example_dags/example_branch_datetime_operator.py
[2025-02-18T05:54:17.913+0000] {logging_mixin.py:190} INFO - [2025-02-18T05:54:17.913+0000] {dag.py:3239} INFO - Sync 3 DAGs
[2025-02-18T05:54:17.929+0000] {logging_mixin.py:190} INFO - [2025-02-18T05:54:17.929+0000] {dag.py:4180} INFO - Setting next_dagrun for example_branch_datetime_operator to 2025-02-17 00:00:00+00:00, run_after=2025-02-18 00:00:00+00:00
[2025-02-18T05:54:17.932+0000] {logging_mixin.py:190} INFO - [2025-02-18T05:54:17.932+0000] {dag.py:4180} INFO - Setting next_dagrun for example_branch_datetime_operator_2 to 2025-02-17 00:00:00+00:00, run_after=2025-02-18 00:00:00+00:00
[2025-02-18T05:54:17.933+0000] {logging_mixin.py:190} INFO - [2025-02-18T05:54:17.933+0000] {dag.py:4180} INFO - Setting next_dagrun for example_branch_datetime_operator_3 to 2025-02-17 00:00:00+00:00, run_after=2025-02-18 00:00:00+00:00
[2025-02-18T05:54:17.942+0000] {processor.py:208} INFO - Processing /home/airflow/.local/lib/python3.12/site-packages/airflow/example_dags/example_branch_datetime_operator.py took 0.058 seconds
[2025-02-18T05:54:48.198+0000] {processor.py:186} INFO - Started process (PID=10302) to work on /home/airflow/.local/lib/python3.12/site-packages/airflow/example_dags/example_branch_datetime_operator.py
[2025-02-18T05:54:48.201+0000] {processor.py:914} INFO - Processing file /home/airflow/.local/lib/python3.12/site-packages/airflow/example_dags/example_branch_datetime_operator.py for tasks to queue
[2025-02-18T05:54:48.202+0000] {logging_mixin.py:190} INFO - [2025-02-18T05:54:48.202+0000] {dagbag.py:588} INFO - Filling up the DagBag from /home/airflow/.local/lib/python3.12/site-packages/airflow/example_dags/example_branch_datetime_operator.py
[2025-02-18T05:54:48.210+0000] {processor.py:925} INFO - DAG(s) 'example_branch_datetime_operator', 'example_branch_datetime_operator_3', 'example_branch_datetime_operator_2' retrieved from /home/airflow/.local/lib/python3.12/site-packages/airflow/example_dags/example_branch_datetime_operator.py
[2025-02-18T05:54:48.229+0000] {logging_mixin.py:190} INFO - [2025-02-18T05:54:48.228+0000] {dag.py:3239} INFO - Sync 3 DAGs
[2025-02-18T05:54:48.242+0000] {logging_mixin.py:190} INFO - [2025-02-18T05:54:48.242+0000] {dag.py:4180} INFO - Setting next_dagrun for example_branch_datetime_operator to 2025-02-17 00:00:00+00:00, run_after=2025-02-18 00:00:00+00:00
[2025-02-18T05:54:48.245+0000] {logging_mixin.py:190} INFO - [2025-02-18T05:54:48.245+0000] {dag.py:4180} INFO - Setting next_dagrun for example_branch_datetime_operator_2 to 2025-02-17 00:00:00+00:00, run_after=2025-02-18 00:00:00+00:00
[2025-02-18T05:54:48.248+0000] {logging_mixin.py:190} INFO - [2025-02-18T05:54:48.248+0000] {dag.py:4180} INFO - Setting next_dagrun for example_branch_datetime_operator_3 to 2025-02-17 00:00:00+00:00, run_after=2025-02-18 00:00:00+00:00
[2025-02-18T05:54:48.259+0000] {processor.py:208} INFO - Processing /home/airflow/.local/lib/python3.12/site-packages/airflow/example_dags/example_branch_datetime_operator.py took 0.064 seconds
[2025-02-18T05:55:18.600+0000] {processor.py:186} INFO - Started process (PID=10366) to work on /home/airflow/.local/lib/python3.12/site-packages/airflow/example_dags/example_branch_datetime_operator.py
[2025-02-18T05:55:18.601+0000] {processor.py:914} INFO - Processing file /home/airflow/.local/lib/python3.12/site-packages/airflow/example_dags/example_branch_datetime_operator.py for tasks to queue
[2025-02-18T05:55:18.602+0000] {logging_mixin.py:190} INFO - [2025-02-18T05:55:18.602+0000] {dagbag.py:588} INFO - Filling up the DagBag from /home/airflow/.local/lib/python3.12/site-packages/airflow/example_dags/example_branch_datetime_operator.py
[2025-02-18T05:55:18.610+0000] {processor.py:925} INFO - DAG(s) 'example_branch_datetime_operator', 'example_branch_datetime_operator_3', 'example_branch_datetime_operator_2' retrieved from /home/airflow/.local/lib/python3.12/site-packages/airflow/example_dags/example_branch_datetime_operator.py
[2025-02-18T05:55:18.626+0000] {logging_mixin.py:190} INFO - [2025-02-18T05:55:18.625+0000] {dag.py:3239} INFO - Sync 3 DAGs
[2025-02-18T05:55:18.638+0000] {logging_mixin.py:190} INFO - [2025-02-18T05:55:18.638+0000] {dag.py:4180} INFO - Setting next_dagrun for example_branch_datetime_operator to 2025-02-17 00:00:00+00:00, run_after=2025-02-18 00:00:00+00:00
[2025-02-18T05:55:18.640+0000] {logging_mixin.py:190} INFO - [2025-02-18T05:55:18.640+0000] {dag.py:4180} INFO - Setting next_dagrun for example_branch_datetime_operator_2 to 2025-02-17 00:00:00+00:00, run_after=2025-02-18 00:00:00+00:00
[2025-02-18T05:55:18.642+0000] {logging_mixin.py:190} INFO - [2025-02-18T05:55:18.642+0000] {dag.py:4180} INFO - Setting next_dagrun for example_branch_datetime_operator_3 to 2025-02-17 00:00:00+00:00, run_after=2025-02-18 00:00:00+00:00
[2025-02-18T05:55:18.650+0000] {processor.py:208} INFO - Processing /home/airflow/.local/lib/python3.12/site-packages/airflow/example_dags/example_branch_datetime_operator.py took 0.054 seconds
[2025-02-18T05:55:48.829+0000] {processor.py:186} INFO - Started process (PID=10430) to work on /home/airflow/.local/lib/python3.12/site-packages/airflow/example_dags/example_branch_datetime_operator.py
[2025-02-18T05:55:48.830+0000] {processor.py:914} INFO - Processing file /home/airflow/.local/lib/python3.12/site-packages/airflow/example_dags/example_branch_datetime_operator.py for tasks to queue
[2025-02-18T05:55:48.831+0000] {logging_mixin.py:190} INFO - [2025-02-18T05:55:48.831+0000] {dagbag.py:588} INFO - Filling up the DagBag from /home/airflow/.local/lib/python3.12/site-packages/airflow/example_dags/example_branch_datetime_operator.py
[2025-02-18T05:55:48.838+0000] {processor.py:925} INFO - DAG(s) 'example_branch_datetime_operator_2', 'example_branch_datetime_operator', 'example_branch_datetime_operator_3' retrieved from /home/airflow/.local/lib/python3.12/site-packages/airflow/example_dags/example_branch_datetime_operator.py
[2025-02-18T05:55:48.855+0000] {logging_mixin.py:190} INFO - [2025-02-18T05:55:48.855+0000] {dag.py:3239} INFO - Sync 3 DAGs
[2025-02-18T05:55:48.867+0000] {logging_mixin.py:190} INFO - [2025-02-18T05:55:48.867+0000] {dag.py:4180} INFO - Setting next_dagrun for example_branch_datetime_operator to 2025-02-17 00:00:00+00:00, run_after=2025-02-18 00:00:00+00:00
[2025-02-18T05:55:48.870+0000] {logging_mixin.py:190} INFO - [2025-02-18T05:55:48.870+0000] {dag.py:4180} INFO - Setting next_dagrun for example_branch_datetime_operator_2 to 2025-02-17 00:00:00+00:00, run_after=2025-02-18 00:00:00+00:00
[2025-02-18T05:55:48.871+0000] {logging_mixin.py:190} INFO - [2025-02-18T05:55:48.871+0000] {dag.py:4180} INFO - Setting next_dagrun for example_branch_datetime_operator_3 to 2025-02-17 00:00:00+00:00, run_after=2025-02-18 00:00:00+00:00
[2025-02-18T05:55:48.879+0000] {processor.py:208} INFO - Processing /home/airflow/.local/lib/python3.12/site-packages/airflow/example_dags/example_branch_datetime_operator.py took 0.054 seconds
[2025-02-18T10:40:12.429+0000] {processor.py:186} INFO - Started process (PID=80) to work on /home/airflow/.local/lib/python3.12/site-packages/airflow/example_dags/example_branch_datetime_operator.py
[2025-02-18T10:40:12.430+0000] {processor.py:914} INFO - Processing file /home/airflow/.local/lib/python3.12/site-packages/airflow/example_dags/example_branch_datetime_operator.py for tasks to queue
[2025-02-18T10:40:12.431+0000] {logging_mixin.py:190} INFO - [2025-02-18T10:40:12.431+0000] {dagbag.py:588} INFO - Filling up the DagBag from /home/airflow/.local/lib/python3.12/site-packages/airflow/example_dags/example_branch_datetime_operator.py
[2025-02-18T10:40:12.443+0000] {processor.py:925} INFO - DAG(s) 'example_branch_datetime_operator_3', 'example_branch_datetime_operator', 'example_branch_datetime_operator_2' retrieved from /home/airflow/.local/lib/python3.12/site-packages/airflow/example_dags/example_branch_datetime_operator.py
[2025-02-18T10:40:12.465+0000] {logging_mixin.py:190} INFO - [2025-02-18T10:40:12.464+0000] {dag.py:3239} INFO - Sync 3 DAGs
[2025-02-18T10:40:12.491+0000] {logging_mixin.py:190} INFO - [2025-02-18T10:40:12.491+0000] {dag.py:4180} INFO - Setting next_dagrun for example_branch_datetime_operator to 2025-02-17 00:00:00+00:00, run_after=2025-02-18 00:00:00+00:00
[2025-02-18T10:40:12.497+0000] {logging_mixin.py:190} INFO - [2025-02-18T10:40:12.496+0000] {dag.py:4180} INFO - Setting next_dagrun for example_branch_datetime_operator_2 to 2025-02-17 00:00:00+00:00, run_after=2025-02-18 00:00:00+00:00
[2025-02-18T10:40:12.499+0000] {logging_mixin.py:190} INFO - [2025-02-18T10:40:12.499+0000] {dag.py:4180} INFO - Setting next_dagrun for example_branch_datetime_operator_3 to 2025-02-17 00:00:00+00:00, run_after=2025-02-18 00:00:00+00:00
[2025-02-18T10:40:12.511+0000] {processor.py:208} INFO - Processing /home/airflow/.local/lib/python3.12/site-packages/airflow/example_dags/example_branch_datetime_operator.py took 0.085 seconds
[2025-02-18T10:47:02.607+0000] {processor.py:186} INFO - Started process (PID=83) to work on /home/airflow/.local/lib/python3.12/site-packages/airflow/example_dags/example_branch_datetime_operator.py
[2025-02-18T10:47:02.607+0000] {processor.py:914} INFO - Processing file /home/airflow/.local/lib/python3.12/site-packages/airflow/example_dags/example_branch_datetime_operator.py for tasks to queue
[2025-02-18T10:47:02.609+0000] {logging_mixin.py:190} INFO - [2025-02-18T10:47:02.609+0000] {dagbag.py:588} INFO - Filling up the DagBag from /home/airflow/.local/lib/python3.12/site-packages/airflow/example_dags/example_branch_datetime_operator.py
[2025-02-18T10:47:02.618+0000] {processor.py:925} INFO - DAG(s) 'example_branch_datetime_operator_3', 'example_branch_datetime_operator_2', 'example_branch_datetime_operator' retrieved from /home/airflow/.local/lib/python3.12/site-packages/airflow/example_dags/example_branch_datetime_operator.py
[2025-02-18T10:47:02.654+0000] {logging_mixin.py:190} INFO - [2025-02-18T10:47:02.654+0000] {dag.py:3239} INFO - Sync 3 DAGs
[2025-02-18T10:47:02.689+0000] {logging_mixin.py:190} INFO - [2025-02-18T10:47:02.688+0000] {dag.py:4180} INFO - Setting next_dagrun for example_branch_datetime_operator to 2025-02-17 00:00:00+00:00, run_after=2025-02-18 00:00:00+00:00
[2025-02-18T10:47:02.693+0000] {logging_mixin.py:190} INFO - [2025-02-18T10:47:02.692+0000] {dag.py:4180} INFO - Setting next_dagrun for example_branch_datetime_operator_2 to 2025-02-17 00:00:00+00:00, run_after=2025-02-18 00:00:00+00:00
[2025-02-18T10:47:02.694+0000] {logging_mixin.py:190} INFO - [2025-02-18T10:47:02.694+0000] {dag.py:4180} INFO - Setting next_dagrun for example_branch_datetime_operator_3 to 2025-02-17 00:00:00+00:00, run_after=2025-02-18 00:00:00+00:00
[2025-02-18T10:47:02.708+0000] {processor.py:208} INFO - Processing /home/airflow/.local/lib/python3.12/site-packages/airflow/example_dags/example_branch_datetime_operator.py took 0.105 seconds
