[2025-02-18T01:09:50.344+0000] {processor.py:186} INFO - Started process (PID=8265) to work on /home/airflow/.local/lib/python3.12/site-packages/airflow/example_dags/example_dataset_alias.py
[2025-02-18T01:09:50.345+0000] {processor.py:914} INFO - Processing file /home/airflow/.local/lib/python3.12/site-packages/airflow/example_dags/example_dataset_alias.py for tasks to queue
[2025-02-18T01:09:50.346+0000] {logging_mixin.py:190} INFO - [2025-02-18T01:09:50.345+0000] {dagbag.py:588} INFO - Filling up the DagBag from /home/airflow/.local/lib/python3.12/site-packages/airflow/example_dags/example_dataset_alias.py
[2025-02-18T01:09:50.670+0000] {processor.py:925} INFO - DAG(s) 'dataset_s3_bucket_producer', 'dataset_s3_bucket_consumer', 'dataset_alias_example_alias_producer', 'dataset_alias_example_alias_consumer' retrieved from /home/airflow/.local/lib/python3.12/site-packages/airflow/example_dags/example_dataset_alias.py
[2025-02-18T01:09:50.689+0000] {logging_mixin.py:190} INFO - [2025-02-18T01:09:50.689+0000] {dag.py:3239} INFO - Sync 4 DAGs
[2025-02-18T01:09:50.701+0000] {logging_mixin.py:190} INFO - [2025-02-18T01:09:50.701+0000] {dag.py:4180} INFO - Setting next_dagrun for dataset_alias_example_alias_consumer to None, run_after=None
[2025-02-18T01:09:50.702+0000] {logging_mixin.py:190} INFO - [2025-02-18T01:09:50.702+0000] {dag.py:4180} INFO - Setting next_dagrun for dataset_alias_example_alias_producer to None, run_after=None
[2025-02-18T01:09:50.703+0000] {logging_mixin.py:190} INFO - [2025-02-18T01:09:50.703+0000] {dag.py:4180} INFO - Setting next_dagrun for dataset_s3_bucket_consumer to None, run_after=None
[2025-02-18T01:09:50.703+0000] {logging_mixin.py:190} INFO - [2025-02-18T01:09:50.703+0000] {dag.py:4180} INFO - Setting next_dagrun for dataset_s3_bucket_producer to None, run_after=None
[2025-02-18T01:09:50.720+0000] {processor.py:208} INFO - Processing /home/airflow/.local/lib/python3.12/site-packages/airflow/example_dags/example_dataset_alias.py took 0.380 seconds
[2025-02-18T01:45:00.423+0000] {processor.py:186} INFO - Started process (PID=8329) to work on /home/airflow/.local/lib/python3.12/site-packages/airflow/example_dags/example_dataset_alias.py
[2025-02-18T01:45:00.424+0000] {processor.py:914} INFO - Processing file /home/airflow/.local/lib/python3.12/site-packages/airflow/example_dags/example_dataset_alias.py for tasks to queue
[2025-02-18T01:45:00.425+0000] {logging_mixin.py:190} INFO - [2025-02-18T01:45:00.424+0000] {dagbag.py:588} INFO - Filling up the DagBag from /home/airflow/.local/lib/python3.12/site-packages/airflow/example_dags/example_dataset_alias.py
[2025-02-18T01:45:00.729+0000] {processor.py:925} INFO - DAG(s) 'dataset_s3_bucket_producer', 'dataset_s3_bucket_consumer', 'dataset_alias_example_alias_producer', 'dataset_alias_example_alias_consumer' retrieved from /home/airflow/.local/lib/python3.12/site-packages/airflow/example_dags/example_dataset_alias.py
[2025-02-18T01:45:00.738+0000] {logging_mixin.py:190} INFO - [2025-02-18T01:45:00.738+0000] {dag.py:3239} INFO - Sync 4 DAGs
[2025-02-18T01:45:00.748+0000] {logging_mixin.py:190} INFO - [2025-02-18T01:45:00.748+0000] {dag.py:4180} INFO - Setting next_dagrun for dataset_alias_example_alias_consumer to None, run_after=None
[2025-02-18T01:45:00.749+0000] {logging_mixin.py:190} INFO - [2025-02-18T01:45:00.749+0000] {dag.py:4180} INFO - Setting next_dagrun for dataset_alias_example_alias_producer to None, run_after=None
[2025-02-18T01:45:00.750+0000] {logging_mixin.py:190} INFO - [2025-02-18T01:45:00.750+0000] {dag.py:4180} INFO - Setting next_dagrun for dataset_s3_bucket_consumer to None, run_after=None
[2025-02-18T01:45:00.751+0000] {logging_mixin.py:190} INFO - [2025-02-18T01:45:00.751+0000] {dag.py:4180} INFO - Setting next_dagrun for dataset_s3_bucket_producer to None, run_after=None
[2025-02-18T01:45:00.761+0000] {processor.py:208} INFO - Processing /home/airflow/.local/lib/python3.12/site-packages/airflow/example_dags/example_dataset_alias.py took 0.341 seconds
[2025-02-18T02:31:37.696+0000] {processor.py:186} INFO - Started process (PID=8393) to work on /home/airflow/.local/lib/python3.12/site-packages/airflow/example_dags/example_dataset_alias.py
[2025-02-18T02:31:37.697+0000] {processor.py:914} INFO - Processing file /home/airflow/.local/lib/python3.12/site-packages/airflow/example_dags/example_dataset_alias.py for tasks to queue
[2025-02-18T02:31:37.698+0000] {logging_mixin.py:190} INFO - [2025-02-18T02:31:37.698+0000] {dagbag.py:588} INFO - Filling up the DagBag from /home/airflow/.local/lib/python3.12/site-packages/airflow/example_dags/example_dataset_alias.py
[2025-02-18T02:31:38.028+0000] {processor.py:925} INFO - DAG(s) 'dataset_s3_bucket_producer', 'dataset_alias_example_alias_consumer', 'dataset_s3_bucket_consumer', 'dataset_alias_example_alias_producer' retrieved from /home/airflow/.local/lib/python3.12/site-packages/airflow/example_dags/example_dataset_alias.py
[2025-02-18T02:31:38.047+0000] {logging_mixin.py:190} INFO - [2025-02-18T02:31:38.046+0000] {dag.py:3239} INFO - Sync 4 DAGs
[2025-02-18T02:31:38.058+0000] {logging_mixin.py:190} INFO - [2025-02-18T02:31:38.058+0000] {dag.py:4180} INFO - Setting next_dagrun for dataset_alias_example_alias_consumer to None, run_after=None
[2025-02-18T02:31:38.059+0000] {logging_mixin.py:190} INFO - [2025-02-18T02:31:38.059+0000] {dag.py:4180} INFO - Setting next_dagrun for dataset_alias_example_alias_producer to None, run_after=None
[2025-02-18T02:31:38.060+0000] {logging_mixin.py:190} INFO - [2025-02-18T02:31:38.060+0000] {dag.py:4180} INFO - Setting next_dagrun for dataset_s3_bucket_consumer to None, run_after=None
[2025-02-18T02:31:38.060+0000] {logging_mixin.py:190} INFO - [2025-02-18T02:31:38.060+0000] {dag.py:4180} INFO - Setting next_dagrun for dataset_s3_bucket_producer to None, run_after=None
[2025-02-18T02:31:38.070+0000] {processor.py:208} INFO - Processing /home/airflow/.local/lib/python3.12/site-packages/airflow/example_dags/example_dataset_alias.py took 0.378 seconds
[2025-02-18T02:54:41.098+0000] {processor.py:186} INFO - Started process (PID=8457) to work on /home/airflow/.local/lib/python3.12/site-packages/airflow/example_dags/example_dataset_alias.py
[2025-02-18T02:54:41.098+0000] {processor.py:914} INFO - Processing file /home/airflow/.local/lib/python3.12/site-packages/airflow/example_dags/example_dataset_alias.py for tasks to queue
[2025-02-18T02:54:41.099+0000] {logging_mixin.py:190} INFO - [2025-02-18T02:54:41.099+0000] {dagbag.py:588} INFO - Filling up the DagBag from /home/airflow/.local/lib/python3.12/site-packages/airflow/example_dags/example_dataset_alias.py
[2025-02-18T02:54:41.427+0000] {processor.py:925} INFO - DAG(s) 'dataset_s3_bucket_producer', 'dataset_alias_example_alias_producer', 'dataset_alias_example_alias_consumer', 'dataset_s3_bucket_consumer' retrieved from /home/airflow/.local/lib/python3.12/site-packages/airflow/example_dags/example_dataset_alias.py
[2025-02-18T02:54:41.437+0000] {logging_mixin.py:190} INFO - [2025-02-18T02:54:41.437+0000] {dag.py:3239} INFO - Sync 4 DAGs
[2025-02-18T02:54:41.447+0000] {logging_mixin.py:190} INFO - [2025-02-18T02:54:41.447+0000] {dag.py:4180} INFO - Setting next_dagrun for dataset_alias_example_alias_consumer to None, run_after=None
[2025-02-18T02:54:41.449+0000] {logging_mixin.py:190} INFO - [2025-02-18T02:54:41.449+0000] {dag.py:4180} INFO - Setting next_dagrun for dataset_alias_example_alias_producer to None, run_after=None
[2025-02-18T02:54:41.451+0000] {logging_mixin.py:190} INFO - [2025-02-18T02:54:41.450+0000] {dag.py:4180} INFO - Setting next_dagrun for dataset_s3_bucket_consumer to None, run_after=None
[2025-02-18T02:54:41.453+0000] {logging_mixin.py:190} INFO - [2025-02-18T02:54:41.453+0000] {dag.py:4180} INFO - Setting next_dagrun for dataset_s3_bucket_producer to None, run_after=None
[2025-02-18T02:54:41.467+0000] {processor.py:208} INFO - Processing /home/airflow/.local/lib/python3.12/site-packages/airflow/example_dags/example_dataset_alias.py took 0.373 seconds
[2025-02-18T03:12:50.971+0000] {processor.py:186} INFO - Started process (PID=8521) to work on /home/airflow/.local/lib/python3.12/site-packages/airflow/example_dags/example_dataset_alias.py
[2025-02-18T03:12:50.973+0000] {processor.py:914} INFO - Processing file /home/airflow/.local/lib/python3.12/site-packages/airflow/example_dags/example_dataset_alias.py for tasks to queue
[2025-02-18T03:12:50.974+0000] {logging_mixin.py:190} INFO - [2025-02-18T03:12:50.973+0000] {dagbag.py:588} INFO - Filling up the DagBag from /home/airflow/.local/lib/python3.12/site-packages/airflow/example_dags/example_dataset_alias.py
[2025-02-18T03:12:51.284+0000] {processor.py:925} INFO - DAG(s) 'dataset_s3_bucket_consumer', 'dataset_alias_example_alias_consumer', 'dataset_s3_bucket_producer', 'dataset_alias_example_alias_producer' retrieved from /home/airflow/.local/lib/python3.12/site-packages/airflow/example_dags/example_dataset_alias.py
[2025-02-18T03:12:51.301+0000] {logging_mixin.py:190} INFO - [2025-02-18T03:12:51.300+0000] {dag.py:3239} INFO - Sync 4 DAGs
[2025-02-18T03:12:51.312+0000] {logging_mixin.py:190} INFO - [2025-02-18T03:12:51.312+0000] {dag.py:4180} INFO - Setting next_dagrun for dataset_alias_example_alias_consumer to None, run_after=None
[2025-02-18T03:12:51.314+0000] {logging_mixin.py:190} INFO - [2025-02-18T03:12:51.314+0000] {dag.py:4180} INFO - Setting next_dagrun for dataset_alias_example_alias_producer to None, run_after=None
[2025-02-18T03:12:51.315+0000] {logging_mixin.py:190} INFO - [2025-02-18T03:12:51.315+0000] {dag.py:4180} INFO - Setting next_dagrun for dataset_s3_bucket_consumer to None, run_after=None
[2025-02-18T03:12:51.316+0000] {logging_mixin.py:190} INFO - [2025-02-18T03:12:51.316+0000] {dag.py:4180} INFO - Setting next_dagrun for dataset_s3_bucket_producer to None, run_after=None
[2025-02-18T03:12:51.330+0000] {processor.py:208} INFO - Processing /home/airflow/.local/lib/python3.12/site-packages/airflow/example_dags/example_dataset_alias.py took 0.363 seconds
[2025-02-18T04:35:30.007+0000] {processor.py:186} INFO - Started process (PID=8585) to work on /home/airflow/.local/lib/python3.12/site-packages/airflow/example_dags/example_dataset_alias.py
[2025-02-18T04:35:30.008+0000] {processor.py:914} INFO - Processing file /home/airflow/.local/lib/python3.12/site-packages/airflow/example_dags/example_dataset_alias.py for tasks to queue
[2025-02-18T04:35:30.009+0000] {logging_mixin.py:190} INFO - [2025-02-18T04:35:30.009+0000] {dagbag.py:588} INFO - Filling up the DagBag from /home/airflow/.local/lib/python3.12/site-packages/airflow/example_dags/example_dataset_alias.py
[2025-02-18T04:35:30.329+0000] {processor.py:925} INFO - DAG(s) 'dataset_s3_bucket_producer', 'dataset_alias_example_alias_producer', 'dataset_alias_example_alias_consumer', 'dataset_s3_bucket_consumer' retrieved from /home/airflow/.local/lib/python3.12/site-packages/airflow/example_dags/example_dataset_alias.py
[2025-02-18T04:35:30.344+0000] {logging_mixin.py:190} INFO - [2025-02-18T04:35:30.344+0000] {dag.py:3239} INFO - Sync 4 DAGs
[2025-02-18T04:35:30.356+0000] {logging_mixin.py:190} INFO - [2025-02-18T04:35:30.356+0000] {dag.py:4180} INFO - Setting next_dagrun for dataset_alias_example_alias_consumer to None, run_after=None
[2025-02-18T04:35:30.357+0000] {logging_mixin.py:190} INFO - [2025-02-18T04:35:30.357+0000] {dag.py:4180} INFO - Setting next_dagrun for dataset_alias_example_alias_producer to None, run_after=None
[2025-02-18T04:35:30.358+0000] {logging_mixin.py:190} INFO - [2025-02-18T04:35:30.358+0000] {dag.py:4180} INFO - Setting next_dagrun for dataset_s3_bucket_consumer to None, run_after=None
[2025-02-18T04:35:30.359+0000] {logging_mixin.py:190} INFO - [2025-02-18T04:35:30.359+0000] {dag.py:4180} INFO - Setting next_dagrun for dataset_s3_bucket_producer to None, run_after=None
[2025-02-18T04:35:30.370+0000] {processor.py:208} INFO - Processing /home/airflow/.local/lib/python3.12/site-packages/airflow/example_dags/example_dataset_alias.py took 0.366 seconds
[2025-02-18T04:55:49.420+0000] {processor.py:186} INFO - Started process (PID=8649) to work on /home/airflow/.local/lib/python3.12/site-packages/airflow/example_dags/example_dataset_alias.py
[2025-02-18T04:55:49.421+0000] {processor.py:914} INFO - Processing file /home/airflow/.local/lib/python3.12/site-packages/airflow/example_dags/example_dataset_alias.py for tasks to queue
[2025-02-18T04:55:49.422+0000] {logging_mixin.py:190} INFO - [2025-02-18T04:55:49.421+0000] {dagbag.py:588} INFO - Filling up the DagBag from /home/airflow/.local/lib/python3.12/site-packages/airflow/example_dags/example_dataset_alias.py
[2025-02-18T04:55:49.755+0000] {processor.py:925} INFO - DAG(s) 'dataset_s3_bucket_consumer', 'dataset_s3_bucket_producer', 'dataset_alias_example_alias_consumer', 'dataset_alias_example_alias_producer' retrieved from /home/airflow/.local/lib/python3.12/site-packages/airflow/example_dags/example_dataset_alias.py
[2025-02-18T04:55:49.763+0000] {logging_mixin.py:190} INFO - [2025-02-18T04:55:49.763+0000] {dag.py:3239} INFO - Sync 4 DAGs
[2025-02-18T04:55:49.774+0000] {logging_mixin.py:190} INFO - [2025-02-18T04:55:49.774+0000] {dag.py:4180} INFO - Setting next_dagrun for dataset_alias_example_alias_consumer to None, run_after=None
[2025-02-18T04:55:49.776+0000] {logging_mixin.py:190} INFO - [2025-02-18T04:55:49.776+0000] {dag.py:4180} INFO - Setting next_dagrun for dataset_alias_example_alias_producer to None, run_after=None
[2025-02-18T04:55:49.778+0000] {logging_mixin.py:190} INFO - [2025-02-18T04:55:49.778+0000] {dag.py:4180} INFO - Setting next_dagrun for dataset_s3_bucket_consumer to None, run_after=None
[2025-02-18T04:55:49.778+0000] {logging_mixin.py:190} INFO - [2025-02-18T04:55:49.778+0000] {dag.py:4180} INFO - Setting next_dagrun for dataset_s3_bucket_producer to None, run_after=None
[2025-02-18T04:55:49.790+0000] {processor.py:208} INFO - Processing /home/airflow/.local/lib/python3.12/site-packages/airflow/example_dags/example_dataset_alias.py took 0.374 seconds
[2025-02-18T05:42:08.456+0000] {processor.py:186} INFO - Started process (PID=8713) to work on /home/airflow/.local/lib/python3.12/site-packages/airflow/example_dags/example_dataset_alias.py
[2025-02-18T05:42:08.456+0000] {processor.py:914} INFO - Processing file /home/airflow/.local/lib/python3.12/site-packages/airflow/example_dags/example_dataset_alias.py for tasks to queue
[2025-02-18T05:42:08.457+0000] {logging_mixin.py:190} INFO - [2025-02-18T05:42:08.457+0000] {dagbag.py:588} INFO - Filling up the DagBag from /home/airflow/.local/lib/python3.12/site-packages/airflow/example_dags/example_dataset_alias.py
[2025-02-18T05:42:08.833+0000] {processor.py:925} INFO - DAG(s) 'dataset_alias_example_alias_consumer', 'dataset_s3_bucket_producer', 'dataset_alias_example_alias_producer', 'dataset_s3_bucket_consumer' retrieved from /home/airflow/.local/lib/python3.12/site-packages/airflow/example_dags/example_dataset_alias.py
[2025-02-18T05:42:08.846+0000] {logging_mixin.py:190} INFO - [2025-02-18T05:42:08.846+0000] {dag.py:3239} INFO - Sync 4 DAGs
[2025-02-18T05:42:08.860+0000] {logging_mixin.py:190} INFO - [2025-02-18T05:42:08.860+0000] {dag.py:4180} INFO - Setting next_dagrun for dataset_alias_example_alias_consumer to None, run_after=None
[2025-02-18T05:42:08.862+0000] {logging_mixin.py:190} INFO - [2025-02-18T05:42:08.862+0000] {dag.py:4180} INFO - Setting next_dagrun for dataset_alias_example_alias_producer to None, run_after=None
[2025-02-18T05:42:08.866+0000] {logging_mixin.py:190} INFO - [2025-02-18T05:42:08.866+0000] {dag.py:4180} INFO - Setting next_dagrun for dataset_s3_bucket_consumer to None, run_after=None
[2025-02-18T05:42:08.867+0000] {logging_mixin.py:190} INFO - [2025-02-18T05:42:08.867+0000] {dag.py:4180} INFO - Setting next_dagrun for dataset_s3_bucket_producer to None, run_after=None
[2025-02-18T05:42:08.881+0000] {processor.py:208} INFO - Processing /home/airflow/.local/lib/python3.12/site-packages/airflow/example_dags/example_dataset_alias.py took 0.430 seconds
[2025-02-18T05:42:39.134+0000] {processor.py:186} INFO - Started process (PID=8778) to work on /home/airflow/.local/lib/python3.12/site-packages/airflow/example_dags/example_dataset_alias.py
[2025-02-18T05:42:39.135+0000] {processor.py:914} INFO - Processing file /home/airflow/.local/lib/python3.12/site-packages/airflow/example_dags/example_dataset_alias.py for tasks to queue
[2025-02-18T05:42:39.136+0000] {logging_mixin.py:190} INFO - [2025-02-18T05:42:39.135+0000] {dagbag.py:588} INFO - Filling up the DagBag from /home/airflow/.local/lib/python3.12/site-packages/airflow/example_dags/example_dataset_alias.py
[2025-02-18T05:42:39.488+0000] {processor.py:925} INFO - DAG(s) 'dataset_alias_example_alias_consumer', 'dataset_alias_example_alias_producer', 'dataset_s3_bucket_producer', 'dataset_s3_bucket_consumer' retrieved from /home/airflow/.local/lib/python3.12/site-packages/airflow/example_dags/example_dataset_alias.py
[2025-02-18T05:42:39.502+0000] {logging_mixin.py:190} INFO - [2025-02-18T05:42:39.502+0000] {dag.py:3239} INFO - Sync 4 DAGs
[2025-02-18T05:42:39.513+0000] {logging_mixin.py:190} INFO - [2025-02-18T05:42:39.513+0000] {dag.py:4180} INFO - Setting next_dagrun for dataset_alias_example_alias_consumer to None, run_after=None
[2025-02-18T05:42:39.515+0000] {logging_mixin.py:190} INFO - [2025-02-18T05:42:39.515+0000] {dag.py:4180} INFO - Setting next_dagrun for dataset_alias_example_alias_producer to None, run_after=None
[2025-02-18T05:42:39.518+0000] {logging_mixin.py:190} INFO - [2025-02-18T05:42:39.518+0000] {dag.py:4180} INFO - Setting next_dagrun for dataset_s3_bucket_consumer to None, run_after=None
[2025-02-18T05:42:39.521+0000] {logging_mixin.py:190} INFO - [2025-02-18T05:42:39.521+0000] {dag.py:4180} INFO - Setting next_dagrun for dataset_s3_bucket_producer to None, run_after=None
[2025-02-18T05:42:39.536+0000] {processor.py:208} INFO - Processing /home/airflow/.local/lib/python3.12/site-packages/airflow/example_dags/example_dataset_alias.py took 0.409 seconds
[2025-02-18T05:43:10.229+0000] {processor.py:186} INFO - Started process (PID=8841) to work on /home/airflow/.local/lib/python3.12/site-packages/airflow/example_dags/example_dataset_alias.py
[2025-02-18T05:43:10.230+0000] {processor.py:914} INFO - Processing file /home/airflow/.local/lib/python3.12/site-packages/airflow/example_dags/example_dataset_alias.py for tasks to queue
[2025-02-18T05:43:10.231+0000] {logging_mixin.py:190} INFO - [2025-02-18T05:43:10.231+0000] {dagbag.py:588} INFO - Filling up the DagBag from /home/airflow/.local/lib/python3.12/site-packages/airflow/example_dags/example_dataset_alias.py
[2025-02-18T05:43:10.538+0000] {processor.py:925} INFO - DAG(s) 'dataset_s3_bucket_producer', 'dataset_s3_bucket_consumer', 'dataset_alias_example_alias_consumer', 'dataset_alias_example_alias_producer' retrieved from /home/airflow/.local/lib/python3.12/site-packages/airflow/example_dags/example_dataset_alias.py
[2025-02-18T05:43:10.558+0000] {logging_mixin.py:190} INFO - [2025-02-18T05:43:10.558+0000] {dag.py:3239} INFO - Sync 4 DAGs
[2025-02-18T05:43:10.568+0000] {logging_mixin.py:190} INFO - [2025-02-18T05:43:10.568+0000] {dag.py:4180} INFO - Setting next_dagrun for dataset_alias_example_alias_consumer to None, run_after=None
[2025-02-18T05:43:10.569+0000] {logging_mixin.py:190} INFO - [2025-02-18T05:43:10.569+0000] {dag.py:4180} INFO - Setting next_dagrun for dataset_alias_example_alias_producer to None, run_after=None
[2025-02-18T05:43:10.570+0000] {logging_mixin.py:190} INFO - [2025-02-18T05:43:10.570+0000] {dag.py:4180} INFO - Setting next_dagrun for dataset_s3_bucket_consumer to None, run_after=None
[2025-02-18T05:43:10.570+0000] {logging_mixin.py:190} INFO - [2025-02-18T05:43:10.570+0000] {dag.py:4180} INFO - Setting next_dagrun for dataset_s3_bucket_producer to None, run_after=None
[2025-02-18T05:43:10.580+0000] {processor.py:208} INFO - Processing /home/airflow/.local/lib/python3.12/site-packages/airflow/example_dags/example_dataset_alias.py took 0.354 seconds
[2025-02-18T05:43:40.622+0000] {processor.py:186} INFO - Started process (PID=8906) to work on /home/airflow/.local/lib/python3.12/site-packages/airflow/example_dags/example_dataset_alias.py
[2025-02-18T05:43:40.623+0000] {processor.py:914} INFO - Processing file /home/airflow/.local/lib/python3.12/site-packages/airflow/example_dags/example_dataset_alias.py for tasks to queue
[2025-02-18T05:43:40.624+0000] {logging_mixin.py:190} INFO - [2025-02-18T05:43:40.623+0000] {dagbag.py:588} INFO - Filling up the DagBag from /home/airflow/.local/lib/python3.12/site-packages/airflow/example_dags/example_dataset_alias.py
[2025-02-18T05:43:40.939+0000] {processor.py:925} INFO - DAG(s) 'dataset_s3_bucket_consumer', 'dataset_alias_example_alias_producer', 'dataset_alias_example_alias_consumer', 'dataset_s3_bucket_producer' retrieved from /home/airflow/.local/lib/python3.12/site-packages/airflow/example_dags/example_dataset_alias.py
[2025-02-18T05:43:40.952+0000] {logging_mixin.py:190} INFO - [2025-02-18T05:43:40.952+0000] {dag.py:3239} INFO - Sync 4 DAGs
[2025-02-18T05:43:40.965+0000] {logging_mixin.py:190} INFO - [2025-02-18T05:43:40.965+0000] {dag.py:4180} INFO - Setting next_dagrun for dataset_alias_example_alias_consumer to None, run_after=None
[2025-02-18T05:43:40.966+0000] {logging_mixin.py:190} INFO - [2025-02-18T05:43:40.966+0000] {dag.py:4180} INFO - Setting next_dagrun for dataset_alias_example_alias_producer to None, run_after=None
[2025-02-18T05:43:40.967+0000] {logging_mixin.py:190} INFO - [2025-02-18T05:43:40.967+0000] {dag.py:4180} INFO - Setting next_dagrun for dataset_s3_bucket_consumer to None, run_after=None
[2025-02-18T05:43:40.968+0000] {logging_mixin.py:190} INFO - [2025-02-18T05:43:40.967+0000] {dag.py:4180} INFO - Setting next_dagrun for dataset_s3_bucket_producer to None, run_after=None
[2025-02-18T05:43:40.979+0000] {processor.py:208} INFO - Processing /home/airflow/.local/lib/python3.12/site-packages/airflow/example_dags/example_dataset_alias.py took 0.360 seconds
[2025-02-18T05:44:11.222+0000] {processor.py:186} INFO - Started process (PID=8970) to work on /home/airflow/.local/lib/python3.12/site-packages/airflow/example_dags/example_dataset_alias.py
[2025-02-18T05:44:11.224+0000] {processor.py:914} INFO - Processing file /home/airflow/.local/lib/python3.12/site-packages/airflow/example_dags/example_dataset_alias.py for tasks to queue
[2025-02-18T05:44:11.226+0000] {logging_mixin.py:190} INFO - [2025-02-18T05:44:11.225+0000] {dagbag.py:588} INFO - Filling up the DagBag from /home/airflow/.local/lib/python3.12/site-packages/airflow/example_dags/example_dataset_alias.py
[2025-02-18T05:44:11.574+0000] {processor.py:925} INFO - DAG(s) 'dataset_s3_bucket_producer', 'dataset_s3_bucket_consumer', 'dataset_alias_example_alias_producer', 'dataset_alias_example_alias_consumer' retrieved from /home/airflow/.local/lib/python3.12/site-packages/airflow/example_dags/example_dataset_alias.py
[2025-02-18T05:44:11.586+0000] {logging_mixin.py:190} INFO - [2025-02-18T05:44:11.586+0000] {dag.py:3239} INFO - Sync 4 DAGs
[2025-02-18T05:44:11.599+0000] {logging_mixin.py:190} INFO - [2025-02-18T05:44:11.599+0000] {dag.py:4180} INFO - Setting next_dagrun for dataset_alias_example_alias_consumer to None, run_after=None
[2025-02-18T05:44:11.601+0000] {logging_mixin.py:190} INFO - [2025-02-18T05:44:11.601+0000] {dag.py:4180} INFO - Setting next_dagrun for dataset_alias_example_alias_producer to None, run_after=None
[2025-02-18T05:44:11.602+0000] {logging_mixin.py:190} INFO - [2025-02-18T05:44:11.602+0000] {dag.py:4180} INFO - Setting next_dagrun for dataset_s3_bucket_consumer to None, run_after=None
[2025-02-18T05:44:11.605+0000] {logging_mixin.py:190} INFO - [2025-02-18T05:44:11.605+0000] {dag.py:4180} INFO - Setting next_dagrun for dataset_s3_bucket_producer to None, run_after=None
[2025-02-18T05:44:11.619+0000] {processor.py:208} INFO - Processing /home/airflow/.local/lib/python3.12/site-packages/airflow/example_dags/example_dataset_alias.py took 0.400 seconds
[2025-02-18T05:44:42.233+0000] {processor.py:186} INFO - Started process (PID=9034) to work on /home/airflow/.local/lib/python3.12/site-packages/airflow/example_dags/example_dataset_alias.py
[2025-02-18T05:44:42.236+0000] {processor.py:914} INFO - Processing file /home/airflow/.local/lib/python3.12/site-packages/airflow/example_dags/example_dataset_alias.py for tasks to queue
[2025-02-18T05:44:42.237+0000] {logging_mixin.py:190} INFO - [2025-02-18T05:44:42.237+0000] {dagbag.py:588} INFO - Filling up the DagBag from /home/airflow/.local/lib/python3.12/site-packages/airflow/example_dags/example_dataset_alias.py
[2025-02-18T05:44:42.571+0000] {processor.py:925} INFO - DAG(s) 'dataset_s3_bucket_producer', 'dataset_alias_example_alias_consumer', 'dataset_alias_example_alias_producer', 'dataset_s3_bucket_consumer' retrieved from /home/airflow/.local/lib/python3.12/site-packages/airflow/example_dags/example_dataset_alias.py
[2025-02-18T05:44:42.584+0000] {logging_mixin.py:190} INFO - [2025-02-18T05:44:42.584+0000] {dag.py:3239} INFO - Sync 4 DAGs
[2025-02-18T05:44:42.594+0000] {logging_mixin.py:190} INFO - [2025-02-18T05:44:42.594+0000] {dag.py:4180} INFO - Setting next_dagrun for dataset_alias_example_alias_consumer to None, run_after=None
[2025-02-18T05:44:42.596+0000] {logging_mixin.py:190} INFO - [2025-02-18T05:44:42.595+0000] {dag.py:4180} INFO - Setting next_dagrun for dataset_alias_example_alias_producer to None, run_after=None
[2025-02-18T05:44:42.597+0000] {logging_mixin.py:190} INFO - [2025-02-18T05:44:42.597+0000] {dag.py:4180} INFO - Setting next_dagrun for dataset_s3_bucket_consumer to None, run_after=None
[2025-02-18T05:44:42.598+0000] {logging_mixin.py:190} INFO - [2025-02-18T05:44:42.598+0000] {dag.py:4180} INFO - Setting next_dagrun for dataset_s3_bucket_producer to None, run_after=None
[2025-02-18T05:44:42.612+0000] {processor.py:208} INFO - Processing /home/airflow/.local/lib/python3.12/site-packages/airflow/example_dags/example_dataset_alias.py took 0.384 seconds
[2025-02-18T05:45:12.783+0000] {processor.py:186} INFO - Started process (PID=9098) to work on /home/airflow/.local/lib/python3.12/site-packages/airflow/example_dags/example_dataset_alias.py
[2025-02-18T05:45:12.783+0000] {processor.py:914} INFO - Processing file /home/airflow/.local/lib/python3.12/site-packages/airflow/example_dags/example_dataset_alias.py for tasks to queue
[2025-02-18T05:45:12.784+0000] {logging_mixin.py:190} INFO - [2025-02-18T05:45:12.784+0000] {dagbag.py:588} INFO - Filling up the DagBag from /home/airflow/.local/lib/python3.12/site-packages/airflow/example_dags/example_dataset_alias.py
[2025-02-18T05:45:13.120+0000] {processor.py:925} INFO - DAG(s) 'dataset_alias_example_alias_consumer', 'dataset_alias_example_alias_producer', 'dataset_s3_bucket_consumer', 'dataset_s3_bucket_producer' retrieved from /home/airflow/.local/lib/python3.12/site-packages/airflow/example_dags/example_dataset_alias.py
[2025-02-18T05:45:13.133+0000] {logging_mixin.py:190} INFO - [2025-02-18T05:45:13.133+0000] {dag.py:3239} INFO - Sync 4 DAGs
[2025-02-18T05:45:13.145+0000] {logging_mixin.py:190} INFO - [2025-02-18T05:45:13.145+0000] {dag.py:4180} INFO - Setting next_dagrun for dataset_alias_example_alias_consumer to None, run_after=None
[2025-02-18T05:45:13.147+0000] {logging_mixin.py:190} INFO - [2025-02-18T05:45:13.147+0000] {dag.py:4180} INFO - Setting next_dagrun for dataset_alias_example_alias_producer to None, run_after=None
[2025-02-18T05:45:13.148+0000] {logging_mixin.py:190} INFO - [2025-02-18T05:45:13.148+0000] {dag.py:4180} INFO - Setting next_dagrun for dataset_s3_bucket_consumer to None, run_after=None
[2025-02-18T05:45:13.149+0000] {logging_mixin.py:190} INFO - [2025-02-18T05:45:13.149+0000] {dag.py:4180} INFO - Setting next_dagrun for dataset_s3_bucket_producer to None, run_after=None
[2025-02-18T05:45:13.166+0000] {processor.py:208} INFO - Processing /home/airflow/.local/lib/python3.12/site-packages/airflow/example_dags/example_dataset_alias.py took 0.386 seconds
[2025-02-18T05:45:44.008+0000] {processor.py:186} INFO - Started process (PID=9162) to work on /home/airflow/.local/lib/python3.12/site-packages/airflow/example_dags/example_dataset_alias.py
[2025-02-18T05:45:44.009+0000] {processor.py:914} INFO - Processing file /home/airflow/.local/lib/python3.12/site-packages/airflow/example_dags/example_dataset_alias.py for tasks to queue
[2025-02-18T05:45:44.010+0000] {logging_mixin.py:190} INFO - [2025-02-18T05:45:44.010+0000] {dagbag.py:588} INFO - Filling up the DagBag from /home/airflow/.local/lib/python3.12/site-packages/airflow/example_dags/example_dataset_alias.py
[2025-02-18T05:45:44.322+0000] {processor.py:925} INFO - DAG(s) 'dataset_s3_bucket_producer', 'dataset_alias_example_alias_producer', 'dataset_s3_bucket_consumer', 'dataset_alias_example_alias_consumer' retrieved from /home/airflow/.local/lib/python3.12/site-packages/airflow/example_dags/example_dataset_alias.py
[2025-02-18T05:45:44.334+0000] {logging_mixin.py:190} INFO - [2025-02-18T05:45:44.334+0000] {dag.py:3239} INFO - Sync 4 DAGs
[2025-02-18T05:45:44.343+0000] {logging_mixin.py:190} INFO - [2025-02-18T05:45:44.343+0000] {dag.py:4180} INFO - Setting next_dagrun for dataset_alias_example_alias_consumer to None, run_after=None
[2025-02-18T05:45:44.345+0000] {logging_mixin.py:190} INFO - [2025-02-18T05:45:44.345+0000] {dag.py:4180} INFO - Setting next_dagrun for dataset_alias_example_alias_producer to None, run_after=None
[2025-02-18T05:45:44.346+0000] {logging_mixin.py:190} INFO - [2025-02-18T05:45:44.345+0000] {dag.py:4180} INFO - Setting next_dagrun for dataset_s3_bucket_consumer to None, run_after=None
[2025-02-18T05:45:44.346+0000] {logging_mixin.py:190} INFO - [2025-02-18T05:45:44.346+0000] {dag.py:4180} INFO - Setting next_dagrun for dataset_s3_bucket_producer to None, run_after=None
[2025-02-18T05:45:44.357+0000] {processor.py:208} INFO - Processing /home/airflow/.local/lib/python3.12/site-packages/airflow/example_dags/example_dataset_alias.py took 0.353 seconds
[2025-02-18T05:46:15.442+0000] {processor.py:186} INFO - Started process (PID=9226) to work on /home/airflow/.local/lib/python3.12/site-packages/airflow/example_dags/example_dataset_alias.py
[2025-02-18T05:46:15.443+0000] {processor.py:914} INFO - Processing file /home/airflow/.local/lib/python3.12/site-packages/airflow/example_dags/example_dataset_alias.py for tasks to queue
[2025-02-18T05:46:15.444+0000] {logging_mixin.py:190} INFO - [2025-02-18T05:46:15.444+0000] {dagbag.py:588} INFO - Filling up the DagBag from /home/airflow/.local/lib/python3.12/site-packages/airflow/example_dags/example_dataset_alias.py
[2025-02-18T05:46:15.765+0000] {processor.py:925} INFO - DAG(s) 'dataset_s3_bucket_consumer', 'dataset_alias_example_alias_producer', 'dataset_s3_bucket_producer', 'dataset_alias_example_alias_consumer' retrieved from /home/airflow/.local/lib/python3.12/site-packages/airflow/example_dags/example_dataset_alias.py
[2025-02-18T05:46:15.777+0000] {logging_mixin.py:190} INFO - [2025-02-18T05:46:15.777+0000] {dag.py:3239} INFO - Sync 4 DAGs
[2025-02-18T05:46:15.789+0000] {logging_mixin.py:190} INFO - [2025-02-18T05:46:15.789+0000] {dag.py:4180} INFO - Setting next_dagrun for dataset_alias_example_alias_consumer to None, run_after=None
[2025-02-18T05:46:15.791+0000] {logging_mixin.py:190} INFO - [2025-02-18T05:46:15.791+0000] {dag.py:4180} INFO - Setting next_dagrun for dataset_alias_example_alias_producer to None, run_after=None
[2025-02-18T05:46:15.792+0000] {logging_mixin.py:190} INFO - [2025-02-18T05:46:15.792+0000] {dag.py:4180} INFO - Setting next_dagrun for dataset_s3_bucket_consumer to None, run_after=None
[2025-02-18T05:46:15.793+0000] {logging_mixin.py:190} INFO - [2025-02-18T05:46:15.793+0000] {dag.py:4180} INFO - Setting next_dagrun for dataset_s3_bucket_producer to None, run_after=None
[2025-02-18T05:46:15.806+0000] {processor.py:208} INFO - Processing /home/airflow/.local/lib/python3.12/site-packages/airflow/example_dags/example_dataset_alias.py took 0.367 seconds
[2025-02-18T05:46:47.021+0000] {processor.py:186} INFO - Started process (PID=9290) to work on /home/airflow/.local/lib/python3.12/site-packages/airflow/example_dags/example_dataset_alias.py
[2025-02-18T05:46:47.023+0000] {processor.py:914} INFO - Processing file /home/airflow/.local/lib/python3.12/site-packages/airflow/example_dags/example_dataset_alias.py for tasks to queue
[2025-02-18T05:46:47.024+0000] {logging_mixin.py:190} INFO - [2025-02-18T05:46:47.024+0000] {dagbag.py:588} INFO - Filling up the DagBag from /home/airflow/.local/lib/python3.12/site-packages/airflow/example_dags/example_dataset_alias.py
[2025-02-18T05:46:47.385+0000] {processor.py:925} INFO - DAG(s) 'dataset_s3_bucket_producer', 'dataset_alias_example_alias_producer', 'dataset_alias_example_alias_consumer', 'dataset_s3_bucket_consumer' retrieved from /home/airflow/.local/lib/python3.12/site-packages/airflow/example_dags/example_dataset_alias.py
[2025-02-18T05:46:47.395+0000] {logging_mixin.py:190} INFO - [2025-02-18T05:46:47.394+0000] {dag.py:3239} INFO - Sync 4 DAGs
[2025-02-18T05:46:47.406+0000] {logging_mixin.py:190} INFO - [2025-02-18T05:46:47.406+0000] {dag.py:4180} INFO - Setting next_dagrun for dataset_alias_example_alias_consumer to None, run_after=None
[2025-02-18T05:46:47.408+0000] {logging_mixin.py:190} INFO - [2025-02-18T05:46:47.408+0000] {dag.py:4180} INFO - Setting next_dagrun for dataset_alias_example_alias_producer to None, run_after=None
[2025-02-18T05:46:47.408+0000] {logging_mixin.py:190} INFO - [2025-02-18T05:46:47.408+0000] {dag.py:4180} INFO - Setting next_dagrun for dataset_s3_bucket_consumer to None, run_after=None
[2025-02-18T05:46:47.409+0000] {logging_mixin.py:190} INFO - [2025-02-18T05:46:47.409+0000] {dag.py:4180} INFO - Setting next_dagrun for dataset_s3_bucket_producer to None, run_after=None
[2025-02-18T05:46:47.419+0000] {processor.py:208} INFO - Processing /home/airflow/.local/lib/python3.12/site-packages/airflow/example_dags/example_dataset_alias.py took 0.402 seconds
[2025-02-18T05:47:18.325+0000] {processor.py:186} INFO - Started process (PID=9354) to work on /home/airflow/.local/lib/python3.12/site-packages/airflow/example_dags/example_dataset_alias.py
[2025-02-18T05:47:18.326+0000] {processor.py:914} INFO - Processing file /home/airflow/.local/lib/python3.12/site-packages/airflow/example_dags/example_dataset_alias.py for tasks to queue
[2025-02-18T05:47:18.327+0000] {logging_mixin.py:190} INFO - [2025-02-18T05:47:18.327+0000] {dagbag.py:588} INFO - Filling up the DagBag from /home/airflow/.local/lib/python3.12/site-packages/airflow/example_dags/example_dataset_alias.py
[2025-02-18T05:47:18.690+0000] {processor.py:925} INFO - DAG(s) 'dataset_s3_bucket_consumer', 'dataset_alias_example_alias_producer', 'dataset_alias_example_alias_consumer', 'dataset_s3_bucket_producer' retrieved from /home/airflow/.local/lib/python3.12/site-packages/airflow/example_dags/example_dataset_alias.py
[2025-02-18T05:47:18.711+0000] {logging_mixin.py:190} INFO - [2025-02-18T05:47:18.711+0000] {dag.py:3239} INFO - Sync 4 DAGs
[2025-02-18T05:47:18.727+0000] {logging_mixin.py:190} INFO - [2025-02-18T05:47:18.727+0000] {dag.py:4180} INFO - Setting next_dagrun for dataset_alias_example_alias_consumer to None, run_after=None
[2025-02-18T05:47:18.729+0000] {logging_mixin.py:190} INFO - [2025-02-18T05:47:18.729+0000] {dag.py:4180} INFO - Setting next_dagrun for dataset_alias_example_alias_producer to None, run_after=None
[2025-02-18T05:47:18.730+0000] {logging_mixin.py:190} INFO - [2025-02-18T05:47:18.730+0000] {dag.py:4180} INFO - Setting next_dagrun for dataset_s3_bucket_consumer to None, run_after=None
[2025-02-18T05:47:18.731+0000] {logging_mixin.py:190} INFO - [2025-02-18T05:47:18.731+0000] {dag.py:4180} INFO - Setting next_dagrun for dataset_s3_bucket_producer to None, run_after=None
[2025-02-18T05:47:18.746+0000] {processor.py:208} INFO - Processing /home/airflow/.local/lib/python3.12/site-packages/airflow/example_dags/example_dataset_alias.py took 0.425 seconds
[2025-02-18T05:47:49.387+0000] {processor.py:186} INFO - Started process (PID=9418) to work on /home/airflow/.local/lib/python3.12/site-packages/airflow/example_dags/example_dataset_alias.py
[2025-02-18T05:47:49.387+0000] {processor.py:914} INFO - Processing file /home/airflow/.local/lib/python3.12/site-packages/airflow/example_dags/example_dataset_alias.py for tasks to queue
[2025-02-18T05:47:49.388+0000] {logging_mixin.py:190} INFO - [2025-02-18T05:47:49.388+0000] {dagbag.py:588} INFO - Filling up the DagBag from /home/airflow/.local/lib/python3.12/site-packages/airflow/example_dags/example_dataset_alias.py
[2025-02-18T05:47:49.698+0000] {processor.py:925} INFO - DAG(s) 'dataset_alias_example_alias_producer', 'dataset_s3_bucket_consumer', 'dataset_alias_example_alias_consumer', 'dataset_s3_bucket_producer' retrieved from /home/airflow/.local/lib/python3.12/site-packages/airflow/example_dags/example_dataset_alias.py
[2025-02-18T05:47:49.711+0000] {logging_mixin.py:190} INFO - [2025-02-18T05:47:49.711+0000] {dag.py:3239} INFO - Sync 4 DAGs
[2025-02-18T05:47:49.724+0000] {logging_mixin.py:190} INFO - [2025-02-18T05:47:49.723+0000] {dag.py:4180} INFO - Setting next_dagrun for dataset_alias_example_alias_consumer to None, run_after=None
[2025-02-18T05:47:49.725+0000] {logging_mixin.py:190} INFO - [2025-02-18T05:47:49.725+0000] {dag.py:4180} INFO - Setting next_dagrun for dataset_alias_example_alias_producer to None, run_after=None
[2025-02-18T05:47:49.726+0000] {logging_mixin.py:190} INFO - [2025-02-18T05:47:49.726+0000] {dag.py:4180} INFO - Setting next_dagrun for dataset_s3_bucket_consumer to None, run_after=None
[2025-02-18T05:47:49.727+0000] {logging_mixin.py:190} INFO - [2025-02-18T05:47:49.727+0000] {dag.py:4180} INFO - Setting next_dagrun for dataset_s3_bucket_producer to None, run_after=None
[2025-02-18T05:47:49.738+0000] {processor.py:208} INFO - Processing /home/airflow/.local/lib/python3.12/site-packages/airflow/example_dags/example_dataset_alias.py took 0.355 seconds
[2025-02-18T05:48:20.822+0000] {processor.py:186} INFO - Started process (PID=9482) to work on /home/airflow/.local/lib/python3.12/site-packages/airflow/example_dags/example_dataset_alias.py
[2025-02-18T05:48:20.823+0000] {processor.py:914} INFO - Processing file /home/airflow/.local/lib/python3.12/site-packages/airflow/example_dags/example_dataset_alias.py for tasks to queue
[2025-02-18T05:48:20.824+0000] {logging_mixin.py:190} INFO - [2025-02-18T05:48:20.824+0000] {dagbag.py:588} INFO - Filling up the DagBag from /home/airflow/.local/lib/python3.12/site-packages/airflow/example_dags/example_dataset_alias.py
[2025-02-18T05:48:21.139+0000] {processor.py:925} INFO - DAG(s) 'dataset_s3_bucket_consumer', 'dataset_alias_example_alias_producer', 'dataset_s3_bucket_producer', 'dataset_alias_example_alias_consumer' retrieved from /home/airflow/.local/lib/python3.12/site-packages/airflow/example_dags/example_dataset_alias.py
[2025-02-18T05:48:21.153+0000] {logging_mixin.py:190} INFO - [2025-02-18T05:48:21.153+0000] {dag.py:3239} INFO - Sync 4 DAGs
[2025-02-18T05:48:21.165+0000] {logging_mixin.py:190} INFO - [2025-02-18T05:48:21.165+0000] {dag.py:4180} INFO - Setting next_dagrun for dataset_alias_example_alias_consumer to None, run_after=None
[2025-02-18T05:48:21.167+0000] {logging_mixin.py:190} INFO - [2025-02-18T05:48:21.167+0000] {dag.py:4180} INFO - Setting next_dagrun for dataset_alias_example_alias_producer to None, run_after=None
[2025-02-18T05:48:21.169+0000] {logging_mixin.py:190} INFO - [2025-02-18T05:48:21.169+0000] {dag.py:4180} INFO - Setting next_dagrun for dataset_s3_bucket_consumer to None, run_after=None
[2025-02-18T05:48:21.172+0000] {logging_mixin.py:190} INFO - [2025-02-18T05:48:21.172+0000] {dag.py:4180} INFO - Setting next_dagrun for dataset_s3_bucket_producer to None, run_after=None
[2025-02-18T05:48:21.184+0000] {processor.py:208} INFO - Processing /home/airflow/.local/lib/python3.12/site-packages/airflow/example_dags/example_dataset_alias.py took 0.365 seconds
[2025-02-18T05:48:51.815+0000] {processor.py:186} INFO - Started process (PID=9546) to work on /home/airflow/.local/lib/python3.12/site-packages/airflow/example_dags/example_dataset_alias.py
[2025-02-18T05:48:51.816+0000] {processor.py:914} INFO - Processing file /home/airflow/.local/lib/python3.12/site-packages/airflow/example_dags/example_dataset_alias.py for tasks to queue
[2025-02-18T05:48:51.817+0000] {logging_mixin.py:190} INFO - [2025-02-18T05:48:51.817+0000] {dagbag.py:588} INFO - Filling up the DagBag from /home/airflow/.local/lib/python3.12/site-packages/airflow/example_dags/example_dataset_alias.py
[2025-02-18T05:48:52.128+0000] {processor.py:925} INFO - DAG(s) 'dataset_alias_example_alias_consumer', 'dataset_s3_bucket_producer', 'dataset_alias_example_alias_producer', 'dataset_s3_bucket_consumer' retrieved from /home/airflow/.local/lib/python3.12/site-packages/airflow/example_dags/example_dataset_alias.py
[2025-02-18T05:48:52.140+0000] {logging_mixin.py:190} INFO - [2025-02-18T05:48:52.140+0000] {dag.py:3239} INFO - Sync 4 DAGs
[2025-02-18T05:48:52.152+0000] {logging_mixin.py:190} INFO - [2025-02-18T05:48:52.152+0000] {dag.py:4180} INFO - Setting next_dagrun for dataset_alias_example_alias_consumer to None, run_after=None
[2025-02-18T05:48:52.154+0000] {logging_mixin.py:190} INFO - [2025-02-18T05:48:52.154+0000] {dag.py:4180} INFO - Setting next_dagrun for dataset_alias_example_alias_producer to None, run_after=None
[2025-02-18T05:48:52.155+0000] {logging_mixin.py:190} INFO - [2025-02-18T05:48:52.155+0000] {dag.py:4180} INFO - Setting next_dagrun for dataset_s3_bucket_consumer to None, run_after=None
[2025-02-18T05:48:52.156+0000] {logging_mixin.py:190} INFO - [2025-02-18T05:48:52.156+0000] {dag.py:4180} INFO - Setting next_dagrun for dataset_s3_bucket_producer to None, run_after=None
[2025-02-18T05:48:52.169+0000] {processor.py:208} INFO - Processing /home/airflow/.local/lib/python3.12/site-packages/airflow/example_dags/example_dataset_alias.py took 0.357 seconds
[2025-02-18T05:49:22.840+0000] {processor.py:186} INFO - Started process (PID=9610) to work on /home/airflow/.local/lib/python3.12/site-packages/airflow/example_dags/example_dataset_alias.py
[2025-02-18T05:49:22.841+0000] {processor.py:914} INFO - Processing file /home/airflow/.local/lib/python3.12/site-packages/airflow/example_dags/example_dataset_alias.py for tasks to queue
[2025-02-18T05:49:22.841+0000] {logging_mixin.py:190} INFO - [2025-02-18T05:49:22.841+0000] {dagbag.py:588} INFO - Filling up the DagBag from /home/airflow/.local/lib/python3.12/site-packages/airflow/example_dags/example_dataset_alias.py
[2025-02-18T05:49:23.143+0000] {processor.py:925} INFO - DAG(s) 'dataset_alias_example_alias_producer', 'dataset_s3_bucket_consumer', 'dataset_alias_example_alias_consumer', 'dataset_s3_bucket_producer' retrieved from /home/airflow/.local/lib/python3.12/site-packages/airflow/example_dags/example_dataset_alias.py
[2025-02-18T05:49:23.158+0000] {logging_mixin.py:190} INFO - [2025-02-18T05:49:23.158+0000] {dag.py:3239} INFO - Sync 4 DAGs
[2025-02-18T05:49:23.170+0000] {logging_mixin.py:190} INFO - [2025-02-18T05:49:23.169+0000] {dag.py:4180} INFO - Setting next_dagrun for dataset_alias_example_alias_consumer to None, run_after=None
[2025-02-18T05:49:23.171+0000] {logging_mixin.py:190} INFO - [2025-02-18T05:49:23.171+0000] {dag.py:4180} INFO - Setting next_dagrun for dataset_alias_example_alias_producer to None, run_after=None
[2025-02-18T05:49:23.172+0000] {logging_mixin.py:190} INFO - [2025-02-18T05:49:23.172+0000] {dag.py:4180} INFO - Setting next_dagrun for dataset_s3_bucket_consumer to None, run_after=None
[2025-02-18T05:49:23.173+0000] {logging_mixin.py:190} INFO - [2025-02-18T05:49:23.173+0000] {dag.py:4180} INFO - Setting next_dagrun for dataset_s3_bucket_producer to None, run_after=None
[2025-02-18T05:49:23.184+0000] {processor.py:208} INFO - Processing /home/airflow/.local/lib/python3.12/site-packages/airflow/example_dags/example_dataset_alias.py took 0.348 seconds
[2025-02-18T05:49:54.104+0000] {processor.py:186} INFO - Started process (PID=9674) to work on /home/airflow/.local/lib/python3.12/site-packages/airflow/example_dags/example_dataset_alias.py
[2025-02-18T05:49:54.105+0000] {processor.py:914} INFO - Processing file /home/airflow/.local/lib/python3.12/site-packages/airflow/example_dags/example_dataset_alias.py for tasks to queue
[2025-02-18T05:49:54.105+0000] {logging_mixin.py:190} INFO - [2025-02-18T05:49:54.105+0000] {dagbag.py:588} INFO - Filling up the DagBag from /home/airflow/.local/lib/python3.12/site-packages/airflow/example_dags/example_dataset_alias.py
[2025-02-18T05:49:54.429+0000] {processor.py:925} INFO - DAG(s) 'dataset_s3_bucket_producer', 'dataset_s3_bucket_consumer', 'dataset_alias_example_alias_producer', 'dataset_alias_example_alias_consumer' retrieved from /home/airflow/.local/lib/python3.12/site-packages/airflow/example_dags/example_dataset_alias.py
[2025-02-18T05:49:54.449+0000] {logging_mixin.py:190} INFO - [2025-02-18T05:49:54.449+0000] {dag.py:3239} INFO - Sync 4 DAGs
[2025-02-18T05:49:54.463+0000] {logging_mixin.py:190} INFO - [2025-02-18T05:49:54.463+0000] {dag.py:4180} INFO - Setting next_dagrun for dataset_alias_example_alias_consumer to None, run_after=None
[2025-02-18T05:49:54.465+0000] {logging_mixin.py:190} INFO - [2025-02-18T05:49:54.465+0000] {dag.py:4180} INFO - Setting next_dagrun for dataset_alias_example_alias_producer to None, run_after=None
[2025-02-18T05:49:54.466+0000] {logging_mixin.py:190} INFO - [2025-02-18T05:49:54.466+0000] {dag.py:4180} INFO - Setting next_dagrun for dataset_s3_bucket_consumer to None, run_after=None
[2025-02-18T05:49:54.467+0000] {logging_mixin.py:190} INFO - [2025-02-18T05:49:54.467+0000] {dag.py:4180} INFO - Setting next_dagrun for dataset_s3_bucket_producer to None, run_after=None
[2025-02-18T05:49:54.479+0000] {processor.py:208} INFO - Processing /home/airflow/.local/lib/python3.12/site-packages/airflow/example_dags/example_dataset_alias.py took 0.379 seconds
[2025-02-18T05:50:25.276+0000] {processor.py:186} INFO - Started process (PID=9738) to work on /home/airflow/.local/lib/python3.12/site-packages/airflow/example_dags/example_dataset_alias.py
[2025-02-18T05:50:25.278+0000] {processor.py:914} INFO - Processing file /home/airflow/.local/lib/python3.12/site-packages/airflow/example_dags/example_dataset_alias.py for tasks to queue
[2025-02-18T05:50:25.278+0000] {logging_mixin.py:190} INFO - [2025-02-18T05:50:25.278+0000] {dagbag.py:588} INFO - Filling up the DagBag from /home/airflow/.local/lib/python3.12/site-packages/airflow/example_dags/example_dataset_alias.py
[2025-02-18T05:50:25.602+0000] {processor.py:925} INFO - DAG(s) 'dataset_alias_example_alias_consumer', 'dataset_s3_bucket_consumer', 'dataset_s3_bucket_producer', 'dataset_alias_example_alias_producer' retrieved from /home/airflow/.local/lib/python3.12/site-packages/airflow/example_dags/example_dataset_alias.py
[2025-02-18T05:50:25.618+0000] {logging_mixin.py:190} INFO - [2025-02-18T05:50:25.617+0000] {dag.py:3239} INFO - Sync 4 DAGs
[2025-02-18T05:50:25.628+0000] {logging_mixin.py:190} INFO - [2025-02-18T05:50:25.628+0000] {dag.py:4180} INFO - Setting next_dagrun for dataset_alias_example_alias_consumer to None, run_after=None
[2025-02-18T05:50:25.630+0000] {logging_mixin.py:190} INFO - [2025-02-18T05:50:25.630+0000] {dag.py:4180} INFO - Setting next_dagrun for dataset_alias_example_alias_producer to None, run_after=None
[2025-02-18T05:50:25.630+0000] {logging_mixin.py:190} INFO - [2025-02-18T05:50:25.630+0000] {dag.py:4180} INFO - Setting next_dagrun for dataset_s3_bucket_consumer to None, run_after=None
[2025-02-18T05:50:25.631+0000] {logging_mixin.py:190} INFO - [2025-02-18T05:50:25.631+0000] {dag.py:4180} INFO - Setting next_dagrun for dataset_s3_bucket_producer to None, run_after=None
[2025-02-18T05:50:25.642+0000] {processor.py:208} INFO - Processing /home/airflow/.local/lib/python3.12/site-packages/airflow/example_dags/example_dataset_alias.py took 0.369 seconds
[2025-02-18T05:50:56.741+0000] {processor.py:186} INFO - Started process (PID=9803) to work on /home/airflow/.local/lib/python3.12/site-packages/airflow/example_dags/example_dataset_alias.py
[2025-02-18T05:50:56.743+0000] {processor.py:914} INFO - Processing file /home/airflow/.local/lib/python3.12/site-packages/airflow/example_dags/example_dataset_alias.py for tasks to queue
[2025-02-18T05:50:56.743+0000] {logging_mixin.py:190} INFO - [2025-02-18T05:50:56.743+0000] {dagbag.py:588} INFO - Filling up the DagBag from /home/airflow/.local/lib/python3.12/site-packages/airflow/example_dags/example_dataset_alias.py
[2025-02-18T05:50:57.053+0000] {processor.py:925} INFO - DAG(s) 'dataset_alias_example_alias_consumer', 'dataset_alias_example_alias_producer', 'dataset_s3_bucket_consumer', 'dataset_s3_bucket_producer' retrieved from /home/airflow/.local/lib/python3.12/site-packages/airflow/example_dags/example_dataset_alias.py
[2025-02-18T05:50:57.073+0000] {logging_mixin.py:190} INFO - [2025-02-18T05:50:57.073+0000] {dag.py:3239} INFO - Sync 4 DAGs
[2025-02-18T05:50:57.084+0000] {logging_mixin.py:190} INFO - [2025-02-18T05:50:57.084+0000] {dag.py:4180} INFO - Setting next_dagrun for dataset_alias_example_alias_consumer to None, run_after=None
[2025-02-18T05:50:57.086+0000] {logging_mixin.py:190} INFO - [2025-02-18T05:50:57.086+0000] {dag.py:4180} INFO - Setting next_dagrun for dataset_alias_example_alias_producer to None, run_after=None
[2025-02-18T05:50:57.087+0000] {logging_mixin.py:190} INFO - [2025-02-18T05:50:57.087+0000] {dag.py:4180} INFO - Setting next_dagrun for dataset_s3_bucket_consumer to None, run_after=None
[2025-02-18T05:50:57.087+0000] {logging_mixin.py:190} INFO - [2025-02-18T05:50:57.087+0000] {dag.py:4180} INFO - Setting next_dagrun for dataset_s3_bucket_producer to None, run_after=None
[2025-02-18T05:50:57.099+0000] {processor.py:208} INFO - Processing /home/airflow/.local/lib/python3.12/site-packages/airflow/example_dags/example_dataset_alias.py took 0.360 seconds
[2025-02-18T05:51:28.129+0000] {processor.py:186} INFO - Started process (PID=9867) to work on /home/airflow/.local/lib/python3.12/site-packages/airflow/example_dags/example_dataset_alias.py
[2025-02-18T05:51:28.130+0000] {processor.py:914} INFO - Processing file /home/airflow/.local/lib/python3.12/site-packages/airflow/example_dags/example_dataset_alias.py for tasks to queue
[2025-02-18T05:51:28.134+0000] {logging_mixin.py:190} INFO - [2025-02-18T05:51:28.134+0000] {dagbag.py:588} INFO - Filling up the DagBag from /home/airflow/.local/lib/python3.12/site-packages/airflow/example_dags/example_dataset_alias.py
[2025-02-18T05:51:28.467+0000] {processor.py:925} INFO - DAG(s) 'dataset_alias_example_alias_consumer', 'dataset_s3_bucket_consumer', 'dataset_alias_example_alias_producer', 'dataset_s3_bucket_producer' retrieved from /home/airflow/.local/lib/python3.12/site-packages/airflow/example_dags/example_dataset_alias.py
[2025-02-18T05:51:28.478+0000] {logging_mixin.py:190} INFO - [2025-02-18T05:51:28.477+0000] {dag.py:3239} INFO - Sync 4 DAGs
[2025-02-18T05:51:28.489+0000] {logging_mixin.py:190} INFO - [2025-02-18T05:51:28.488+0000] {dag.py:4180} INFO - Setting next_dagrun for dataset_alias_example_alias_consumer to None, run_after=None
[2025-02-18T05:51:28.490+0000] {logging_mixin.py:190} INFO - [2025-02-18T05:51:28.490+0000] {dag.py:4180} INFO - Setting next_dagrun for dataset_alias_example_alias_producer to None, run_after=None
[2025-02-18T05:51:28.491+0000] {logging_mixin.py:190} INFO - [2025-02-18T05:51:28.491+0000] {dag.py:4180} INFO - Setting next_dagrun for dataset_s3_bucket_consumer to None, run_after=None
[2025-02-18T05:51:28.492+0000] {logging_mixin.py:190} INFO - [2025-02-18T05:51:28.491+0000] {dag.py:4180} INFO - Setting next_dagrun for dataset_s3_bucket_producer to None, run_after=None
[2025-02-18T05:51:28.501+0000] {processor.py:208} INFO - Processing /home/airflow/.local/lib/python3.12/site-packages/airflow/example_dags/example_dataset_alias.py took 0.376 seconds
[2025-02-18T05:51:59.802+0000] {processor.py:186} INFO - Started process (PID=9931) to work on /home/airflow/.local/lib/python3.12/site-packages/airflow/example_dags/example_dataset_alias.py
[2025-02-18T05:51:59.804+0000] {processor.py:914} INFO - Processing file /home/airflow/.local/lib/python3.12/site-packages/airflow/example_dags/example_dataset_alias.py for tasks to queue
[2025-02-18T05:51:59.804+0000] {logging_mixin.py:190} INFO - [2025-02-18T05:51:59.804+0000] {dagbag.py:588} INFO - Filling up the DagBag from /home/airflow/.local/lib/python3.12/site-packages/airflow/example_dags/example_dataset_alias.py
[2025-02-18T05:52:00.200+0000] {processor.py:925} INFO - DAG(s) 'dataset_alias_example_alias_producer', 'dataset_alias_example_alias_consumer', 'dataset_s3_bucket_producer', 'dataset_s3_bucket_consumer' retrieved from /home/airflow/.local/lib/python3.12/site-packages/airflow/example_dags/example_dataset_alias.py
[2025-02-18T05:52:00.211+0000] {logging_mixin.py:190} INFO - [2025-02-18T05:52:00.211+0000] {dag.py:3239} INFO - Sync 4 DAGs
[2025-02-18T05:52:00.226+0000] {logging_mixin.py:190} INFO - [2025-02-18T05:52:00.226+0000] {dag.py:4180} INFO - Setting next_dagrun for dataset_alias_example_alias_consumer to None, run_after=None
[2025-02-18T05:52:00.227+0000] {logging_mixin.py:190} INFO - [2025-02-18T05:52:00.227+0000] {dag.py:4180} INFO - Setting next_dagrun for dataset_alias_example_alias_producer to None, run_after=None
[2025-02-18T05:52:00.228+0000] {logging_mixin.py:190} INFO - [2025-02-18T05:52:00.228+0000] {dag.py:4180} INFO - Setting next_dagrun for dataset_s3_bucket_consumer to None, run_after=None
[2025-02-18T05:52:00.228+0000] {logging_mixin.py:190} INFO - [2025-02-18T05:52:00.228+0000] {dag.py:4180} INFO - Setting next_dagrun for dataset_s3_bucket_producer to None, run_after=None
[2025-02-18T05:52:00.240+0000] {processor.py:208} INFO - Processing /home/airflow/.local/lib/python3.12/site-packages/airflow/example_dags/example_dataset_alias.py took 0.447 seconds
[2025-02-18T05:52:31.084+0000] {processor.py:186} INFO - Started process (PID=9995) to work on /home/airflow/.local/lib/python3.12/site-packages/airflow/example_dags/example_dataset_alias.py
[2025-02-18T05:52:31.085+0000] {processor.py:914} INFO - Processing file /home/airflow/.local/lib/python3.12/site-packages/airflow/example_dags/example_dataset_alias.py for tasks to queue
[2025-02-18T05:52:31.085+0000] {logging_mixin.py:190} INFO - [2025-02-18T05:52:31.085+0000] {dagbag.py:588} INFO - Filling up the DagBag from /home/airflow/.local/lib/python3.12/site-packages/airflow/example_dags/example_dataset_alias.py
[2025-02-18T05:52:31.404+0000] {processor.py:925} INFO - DAG(s) 'dataset_s3_bucket_consumer', 'dataset_alias_example_alias_consumer', 'dataset_s3_bucket_producer', 'dataset_alias_example_alias_producer' retrieved from /home/airflow/.local/lib/python3.12/site-packages/airflow/example_dags/example_dataset_alias.py
[2025-02-18T05:52:31.424+0000] {logging_mixin.py:190} INFO - [2025-02-18T05:52:31.424+0000] {dag.py:3239} INFO - Sync 4 DAGs
[2025-02-18T05:52:31.437+0000] {logging_mixin.py:190} INFO - [2025-02-18T05:52:31.437+0000] {dag.py:4180} INFO - Setting next_dagrun for dataset_alias_example_alias_consumer to None, run_after=None
[2025-02-18T05:52:31.439+0000] {logging_mixin.py:190} INFO - [2025-02-18T05:52:31.439+0000] {dag.py:4180} INFO - Setting next_dagrun for dataset_alias_example_alias_producer to None, run_after=None
[2025-02-18T05:52:31.440+0000] {logging_mixin.py:190} INFO - [2025-02-18T05:52:31.439+0000] {dag.py:4180} INFO - Setting next_dagrun for dataset_s3_bucket_consumer to None, run_after=None
[2025-02-18T05:52:31.440+0000] {logging_mixin.py:190} INFO - [2025-02-18T05:52:31.440+0000] {dag.py:4180} INFO - Setting next_dagrun for dataset_s3_bucket_producer to None, run_after=None
[2025-02-18T05:52:31.453+0000] {processor.py:208} INFO - Processing /home/airflow/.local/lib/python3.12/site-packages/airflow/example_dags/example_dataset_alias.py took 0.372 seconds
[2025-02-18T05:53:02.261+0000] {processor.py:186} INFO - Started process (PID=10059) to work on /home/airflow/.local/lib/python3.12/site-packages/airflow/example_dags/example_dataset_alias.py
[2025-02-18T05:53:02.263+0000] {processor.py:914} INFO - Processing file /home/airflow/.local/lib/python3.12/site-packages/airflow/example_dags/example_dataset_alias.py for tasks to queue
[2025-02-18T05:53:02.263+0000] {logging_mixin.py:190} INFO - [2025-02-18T05:53:02.263+0000] {dagbag.py:588} INFO - Filling up the DagBag from /home/airflow/.local/lib/python3.12/site-packages/airflow/example_dags/example_dataset_alias.py
[2025-02-18T05:53:02.595+0000] {processor.py:925} INFO - DAG(s) 'dataset_s3_bucket_producer', 'dataset_alias_example_alias_consumer', 'dataset_s3_bucket_consumer', 'dataset_alias_example_alias_producer' retrieved from /home/airflow/.local/lib/python3.12/site-packages/airflow/example_dags/example_dataset_alias.py
[2025-02-18T05:53:02.609+0000] {logging_mixin.py:190} INFO - [2025-02-18T05:53:02.609+0000] {dag.py:3239} INFO - Sync 4 DAGs
[2025-02-18T05:53:02.621+0000] {logging_mixin.py:190} INFO - [2025-02-18T05:53:02.621+0000] {dag.py:4180} INFO - Setting next_dagrun for dataset_alias_example_alias_consumer to None, run_after=None
[2025-02-18T05:53:02.623+0000] {logging_mixin.py:190} INFO - [2025-02-18T05:53:02.623+0000] {dag.py:4180} INFO - Setting next_dagrun for dataset_alias_example_alias_producer to None, run_after=None
[2025-02-18T05:53:02.624+0000] {logging_mixin.py:190} INFO - [2025-02-18T05:53:02.624+0000] {dag.py:4180} INFO - Setting next_dagrun for dataset_s3_bucket_consumer to None, run_after=None
[2025-02-18T05:53:02.625+0000] {logging_mixin.py:190} INFO - [2025-02-18T05:53:02.625+0000] {dag.py:4180} INFO - Setting next_dagrun for dataset_s3_bucket_producer to None, run_after=None
[2025-02-18T05:53:02.640+0000] {processor.py:208} INFO - Processing /home/airflow/.local/lib/python3.12/site-packages/airflow/example_dags/example_dataset_alias.py took 0.383 seconds
[2025-02-18T05:53:33.459+0000] {processor.py:186} INFO - Started process (PID=10129) to work on /home/airflow/.local/lib/python3.12/site-packages/airflow/example_dags/example_dataset_alias.py
[2025-02-18T05:53:33.460+0000] {processor.py:914} INFO - Processing file /home/airflow/.local/lib/python3.12/site-packages/airflow/example_dags/example_dataset_alias.py for tasks to queue
[2025-02-18T05:53:33.461+0000] {logging_mixin.py:190} INFO - [2025-02-18T05:53:33.460+0000] {dagbag.py:588} INFO - Filling up the DagBag from /home/airflow/.local/lib/python3.12/site-packages/airflow/example_dags/example_dataset_alias.py
[2025-02-18T05:53:33.791+0000] {processor.py:925} INFO - DAG(s) 'dataset_alias_example_alias_consumer', 'dataset_s3_bucket_producer', 'dataset_alias_example_alias_producer', 'dataset_s3_bucket_consumer' retrieved from /home/airflow/.local/lib/python3.12/site-packages/airflow/example_dags/example_dataset_alias.py
[2025-02-18T05:53:33.804+0000] {logging_mixin.py:190} INFO - [2025-02-18T05:53:33.804+0000] {dag.py:3239} INFO - Sync 4 DAGs
[2025-02-18T05:53:33.817+0000] {logging_mixin.py:190} INFO - [2025-02-18T05:53:33.817+0000] {dag.py:4180} INFO - Setting next_dagrun for dataset_alias_example_alias_consumer to None, run_after=None
[2025-02-18T05:53:33.819+0000] {logging_mixin.py:190} INFO - [2025-02-18T05:53:33.819+0000] {dag.py:4180} INFO - Setting next_dagrun for dataset_alias_example_alias_producer to None, run_after=None
[2025-02-18T05:53:33.820+0000] {logging_mixin.py:190} INFO - [2025-02-18T05:53:33.820+0000] {dag.py:4180} INFO - Setting next_dagrun for dataset_s3_bucket_consumer to None, run_after=None
[2025-02-18T05:53:33.821+0000] {logging_mixin.py:190} INFO - [2025-02-18T05:53:33.821+0000] {dag.py:4180} INFO - Setting next_dagrun for dataset_s3_bucket_producer to None, run_after=None
[2025-02-18T05:53:33.836+0000] {processor.py:208} INFO - Processing /home/airflow/.local/lib/python3.12/site-packages/airflow/example_dags/example_dataset_alias.py took 0.381 seconds
[2025-02-18T05:54:04.798+0000] {processor.py:186} INFO - Started process (PID=10192) to work on /home/airflow/.local/lib/python3.12/site-packages/airflow/example_dags/example_dataset_alias.py
[2025-02-18T05:54:04.799+0000] {processor.py:914} INFO - Processing file /home/airflow/.local/lib/python3.12/site-packages/airflow/example_dags/example_dataset_alias.py for tasks to queue
[2025-02-18T05:54:04.800+0000] {logging_mixin.py:190} INFO - [2025-02-18T05:54:04.800+0000] {dagbag.py:588} INFO - Filling up the DagBag from /home/airflow/.local/lib/python3.12/site-packages/airflow/example_dags/example_dataset_alias.py
[2025-02-18T05:54:05.171+0000] {processor.py:925} INFO - DAG(s) 'dataset_s3_bucket_consumer', 'dataset_alias_example_alias_producer', 'dataset_s3_bucket_producer', 'dataset_alias_example_alias_consumer' retrieved from /home/airflow/.local/lib/python3.12/site-packages/airflow/example_dags/example_dataset_alias.py
[2025-02-18T05:54:05.186+0000] {logging_mixin.py:190} INFO - [2025-02-18T05:54:05.185+0000] {dag.py:3239} INFO - Sync 4 DAGs
[2025-02-18T05:54:05.198+0000] {logging_mixin.py:190} INFO - [2025-02-18T05:54:05.198+0000] {dag.py:4180} INFO - Setting next_dagrun for dataset_alias_example_alias_consumer to None, run_after=None
[2025-02-18T05:54:05.203+0000] {logging_mixin.py:190} INFO - [2025-02-18T05:54:05.203+0000] {dag.py:4180} INFO - Setting next_dagrun for dataset_alias_example_alias_producer to None, run_after=None
[2025-02-18T05:54:05.206+0000] {logging_mixin.py:190} INFO - [2025-02-18T05:54:05.206+0000] {dag.py:4180} INFO - Setting next_dagrun for dataset_s3_bucket_consumer to None, run_after=None
[2025-02-18T05:54:05.208+0000] {logging_mixin.py:190} INFO - [2025-02-18T05:54:05.207+0000] {dag.py:4180} INFO - Setting next_dagrun for dataset_s3_bucket_producer to None, run_after=None
[2025-02-18T05:54:05.223+0000] {processor.py:208} INFO - Processing /home/airflow/.local/lib/python3.12/site-packages/airflow/example_dags/example_dataset_alias.py took 0.429 seconds
[2025-02-18T05:54:35.985+0000] {processor.py:186} INFO - Started process (PID=10256) to work on /home/airflow/.local/lib/python3.12/site-packages/airflow/example_dags/example_dataset_alias.py
[2025-02-18T05:54:35.987+0000] {processor.py:914} INFO - Processing file /home/airflow/.local/lib/python3.12/site-packages/airflow/example_dags/example_dataset_alias.py for tasks to queue
[2025-02-18T05:54:35.988+0000] {logging_mixin.py:190} INFO - [2025-02-18T05:54:35.988+0000] {dagbag.py:588} INFO - Filling up the DagBag from /home/airflow/.local/lib/python3.12/site-packages/airflow/example_dags/example_dataset_alias.py
[2025-02-18T05:54:36.296+0000] {processor.py:925} INFO - DAG(s) 'dataset_alias_example_alias_consumer', 'dataset_s3_bucket_consumer', 'dataset_s3_bucket_producer', 'dataset_alias_example_alias_producer' retrieved from /home/airflow/.local/lib/python3.12/site-packages/airflow/example_dags/example_dataset_alias.py
[2025-02-18T05:54:36.308+0000] {logging_mixin.py:190} INFO - [2025-02-18T05:54:36.308+0000] {dag.py:3239} INFO - Sync 4 DAGs
[2025-02-18T05:54:36.322+0000] {logging_mixin.py:190} INFO - [2025-02-18T05:54:36.321+0000] {dag.py:4180} INFO - Setting next_dagrun for dataset_alias_example_alias_consumer to None, run_after=None
[2025-02-18T05:54:36.323+0000] {logging_mixin.py:190} INFO - [2025-02-18T05:54:36.323+0000] {dag.py:4180} INFO - Setting next_dagrun for dataset_alias_example_alias_producer to None, run_after=None
[2025-02-18T05:54:36.324+0000] {logging_mixin.py:190} INFO - [2025-02-18T05:54:36.324+0000] {dag.py:4180} INFO - Setting next_dagrun for dataset_s3_bucket_consumer to None, run_after=None
[2025-02-18T05:54:36.325+0000] {logging_mixin.py:190} INFO - [2025-02-18T05:54:36.325+0000] {dag.py:4180} INFO - Setting next_dagrun for dataset_s3_bucket_producer to None, run_after=None
[2025-02-18T05:54:36.335+0000] {processor.py:208} INFO - Processing /home/airflow/.local/lib/python3.12/site-packages/airflow/example_dags/example_dataset_alias.py took 0.354 seconds
[2025-02-18T05:55:07.330+0000] {processor.py:186} INFO - Started process (PID=10320) to work on /home/airflow/.local/lib/python3.12/site-packages/airflow/example_dags/example_dataset_alias.py
[2025-02-18T05:55:07.331+0000] {processor.py:914} INFO - Processing file /home/airflow/.local/lib/python3.12/site-packages/airflow/example_dags/example_dataset_alias.py for tasks to queue
[2025-02-18T05:55:07.332+0000] {logging_mixin.py:190} INFO - [2025-02-18T05:55:07.332+0000] {dagbag.py:588} INFO - Filling up the DagBag from /home/airflow/.local/lib/python3.12/site-packages/airflow/example_dags/example_dataset_alias.py
[2025-02-18T05:55:07.641+0000] {processor.py:925} INFO - DAG(s) 'dataset_alias_example_alias_producer', 'dataset_alias_example_alias_consumer', 'dataset_s3_bucket_producer', 'dataset_s3_bucket_consumer' retrieved from /home/airflow/.local/lib/python3.12/site-packages/airflow/example_dags/example_dataset_alias.py
[2025-02-18T05:55:07.654+0000] {logging_mixin.py:190} INFO - [2025-02-18T05:55:07.654+0000] {dag.py:3239} INFO - Sync 4 DAGs
[2025-02-18T05:55:07.666+0000] {logging_mixin.py:190} INFO - [2025-02-18T05:55:07.666+0000] {dag.py:4180} INFO - Setting next_dagrun for dataset_alias_example_alias_consumer to None, run_after=None
[2025-02-18T05:55:07.668+0000] {logging_mixin.py:190} INFO - [2025-02-18T05:55:07.668+0000] {dag.py:4180} INFO - Setting next_dagrun for dataset_alias_example_alias_producer to None, run_after=None
[2025-02-18T05:55:07.669+0000] {logging_mixin.py:190} INFO - [2025-02-18T05:55:07.669+0000] {dag.py:4180} INFO - Setting next_dagrun for dataset_s3_bucket_consumer to None, run_after=None
[2025-02-18T05:55:07.670+0000] {logging_mixin.py:190} INFO - [2025-02-18T05:55:07.670+0000] {dag.py:4180} INFO - Setting next_dagrun for dataset_s3_bucket_producer to None, run_after=None
[2025-02-18T05:55:07.681+0000] {processor.py:208} INFO - Processing /home/airflow/.local/lib/python3.12/site-packages/airflow/example_dags/example_dataset_alias.py took 0.354 seconds
[2025-02-18T05:55:38.632+0000] {processor.py:186} INFO - Started process (PID=10384) to work on /home/airflow/.local/lib/python3.12/site-packages/airflow/example_dags/example_dataset_alias.py
[2025-02-18T05:55:38.632+0000] {processor.py:914} INFO - Processing file /home/airflow/.local/lib/python3.12/site-packages/airflow/example_dags/example_dataset_alias.py for tasks to queue
[2025-02-18T05:55:38.634+0000] {logging_mixin.py:190} INFO - [2025-02-18T05:55:38.634+0000] {dagbag.py:588} INFO - Filling up the DagBag from /home/airflow/.local/lib/python3.12/site-packages/airflow/example_dags/example_dataset_alias.py
[2025-02-18T05:55:38.943+0000] {processor.py:925} INFO - DAG(s) 'dataset_s3_bucket_producer', 'dataset_alias_example_alias_consumer', 'dataset_s3_bucket_consumer', 'dataset_alias_example_alias_producer' retrieved from /home/airflow/.local/lib/python3.12/site-packages/airflow/example_dags/example_dataset_alias.py
[2025-02-18T05:55:38.953+0000] {logging_mixin.py:190} INFO - [2025-02-18T05:55:38.953+0000] {dag.py:3239} INFO - Sync 4 DAGs
[2025-02-18T05:55:38.964+0000] {logging_mixin.py:190} INFO - [2025-02-18T05:55:38.964+0000] {dag.py:4180} INFO - Setting next_dagrun for dataset_alias_example_alias_consumer to None, run_after=None
[2025-02-18T05:55:38.965+0000] {logging_mixin.py:190} INFO - [2025-02-18T05:55:38.965+0000] {dag.py:4180} INFO - Setting next_dagrun for dataset_alias_example_alias_producer to None, run_after=None
[2025-02-18T05:55:38.966+0000] {logging_mixin.py:190} INFO - [2025-02-18T05:55:38.966+0000] {dag.py:4180} INFO - Setting next_dagrun for dataset_s3_bucket_consumer to None, run_after=None
[2025-02-18T05:55:38.966+0000] {logging_mixin.py:190} INFO - [2025-02-18T05:55:38.966+0000] {dag.py:4180} INFO - Setting next_dagrun for dataset_s3_bucket_producer to None, run_after=None
[2025-02-18T05:55:38.976+0000] {processor.py:208} INFO - Processing /home/airflow/.local/lib/python3.12/site-packages/airflow/example_dags/example_dataset_alias.py took 0.348 seconds
[2025-02-18T05:56:10.186+0000] {processor.py:186} INFO - Started process (PID=10448) to work on /home/airflow/.local/lib/python3.12/site-packages/airflow/example_dags/example_dataset_alias.py
[2025-02-18T05:56:10.187+0000] {processor.py:914} INFO - Processing file /home/airflow/.local/lib/python3.12/site-packages/airflow/example_dags/example_dataset_alias.py for tasks to queue
[2025-02-18T05:56:10.188+0000] {logging_mixin.py:190} INFO - [2025-02-18T05:56:10.188+0000] {dagbag.py:588} INFO - Filling up the DagBag from /home/airflow/.local/lib/python3.12/site-packages/airflow/example_dags/example_dataset_alias.py
[2025-02-18T05:56:10.500+0000] {processor.py:925} INFO - DAG(s) 'dataset_s3_bucket_consumer', 'dataset_alias_example_alias_consumer', 'dataset_s3_bucket_producer', 'dataset_alias_example_alias_producer' retrieved from /home/airflow/.local/lib/python3.12/site-packages/airflow/example_dags/example_dataset_alias.py
[2025-02-18T05:56:10.514+0000] {logging_mixin.py:190} INFO - [2025-02-18T05:56:10.514+0000] {dag.py:3239} INFO - Sync 4 DAGs
[2025-02-18T05:56:10.524+0000] {logging_mixin.py:190} INFO - [2025-02-18T05:56:10.524+0000] {dag.py:4180} INFO - Setting next_dagrun for dataset_alias_example_alias_consumer to None, run_after=None
[2025-02-18T05:56:10.529+0000] {logging_mixin.py:190} INFO - [2025-02-18T05:56:10.529+0000] {dag.py:4180} INFO - Setting next_dagrun for dataset_alias_example_alias_producer to None, run_after=None
[2025-02-18T05:56:10.530+0000] {logging_mixin.py:190} INFO - [2025-02-18T05:56:10.530+0000] {dag.py:4180} INFO - Setting next_dagrun for dataset_s3_bucket_consumer to None, run_after=None
[2025-02-18T05:56:10.531+0000] {logging_mixin.py:190} INFO - [2025-02-18T05:56:10.531+0000] {dag.py:4180} INFO - Setting next_dagrun for dataset_s3_bucket_producer to None, run_after=None
[2025-02-18T05:56:10.542+0000] {processor.py:208} INFO - Processing /home/airflow/.local/lib/python3.12/site-packages/airflow/example_dags/example_dataset_alias.py took 0.360 seconds
[2025-02-18T10:40:12.866+0000] {processor.py:186} INFO - Started process (PID=89) to work on /home/airflow/.local/lib/python3.12/site-packages/airflow/example_dags/example_dataset_alias.py
[2025-02-18T10:40:12.867+0000] {processor.py:914} INFO - Processing file /home/airflow/.local/lib/python3.12/site-packages/airflow/example_dags/example_dataset_alias.py for tasks to queue
[2025-02-18T10:40:12.869+0000] {logging_mixin.py:190} INFO - [2025-02-18T10:40:12.869+0000] {dagbag.py:588} INFO - Filling up the DagBag from /home/airflow/.local/lib/python3.12/site-packages/airflow/example_dags/example_dataset_alias.py
[2025-02-18T10:40:13.243+0000] {processor.py:925} INFO - DAG(s) 'dataset_alias_example_alias_consumer', 'dataset_alias_example_alias_producer', 'dataset_s3_bucket_consumer', 'dataset_s3_bucket_producer' retrieved from /home/airflow/.local/lib/python3.12/site-packages/airflow/example_dags/example_dataset_alias.py
[2025-02-18T10:40:13.260+0000] {logging_mixin.py:190} INFO - [2025-02-18T10:40:13.260+0000] {dag.py:3239} INFO - Sync 4 DAGs
[2025-02-18T10:40:13.277+0000] {logging_mixin.py:190} INFO - [2025-02-18T10:40:13.277+0000] {dag.py:4180} INFO - Setting next_dagrun for dataset_alias_example_alias_consumer to None, run_after=None
[2025-02-18T10:40:13.280+0000] {logging_mixin.py:190} INFO - [2025-02-18T10:40:13.280+0000] {dag.py:4180} INFO - Setting next_dagrun for dataset_alias_example_alias_producer to None, run_after=None
[2025-02-18T10:40:13.281+0000] {logging_mixin.py:190} INFO - [2025-02-18T10:40:13.281+0000] {dag.py:4180} INFO - Setting next_dagrun for dataset_s3_bucket_consumer to None, run_after=None
[2025-02-18T10:40:13.282+0000] {logging_mixin.py:190} INFO - [2025-02-18T10:40:13.282+0000] {dag.py:4180} INFO - Setting next_dagrun for dataset_s3_bucket_producer to None, run_after=None
[2025-02-18T10:40:13.293+0000] {processor.py:208} INFO - Processing /home/airflow/.local/lib/python3.12/site-packages/airflow/example_dags/example_dataset_alias.py took 0.432 seconds
[2025-02-18T10:47:03.174+0000] {processor.py:186} INFO - Started process (PID=92) to work on /home/airflow/.local/lib/python3.12/site-packages/airflow/example_dags/example_dataset_alias.py
[2025-02-18T10:47:03.175+0000] {processor.py:914} INFO - Processing file /home/airflow/.local/lib/python3.12/site-packages/airflow/example_dags/example_dataset_alias.py for tasks to queue
[2025-02-18T10:47:03.177+0000] {logging_mixin.py:190} INFO - [2025-02-18T10:47:03.176+0000] {dagbag.py:588} INFO - Filling up the DagBag from /home/airflow/.local/lib/python3.12/site-packages/airflow/example_dags/example_dataset_alias.py
[2025-02-18T10:47:03.598+0000] {processor.py:925} INFO - DAG(s) 'dataset_alias_example_alias_producer', 'dataset_s3_bucket_consumer', 'dataset_s3_bucket_producer', 'dataset_alias_example_alias_consumer' retrieved from /home/airflow/.local/lib/python3.12/site-packages/airflow/example_dags/example_dataset_alias.py
[2025-02-18T10:47:03.612+0000] {logging_mixin.py:190} INFO - [2025-02-18T10:47:03.612+0000] {dag.py:3239} INFO - Sync 4 DAGs
[2025-02-18T10:47:03.623+0000] {logging_mixin.py:190} INFO - [2025-02-18T10:47:03.623+0000] {dag.py:4180} INFO - Setting next_dagrun for dataset_alias_example_alias_consumer to None, run_after=None
[2025-02-18T10:47:03.626+0000] {logging_mixin.py:190} INFO - [2025-02-18T10:47:03.626+0000] {dag.py:4180} INFO - Setting next_dagrun for dataset_alias_example_alias_producer to None, run_after=None
[2025-02-18T10:47:03.627+0000] {logging_mixin.py:190} INFO - [2025-02-18T10:47:03.627+0000] {dag.py:4180} INFO - Setting next_dagrun for dataset_s3_bucket_consumer to None, run_after=None
[2025-02-18T10:47:03.627+0000] {logging_mixin.py:190} INFO - [2025-02-18T10:47:03.627+0000] {dag.py:4180} INFO - Setting next_dagrun for dataset_s3_bucket_producer to None, run_after=None
[2025-02-18T10:47:03.643+0000] {processor.py:208} INFO - Processing /home/airflow/.local/lib/python3.12/site-packages/airflow/example_dags/example_dataset_alias.py took 0.472 seconds
