[2025-02-18T01:09:50.118+0000] {processor.py:186} INFO - Started process (PID=8260) to work on /home/airflow/.local/lib/python3.12/site-packages/airflow/example_dags/tutorial.py
[2025-02-18T01:09:50.119+0000] {processor.py:914} INFO - Processing file /home/airflow/.local/lib/python3.12/site-packages/airflow/example_dags/tutorial.py for tasks to queue
[2025-02-18T01:09:50.120+0000] {logging_mixin.py:190} INFO - [2025-02-18T01:09:50.120+0000] {dagbag.py:588} INFO - Filling up the DagBag from /home/airflow/.local/lib/python3.12/site-packages/airflow/example_dags/tutorial.py
[2025-02-18T01:09:50.127+0000] {processor.py:925} INFO - DAG(s) 'tutorial' retrieved from /home/airflow/.local/lib/python3.12/site-packages/airflow/example_dags/tutorial.py
[2025-02-18T01:09:50.146+0000] {logging_mixin.py:190} INFO - [2025-02-18T01:09:50.145+0000] {dag.py:3239} INFO - Sync 1 DAGs
[2025-02-18T01:09:50.160+0000] {logging_mixin.py:190} INFO - [2025-02-18T01:09:50.160+0000] {dag.py:4180} INFO - Setting next_dagrun for tutorial to 2025-02-17 00:00:00+00:00, run_after=2025-02-18 00:00:00+00:00
[2025-02-18T01:09:50.176+0000] {processor.py:208} INFO - Processing /home/airflow/.local/lib/python3.12/site-packages/airflow/example_dags/tutorial.py took 0.061 seconds
[2025-02-18T01:45:00.178+0000] {processor.py:186} INFO - Started process (PID=8324) to work on /home/airflow/.local/lib/python3.12/site-packages/airflow/example_dags/tutorial.py
[2025-02-18T01:45:00.179+0000] {processor.py:914} INFO - Processing file /home/airflow/.local/lib/python3.12/site-packages/airflow/example_dags/tutorial.py for tasks to queue
[2025-02-18T01:45:00.181+0000] {logging_mixin.py:190} INFO - [2025-02-18T01:45:00.180+0000] {dagbag.py:588} INFO - Filling up the DagBag from /home/airflow/.local/lib/python3.12/site-packages/airflow/example_dags/tutorial.py
[2025-02-18T01:45:00.187+0000] {processor.py:925} INFO - DAG(s) 'tutorial' retrieved from /home/airflow/.local/lib/python3.12/site-packages/airflow/example_dags/tutorial.py
[2025-02-18T01:45:00.204+0000] {logging_mixin.py:190} INFO - [2025-02-18T01:45:00.204+0000] {dag.py:3239} INFO - Sync 1 DAGs
[2025-02-18T01:45:00.222+0000] {logging_mixin.py:190} INFO - [2025-02-18T01:45:00.221+0000] {dag.py:4180} INFO - Setting next_dagrun for tutorial to 2025-02-17 00:00:00+00:00, run_after=2025-02-18 00:00:00+00:00
[2025-02-18T01:45:00.234+0000] {processor.py:208} INFO - Processing /home/airflow/.local/lib/python3.12/site-packages/airflow/example_dags/tutorial.py took 0.063 seconds
[2025-02-18T02:31:37.488+0000] {processor.py:186} INFO - Started process (PID=8388) to work on /home/airflow/.local/lib/python3.12/site-packages/airflow/example_dags/tutorial.py
[2025-02-18T02:31:37.488+0000] {processor.py:914} INFO - Processing file /home/airflow/.local/lib/python3.12/site-packages/airflow/example_dags/tutorial.py for tasks to queue
[2025-02-18T02:31:37.489+0000] {logging_mixin.py:190} INFO - [2025-02-18T02:31:37.489+0000] {dagbag.py:588} INFO - Filling up the DagBag from /home/airflow/.local/lib/python3.12/site-packages/airflow/example_dags/tutorial.py
[2025-02-18T02:31:37.495+0000] {processor.py:925} INFO - DAG(s) 'tutorial' retrieved from /home/airflow/.local/lib/python3.12/site-packages/airflow/example_dags/tutorial.py
[2025-02-18T02:31:37.507+0000] {logging_mixin.py:190} INFO - [2025-02-18T02:31:37.507+0000] {dag.py:3239} INFO - Sync 1 DAGs
[2025-02-18T02:31:37.518+0000] {logging_mixin.py:190} INFO - [2025-02-18T02:31:37.518+0000] {dag.py:4180} INFO - Setting next_dagrun for tutorial to 2025-02-17 00:00:00+00:00, run_after=2025-02-18 00:00:00+00:00
[2025-02-18T02:31:37.530+0000] {processor.py:208} INFO - Processing /home/airflow/.local/lib/python3.12/site-packages/airflow/example_dags/tutorial.py took 0.046 seconds
[2025-02-18T02:54:40.898+0000] {processor.py:186} INFO - Started process (PID=8452) to work on /home/airflow/.local/lib/python3.12/site-packages/airflow/example_dags/tutorial.py
[2025-02-18T02:54:40.899+0000] {processor.py:914} INFO - Processing file /home/airflow/.local/lib/python3.12/site-packages/airflow/example_dags/tutorial.py for tasks to queue
[2025-02-18T02:54:40.901+0000] {logging_mixin.py:190} INFO - [2025-02-18T02:54:40.900+0000] {dagbag.py:588} INFO - Filling up the DagBag from /home/airflow/.local/lib/python3.12/site-packages/airflow/example_dags/tutorial.py
[2025-02-18T02:54:40.907+0000] {processor.py:925} INFO - DAG(s) 'tutorial' retrieved from /home/airflow/.local/lib/python3.12/site-packages/airflow/example_dags/tutorial.py
[2025-02-18T02:54:40.917+0000] {logging_mixin.py:190} INFO - [2025-02-18T02:54:40.917+0000] {dag.py:3239} INFO - Sync 1 DAGs
[2025-02-18T02:54:40.930+0000] {logging_mixin.py:190} INFO - [2025-02-18T02:54:40.930+0000] {dag.py:4180} INFO - Setting next_dagrun for tutorial to 2025-02-17 00:00:00+00:00, run_after=2025-02-18 00:00:00+00:00
[2025-02-18T02:54:40.944+0000] {processor.py:208} INFO - Processing /home/airflow/.local/lib/python3.12/site-packages/airflow/example_dags/tutorial.py took 0.050 seconds
[2025-02-18T03:12:50.768+0000] {processor.py:186} INFO - Started process (PID=8516) to work on /home/airflow/.local/lib/python3.12/site-packages/airflow/example_dags/tutorial.py
[2025-02-18T03:12:50.769+0000] {processor.py:914} INFO - Processing file /home/airflow/.local/lib/python3.12/site-packages/airflow/example_dags/tutorial.py for tasks to queue
[2025-02-18T03:12:50.770+0000] {logging_mixin.py:190} INFO - [2025-02-18T03:12:50.770+0000] {dagbag.py:588} INFO - Filling up the DagBag from /home/airflow/.local/lib/python3.12/site-packages/airflow/example_dags/tutorial.py
[2025-02-18T03:12:50.775+0000] {processor.py:925} INFO - DAG(s) 'tutorial' retrieved from /home/airflow/.local/lib/python3.12/site-packages/airflow/example_dags/tutorial.py
[2025-02-18T03:12:50.787+0000] {logging_mixin.py:190} INFO - [2025-02-18T03:12:50.787+0000] {dag.py:3239} INFO - Sync 1 DAGs
[2025-02-18T03:12:50.799+0000] {logging_mixin.py:190} INFO - [2025-02-18T03:12:50.799+0000] {dag.py:4180} INFO - Setting next_dagrun for tutorial to 2025-02-17 00:00:00+00:00, run_after=2025-02-18 00:00:00+00:00
[2025-02-18T03:12:50.814+0000] {processor.py:208} INFO - Processing /home/airflow/.local/lib/python3.12/site-packages/airflow/example_dags/tutorial.py took 0.049 seconds
[2025-02-18T04:35:29.824+0000] {processor.py:186} INFO - Started process (PID=8580) to work on /home/airflow/.local/lib/python3.12/site-packages/airflow/example_dags/tutorial.py
[2025-02-18T04:35:29.824+0000] {processor.py:914} INFO - Processing file /home/airflow/.local/lib/python3.12/site-packages/airflow/example_dags/tutorial.py for tasks to queue
[2025-02-18T04:35:29.825+0000] {logging_mixin.py:190} INFO - [2025-02-18T04:35:29.825+0000] {dagbag.py:588} INFO - Filling up the DagBag from /home/airflow/.local/lib/python3.12/site-packages/airflow/example_dags/tutorial.py
[2025-02-18T04:35:29.831+0000] {processor.py:925} INFO - DAG(s) 'tutorial' retrieved from /home/airflow/.local/lib/python3.12/site-packages/airflow/example_dags/tutorial.py
[2025-02-18T04:35:29.844+0000] {logging_mixin.py:190} INFO - [2025-02-18T04:35:29.843+0000] {dag.py:3239} INFO - Sync 1 DAGs
[2025-02-18T04:35:29.858+0000] {logging_mixin.py:190} INFO - [2025-02-18T04:35:29.858+0000] {dag.py:4180} INFO - Setting next_dagrun for tutorial to 2025-02-17 00:00:00+00:00, run_after=2025-02-18 00:00:00+00:00
[2025-02-18T04:35:29.873+0000] {processor.py:208} INFO - Processing /home/airflow/.local/lib/python3.12/site-packages/airflow/example_dags/tutorial.py took 0.053 seconds
[2025-02-18T04:55:49.177+0000] {processor.py:186} INFO - Started process (PID=8644) to work on /home/airflow/.local/lib/python3.12/site-packages/airflow/example_dags/tutorial.py
[2025-02-18T04:55:49.182+0000] {processor.py:914} INFO - Processing file /home/airflow/.local/lib/python3.12/site-packages/airflow/example_dags/tutorial.py for tasks to queue
[2025-02-18T04:55:49.182+0000] {logging_mixin.py:190} INFO - [2025-02-18T04:55:49.182+0000] {dagbag.py:588} INFO - Filling up the DagBag from /home/airflow/.local/lib/python3.12/site-packages/airflow/example_dags/tutorial.py
[2025-02-18T04:55:49.191+0000] {processor.py:925} INFO - DAG(s) 'tutorial' retrieved from /home/airflow/.local/lib/python3.12/site-packages/airflow/example_dags/tutorial.py
[2025-02-18T04:55:49.207+0000] {logging_mixin.py:190} INFO - [2025-02-18T04:55:49.206+0000] {dag.py:3239} INFO - Sync 1 DAGs
[2025-02-18T04:55:49.219+0000] {logging_mixin.py:190} INFO - [2025-02-18T04:55:49.219+0000] {dag.py:4180} INFO - Setting next_dagrun for tutorial to 2025-02-17 00:00:00+00:00, run_after=2025-02-18 00:00:00+00:00
[2025-02-18T04:55:49.228+0000] {processor.py:208} INFO - Processing /home/airflow/.local/lib/python3.12/site-packages/airflow/example_dags/tutorial.py took 0.054 seconds
[2025-02-18T05:42:08.244+0000] {processor.py:186} INFO - Started process (PID=8708) to work on /home/airflow/.local/lib/python3.12/site-packages/airflow/example_dags/tutorial.py
[2025-02-18T05:42:08.245+0000] {processor.py:914} INFO - Processing file /home/airflow/.local/lib/python3.12/site-packages/airflow/example_dags/tutorial.py for tasks to queue
[2025-02-18T05:42:08.245+0000] {logging_mixin.py:190} INFO - [2025-02-18T05:42:08.245+0000] {dagbag.py:588} INFO - Filling up the DagBag from /home/airflow/.local/lib/python3.12/site-packages/airflow/example_dags/tutorial.py
[2025-02-18T05:42:08.254+0000] {processor.py:925} INFO - DAG(s) 'tutorial' retrieved from /home/airflow/.local/lib/python3.12/site-packages/airflow/example_dags/tutorial.py
[2025-02-18T05:42:08.268+0000] {logging_mixin.py:190} INFO - [2025-02-18T05:42:08.268+0000] {dag.py:3239} INFO - Sync 1 DAGs
[2025-02-18T05:42:08.281+0000] {logging_mixin.py:190} INFO - [2025-02-18T05:42:08.280+0000] {dag.py:4180} INFO - Setting next_dagrun for tutorial to 2025-02-17 00:00:00+00:00, run_after=2025-02-18 00:00:00+00:00
[2025-02-18T05:42:08.293+0000] {processor.py:208} INFO - Processing /home/airflow/.local/lib/python3.12/site-packages/airflow/example_dags/tutorial.py took 0.053 seconds
[2025-02-18T05:42:38.843+0000] {processor.py:186} INFO - Started process (PID=8772) to work on /home/airflow/.local/lib/python3.12/site-packages/airflow/example_dags/tutorial.py
[2025-02-18T05:42:38.844+0000] {processor.py:914} INFO - Processing file /home/airflow/.local/lib/python3.12/site-packages/airflow/example_dags/tutorial.py for tasks to queue
[2025-02-18T05:42:38.845+0000] {logging_mixin.py:190} INFO - [2025-02-18T05:42:38.844+0000] {dagbag.py:588} INFO - Filling up the DagBag from /home/airflow/.local/lib/python3.12/site-packages/airflow/example_dags/tutorial.py
[2025-02-18T05:42:38.851+0000] {processor.py:925} INFO - DAG(s) 'tutorial' retrieved from /home/airflow/.local/lib/python3.12/site-packages/airflow/example_dags/tutorial.py
[2025-02-18T05:42:38.863+0000] {logging_mixin.py:190} INFO - [2025-02-18T05:42:38.863+0000] {dag.py:3239} INFO - Sync 1 DAGs
[2025-02-18T05:42:38.874+0000] {logging_mixin.py:190} INFO - [2025-02-18T05:42:38.874+0000] {dag.py:4180} INFO - Setting next_dagrun for tutorial to 2025-02-17 00:00:00+00:00, run_after=2025-02-18 00:00:00+00:00
[2025-02-18T05:42:38.886+0000] {processor.py:208} INFO - Processing /home/airflow/.local/lib/python3.12/site-packages/airflow/example_dags/tutorial.py took 0.046 seconds
[2025-02-18T05:43:09.977+0000] {processor.py:186} INFO - Started process (PID=8836) to work on /home/airflow/.local/lib/python3.12/site-packages/airflow/example_dags/tutorial.py
[2025-02-18T05:43:09.978+0000] {processor.py:914} INFO - Processing file /home/airflow/.local/lib/python3.12/site-packages/airflow/example_dags/tutorial.py for tasks to queue
[2025-02-18T05:43:09.979+0000] {logging_mixin.py:190} INFO - [2025-02-18T05:43:09.979+0000] {dagbag.py:588} INFO - Filling up the DagBag from /home/airflow/.local/lib/python3.12/site-packages/airflow/example_dags/tutorial.py
[2025-02-18T05:43:09.987+0000] {processor.py:925} INFO - DAG(s) 'tutorial' retrieved from /home/airflow/.local/lib/python3.12/site-packages/airflow/example_dags/tutorial.py
[2025-02-18T05:43:10.004+0000] {logging_mixin.py:190} INFO - [2025-02-18T05:43:10.004+0000] {dag.py:3239} INFO - Sync 1 DAGs
[2025-02-18T05:43:10.017+0000] {logging_mixin.py:190} INFO - [2025-02-18T05:43:10.017+0000] {dag.py:4180} INFO - Setting next_dagrun for tutorial to 2025-02-17 00:00:00+00:00, run_after=2025-02-18 00:00:00+00:00
[2025-02-18T05:43:10.031+0000] {processor.py:208} INFO - Processing /home/airflow/.local/lib/python3.12/site-packages/airflow/example_dags/tutorial.py took 0.058 seconds
[2025-02-18T05:43:40.056+0000] {processor.py:186} INFO - Started process (PID=8899) to work on /home/airflow/.local/lib/python3.12/site-packages/airflow/example_dags/tutorial.py
[2025-02-18T05:43:40.057+0000] {processor.py:914} INFO - Processing file /home/airflow/.local/lib/python3.12/site-packages/airflow/example_dags/tutorial.py for tasks to queue
[2025-02-18T05:43:40.057+0000] {logging_mixin.py:190} INFO - [2025-02-18T05:43:40.057+0000] {dagbag.py:588} INFO - Filling up the DagBag from /home/airflow/.local/lib/python3.12/site-packages/airflow/example_dags/tutorial.py
[2025-02-18T05:43:40.063+0000] {processor.py:925} INFO - DAG(s) 'tutorial' retrieved from /home/airflow/.local/lib/python3.12/site-packages/airflow/example_dags/tutorial.py
[2025-02-18T05:43:40.074+0000] {logging_mixin.py:190} INFO - [2025-02-18T05:43:40.074+0000] {dag.py:3239} INFO - Sync 1 DAGs
[2025-02-18T05:43:40.086+0000] {logging_mixin.py:190} INFO - [2025-02-18T05:43:40.086+0000] {dag.py:4180} INFO - Setting next_dagrun for tutorial to 2025-02-17 00:00:00+00:00, run_after=2025-02-18 00:00:00+00:00
[2025-02-18T05:43:40.095+0000] {processor.py:208} INFO - Processing /home/airflow/.local/lib/python3.12/site-packages/airflow/example_dags/tutorial.py took 0.042 seconds
[2025-02-18T05:44:10.643+0000] {processor.py:186} INFO - Started process (PID=8963) to work on /home/airflow/.local/lib/python3.12/site-packages/airflow/example_dags/tutorial.py
[2025-02-18T05:44:10.643+0000] {processor.py:914} INFO - Processing file /home/airflow/.local/lib/python3.12/site-packages/airflow/example_dags/tutorial.py for tasks to queue
[2025-02-18T05:44:10.644+0000] {logging_mixin.py:190} INFO - [2025-02-18T05:44:10.644+0000] {dagbag.py:588} INFO - Filling up the DagBag from /home/airflow/.local/lib/python3.12/site-packages/airflow/example_dags/tutorial.py
[2025-02-18T05:44:10.649+0000] {processor.py:925} INFO - DAG(s) 'tutorial' retrieved from /home/airflow/.local/lib/python3.12/site-packages/airflow/example_dags/tutorial.py
[2025-02-18T05:44:10.660+0000] {logging_mixin.py:190} INFO - [2025-02-18T05:44:10.660+0000] {dag.py:3239} INFO - Sync 1 DAGs
[2025-02-18T05:44:10.672+0000] {logging_mixin.py:190} INFO - [2025-02-18T05:44:10.672+0000] {dag.py:4180} INFO - Setting next_dagrun for tutorial to 2025-02-17 00:00:00+00:00, run_after=2025-02-18 00:00:00+00:00
[2025-02-18T05:44:10.680+0000] {processor.py:208} INFO - Processing /home/airflow/.local/lib/python3.12/site-packages/airflow/example_dags/tutorial.py took 0.041 seconds
[2025-02-18T05:44:41.245+0000] {processor.py:186} INFO - Started process (PID=9027) to work on /home/airflow/.local/lib/python3.12/site-packages/airflow/example_dags/tutorial.py
[2025-02-18T05:44:41.246+0000] {processor.py:914} INFO - Processing file /home/airflow/.local/lib/python3.12/site-packages/airflow/example_dags/tutorial.py for tasks to queue
[2025-02-18T05:44:41.247+0000] {logging_mixin.py:190} INFO - [2025-02-18T05:44:41.247+0000] {dagbag.py:588} INFO - Filling up the DagBag from /home/airflow/.local/lib/python3.12/site-packages/airflow/example_dags/tutorial.py
[2025-02-18T05:44:41.253+0000] {processor.py:925} INFO - DAG(s) 'tutorial' retrieved from /home/airflow/.local/lib/python3.12/site-packages/airflow/example_dags/tutorial.py
[2025-02-18T05:44:41.266+0000] {logging_mixin.py:190} INFO - [2025-02-18T05:44:41.266+0000] {dag.py:3239} INFO - Sync 1 DAGs
[2025-02-18T05:44:41.281+0000] {logging_mixin.py:190} INFO - [2025-02-18T05:44:41.281+0000] {dag.py:4180} INFO - Setting next_dagrun for tutorial to 2025-02-17 00:00:00+00:00, run_after=2025-02-18 00:00:00+00:00
[2025-02-18T05:44:41.295+0000] {processor.py:208} INFO - Processing /home/airflow/.local/lib/python3.12/site-packages/airflow/example_dags/tutorial.py took 0.054 seconds
[2025-02-18T05:45:12.159+0000] {processor.py:186} INFO - Started process (PID=9091) to work on /home/airflow/.local/lib/python3.12/site-packages/airflow/example_dags/tutorial.py
[2025-02-18T05:45:12.160+0000] {processor.py:914} INFO - Processing file /home/airflow/.local/lib/python3.12/site-packages/airflow/example_dags/tutorial.py for tasks to queue
[2025-02-18T05:45:12.161+0000] {logging_mixin.py:190} INFO - [2025-02-18T05:45:12.161+0000] {dagbag.py:588} INFO - Filling up the DagBag from /home/airflow/.local/lib/python3.12/site-packages/airflow/example_dags/tutorial.py
[2025-02-18T05:45:12.166+0000] {processor.py:925} INFO - DAG(s) 'tutorial' retrieved from /home/airflow/.local/lib/python3.12/site-packages/airflow/example_dags/tutorial.py
[2025-02-18T05:45:12.177+0000] {logging_mixin.py:190} INFO - [2025-02-18T05:45:12.176+0000] {dag.py:3239} INFO - Sync 1 DAGs
[2025-02-18T05:45:12.190+0000] {logging_mixin.py:190} INFO - [2025-02-18T05:45:12.190+0000] {dag.py:4180} INFO - Setting next_dagrun for tutorial to 2025-02-17 00:00:00+00:00, run_after=2025-02-18 00:00:00+00:00
[2025-02-18T05:45:12.203+0000] {processor.py:208} INFO - Processing /home/airflow/.local/lib/python3.12/site-packages/airflow/example_dags/tutorial.py took 0.048 seconds
[2025-02-18T05:45:42.419+0000] {processor.py:186} INFO - Started process (PID=9155) to work on /home/airflow/.local/lib/python3.12/site-packages/airflow/example_dags/tutorial.py
[2025-02-18T05:45:42.420+0000] {processor.py:914} INFO - Processing file /home/airflow/.local/lib/python3.12/site-packages/airflow/example_dags/tutorial.py for tasks to queue
[2025-02-18T05:45:42.420+0000] {logging_mixin.py:190} INFO - [2025-02-18T05:45:42.420+0000] {dagbag.py:588} INFO - Filling up the DagBag from /home/airflow/.local/lib/python3.12/site-packages/airflow/example_dags/tutorial.py
[2025-02-18T05:45:42.425+0000] {processor.py:925} INFO - DAG(s) 'tutorial' retrieved from /home/airflow/.local/lib/python3.12/site-packages/airflow/example_dags/tutorial.py
[2025-02-18T05:45:42.439+0000] {logging_mixin.py:190} INFO - [2025-02-18T05:45:42.439+0000] {dag.py:3239} INFO - Sync 1 DAGs
[2025-02-18T05:45:42.451+0000] {logging_mixin.py:190} INFO - [2025-02-18T05:45:42.451+0000] {dag.py:4180} INFO - Setting next_dagrun for tutorial to 2025-02-17 00:00:00+00:00, run_after=2025-02-18 00:00:00+00:00
[2025-02-18T05:45:42.462+0000] {processor.py:208} INFO - Processing /home/airflow/.local/lib/python3.12/site-packages/airflow/example_dags/tutorial.py took 0.046 seconds
[2025-02-18T05:46:12.675+0000] {processor.py:186} INFO - Started process (PID=9219) to work on /home/airflow/.local/lib/python3.12/site-packages/airflow/example_dags/tutorial.py
[2025-02-18T05:46:12.675+0000] {processor.py:914} INFO - Processing file /home/airflow/.local/lib/python3.12/site-packages/airflow/example_dags/tutorial.py for tasks to queue
[2025-02-18T05:46:12.676+0000] {logging_mixin.py:190} INFO - [2025-02-18T05:46:12.676+0000] {dagbag.py:588} INFO - Filling up the DagBag from /home/airflow/.local/lib/python3.12/site-packages/airflow/example_dags/tutorial.py
[2025-02-18T05:46:12.682+0000] {processor.py:925} INFO - DAG(s) 'tutorial' retrieved from /home/airflow/.local/lib/python3.12/site-packages/airflow/example_dags/tutorial.py
[2025-02-18T05:46:12.694+0000] {logging_mixin.py:190} INFO - [2025-02-18T05:46:12.693+0000] {dag.py:3239} INFO - Sync 1 DAGs
[2025-02-18T05:46:12.705+0000] {logging_mixin.py:190} INFO - [2025-02-18T05:46:12.705+0000] {dag.py:4180} INFO - Setting next_dagrun for tutorial to 2025-02-17 00:00:00+00:00, run_after=2025-02-18 00:00:00+00:00
[2025-02-18T05:46:12.714+0000] {processor.py:208} INFO - Processing /home/airflow/.local/lib/python3.12/site-packages/airflow/example_dags/tutorial.py took 0.042 seconds
[2025-02-18T05:46:42.954+0000] {processor.py:186} INFO - Started process (PID=9283) to work on /home/airflow/.local/lib/python3.12/site-packages/airflow/example_dags/tutorial.py
[2025-02-18T05:46:42.958+0000] {processor.py:914} INFO - Processing file /home/airflow/.local/lib/python3.12/site-packages/airflow/example_dags/tutorial.py for tasks to queue
[2025-02-18T05:46:42.960+0000] {logging_mixin.py:190} INFO - [2025-02-18T05:46:42.960+0000] {dagbag.py:588} INFO - Filling up the DagBag from /home/airflow/.local/lib/python3.12/site-packages/airflow/example_dags/tutorial.py
[2025-02-18T05:46:42.969+0000] {processor.py:925} INFO - DAG(s) 'tutorial' retrieved from /home/airflow/.local/lib/python3.12/site-packages/airflow/example_dags/tutorial.py
[2025-02-18T05:46:42.999+0000] {logging_mixin.py:190} INFO - [2025-02-18T05:46:42.999+0000] {dag.py:3239} INFO - Sync 1 DAGs
[2025-02-18T05:46:43.017+0000] {logging_mixin.py:190} INFO - [2025-02-18T05:46:43.017+0000] {dag.py:4180} INFO - Setting next_dagrun for tutorial to 2025-02-17 00:00:00+00:00, run_after=2025-02-18 00:00:00+00:00
[2025-02-18T05:46:43.030+0000] {processor.py:208} INFO - Processing /home/airflow/.local/lib/python3.12/site-packages/airflow/example_dags/tutorial.py took 0.080 seconds
[2025-02-18T05:47:13.478+0000] {processor.py:186} INFO - Started process (PID=9347) to work on /home/airflow/.local/lib/python3.12/site-packages/airflow/example_dags/tutorial.py
[2025-02-18T05:47:13.480+0000] {processor.py:914} INFO - Processing file /home/airflow/.local/lib/python3.12/site-packages/airflow/example_dags/tutorial.py for tasks to queue
[2025-02-18T05:47:13.481+0000] {logging_mixin.py:190} INFO - [2025-02-18T05:47:13.481+0000] {dagbag.py:588} INFO - Filling up the DagBag from /home/airflow/.local/lib/python3.12/site-packages/airflow/example_dags/tutorial.py
[2025-02-18T05:47:13.486+0000] {processor.py:925} INFO - DAG(s) 'tutorial' retrieved from /home/airflow/.local/lib/python3.12/site-packages/airflow/example_dags/tutorial.py
[2025-02-18T05:47:13.497+0000] {logging_mixin.py:190} INFO - [2025-02-18T05:47:13.497+0000] {dag.py:3239} INFO - Sync 1 DAGs
[2025-02-18T05:47:13.511+0000] {logging_mixin.py:190} INFO - [2025-02-18T05:47:13.511+0000] {dag.py:4180} INFO - Setting next_dagrun for tutorial to 2025-02-17 00:00:00+00:00, run_after=2025-02-18 00:00:00+00:00
[2025-02-18T05:47:13.525+0000] {processor.py:208} INFO - Processing /home/airflow/.local/lib/python3.12/site-packages/airflow/example_dags/tutorial.py took 0.050 seconds
[2025-02-18T05:47:43.795+0000] {processor.py:186} INFO - Started process (PID=9411) to work on /home/airflow/.local/lib/python3.12/site-packages/airflow/example_dags/tutorial.py
[2025-02-18T05:47:43.797+0000] {processor.py:914} INFO - Processing file /home/airflow/.local/lib/python3.12/site-packages/airflow/example_dags/tutorial.py for tasks to queue
[2025-02-18T05:47:43.798+0000] {logging_mixin.py:190} INFO - [2025-02-18T05:47:43.798+0000] {dagbag.py:588} INFO - Filling up the DagBag from /home/airflow/.local/lib/python3.12/site-packages/airflow/example_dags/tutorial.py
[2025-02-18T05:47:43.804+0000] {processor.py:925} INFO - DAG(s) 'tutorial' retrieved from /home/airflow/.local/lib/python3.12/site-packages/airflow/example_dags/tutorial.py
[2025-02-18T05:47:43.815+0000] {logging_mixin.py:190} INFO - [2025-02-18T05:47:43.815+0000] {dag.py:3239} INFO - Sync 1 DAGs
[2025-02-18T05:47:43.827+0000] {logging_mixin.py:190} INFO - [2025-02-18T05:47:43.827+0000] {dag.py:4180} INFO - Setting next_dagrun for tutorial to 2025-02-17 00:00:00+00:00, run_after=2025-02-18 00:00:00+00:00
[2025-02-18T05:47:43.836+0000] {processor.py:208} INFO - Processing /home/airflow/.local/lib/python3.12/site-packages/airflow/example_dags/tutorial.py took 0.045 seconds
[2025-02-18T05:48:14.106+0000] {processor.py:186} INFO - Started process (PID=9475) to work on /home/airflow/.local/lib/python3.12/site-packages/airflow/example_dags/tutorial.py
[2025-02-18T05:48:14.109+0000] {processor.py:914} INFO - Processing file /home/airflow/.local/lib/python3.12/site-packages/airflow/example_dags/tutorial.py for tasks to queue
[2025-02-18T05:48:14.111+0000] {logging_mixin.py:190} INFO - [2025-02-18T05:48:14.111+0000] {dagbag.py:588} INFO - Filling up the DagBag from /home/airflow/.local/lib/python3.12/site-packages/airflow/example_dags/tutorial.py
[2025-02-18T05:48:14.119+0000] {processor.py:925} INFO - DAG(s) 'tutorial' retrieved from /home/airflow/.local/lib/python3.12/site-packages/airflow/example_dags/tutorial.py
[2025-02-18T05:48:14.135+0000] {logging_mixin.py:190} INFO - [2025-02-18T05:48:14.135+0000] {dag.py:3239} INFO - Sync 1 DAGs
[2025-02-18T05:48:14.148+0000] {logging_mixin.py:190} INFO - [2025-02-18T05:48:14.148+0000] {dag.py:4180} INFO - Setting next_dagrun for tutorial to 2025-02-17 00:00:00+00:00, run_after=2025-02-18 00:00:00+00:00
[2025-02-18T05:48:14.161+0000] {processor.py:208} INFO - Processing /home/airflow/.local/lib/python3.12/site-packages/airflow/example_dags/tutorial.py took 0.058 seconds
[2025-02-18T05:48:44.183+0000] {processor.py:186} INFO - Started process (PID=9539) to work on /home/airflow/.local/lib/python3.12/site-packages/airflow/example_dags/tutorial.py
[2025-02-18T05:48:44.184+0000] {processor.py:914} INFO - Processing file /home/airflow/.local/lib/python3.12/site-packages/airflow/example_dags/tutorial.py for tasks to queue
[2025-02-18T05:48:44.185+0000] {logging_mixin.py:190} INFO - [2025-02-18T05:48:44.185+0000] {dagbag.py:588} INFO - Filling up the DagBag from /home/airflow/.local/lib/python3.12/site-packages/airflow/example_dags/tutorial.py
[2025-02-18T05:48:44.194+0000] {processor.py:925} INFO - DAG(s) 'tutorial' retrieved from /home/airflow/.local/lib/python3.12/site-packages/airflow/example_dags/tutorial.py
[2025-02-18T05:48:44.208+0000] {logging_mixin.py:190} INFO - [2025-02-18T05:48:44.208+0000] {dag.py:3239} INFO - Sync 1 DAGs
[2025-02-18T05:48:44.220+0000] {logging_mixin.py:190} INFO - [2025-02-18T05:48:44.220+0000] {dag.py:4180} INFO - Setting next_dagrun for tutorial to 2025-02-17 00:00:00+00:00, run_after=2025-02-18 00:00:00+00:00
[2025-02-18T05:48:44.230+0000] {processor.py:208} INFO - Processing /home/airflow/.local/lib/python3.12/site-packages/airflow/example_dags/tutorial.py took 0.051 seconds
[2025-02-18T05:49:15.121+0000] {processor.py:186} INFO - Started process (PID=9603) to work on /home/airflow/.local/lib/python3.12/site-packages/airflow/example_dags/tutorial.py
[2025-02-18T05:49:15.123+0000] {processor.py:914} INFO - Processing file /home/airflow/.local/lib/python3.12/site-packages/airflow/example_dags/tutorial.py for tasks to queue
[2025-02-18T05:49:15.124+0000] {logging_mixin.py:190} INFO - [2025-02-18T05:49:15.124+0000] {dagbag.py:588} INFO - Filling up the DagBag from /home/airflow/.local/lib/python3.12/site-packages/airflow/example_dags/tutorial.py
[2025-02-18T05:49:15.131+0000] {processor.py:925} INFO - DAG(s) 'tutorial' retrieved from /home/airflow/.local/lib/python3.12/site-packages/airflow/example_dags/tutorial.py
[2025-02-18T05:49:15.143+0000] {logging_mixin.py:190} INFO - [2025-02-18T05:49:15.143+0000] {dag.py:3239} INFO - Sync 1 DAGs
[2025-02-18T05:49:15.158+0000] {logging_mixin.py:190} INFO - [2025-02-18T05:49:15.157+0000] {dag.py:4180} INFO - Setting next_dagrun for tutorial to 2025-02-17 00:00:00+00:00, run_after=2025-02-18 00:00:00+00:00
[2025-02-18T05:49:15.169+0000] {processor.py:208} INFO - Processing /home/airflow/.local/lib/python3.12/site-packages/airflow/example_dags/tutorial.py took 0.052 seconds
[2025-02-18T05:49:45.404+0000] {processor.py:186} INFO - Started process (PID=9667) to work on /home/airflow/.local/lib/python3.12/site-packages/airflow/example_dags/tutorial.py
[2025-02-18T05:49:45.410+0000] {processor.py:914} INFO - Processing file /home/airflow/.local/lib/python3.12/site-packages/airflow/example_dags/tutorial.py for tasks to queue
[2025-02-18T05:49:45.410+0000] {logging_mixin.py:190} INFO - [2025-02-18T05:49:45.410+0000] {dagbag.py:588} INFO - Filling up the DagBag from /home/airflow/.local/lib/python3.12/site-packages/airflow/example_dags/tutorial.py
[2025-02-18T05:49:45.415+0000] {processor.py:925} INFO - DAG(s) 'tutorial' retrieved from /home/airflow/.local/lib/python3.12/site-packages/airflow/example_dags/tutorial.py
[2025-02-18T05:49:45.434+0000] {logging_mixin.py:190} INFO - [2025-02-18T05:49:45.434+0000] {dag.py:3239} INFO - Sync 1 DAGs
[2025-02-18T05:49:45.448+0000] {logging_mixin.py:190} INFO - [2025-02-18T05:49:45.448+0000] {dag.py:4180} INFO - Setting next_dagrun for tutorial to 2025-02-17 00:00:00+00:00, run_after=2025-02-18 00:00:00+00:00
[2025-02-18T05:49:45.462+0000] {processor.py:208} INFO - Processing /home/airflow/.local/lib/python3.12/site-packages/airflow/example_dags/tutorial.py took 0.062 seconds
[2025-02-18T05:50:15.538+0000] {processor.py:186} INFO - Started process (PID=9731) to work on /home/airflow/.local/lib/python3.12/site-packages/airflow/example_dags/tutorial.py
[2025-02-18T05:50:15.538+0000] {processor.py:914} INFO - Processing file /home/airflow/.local/lib/python3.12/site-packages/airflow/example_dags/tutorial.py for tasks to queue
[2025-02-18T05:50:15.542+0000] {logging_mixin.py:190} INFO - [2025-02-18T05:50:15.542+0000] {dagbag.py:588} INFO - Filling up the DagBag from /home/airflow/.local/lib/python3.12/site-packages/airflow/example_dags/tutorial.py
[2025-02-18T05:50:15.547+0000] {processor.py:925} INFO - DAG(s) 'tutorial' retrieved from /home/airflow/.local/lib/python3.12/site-packages/airflow/example_dags/tutorial.py
[2025-02-18T05:50:15.562+0000] {logging_mixin.py:190} INFO - [2025-02-18T05:50:15.562+0000] {dag.py:3239} INFO - Sync 1 DAGs
[2025-02-18T05:50:15.574+0000] {logging_mixin.py:190} INFO - [2025-02-18T05:50:15.574+0000] {dag.py:4180} INFO - Setting next_dagrun for tutorial to 2025-02-17 00:00:00+00:00, run_after=2025-02-18 00:00:00+00:00
[2025-02-18T05:50:15.587+0000] {processor.py:208} INFO - Processing /home/airflow/.local/lib/python3.12/site-packages/airflow/example_dags/tutorial.py took 0.052 seconds
[2025-02-18T05:50:45.791+0000] {processor.py:186} INFO - Started process (PID=9796) to work on /home/airflow/.local/lib/python3.12/site-packages/airflow/example_dags/tutorial.py
[2025-02-18T05:50:45.791+0000] {processor.py:914} INFO - Processing file /home/airflow/.local/lib/python3.12/site-packages/airflow/example_dags/tutorial.py for tasks to queue
[2025-02-18T05:50:45.792+0000] {logging_mixin.py:190} INFO - [2025-02-18T05:50:45.792+0000] {dagbag.py:588} INFO - Filling up the DagBag from /home/airflow/.local/lib/python3.12/site-packages/airflow/example_dags/tutorial.py
[2025-02-18T05:50:45.800+0000] {processor.py:925} INFO - DAG(s) 'tutorial' retrieved from /home/airflow/.local/lib/python3.12/site-packages/airflow/example_dags/tutorial.py
[2025-02-18T05:50:45.815+0000] {logging_mixin.py:190} INFO - [2025-02-18T05:50:45.815+0000] {dag.py:3239} INFO - Sync 1 DAGs
[2025-02-18T05:50:45.830+0000] {logging_mixin.py:190} INFO - [2025-02-18T05:50:45.830+0000] {dag.py:4180} INFO - Setting next_dagrun for tutorial to 2025-02-17 00:00:00+00:00, run_after=2025-02-18 00:00:00+00:00
[2025-02-18T05:50:45.842+0000] {processor.py:208} INFO - Processing /home/airflow/.local/lib/python3.12/site-packages/airflow/example_dags/tutorial.py took 0.055 seconds
[2025-02-18T05:51:16.198+0000] {processor.py:186} INFO - Started process (PID=9860) to work on /home/airflow/.local/lib/python3.12/site-packages/airflow/example_dags/tutorial.py
[2025-02-18T05:51:16.199+0000] {processor.py:914} INFO - Processing file /home/airflow/.local/lib/python3.12/site-packages/airflow/example_dags/tutorial.py for tasks to queue
[2025-02-18T05:51:16.201+0000] {logging_mixin.py:190} INFO - [2025-02-18T05:51:16.201+0000] {dagbag.py:588} INFO - Filling up the DagBag from /home/airflow/.local/lib/python3.12/site-packages/airflow/example_dags/tutorial.py
[2025-02-18T05:51:16.206+0000] {processor.py:925} INFO - DAG(s) 'tutorial' retrieved from /home/airflow/.local/lib/python3.12/site-packages/airflow/example_dags/tutorial.py
[2025-02-18T05:51:16.217+0000] {logging_mixin.py:190} INFO - [2025-02-18T05:51:16.217+0000] {dag.py:3239} INFO - Sync 1 DAGs
[2025-02-18T05:51:16.232+0000] {logging_mixin.py:190} INFO - [2025-02-18T05:51:16.232+0000] {dag.py:4180} INFO - Setting next_dagrun for tutorial to 2025-02-17 00:00:00+00:00, run_after=2025-02-18 00:00:00+00:00
[2025-02-18T05:51:16.244+0000] {processor.py:208} INFO - Processing /home/airflow/.local/lib/python3.12/site-packages/airflow/example_dags/tutorial.py took 0.052 seconds
[2025-02-18T05:51:46.494+0000] {processor.py:186} INFO - Started process (PID=9924) to work on /home/airflow/.local/lib/python3.12/site-packages/airflow/example_dags/tutorial.py
[2025-02-18T05:51:46.496+0000] {processor.py:914} INFO - Processing file /home/airflow/.local/lib/python3.12/site-packages/airflow/example_dags/tutorial.py for tasks to queue
[2025-02-18T05:51:46.496+0000] {logging_mixin.py:190} INFO - [2025-02-18T05:51:46.496+0000] {dagbag.py:588} INFO - Filling up the DagBag from /home/airflow/.local/lib/python3.12/site-packages/airflow/example_dags/tutorial.py
[2025-02-18T05:51:46.506+0000] {processor.py:925} INFO - DAG(s) 'tutorial' retrieved from /home/airflow/.local/lib/python3.12/site-packages/airflow/example_dags/tutorial.py
[2025-02-18T05:51:46.520+0000] {logging_mixin.py:190} INFO - [2025-02-18T05:51:46.520+0000] {dag.py:3239} INFO - Sync 1 DAGs
[2025-02-18T05:51:46.532+0000] {logging_mixin.py:190} INFO - [2025-02-18T05:51:46.532+0000] {dag.py:4180} INFO - Setting next_dagrun for tutorial to 2025-02-17 00:00:00+00:00, run_after=2025-02-18 00:00:00+00:00
[2025-02-18T05:51:46.547+0000] {processor.py:208} INFO - Processing /home/airflow/.local/lib/python3.12/site-packages/airflow/example_dags/tutorial.py took 0.055 seconds
[2025-02-18T05:52:17.315+0000] {processor.py:186} INFO - Started process (PID=9988) to work on /home/airflow/.local/lib/python3.12/site-packages/airflow/example_dags/tutorial.py
[2025-02-18T05:52:17.316+0000] {processor.py:914} INFO - Processing file /home/airflow/.local/lib/python3.12/site-packages/airflow/example_dags/tutorial.py for tasks to queue
[2025-02-18T05:52:17.317+0000] {logging_mixin.py:190} INFO - [2025-02-18T05:52:17.317+0000] {dagbag.py:588} INFO - Filling up the DagBag from /home/airflow/.local/lib/python3.12/site-packages/airflow/example_dags/tutorial.py
[2025-02-18T05:52:17.322+0000] {processor.py:925} INFO - DAG(s) 'tutorial' retrieved from /home/airflow/.local/lib/python3.12/site-packages/airflow/example_dags/tutorial.py
[2025-02-18T05:52:17.332+0000] {logging_mixin.py:190} INFO - [2025-02-18T05:52:17.332+0000] {dag.py:3239} INFO - Sync 1 DAGs
[2025-02-18T05:52:17.344+0000] {logging_mixin.py:190} INFO - [2025-02-18T05:52:17.344+0000] {dag.py:4180} INFO - Setting next_dagrun for tutorial to 2025-02-17 00:00:00+00:00, run_after=2025-02-18 00:00:00+00:00
[2025-02-18T05:52:17.352+0000] {processor.py:208} INFO - Processing /home/airflow/.local/lib/python3.12/site-packages/airflow/example_dags/tutorial.py took 0.040 seconds
[2025-02-18T05:52:48.332+0000] {processor.py:186} INFO - Started process (PID=10052) to work on /home/airflow/.local/lib/python3.12/site-packages/airflow/example_dags/tutorial.py
[2025-02-18T05:52:48.334+0000] {processor.py:914} INFO - Processing file /home/airflow/.local/lib/python3.12/site-packages/airflow/example_dags/tutorial.py for tasks to queue
[2025-02-18T05:52:48.335+0000] {logging_mixin.py:190} INFO - [2025-02-18T05:52:48.335+0000] {dagbag.py:588} INFO - Filling up the DagBag from /home/airflow/.local/lib/python3.12/site-packages/airflow/example_dags/tutorial.py
[2025-02-18T05:52:48.342+0000] {processor.py:925} INFO - DAG(s) 'tutorial' retrieved from /home/airflow/.local/lib/python3.12/site-packages/airflow/example_dags/tutorial.py
[2025-02-18T05:52:48.359+0000] {logging_mixin.py:190} INFO - [2025-02-18T05:52:48.358+0000] {dag.py:3239} INFO - Sync 1 DAGs
[2025-02-18T05:52:48.373+0000] {logging_mixin.py:190} INFO - [2025-02-18T05:52:48.373+0000] {dag.py:4180} INFO - Setting next_dagrun for tutorial to 2025-02-17 00:00:00+00:00, run_after=2025-02-18 00:00:00+00:00
[2025-02-18T05:52:48.386+0000] {processor.py:208} INFO - Processing /home/airflow/.local/lib/python3.12/site-packages/airflow/example_dags/tutorial.py took 0.057 seconds
[2025-02-18T05:53:18.415+0000] {processor.py:186} INFO - Started process (PID=10116) to work on /home/airflow/.local/lib/python3.12/site-packages/airflow/example_dags/tutorial.py
[2025-02-18T05:53:18.418+0000] {processor.py:914} INFO - Processing file /home/airflow/.local/lib/python3.12/site-packages/airflow/example_dags/tutorial.py for tasks to queue
[2025-02-18T05:53:18.420+0000] {logging_mixin.py:190} INFO - [2025-02-18T05:53:18.419+0000] {dagbag.py:588} INFO - Filling up the DagBag from /home/airflow/.local/lib/python3.12/site-packages/airflow/example_dags/tutorial.py
[2025-02-18T05:53:18.425+0000] {processor.py:925} INFO - DAG(s) 'tutorial' retrieved from /home/airflow/.local/lib/python3.12/site-packages/airflow/example_dags/tutorial.py
[2025-02-18T05:53:18.440+0000] {logging_mixin.py:190} INFO - [2025-02-18T05:53:18.440+0000] {dag.py:3239} INFO - Sync 1 DAGs
[2025-02-18T05:53:18.454+0000] {logging_mixin.py:190} INFO - [2025-02-18T05:53:18.453+0000] {dag.py:4180} INFO - Setting next_dagrun for tutorial to 2025-02-17 00:00:00+00:00, run_after=2025-02-18 00:00:00+00:00
[2025-02-18T05:53:18.465+0000] {processor.py:208} INFO - Processing /home/airflow/.local/lib/python3.12/site-packages/airflow/example_dags/tutorial.py took 0.053 seconds
[2025-02-18T05:53:48.643+0000] {processor.py:186} INFO - Started process (PID=10179) to work on /home/airflow/.local/lib/python3.12/site-packages/airflow/example_dags/tutorial.py
[2025-02-18T05:53:48.644+0000] {processor.py:914} INFO - Processing file /home/airflow/.local/lib/python3.12/site-packages/airflow/example_dags/tutorial.py for tasks to queue
[2025-02-18T05:53:48.645+0000] {logging_mixin.py:190} INFO - [2025-02-18T05:53:48.645+0000] {dagbag.py:588} INFO - Filling up the DagBag from /home/airflow/.local/lib/python3.12/site-packages/airflow/example_dags/tutorial.py
[2025-02-18T05:53:48.650+0000] {processor.py:925} INFO - DAG(s) 'tutorial' retrieved from /home/airflow/.local/lib/python3.12/site-packages/airflow/example_dags/tutorial.py
[2025-02-18T05:53:48.668+0000] {logging_mixin.py:190} INFO - [2025-02-18T05:53:48.667+0000] {dag.py:3239} INFO - Sync 1 DAGs
[2025-02-18T05:53:48.679+0000] {logging_mixin.py:190} INFO - [2025-02-18T05:53:48.679+0000] {dag.py:4180} INFO - Setting next_dagrun for tutorial to 2025-02-17 00:00:00+00:00, run_after=2025-02-18 00:00:00+00:00
[2025-02-18T05:53:48.693+0000] {processor.py:208} INFO - Processing /home/airflow/.local/lib/python3.12/site-packages/airflow/example_dags/tutorial.py took 0.053 seconds
[2025-02-18T05:54:19.114+0000] {processor.py:186} INFO - Started process (PID=10243) to work on /home/airflow/.local/lib/python3.12/site-packages/airflow/example_dags/tutorial.py
[2025-02-18T05:54:19.115+0000] {processor.py:914} INFO - Processing file /home/airflow/.local/lib/python3.12/site-packages/airflow/example_dags/tutorial.py for tasks to queue
[2025-02-18T05:54:19.116+0000] {logging_mixin.py:190} INFO - [2025-02-18T05:54:19.116+0000] {dagbag.py:588} INFO - Filling up the DagBag from /home/airflow/.local/lib/python3.12/site-packages/airflow/example_dags/tutorial.py
[2025-02-18T05:54:19.121+0000] {processor.py:925} INFO - DAG(s) 'tutorial' retrieved from /home/airflow/.local/lib/python3.12/site-packages/airflow/example_dags/tutorial.py
[2025-02-18T05:54:19.133+0000] {logging_mixin.py:190} INFO - [2025-02-18T05:54:19.132+0000] {dag.py:3239} INFO - Sync 1 DAGs
[2025-02-18T05:54:19.145+0000] {logging_mixin.py:190} INFO - [2025-02-18T05:54:19.145+0000] {dag.py:4180} INFO - Setting next_dagrun for tutorial to 2025-02-17 00:00:00+00:00, run_after=2025-02-18 00:00:00+00:00
[2025-02-18T05:54:19.155+0000] {processor.py:208} INFO - Processing /home/airflow/.local/lib/python3.12/site-packages/airflow/example_dags/tutorial.py took 0.045 seconds
[2025-02-18T05:54:49.447+0000] {processor.py:186} INFO - Started process (PID=10307) to work on /home/airflow/.local/lib/python3.12/site-packages/airflow/example_dags/tutorial.py
[2025-02-18T05:54:49.448+0000] {processor.py:914} INFO - Processing file /home/airflow/.local/lib/python3.12/site-packages/airflow/example_dags/tutorial.py for tasks to queue
[2025-02-18T05:54:49.450+0000] {logging_mixin.py:190} INFO - [2025-02-18T05:54:49.449+0000] {dagbag.py:588} INFO - Filling up the DagBag from /home/airflow/.local/lib/python3.12/site-packages/airflow/example_dags/tutorial.py
[2025-02-18T05:54:49.456+0000] {processor.py:925} INFO - DAG(s) 'tutorial' retrieved from /home/airflow/.local/lib/python3.12/site-packages/airflow/example_dags/tutorial.py
[2025-02-18T05:54:49.468+0000] {logging_mixin.py:190} INFO - [2025-02-18T05:54:49.468+0000] {dag.py:3239} INFO - Sync 1 DAGs
[2025-02-18T05:54:49.480+0000] {logging_mixin.py:190} INFO - [2025-02-18T05:54:49.480+0000] {dag.py:4180} INFO - Setting next_dagrun for tutorial to 2025-02-17 00:00:00+00:00, run_after=2025-02-18 00:00:00+00:00
[2025-02-18T05:54:49.489+0000] {processor.py:208} INFO - Processing /home/airflow/.local/lib/python3.12/site-packages/airflow/example_dags/tutorial.py took 0.047 seconds
[2025-02-18T05:55:19.830+0000] {processor.py:186} INFO - Started process (PID=10371) to work on /home/airflow/.local/lib/python3.12/site-packages/airflow/example_dags/tutorial.py
[2025-02-18T05:55:19.831+0000] {processor.py:914} INFO - Processing file /home/airflow/.local/lib/python3.12/site-packages/airflow/example_dags/tutorial.py for tasks to queue
[2025-02-18T05:55:19.832+0000] {logging_mixin.py:190} INFO - [2025-02-18T05:55:19.831+0000] {dagbag.py:588} INFO - Filling up the DagBag from /home/airflow/.local/lib/python3.12/site-packages/airflow/example_dags/tutorial.py
[2025-02-18T05:55:19.837+0000] {processor.py:925} INFO - DAG(s) 'tutorial' retrieved from /home/airflow/.local/lib/python3.12/site-packages/airflow/example_dags/tutorial.py
[2025-02-18T05:55:19.850+0000] {logging_mixin.py:190} INFO - [2025-02-18T05:55:19.850+0000] {dag.py:3239} INFO - Sync 1 DAGs
[2025-02-18T05:55:19.864+0000] {logging_mixin.py:190} INFO - [2025-02-18T05:55:19.863+0000] {dag.py:4180} INFO - Setting next_dagrun for tutorial to 2025-02-17 00:00:00+00:00, run_after=2025-02-18 00:00:00+00:00
[2025-02-18T05:55:19.874+0000] {processor.py:208} INFO - Processing /home/airflow/.local/lib/python3.12/site-packages/airflow/example_dags/tutorial.py took 0.048 seconds
[2025-02-18T05:55:50.015+0000] {processor.py:186} INFO - Started process (PID=10434) to work on /home/airflow/.local/lib/python3.12/site-packages/airflow/example_dags/tutorial.py
[2025-02-18T05:55:50.015+0000] {processor.py:914} INFO - Processing file /home/airflow/.local/lib/python3.12/site-packages/airflow/example_dags/tutorial.py for tasks to queue
[2025-02-18T05:55:50.016+0000] {logging_mixin.py:190} INFO - [2025-02-18T05:55:50.016+0000] {dagbag.py:588} INFO - Filling up the DagBag from /home/airflow/.local/lib/python3.12/site-packages/airflow/example_dags/tutorial.py
[2025-02-18T05:55:50.022+0000] {processor.py:925} INFO - DAG(s) 'tutorial' retrieved from /home/airflow/.local/lib/python3.12/site-packages/airflow/example_dags/tutorial.py
[2025-02-18T05:55:50.033+0000] {logging_mixin.py:190} INFO - [2025-02-18T05:55:50.033+0000] {dag.py:3239} INFO - Sync 1 DAGs
[2025-02-18T05:55:50.045+0000] {logging_mixin.py:190} INFO - [2025-02-18T05:55:50.044+0000] {dag.py:4180} INFO - Setting next_dagrun for tutorial to 2025-02-17 00:00:00+00:00, run_after=2025-02-18 00:00:00+00:00
[2025-02-18T05:55:50.054+0000] {processor.py:208} INFO - Processing /home/airflow/.local/lib/python3.12/site-packages/airflow/example_dags/tutorial.py took 0.043 seconds
[2025-02-18T10:40:12.597+0000] {processor.py:186} INFO - Started process (PID=84) to work on /home/airflow/.local/lib/python3.12/site-packages/airflow/example_dags/tutorial.py
[2025-02-18T10:40:12.598+0000] {processor.py:914} INFO - Processing file /home/airflow/.local/lib/python3.12/site-packages/airflow/example_dags/tutorial.py for tasks to queue
[2025-02-18T10:40:12.603+0000] {logging_mixin.py:190} INFO - [2025-02-18T10:40:12.602+0000] {dagbag.py:588} INFO - Filling up the DagBag from /home/airflow/.local/lib/python3.12/site-packages/airflow/example_dags/tutorial.py
[2025-02-18T10:40:12.608+0000] {processor.py:925} INFO - DAG(s) 'tutorial' retrieved from /home/airflow/.local/lib/python3.12/site-packages/airflow/example_dags/tutorial.py
[2025-02-18T10:40:12.623+0000] {logging_mixin.py:190} INFO - [2025-02-18T10:40:12.623+0000] {dag.py:3239} INFO - Sync 1 DAGs
[2025-02-18T10:40:12.643+0000] {logging_mixin.py:190} INFO - [2025-02-18T10:40:12.642+0000] {dag.py:4180} INFO - Setting next_dagrun for tutorial to 2025-02-17 00:00:00+00:00, run_after=2025-02-18 00:00:00+00:00
[2025-02-18T10:40:12.659+0000] {processor.py:208} INFO - Processing /home/airflow/.local/lib/python3.12/site-packages/airflow/example_dags/tutorial.py took 0.066 seconds
[2025-02-18T10:47:02.917+0000] {processor.py:186} INFO - Started process (PID=87) to work on /home/airflow/.local/lib/python3.12/site-packages/airflow/example_dags/tutorial.py
[2025-02-18T10:47:02.918+0000] {processor.py:914} INFO - Processing file /home/airflow/.local/lib/python3.12/site-packages/airflow/example_dags/tutorial.py for tasks to queue
[2025-02-18T10:47:02.920+0000] {logging_mixin.py:190} INFO - [2025-02-18T10:47:02.920+0000] {dagbag.py:588} INFO - Filling up the DagBag from /home/airflow/.local/lib/python3.12/site-packages/airflow/example_dags/tutorial.py
[2025-02-18T10:47:02.927+0000] {processor.py:925} INFO - DAG(s) 'tutorial' retrieved from /home/airflow/.local/lib/python3.12/site-packages/airflow/example_dags/tutorial.py
[2025-02-18T10:47:02.948+0000] {logging_mixin.py:190} INFO - [2025-02-18T10:47:02.948+0000] {dag.py:3239} INFO - Sync 1 DAGs
[2025-02-18T10:47:02.966+0000] {logging_mixin.py:190} INFO - [2025-02-18T10:47:02.965+0000] {dag.py:4180} INFO - Setting next_dagrun for tutorial to 2025-02-17 00:00:00+00:00, run_after=2025-02-18 00:00:00+00:00
[2025-02-18T10:47:02.977+0000] {processor.py:208} INFO - Processing /home/airflow/.local/lib/python3.12/site-packages/airflow/example_dags/tutorial.py took 0.065 seconds
