[2025-02-17T20:20:27.052+0000] {local_task_job_runner.py:123} INFO - ::group::Pre task execution logs
[2025-02-17T20:20:27.065+0000] {taskinstance.py:2614} INFO - Dependencies all met for dep_context=non-requeueable deps ti=<TaskInstance: name_of_pipeline.save_data scheduled__2025-02-16T00:00:00+00:00 [queued]>
[2025-02-17T20:20:27.072+0000] {taskinstance.py:2614} INFO - Dependencies all met for dep_context=requeueable deps ti=<TaskInstance: name_of_pipeline.save_data scheduled__2025-02-16T00:00:00+00:00 [queued]>
[2025-02-17T20:20:27.072+0000] {taskinstance.py:2867} INFO - Starting attempt 1 of 1
[2025-02-17T20:20:27.080+0000] {taskinstance.py:2890} INFO - Executing <Task(PythonOperator): save_data> on 2025-02-16 00:00:00+00:00
[2025-02-17T20:20:27.087+0000] {warnings.py:112} WARNING - /home/***/.local/lib/python3.12/site-packages/***/task/task_runner/standard_task_runner.py:70: DeprecationWarning: This process (pid=2661) is multi-threaded, use of fork() may lead to deadlocks in the child.
  pid = os.fork()

[2025-02-17T20:20:27.089+0000] {standard_task_runner.py:104} INFO - Running: ['***', 'tasks', 'run', 'name_of_pipeline', 'save_data', 'scheduled__2025-02-16T00:00:00+00:00', '--job-id', '814', '--raw', '--subdir', 'DAGS_FOLDER/pipeline.py', '--cfg-path', '/tmp/tmpd92qyarw']
[2025-02-17T20:20:27.091+0000] {standard_task_runner.py:105} INFO - Job 814: Subtask save_data
[2025-02-17T20:20:27.091+0000] {standard_task_runner.py:72} INFO - Started process 2662 to run task
[2025-02-17T20:20:27.128+0000] {task_command.py:467} INFO - Running <TaskInstance: name_of_pipeline.save_data scheduled__2025-02-16T00:00:00+00:00 [running]> on host f4228ad55513
[2025-02-17T20:20:27.669+0000] {taskinstance.py:3134} INFO - Exporting env vars: AIRFLOW_CTX_DAG_OWNER='***' AIRFLOW_CTX_DAG_ID='name_of_pipeline' AIRFLOW_CTX_TASK_ID='save_data' AIRFLOW_CTX_EXECUTION_DATE='2025-02-16T00:00:00+00:00' AIRFLOW_CTX_TRY_NUMBER='1' AIRFLOW_CTX_DAG_RUN_ID='scheduled__2025-02-16T00:00:00+00:00'
[2025-02-17T20:20:27.670+0000] {logging_mixin.py:190} INFO - Task instance is in running state
[2025-02-17T20:20:27.670+0000] {logging_mixin.py:190} INFO -  Previous state of the Task instance: queued
[2025-02-17T20:20:27.671+0000] {logging_mixin.py:190} INFO - Current task name:save_data state:running start_date:2025-02-17 20:20:27.065840+00:00
[2025-02-17T20:20:27.671+0000] {logging_mixin.py:190} INFO - Dag name:name_of_pipeline and current dag run status:running
[2025-02-17T20:20:27.671+0000] {taskinstance.py:732} INFO - ::endgroup::
[2025-02-17T20:20:27.672+0000] {pipeline.py:38} INFO - Сохраняем данные: LazySelectSequence([3 items])
[2025-02-17T20:20:27.681+0000] {python.py:240} INFO - Done. Returned value was: None
[2025-02-17T20:20:27.688+0000] {taskinstance.py:341} INFO - ::group::Post task execution logs
[2025-02-17T20:20:27.689+0000] {taskinstance.py:353} INFO - Marking task as SUCCESS. dag_id=name_of_pipeline, task_id=save_data, run_id=scheduled__2025-02-16T00:00:00+00:00, execution_date=20250216T000000, start_date=20250217T202027, end_date=20250217T202027
[2025-02-17T20:20:27.706+0000] {logging_mixin.py:190} INFO - Task instance in success state
[2025-02-17T20:20:27.706+0000] {logging_mixin.py:190} INFO -  Previous state of the Task instance: running
[2025-02-17T20:20:27.707+0000] {logging_mixin.py:190} INFO - Dag name:name_of_pipeline queued_at:2025-02-17 20:20:03.946473+00:00
[2025-02-17T20:20:27.707+0000] {logging_mixin.py:190} INFO - Task hostname:f4228ad55513 operator:PythonOperator
[2025-02-17T20:20:27.730+0000] {local_task_job_runner.py:266} INFO - Task exited with return code 0
[2025-02-17T20:20:27.751+0000] {taskinstance.py:3901} INFO - 0 downstream tasks scheduled from follow-on schedule check
[2025-02-17T20:20:27.753+0000] {local_task_job_runner.py:245} INFO - ::endgroup::
