[2025-02-19T11:46:44.148+0000] {local_task_job_runner.py:123} INFO - ::group::Pre task execution logs
[2025-02-19T11:46:44.159+0000] {taskinstance.py:2614} INFO - Dependencies all met for dep_context=non-requeueable deps ti=<TaskInstance: pipeline.parser_for_Eapteka manual__2025-02-19T11:46:42.425033+00:00 [queued]>
[2025-02-19T11:46:44.165+0000] {taskinstance.py:2614} INFO - Dependencies all met for dep_context=requeueable deps ti=<TaskInstance: pipeline.parser_for_Eapteka manual__2025-02-19T11:46:42.425033+00:00 [queued]>
[2025-02-19T11:46:44.166+0000] {taskinstance.py:2867} INFO - Starting attempt 1 of 1
[2025-02-19T11:46:44.278+0000] {taskinstance.py:2890} INFO - Executing <Task(_PythonDecoratedOperator): parser_for_Eapteka> on 2025-02-19 11:46:42.425033+00:00
[2025-02-19T11:46:44.282+0000] {warnings.py:112} WARNING - /home/***/.local/lib/python3.12/site-packages/***/task/task_runner/standard_task_runner.py:70: DeprecationWarning: This process (pid=295) is multi-threaded, use of fork() may lead to deadlocks in the child.
  pid = os.fork()

[2025-02-19T11:46:44.284+0000] {standard_task_runner.py:72} INFO - Started process 302 to run task
[2025-02-19T11:46:44.284+0000] {standard_task_runner.py:104} INFO - Running: ['***', 'tasks', 'run', 'pipeline', 'parser_for_Eapteka', 'manual__2025-02-19T11:46:42.425033+00:00', '--job-id', '929', '--raw', '--subdir', 'DAGS_FOLDER/pipeline.py', '--cfg-path', '/tmp/tmpvthdo67x']
[2025-02-19T11:46:44.285+0000] {standard_task_runner.py:105} INFO - Job 929: Subtask parser_for_Eapteka
[2025-02-19T11:46:44.317+0000] {task_command.py:467} INFO - Running <TaskInstance: pipeline.parser_for_Eapteka manual__2025-02-19T11:46:42.425033+00:00 [running]> on host 23903a4a7553
[2025-02-19T11:46:44.361+0000] {taskinstance.py:3134} INFO - Exporting env vars: AIRFLOW_CTX_DAG_OWNER='***' AIRFLOW_CTX_DAG_ID='pipeline' AIRFLOW_CTX_TASK_ID='parser_for_Eapteka' AIRFLOW_CTX_EXECUTION_DATE='2025-02-19T11:46:42.425033+00:00' AIRFLOW_CTX_TRY_NUMBER='1' AIRFLOW_CTX_DAG_RUN_ID='manual__2025-02-19T11:46:42.425033+00:00'
[2025-02-19T11:46:44.362+0000] {logging_mixin.py:190} INFO - Task instance is in running state
[2025-02-19T11:46:44.362+0000] {logging_mixin.py:190} INFO -  Previous state of the Task instance: queued
[2025-02-19T11:46:44.362+0000] {logging_mixin.py:190} INFO - Current task name:parser_for_Eapteka state:running start_date:2025-02-19 11:46:44.160184+00:00
[2025-02-19T11:46:44.362+0000] {logging_mixin.py:190} INFO - Dag name:pipeline and current dag run status:running
[2025-02-19T11:46:44.363+0000] {taskinstance.py:732} INFO - ::endgroup::
[2025-02-19T11:46:44.363+0000] {parser_1.py:27} INFO - Open webdriver_remote
[2025-02-19T11:46:44.724+0000] {parser_1.py:39} INFO - Webdriver opened
[2025-02-19T11:46:50.095+0000] {parser_1.py:45} INFO - success
[2025-02-19T11:46:50.112+0000] {parser_1.py:53} INFO - Found 10 review elements
[2025-02-19T11:46:50.223+0000] {parser_1.py:60} INFO - Data collected successfully
[2025-02-19T11:46:50.299+0000] {python.py:240} INFO - Done. Returned value was:                                               Review
0  Я мама двух маленьких детей, и постоянная уста...
1  Недостатки: Не помогло. все время была сонливо...
2  Я начала принимать Проспекту при астении по ре...
3  Давненько хотела пропить что-то для улучшения ...
4  Не знаю, что бы делала, если бы не узнала про ...
5  Брали Проспекту дедушке, для улучшения памяти....
6  Хвалю Проспекту, отлично помогает при СДВГ у р...
7  Проспекту назначили папе после инсульта, у нег...
8  Давала эти таблетки сыну, а то его неусидчивос...
9  Искала хорошее средство для улучшения концентр...
[2025-02-19T11:46:50.329+0000] {taskinstance.py:341} INFO - ::group::Post task execution logs
[2025-02-19T11:46:50.329+0000] {taskinstance.py:353} INFO - Marking task as SUCCESS. dag_id=pipeline, task_id=parser_for_Eapteka, run_id=manual__2025-02-19T11:46:42.425033+00:00, execution_date=20250219T114642, start_date=20250219T114644, end_date=20250219T114650
[2025-02-19T11:46:50.340+0000] {logging_mixin.py:190} INFO - Task instance in success state
[2025-02-19T11:46:50.341+0000] {logging_mixin.py:190} INFO -  Previous state of the Task instance: running
[2025-02-19T11:46:50.341+0000] {logging_mixin.py:190} INFO - Dag name:pipeline queued_at:2025-02-19 11:46:42.444658+00:00
[2025-02-19T11:46:50.341+0000] {logging_mixin.py:190} INFO - Task hostname:23903a4a7553 operator:_PythonDecoratedOperator
[2025-02-19T11:46:50.347+0000] {local_task_job_runner.py:266} INFO - Task exited with return code 0
[2025-02-19T11:46:50.362+0000] {taskinstance.py:3901} INFO - 1 downstream tasks scheduled from follow-on schedule check
[2025-02-19T11:46:50.363+0000] {local_task_job_runner.py:245} INFO - ::endgroup::
