[2025-02-20T10:15:17.270+0000] {local_task_job_runner.py:123} INFO - ::group::Pre task execution logs
[2025-02-20T10:15:17.284+0000] {taskinstance.py:2614} INFO - Dependencies all met for dep_context=non-requeueable deps ti=<TaskInstance: pipeline.process_data manual__2025-02-20T10:15:01.769753+00:00 [queued]>
[2025-02-20T10:15:17.384+0000] {taskinstance.py:2614} INFO - Dependencies all met for dep_context=requeueable deps ti=<TaskInstance: pipeline.process_data manual__2025-02-20T10:15:01.769753+00:00 [queued]>
[2025-02-20T10:15:17.385+0000] {taskinstance.py:2867} INFO - Starting attempt 1 of 1
[2025-02-20T10:15:17.391+0000] {taskinstance.py:2890} INFO - Executing <Task(_PythonDecoratedOperator): process_data> on 2025-02-20 10:15:01.769753+00:00
[2025-02-20T10:15:17.396+0000] {warnings.py:112} WARNING - /home/***/.local/lib/python3.12/site-packages/***/task/task_runner/standard_task_runner.py:70: DeprecationWarning: This process (pid=1192) is multi-threaded, use of fork() may lead to deadlocks in the child.
  pid = os.fork()

[2025-02-20T10:15:17.397+0000] {standard_task_runner.py:72} INFO - Started process 1194 to run task
[2025-02-20T10:15:17.397+0000] {standard_task_runner.py:104} INFO - Running: ['***', 'tasks', 'run', 'pipeline', 'process_data', 'manual__2025-02-20T10:15:01.769753+00:00', '--job-id', '1123', '--raw', '--subdir', 'DAGS_FOLDER/pipeline.py', '--cfg-path', '/tmp/tmpl3ihs2g4']
[2025-02-20T10:15:17.398+0000] {standard_task_runner.py:105} INFO - Job 1123: Subtask process_data
[2025-02-20T10:15:17.424+0000] {task_command.py:467} INFO - Running <TaskInstance: pipeline.process_data manual__2025-02-20T10:15:01.769753+00:00 [running]> on host 5f8091faf500
[2025-02-20T10:15:17.465+0000] {taskinstance.py:3134} INFO - Exporting env vars: AIRFLOW_CTX_DAG_OWNER='***' AIRFLOW_CTX_DAG_ID='pipeline' AIRFLOW_CTX_TASK_ID='process_data' AIRFLOW_CTX_EXECUTION_DATE='2025-02-20T10:15:01.769753+00:00' AIRFLOW_CTX_TRY_NUMBER='1' AIRFLOW_CTX_DAG_RUN_ID='manual__2025-02-20T10:15:01.769753+00:00'
[2025-02-20T10:15:17.466+0000] {logging_mixin.py:190} INFO - Task instance is in running state
[2025-02-20T10:15:17.466+0000] {logging_mixin.py:190} INFO -  Previous state of the Task instance: queued
[2025-02-20T10:15:17.466+0000] {logging_mixin.py:190} INFO - Current task name:process_data state:running start_date:2025-02-20 10:15:17.285152+00:00
[2025-02-20T10:15:17.467+0000] {logging_mixin.py:190} INFO - Dag name:pipeline and current dag run status:running
[2025-02-20T10:15:17.467+0000] {taskinstance.py:732} INFO - ::endgroup::
[2025-02-20T10:15:17.467+0000] {process_and_label_data.py:22} INFO - Начато обрабатываем данных из файла: /opt/***/output/data_from_sites/output_data.csv
[2025-02-20T10:15:17.472+0000] {process_and_label_data.py:26} INFO - Данные считаны. Всего строк: 102
[2025-02-20T10:15:17.473+0000] {process_and_label_data.py:32} INFO - Столбцы переименованы в: ['comment', 'drag_name']
[2025-02-20T10:15:17.478+0000] {process_and_label_data.py:39} INFO - Удалено дубликатов. Новое количество строк: 52
[2025-02-20T10:15:17.949+0000] {logging_mixin.py:190} INFO - {"result":{"alternatives":[{"message":{"role":"assistant","text":"Нет НР"},"status":"ALTERNATIVE_STATUS_FINAL"}],"usage":{"inputTextTokens":"89","completionTokens":"3","totalTokens":"92","completionTokensDetails":null},"modelVersion":"23.10.2024"}}
[2025-02-20T10:15:17.949+0000] {logging_mixin.py:190} INFO - Нет НР
[2025-02-20T10:15:18.417+0000] {logging_mixin.py:190} INFO - {"result":{"alternatives":[{"message":{"role":"assistant","text":"Нет НР"},"status":"ALTERNATIVE_STATUS_FINAL"}],"usage":{"inputTextTokens":"118","completionTokens":"3","totalTokens":"121","completionTokensDetails":null},"modelVersion":"23.10.2024"}}
[2025-02-20T10:15:18.418+0000] {logging_mixin.py:190} INFO - Нет НР
[2025-02-20T10:15:18.826+0000] {logging_mixin.py:190} INFO - {"result":{"alternatives":[{"message":{"role":"assistant","text":"Нет НР"},"status":"ALTERNATIVE_STATUS_FINAL"}],"usage":{"inputTextTokens":"101","completionTokens":"3","totalTokens":"104","completionTokensDetails":null},"modelVersion":"23.10.2024"}}
[2025-02-20T10:15:18.827+0000] {logging_mixin.py:190} INFO - Нет НР
[2025-02-20T10:15:19.256+0000] {logging_mixin.py:190} INFO - {"result":{"alternatives":[{"message":{"role":"assistant","text":"Нет НР"},"status":"ALTERNATIVE_STATUS_FINAL"}],"usage":{"inputTextTokens":"93","completionTokens":"3","totalTokens":"96","completionTokensDetails":null},"modelVersion":"23.10.2024"}}
[2025-02-20T10:15:19.257+0000] {logging_mixin.py:190} INFO - Нет НР
[2025-02-20T10:15:19.639+0000] {logging_mixin.py:190} INFO - {"result":{"alternatives":[{"message":{"role":"assistant","text":"Нет НР"},"status":"ALTERNATIVE_STATUS_FINAL"}],"usage":{"inputTextTokens":"80","completionTokens":"3","totalTokens":"83","completionTokensDetails":null},"modelVersion":"23.10.2024"}}
[2025-02-20T10:15:19.640+0000] {logging_mixin.py:190} INFO - Нет НР
[2025-02-20T10:15:20.053+0000] {logging_mixin.py:190} INFO - {"result":{"alternatives":[{"message":{"role":"assistant","text":"Нет НР"},"status":"ALTERNATIVE_STATUS_FINAL"}],"usage":{"inputTextTokens":"232","completionTokens":"3","totalTokens":"235","completionTokensDetails":null},"modelVersion":"23.10.2024"}}
[2025-02-20T10:15:20.054+0000] {logging_mixin.py:190} INFO - Нет НР
[2025-02-20T10:15:20.551+0000] {logging_mixin.py:190} INFO - {"result":{"alternatives":[{"message":{"role":"assistant","text":"Нет НР"},"status":"ALTERNATIVE_STATUS_FINAL"}],"usage":{"inputTextTokens":"92","completionTokens":"3","totalTokens":"95","completionTokensDetails":null},"modelVersion":"23.10.2024"}}
[2025-02-20T10:15:20.552+0000] {logging_mixin.py:190} INFO - Нет НР
[2025-02-20T10:15:20.949+0000] {logging_mixin.py:190} INFO - {"result":{"alternatives":[{"message":{"role":"assistant","text":"Нет НР"},"status":"ALTERNATIVE_STATUS_FINAL"}],"usage":{"inputTextTokens":"94","completionTokens":"3","totalTokens":"97","completionTokensDetails":null},"modelVersion":"23.10.2024"}}
[2025-02-20T10:15:20.950+0000] {logging_mixin.py:190} INFO - Нет НР
[2025-02-20T10:15:21.411+0000] {logging_mixin.py:190} INFO - {"result":{"alternatives":[{"message":{"role":"assistant","text":"Нет НР"},"status":"ALTERNATIVE_STATUS_FINAL"}],"usage":{"inputTextTokens":"86","completionTokens":"3","totalTokens":"89","completionTokensDetails":null},"modelVersion":"23.10.2024"}}
[2025-02-20T10:15:21.411+0000] {logging_mixin.py:190} INFO - Нет НР
[2025-02-20T10:15:21.711+0000] {logging_mixin.py:190} INFO - {"result":{"alternatives":[{"message":{"role":"assistant","text":"Нет НР"},"status":"ALTERNATIVE_STATUS_FINAL"}],"usage":{"inputTextTokens":"87","completionTokens":"3","totalTokens":"90","completionTokensDetails":null},"modelVersion":"23.10.2024"}}
[2025-02-20T10:15:21.713+0000] {logging_mixin.py:190} INFO - Нет НР
[2025-02-20T10:15:22.073+0000] {logging_mixin.py:190} INFO - {"result":{"alternatives":[{"message":{"role":"assistant","text":"Нет НР"},"status":"ALTERNATIVE_STATUS_FINAL"}],"usage":{"inputTextTokens":"97","completionTokens":"3","totalTokens":"100","completionTokensDetails":null},"modelVersion":"23.10.2024"}}
[2025-02-20T10:15:22.074+0000] {logging_mixin.py:190} INFO - Нет НР
[2025-02-20T10:15:22.472+0000] {logging_mixin.py:190} INFO - {"result":{"alternatives":[{"message":{"role":"assistant","text":"Нет НР"},"status":"ALTERNATIVE_STATUS_FINAL"}],"usage":{"inputTextTokens":"91","completionTokens":"3","totalTokens":"94","completionTokensDetails":null},"modelVersion":"23.10.2024"}}
[2025-02-20T10:15:22.472+0000] {logging_mixin.py:190} INFO - Нет НР
[2025-02-20T10:15:22.857+0000] {logging_mixin.py:190} INFO - {"result":{"alternatives":[{"message":{"role":"assistant","text":"Возбуждающий эффект."},"status":"ALTERNATIVE_STATUS_FINAL"}],"usage":{"inputTextTokens":"93","completionTokens":"5","totalTokens":"98","completionTokensDetails":null},"modelVersion":"23.10.2024"}}
[2025-02-20T10:15:22.858+0000] {logging_mixin.py:190} INFO - Возбуждающий эффект.
[2025-02-20T10:15:23.327+0000] {logging_mixin.py:190} INFO - {"result":{"alternatives":[{"message":{"role":"assistant","text":"Нет НР"},"status":"ALTERNATIVE_STATUS_FINAL"}],"usage":{"inputTextTokens":"88","completionTokens":"3","totalTokens":"91","completionTokensDetails":null},"modelVersion":"23.10.2024"}}
[2025-02-20T10:15:23.327+0000] {logging_mixin.py:190} INFO - Нет НР
[2025-02-20T10:15:23.583+0000] {logging_mixin.py:190} INFO - {"result":{"alternatives":[{"message":{"role":"assistant","text":"Нет НР"},"status":"ALTERNATIVE_STATUS_FINAL"}],"usage":{"inputTextTokens":"92","completionTokens":"3","totalTokens":"95","completionTokensDetails":null},"modelVersion":"23.10.2024"}}
[2025-02-20T10:15:23.584+0000] {logging_mixin.py:190} INFO - Нет НР
[2025-02-20T10:15:24.009+0000] {logging_mixin.py:190} INFO - {"result":{"alternatives":[{"message":{"role":"assistant","text":"Нет НР"},"status":"ALTERNATIVE_STATUS_FINAL"}],"usage":{"inputTextTokens":"97","completionTokens":"3","totalTokens":"100","completionTokensDetails":null},"modelVersion":"23.10.2024"}}
[2025-02-20T10:15:24.011+0000] {logging_mixin.py:190} INFO - Нет НР
[2025-02-20T10:15:24.664+0000] {logging_mixin.py:190} INFO - {"result":{"alternatives":[{"message":{"role":"assistant","text":"Нет НР"},"status":"ALTERNATIVE_STATUS_FINAL"}],"usage":{"inputTextTokens":"91","completionTokens":"3","totalTokens":"94","completionTokensDetails":null},"modelVersion":"23.10.2024"}}
[2025-02-20T10:15:24.664+0000] {logging_mixin.py:190} INFO - Нет НР
[2025-02-20T10:15:25.000+0000] {logging_mixin.py:190} INFO - {"result":{"alternatives":[{"message":{"role":"assistant","text":"Нет НР"},"status":"ALTERNATIVE_STATUS_FINAL"}],"usage":{"inputTextTokens":"96","completionTokens":"3","totalTokens":"99","completionTokensDetails":null},"modelVersion":"23.10.2024"}}
[2025-02-20T10:15:25.001+0000] {logging_mixin.py:190} INFO - Нет НР
[2025-02-20T10:15:25.672+0000] {logging_mixin.py:190} INFO - {"result":{"alternatives":[{"message":{"role":"assistant","text":"Нет НР"},"status":"ALTERNATIVE_STATUS_FINAL"}],"usage":{"inputTextTokens":"92","completionTokens":"3","totalTokens":"95","completionTokensDetails":null},"modelVersion":"23.10.2024"}}
[2025-02-20T10:15:25.673+0000] {logging_mixin.py:190} INFO - Нет НР
[2025-02-20T10:15:26.133+0000] {logging_mixin.py:190} INFO - {"result":{"alternatives":[{"message":{"role":"assistant","text":"Нет НР"},"status":"ALTERNATIVE_STATUS_FINAL"}],"usage":{"inputTextTokens":"96","completionTokens":"3","totalTokens":"99","completionTokensDetails":null},"modelVersion":"23.10.2024"}}
[2025-02-20T10:15:26.134+0000] {logging_mixin.py:190} INFO - Нет НР
[2025-02-20T10:15:26.569+0000] {logging_mixin.py:190} INFO - {"result":{"alternatives":[{"message":{"role":"assistant","text":"Нет НР"},"status":"ALTERNATIVE_STATUS_FINAL"}],"usage":{"inputTextTokens":"94","completionTokens":"3","totalTokens":"97","completionTokensDetails":null},"modelVersion":"23.10.2024"}}
[2025-02-20T10:15:26.570+0000] {logging_mixin.py:190} INFO - Нет НР
[2025-02-20T10:15:26.933+0000] {logging_mixin.py:190} INFO - {"result":{"alternatives":[{"message":{"role":"assistant","text":"Нет НР"},"status":"ALTERNATIVE_STATUS_FINAL"}],"usage":{"inputTextTokens":"98","completionTokens":"3","totalTokens":"101","completionTokensDetails":null},"modelVersion":"23.10.2024"}}
[2025-02-20T10:15:26.934+0000] {logging_mixin.py:190} INFO - Нет НР
[2025-02-20T10:15:27.313+0000] {logging_mixin.py:190} INFO - {"result":{"alternatives":[{"message":{"role":"assistant","text":"Нет нежелательных реакций."},"status":"ALTERNATIVE_STATUS_FINAL"}],"usage":{"inputTextTokens":"92","completionTokens":"4","totalTokens":"96","completionTokensDetails":null},"modelVersion":"23.10.2024"}}
[2025-02-20T10:15:27.313+0000] {logging_mixin.py:190} INFO - Нет нежелательных реакций.
[2025-02-20T10:15:27.606+0000] {logging_mixin.py:190} INFO - {"result":{"alternatives":[{"message":{"role":"assistant","text":"Нет НР"},"status":"ALTERNATIVE_STATUS_FINAL"}],"usage":{"inputTextTokens":"93","completionTokens":"3","totalTokens":"96","completionTokensDetails":null},"modelVersion":"23.10.2024"}}
[2025-02-20T10:15:27.607+0000] {logging_mixin.py:190} INFO - Нет НР
[2025-02-20T10:15:27.959+0000] {logging_mixin.py:190} INFO - {"result":{"alternatives":[{"message":{"role":"assistant","text":"Нет НР"},"status":"ALTERNATIVE_STATUS_FINAL"}],"usage":{"inputTextTokens":"88","completionTokens":"3","totalTokens":"91","completionTokensDetails":null},"modelVersion":"23.10.2024"}}
[2025-02-20T10:15:27.959+0000] {logging_mixin.py:190} INFO - Нет НР
[2025-02-20T10:15:28.243+0000] {logging_mixin.py:190} INFO - {"result":{"alternatives":[{"message":{"role":"assistant","text":"Нет НР"},"status":"ALTERNATIVE_STATUS_FINAL"}],"usage":{"inputTextTokens":"87","completionTokens":"3","totalTokens":"90","completionTokensDetails":null},"modelVersion":"23.10.2024"}}
[2025-02-20T10:15:28.244+0000] {logging_mixin.py:190} INFO - Нет НР
[2025-02-20T10:15:28.594+0000] {logging_mixin.py:190} INFO - {"result":{"alternatives":[{"message":{"role":"assistant","text":"Нет НР"},"status":"ALTERNATIVE_STATUS_FINAL"}],"usage":{"inputTextTokens":"99","completionTokens":"3","totalTokens":"102","completionTokensDetails":null},"modelVersion":"23.10.2024"}}
[2025-02-20T10:15:28.594+0000] {logging_mixin.py:190} INFO - Нет НР
[2025-02-20T10:15:28.885+0000] {logging_mixin.py:190} INFO - {"result":{"alternatives":[{"message":{"role":"assistant","text":"Нет НР"},"status":"ALTERNATIVE_STATUS_FINAL"}],"usage":{"inputTextTokens":"83","completionTokens":"3","totalTokens":"86","completionTokensDetails":null},"modelVersion":"23.10.2024"}}
[2025-02-20T10:15:28.886+0000] {logging_mixin.py:190} INFO - Нет НР
[2025-02-20T10:15:29.203+0000] {logging_mixin.py:190} INFO - {"result":{"alternatives":[{"message":{"role":"assistant","text":"сердцебиение"},"status":"ALTERNATIVE_STATUS_FINAL"}],"usage":{"inputTextTokens":"94","completionTokens":"2","totalTokens":"96","completionTokensDetails":null},"modelVersion":"23.10.2024"}}
[2025-02-20T10:15:29.205+0000] {logging_mixin.py:190} INFO - сердцебиение
[2025-02-20T10:15:29.623+0000] {logging_mixin.py:190} INFO - {"result":{"alternatives":[{"message":{"role":"assistant","text":"Нет НР"},"status":"ALTERNATIVE_STATUS_FINAL"}],"usage":{"inputTextTokens":"91","completionTokens":"3","totalTokens":"94","completionTokensDetails":null},"modelVersion":"23.10.2024"}}
[2025-02-20T10:15:29.624+0000] {logging_mixin.py:190} INFO - Нет НР
[2025-02-20T10:15:29.908+0000] {logging_mixin.py:190} INFO - {"result":{"alternatives":[{"message":{"role":"assistant","text":"Нет НР"},"status":"ALTERNATIVE_STATUS_FINAL"}],"usage":{"inputTextTokens":"88","completionTokens":"3","totalTokens":"91","completionTokensDetails":null},"modelVersion":"23.10.2024"}}
[2025-02-20T10:15:29.910+0000] {logging_mixin.py:190} INFO - Нет НР
[2025-02-20T10:15:30.588+0000] {logging_mixin.py:190} INFO - {"result":{"alternatives":[{"message":{"role":"assistant","text":"Головная боль, нарушение концентрации внимания, невнимательность."},"status":"ALTERNATIVE_STATUS_FINAL"}],"usage":{"inputTextTokens":"96","completionTokens":"11","totalTokens":"107","completionTokensDetails":null},"modelVersion":"23.10.2024"}}
[2025-02-20T10:15:30.589+0000] {logging_mixin.py:190} INFO - Головная боль, нарушение концентрации внимания, невнимательность.
[2025-02-20T10:15:30.976+0000] {logging_mixin.py:190} INFO - {"result":{"alternatives":[{"message":{"role":"assistant","text":"В данном комментарии нет упоминания о нежелательных реакциях на указанные препараты."},"status":"ALTERNATIVE_STATUS_FINAL"}],"usage":{"inputTextTokens":"101","completionTokens":"13","totalTokens":"114","completionTokensDetails":null},"modelVersion":"23.10.2024"}}
[2025-02-20T10:15:30.977+0000] {logging_mixin.py:190} INFO - В данном комментарии нет упоминания о нежелательных реакциях на указанные препараты.
[2025-02-20T10:15:31.378+0000] {logging_mixin.py:190} INFO - {"result":{"alternatives":[{"message":{"role":"assistant","text":"Нет НР"},"status":"ALTERNATIVE_STATUS_FINAL"}],"usage":{"inputTextTokens":"96","completionTokens":"3","totalTokens":"99","completionTokensDetails":null},"modelVersion":"23.10.2024"}}
[2025-02-20T10:15:31.380+0000] {logging_mixin.py:190} INFO - Нет НР
[2025-02-20T10:15:31.665+0000] {logging_mixin.py:190} INFO - {"result":{"alternatives":[{"message":{"role":"assistant","text":"Нет НР"},"status":"ALTERNATIVE_STATUS_FINAL"}],"usage":{"inputTextTokens":"95","completionTokens":"3","totalTokens":"98","completionTokensDetails":null},"modelVersion":"23.10.2024"}}
[2025-02-20T10:15:31.666+0000] {logging_mixin.py:190} INFO - Нет НР
[2025-02-20T10:15:32.033+0000] {logging_mixin.py:190} INFO - {"result":{"alternatives":[{"message":{"role":"assistant","text":"Нет НР"},"status":"ALTERNATIVE_STATUS_FINAL"}],"usage":{"inputTextTokens":"90","completionTokens":"3","totalTokens":"93","completionTokensDetails":null},"modelVersion":"23.10.2024"}}
[2025-02-20T10:15:32.034+0000] {logging_mixin.py:190} INFO - Нет НР
[2025-02-20T10:15:32.662+0000] {logging_mixin.py:190} INFO - {"result":{"alternatives":[{"message":{"role":"assistant","text":"Нет НР"},"status":"ALTERNATIVE_STATUS_FINAL"}],"usage":{"inputTextTokens":"92","completionTokens":"3","totalTokens":"95","completionTokensDetails":null},"modelVersion":"23.10.2024"}}
[2025-02-20T10:15:32.662+0000] {logging_mixin.py:190} INFO - Нет НР
[2025-02-20T10:15:33.126+0000] {logging_mixin.py:190} INFO - {"result":{"alternatives":[{"message":{"role":"assistant","text":"Тревожное расстройство"},"status":"ALTERNATIVE_STATUS_FINAL"}],"usage":{"inputTextTokens":"94","completionTokens":"4","totalTokens":"98","completionTokensDetails":null},"modelVersion":"23.10.2024"}}
[2025-02-20T10:15:33.127+0000] {logging_mixin.py:190} INFO - Тревожное расстройство
[2025-02-20T10:15:33.531+0000] {logging_mixin.py:190} INFO - {"result":{"alternatives":[{"message":{"role":"assistant","text":"Нет НР"},"status":"ALTERNATIVE_STATUS_FINAL"}],"usage":{"inputTextTokens":"95","completionTokens":"3","totalTokens":"98","completionTokensDetails":null},"modelVersion":"23.10.2024"}}
[2025-02-20T10:15:33.532+0000] {logging_mixin.py:190} INFO - Нет НР
[2025-02-20T10:15:33.920+0000] {logging_mixin.py:190} INFO - {"result":{"alternatives":[{"message":{"role":"assistant","text":"Головная боль"},"status":"ALTERNATIVE_STATUS_FINAL"}],"usage":{"inputTextTokens":"92","completionTokens":"3","totalTokens":"95","completionTokensDetails":null},"modelVersion":"23.10.2024"}}
[2025-02-20T10:15:33.921+0000] {logging_mixin.py:190} INFO - Головная боль
[2025-02-20T10:15:34.189+0000] {logging_mixin.py:190} INFO - {"result":{"alternatives":[{"message":{"role":"assistant","text":"Нет НР"},"status":"ALTERNATIVE_STATUS_FINAL"}],"usage":{"inputTextTokens":"92","completionTokens":"3","totalTokens":"95","completionTokensDetails":null},"modelVersion":"23.10.2024"}}
[2025-02-20T10:15:34.190+0000] {logging_mixin.py:190} INFO - Нет НР
[2025-02-20T10:15:34.557+0000] {logging_mixin.py:190} INFO - {"result":{"alternatives":[{"message":{"role":"assistant","text":"Нет НР"},"status":"ALTERNATIVE_STATUS_FINAL"}],"usage":{"inputTextTokens":"97","completionTokens":"3","totalTokens":"100","completionTokensDetails":null},"modelVersion":"23.10.2024"}}
[2025-02-20T10:15:34.558+0000] {logging_mixin.py:190} INFO - Нет НР
[2025-02-20T10:15:34.966+0000] {logging_mixin.py:190} INFO - {"result":{"alternatives":[{"message":{"role":"assistant","text":"Нет НР"},"status":"ALTERNATIVE_STATUS_FINAL"}],"usage":{"inputTextTokens":"94","completionTokens":"3","totalTokens":"97","completionTokensDetails":null},"modelVersion":"23.10.2024"}}
[2025-02-20T10:15:34.967+0000] {logging_mixin.py:190} INFO - Нет НР
[2025-02-20T10:15:35.295+0000] {logging_mixin.py:190} INFO - {"result":{"alternatives":[{"message":{"role":"assistant","text":"Нет НР"},"status":"ALTERNATIVE_STATUS_FINAL"}],"usage":{"inputTextTokens":"89","completionTokens":"3","totalTokens":"92","completionTokensDetails":null},"modelVersion":"23.10.2024"}}
[2025-02-20T10:15:35.296+0000] {logging_mixin.py:190} INFO - Нет НР
[2025-02-20T10:15:35.590+0000] {logging_mixin.py:190} INFO - {"result":{"alternatives":[{"message":{"role":"assistant","text":"Нет НР"},"status":"ALTERNATIVE_STATUS_FINAL"}],"usage":{"inputTextTokens":"92","completionTokens":"3","totalTokens":"95","completionTokensDetails":null},"modelVersion":"23.10.2024"}}
[2025-02-20T10:15:35.590+0000] {logging_mixin.py:190} INFO - Нет НР
[2025-02-20T10:15:35.864+0000] {logging_mixin.py:190} INFO - {"result":{"alternatives":[{"message":{"role":"assistant","text":"Нет нежелательных реакций."},"status":"ALTERNATIVE_STATUS_FINAL"}],"usage":{"inputTextTokens":"91","completionTokens":"4","totalTokens":"95","completionTokensDetails":null},"modelVersion":"23.10.2024"}}
[2025-02-20T10:15:35.866+0000] {logging_mixin.py:190} INFO - Нет нежелательных реакций.
[2025-02-20T10:15:36.149+0000] {logging_mixin.py:190} INFO - {"result":{"alternatives":[{"message":{"role":"assistant","text":"Нет НР"},"status":"ALTERNATIVE_STATUS_FINAL"}],"usage":{"inputTextTokens":"91","completionTokens":"3","totalTokens":"94","completionTokensDetails":null},"modelVersion":"23.10.2024"}}
[2025-02-20T10:15:36.151+0000] {logging_mixin.py:190} INFO - Нет НР
[2025-02-20T10:15:36.497+0000] {logging_mixin.py:190} INFO - {"result":{"alternatives":[{"message":{"role":"assistant","text":"Нет НР"},"status":"ALTERNATIVE_STATUS_FINAL"}],"usage":{"inputTextTokens":"88","completionTokens":"3","totalTokens":"91","completionTokensDetails":null},"modelVersion":"23.10.2024"}}
[2025-02-20T10:15:36.499+0000] {logging_mixin.py:190} INFO - Нет НР
[2025-02-20T10:15:36.782+0000] {logging_mixin.py:190} INFO - {"result":{"alternatives":[{"message":{"role":"assistant","text":"Нет НР"},"status":"ALTERNATIVE_STATUS_FINAL"}],"usage":{"inputTextTokens":"94","completionTokens":"3","totalTokens":"97","completionTokensDetails":null},"modelVersion":"23.10.2024"}}
[2025-02-20T10:15:36.784+0000] {logging_mixin.py:190} INFO - Нет НР
[2025-02-20T10:15:37.056+0000] {logging_mixin.py:190} INFO - {"result":{"alternatives":[{"message":{"role":"assistant","text":"Нет НР"},"status":"ALTERNATIVE_STATUS_FINAL"}],"usage":{"inputTextTokens":"97","completionTokens":"3","totalTokens":"100","completionTokensDetails":null},"modelVersion":"23.10.2024"}}
[2025-02-20T10:15:37.056+0000] {logging_mixin.py:190} INFO - Нет НР
[2025-02-20T10:15:37.550+0000] {logging_mixin.py:190} INFO - {"result":{"alternatives":[{"message":{"role":"assistant","text":"Нет НР"},"status":"ALTERNATIVE_STATUS_FINAL"}],"usage":{"inputTextTokens":"93","completionTokens":"3","totalTokens":"96","completionTokensDetails":null},"modelVersion":"23.10.2024"}}
[2025-02-20T10:15:37.550+0000] {logging_mixin.py:190} INFO - Нет НР
[2025-02-20T10:15:37.904+0000] {logging_mixin.py:190} INFO - {"result":{"alternatives":[{"message":{"role":"assistant","text":"Нежелательная реакция (НР): диарея."},"status":"ALTERNATIVE_STATUS_FINAL"}],"usage":{"inputTextTokens":"100","completionTokens":"10","totalTokens":"110","completionTokensDetails":null},"modelVersion":"23.10.2024"}}
[2025-02-20T10:15:37.905+0000] {logging_mixin.py:190} INFO - Нежелательная реакция (НР): диарея.
[2025-02-20T10:15:37.913+0000] {process_and_label_data.py:45} INFO - Функция get_response применена к столбцу 'comment'.
[2025-02-20T10:15:37.942+0000] {process_and_label_data.py:52} INFO - Обработанные данные сохранены в файл: /opt/***/output/process_data/labeled_data.csv
[2025-02-20T10:15:37.943+0000] {python.py:240} INFO - Done. Returned value was: None
[2025-02-20T10:15:37.962+0000] {taskinstance.py:341} INFO - ::group::Post task execution logs
[2025-02-20T10:15:37.965+0000] {taskinstance.py:353} INFO - Marking task as SUCCESS. dag_id=pipeline, task_id=process_data, run_id=manual__2025-02-20T10:15:01.769753+00:00, execution_date=20250220T101501, start_date=20250220T101517, end_date=20250220T101537
[2025-02-20T10:15:37.998+0000] {logging_mixin.py:190} INFO - Task instance in success state
[2025-02-20T10:15:37.999+0000] {logging_mixin.py:190} INFO -  Previous state of the Task instance: running
[2025-02-20T10:15:37.999+0000] {logging_mixin.py:190} INFO - Dag name:pipeline queued_at:2025-02-20 10:15:01.798007+00:00
[2025-02-20T10:15:38.000+0000] {logging_mixin.py:190} INFO - Task hostname:5f8091faf500 operator:_PythonDecoratedOperator
[2025-02-20T10:15:38.030+0000] {local_task_job_runner.py:266} INFO - Task exited with return code 0
[2025-02-20T10:15:38.046+0000] {taskinstance.py:3901} INFO - 0 downstream tasks scheduled from follow-on schedule check
[2025-02-20T10:15:38.047+0000] {local_task_job_runner.py:245} INFO - ::endgroup::
