[2025-02-17T20:18:58.401+0000] {local_task_job_runner.py:123} INFO - ::group::Pre task execution logs
[2025-02-17T20:19:00.217+0000] {taskinstance.py:2614} INFO - Dependencies all met for dep_context=non-requeueable deps ti=<TaskInstance: name_of_pipeline.parser_1 scheduled__2023-06-14T00:00:00+00:00 [queued]>
[2025-02-17T20:19:00.260+0000] {taskinstance.py:2614} INFO - Dependencies all met for dep_context=requeueable deps ti=<TaskInstance: name_of_pipeline.parser_1 scheduled__2023-06-14T00:00:00+00:00 [queued]>
[2025-02-17T20:19:00.261+0000] {taskinstance.py:2867} INFO - Starting attempt 1 of 1
[2025-02-17T20:19:00.371+0000] {taskinstance.py:2890} INFO - Executing <Task(PythonOperator): parser_1> on 2023-06-14 00:00:00+00:00
[2025-02-17T20:19:00.489+0000] {warnings.py:112} WARNING - /home/***/.local/lib/python3.12/site-packages/***/task/task_runner/standard_task_runner.py:70: DeprecationWarning: This process (pid=2445) is multi-threaded, use of fork() may lead to deadlocks in the child.
  pid = os.fork()

[2025-02-17T20:19:00.506+0000] {standard_task_runner.py:72} INFO - Started process 2480 to run task
[2025-02-17T20:19:00.494+0000] {standard_task_runner.py:104} INFO - Running: ['***', 'tasks', 'run', 'name_of_pipeline', 'parser_1', 'scheduled__2023-06-14T00:00:00+00:00', '--job-id', '751', '--raw', '--subdir', 'DAGS_FOLDER/pipeline.py', '--cfg-path', '/tmp/tmpzfqjpw45']
[2025-02-17T20:19:00.527+0000] {standard_task_runner.py:105} INFO - Job 751: Subtask parser_1
[2025-02-17T20:19:00.837+0000] {task_command.py:467} INFO - Running <TaskInstance: name_of_pipeline.parser_1 scheduled__2023-06-14T00:00:00+00:00 [running]> on host f4228ad55513
[2025-02-17T20:19:01.737+0000] {taskinstance.py:3134} INFO - Exporting env vars: AIRFLOW_CTX_DAG_OWNER='***' AIRFLOW_CTX_DAG_ID='name_of_pipeline' AIRFLOW_CTX_TASK_ID='parser_1' AIRFLOW_CTX_EXECUTION_DATE='2023-06-14T00:00:00+00:00' AIRFLOW_CTX_TRY_NUMBER='1' AIRFLOW_CTX_DAG_RUN_ID='scheduled__2023-06-14T00:00:00+00:00'
[2025-02-17T20:19:01.760+0000] {logging_mixin.py:190} INFO - Task instance is in running state
[2025-02-17T20:19:01.766+0000] {logging_mixin.py:190} INFO -  Previous state of the Task instance: queued
[2025-02-17T20:19:01.769+0000] {logging_mixin.py:190} INFO - Current task name:parser_1 state:running start_date:2025-02-17 20:19:00.222088+00:00
[2025-02-17T20:19:01.776+0000] {logging_mixin.py:190} INFO - Dag name:name_of_pipeline and current dag run status:running
[2025-02-17T20:19:01.781+0000] {taskinstance.py:732} INFO - ::endgroup::
[2025-02-17T20:19:01.790+0000] {pipeline.py:14} INFO - Starting parser 1
[2025-02-17T20:19:01.798+0000] {logging_mixin.py:190} INFO - Парсер 1 выполняется
[2025-02-17T20:19:01.805+0000] {python.py:240} INFO - Done. Returned value was: Данные от парсера 1
[2025-02-17T20:19:02.010+0000] {taskinstance.py:341} INFO - ::group::Post task execution logs
[2025-02-17T20:19:02.013+0000] {taskinstance.py:353} INFO - Marking task as SUCCESS. dag_id=name_of_pipeline, task_id=parser_1, run_id=scheduled__2023-06-14T00:00:00+00:00, execution_date=20230614T000000, start_date=20250217T201900, end_date=20250217T201902
[2025-02-17T20:19:03.983+0000] {logging_mixin.py:190} INFO - Task instance in success state
[2025-02-17T20:19:04.087+0000] {logging_mixin.py:190} INFO -  Previous state of the Task instance: running
[2025-02-17T20:19:04.089+0000] {logging_mixin.py:190} INFO - Dag name:name_of_pipeline queued_at:2025-02-17 20:18:33.895211+00:00
[2025-02-17T20:19:04.101+0000] {logging_mixin.py:190} INFO - Task hostname:f4228ad55513 operator:PythonOperator
[2025-02-17T20:19:04.258+0000] {local_task_job_runner.py:266} INFO - Task exited with return code 0
[2025-02-17T20:19:04.632+0000] {taskinstance.py:3901} INFO - 0 downstream tasks scheduled from follow-on schedule check
[2025-02-17T20:19:04.668+0000] {local_task_job_runner.py:245} INFO - ::endgroup::
