[2025-02-17T20:20:10.267+0000] {local_task_job_runner.py:123} INFO - ::group::Pre task execution logs
[2025-02-17T20:20:13.515+0000] {taskinstance.py:2614} INFO - Dependencies all met for dep_context=non-requeueable deps ti=<TaskInstance: name_of_pipeline.save_data scheduled__2023-06-15T00:00:00+00:00 [queued]>
[2025-02-17T20:20:13.655+0000] {taskinstance.py:2614} INFO - Dependencies all met for dep_context=requeueable deps ti=<TaskInstance: name_of_pipeline.save_data scheduled__2023-06-15T00:00:00+00:00 [queued]>
[2025-02-17T20:20:13.668+0000] {taskinstance.py:2867} INFO - Starting attempt 1 of 1
[2025-02-17T20:20:14.408+0000] {taskinstance.py:2890} INFO - Executing <Task(PythonOperator): save_data> on 2023-06-15 00:00:00+00:00
[2025-02-17T20:20:14.594+0000] {standard_task_runner.py:104} INFO - Running: ['***', 'tasks', 'run', 'name_of_pipeline', 'save_data', 'scheduled__2023-06-15T00:00:00+00:00', '--job-id', '801', '--raw', '--subdir', 'DAGS_FOLDER/pipeline.py', '--cfg-path', '/tmp/tmp_h6iqqyx']
[2025-02-17T20:20:14.600+0000] {standard_task_runner.py:105} INFO - Job 801: Subtask save_data
[2025-02-17T20:20:14.589+0000] {warnings.py:112} WARNING - /home/***/.local/lib/python3.12/site-packages/***/task/task_runner/standard_task_runner.py:70: DeprecationWarning: This process (pid=2597) is multi-threaded, use of fork() may lead to deadlocks in the child.
  pid = os.fork()

[2025-02-17T20:20:14.644+0000] {standard_task_runner.py:72} INFO - Started process 2641 to run task
[2025-02-17T20:20:15.196+0000] {task_command.py:467} INFO - Running <TaskInstance: name_of_pipeline.save_data scheduled__2023-06-15T00:00:00+00:00 [running]> on host f4228ad55513
[2025-02-17T20:20:16.484+0000] {taskinstance.py:3134} INFO - Exporting env vars: AIRFLOW_CTX_DAG_OWNER='***' AIRFLOW_CTX_DAG_ID='name_of_pipeline' AIRFLOW_CTX_TASK_ID='save_data' AIRFLOW_CTX_EXECUTION_DATE='2023-06-15T00:00:00+00:00' AIRFLOW_CTX_TRY_NUMBER='1' AIRFLOW_CTX_DAG_RUN_ID='scheduled__2023-06-15T00:00:00+00:00'
[2025-02-17T20:20:16.496+0000] {logging_mixin.py:190} INFO - Task instance is in running state
[2025-02-17T20:20:16.500+0000] {logging_mixin.py:190} INFO -  Previous state of the Task instance: queued
[2025-02-17T20:20:16.521+0000] {logging_mixin.py:190} INFO - Current task name:save_data state:running start_date:2025-02-17 20:20:13.520724+00:00
[2025-02-17T20:20:16.530+0000] {logging_mixin.py:190} INFO - Dag name:name_of_pipeline and current dag run status:running
[2025-02-17T20:20:16.542+0000] {taskinstance.py:732} INFO - ::endgroup::
[2025-02-17T20:20:16.567+0000] {pipeline.py:38} INFO - Сохраняем данные: LazySelectSequence([3 items])
[2025-02-17T20:20:16.675+0000] {python.py:240} INFO - Done. Returned value was: None
[2025-02-17T20:20:16.713+0000] {taskinstance.py:341} INFO - ::group::Post task execution logs
[2025-02-17T20:20:16.715+0000] {taskinstance.py:353} INFO - Marking task as SUCCESS. dag_id=name_of_pipeline, task_id=save_data, run_id=scheduled__2023-06-15T00:00:00+00:00, execution_date=20230615T000000, start_date=20250217T202013, end_date=20250217T202016
[2025-02-17T20:20:16.963+0000] {logging_mixin.py:190} INFO - Task instance in success state
[2025-02-17T20:20:16.972+0000] {logging_mixin.py:190} INFO -  Previous state of the Task instance: running
[2025-02-17T20:20:16.980+0000] {logging_mixin.py:190} INFO - Dag name:name_of_pipeline queued_at:2025-02-17 20:18:34.026160+00:00
[2025-02-17T20:20:16.985+0000] {logging_mixin.py:190} INFO - Task hostname:f4228ad55513 operator:PythonOperator
[2025-02-17T20:20:17.065+0000] {local_task_job_runner.py:266} INFO - Task exited with return code 0
[2025-02-17T20:20:17.387+0000] {local_task_job_runner.py:245} INFO - ::endgroup::
