[2025-02-18T01:09:51.635+0000] {local_task_job_runner.py:123} INFO - ::group::Pre task execution logs
[2025-02-18T01:09:51.645+0000] {taskinstance.py:2614} INFO - Dependencies all met for dep_context=non-requeueable deps ti=<TaskInstance: name_of_pipeline.save_data scheduled__2025-02-17T00:00:00+00:00 [queued]>
[2025-02-18T01:09:51.650+0000] {taskinstance.py:2614} INFO - Dependencies all met for dep_context=requeueable deps ti=<TaskInstance: name_of_pipeline.save_data scheduled__2025-02-17T00:00:00+00:00 [queued]>
[2025-02-18T01:09:51.650+0000] {taskinstance.py:2867} INFO - Starting attempt 1 of 1
[2025-02-18T01:09:51.655+0000] {taskinstance.py:2890} INFO - Executing <Task(_PythonDecoratedOperator): save_data> on 2025-02-17 00:00:00+00:00
[2025-02-18T01:09:51.659+0000] {warnings.py:112} WARNING - /home/***/.local/lib/python3.12/site-packages/***/task/task_runner/standard_task_runner.py:70: DeprecationWarning: This process (pid=3324) is multi-threaded, use of fork() may lead to deadlocks in the child.
  pid = os.fork()

[2025-02-18T01:09:51.660+0000] {standard_task_runner.py:72} INFO - Started process 3325 to run task
[2025-02-18T01:09:51.661+0000] {standard_task_runner.py:104} INFO - Running: ['***', 'tasks', 'run', 'name_of_pipeline', 'save_data', 'scheduled__2025-02-17T00:00:00+00:00', '--job-id', '822', '--raw', '--subdir', 'DAGS_FOLDER/pipeline.py', '--cfg-path', '/tmp/tmp44j8mqac']
[2025-02-18T01:09:51.661+0000] {standard_task_runner.py:105} INFO - Job 822: Subtask save_data
[2025-02-18T01:09:51.684+0000] {task_command.py:467} INFO - Running <TaskInstance: name_of_pipeline.save_data scheduled__2025-02-17T00:00:00+00:00 [running]> on host f4228ad55513
[2025-02-18T01:09:51.861+0000] {taskinstance.py:3134} INFO - Exporting env vars: AIRFLOW_CTX_DAG_OWNER='***' AIRFLOW_CTX_DAG_ID='name_of_pipeline' AIRFLOW_CTX_TASK_ID='save_data' AIRFLOW_CTX_EXECUTION_DATE='2025-02-17T00:00:00+00:00' AIRFLOW_CTX_TRY_NUMBER='1' AIRFLOW_CTX_DAG_RUN_ID='scheduled__2025-02-17T00:00:00+00:00'
[2025-02-18T01:09:51.862+0000] {logging_mixin.py:190} INFO - Task instance is in running state
[2025-02-18T01:09:51.862+0000] {logging_mixin.py:190} INFO -  Previous state of the Task instance: queued
[2025-02-18T01:09:51.862+0000] {logging_mixin.py:190} INFO - Current task name:save_data state:running start_date:2025-02-18 01:09:51.645812+00:00
[2025-02-18T01:09:51.862+0000] {logging_mixin.py:190} INFO - Dag name:name_of_pipeline and current dag run status:running
[2025-02-18T01:09:51.862+0000] {taskinstance.py:732} INFO - ::endgroup::
[2025-02-18T01:09:51.863+0000] {safe_data.py:11} INFO - Сохраняем данные: LazySelectSequence([3 items])
[2025-02-18T01:09:51.867+0000] {python.py:240} INFO - Done. Returned value was: None
[2025-02-18T01:09:51.871+0000] {taskinstance.py:341} INFO - ::group::Post task execution logs
[2025-02-18T01:09:51.872+0000] {taskinstance.py:353} INFO - Marking task as SUCCESS. dag_id=name_of_pipeline, task_id=save_data, run_id=scheduled__2025-02-17T00:00:00+00:00, execution_date=20250217T000000, start_date=20250218T010951, end_date=20250218T010951
[2025-02-18T01:09:51.883+0000] {logging_mixin.py:190} INFO - Task instance in success state
[2025-02-18T01:09:51.883+0000] {logging_mixin.py:190} INFO -  Previous state of the Task instance: running
[2025-02-18T01:09:51.883+0000] {logging_mixin.py:190} INFO - Dag name:name_of_pipeline queued_at:2025-02-18 01:09:48.063312+00:00
[2025-02-18T01:09:51.883+0000] {logging_mixin.py:190} INFO - Task hostname:f4228ad55513 operator:_PythonDecoratedOperator
[2025-02-18T01:09:51.926+0000] {local_task_job_runner.py:266} INFO - Task exited with return code 0
[2025-02-18T01:09:51.935+0000] {taskinstance.py:3901} INFO - 0 downstream tasks scheduled from follow-on schedule check
[2025-02-18T01:09:51.936+0000] {local_task_job_runner.py:245} INFO - ::endgroup::
