[2025-02-17T20:18:57.535+0000] {local_task_job_runner.py:123} INFO - ::group::Pre task execution logs
[2025-02-17T20:18:57.676+0000] {taskinstance.py:2614} INFO - Dependencies all met for dep_context=non-requeueable deps ti=<TaskInstance: name_of_pipeline.parser_1 scheduled__2023-06-21T00:00:00+00:00 [queued]>
[2025-02-17T20:18:57.691+0000] {taskinstance.py:2614} INFO - Dependencies all met for dep_context=requeueable deps ti=<TaskInstance: name_of_pipeline.parser_1 scheduled__2023-06-21T00:00:00+00:00 [queued]>
[2025-02-17T20:18:57.700+0000] {taskinstance.py:2867} INFO - Starting attempt 1 of 1
[2025-02-17T20:18:57.745+0000] {taskinstance.py:2890} INFO - Executing <Task(PythonOperator): parser_1> on 2023-06-21 00:00:00+00:00
[2025-02-17T20:18:57.799+0000] {standard_task_runner.py:104} INFO - Running: ['***', 'tasks', 'run', 'name_of_pipeline', 'parser_1', 'scheduled__2023-06-21T00:00:00+00:00', '--job-id', '747', '--raw', '--subdir', 'DAGS_FOLDER/pipeline.py', '--cfg-path', '/tmp/tmp_sa4bxb7']
[2025-02-17T20:18:57.797+0000] {warnings.py:112} WARNING - /home/***/.local/lib/python3.12/site-packages/***/task/task_runner/standard_task_runner.py:70: DeprecationWarning: This process (pid=2452) is multi-threaded, use of fork() may lead to deadlocks in the child.
  pid = os.fork()

[2025-02-17T20:18:57.813+0000] {standard_task_runner.py:72} INFO - Started process 2465 to run task
[2025-02-17T20:18:57.811+0000] {standard_task_runner.py:105} INFO - Job 747: Subtask parser_1
[2025-02-17T20:18:58.132+0000] {task_command.py:467} INFO - Running <TaskInstance: name_of_pipeline.parser_1 scheduled__2023-06-21T00:00:00+00:00 [running]> on host f4228ad55513
[2025-02-17T20:18:58.637+0000] {taskinstance.py:3134} INFO - Exporting env vars: AIRFLOW_CTX_DAG_OWNER='***' AIRFLOW_CTX_DAG_ID='name_of_pipeline' AIRFLOW_CTX_TASK_ID='parser_1' AIRFLOW_CTX_EXECUTION_DATE='2023-06-21T00:00:00+00:00' AIRFLOW_CTX_TRY_NUMBER='1' AIRFLOW_CTX_DAG_RUN_ID='scheduled__2023-06-21T00:00:00+00:00'
[2025-02-17T20:18:58.643+0000] {logging_mixin.py:190} INFO - Task instance is in running state
[2025-02-17T20:18:58.646+0000] {logging_mixin.py:190} INFO -  Previous state of the Task instance: queued
[2025-02-17T20:18:58.653+0000] {logging_mixin.py:190} INFO - Current task name:parser_1 state:running start_date:2025-02-17 20:18:57.678889+00:00
[2025-02-17T20:18:58.653+0000] {logging_mixin.py:190} INFO - Dag name:name_of_pipeline and current dag run status:running
[2025-02-17T20:18:58.654+0000] {taskinstance.py:732} INFO - ::endgroup::
[2025-02-17T20:18:58.656+0000] {pipeline.py:14} INFO - Starting parser 1
[2025-02-17T20:18:58.659+0000] {logging_mixin.py:190} INFO - Парсер 1 выполняется
[2025-02-17T20:18:58.666+0000] {python.py:240} INFO - Done. Returned value was: Данные от парсера 1
[2025-02-17T20:19:03.469+0000] {taskinstance.py:341} INFO - ::group::Post task execution logs
[2025-02-17T20:19:03.486+0000] {taskinstance.py:353} INFO - Marking task as SUCCESS. dag_id=name_of_pipeline, task_id=parser_1, run_id=scheduled__2023-06-21T00:00:00+00:00, execution_date=20230621T000000, start_date=20250217T201857, end_date=20250217T201903
[2025-02-17T20:19:03.811+0000] {logging_mixin.py:190} INFO - Task instance in success state
[2025-02-17T20:19:03.819+0000] {logging_mixin.py:190} INFO -  Previous state of the Task instance: running
[2025-02-17T20:19:03.825+0000] {logging_mixin.py:190} INFO - Dag name:name_of_pipeline queued_at:2025-02-17 20:18:35.686643+00:00
[2025-02-17T20:19:03.826+0000] {logging_mixin.py:190} INFO - Task hostname:f4228ad55513 operator:PythonOperator
[2025-02-17T20:19:03.918+0000] {local_task_job_runner.py:266} INFO - Task exited with return code 0
[2025-02-17T20:19:04.085+0000] {taskinstance.py:3901} INFO - 2 downstream tasks scheduled from follow-on schedule check
[2025-02-17T20:19:04.101+0000] {local_task_job_runner.py:245} INFO - ::endgroup::
