[2025-02-20T07:38:01.223+0000] {local_task_job_runner.py:123} INFO - ::group::Pre task execution logs
[2025-02-20T07:38:01.233+0000] {taskinstance.py:2614} INFO - Dependencies all met for dep_context=non-requeueable deps ti=<TaskInstance: pipeline.parser_for_Eapteka manual__2025-02-20T07:37:59.328642+00:00 [queued]>
[2025-02-20T07:38:01.241+0000] {taskinstance.py:2614} INFO - Dependencies all met for dep_context=requeueable deps ti=<TaskInstance: pipeline.parser_for_Eapteka manual__2025-02-20T07:37:59.328642+00:00 [queued]>
[2025-02-20T07:38:01.242+0000] {taskinstance.py:2867} INFO - Starting attempt 1 of 1
[2025-02-20T07:38:01.348+0000] {taskinstance.py:2890} INFO - Executing <Task(_PythonDecoratedOperator): parser_for_Eapteka> on 2025-02-20 07:37:59.328642+00:00
[2025-02-20T07:38:01.356+0000] {warnings.py:112} WARNING - /home/***/.local/lib/python3.12/site-packages/***/task/task_runner/standard_task_runner.py:70: DeprecationWarning: This process (pid=222) is multi-threaded, use of fork() may lead to deadlocks in the child.
  pid = os.fork()

[2025-02-20T07:38:01.357+0000] {standard_task_runner.py:104} INFO - Running: ['***', 'tasks', 'run', 'pipeline', 'parser_for_Eapteka', 'manual__2025-02-20T07:37:59.328642+00:00', '--job-id', '1104', '--raw', '--subdir', 'DAGS_FOLDER/pipeline.py', '--cfg-path', '/tmp/tmp8pfuqp_4']
[2025-02-20T07:38:01.358+0000] {standard_task_runner.py:105} INFO - Job 1104: Subtask parser_for_Eapteka
[2025-02-20T07:38:01.358+0000] {standard_task_runner.py:72} INFO - Started process 230 to run task
[2025-02-20T07:38:01.396+0000] {task_command.py:467} INFO - Running <TaskInstance: pipeline.parser_for_Eapteka manual__2025-02-20T07:37:59.328642+00:00 [running]> on host 5f8091faf500
[2025-02-20T07:38:01.440+0000] {taskinstance.py:3134} INFO - Exporting env vars: AIRFLOW_CTX_DAG_OWNER='***' AIRFLOW_CTX_DAG_ID='pipeline' AIRFLOW_CTX_TASK_ID='parser_for_Eapteka' AIRFLOW_CTX_EXECUTION_DATE='2025-02-20T07:37:59.328642+00:00' AIRFLOW_CTX_TRY_NUMBER='1' AIRFLOW_CTX_DAG_RUN_ID='manual__2025-02-20T07:37:59.328642+00:00'
[2025-02-20T07:38:01.441+0000] {logging_mixin.py:190} INFO - Task instance is in running state
[2025-02-20T07:38:01.441+0000] {logging_mixin.py:190} INFO -  Previous state of the Task instance: queued
[2025-02-20T07:38:01.442+0000] {logging_mixin.py:190} INFO - Current task name:parser_for_Eapteka state:running start_date:2025-02-20 07:38:01.234134+00:00
[2025-02-20T07:38:01.442+0000] {logging_mixin.py:190} INFO - Dag name:pipeline and current dag run status:running
[2025-02-20T07:38:01.442+0000] {taskinstance.py:732} INFO - ::endgroup::
[2025-02-20T07:38:01.442+0000] {parser_1.py:25} INFO - Open webdriver_remote
[2025-02-20T07:38:01.795+0000] {parser_1.py:37} INFO - Webdriver opened
[2025-02-20T07:38:03.002+0000] {parser_1.py:42} INFO - success
[2025-02-20T07:38:03.022+0000] {parser_1.py:50} INFO - Found 10 review elements
[2025-02-20T07:38:03.477+0000] {parser_1.py:57} INFO - Data collected successfully
[2025-02-20T07:38:03.485+0000] {logging_mixin.py:190} INFO -                                              comment  drag_name
0  Я мама двух маленьких детей, и постоянная уста...  проспекта
1  Недостатки: Не помогло. все время была сонливо...  проспекта
2  Я начала принимать Проспекту при астении по ре...  проспекта
3  Давненько хотела пропить что-то для улучшения ...  проспекта
4  Не знаю, что бы делала, если бы не узнала про ...  проспекта
5  Брали Проспекту дедушке, для улучшения памяти....  проспекта
6  Хвалю Проспекту, отлично помогает при СДВГ у р...  проспекта
7  Проспекту назначили папе после инсульта, у нег...  проспекта
8  Давала эти таблетки сыну, а то его неусидчивос...  проспекта
9  Искала хорошее средство для улучшения концентр...  проспекта
[2025-02-20T07:38:03.557+0000] {python.py:240} INFO - Done. Returned value was:                                              comment  drag_name
0  Я мама двух маленьких детей, и постоянная уста...  проспекта
1  Недостатки: Не помогло. все время была сонливо...  проспекта
2  Я начала принимать Проспекту при астении по ре...  проспекта
3  Давненько хотела пропить что-то для улучшения ...  проспекта
4  Не знаю, что бы делала, если бы не узнала про ...  проспекта
5  Брали Проспекту дедушке, для улучшения памяти....  проспекта
6  Хвалю Проспекту, отлично помогает при СДВГ у р...  проспекта
7  Проспекту назначили папе после инсульта, у нег...  проспекта
8  Давала эти таблетки сыну, а то его неусидчивос...  проспекта
9  Искала хорошее средство для улучшения концентр...  проспекта
[2025-02-20T07:38:03.586+0000] {taskinstance.py:341} INFO - ::group::Post task execution logs
[2025-02-20T07:38:03.587+0000] {taskinstance.py:353} INFO - Marking task as SUCCESS. dag_id=pipeline, task_id=parser_for_Eapteka, run_id=manual__2025-02-20T07:37:59.328642+00:00, execution_date=20250220T073759, start_date=20250220T073801, end_date=20250220T073803
[2025-02-20T07:38:03.601+0000] {logging_mixin.py:190} INFO - Task instance in success state
[2025-02-20T07:38:03.602+0000] {logging_mixin.py:190} INFO -  Previous state of the Task instance: running
[2025-02-20T07:38:03.602+0000] {logging_mixin.py:190} INFO - Dag name:pipeline queued_at:2025-02-20 07:37:59.342567+00:00
[2025-02-20T07:38:03.602+0000] {logging_mixin.py:190} INFO - Task hostname:5f8091faf500 operator:_PythonDecoratedOperator
[2025-02-20T07:38:03.637+0000] {local_task_job_runner.py:266} INFO - Task exited with return code 0
[2025-02-20T07:38:03.660+0000] {taskinstance.py:3901} INFO - 0 downstream tasks scheduled from follow-on schedule check
[2025-02-20T07:38:03.662+0000] {local_task_job_runner.py:245} INFO - ::endgroup::
