[2025-02-17T20:20:17.462+0000] {local_task_job_runner.py:123} INFO - ::group::Pre task execution logs
[2025-02-17T20:20:17.683+0000] {taskinstance.py:2614} INFO - Dependencies all met for dep_context=non-requeueable deps ti=<TaskInstance: name_of_pipeline.save_data scheduled__2023-06-23T00:00:00+00:00 [queued]>
[2025-02-17T20:20:17.836+0000] {taskinstance.py:2614} INFO - Dependencies all met for dep_context=requeueable deps ti=<TaskInstance: name_of_pipeline.save_data scheduled__2023-06-23T00:00:00+00:00 [queued]>
[2025-02-17T20:20:17.843+0000] {taskinstance.py:2867} INFO - Starting attempt 1 of 1
[2025-02-17T20:20:18.175+0000] {taskinstance.py:2890} INFO - Executing <Task(PythonOperator): save_data> on 2023-06-23 00:00:00+00:00
[2025-02-17T20:20:18.201+0000] {warnings.py:112} WARNING - /home/***/.local/lib/python3.12/site-packages/***/task/task_runner/standard_task_runner.py:70: DeprecationWarning: This process (pid=2614) is multi-threaded, use of fork() may lead to deadlocks in the child.
  pid = os.fork()

[2025-02-17T20:20:18.232+0000] {standard_task_runner.py:72} INFO - Started process 2645 to run task
[2025-02-17T20:20:18.236+0000] {standard_task_runner.py:104} INFO - Running: ['***', 'tasks', 'run', 'name_of_pipeline', 'save_data', 'scheduled__2023-06-23T00:00:00+00:00', '--job-id', '806', '--raw', '--subdir', 'DAGS_FOLDER/pipeline.py', '--cfg-path', '/tmp/tmpb3vp8db1']
[2025-02-17T20:20:18.238+0000] {standard_task_runner.py:105} INFO - Job 806: Subtask save_data
[2025-02-17T20:20:18.543+0000] {task_command.py:467} INFO - Running <TaskInstance: name_of_pipeline.save_data scheduled__2023-06-23T00:00:00+00:00 [running]> on host f4228ad55513
[2025-02-17T20:20:20.826+0000] {taskinstance.py:3134} INFO - Exporting env vars: AIRFLOW_CTX_DAG_OWNER='***' AIRFLOW_CTX_DAG_ID='name_of_pipeline' AIRFLOW_CTX_TASK_ID='save_data' AIRFLOW_CTX_EXECUTION_DATE='2023-06-23T00:00:00+00:00' AIRFLOW_CTX_TRY_NUMBER='1' AIRFLOW_CTX_DAG_RUN_ID='scheduled__2023-06-23T00:00:00+00:00'
[2025-02-17T20:20:20.829+0000] {logging_mixin.py:190} INFO - Task instance is in running state
[2025-02-17T20:20:20.833+0000] {logging_mixin.py:190} INFO -  Previous state of the Task instance: queued
[2025-02-17T20:20:20.836+0000] {logging_mixin.py:190} INFO - Current task name:save_data state:running start_date:2025-02-17 20:20:17.685118+00:00
[2025-02-17T20:20:20.838+0000] {logging_mixin.py:190} INFO - Dag name:name_of_pipeline and current dag run status:running
[2025-02-17T20:20:20.842+0000] {taskinstance.py:732} INFO - ::endgroup::
[2025-02-17T20:20:20.846+0000] {pipeline.py:38} INFO - Сохраняем данные: LazySelectSequence([3 items])
[2025-02-17T20:20:20.889+0000] {python.py:240} INFO - Done. Returned value was: None
[2025-02-17T20:20:20.957+0000] {taskinstance.py:341} INFO - ::group::Post task execution logs
[2025-02-17T20:20:20.961+0000] {taskinstance.py:353} INFO - Marking task as SUCCESS. dag_id=name_of_pipeline, task_id=save_data, run_id=scheduled__2023-06-23T00:00:00+00:00, execution_date=20230623T000000, start_date=20250217T202017, end_date=20250217T202020
[2025-02-17T20:20:21.102+0000] {logging_mixin.py:190} INFO - Task instance in success state
[2025-02-17T20:20:21.103+0000] {logging_mixin.py:190} INFO -  Previous state of the Task instance: running
[2025-02-17T20:20:21.105+0000] {logging_mixin.py:190} INFO - Dag name:name_of_pipeline queued_at:2025-02-17 20:18:36.650634+00:00
[2025-02-17T20:20:21.107+0000] {logging_mixin.py:190} INFO - Task hostname:f4228ad55513 operator:PythonOperator
[2025-02-17T20:20:21.192+0000] {local_task_job_runner.py:266} INFO - Task exited with return code 0
[2025-02-17T20:20:21.254+0000] {local_task_job_runner.py:245} INFO - ::endgroup::
