[2025-02-19T14:15:24.720+0000] {local_task_job_runner.py:123} INFO - ::group::Pre task execution logs
[2025-02-19T14:15:24.731+0000] {taskinstance.py:2614} INFO - Dependencies all met for dep_context=non-requeueable deps ti=<TaskInstance: pipeline.parser_2 manual__2025-02-19T14:15:21.836323+00:00 [queued]>
[2025-02-19T14:15:24.738+0000] {taskinstance.py:2614} INFO - Dependencies all met for dep_context=requeueable deps ti=<TaskInstance: pipeline.parser_2 manual__2025-02-19T14:15:21.836323+00:00 [queued]>
[2025-02-19T14:15:24.739+0000] {taskinstance.py:2867} INFO - Starting attempt 1 of 1
[2025-02-19T14:15:24.849+0000] {taskinstance.py:2890} INFO - Executing <Task(_PythonDecoratedOperator): parser_2> on 2025-02-19 14:15:21.836323+00:00
[2025-02-19T14:15:24.854+0000] {warnings.py:112} WARNING - /home/***/.local/lib/python3.12/site-packages/***/task/task_runner/standard_task_runner.py:70: DeprecationWarning: This process (pid=67) is multi-threaded, use of fork() may lead to deadlocks in the child.
  pid = os.fork()

[2025-02-19T14:15:24.856+0000] {standard_task_runner.py:72} INFO - Started process 74 to run task
[2025-02-19T14:15:24.855+0000] {standard_task_runner.py:104} INFO - Running: ['***', 'tasks', 'run', 'pipeline', 'parser_2', 'manual__2025-02-19T14:15:21.836323+00:00', '--job-id', '1027', '--raw', '--subdir', 'DAGS_FOLDER/pipeline.py', '--cfg-path', '/tmp/tmpof8jxiou']
[2025-02-19T14:15:24.857+0000] {standard_task_runner.py:105} INFO - Job 1027: Subtask parser_2
[2025-02-19T14:15:24.886+0000] {task_command.py:467} INFO - Running <TaskInstance: pipeline.parser_2 manual__2025-02-19T14:15:21.836323+00:00 [running]> on host 5f8091faf500
[2025-02-19T14:15:24.938+0000] {taskinstance.py:3134} INFO - Exporting env vars: AIRFLOW_CTX_DAG_OWNER='***' AIRFLOW_CTX_DAG_ID='pipeline' AIRFLOW_CTX_TASK_ID='parser_2' AIRFLOW_CTX_EXECUTION_DATE='2025-02-19T14:15:21.836323+00:00' AIRFLOW_CTX_TRY_NUMBER='1' AIRFLOW_CTX_DAG_RUN_ID='manual__2025-02-19T14:15:21.836323+00:00'
[2025-02-19T14:15:24.940+0000] {logging_mixin.py:190} INFO - Task instance is in running state
[2025-02-19T14:15:24.940+0000] {logging_mixin.py:190} INFO -  Previous state of the Task instance: queued
[2025-02-19T14:15:24.940+0000] {logging_mixin.py:190} INFO - Current task name:parser_2 state:running start_date:2025-02-19 14:15:24.732419+00:00
[2025-02-19T14:15:24.940+0000] {logging_mixin.py:190} INFO - Dag name:pipeline and current dag run status:running
[2025-02-19T14:15:24.940+0000] {taskinstance.py:732} INFO - ::endgroup::
[2025-02-19T14:15:24.941+0000] {parser_2.py:10} INFO - Starting parser 2
[2025-02-19T14:15:24.941+0000] {logging_mixin.py:190} INFO - Парсер 2 выполняется
[2025-02-19T14:15:24.944+0000] {python.py:240} INFO - Done. Returned value was: Empty DataFrame
Columns: []
Index: []
[2025-02-19T14:15:24.988+0000] {taskinstance.py:341} INFO - ::group::Post task execution logs
[2025-02-19T14:15:24.989+0000] {taskinstance.py:353} INFO - Marking task as SUCCESS. dag_id=pipeline, task_id=parser_2, run_id=manual__2025-02-19T14:15:21.836323+00:00, execution_date=20250219T141521, start_date=20250219T141524, end_date=20250219T141524
[2025-02-19T14:15:25.007+0000] {logging_mixin.py:190} INFO - Task instance in success state
[2025-02-19T14:15:25.007+0000] {logging_mixin.py:190} INFO -  Previous state of the Task instance: running
[2025-02-19T14:15:25.007+0000] {logging_mixin.py:190} INFO - Dag name:pipeline queued_at:2025-02-19 14:15:21.851989+00:00
[2025-02-19T14:15:25.007+0000] {logging_mixin.py:190} INFO - Task hostname:5f8091faf500 operator:_PythonDecoratedOperator
[2025-02-19T14:15:25.039+0000] {local_task_job_runner.py:266} INFO - Task exited with return code 0
[2025-02-19T14:15:25.054+0000] {local_task_job_runner.py:245} INFO - ::endgroup::
