[2025-02-19T13:29:14.126+0000] {local_task_job_runner.py:123} INFO - ::group::Pre task execution logs
[2025-02-19T13:29:14.138+0000] {taskinstance.py:2614} INFO - Dependencies all met for dep_context=non-requeueable deps ti=<TaskInstance: pipeline.process_data manual__2025-02-19T13:29:04.737212+00:00 [queued]>
[2025-02-19T13:29:14.234+0000] {taskinstance.py:2614} INFO - Dependencies all met for dep_context=requeueable deps ti=<TaskInstance: pipeline.process_data manual__2025-02-19T13:29:04.737212+00:00 [queued]>
[2025-02-19T13:29:14.234+0000] {taskinstance.py:2867} INFO - Starting attempt 1 of 1
[2025-02-19T13:29:14.241+0000] {taskinstance.py:2890} INFO - Executing <Task(_PythonDecoratedOperator): process_data> on 2025-02-19 13:29:04.737212+00:00
[2025-02-19T13:29:14.246+0000] {warnings.py:112} WARNING - /home/***/.local/lib/python3.12/site-packages/***/task/task_runner/standard_task_runner.py:70: DeprecationWarning: This process (pid=821) is multi-threaded, use of fork() may lead to deadlocks in the child.
  pid = os.fork()

[2025-02-19T13:29:14.247+0000] {standard_task_runner.py:72} INFO - Started process 823 to run task
[2025-02-19T13:29:14.247+0000] {standard_task_runner.py:104} INFO - Running: ['***', 'tasks', 'run', 'pipeline', 'process_data', 'manual__2025-02-19T13:29:04.737212+00:00', '--job-id', '1000', '--raw', '--subdir', 'DAGS_FOLDER/pipeline.py', '--cfg-path', '/tmp/tmpb43tr6pq']
[2025-02-19T13:29:14.248+0000] {standard_task_runner.py:105} INFO - Job 1000: Subtask process_data
[2025-02-19T13:29:14.274+0000] {task_command.py:467} INFO - Running <TaskInstance: pipeline.process_data manual__2025-02-19T13:29:04.737212+00:00 [running]> on host 5f8091faf500
[2025-02-19T13:29:14.329+0000] {taskinstance.py:3134} INFO - Exporting env vars: AIRFLOW_CTX_DAG_OWNER='***' AIRFLOW_CTX_DAG_ID='pipeline' AIRFLOW_CTX_TASK_ID='process_data' AIRFLOW_CTX_EXECUTION_DATE='2025-02-19T13:29:04.737212+00:00' AIRFLOW_CTX_TRY_NUMBER='1' AIRFLOW_CTX_DAG_RUN_ID='manual__2025-02-19T13:29:04.737212+00:00'
[2025-02-19T13:29:14.330+0000] {logging_mixin.py:190} INFO - Task instance is in running state
[2025-02-19T13:29:14.330+0000] {logging_mixin.py:190} INFO -  Previous state of the Task instance: queued
[2025-02-19T13:29:14.331+0000] {logging_mixin.py:190} INFO - Current task name:process_data state:running start_date:2025-02-19 13:29:14.138493+00:00
[2025-02-19T13:29:14.331+0000] {logging_mixin.py:190} INFO - Dag name:pipeline and current dag run status:running
[2025-02-19T13:29:14.331+0000] {taskinstance.py:732} INFO - ::endgroup::
[2025-02-19T13:29:14.338+0000] {temp.py:20} INFO -     Unnamed: 0                                            comment
0          0.0  Я мама двух маленьких детей, и постоянная уста...
1          1.0  Недостатки: Не помогло. все время была сонливо...
2          2.0  Я начала принимать Проспекту при астении по ре...
3          3.0  Давненько хотела пропить что-то для улучшения ...
4          4.0  Не знаю, что бы делала, если бы не узнала про ...
5          5.0  Брали Проспекту дедушке, для улучшения памяти....
6          6.0  Хвалю Проспекту, отлично помогает при СДВГ у р...
7          7.0  Проспекту назначили папе после инсульта, у нег...
8          8.0  Давала эти таблетки сыну, а то его неусидчивос...
9          9.0  Искала хорошее средство для улучшения концентр...
10         NaN                                            comment
11         0.0  Я мама двух маленьких детей, и постоянная уста...
12         1.0  Недостатки: Не помогло. все время была сонливо...
13         2.0  Я начала принимать Проспекту при астении по ре...
14         3.0  Давненько хотела пропить что-то для улучшения ...
15         4.0  Не знаю, что бы делала, если бы не узнала про ...
16         5.0  Брали Проспекту дедушке, для улучшения памяти....
17         6.0  Хвалю Проспекту, отлично помогает при СДВГ у р...
18         7.0  Проспекту назначили папе после инсульта, у нег...
19         8.0  Давала эти таблетки сыну, а то его неусидчивос...
20         9.0  Искала хорошее средство для улучшения концентр...
[2025-02-19T13:29:14.344+0000] {python.py:240} INFO - Done. Returned value was: None
[2025-02-19T13:29:14.354+0000] {taskinstance.py:341} INFO - ::group::Post task execution logs
[2025-02-19T13:29:14.354+0000] {taskinstance.py:353} INFO - Marking task as SUCCESS. dag_id=pipeline, task_id=process_data, run_id=manual__2025-02-19T13:29:04.737212+00:00, execution_date=20250219T132904, start_date=20250219T132914, end_date=20250219T132914
[2025-02-19T13:29:14.372+0000] {logging_mixin.py:190} INFO - Task instance in success state
[2025-02-19T13:29:14.372+0000] {logging_mixin.py:190} INFO -  Previous state of the Task instance: running
[2025-02-19T13:29:14.373+0000] {logging_mixin.py:190} INFO - Dag name:pipeline queued_at:2025-02-19 13:29:04.770287+00:00
[2025-02-19T13:29:14.373+0000] {logging_mixin.py:190} INFO - Task hostname:5f8091faf500 operator:_PythonDecoratedOperator
[2025-02-19T13:29:14.386+0000] {local_task_job_runner.py:266} INFO - Task exited with return code 0
[2025-02-19T13:29:14.396+0000] {taskinstance.py:3901} INFO - 0 downstream tasks scheduled from follow-on schedule check
[2025-02-19T13:29:14.397+0000] {local_task_job_runner.py:245} INFO - ::endgroup::
