[2025-02-19T12:01:53.970+0000] {local_task_job_runner.py:123} INFO - ::group::Pre task execution logs
[2025-02-19T12:01:54.082+0000] {taskinstance.py:2614} INFO - Dependencies all met for dep_context=non-requeueable deps ti=<TaskInstance: pipeline.parser_3 manual__2025-02-19T12:01:51.111172+00:00 [queued]>
[2025-02-19T12:01:54.088+0000] {taskinstance.py:2614} INFO - Dependencies all met for dep_context=requeueable deps ti=<TaskInstance: pipeline.parser_3 manual__2025-02-19T12:01:51.111172+00:00 [queued]>
[2025-02-19T12:01:54.088+0000] {taskinstance.py:2867} INFO - Starting attempt 1 of 1
[2025-02-19T12:01:54.096+0000] {taskinstance.py:2890} INFO - Executing <Task(_PythonDecoratedOperator): parser_3> on 2025-02-19 12:01:51.111172+00:00
[2025-02-19T12:01:54.101+0000] {warnings.py:112} WARNING - /home/***/.local/lib/python3.12/site-packages/***/task/task_runner/standard_task_runner.py:70: DeprecationWarning: This process (pid=68) is multi-threaded, use of fork() may lead to deadlocks in the child.
  pid = os.fork()

[2025-02-19T12:01:54.105+0000] {standard_task_runner.py:72} INFO - Started process 77 to run task
[2025-02-19T12:01:54.105+0000] {standard_task_runner.py:104} INFO - Running: ['***', 'tasks', 'run', 'pipeline', 'parser_3', 'manual__2025-02-19T12:01:51.111172+00:00', '--job-id', '965', '--raw', '--subdir', 'DAGS_FOLDER/pipeline.py', '--cfg-path', '/tmp/tmp8kqbpt16']
[2025-02-19T12:01:54.107+0000] {standard_task_runner.py:105} INFO - Job 965: Subtask parser_3
[2025-02-19T12:01:54.146+0000] {task_command.py:467} INFO - Running <TaskInstance: pipeline.parser_3 manual__2025-02-19T12:01:51.111172+00:00 [running]> on host 5f8091faf500
[2025-02-19T12:01:54.203+0000] {taskinstance.py:3134} INFO - Exporting env vars: AIRFLOW_CTX_DAG_OWNER='***' AIRFLOW_CTX_DAG_ID='pipeline' AIRFLOW_CTX_TASK_ID='parser_3' AIRFLOW_CTX_EXECUTION_DATE='2025-02-19T12:01:51.111172+00:00' AIRFLOW_CTX_TRY_NUMBER='1' AIRFLOW_CTX_DAG_RUN_ID='manual__2025-02-19T12:01:51.111172+00:00'
[2025-02-19T12:01:54.206+0000] {logging_mixin.py:190} INFO - Task instance is in running state
[2025-02-19T12:01:54.207+0000] {logging_mixin.py:190} INFO -  Previous state of the Task instance: queued
[2025-02-19T12:01:54.207+0000] {logging_mixin.py:190} INFO - Current task name:parser_3 state:running start_date:2025-02-19 12:01:54.083721+00:00
[2025-02-19T12:01:54.207+0000] {logging_mixin.py:190} INFO - Dag name:pipeline and current dag run status:running
[2025-02-19T12:01:54.207+0000] {taskinstance.py:732} INFO - ::endgroup::
[2025-02-19T12:01:54.208+0000] {parser_3.py:11} INFO - Starting parser 3
[2025-02-19T12:01:54.208+0000] {logging_mixin.py:190} INFO - Парсер 3 выполняется
[2025-02-19T12:01:54.215+0000] {python.py:240} INFO - Done. Returned value was: Empty DataFrame
Columns: []
Index: []
[2025-02-19T12:01:54.276+0000] {taskinstance.py:341} INFO - ::group::Post task execution logs
[2025-02-19T12:01:54.276+0000] {taskinstance.py:353} INFO - Marking task as SUCCESS. dag_id=pipeline, task_id=parser_3, run_id=manual__2025-02-19T12:01:51.111172+00:00, execution_date=20250219T120151, start_date=20250219T120154, end_date=20250219T120154
[2025-02-19T12:01:54.290+0000] {logging_mixin.py:190} INFO - Task instance in success state
[2025-02-19T12:01:54.290+0000] {logging_mixin.py:190} INFO -  Previous state of the Task instance: running
[2025-02-19T12:01:54.291+0000] {logging_mixin.py:190} INFO - Dag name:pipeline queued_at:2025-02-19 12:01:51.136909+00:00
[2025-02-19T12:01:54.292+0000] {logging_mixin.py:190} INFO - Task hostname:5f8091faf500 operator:_PythonDecoratedOperator
[2025-02-19T12:01:54.332+0000] {local_task_job_runner.py:266} INFO - Task exited with return code 0
[2025-02-19T12:01:54.342+0000] {local_task_job_runner.py:245} INFO - ::endgroup::
