[2025-02-17T20:19:30.157+0000] {local_task_job_runner.py:123} INFO - ::group::Pre task execution logs
[2025-02-17T20:19:30.657+0000] {taskinstance.py:2614} INFO - Dependencies all met for dep_context=non-requeueable deps ti=<TaskInstance: name_of_pipeline.parser_2 scheduled__2023-06-15T00:00:00+00:00 [queued]>
[2025-02-17T20:19:31.157+0000] {taskinstance.py:2614} INFO - Dependencies all met for dep_context=requeueable deps ti=<TaskInstance: name_of_pipeline.parser_2 scheduled__2023-06-15T00:00:00+00:00 [queued]>
[2025-02-17T20:19:31.415+0000] {taskinstance.py:2867} INFO - Starting attempt 1 of 1
[2025-02-17T20:19:32.152+0000] {taskinstance.py:2890} INFO - Executing <Task(PythonOperator): parser_2> on 2023-06-15 00:00:00+00:00
[2025-02-17T20:19:32.329+0000] {warnings.py:112} WARNING - /home/***/.local/lib/python3.12/site-packages/***/task/task_runner/standard_task_runner.py:70: DeprecationWarning: This process (pid=2533) is multi-threaded, use of fork() may lead to deadlocks in the child.
  pid = os.fork()

[2025-02-17T20:19:32.334+0000] {standard_task_runner.py:104} INFO - Running: ['***', 'tasks', 'run', 'name_of_pipeline', 'parser_2', 'scheduled__2023-06-15T00:00:00+00:00', '--job-id', '780', '--raw', '--subdir', 'DAGS_FOLDER/pipeline.py', '--cfg-path', '/tmp/tmpwv7u1z98']
[2025-02-17T20:19:32.364+0000] {standard_task_runner.py:105} INFO - Job 780: Subtask parser_2
[2025-02-17T20:19:32.368+0000] {standard_task_runner.py:72} INFO - Started process 2566 to run task
[2025-02-17T20:19:33.063+0000] {task_command.py:467} INFO - Running <TaskInstance: name_of_pipeline.parser_2 scheduled__2023-06-15T00:00:00+00:00 [running]> on host f4228ad55513
[2025-02-17T20:19:38.323+0000] {taskinstance.py:3134} INFO - Exporting env vars: AIRFLOW_CTX_DAG_OWNER='***' AIRFLOW_CTX_DAG_ID='name_of_pipeline' AIRFLOW_CTX_TASK_ID='parser_2' AIRFLOW_CTX_EXECUTION_DATE='2023-06-15T00:00:00+00:00' AIRFLOW_CTX_TRY_NUMBER='1' AIRFLOW_CTX_DAG_RUN_ID='scheduled__2023-06-15T00:00:00+00:00'
[2025-02-17T20:19:38.336+0000] {logging_mixin.py:190} INFO - Task instance is in running state
[2025-02-17T20:19:38.345+0000] {logging_mixin.py:190} INFO -  Previous state of the Task instance: queued
[2025-02-17T20:19:38.356+0000] {logging_mixin.py:190} INFO - Current task name:parser_2 state:running start_date:2025-02-17 20:19:30.684441+00:00
[2025-02-17T20:19:38.358+0000] {logging_mixin.py:190} INFO - Dag name:name_of_pipeline and current dag run status:running
[2025-02-17T20:19:38.364+0000] {taskinstance.py:732} INFO - ::endgroup::
[2025-02-17T20:19:38.371+0000] {pipeline.py:20} INFO - Starting parser 2
[2025-02-17T20:19:38.374+0000] {logging_mixin.py:190} INFO - Парсер 2 выполняется
[2025-02-17T20:19:38.382+0000] {python.py:240} INFO - Done. Returned value was: Данные от парсера 2
[2025-02-17T20:19:38.588+0000] {taskinstance.py:341} INFO - ::group::Post task execution logs
[2025-02-17T20:19:38.592+0000] {taskinstance.py:353} INFO - Marking task as SUCCESS. dag_id=name_of_pipeline, task_id=parser_2, run_id=scheduled__2023-06-15T00:00:00+00:00, execution_date=20230615T000000, start_date=20250217T201930, end_date=20250217T201938
[2025-02-17T20:19:38.796+0000] {logging_mixin.py:190} INFO - Task instance in success state
[2025-02-17T20:19:38.799+0000] {logging_mixin.py:190} INFO -  Previous state of the Task instance: running
[2025-02-17T20:19:38.801+0000] {logging_mixin.py:190} INFO - Dag name:name_of_pipeline queued_at:2025-02-17 20:18:34.026160+00:00
[2025-02-17T20:19:38.802+0000] {logging_mixin.py:190} INFO - Task hostname:f4228ad55513 operator:PythonOperator
[2025-02-17T20:19:38.936+0000] {local_task_job_runner.py:266} INFO - Task exited with return code 0
[2025-02-17T20:19:39.230+0000] {local_task_job_runner.py:245} INFO - ::endgroup::
