[2025-02-21T08:15:59.195+0000] {local_task_job_runner.py:123} INFO - ::group::Pre task execution logs
[2025-02-21T08:15:59.370+0000] {taskinstance.py:2614} INFO - Dependencies all met for dep_context=non-requeueable deps ti=<TaskInstance: pipeline.parser_for_Uteka scheduled__2025-02-20T00:00:00+00:00 [queued]>
[2025-02-21T08:15:59.477+0000] {taskinstance.py:2614} INFO - Dependencies all met for dep_context=requeueable deps ti=<TaskInstance: pipeline.parser_for_Uteka scheduled__2025-02-20T00:00:00+00:00 [queued]>
[2025-02-21T08:15:59.503+0000] {taskinstance.py:2867} INFO - Starting attempt 1 of 1
[2025-02-21T08:16:01.840+0000] {taskinstance.py:2890} INFO - Executing <Task(_PythonDecoratedOperator): parser_for_Uteka> on 2025-02-20 00:00:00+00:00
[2025-02-21T08:16:01.949+0000] {warnings.py:112} WARNING - /home/***/.local/lib/python3.12/site-packages/***/task/task_runner/standard_task_runner.py:70: DeprecationWarning: This process (pid=66) is multi-threaded, use of fork() may lead to deadlocks in the child.
  pid = os.fork()

[2025-02-21T08:16:01.961+0000] {standard_task_runner.py:72} INFO - Started process 73 to run task
[2025-02-21T08:16:01.960+0000] {standard_task_runner.py:104} INFO - Running: ['***', 'tasks', 'run', 'pipeline', 'parser_for_Uteka', 'scheduled__2025-02-20T00:00:00+00:00', '--job-id', '1127', '--raw', '--subdir', 'DAGS_FOLDER/pipeline.py', '--cfg-path', '/tmp/tmpmidg1cy1']
[2025-02-21T08:16:01.977+0000] {standard_task_runner.py:105} INFO - Job 1127: Subtask parser_for_Uteka
[2025-02-21T08:16:02.417+0000] {task_command.py:467} INFO - Running <TaskInstance: pipeline.parser_for_Uteka scheduled__2025-02-20T00:00:00+00:00 [running]> on host 5f8091faf500
[2025-02-21T08:16:03.600+0000] {taskinstance.py:3134} INFO - Exporting env vars: AIRFLOW_CTX_DAG_OWNER='***' AIRFLOW_CTX_DAG_ID='pipeline' AIRFLOW_CTX_TASK_ID='parser_for_Uteka' AIRFLOW_CTX_EXECUTION_DATE='2025-02-20T00:00:00+00:00' AIRFLOW_CTX_TRY_NUMBER='1' AIRFLOW_CTX_DAG_RUN_ID='scheduled__2025-02-20T00:00:00+00:00'
[2025-02-21T08:16:03.622+0000] {logging_mixin.py:190} INFO - Task instance is in running state
[2025-02-21T08:16:03.636+0000] {logging_mixin.py:190} INFO -  Previous state of the Task instance: queued
[2025-02-21T08:16:03.637+0000] {logging_mixin.py:190} INFO - Current task name:parser_for_Uteka state:running start_date:2025-02-21 08:15:59.401379+00:00
[2025-02-21T08:16:03.642+0000] {logging_mixin.py:190} INFO - Dag name:pipeline and current dag run status:running
[2025-02-21T08:16:03.652+0000] {taskinstance.py:732} INFO - ::endgroup::
[2025-02-21T08:16:03.679+0000] {parser_1.py:21} INFO - Open webdriver_remote
[2025-02-21T08:16:07.533+0000] {job.py:229} INFO - Heartbeat recovered after 10.72 seconds
[2025-02-21T08:17:14.445+0000] {parser_1.py:33} INFO - Webdriver opened
[2025-02-21T08:17:14.506+0000] {parser_1.py:38} INFO - Processing URL: https://uteka.ru/product/afobazol-192064/ for drug: Афобазол
[2025-02-21T08:17:24.219+0000] {parser_1.py:40} INFO - Successfully opened URL
[2025-02-21T08:17:24.469+0000] {parser_1.py:49} INFO - Found 3 review elements for Афобазол
[2025-02-21T08:17:26.979+0000] {parser_1.py:56} INFO - Data collected successfully for Афобазол
[2025-02-21T08:17:26.981+0000] {parser_1.py:38} INFO - Processing URL: https://uteka.ru/product/aviandr-399720/ for drug: Авиандр
[2025-02-21T08:17:31.940+0000] {parser_1.py:40} INFO - Successfully opened URL
[2025-02-21T08:17:39.460+0000] {parser_1.py:49} INFO - Found 3 review elements for Авиандр
[2025-02-21T08:17:45.753+0000] {parser_1.py:56} INFO - Data collected successfully for Авиандр
[2025-02-21T08:17:46.674+0000] {python.py:240} INFO - Done. Returned value was:                                              comment drag_name
0  Достоинства: ничего\nНедостатки: почитал полож...  Афобазол
1  Достоинства: Препарат рабочий, нервы успокаива...  Афобазол
2  Достоинства: Их нет!\nНедостатки: Не помогает ...  Афобазол
3  После потери близкого человека думала сойду с ...   Авиандр
4  Пробовала разные подобные препараты, но из все...   Авиандр
5  Достоинства: Очень помог\nНедостатки: Нет\nКом...   Авиандр
[2025-02-21T08:17:48.038+0000] {taskinstance.py:341} INFO - ::group::Post task execution logs
[2025-02-21T08:17:48.051+0000] {taskinstance.py:353} INFO - Marking task as SUCCESS. dag_id=pipeline, task_id=parser_for_Uteka, run_id=scheduled__2025-02-20T00:00:00+00:00, execution_date=20250220T000000, start_date=20250221T081559, end_date=20250221T081748
[2025-02-21T08:17:48.460+0000] {logging_mixin.py:190} INFO - Task instance in success state
[2025-02-21T08:17:48.461+0000] {logging_mixin.py:190} INFO -  Previous state of the Task instance: running
[2025-02-21T08:17:48.468+0000] {logging_mixin.py:190} INFO - Dag name:pipeline queued_at:2025-02-21 08:15:46.018398+00:00
[2025-02-21T08:17:48.471+0000] {logging_mixin.py:190} INFO - Task hostname:5f8091faf500 operator:_PythonDecoratedOperator
[2025-02-21T08:17:48.595+0000] {local_task_job_runner.py:266} INFO - Task exited with return code 0
[2025-02-21T08:17:49.137+0000] {taskinstance.py:3901} INFO - 1 downstream tasks scheduled from follow-on schedule check
[2025-02-21T08:17:49.180+0000] {local_task_job_runner.py:245} INFO - ::endgroup::
