[2025-02-17T20:19:20.879+0000] {local_task_job_runner.py:123} INFO - ::group::Pre task execution logs
[2025-02-17T20:19:21.237+0000] {taskinstance.py:2614} INFO - Dependencies all met for dep_context=non-requeueable deps ti=<TaskInstance: name_of_pipeline.parser_3 scheduled__2023-06-13T00:00:00+00:00 [queued]>
[2025-02-17T20:19:21.312+0000] {taskinstance.py:2614} INFO - Dependencies all met for dep_context=requeueable deps ti=<TaskInstance: name_of_pipeline.parser_3 scheduled__2023-06-13T00:00:00+00:00 [queued]>
[2025-02-17T20:19:21.320+0000] {taskinstance.py:2867} INFO - Starting attempt 1 of 1
[2025-02-17T20:19:21.437+0000] {taskinstance.py:2890} INFO - Executing <Task(PythonOperator): parser_3> on 2023-06-13 00:00:00+00:00
[2025-02-17T20:19:21.507+0000] {warnings.py:112} WARNING - /home/***/.local/lib/python3.12/site-packages/***/task/task_runner/standard_task_runner.py:70: DeprecationWarning: This process (pid=2507) is multi-threaded, use of fork() may lead to deadlocks in the child.
  pid = os.fork()

[2025-02-17T20:19:21.513+0000] {standard_task_runner.py:104} INFO - Running: ['***', 'tasks', 'run', 'name_of_pipeline', 'parser_3', 'scheduled__2023-06-13T00:00:00+00:00', '--job-id', '775', '--raw', '--subdir', 'DAGS_FOLDER/pipeline.py', '--cfg-path', '/tmp/tmpt84hj3md']
[2025-02-17T20:19:21.517+0000] {standard_task_runner.py:105} INFO - Job 775: Subtask parser_3
[2025-02-17T20:19:21.517+0000] {standard_task_runner.py:72} INFO - Started process 2552 to run task
[2025-02-17T20:19:21.798+0000] {task_command.py:467} INFO - Running <TaskInstance: name_of_pipeline.parser_3 scheduled__2023-06-13T00:00:00+00:00 [running]> on host f4228ad55513
[2025-02-17T20:19:27.074+0000] {taskinstance.py:3134} INFO - Exporting env vars: AIRFLOW_CTX_DAG_OWNER='***' AIRFLOW_CTX_DAG_ID='name_of_pipeline' AIRFLOW_CTX_TASK_ID='parser_3' AIRFLOW_CTX_EXECUTION_DATE='2023-06-13T00:00:00+00:00' AIRFLOW_CTX_TRY_NUMBER='1' AIRFLOW_CTX_DAG_RUN_ID='scheduled__2023-06-13T00:00:00+00:00'
[2025-02-17T20:19:27.080+0000] {logging_mixin.py:190} INFO - Task instance is in running state
[2025-02-17T20:19:27.084+0000] {logging_mixin.py:190} INFO -  Previous state of the Task instance: queued
[2025-02-17T20:19:27.091+0000] {logging_mixin.py:190} INFO - Current task name:parser_3 state:running start_date:2025-02-17 20:19:21.280614+00:00
[2025-02-17T20:19:27.147+0000] {logging_mixin.py:190} INFO - Dag name:name_of_pipeline and current dag run status:running
[2025-02-17T20:19:27.149+0000] {taskinstance.py:732} INFO - ::endgroup::
[2025-02-17T20:19:27.150+0000] {pipeline.py:26} INFO - Starting parser 3
[2025-02-17T20:19:27.150+0000] {logging_mixin.py:190} INFO - Парсер 3 выполняется
[2025-02-17T20:19:27.153+0000] {python.py:240} INFO - Done. Returned value was: Данные от парсера 3
[2025-02-17T20:19:27.262+0000] {taskinstance.py:341} INFO - ::group::Post task execution logs
[2025-02-17T20:19:27.268+0000] {taskinstance.py:353} INFO - Marking task as SUCCESS. dag_id=name_of_pipeline, task_id=parser_3, run_id=scheduled__2023-06-13T00:00:00+00:00, execution_date=20230613T000000, start_date=20250217T201921, end_date=20250217T201927
[2025-02-17T20:19:27.392+0000] {logging_mixin.py:190} INFO - Task instance in success state
[2025-02-17T20:19:27.396+0000] {logging_mixin.py:190} INFO -  Previous state of the Task instance: running
[2025-02-17T20:19:27.400+0000] {logging_mixin.py:190} INFO - Dag name:name_of_pipeline queued_at:2025-02-17 20:18:33.798062+00:00
[2025-02-17T20:19:27.401+0000] {logging_mixin.py:190} INFO - Task hostname:f4228ad55513 operator:PythonOperator
[2025-02-17T20:19:27.603+0000] {local_task_job_runner.py:266} INFO - Task exited with return code 0
[2025-02-17T20:19:27.848+0000] {taskinstance.py:3901} INFO - 0 downstream tasks scheduled from follow-on schedule check
[2025-02-17T20:19:27.876+0000] {local_task_job_runner.py:245} INFO - ::endgroup::
