[2025-02-20T07:38:08.127+0000] {local_task_job_runner.py:123} INFO - ::group::Pre task execution logs
[2025-02-20T07:38:08.137+0000] {taskinstance.py:2614} INFO - Dependencies all met for dep_context=non-requeueable deps ti=<TaskInstance: pipeline.process_data manual__2025-02-20T07:37:59.328642+00:00 [queued]>
[2025-02-20T07:38:08.232+0000] {taskinstance.py:2614} INFO - Dependencies all met for dep_context=requeueable deps ti=<TaskInstance: pipeline.process_data manual__2025-02-20T07:37:59.328642+00:00 [queued]>
[2025-02-20T07:38:08.232+0000] {taskinstance.py:2867} INFO - Starting attempt 1 of 1
[2025-02-20T07:38:08.240+0000] {taskinstance.py:2890} INFO - Executing <Task(_PythonDecoratedOperator): process_data> on 2025-02-20 07:37:59.328642+00:00
[2025-02-20T07:38:08.244+0000] {warnings.py:112} WARNING - /home/***/.local/lib/python3.12/site-packages/***/task/task_runner/standard_task_runner.py:70: DeprecationWarning: This process (pid=258) is multi-threaded, use of fork() may lead to deadlocks in the child.
  pid = os.fork()

[2025-02-20T07:38:08.245+0000] {standard_task_runner.py:72} INFO - Started process 260 to run task
[2025-02-20T07:38:08.246+0000] {standard_task_runner.py:104} INFO - Running: ['***', 'tasks', 'run', 'pipeline', 'process_data', 'manual__2025-02-20T07:37:59.328642+00:00', '--job-id', '1109', '--raw', '--subdir', 'DAGS_FOLDER/pipeline.py', '--cfg-path', '/tmp/tmpfkounb6w']
[2025-02-20T07:38:08.247+0000] {standard_task_runner.py:105} INFO - Job 1109: Subtask process_data
[2025-02-20T07:38:08.272+0000] {task_command.py:467} INFO - Running <TaskInstance: pipeline.process_data manual__2025-02-20T07:37:59.328642+00:00 [running]> on host 5f8091faf500
[2025-02-20T07:38:08.311+0000] {taskinstance.py:3134} INFO - Exporting env vars: AIRFLOW_CTX_DAG_OWNER='***' AIRFLOW_CTX_DAG_ID='pipeline' AIRFLOW_CTX_TASK_ID='process_data' AIRFLOW_CTX_EXECUTION_DATE='2025-02-20T07:37:59.328642+00:00' AIRFLOW_CTX_TRY_NUMBER='1' AIRFLOW_CTX_DAG_RUN_ID='manual__2025-02-20T07:37:59.328642+00:00'
[2025-02-20T07:38:08.312+0000] {logging_mixin.py:190} INFO - Task instance is in running state
[2025-02-20T07:38:08.312+0000] {logging_mixin.py:190} INFO -  Previous state of the Task instance: queued
[2025-02-20T07:38:08.313+0000] {logging_mixin.py:190} INFO - Current task name:process_data state:running start_date:2025-02-20 07:38:08.137959+00:00
[2025-02-20T07:38:08.313+0000] {logging_mixin.py:190} INFO - Dag name:pipeline and current dag run status:running
[2025-02-20T07:38:08.313+0000] {taskinstance.py:732} INFO - ::endgroup::
[2025-02-20T07:38:08.322+0000] {logging_mixin.py:190} INFO -                                               comment  drag_name
0   Я мама двух маленьких детей, и постоянная уста...  проспекта
1   Недостатки: Не помогло. все время была сонливо...  проспекта
2   Я начала принимать Проспекту при астении по ре...  проспекта
3   Давненько хотела пропить что-то для улучшения ...  проспекта
4   Не знаю, что бы делала, если бы не узнала про ...  проспекта
..                                                ...        ...
63  Достоинства: хорошо восстанавливает нервы, выр...   афобазол
64  В наши времена без таблеток от тревоги никак. ...   афобазол
65  Да, временами приходится спасаться именно этим...   афобазол
66  Достоинства: успокоительный эфект есть употреб...   афобазол
67  С такой работой как у меня без Афобазола иногд...   афобазол

[68 rows x 2 columns]
[2025-02-20T07:38:08.323+0000] {logging_mixin.py:190} INFO - new df
[2025-02-20T07:38:08.326+0000] {logging_mixin.py:190} INFO -                                                comment  drag_name
0   Я мама двух маленьких детей, и постоянная уста...  проспекта
1   Недостатки: Не помогло. все время была сонливо...  проспекта
2   Я начала принимать Проспекту при астении по ре...  проспекта
3   Давненько хотела пропить что-то для улучшения ...  проспекта
4   Не знаю, что бы делала, если бы не узнала про ...  проспекта
5   Брали Проспекту дедушке, для улучшения памяти....  проспекта
6   Хвалю Проспекту, отлично помогает при СДВГ у р...  проспекта
7   Проспекту назначили папе после инсульта, у нег...  проспекта
8   Давала эти таблетки сыну, а то его неусидчивос...  проспекта
9   Искала хорошее средство для улучшения концентр...  проспекта
10  Достоинства: Доступная цена, легко найти в люб...   афобазол
11  Достоинства: Таблетка небольшая по форме, удоб...   афобазол
12  Достоинства: Самое главное - действительно пом...   афобазол
13  Хороший отечественный препарат, предназначенны...   афобазол
14  Каждый год осенью мир становился для меня каки...   афобазол
15  Очень рада, что в свое время решила принимать ...   афобазол
16  На меня Афобазол производит возбуждающий эффек...   афобазол
17  Лично мне помогает успокоиться, когда есть тре...   афобазол
18  Достоинства: Работает. Цена ок по сравнению с ...   афобазол
19  2 месяца назад уволили с работы по непонятной ...   афобазол
20  Достоинства: Купила Афобазол с надеждой успоко...   афобазол
21  Отличный безрецептурный противотревожный препа...   афобазол
22  Достоинства: хорошо помогает, недорогой\n\nНед...   афобазол
23  Достоинства: + Действует. Но нужно достаточно ...   афобазол
24  Если принимать строго по инструкции и хотя бы ...   афобазол
25  Наконец-то дошла до того, чтобы бросить курить...   афобазол
26  Афобазол - единственный лекарственный препарат...   афобазол
27  Иногда я принимаю Афобазол для поддержания пси...   афобазол
28  Я довольно тяжело переживаю ПМС. За пару недел...   афобазол
29  Достоинства: хорошо восстанавливает нервы, выр...   афобазол
30  В наши времена без таблеток от тревоги никак. ...   афобазол
31  Да, временами приходится спасаться именно этим...   афобазол
32  Достоинства: успокоительный эфект есть употреб...   афобазол
33  С такой работой как у меня без Афобазола иногд...   афобазол
[2025-02-20T07:38:08.714+0000] {logging_mixin.py:190} INFO - {"result":{"alternatives":[{"message":{"role":"assistant","text":"Нет НР"},"status":"ALTERNATIVE_STATUS_FINAL"}],"usage":{"inputTextTokens":"145","completionTokens":"3","totalTokens":"148","completionTokensDetails":null},"modelVersion":"23.10.2024"}}
[2025-02-20T07:38:08.716+0000] {logging_mixin.py:190} INFO - Нет НР
[2025-02-20T07:38:09.080+0000] {logging_mixin.py:190} INFO - {"result":{"alternatives":[{"message":{"role":"assistant","text":"Сонливость"},"status":"ALTERNATIVE_STATUS_FINAL"}],"usage":{"inputTextTokens":"68","completionTokens":"2","totalTokens":"70","completionTokensDetails":null},"modelVersion":"23.10.2024"}}
[2025-02-20T07:38:09.081+0000] {logging_mixin.py:190} INFO - Сонливость
[2025-02-20T07:38:09.482+0000] {logging_mixin.py:190} INFO - {"result":{"alternatives":[{"message":{"role":"assistant","text":"Нет НР"},"status":"ALTERNATIVE_STATUS_FINAL"}],"usage":{"inputTextTokens":"116","completionTokens":"3","totalTokens":"119","completionTokensDetails":null},"modelVersion":"23.10.2024"}}
[2025-02-20T07:38:09.482+0000] {logging_mixin.py:190} INFO - Нет НР
[2025-02-20T07:38:09.881+0000] {logging_mixin.py:190} INFO - {"result":{"alternatives":[{"message":{"role":"assistant","text":"Нет НР"},"status":"ALTERNATIVE_STATUS_FINAL"}],"usage":{"inputTextTokens":"96","completionTokens":"3","totalTokens":"99","completionTokensDetails":null},"modelVersion":"23.10.2024"}}
[2025-02-20T07:38:09.882+0000] {logging_mixin.py:190} INFO - Нет НР
[2025-02-20T07:38:10.313+0000] {logging_mixin.py:190} INFO - {"result":{"alternatives":[{"message":{"role":"assistant","text":"Нет НР"},"status":"ALTERNATIVE_STATUS_FINAL"}],"usage":{"inputTextTokens":"115","completionTokens":"3","totalTokens":"118","completionTokensDetails":null},"modelVersion":"23.10.2024"}}
[2025-02-20T07:38:10.314+0000] {logging_mixin.py:190} INFO - Нет НР
[2025-02-20T07:38:10.682+0000] {logging_mixin.py:190} INFO - {"result":{"alternatives":[{"message":{"role":"assistant","text":"Нет НР"},"status":"ALTERNATIVE_STATUS_FINAL"}],"usage":{"inputTextTokens":"103","completionTokens":"3","totalTokens":"106","completionTokensDetails":null},"modelVersion":"23.10.2024"}}
[2025-02-20T07:38:10.683+0000] {logging_mixin.py:190} INFO - Нет НР
[2025-02-20T07:38:11.102+0000] {logging_mixin.py:190} INFO - {"result":{"alternatives":[{"message":{"role":"assistant","text":"Нет НР"},"status":"ALTERNATIVE_STATUS_FINAL"}],"usage":{"inputTextTokens":"102","completionTokens":"3","totalTokens":"105","completionTokensDetails":null},"modelVersion":"23.10.2024"}}
[2025-02-20T07:38:11.102+0000] {logging_mixin.py:190} INFO - Нет НР
[2025-02-20T07:38:11.458+0000] {logging_mixin.py:190} INFO - {"result":{"alternatives":[{"message":{"role":"assistant","text":"Нет НР"},"status":"ALTERNATIVE_STATUS_FINAL"}],"usage":{"inputTextTokens":"99","completionTokens":"3","totalTokens":"102","completionTokensDetails":null},"modelVersion":"23.10.2024"}}
[2025-02-20T07:38:11.459+0000] {logging_mixin.py:190} INFO - Нет НР
[2025-02-20T07:38:11.858+0000] {logging_mixin.py:190} INFO - {"result":{"alternatives":[{"message":{"role":"assistant","text":"Нет НР"},"status":"ALTERNATIVE_STATUS_FINAL"}],"usage":{"inputTextTokens":"133","completionTokens":"3","totalTokens":"136","completionTokensDetails":null},"modelVersion":"23.10.2024"}}
[2025-02-20T07:38:11.858+0000] {logging_mixin.py:190} INFO - Нет НР
[2025-02-20T07:38:12.259+0000] {logging_mixin.py:190} INFO - {"result":{"alternatives":[{"message":{"role":"assistant","text":"Нет НР"},"status":"ALTERNATIVE_STATUS_FINAL"}],"usage":{"inputTextTokens":"114","completionTokens":"3","totalTokens":"117","completionTokensDetails":null},"modelVersion":"23.10.2024"}}
[2025-02-20T07:38:12.260+0000] {logging_mixin.py:190} INFO - Нет НР
[2025-02-20T07:38:13.044+0000] {logging_mixin.py:190} INFO - {"result":{"alternatives":[{"message":{"role":"assistant","text":"Нет НР"},"status":"ALTERNATIVE_STATUS_FINAL"}],"usage":{"inputTextTokens":"92","completionTokens":"3","totalTokens":"95","completionTokensDetails":null},"modelVersion":"23.10.2024"}}
[2025-02-20T07:38:13.046+0000] {logging_mixin.py:190} INFO - Нет НР
[2025-02-20T07:38:13.493+0000] {logging_mixin.py:190} INFO - {"result":{"alternatives":[{"message":{"role":"assistant","text":"Нет НР"},"status":"ALTERNATIVE_STATUS_FINAL"}],"usage":{"inputTextTokens":"94","completionTokens":"3","totalTokens":"97","completionTokensDetails":null},"modelVersion":"23.10.2024"}}
[2025-02-20T07:38:13.494+0000] {logging_mixin.py:190} INFO - Нет НР
[2025-02-20T07:38:13.844+0000] {logging_mixin.py:190} INFO - {"result":{"alternatives":[{"message":{"role":"assistant","text":"Нет НР"},"status":"ALTERNATIVE_STATUS_FINAL"}],"usage":{"inputTextTokens":"86","completionTokens":"3","totalTokens":"89","completionTokensDetails":null},"modelVersion":"23.10.2024"}}
[2025-02-20T07:38:13.844+0000] {logging_mixin.py:190} INFO - Нет НР
[2025-02-20T07:38:14.110+0000] {logging_mixin.py:190} INFO - {"result":{"alternatives":[{"message":{"role":"assistant","text":"Нет НР"},"status":"ALTERNATIVE_STATUS_FINAL"}],"usage":{"inputTextTokens":"87","completionTokens":"3","totalTokens":"90","completionTokensDetails":null},"modelVersion":"23.10.2024"}}
[2025-02-20T07:38:14.113+0000] {logging_mixin.py:190} INFO - Нет НР
[2025-02-20T07:38:14.572+0000] {logging_mixin.py:190} INFO - {"result":{"alternatives":[{"message":{"role":"assistant","text":"Нет НР"},"status":"ALTERNATIVE_STATUS_FINAL"}],"usage":{"inputTextTokens":"97","completionTokens":"3","totalTokens":"100","completionTokensDetails":null},"modelVersion":"23.10.2024"}}
[2025-02-20T07:38:14.572+0000] {logging_mixin.py:190} INFO - Нет НР
[2025-02-20T07:38:14.949+0000] {logging_mixin.py:190} INFO - {"result":{"alternatives":[{"message":{"role":"assistant","text":"Нет НР"},"status":"ALTERNATIVE_STATUS_FINAL"}],"usage":{"inputTextTokens":"91","completionTokens":"3","totalTokens":"94","completionTokensDetails":null},"modelVersion":"23.10.2024"}}
[2025-02-20T07:38:14.950+0000] {logging_mixin.py:190} INFO - Нет НР
[2025-02-20T07:38:15.286+0000] {logging_mixin.py:190} INFO - {"result":{"alternatives":[{"message":{"role":"assistant","text":"Возбуждающий эффект."},"status":"ALTERNATIVE_STATUS_FINAL"}],"usage":{"inputTextTokens":"93","completionTokens":"5","totalTokens":"98","completionTokensDetails":null},"modelVersion":"23.10.2024"}}
[2025-02-20T07:38:15.287+0000] {logging_mixin.py:190} INFO - Возбуждающий эффект.
[2025-02-20T07:38:15.685+0000] {logging_mixin.py:190} INFO - {"result":{"alternatives":[{"message":{"role":"assistant","text":"Нет НР"},"status":"ALTERNATIVE_STATUS_FINAL"}],"usage":{"inputTextTokens":"88","completionTokens":"3","totalTokens":"91","completionTokensDetails":null},"modelVersion":"23.10.2024"}}
[2025-02-20T07:38:15.687+0000] {logging_mixin.py:190} INFO - Нет НР
[2025-02-20T07:38:16.136+0000] {logging_mixin.py:190} INFO - {"result":{"alternatives":[{"message":{"role":"assistant","text":"Нет НР"},"status":"ALTERNATIVE_STATUS_FINAL"}],"usage":{"inputTextTokens":"92","completionTokens":"3","totalTokens":"95","completionTokensDetails":null},"modelVersion":"23.10.2024"}}
[2025-02-20T07:38:16.138+0000] {logging_mixin.py:190} INFO - Нет НР
[2025-02-20T07:38:16.595+0000] {logging_mixin.py:190} INFO - {"result":{"alternatives":[{"message":{"role":"assistant","text":"Нет НР"},"status":"ALTERNATIVE_STATUS_FINAL"}],"usage":{"inputTextTokens":"97","completionTokens":"3","totalTokens":"100","completionTokensDetails":null},"modelVersion":"23.10.2024"}}
[2025-02-20T07:38:16.596+0000] {logging_mixin.py:190} INFO - Нет НР
[2025-02-20T07:38:17.005+0000] {logging_mixin.py:190} INFO - {"result":{"alternatives":[{"message":{"role":"assistant","text":"Нет НР"},"status":"ALTERNATIVE_STATUS_FINAL"}],"usage":{"inputTextTokens":"91","completionTokens":"3","totalTokens":"94","completionTokensDetails":null},"modelVersion":"23.10.2024"}}
[2025-02-20T07:38:17.006+0000] {logging_mixin.py:190} INFO - Нет НР
[2025-02-20T07:38:17.287+0000] {logging_mixin.py:190} INFO - {"result":{"alternatives":[{"message":{"role":"assistant","text":"Нет НР"},"status":"ALTERNATIVE_STATUS_FINAL"}],"usage":{"inputTextTokens":"96","completionTokens":"3","totalTokens":"99","completionTokensDetails":null},"modelVersion":"23.10.2024"}}
[2025-02-20T07:38:17.289+0000] {logging_mixin.py:190} INFO - Нет НР
[2025-02-20T07:38:17.616+0000] {logging_mixin.py:190} INFO - {"result":{"alternatives":[{"message":{"role":"assistant","text":"Нет НР"},"status":"ALTERNATIVE_STATUS_FINAL"}],"usage":{"inputTextTokens":"92","completionTokens":"3","totalTokens":"95","completionTokensDetails":null},"modelVersion":"23.10.2024"}}
[2025-02-20T07:38:17.617+0000] {logging_mixin.py:190} INFO - Нет НР
[2025-02-20T07:38:17.965+0000] {logging_mixin.py:190} INFO - {"result":{"alternatives":[{"message":{"role":"assistant","text":"Нет НР"},"status":"ALTERNATIVE_STATUS_FINAL"}],"usage":{"inputTextTokens":"96","completionTokens":"3","totalTokens":"99","completionTokensDetails":null},"modelVersion":"23.10.2024"}}
[2025-02-20T07:38:17.966+0000] {logging_mixin.py:190} INFO - Нет НР
[2025-02-20T07:38:18.351+0000] {logging_mixin.py:190} INFO - {"result":{"alternatives":[{"message":{"role":"assistant","text":"Нет НР"},"status":"ALTERNATIVE_STATUS_FINAL"}],"usage":{"inputTextTokens":"94","completionTokens":"3","totalTokens":"97","completionTokensDetails":null},"modelVersion":"23.10.2024"}}
[2025-02-20T07:38:18.352+0000] {logging_mixin.py:190} INFO - Нет НР
[2025-02-20T07:38:18.742+0000] {logging_mixin.py:190} INFO - {"result":{"alternatives":[{"message":{"role":"assistant","text":"Нет НР"},"status":"ALTERNATIVE_STATUS_FINAL"}],"usage":{"inputTextTokens":"98","completionTokens":"3","totalTokens":"101","completionTokensDetails":null},"modelVersion":"23.10.2024"}}
[2025-02-20T07:38:18.742+0000] {logging_mixin.py:190} INFO - Нет НР
[2025-02-20T07:38:19.087+0000] {logging_mixin.py:190} INFO - {"result":{"alternatives":[{"message":{"role":"assistant","text":"Нет НР"},"status":"ALTERNATIVE_STATUS_FINAL"}],"usage":{"inputTextTokens":"92","completionTokens":"3","totalTokens":"95","completionTokensDetails":null},"modelVersion":"23.10.2024"}}
[2025-02-20T07:38:19.087+0000] {logging_mixin.py:190} INFO - Нет НР
[2025-02-20T07:38:19.471+0000] {logging_mixin.py:190} INFO - {"result":{"alternatives":[{"message":{"role":"assistant","text":"Нет НР"},"status":"ALTERNATIVE_STATUS_FINAL"}],"usage":{"inputTextTokens":"93","completionTokens":"3","totalTokens":"96","completionTokensDetails":null},"modelVersion":"23.10.2024"}}
[2025-02-20T07:38:19.472+0000] {logging_mixin.py:190} INFO - Нет НР
[2025-02-20T07:38:19.874+0000] {logging_mixin.py:190} INFO - {"result":{"alternatives":[{"message":{"role":"assistant","text":"Нет НР"},"status":"ALTERNATIVE_STATUS_FINAL"}],"usage":{"inputTextTokens":"88","completionTokens":"3","totalTokens":"91","completionTokensDetails":null},"modelVersion":"23.10.2024"}}
[2025-02-20T07:38:19.875+0000] {logging_mixin.py:190} INFO - Нет НР
[2025-02-20T07:38:20.280+0000] {logging_mixin.py:190} INFO - {"result":{"alternatives":[{"message":{"role":"assistant","text":"Нет НР"},"status":"ALTERNATIVE_STATUS_FINAL"}],"usage":{"inputTextTokens":"87","completionTokens":"3","totalTokens":"90","completionTokensDetails":null},"modelVersion":"23.10.2024"}}
[2025-02-20T07:38:20.281+0000] {logging_mixin.py:190} INFO - Нет НР
[2025-02-20T07:38:20.560+0000] {logging_mixin.py:190} INFO - {"result":{"alternatives":[{"message":{"role":"assistant","text":"Нет НР"},"status":"ALTERNATIVE_STATUS_FINAL"}],"usage":{"inputTextTokens":"99","completionTokens":"3","totalTokens":"102","completionTokensDetails":null},"modelVersion":"23.10.2024"}}
[2025-02-20T07:38:20.561+0000] {logging_mixin.py:190} INFO - Нет НР
[2025-02-20T07:38:21.032+0000] {logging_mixin.py:190} INFO - {"result":{"alternatives":[{"message":{"role":"assistant","text":"Нет НР"},"status":"ALTERNATIVE_STATUS_FINAL"}],"usage":{"inputTextTokens":"83","completionTokens":"3","totalTokens":"86","completionTokensDetails":null},"modelVersion":"23.10.2024"}}
[2025-02-20T07:38:21.033+0000] {logging_mixin.py:190} INFO - Нет НР
[2025-02-20T07:38:21.363+0000] {logging_mixin.py:190} INFO - {"result":{"alternatives":[{"message":{"role":"assistant","text":"сердцебиение"},"status":"ALTERNATIVE_STATUS_FINAL"}],"usage":{"inputTextTokens":"94","completionTokens":"2","totalTokens":"96","completionTokensDetails":null},"modelVersion":"23.10.2024"}}
[2025-02-20T07:38:21.364+0000] {logging_mixin.py:190} INFO - сердцебиение
[2025-02-20T07:38:21.645+0000] {logging_mixin.py:190} INFO - {"result":{"alternatives":[{"message":{"role":"assistant","text":"Нет НР"},"status":"ALTERNATIVE_STATUS_FINAL"}],"usage":{"inputTextTokens":"91","completionTokens":"3","totalTokens":"94","completionTokensDetails":null},"modelVersion":"23.10.2024"}}
[2025-02-20T07:38:21.646+0000] {logging_mixin.py:190} INFO - Нет НР
[2025-02-20T07:38:21.665+0000] {logging_mixin.py:190} INFO -                                               comment  ...                     s
0   Я мама двух маленьких детей, и постоянная уста...  ...                Нет НР
1   Недостатки: Не помогло. все время была сонливо...  ...            Сонливость
2   Я начала принимать Проспекту при астении по ре...  ...                Нет НР
3   Давненько хотела пропить что-то для улучшения ...  ...                Нет НР
4   Не знаю, что бы делала, если бы не узнала про ...  ...                Нет НР
5   Брали Проспекту дедушке, для улучшения памяти....  ...                Нет НР
6   Хвалю Проспекту, отлично помогает при СДВГ у р...  ...                Нет НР
7   Проспекту назначили папе после инсульта, у нег...  ...                Нет НР
8   Давала эти таблетки сыну, а то его неусидчивос...  ...                Нет НР
9   Искала хорошее средство для улучшения концентр...  ...                Нет НР
10  Достоинства: Доступная цена, легко найти в люб...  ...                Нет НР
11  Достоинства: Таблетка небольшая по форме, удоб...  ...                Нет НР
12  Достоинства: Самое главное - действительно пом...  ...                Нет НР
13  Хороший отечественный препарат, предназначенны...  ...                Нет НР
14  Каждый год осенью мир становился для меня каки...  ...                Нет НР
15  Очень рада, что в свое время решила принимать ...  ...                Нет НР
16  На меня Афобазол производит возбуждающий эффек...  ...  Возбуждающий эффект.
17  Лично мне помогает успокоиться, когда есть тре...  ...                Нет НР
18  Достоинства: Работает. Цена ок по сравнению с ...  ...                Нет НР
19  2 месяца назад уволили с работы по непонятной ...  ...                Нет НР
20  Достоинства: Купила Афобазол с надеждой успоко...  ...                Нет НР
21  Отличный безрецептурный противотревожный препа...  ...                Нет НР
22  Достоинства: хорошо помогает, недорогой\n\nНед...  ...                Нет НР
23  Достоинства: + Действует. Но нужно достаточно ...  ...                Нет НР
24  Если принимать строго по инструкции и хотя бы ...  ...                Нет НР
25  Наконец-то дошла до того, чтобы бросить курить...  ...                Нет НР
26  Афобазол - единственный лекарственный препарат...  ...                Нет НР
27  Иногда я принимаю Афобазол для поддержания пси...  ...                Нет НР
28  Я довольно тяжело переживаю ПМС. За пару недел...  ...                Нет НР
29  Достоинства: хорошо восстанавливает нервы, выр...  ...                Нет НР
30  В наши времена без таблеток от тревоги никак. ...  ...                Нет НР
31  Да, временами приходится спасаться именно этим...  ...                Нет НР
32  Достоинства: успокоительный эфект есть употреб...  ...          сердцебиение
33  С такой работой как у меня без Афобазола иногд...  ...                Нет НР

[34 rows x 3 columns]
[2025-02-20T07:38:21.671+0000] {python.py:240} INFO - Done. Returned value was: None
[2025-02-20T07:38:21.683+0000] {taskinstance.py:341} INFO - ::group::Post task execution logs
[2025-02-20T07:38:21.683+0000] {taskinstance.py:353} INFO - Marking task as SUCCESS. dag_id=pipeline, task_id=process_data, run_id=manual__2025-02-20T07:37:59.328642+00:00, execution_date=20250220T073759, start_date=20250220T073808, end_date=20250220T073821
[2025-02-20T07:38:21.698+0000] {logging_mixin.py:190} INFO - Task instance in success state
[2025-02-20T07:38:21.698+0000] {logging_mixin.py:190} INFO -  Previous state of the Task instance: running
[2025-02-20T07:38:21.698+0000] {logging_mixin.py:190} INFO - Dag name:pipeline queued_at:2025-02-20 07:37:59.342567+00:00
[2025-02-20T07:38:21.698+0000] {logging_mixin.py:190} INFO - Task hostname:5f8091faf500 operator:_PythonDecoratedOperator
[2025-02-20T07:38:21.718+0000] {local_task_job_runner.py:266} INFO - Task exited with return code 0
[2025-02-20T07:38:21.728+0000] {taskinstance.py:3901} INFO - 0 downstream tasks scheduled from follow-on schedule check
[2025-02-20T07:38:21.729+0000] {local_task_job_runner.py:245} INFO - ::endgroup::
