[2025-02-19T11:35:56.025+0000] {local_task_job_runner.py:123} INFO - ::group::Pre task execution logs
[2025-02-19T11:35:56.036+0000] {taskinstance.py:2614} INFO - Dependencies all met for dep_context=non-requeueable deps ti=<TaskInstance: pipeline.consolidate_data manual__2025-02-19T11:34:24.891211+00:00 [queued]>
[2025-02-19T11:35:56.130+0000] {taskinstance.py:2614} INFO - Dependencies all met for dep_context=requeueable deps ti=<TaskInstance: pipeline.consolidate_data manual__2025-02-19T11:34:24.891211+00:00 [queued]>
[2025-02-19T11:35:56.131+0000] {taskinstance.py:2867} INFO - Starting attempt 1 of 1
[2025-02-19T11:35:56.136+0000] {taskinstance.py:2890} INFO - Executing <Task(_PythonDecoratedOperator): consolidate_data> on 2025-02-19 11:34:24.891211+00:00
[2025-02-19T11:35:56.141+0000] {warnings.py:112} WARNING - /home/***/.local/lib/python3.12/site-packages/***/task/task_runner/standard_task_runner.py:70: DeprecationWarning: This process (pid=276) is multi-threaded, use of fork() may lead to deadlocks in the child.
  pid = os.fork()

[2025-02-19T11:35:56.142+0000] {standard_task_runner.py:72} INFO - Started process 278 to run task
[2025-02-19T11:35:56.142+0000] {standard_task_runner.py:104} INFO - Running: ['***', 'tasks', 'run', 'pipeline', 'consolidate_data', 'manual__2025-02-19T11:34:24.891211+00:00', '--job-id', '901', '--raw', '--subdir', 'DAGS_FOLDER/pipeline.py', '--cfg-path', '/tmp/tmpg7_t9_vh']
[2025-02-19T11:35:56.143+0000] {standard_task_runner.py:105} INFO - Job 901: Subtask consolidate_data
[2025-02-19T11:35:56.167+0000] {task_command.py:467} INFO - Running <TaskInstance: pipeline.consolidate_data manual__2025-02-19T11:34:24.891211+00:00 [running]> on host 23903a4a7553
[2025-02-19T11:35:56.245+0000] {taskinstance.py:3134} INFO - Exporting env vars: AIRFLOW_CTX_DAG_OWNER='***' AIRFLOW_CTX_DAG_ID='pipeline' AIRFLOW_CTX_TASK_ID='consolidate_data' AIRFLOW_CTX_EXECUTION_DATE='2025-02-19T11:34:24.891211+00:00' AIRFLOW_CTX_TRY_NUMBER='1' AIRFLOW_CTX_DAG_RUN_ID='manual__2025-02-19T11:34:24.891211+00:00'
[2025-02-19T11:35:56.246+0000] {logging_mixin.py:190} INFO - Task instance is in running state
[2025-02-19T11:35:56.246+0000] {logging_mixin.py:190} INFO -  Previous state of the Task instance: queued
[2025-02-19T11:35:56.246+0000] {logging_mixin.py:190} INFO - Current task name:consolidate_data state:running start_date:2025-02-19 11:35:56.036973+00:00
[2025-02-19T11:35:56.246+0000] {logging_mixin.py:190} INFO - Dag name:pipeline and current dag run status:running
[2025-02-19T11:35:56.247+0000] {taskinstance.py:732} INFO - ::endgroup::
[2025-02-19T11:35:56.248+0000] {python.py:240} INFO - Done. Returned value was: Empty DataFrame
Columns: []
Index: []
[2025-02-19T11:35:56.261+0000] {taskinstance.py:341} INFO - ::group::Post task execution logs
[2025-02-19T11:35:56.261+0000] {taskinstance.py:353} INFO - Marking task as SUCCESS. dag_id=pipeline, task_id=consolidate_data, run_id=manual__2025-02-19T11:34:24.891211+00:00, execution_date=20250219T113424, start_date=20250219T113556, end_date=20250219T113556
[2025-02-19T11:35:56.272+0000] {logging_mixin.py:190} INFO - Task instance in success state
[2025-02-19T11:35:56.272+0000] {logging_mixin.py:190} INFO -  Previous state of the Task instance: running
[2025-02-19T11:35:56.272+0000] {logging_mixin.py:190} INFO - Dag name:pipeline queued_at:2025-02-19 11:34:24.905742+00:00
[2025-02-19T11:35:56.272+0000] {logging_mixin.py:190} INFO - Task hostname:23903a4a7553 operator:_PythonDecoratedOperator
[2025-02-19T11:35:56.283+0000] {local_task_job_runner.py:266} INFO - Task exited with return code 0
[2025-02-19T11:35:56.296+0000] {taskinstance.py:3901} INFO - 1 downstream tasks scheduled from follow-on schedule check
[2025-02-19T11:35:56.297+0000] {local_task_job_runner.py:245} INFO - ::endgroup::
