[2025-02-20T08:54:19.395+0000] {local_task_job_runner.py:123} INFO - ::group::Pre task execution logs
[2025-02-20T08:54:19.406+0000] {taskinstance.py:2614} INFO - Dependencies all met for dep_context=non-requeueable deps ti=<TaskInstance: pipeline.parser_for_Uteka manual__2025-02-20T08:54:17.349839+00:00 [queued]>
[2025-02-20T08:54:19.413+0000] {taskinstance.py:2614} INFO - Dependencies all met for dep_context=requeueable deps ti=<TaskInstance: pipeline.parser_for_Uteka manual__2025-02-20T08:54:17.349839+00:00 [queued]>
[2025-02-20T08:54:19.413+0000] {taskinstance.py:2867} INFO - Starting attempt 1 of 1
[2025-02-20T08:54:19.529+0000] {taskinstance.py:2890} INFO - Executing <Task(_PythonDecoratedOperator): parser_for_Uteka> on 2025-02-20 08:54:17.349839+00:00
[2025-02-20T08:54:19.535+0000] {warnings.py:112} WARNING - /home/***/.local/lib/python3.12/site-packages/***/task/task_runner/standard_task_runner.py:70: DeprecationWarning: This process (pid=66) is multi-threaded, use of fork() may lead to deadlocks in the child.
  pid = os.fork()

[2025-02-20T08:54:19.536+0000] {standard_task_runner.py:72} INFO - Started process 72 to run task
[2025-02-20T08:54:19.536+0000] {standard_task_runner.py:104} INFO - Running: ['***', 'tasks', 'run', 'pipeline', 'parser_for_Uteka', 'manual__2025-02-20T08:54:17.349839+00:00', '--job-id', '1112', '--raw', '--subdir', 'DAGS_FOLDER/pipeline.py', '--cfg-path', '/tmp/tmpgk01w49z']
[2025-02-20T08:54:19.537+0000] {standard_task_runner.py:105} INFO - Job 1112: Subtask parser_for_Uteka
[2025-02-20T08:54:19.582+0000] {task_command.py:467} INFO - Running <TaskInstance: pipeline.parser_for_Uteka manual__2025-02-20T08:54:17.349839+00:00 [running]> on host 5f8091faf500
[2025-02-20T08:54:19.657+0000] {taskinstance.py:3134} INFO - Exporting env vars: AIRFLOW_CTX_DAG_OWNER='***' AIRFLOW_CTX_DAG_ID='pipeline' AIRFLOW_CTX_TASK_ID='parser_for_Uteka' AIRFLOW_CTX_EXECUTION_DATE='2025-02-20T08:54:17.349839+00:00' AIRFLOW_CTX_TRY_NUMBER='1' AIRFLOW_CTX_DAG_RUN_ID='manual__2025-02-20T08:54:17.349839+00:00'
[2025-02-20T08:54:19.659+0000] {logging_mixin.py:190} INFO - Task instance is in running state
[2025-02-20T08:54:19.660+0000] {logging_mixin.py:190} INFO -  Previous state of the Task instance: queued
[2025-02-20T08:54:19.660+0000] {logging_mixin.py:190} INFO - Current task name:parser_for_Uteka state:running start_date:2025-02-20 08:54:19.408060+00:00
[2025-02-20T08:54:19.660+0000] {logging_mixin.py:190} INFO - Dag name:pipeline and current dag run status:running
[2025-02-20T08:54:19.661+0000] {taskinstance.py:732} INFO - ::endgroup::
[2025-02-20T08:54:19.661+0000] {parser_1.py:24} INFO - Open webdriver_remote
[2025-02-20T08:54:25.186+0000] {parser_1.py:36} INFO - Webdriver opened
[2025-02-20T08:54:25.187+0000] {parser_1.py:41} INFO - Processing URL: https://uteka.ru/product/afobazol-192064/ for drug: Афобазол
[2025-02-20T08:54:26.469+0000] {parser_1.py:43} INFO - Successfully opened URL
[2025-02-20T08:54:26.482+0000] {parser_1.py:52} INFO - Found 3 review elements for Афобазол
[2025-02-20T08:54:26.518+0000] {parser_1.py:59} INFO - Data collected successfully for Афобазол
[2025-02-20T08:54:26.518+0000] {parser_1.py:41} INFO - Processing URL: https://uteka.ru/product/aviandr-399720/ for drug: Авиандр
[2025-02-20T08:54:27.686+0000] {parser_1.py:43} INFO - Successfully opened URL
[2025-02-20T08:54:27.746+0000] {parser_1.py:52} INFO - Found 3 review elements for Авиандр
[2025-02-20T08:54:27.806+0000] {parser_1.py:59} INFO - Data collected successfully for Авиандр
[2025-02-20T08:54:27.886+0000] {python.py:240} INFO - Done. Returned value was:                                              comment drag_name
0  Достоинства: ничего\nНедостатки: почитал полож...  Афобазол
1  Достоинства: Препарат рабочий, нервы успокаива...  Афобазол
2  Достоинства: Их нет!\nНедостатки: Не помогает ...  Афобазол
3  После потери близкого человека думала сойду с ...   Авиандр
4  Пробовала разные подобные препараты, но из все...   Авиандр
5  Достоинства: Очень помог\nНедостатки: Нет\nКом...   Авиандр
[2025-02-20T08:54:27.919+0000] {taskinstance.py:341} INFO - ::group::Post task execution logs
[2025-02-20T08:54:27.920+0000] {taskinstance.py:353} INFO - Marking task as SUCCESS. dag_id=pipeline, task_id=parser_for_Uteka, run_id=manual__2025-02-20T08:54:17.349839+00:00, execution_date=20250220T085417, start_date=20250220T085419, end_date=20250220T085427
[2025-02-20T08:54:27.933+0000] {logging_mixin.py:190} INFO - Task instance in success state
[2025-02-20T08:54:27.933+0000] {logging_mixin.py:190} INFO -  Previous state of the Task instance: running
[2025-02-20T08:54:27.934+0000] {logging_mixin.py:190} INFO - Dag name:pipeline queued_at:2025-02-20 08:54:17.363560+00:00
[2025-02-20T08:54:27.934+0000] {logging_mixin.py:190} INFO - Task hostname:5f8091faf500 operator:_PythonDecoratedOperator
[2025-02-20T08:54:27.971+0000] {local_task_job_runner.py:266} INFO - Task exited with return code 0
[2025-02-20T08:54:27.991+0000] {taskinstance.py:3901} INFO - 1 downstream tasks scheduled from follow-on schedule check
[2025-02-20T08:54:27.992+0000] {local_task_job_runner.py:245} INFO - ::endgroup::
