[2025-02-20T07:36:05.041+0000] {local_task_job_runner.py:123} INFO - ::group::Pre task execution logs
[2025-02-20T07:36:05.051+0000] {taskinstance.py:2614} INFO - Dependencies all met for dep_context=non-requeueable deps ti=<TaskInstance: pipeline.process_data manual__2025-02-20T07:35:53.746568+00:00 [queued]>
[2025-02-20T07:36:05.140+0000] {taskinstance.py:2614} INFO - Dependencies all met for dep_context=requeueable deps ti=<TaskInstance: pipeline.process_data manual__2025-02-20T07:35:53.746568+00:00 [queued]>
[2025-02-20T07:36:05.140+0000] {taskinstance.py:2867} INFO - Starting attempt 1 of 1
[2025-02-20T07:36:05.145+0000] {taskinstance.py:2890} INFO - Executing <Task(_PythonDecoratedOperator): process_data> on 2025-02-20 07:35:53.746568+00:00
[2025-02-20T07:36:05.149+0000] {warnings.py:112} WARNING - /home/***/.local/lib/python3.12/site-packages/***/task/task_runner/standard_task_runner.py:70: DeprecationWarning: This process (pid=197) is multi-threaded, use of fork() may lead to deadlocks in the child.
  pid = os.fork()

[2025-02-20T07:36:05.150+0000] {standard_task_runner.py:72} INFO - Started process 199 to run task
[2025-02-20T07:36:05.150+0000] {standard_task_runner.py:104} INFO - Running: ['***', 'tasks', 'run', 'pipeline', 'process_data', 'manual__2025-02-20T07:35:53.746568+00:00', '--job-id', '1103', '--raw', '--subdir', 'DAGS_FOLDER/pipeline.py', '--cfg-path', '/tmp/tmpsgvpt_zw']
[2025-02-20T07:36:05.151+0000] {standard_task_runner.py:105} INFO - Job 1103: Subtask process_data
[2025-02-20T07:36:05.174+0000] {task_command.py:467} INFO - Running <TaskInstance: pipeline.process_data manual__2025-02-20T07:35:53.746568+00:00 [running]> on host 5f8091faf500
[2025-02-20T07:36:05.209+0000] {taskinstance.py:3134} INFO - Exporting env vars: AIRFLOW_CTX_DAG_OWNER='***' AIRFLOW_CTX_DAG_ID='pipeline' AIRFLOW_CTX_TASK_ID='process_data' AIRFLOW_CTX_EXECUTION_DATE='2025-02-20T07:35:53.746568+00:00' AIRFLOW_CTX_TRY_NUMBER='1' AIRFLOW_CTX_DAG_RUN_ID='manual__2025-02-20T07:35:53.746568+00:00'
[2025-02-20T07:36:05.210+0000] {logging_mixin.py:190} INFO - Task instance is in running state
[2025-02-20T07:36:05.210+0000] {logging_mixin.py:190} INFO -  Previous state of the Task instance: queued
[2025-02-20T07:36:05.210+0000] {logging_mixin.py:190} INFO - Current task name:process_data state:running start_date:2025-02-20 07:36:05.051857+00:00
[2025-02-20T07:36:05.210+0000] {logging_mixin.py:190} INFO - Dag name:pipeline and current dag run status:running
[2025-02-20T07:36:05.210+0000] {taskinstance.py:732} INFO - ::endgroup::
[2025-02-20T07:36:05.219+0000] {logging_mixin.py:190} INFO -                                               comment  drag_name
0   Я мама двух маленьких детей, и постоянная уста...  проспекта
1   Недостатки: Не помогло. все время была сонливо...  проспекта
2   Я начала принимать Проспекту при астении по ре...  проспекта
3   Давненько хотела пропить что-то для улучшения ...  проспекта
4   Не знаю, что бы делала, если бы не узнала про ...  проспекта
5   Брали Проспекту дедушке, для улучшения памяти....  проспекта
6   Хвалю Проспекту, отлично помогает при СДВГ у р...  проспекта
7   Проспекту назначили папе после инсульта, у нег...  проспекта
8   Давала эти таблетки сыну, а то его неусидчивос...  проспекта
9   Искала хорошее средство для улучшения концентр...  проспекта
10  Достоинства: Доступная цена, легко найти в люб...   афобазол
11  Достоинства: Таблетка небольшая по форме, удоб...   афобазол
12  Достоинства: Самое главное - действительно пом...   афобазол
13  Хороший отечественный препарат, предназначенны...   афобазол
14  Каждый год осенью мир становился для меня каки...   афобазол
15  Очень рада, что в свое время решила принимать ...   афобазол
16  На меня Афобазол производит возбуждающий эффек...   афобазол
17  Лично мне помогает успокоиться, когда есть тре...   афобазол
18  Достоинства: Работает. Цена ок по сравнению с ...   афобазол
19  2 месяца назад уволили с работы по непонятной ...   афобазол
20  Достоинства: Купила Афобазол с надеждой успоко...   афобазол
21  Отличный безрецептурный противотревожный препа...   афобазол
22  Достоинства: хорошо помогает, недорогой\n\nНед...   афобазол
23  Достоинства: + Действует. Но нужно достаточно ...   афобазол
24  Если принимать строго по инструкции и хотя бы ...   афобазол
25  Наконец-то дошла до того, чтобы бросить курить...   афобазол
26  Афобазол - единственный лекарственный препарат...   афобазол
27  Иногда я принимаю Афобазол для поддержания пси...   афобазол
28  Я довольно тяжело переживаю ПМС. За пару недел...   афобазол
29  Достоинства: хорошо восстанавливает нервы, выр...   афобазол
30  В наши времена без таблеток от тревоги никак. ...   афобазол
31  Да, временами приходится спасаться именно этим...   афобазол
32  Достоинства: успокоительный эфект есть употреб...   афобазол
33  С такой работой как у меня без Афобазола иногд...   афобазол
[2025-02-20T07:36:05.220+0000] {logging_mixin.py:190} INFO - new df
[2025-02-20T07:36:05.223+0000] {logging_mixin.py:190} INFO -                                                comment  drag_name
0   Я мама двух маленьких детей, и постоянная уста...  проспекта
1   Недостатки: Не помогло. все время была сонливо...  проспекта
2   Я начала принимать Проспекту при астении по ре...  проспекта
3   Давненько хотела пропить что-то для улучшения ...  проспекта
4   Не знаю, что бы делала, если бы не узнала про ...  проспекта
5   Брали Проспекту дедушке, для улучшения памяти....  проспекта
6   Хвалю Проспекту, отлично помогает при СДВГ у р...  проспекта
7   Проспекту назначили папе после инсульта, у нег...  проспекта
8   Давала эти таблетки сыну, а то его неусидчивос...  проспекта
9   Искала хорошее средство для улучшения концентр...  проспекта
10  Достоинства: Доступная цена, легко найти в люб...   афобазол
11  Достоинства: Таблетка небольшая по форме, удоб...   афобазол
12  Достоинства: Самое главное - действительно пом...   афобазол
13  Хороший отечественный препарат, предназначенны...   афобазол
14  Каждый год осенью мир становился для меня каки...   афобазол
15  Очень рада, что в свое время решила принимать ...   афобазол
16  На меня Афобазол производит возбуждающий эффек...   афобазол
17  Лично мне помогает успокоиться, когда есть тре...   афобазол
18  Достоинства: Работает. Цена ок по сравнению с ...   афобазол
19  2 месяца назад уволили с работы по непонятной ...   афобазол
20  Достоинства: Купила Афобазол с надеждой успоко...   афобазол
21  Отличный безрецептурный противотревожный препа...   афобазол
22  Достоинства: хорошо помогает, недорогой\n\nНед...   афобазол
23  Достоинства: + Действует. Но нужно достаточно ...   афобазол
24  Если принимать строго по инструкции и хотя бы ...   афобазол
25  Наконец-то дошла до того, чтобы бросить курить...   афобазол
26  Афобазол - единственный лекарственный препарат...   афобазол
27  Иногда я принимаю Афобазол для поддержания пси...   афобазол
28  Я довольно тяжело переживаю ПМС. За пару недел...   афобазол
29  Достоинства: хорошо восстанавливает нервы, выр...   афобазол
30  В наши времена без таблеток от тревоги никак. ...   афобазол
31  Да, временами приходится спасаться именно этим...   афобазол
32  Достоинства: успокоительный эфект есть употреб...   афобазол
33  С такой работой как у меня без Афобазола иногд...   афобазол
[2025-02-20T07:36:05.234+0000] {logging_mixin.py:190} INFO -                                               comment  ...                                                  s
0   Я мама двух маленьких детей, и постоянная уста...  ...  {{ task_instance.xcom_pull(task_ids='get_respo...
1   Недостатки: Не помогло. все время была сонливо...  ...  {{ task_instance.xcom_pull(task_ids='get_respo...
2   Я начала принимать Проспекту при астении по ре...  ...  {{ task_instance.xcom_pull(task_ids='get_respo...
3   Давненько хотела пропить что-то для улучшения ...  ...  {{ task_instance.xcom_pull(task_ids='get_respo...
4   Не знаю, что бы делала, если бы не узнала про ...  ...  {{ task_instance.xcom_pull(task_ids='get_respo...
5   Брали Проспекту дедушке, для улучшения памяти....  ...  {{ task_instance.xcom_pull(task_ids='get_respo...
6   Хвалю Проспекту, отлично помогает при СДВГ у р...  ...  {{ task_instance.xcom_pull(task_ids='get_respo...
7   Проспекту назначили папе после инсульта, у нег...  ...  {{ task_instance.xcom_pull(task_ids='get_respo...
8   Давала эти таблетки сыну, а то его неусидчивос...  ...  {{ task_instance.xcom_pull(task_ids='get_respo...
9   Искала хорошее средство для улучшения концентр...  ...  {{ task_instance.xcom_pull(task_ids='get_respo...
10  Достоинства: Доступная цена, легко найти в люб...  ...  {{ task_instance.xcom_pull(task_ids='get_respo...
11  Достоинства: Таблетка небольшая по форме, удоб...  ...  {{ task_instance.xcom_pull(task_ids='get_respo...
12  Достоинства: Самое главное - действительно пом...  ...  {{ task_instance.xcom_pull(task_ids='get_respo...
13  Хороший отечественный препарат, предназначенны...  ...  {{ task_instance.xcom_pull(task_ids='get_respo...
14  Каждый год осенью мир становился для меня каки...  ...  {{ task_instance.xcom_pull(task_ids='get_respo...
15  Очень рада, что в свое время решила принимать ...  ...  {{ task_instance.xcom_pull(task_ids='get_respo...
16  На меня Афобазол производит возбуждающий эффек...  ...  {{ task_instance.xcom_pull(task_ids='get_respo...
17  Лично мне помогает успокоиться, когда есть тре...  ...  {{ task_instance.xcom_pull(task_ids='get_respo...
18  Достоинства: Работает. Цена ок по сравнению с ...  ...  {{ task_instance.xcom_pull(task_ids='get_respo...
19  2 месяца назад уволили с работы по непонятной ...  ...  {{ task_instance.xcom_pull(task_ids='get_respo...
20  Достоинства: Купила Афобазол с надеждой успоко...  ...  {{ task_instance.xcom_pull(task_ids='get_respo...
21  Отличный безрецептурный противотревожный препа...  ...  {{ task_instance.xcom_pull(task_ids='get_respo...
22  Достоинства: хорошо помогает, недорогой\n\nНед...  ...  {{ task_instance.xcom_pull(task_ids='get_respo...
23  Достоинства: + Действует. Но нужно достаточно ...  ...  {{ task_instance.xcom_pull(task_ids='get_respo...
24  Если принимать строго по инструкции и хотя бы ...  ...  {{ task_instance.xcom_pull(task_ids='get_respo...
25  Наконец-то дошла до того, чтобы бросить курить...  ...  {{ task_instance.xcom_pull(task_ids='get_respo...
26  Афобазол - единственный лекарственный препарат...  ...  {{ task_instance.xcom_pull(task_ids='get_respo...
27  Иногда я принимаю Афобазол для поддержания пси...  ...  {{ task_instance.xcom_pull(task_ids='get_respo...
28  Я довольно тяжело переживаю ПМС. За пару недел...  ...  {{ task_instance.xcom_pull(task_ids='get_respo...
29  Достоинства: хорошо восстанавливает нервы, выр...  ...  {{ task_instance.xcom_pull(task_ids='get_respo...
30  В наши времена без таблеток от тревоги никак. ...  ...  {{ task_instance.xcom_pull(task_ids='get_respo...
31  Да, временами приходится спасаться именно этим...  ...  {{ task_instance.xcom_pull(task_ids='get_respo...
32  Достоинства: успокоительный эфект есть употреб...  ...  {{ task_instance.xcom_pull(task_ids='get_respo...
33  С такой работой как у меня без Афобазола иногд...  ...  {{ task_instance.xcom_pull(task_ids='get_respo...

[34 rows x 3 columns]
[2025-02-20T07:36:05.236+0000] {python.py:240} INFO - Done. Returned value was: None
[2025-02-20T07:36:05.241+0000] {taskinstance.py:341} INFO - ::group::Post task execution logs
[2025-02-20T07:36:05.241+0000] {taskinstance.py:353} INFO - Marking task as SUCCESS. dag_id=pipeline, task_id=process_data, run_id=manual__2025-02-20T07:35:53.746568+00:00, execution_date=20250220T073553, start_date=20250220T073605, end_date=20250220T073605
[2025-02-20T07:36:05.251+0000] {logging_mixin.py:190} INFO - Task instance in success state
[2025-02-20T07:36:05.251+0000] {logging_mixin.py:190} INFO -  Previous state of the Task instance: running
[2025-02-20T07:36:05.252+0000] {logging_mixin.py:190} INFO - Dag name:pipeline queued_at:2025-02-20 07:35:54.269797+00:00
[2025-02-20T07:36:05.252+0000] {logging_mixin.py:190} INFO - Task hostname:5f8091faf500 operator:_PythonDecoratedOperator
[2025-02-20T07:36:05.293+0000] {local_task_job_runner.py:266} INFO - Task exited with return code 0
[2025-02-20T07:36:05.302+0000] {taskinstance.py:3901} INFO - 0 downstream tasks scheduled from follow-on schedule check
[2025-02-20T07:36:05.303+0000] {local_task_job_runner.py:245} INFO - ::endgroup::
