[2025-02-19T12:12:16.804+0000] {local_task_job_runner.py:123} INFO - ::group::Pre task execution logs
[2025-02-19T12:12:16.821+0000] {taskinstance.py:2614} INFO - Dependencies all met for dep_context=non-requeueable deps ti=<TaskInstance: pipeline.parser_2 manual__2025-02-19T12:12:15.251227+00:00 [queued]>
[2025-02-19T12:12:16.832+0000] {taskinstance.py:2614} INFO - Dependencies all met for dep_context=requeueable deps ti=<TaskInstance: pipeline.parser_2 manual__2025-02-19T12:12:15.251227+00:00 [queued]>
[2025-02-19T12:12:16.834+0000] {taskinstance.py:2867} INFO - Starting attempt 1 of 1
[2025-02-19T12:12:16.995+0000] {taskinstance.py:2890} INFO - Executing <Task(_PythonDecoratedOperator): parser_2> on 2025-02-19 12:12:15.251227+00:00
[2025-02-19T12:12:17.003+0000] {standard_task_runner.py:104} INFO - Running: ['***', 'tasks', 'run', 'pipeline', 'parser_2', 'manual__2025-02-19T12:12:15.251227+00:00', '--job-id', '986', '--raw', '--subdir', 'DAGS_FOLDER/pipeline.py', '--cfg-path', '/tmp/tmp61awzynb']
[2025-02-19T12:12:17.002+0000] {warnings.py:112} WARNING - /home/***/.local/lib/python3.12/site-packages/***/task/task_runner/standard_task_runner.py:70: DeprecationWarning: This process (pid=319) is multi-threaded, use of fork() may lead to deadlocks in the child.
  pid = os.fork()

[2025-02-19T12:12:17.004+0000] {standard_task_runner.py:105} INFO - Job 986: Subtask parser_2
[2025-02-19T12:12:17.005+0000] {standard_task_runner.py:72} INFO - Started process 326 to run task
[2025-02-19T12:12:17.055+0000] {task_command.py:467} INFO - Running <TaskInstance: pipeline.parser_2 manual__2025-02-19T12:12:15.251227+00:00 [running]> on host 5f8091faf500
[2025-02-19T12:12:17.252+0000] {taskinstance.py:3134} INFO - Exporting env vars: AIRFLOW_CTX_DAG_OWNER='***' AIRFLOW_CTX_DAG_ID='pipeline' AIRFLOW_CTX_TASK_ID='parser_2' AIRFLOW_CTX_EXECUTION_DATE='2025-02-19T12:12:15.251227+00:00' AIRFLOW_CTX_TRY_NUMBER='1' AIRFLOW_CTX_DAG_RUN_ID='manual__2025-02-19T12:12:15.251227+00:00'
[2025-02-19T12:12:17.261+0000] {logging_mixin.py:190} INFO - Task instance is in running state
[2025-02-19T12:12:17.264+0000] {logging_mixin.py:190} INFO -  Previous state of the Task instance: queued
[2025-02-19T12:12:17.264+0000] {logging_mixin.py:190} INFO - Current task name:parser_2 state:running start_date:2025-02-19 12:12:16.823984+00:00
[2025-02-19T12:12:17.267+0000] {logging_mixin.py:190} INFO - Dag name:pipeline and current dag run status:running
[2025-02-19T12:12:17.268+0000] {taskinstance.py:732} INFO - ::endgroup::
[2025-02-19T12:12:17.271+0000] {parser_2.py:10} INFO - Starting parser 2
[2025-02-19T12:12:17.273+0000] {logging_mixin.py:190} INFO - Парсер 2 выполняется
[2025-02-19T12:12:17.280+0000] {python.py:240} INFO - Done. Returned value was: Empty DataFrame
Columns: []
Index: []
[2025-02-19T12:12:17.350+0000] {taskinstance.py:341} INFO - ::group::Post task execution logs
[2025-02-19T12:12:17.351+0000] {taskinstance.py:353} INFO - Marking task as SUCCESS. dag_id=pipeline, task_id=parser_2, run_id=manual__2025-02-19T12:12:15.251227+00:00, execution_date=20250219T121215, start_date=20250219T121216, end_date=20250219T121217
[2025-02-19T12:12:17.374+0000] {logging_mixin.py:190} INFO - Task instance in success state
[2025-02-19T12:12:17.377+0000] {logging_mixin.py:190} INFO -  Previous state of the Task instance: running
[2025-02-19T12:12:17.378+0000] {logging_mixin.py:190} INFO - Dag name:pipeline queued_at:2025-02-19 12:12:15.266706+00:00
[2025-02-19T12:12:17.382+0000] {logging_mixin.py:190} INFO - Task hostname:5f8091faf500 operator:_PythonDecoratedOperator
[2025-02-19T12:12:17.399+0000] {local_task_job_runner.py:266} INFO - Task exited with return code 0
[2025-02-19T12:12:17.436+0000] {taskinstance.py:3901} INFO - 0 downstream tasks scheduled from follow-on schedule check
[2025-02-19T12:12:17.438+0000] {local_task_job_runner.py:245} INFO - ::endgroup::
