[2025-02-17T20:19:59.943+0000] {local_task_job_runner.py:123} INFO - ::group::Pre task execution logs
[2025-02-17T20:20:00.073+0000] {taskinstance.py:2614} INFO - Dependencies all met for dep_context=non-requeueable deps ti=<TaskInstance: name_of_pipeline.save_data scheduled__2023-06-14T00:00:00+00:00 [queued]>
[2025-02-17T20:20:00.105+0000] {taskinstance.py:2614} INFO - Dependencies all met for dep_context=requeueable deps ti=<TaskInstance: name_of_pipeline.save_data scheduled__2023-06-14T00:00:00+00:00 [queued]>
[2025-02-17T20:20:00.110+0000] {taskinstance.py:2867} INFO - Starting attempt 1 of 1
[2025-02-17T20:20:01.242+0000] {taskinstance.py:2890} INFO - Executing <Task(PythonOperator): save_data> on 2023-06-14 00:00:00+00:00
[2025-02-17T20:20:01.504+0000] {warnings.py:112} WARNING - /home/***/.local/lib/python3.12/site-packages/***/task/task_runner/standard_task_runner.py:70: DeprecationWarning: This process (pid=2593) is multi-threaded, use of fork() may lead to deadlocks in the child.
  pid = os.fork()

[2025-02-17T20:20:01.528+0000] {standard_task_runner.py:72} INFO - Started process 2624 to run task
[2025-02-17T20:20:01.550+0000] {standard_task_runner.py:104} INFO - Running: ['***', 'tasks', 'run', 'name_of_pipeline', 'save_data', 'scheduled__2023-06-14T00:00:00+00:00', '--job-id', '798', '--raw', '--subdir', 'DAGS_FOLDER/pipeline.py', '--cfg-path', '/tmp/tmp3_v2hfdj']
[2025-02-17T20:20:01.558+0000] {standard_task_runner.py:105} INFO - Job 798: Subtask save_data
[2025-02-17T20:20:03.618+0000] {task_command.py:467} INFO - Running <TaskInstance: name_of_pipeline.save_data scheduled__2023-06-14T00:00:00+00:00 [running]> on host f4228ad55513
[2025-02-17T20:20:12.391+0000] {taskinstance.py:3134} INFO - Exporting env vars: AIRFLOW_CTX_DAG_OWNER='***' AIRFLOW_CTX_DAG_ID='name_of_pipeline' AIRFLOW_CTX_TASK_ID='save_data' AIRFLOW_CTX_EXECUTION_DATE='2023-06-14T00:00:00+00:00' AIRFLOW_CTX_TRY_NUMBER='1' AIRFLOW_CTX_DAG_RUN_ID='scheduled__2023-06-14T00:00:00+00:00'
[2025-02-17T20:20:12.408+0000] {logging_mixin.py:190} INFO - Task instance is in running state
[2025-02-17T20:20:12.410+0000] {logging_mixin.py:190} INFO -  Previous state of the Task instance: queued
[2025-02-17T20:20:12.424+0000] {logging_mixin.py:190} INFO - Current task name:save_data state:running start_date:2025-02-17 20:20:00.073657+00:00
[2025-02-17T20:20:12.436+0000] {logging_mixin.py:190} INFO - Dag name:name_of_pipeline and current dag run status:running
[2025-02-17T20:20:12.440+0000] {taskinstance.py:732} INFO - ::endgroup::
[2025-02-17T20:20:12.458+0000] {pipeline.py:38} INFO - Сохраняем данные: LazySelectSequence([3 items])
[2025-02-17T20:20:12.564+0000] {python.py:240} INFO - Done. Returned value was: None
[2025-02-17T20:20:12.646+0000] {taskinstance.py:341} INFO - ::group::Post task execution logs
[2025-02-17T20:20:12.649+0000] {taskinstance.py:353} INFO - Marking task as SUCCESS. dag_id=name_of_pipeline, task_id=save_data, run_id=scheduled__2023-06-14T00:00:00+00:00, execution_date=20230614T000000, start_date=20250217T202000, end_date=20250217T202012
[2025-02-17T20:20:13.060+0000] {logging_mixin.py:190} INFO - Task instance in success state
[2025-02-17T20:20:13.073+0000] {logging_mixin.py:190} INFO -  Previous state of the Task instance: running
[2025-02-17T20:20:13.095+0000] {logging_mixin.py:190} INFO - Dag name:name_of_pipeline queued_at:2025-02-17 20:18:33.895211+00:00
[2025-02-17T20:20:13.103+0000] {logging_mixin.py:190} INFO - Task hostname:f4228ad55513 operator:PythonOperator
[2025-02-17T20:20:13.209+0000] {local_task_job_runner.py:266} INFO - Task exited with return code 0
[2025-02-17T20:20:13.335+0000] {taskinstance.py:3901} INFO - 0 downstream tasks scheduled from follow-on schedule check
[2025-02-17T20:20:13.349+0000] {local_task_job_runner.py:245} INFO - ::endgroup::
