[2025-02-17T20:19:04.731+0000] {local_task_job_runner.py:123} INFO - ::group::Pre task execution logs
[2025-02-17T20:19:04.830+0000] {taskinstance.py:2614} INFO - Dependencies all met for dep_context=non-requeueable deps ti=<TaskInstance: name_of_pipeline.parser_1 scheduled__2023-06-24T00:00:00+00:00 [queued]>
[2025-02-17T20:19:04.876+0000] {taskinstance.py:2614} INFO - Dependencies all met for dep_context=requeueable deps ti=<TaskInstance: name_of_pipeline.parser_1 scheduled__2023-06-24T00:00:00+00:00 [queued]>
[2025-02-17T20:19:04.878+0000] {taskinstance.py:2867} INFO - Starting attempt 1 of 1
[2025-02-17T20:19:04.987+0000] {taskinstance.py:2890} INFO - Executing <Task(PythonOperator): parser_1> on 2023-06-24 00:00:00+00:00
[2025-02-17T20:19:05.025+0000] {standard_task_runner.py:104} INFO - Running: ['***', 'tasks', 'run', 'name_of_pipeline', 'parser_1', 'scheduled__2023-06-24T00:00:00+00:00', '--job-id', '758', '--raw', '--subdir', 'DAGS_FOLDER/pipeline.py', '--cfg-path', '/tmp/tmpmjvnf944']
[2025-02-17T20:19:05.034+0000] {standard_task_runner.py:105} INFO - Job 758: Subtask parser_1
[2025-02-17T20:19:05.012+0000] {warnings.py:112} WARNING - /home/***/.local/lib/python3.12/site-packages/***/task/task_runner/standard_task_runner.py:70: DeprecationWarning: This process (pid=2449) is multi-threaded, use of fork() may lead to deadlocks in the child.
  pid = os.fork()

[2025-02-17T20:19:05.043+0000] {standard_task_runner.py:72} INFO - Started process 2499 to run task
[2025-02-17T20:19:05.262+0000] {task_command.py:467} INFO - Running <TaskInstance: name_of_pipeline.parser_1 scheduled__2023-06-24T00:00:00+00:00 [running]> on host f4228ad55513
[2025-02-17T20:19:05.659+0000] {taskinstance.py:3134} INFO - Exporting env vars: AIRFLOW_CTX_DAG_OWNER='***' AIRFLOW_CTX_DAG_ID='name_of_pipeline' AIRFLOW_CTX_TASK_ID='parser_1' AIRFLOW_CTX_EXECUTION_DATE='2023-06-24T00:00:00+00:00' AIRFLOW_CTX_TRY_NUMBER='1' AIRFLOW_CTX_DAG_RUN_ID='scheduled__2023-06-24T00:00:00+00:00'
[2025-02-17T20:19:05.671+0000] {logging_mixin.py:190} INFO - Task instance is in running state
[2025-02-17T20:19:05.677+0000] {logging_mixin.py:190} INFO -  Previous state of the Task instance: queued
[2025-02-17T20:19:05.679+0000] {logging_mixin.py:190} INFO - Current task name:parser_1 state:running start_date:2025-02-17 20:19:04.834661+00:00
[2025-02-17T20:19:05.691+0000] {logging_mixin.py:190} INFO - Dag name:name_of_pipeline and current dag run status:running
[2025-02-17T20:19:05.700+0000] {taskinstance.py:732} INFO - ::endgroup::
[2025-02-17T20:19:05.707+0000] {pipeline.py:14} INFO - Starting parser 1
[2025-02-17T20:19:05.711+0000] {logging_mixin.py:190} INFO - Парсер 1 выполняется
[2025-02-17T20:19:05.712+0000] {python.py:240} INFO - Done. Returned value was: Данные от парсера 1
[2025-02-17T20:19:07.088+0000] {taskinstance.py:341} INFO - ::group::Post task execution logs
[2025-02-17T20:19:07.101+0000] {taskinstance.py:353} INFO - Marking task as SUCCESS. dag_id=name_of_pipeline, task_id=parser_1, run_id=scheduled__2023-06-24T00:00:00+00:00, execution_date=20230624T000000, start_date=20250217T201904, end_date=20250217T201907
[2025-02-17T20:19:07.289+0000] {logging_mixin.py:190} INFO - Task instance in success state
[2025-02-17T20:19:07.291+0000] {logging_mixin.py:190} INFO -  Previous state of the Task instance: running
[2025-02-17T20:19:07.291+0000] {logging_mixin.py:190} INFO - Dag name:name_of_pipeline queued_at:2025-02-17 20:18:36.950511+00:00
[2025-02-17T20:19:07.294+0000] {logging_mixin.py:190} INFO - Task hostname:f4228ad55513 operator:PythonOperator
[2025-02-17T20:19:07.445+0000] {local_task_job_runner.py:266} INFO - Task exited with return code 0
[2025-02-17T20:19:07.607+0000] {taskinstance.py:3901} INFO - 2 downstream tasks scheduled from follow-on schedule check
[2025-02-17T20:19:07.616+0000] {local_task_job_runner.py:245} INFO - ::endgroup::
