[2025-02-17T20:19:38.708+0000] {local_task_job_runner.py:123} INFO - ::group::Pre task execution logs
[2025-02-17T20:19:38.866+0000] {taskinstance.py:2614} INFO - Dependencies all met for dep_context=non-requeueable deps ti=<TaskInstance: name_of_pipeline.parser_3 scheduled__2023-06-21T00:00:00+00:00 [queued]>
[2025-02-17T20:19:38.915+0000] {taskinstance.py:2614} INFO - Dependencies all met for dep_context=requeueable deps ti=<TaskInstance: name_of_pipeline.parser_3 scheduled__2023-06-21T00:00:00+00:00 [queued]>
[2025-02-17T20:19:38.947+0000] {taskinstance.py:2867} INFO - Starting attempt 1 of 1
[2025-02-17T20:19:39.485+0000] {taskinstance.py:2890} INFO - Executing <Task(PythonOperator): parser_3> on 2023-06-21 00:00:00+00:00
[2025-02-17T20:19:39.676+0000] {warnings.py:112} WARNING - /home/***/.local/lib/python3.12/site-packages/***/task/task_runner/standard_task_runner.py:70: DeprecationWarning: This process (pid=2537) is multi-threaded, use of fork() may lead to deadlocks in the child.
  pid = os.fork()

[2025-02-17T20:19:39.821+0000] {standard_task_runner.py:72} INFO - Started process 2579 to run task
[2025-02-17T20:19:39.798+0000] {standard_task_runner.py:104} INFO - Running: ['***', 'tasks', 'run', 'name_of_pipeline', 'parser_3', 'scheduled__2023-06-21T00:00:00+00:00', '--job-id', '786', '--raw', '--subdir', 'DAGS_FOLDER/pipeline.py', '--cfg-path', '/tmp/tmpi00gsxqc']
[2025-02-17T20:19:39.851+0000] {standard_task_runner.py:105} INFO - Job 786: Subtask parser_3
[2025-02-17T20:19:41.292+0000] {task_command.py:467} INFO - Running <TaskInstance: name_of_pipeline.parser_3 scheduled__2023-06-21T00:00:00+00:00 [running]> on host f4228ad55513
[2025-02-17T20:19:52.719+0000] {taskinstance.py:3134} INFO - Exporting env vars: AIRFLOW_CTX_DAG_OWNER='***' AIRFLOW_CTX_DAG_ID='name_of_pipeline' AIRFLOW_CTX_TASK_ID='parser_3' AIRFLOW_CTX_EXECUTION_DATE='2023-06-21T00:00:00+00:00' AIRFLOW_CTX_TRY_NUMBER='1' AIRFLOW_CTX_DAG_RUN_ID='scheduled__2023-06-21T00:00:00+00:00'
[2025-02-17T20:19:52.728+0000] {logging_mixin.py:190} INFO - Task instance is in running state
[2025-02-17T20:19:52.732+0000] {logging_mixin.py:190} INFO -  Previous state of the Task instance: queued
[2025-02-17T20:19:52.736+0000] {logging_mixin.py:190} INFO - Current task name:parser_3 state:running start_date:2025-02-17 20:19:38.891526+00:00
[2025-02-17T20:19:52.740+0000] {logging_mixin.py:190} INFO - Dag name:name_of_pipeline and current dag run status:running
[2025-02-17T20:19:52.747+0000] {taskinstance.py:732} INFO - ::endgroup::
[2025-02-17T20:19:52.750+0000] {pipeline.py:26} INFO - Starting parser 3
[2025-02-17T20:19:52.759+0000] {logging_mixin.py:190} INFO - Парсер 3 выполняется
[2025-02-17T20:19:52.761+0000] {python.py:240} INFO - Done. Returned value was: Данные от парсера 3
[2025-02-17T20:19:52.893+0000] {taskinstance.py:341} INFO - ::group::Post task execution logs
[2025-02-17T20:19:52.905+0000] {taskinstance.py:353} INFO - Marking task as SUCCESS. dag_id=name_of_pipeline, task_id=parser_3, run_id=scheduled__2023-06-21T00:00:00+00:00, execution_date=20230621T000000, start_date=20250217T201938, end_date=20250217T201952
[2025-02-17T20:19:53.227+0000] {logging_mixin.py:190} INFO - Task instance in success state
[2025-02-17T20:19:53.234+0000] {logging_mixin.py:190} INFO -  Previous state of the Task instance: running
[2025-02-17T20:19:53.235+0000] {logging_mixin.py:190} INFO - Dag name:name_of_pipeline queued_at:2025-02-17 20:18:35.686643+00:00
[2025-02-17T20:19:53.240+0000] {logging_mixin.py:190} INFO - Task hostname:f4228ad55513 operator:PythonOperator
[2025-02-17T20:19:53.608+0000] {local_task_job_runner.py:266} INFO - Task exited with return code 0
[2025-02-17T20:19:53.765+0000] {local_task_job_runner.py:245} INFO - ::endgroup::
