[2025-02-19T10:10:10.191+0000] {local_task_job_runner.py:123} INFO - ::group::Pre task execution logs
[2025-02-19T10:10:10.200+0000] {taskinstance.py:2614} INFO - Dependencies all met for dep_context=non-requeueable deps ti=<TaskInstance: pipeline.parser_3 manual__2025-02-19T10:10:08.162002+00:00 [queued]>
[2025-02-19T10:10:10.204+0000] {taskinstance.py:2614} INFO - Dependencies all met for dep_context=requeueable deps ti=<TaskInstance: pipeline.parser_3 manual__2025-02-19T10:10:08.162002+00:00 [queued]>
[2025-02-19T10:10:10.204+0000] {taskinstance.py:2867} INFO - Starting attempt 1 of 1
[2025-02-19T10:10:10.310+0000] {taskinstance.py:2890} INFO - Executing <Task(_PythonDecoratedOperator): parser_3> on 2025-02-19 10:10:08.162002+00:00
[2025-02-19T10:10:10.315+0000] {warnings.py:112} WARNING - /home/***/.local/lib/python3.12/site-packages/***/task/task_runner/standard_task_runner.py:70: DeprecationWarning: This process (pid=144) is multi-threaded, use of fork() may lead to deadlocks in the child.
  pid = os.fork()

[2025-02-19T10:10:10.317+0000] {standard_task_runner.py:72} INFO - Started process 150 to run task
[2025-02-19T10:10:10.317+0000] {standard_task_runner.py:104} INFO - Running: ['***', 'tasks', 'run', 'pipeline', 'parser_3', 'manual__2025-02-19T10:10:08.162002+00:00', '--job-id', '858', '--raw', '--subdir', 'DAGS_FOLDER/pipeline.py', '--cfg-path', '/tmp/tmprcjalzlz']
[2025-02-19T10:10:10.321+0000] {standard_task_runner.py:105} INFO - Job 858: Subtask parser_3
[2025-02-19T10:10:10.358+0000] {task_command.py:467} INFO - Running <TaskInstance: pipeline.parser_3 manual__2025-02-19T10:10:08.162002+00:00 [running]> on host 23903a4a7553
[2025-02-19T10:10:10.405+0000] {taskinstance.py:3134} INFO - Exporting env vars: AIRFLOW_CTX_DAG_OWNER='***' AIRFLOW_CTX_DAG_ID='pipeline' AIRFLOW_CTX_TASK_ID='parser_3' AIRFLOW_CTX_EXECUTION_DATE='2025-02-19T10:10:08.162002+00:00' AIRFLOW_CTX_TRY_NUMBER='1' AIRFLOW_CTX_DAG_RUN_ID='manual__2025-02-19T10:10:08.162002+00:00'
[2025-02-19T10:10:10.407+0000] {logging_mixin.py:190} INFO - Task instance is in running state
[2025-02-19T10:10:10.407+0000] {logging_mixin.py:190} INFO -  Previous state of the Task instance: queued
[2025-02-19T10:10:10.407+0000] {logging_mixin.py:190} INFO - Current task name:parser_3 state:running start_date:2025-02-19 10:10:10.200731+00:00
[2025-02-19T10:10:10.407+0000] {logging_mixin.py:190} INFO - Dag name:pipeline and current dag run status:running
[2025-02-19T10:10:10.407+0000] {taskinstance.py:732} INFO - ::endgroup::
[2025-02-19T10:10:10.408+0000] {parser_3.py:10} INFO - Starting parser 3
[2025-02-19T10:10:10.408+0000] {logging_mixin.py:190} INFO - Парсер 3 выполняется
[2025-02-19T10:10:10.408+0000] {python.py:240} INFO - Done. Returned value was: Данные от парсера 3
[2025-02-19T10:10:10.425+0000] {taskinstance.py:341} INFO - ::group::Post task execution logs
[2025-02-19T10:10:10.425+0000] {taskinstance.py:353} INFO - Marking task as SUCCESS. dag_id=pipeline, task_id=parser_3, run_id=manual__2025-02-19T10:10:08.162002+00:00, execution_date=20250219T101008, start_date=20250219T101010, end_date=20250219T101010
[2025-02-19T10:10:10.437+0000] {logging_mixin.py:190} INFO - Task instance in success state
[2025-02-19T10:10:10.437+0000] {logging_mixin.py:190} INFO -  Previous state of the Task instance: running
[2025-02-19T10:10:10.438+0000] {logging_mixin.py:190} INFO - Dag name:pipeline queued_at:2025-02-19 10:10:08.170906+00:00
[2025-02-19T10:10:10.439+0000] {logging_mixin.py:190} INFO - Task hostname:23903a4a7553 operator:_PythonDecoratedOperator
[2025-02-19T10:10:10.465+0000] {local_task_job_runner.py:266} INFO - Task exited with return code 0
[2025-02-19T10:10:10.486+0000] {taskinstance.py:3901} INFO - 0 downstream tasks scheduled from follow-on schedule check
[2025-02-19T10:10:10.487+0000] {local_task_job_runner.py:245} INFO - ::endgroup::
