[2025-02-17T20:19:55.719+0000] {local_task_job_runner.py:123} INFO - ::group::Pre task execution logs
[2025-02-17T20:19:56.061+0000] {taskinstance.py:2614} INFO - Dependencies all met for dep_context=non-requeueable deps ti=<TaskInstance: name_of_pipeline.save_data scheduled__2023-06-11T00:00:00+00:00 [queued]>
[2025-02-17T20:19:56.173+0000] {taskinstance.py:2614} INFO - Dependencies all met for dep_context=requeueable deps ti=<TaskInstance: name_of_pipeline.save_data scheduled__2023-06-11T00:00:00+00:00 [queued]>
[2025-02-17T20:19:56.192+0000] {taskinstance.py:2867} INFO - Starting attempt 1 of 1
[2025-02-17T20:19:56.249+0000] {taskinstance.py:2890} INFO - Executing <Task(PythonOperator): save_data> on 2023-06-11 00:00:00+00:00
[2025-02-17T20:19:56.387+0000] {warnings.py:112} WARNING - /home/***/.local/lib/python3.12/site-packages/***/task/task_runner/standard_task_runner.py:70: DeprecationWarning: This process (pid=2584) is multi-threaded, use of fork() may lead to deadlocks in the child.
  pid = os.fork()

[2025-02-17T20:19:56.393+0000] {standard_task_runner.py:72} INFO - Started process 2612 to run task
[2025-02-17T20:19:56.419+0000] {standard_task_runner.py:104} INFO - Running: ['***', 'tasks', 'run', 'name_of_pipeline', 'save_data', 'scheduled__2023-06-11T00:00:00+00:00', '--job-id', '796', '--raw', '--subdir', 'DAGS_FOLDER/pipeline.py', '--cfg-path', '/tmp/tmpckakr5y1']
[2025-02-17T20:19:56.428+0000] {standard_task_runner.py:105} INFO - Job 796: Subtask save_data
[2025-02-17T20:19:56.987+0000] {task_command.py:467} INFO - Running <TaskInstance: name_of_pipeline.save_data scheduled__2023-06-11T00:00:00+00:00 [running]> on host f4228ad55513
[2025-02-17T20:19:59.695+0000] {taskinstance.py:3134} INFO - Exporting env vars: AIRFLOW_CTX_DAG_OWNER='***' AIRFLOW_CTX_DAG_ID='name_of_pipeline' AIRFLOW_CTX_TASK_ID='save_data' AIRFLOW_CTX_EXECUTION_DATE='2023-06-11T00:00:00+00:00' AIRFLOW_CTX_TRY_NUMBER='1' AIRFLOW_CTX_DAG_RUN_ID='scheduled__2023-06-11T00:00:00+00:00'
[2025-02-17T20:19:59.711+0000] {logging_mixin.py:190} INFO - Task instance is in running state
[2025-02-17T20:19:59.719+0000] {logging_mixin.py:190} INFO -  Previous state of the Task instance: queued
[2025-02-17T20:19:59.725+0000] {logging_mixin.py:190} INFO - Current task name:save_data state:running start_date:2025-02-17 20:19:56.076504+00:00
[2025-02-17T20:19:59.729+0000] {logging_mixin.py:190} INFO - Dag name:name_of_pipeline and current dag run status:running
[2025-02-17T20:19:59.740+0000] {taskinstance.py:732} INFO - ::endgroup::
[2025-02-17T20:19:59.757+0000] {pipeline.py:38} INFO - Сохраняем данные: LazySelectSequence([3 items])
[2025-02-17T20:19:59.813+0000] {python.py:240} INFO - Done. Returned value was: None
[2025-02-17T20:19:59.869+0000] {taskinstance.py:341} INFO - ::group::Post task execution logs
[2025-02-17T20:19:59.873+0000] {taskinstance.py:353} INFO - Marking task as SUCCESS. dag_id=name_of_pipeline, task_id=save_data, run_id=scheduled__2023-06-11T00:00:00+00:00, execution_date=20230611T000000, start_date=20250217T201956, end_date=20250217T201959
[2025-02-17T20:19:59.987+0000] {logging_mixin.py:190} INFO - Task instance in success state
[2025-02-17T20:19:59.991+0000] {logging_mixin.py:190} INFO -  Previous state of the Task instance: running
[2025-02-17T20:19:59.992+0000] {logging_mixin.py:190} INFO - Dag name:name_of_pipeline queued_at:2025-02-17 20:18:33.664430+00:00
[2025-02-17T20:20:00.003+0000] {logging_mixin.py:190} INFO - Task hostname:f4228ad55513 operator:PythonOperator
[2025-02-17T20:20:00.113+0000] {local_task_job_runner.py:266} INFO - Task exited with return code 0
[2025-02-17T20:20:01.178+0000] {taskinstance.py:3901} INFO - 0 downstream tasks scheduled from follow-on schedule check
[2025-02-17T20:20:01.222+0000] {local_task_job_runner.py:245} INFO - ::endgroup::
[2025-02-17T20:20:01.427+0000] {standard_task_runner.py:217} INFO - Process not found (most likely exited), stop collecting metrics
