[2025-02-19T10:11:41.895+0000] {local_task_job_runner.py:123} INFO - ::group::Pre task execution logs
[2025-02-19T10:11:41.905+0000] {taskinstance.py:2614} INFO - Dependencies all met for dep_context=non-requeueable deps ti=<TaskInstance: pipeline.parser_for_Eapteka manual__2025-02-19T10:11:40.589090+00:00 [queued]>
[2025-02-19T10:11:41.911+0000] {taskinstance.py:2614} INFO - Dependencies all met for dep_context=requeueable deps ti=<TaskInstance: pipeline.parser_for_Eapteka manual__2025-02-19T10:11:40.589090+00:00 [queued]>
[2025-02-19T10:11:41.911+0000] {taskinstance.py:2867} INFO - Starting attempt 1 of 1
[2025-02-19T10:11:42.026+0000] {taskinstance.py:2890} INFO - Executing <Task(_PythonDecoratedOperator): parser_for_Eapteka> on 2025-02-19 10:11:40.589090+00:00
[2025-02-19T10:11:42.032+0000] {warnings.py:112} WARNING - /home/***/.local/lib/python3.12/site-packages/***/task/task_runner/standard_task_runner.py:70: DeprecationWarning: This process (pid=181) is multi-threaded, use of fork() may lead to deadlocks in the child.
  pid = os.fork()

[2025-02-19T10:11:42.036+0000] {standard_task_runner.py:72} INFO - Started process 191 to run task
[2025-02-19T10:11:42.037+0000] {standard_task_runner.py:104} INFO - Running: ['***', 'tasks', 'run', 'pipeline', 'parser_for_Eapteka', 'manual__2025-02-19T10:11:40.589090+00:00', '--job-id', '863', '--raw', '--subdir', 'DAGS_FOLDER/pipeline.py', '--cfg-path', '/tmp/tmpss1xak2k']
[2025-02-19T10:11:42.038+0000] {standard_task_runner.py:105} INFO - Job 863: Subtask parser_for_Eapteka
[2025-02-19T10:11:42.079+0000] {task_command.py:467} INFO - Running <TaskInstance: pipeline.parser_for_Eapteka manual__2025-02-19T10:11:40.589090+00:00 [running]> on host 23903a4a7553
[2025-02-19T10:11:42.148+0000] {taskinstance.py:3134} INFO - Exporting env vars: AIRFLOW_CTX_DAG_OWNER='***' AIRFLOW_CTX_DAG_ID='pipeline' AIRFLOW_CTX_TASK_ID='parser_for_Eapteka' AIRFLOW_CTX_EXECUTION_DATE='2025-02-19T10:11:40.589090+00:00' AIRFLOW_CTX_TRY_NUMBER='1' AIRFLOW_CTX_DAG_RUN_ID='manual__2025-02-19T10:11:40.589090+00:00'
[2025-02-19T10:11:42.149+0000] {logging_mixin.py:190} INFO - Task instance is in running state
[2025-02-19T10:11:42.150+0000] {logging_mixin.py:190} INFO -  Previous state of the Task instance: queued
[2025-02-19T10:11:42.150+0000] {logging_mixin.py:190} INFO - Current task name:parser_for_Eapteka state:running start_date:2025-02-19 10:11:41.905774+00:00
[2025-02-19T10:11:42.150+0000] {logging_mixin.py:190} INFO - Dag name:pipeline and current dag run status:running
[2025-02-19T10:11:42.150+0000] {taskinstance.py:732} INFO - ::endgroup::
[2025-02-19T10:11:42.151+0000] {parser_1.py:27} INFO - Open webdriver_remote
[2025-02-19T10:11:42.533+0000] {parser_1.py:39} INFO - Webdriver opened
[2025-02-19T10:11:52.910+0000] {parser_1.py:61} ERROR - Error occurred: Message: 

[2025-02-19T10:11:52.991+0000] {python.py:240} INFO - Done. Returned value was: Empty DataFrame
Columns: []
Index: []
[2025-02-19T10:11:53.023+0000] {taskinstance.py:341} INFO - ::group::Post task execution logs
[2025-02-19T10:11:53.024+0000] {taskinstance.py:353} INFO - Marking task as SUCCESS. dag_id=pipeline, task_id=parser_for_Eapteka, run_id=manual__2025-02-19T10:11:40.589090+00:00, execution_date=20250219T101140, start_date=20250219T101141, end_date=20250219T101153
[2025-02-19T10:11:53.037+0000] {logging_mixin.py:190} INFO - Task instance in success state
[2025-02-19T10:11:53.037+0000] {logging_mixin.py:190} INFO -  Previous state of the Task instance: running
[2025-02-19T10:11:53.037+0000] {logging_mixin.py:190} INFO - Dag name:pipeline queued_at:2025-02-19 10:11:40.603631+00:00
[2025-02-19T10:11:53.037+0000] {logging_mixin.py:190} INFO - Task hostname:23903a4a7553 operator:_PythonDecoratedOperator
[2025-02-19T10:11:53.079+0000] {local_task_job_runner.py:266} INFO - Task exited with return code 0
[2025-02-19T10:11:53.094+0000] {taskinstance.py:3901} INFO - 1 downstream tasks scheduled from follow-on schedule check
[2025-02-19T10:11:53.095+0000] {local_task_job_runner.py:245} INFO - ::endgroup::
