[2025-02-17T20:19:11.278+0000] {local_task_job_runner.py:123} INFO - ::group::Pre task execution logs
[2025-02-17T20:19:11.312+0000] {taskinstance.py:2614} INFO - Dependencies all met for dep_context=non-requeueable deps ti=<TaskInstance: name_of_pipeline.parser_2 scheduled__2023-06-22T00:00:00+00:00 [queued]>
[2025-02-17T20:19:11.365+0000] {taskinstance.py:2614} INFO - Dependencies all met for dep_context=requeueable deps ti=<TaskInstance: name_of_pipeline.parser_2 scheduled__2023-06-22T00:00:00+00:00 [queued]>
[2025-02-17T20:19:11.367+0000] {taskinstance.py:2867} INFO - Starting attempt 1 of 1
[2025-02-17T20:19:11.433+0000] {taskinstance.py:2890} INFO - Executing <Task(PythonOperator): parser_2> on 2023-06-22 00:00:00+00:00
[2025-02-17T20:19:11.448+0000] {warnings.py:112} WARNING - /home/***/.local/lib/python3.12/site-packages/***/task/task_runner/standard_task_runner.py:70: DeprecationWarning: This process (pid=2490) is multi-threaded, use of fork() may lead to deadlocks in the child.
  pid = os.fork()

[2025-02-17T20:19:11.466+0000] {standard_task_runner.py:72} INFO - Started process 2511 to run task
[2025-02-17T20:19:11.463+0000] {standard_task_runner.py:104} INFO - Running: ['***', 'tasks', 'run', 'name_of_pipeline', 'parser_2', 'scheduled__2023-06-22T00:00:00+00:00', '--job-id', '763', '--raw', '--subdir', 'DAGS_FOLDER/pipeline.py', '--cfg-path', '/tmp/tmpzne5u5m9']
[2025-02-17T20:19:11.467+0000] {standard_task_runner.py:105} INFO - Job 763: Subtask parser_2
[2025-02-17T20:19:11.770+0000] {task_command.py:467} INFO - Running <TaskInstance: name_of_pipeline.parser_2 scheduled__2023-06-22T00:00:00+00:00 [running]> on host f4228ad55513
[2025-02-17T20:19:15.711+0000] {taskinstance.py:3134} INFO - Exporting env vars: AIRFLOW_CTX_DAG_OWNER='***' AIRFLOW_CTX_DAG_ID='name_of_pipeline' AIRFLOW_CTX_TASK_ID='parser_2' AIRFLOW_CTX_EXECUTION_DATE='2023-06-22T00:00:00+00:00' AIRFLOW_CTX_TRY_NUMBER='1' AIRFLOW_CTX_DAG_RUN_ID='scheduled__2023-06-22T00:00:00+00:00'
[2025-02-17T20:19:15.732+0000] {logging_mixin.py:190} INFO - Task instance is in running state
[2025-02-17T20:19:15.739+0000] {logging_mixin.py:190} INFO -  Previous state of the Task instance: queued
[2025-02-17T20:19:15.745+0000] {logging_mixin.py:190} INFO - Current task name:parser_2 state:running start_date:2025-02-17 20:19:11.317355+00:00
[2025-02-17T20:19:15.748+0000] {logging_mixin.py:190} INFO - Dag name:name_of_pipeline and current dag run status:running
[2025-02-17T20:19:15.758+0000] {taskinstance.py:732} INFO - ::endgroup::
[2025-02-17T20:19:15.763+0000] {pipeline.py:20} INFO - Starting parser 2
[2025-02-17T20:19:15.769+0000] {logging_mixin.py:190} INFO - Парсер 2 выполняется
[2025-02-17T20:19:15.773+0000] {python.py:240} INFO - Done. Returned value was: Данные от парсера 2
[2025-02-17T20:19:15.948+0000] {taskinstance.py:341} INFO - ::group::Post task execution logs
[2025-02-17T20:19:15.951+0000] {taskinstance.py:353} INFO - Marking task as SUCCESS. dag_id=name_of_pipeline, task_id=parser_2, run_id=scheduled__2023-06-22T00:00:00+00:00, execution_date=20230622T000000, start_date=20250217T201911, end_date=20250217T201915
[2025-02-17T20:19:16.120+0000] {logging_mixin.py:190} INFO - Task instance in success state
[2025-02-17T20:19:16.123+0000] {logging_mixin.py:190} INFO -  Previous state of the Task instance: running
[2025-02-17T20:19:16.126+0000] {logging_mixin.py:190} INFO - Dag name:name_of_pipeline queued_at:2025-02-17 20:18:36.274875+00:00
[2025-02-17T20:19:16.129+0000] {logging_mixin.py:190} INFO - Task hostname:f4228ad55513 operator:PythonOperator
[2025-02-17T20:19:16.298+0000] {local_task_job_runner.py:266} INFO - Task exited with return code 0
[2025-02-17T20:19:16.483+0000] {standard_task_runner.py:217} INFO - Process not found (most likely exited), stop collecting metrics
[2025-02-17T20:19:16.659+0000] {taskinstance.py:3901} INFO - 0 downstream tasks scheduled from follow-on schedule check
[2025-02-17T20:19:16.696+0000] {local_task_job_runner.py:245} INFO - ::endgroup::
