[2025-02-21T08:18:39.581+0000] {local_task_job_runner.py:123} INFO - ::group::Pre task execution logs
[2025-02-21T08:18:39.726+0000] {taskinstance.py:2614} INFO - Dependencies all met for dep_context=non-requeueable deps ti=<TaskInstance: pipeline.save_data scheduled__2025-02-20T00:00:00+00:00 [queued]>
[2025-02-21T08:18:41.264+0000] {taskinstance.py:2614} INFO - Dependencies all met for dep_context=requeueable deps ti=<TaskInstance: pipeline.save_data scheduled__2025-02-20T00:00:00+00:00 [queued]>
[2025-02-21T08:18:41.269+0000] {taskinstance.py:2867} INFO - Starting attempt 1 of 1
[2025-02-21T08:18:41.347+0000] {taskinstance.py:2890} INFO - Executing <Task(_PythonDecoratedOperator): save_data> on 2025-02-20 00:00:00+00:00
[2025-02-21T08:18:41.413+0000] {warnings.py:112} WARNING - /home/***/.local/lib/python3.12/site-packages/***/task/task_runner/standard_task_runner.py:70: DeprecationWarning: This process (pid=106) is multi-threaded, use of fork() may lead to deadlocks in the child.
  pid = os.fork()

[2025-02-21T08:18:41.425+0000] {standard_task_runner.py:72} INFO - Started process 115 to run task
[2025-02-21T08:18:41.429+0000] {standard_task_runner.py:104} INFO - Running: ['***', 'tasks', 'run', 'pipeline', 'save_data', 'scheduled__2025-02-20T00:00:00+00:00', '--job-id', '1130', '--raw', '--subdir', 'DAGS_FOLDER/pipeline.py', '--cfg-path', '/tmp/tmp9bk9ee1z']
[2025-02-21T08:18:41.446+0000] {standard_task_runner.py:105} INFO - Job 1130: Subtask save_data
[2025-02-21T08:18:41.819+0000] {task_command.py:467} INFO - Running <TaskInstance: pipeline.save_data scheduled__2025-02-20T00:00:00+00:00 [running]> on host 5f8091faf500
[2025-02-21T08:18:43.560+0000] {taskinstance.py:3134} INFO - Exporting env vars: AIRFLOW_CTX_DAG_OWNER='***' AIRFLOW_CTX_DAG_ID='pipeline' AIRFLOW_CTX_TASK_ID='save_data' AIRFLOW_CTX_EXECUTION_DATE='2025-02-20T00:00:00+00:00' AIRFLOW_CTX_TRY_NUMBER='1' AIRFLOW_CTX_DAG_RUN_ID='scheduled__2025-02-20T00:00:00+00:00'
[2025-02-21T08:18:43.577+0000] {logging_mixin.py:190} INFO - Task instance is in running state
[2025-02-21T08:18:43.581+0000] {logging_mixin.py:190} INFO -  Previous state of the Task instance: queued
[2025-02-21T08:18:43.587+0000] {logging_mixin.py:190} INFO - Current task name:save_data state:running start_date:2025-02-21 08:18:39.734646+00:00
[2025-02-21T08:18:43.591+0000] {logging_mixin.py:190} INFO - Dag name:pipeline and current dag run status:running
[2025-02-21T08:18:43.601+0000] {taskinstance.py:732} INFO - ::endgroup::
[2025-02-21T08:18:43.624+0000] {safe_data.py:24} INFO - Starting to save data with 51 records.
[2025-02-21T08:18:43.673+0000] {safe_data.py:27} INFO - final df:                                               comment     drag_name
0   Достоинства: ничего\nНедостатки: почитал полож...      Афобазол
1   Достоинства: Препарат рабочий, нервы успокаива...      Афобазол
2   Достоинства: Их нет!\nНедостатки: Не помогает ...      Афобазол
3   После потери близкого человека думала сойду с ...       Авиандр
4   Пробовала разные подобные препараты, но из все...       Авиандр
5   Достоинства: Очень помог\nНедостатки: Нет\nКом...       Авиандр
0   Достоинства: Доступная цена, легко найти в люб...      Афобазол
1   Достоинства: Таблетка небольшая по форме, удоб...      Афобазол
2   Достоинства: Самое главное - действительно пом...      Афобазол
3   Хороший отечественный препарат, предназначенны...      Афобазол
4   Каждый год осенью мир становился для меня каки...      Афобазол
5   Очень рада, что в свое время решила принимать ...      Афобазол
6   На меня Афобазол производит возбуждающий эффек...      Афобазол
7   Лично мне помогает успокоиться, когда есть тре...      Афобазол
8   Достоинства: Работает. Цена ок по сравнению с ...      Афобазол
9   2 месяца назад уволили с работы по непонятной ...      Афобазол
10  Достоинства: Купила Афобазол с надеждой успоко...      Афобазол
11  Отличный безрецептурный противотревожный препа...      Афобазол
12  Достоинства: хорошо помогает, недорогой\n\nНед...      Афобазол
13  Достоинства: + Действует. Но нужно достаточно ...      Афобазол
14  Если принимать строго по инструкции и хотя бы ...      Афобазол
15  Наконец-то дошла до того, чтобы бросить курить...      Афобазол
16  Афобазол - единственный лекарственный препарат...      Афобазол
17  Иногда я принимаю Афобазол для поддержания пси...      Афобазол
18  Я довольно тяжело переживаю ПМС. За пару недел...      Афобазол
19  Достоинства: хорошо восстанавливает нервы, выр...      Афобазол
20  В наши времена без таблеток от тревоги никак. ...      Афобазол
21  Да, временами приходится спасаться именно этим...      Афобазол
22  Достоинства: успокоительный эфект есть употреб...      Афобазол
23  С такой работой как у меня без Афобазола иногд...      Афобазол
24  Достоинства: Помогает справиться, когда навали...       Авиандр
25  Не хочу никого пугать, но мне не подошел этот ...       Авиандр
26  Выписали авиандр и тералиджен, пила 2 месяца. ...       Авиандр
27  В последнее время часто была на взводе. Постоя...       Авиандр
28  Достоинства: Убирает ПА\n\nНедостатки: не выяв...       Авиандр
29  Достоинства: Помогло убрать тревожное состояни...       Авиандр
30  Достоинства: Удобно принимать, таблетки не гор...       Авиандр
31  Готовились с сыном к поступлению в институт. Д...       Авиандр
32  Достоинства: Очень помогает быть в строю\n\nНе...       Авиандр
33  Достоинства: Не нашла\n\nНедостатки: Побочка у...       Авиандр
34  Неприятности в один момент навалилось со всех ...       Авиандр
35  Достоинства: Нет\n\nНедостатки: Дорогие, не по...       Авиандр
36  После серьезного стресса постоянно пребывала в...       Авиандр
37  Достоинства: Цена очень хорошая\n\nНедостатки:...  Эсциталопрам
38  Помогает справиться с тревожностью без побочек...  Эсциталопрам
39  Недостатки: нет.\n\nКомментарий: Таблетки мне ...  Эсциталопрам
40  Назначен от болей в пояснице. После 3 месяцев ...  Эсциталопрам
41  Достоинства: быстро помогает от боли\n\nНедост...       Андипал
42  Достоинства: Андипал по адекватной цене\n\nНед...       Андипал
43  Препарат старый, и всегда в аптечке. Пью при м...       Андипал
44  Достоинства: помогает.\n\nНедостатки: неь\n\nК...       Андипал
[2025-02-21T08:18:43.706+0000] {safe_data.py:35} INFO - File /opt/***/output/data_from_sites/output_data.csv exists. Attempting to append data.
[2025-02-21T08:18:43.818+0000] {safe_data.py:38} INFO - Successfully appended 51 records to /opt/***/output/data_from_sites/output_data.csv.
[2025-02-21T08:18:43.835+0000] {safe_data.py:40} INFO - Data successfully saved to /opt/***/output/data_from_sites/output_data.csv. Total records: 51.
[2025-02-21T08:18:43.838+0000] {python.py:240} INFO - Done. Returned value was: None
[2025-02-21T08:18:43.976+0000] {taskinstance.py:341} INFO - ::group::Post task execution logs
[2025-02-21T08:18:43.996+0000] {taskinstance.py:353} INFO - Marking task as SUCCESS. dag_id=pipeline, task_id=save_data, run_id=scheduled__2025-02-20T00:00:00+00:00, execution_date=20250220T000000, start_date=20250221T081839, end_date=20250221T081843
[2025-02-21T08:18:44.206+0000] {logging_mixin.py:190} INFO - Task instance in success state
[2025-02-21T08:18:44.229+0000] {logging_mixin.py:190} INFO -  Previous state of the Task instance: running
[2025-02-21T08:18:44.230+0000] {logging_mixin.py:190} INFO - Dag name:pipeline queued_at:2025-02-21 08:15:46.018398+00:00
[2025-02-21T08:18:44.231+0000] {logging_mixin.py:190} INFO - Task hostname:5f8091faf500 operator:_PythonDecoratedOperator
[2025-02-21T08:18:44.274+0000] {local_task_job_runner.py:266} INFO - Task exited with return code 0
[2025-02-21T08:18:44.438+0000] {taskinstance.py:3901} INFO - 1 downstream tasks scheduled from follow-on schedule check
[2025-02-21T08:18:44.457+0000] {local_task_job_runner.py:245} INFO - ::endgroup::
