[2025-02-19T11:09:10.395+0000] {local_task_job_runner.py:123} INFO - ::group::Pre task execution logs
[2025-02-19T11:09:10.405+0000] {taskinstance.py:2614} INFO - Dependencies all met for dep_context=non-requeueable deps ti=<TaskInstance: pipeline.save_data manual__2025-02-19T11:09:04.633234+00:00 [queued]>
[2025-02-19T11:09:10.493+0000] {taskinstance.py:2614} INFO - Dependencies all met for dep_context=requeueable deps ti=<TaskInstance: pipeline.save_data manual__2025-02-19T11:09:04.633234+00:00 [queued]>
[2025-02-19T11:09:10.493+0000] {taskinstance.py:2867} INFO - Starting attempt 1 of 1
[2025-02-19T11:09:10.498+0000] {taskinstance.py:2890} INFO - Executing <Task(_PythonDecoratedOperator): save_data> on 2025-02-19 11:09:04.633234+00:00
[2025-02-19T11:09:10.502+0000] {warnings.py:112} WARNING - /home/***/.local/lib/python3.12/site-packages/***/task/task_runner/standard_task_runner.py:70: DeprecationWarning: This process (pid=142) is multi-threaded, use of fork() may lead to deadlocks in the child.
  pid = os.fork()

[2025-02-19T11:09:10.502+0000] {standard_task_runner.py:72} INFO - Started process 144 to run task
[2025-02-19T11:09:10.503+0000] {standard_task_runner.py:104} INFO - Running: ['***', 'tasks', 'run', 'pipeline', 'save_data', 'manual__2025-02-19T11:09:04.633234+00:00', '--job-id', '879', '--raw', '--subdir', 'DAGS_FOLDER/pipeline.py', '--cfg-path', '/tmp/tmpqrnmh92r']
[2025-02-19T11:09:10.504+0000] {standard_task_runner.py:105} INFO - Job 879: Subtask save_data
[2025-02-19T11:09:10.525+0000] {task_command.py:467} INFO - Running <TaskInstance: pipeline.save_data manual__2025-02-19T11:09:04.633234+00:00 [running]> on host 23903a4a7553
[2025-02-19T11:09:10.562+0000] {taskinstance.py:3134} INFO - Exporting env vars: AIRFLOW_CTX_DAG_OWNER='***' AIRFLOW_CTX_DAG_ID='pipeline' AIRFLOW_CTX_TASK_ID='save_data' AIRFLOW_CTX_EXECUTION_DATE='2025-02-19T11:09:04.633234+00:00' AIRFLOW_CTX_TRY_NUMBER='1' AIRFLOW_CTX_DAG_RUN_ID='manual__2025-02-19T11:09:04.633234+00:00'
[2025-02-19T11:09:10.563+0000] {logging_mixin.py:190} INFO - Task instance is in running state
[2025-02-19T11:09:10.563+0000] {logging_mixin.py:190} INFO -  Previous state of the Task instance: queued
[2025-02-19T11:09:10.563+0000] {logging_mixin.py:190} INFO - Current task name:save_data state:running start_date:2025-02-19 11:09:10.406185+00:00
[2025-02-19T11:09:10.563+0000] {logging_mixin.py:190} INFO - Dag name:pipeline and current dag run status:running
[2025-02-19T11:09:10.563+0000] {taskinstance.py:732} INFO - ::endgroup::
[2025-02-19T11:09:10.564+0000] {safe_data.py:23} INFO - Начинаем сохранить данные.
[2025-02-19T11:09:10.565+0000] {safe_data.py:27} INFO - Сохраняем данные: LazySelectSequence([2 items])
[2025-02-19T11:09:10.569+0000] {safe_data.py:31} INFO - Файл не найден, создаем новый файл.
[2025-02-19T11:09:10.571+0000] {safe_data.py:50} INFO - Сохраняем объединенные данные в файл.
[2025-02-19T11:09:10.571+0000] {safe_data.py:53} INFO - Данные успешно сохранены в файл.
[2025-02-19T11:09:10.571+0000] {safe_data.py:55} INFO - Завершение функции save_data.
[2025-02-19T11:09:10.571+0000] {python.py:240} INFO - Done. Returned value was: None
[2025-02-19T11:09:10.576+0000] {taskinstance.py:341} INFO - ::group::Post task execution logs
[2025-02-19T11:09:10.577+0000] {taskinstance.py:353} INFO - Marking task as SUCCESS. dag_id=pipeline, task_id=save_data, run_id=manual__2025-02-19T11:09:04.633234+00:00, execution_date=20250219T110904, start_date=20250219T110910, end_date=20250219T110910
[2025-02-19T11:09:10.586+0000] {logging_mixin.py:190} INFO - Task instance in success state
[2025-02-19T11:09:10.586+0000] {logging_mixin.py:190} INFO -  Previous state of the Task instance: running
[2025-02-19T11:09:10.586+0000] {logging_mixin.py:190} INFO - Dag name:pipeline queued_at:2025-02-19 11:09:04.641523+00:00
[2025-02-19T11:09:10.586+0000] {logging_mixin.py:190} INFO - Task hostname:23903a4a7553 operator:_PythonDecoratedOperator
[2025-02-19T11:09:10.607+0000] {local_task_job_runner.py:266} INFO - Task exited with return code 0
[2025-02-19T11:09:10.616+0000] {taskinstance.py:3901} INFO - 0 downstream tasks scheduled from follow-on schedule check
[2025-02-19T11:09:10.617+0000] {local_task_job_runner.py:245} INFO - ::endgroup::
