[2025-02-17T20:29:28.071+0000] {local_task_job_runner.py:123} INFO - ::group::Pre task execution logs
[2025-02-17T20:29:28.084+0000] {taskinstance.py:2614} INFO - Dependencies all met for dep_context=non-requeueable deps ti=<TaskInstance: name_of_pipeline.parser_1 manual__2025-02-17T20:29:25.856440+00:00 [queued]>
[2025-02-17T20:29:28.090+0000] {taskinstance.py:2614} INFO - Dependencies all met for dep_context=requeueable deps ti=<TaskInstance: name_of_pipeline.parser_1 manual__2025-02-17T20:29:25.856440+00:00 [queued]>
[2025-02-17T20:29:28.091+0000] {taskinstance.py:2867} INFO - Starting attempt 1 of 1
[2025-02-17T20:29:28.100+0000] {taskinstance.py:2890} INFO - Executing <Task(_PythonDecoratedOperator): parser_1> on 2025-02-17 20:29:25.856440+00:00
[2025-02-17T20:29:28.105+0000] {warnings.py:112} WARNING - /home/***/.local/lib/python3.12/site-packages/***/task/task_runner/standard_task_runner.py:70: DeprecationWarning: This process (pid=2784) is multi-threaded, use of fork() may lead to deadlocks in the child.
  pid = os.fork()

[2025-02-17T20:29:28.106+0000] {standard_task_runner.py:72} INFO - Started process 2785 to run task
[2025-02-17T20:29:28.107+0000] {standard_task_runner.py:104} INFO - Running: ['***', 'tasks', 'run', 'name_of_pipeline', 'parser_1', 'manual__2025-02-17T20:29:25.856440+00:00', '--job-id', '815', '--raw', '--subdir', 'DAGS_FOLDER/pipeline.py', '--cfg-path', '/tmp/tmpgd5ua60v']
[2025-02-17T20:29:28.108+0000] {standard_task_runner.py:105} INFO - Job 815: Subtask parser_1
[2025-02-17T20:29:28.187+0000] {task_command.py:467} INFO - Running <TaskInstance: name_of_pipeline.parser_1 manual__2025-02-17T20:29:25.856440+00:00 [running]> on host f4228ad55513
[2025-02-17T20:29:28.349+0000] {taskinstance.py:3134} INFO - Exporting env vars: AIRFLOW_CTX_DAG_OWNER='***' AIRFLOW_CTX_DAG_ID='name_of_pipeline' AIRFLOW_CTX_TASK_ID='parser_1' AIRFLOW_CTX_EXECUTION_DATE='2025-02-17T20:29:25.856440+00:00' AIRFLOW_CTX_TRY_NUMBER='1' AIRFLOW_CTX_DAG_RUN_ID='manual__2025-02-17T20:29:25.856440+00:00'
[2025-02-17T20:29:28.352+0000] {logging_mixin.py:190} INFO - Task instance is in running state
[2025-02-17T20:29:28.352+0000] {logging_mixin.py:190} INFO -  Previous state of the Task instance: queued
[2025-02-17T20:29:28.354+0000] {logging_mixin.py:190} INFO - Current task name:parser_1 state:running start_date:2025-02-17 20:29:28.084490+00:00
[2025-02-17T20:29:28.355+0000] {logging_mixin.py:190} INFO - Dag name:name_of_pipeline and current dag run status:running
[2025-02-17T20:29:28.355+0000] {taskinstance.py:732} INFO - ::endgroup::
[2025-02-17T20:29:28.357+0000] {parser_1.py:9} INFO - Starting parser 1
[2025-02-17T20:29:28.357+0000] {logging_mixin.py:190} INFO - Парсер 1 выполняется
[2025-02-17T20:29:28.358+0000] {python.py:240} INFO - Done. Returned value was: Данные от парсера 1
[2025-02-17T20:29:28.711+0000] {taskinstance.py:341} INFO - ::group::Post task execution logs
[2025-02-17T20:29:28.712+0000] {taskinstance.py:353} INFO - Marking task as SUCCESS. dag_id=name_of_pipeline, task_id=parser_1, run_id=manual__2025-02-17T20:29:25.856440+00:00, execution_date=20250217T202925, start_date=20250217T202928, end_date=20250217T202928
[2025-02-17T20:29:28.730+0000] {logging_mixin.py:190} INFO - Task instance in success state
[2025-02-17T20:29:28.730+0000] {logging_mixin.py:190} INFO -  Previous state of the Task instance: running
[2025-02-17T20:29:28.731+0000] {logging_mixin.py:190} INFO - Dag name:name_of_pipeline queued_at:2025-02-17 20:29:25.872256+00:00
[2025-02-17T20:29:28.731+0000] {logging_mixin.py:190} INFO - Task hostname:f4228ad55513 operator:_PythonDecoratedOperator
[2025-02-17T20:29:28.783+0000] {local_task_job_runner.py:266} INFO - Task exited with return code 0
[2025-02-17T20:29:28.791+0000] {local_task_job_runner.py:245} INFO - ::endgroup::
