[2025-02-19T11:29:11.628+0000] {local_task_job_runner.py:123} INFO - ::group::Pre task execution logs
[2025-02-19T11:29:11.637+0000] {taskinstance.py:2614} INFO - Dependencies all met for dep_context=non-requeueable deps ti=<TaskInstance: pipeline.parser_3 manual__2025-02-19T11:29:09.845326+00:00 [queued]>
[2025-02-19T11:29:11.643+0000] {taskinstance.py:2614} INFO - Dependencies all met for dep_context=requeueable deps ti=<TaskInstance: pipeline.parser_3 manual__2025-02-19T11:29:09.845326+00:00 [queued]>
[2025-02-19T11:29:11.644+0000] {taskinstance.py:2867} INFO - Starting attempt 1 of 1
[2025-02-19T11:29:11.756+0000] {taskinstance.py:2890} INFO - Executing <Task(_PythonDecoratedOperator): parser_3> on 2025-02-19 11:29:09.845326+00:00
[2025-02-19T11:29:11.765+0000] {warnings.py:112} WARNING - /home/***/.local/lib/python3.12/site-packages/***/task/task_runner/standard_task_runner.py:70: DeprecationWarning: This process (pid=102) is multi-threaded, use of fork() may lead to deadlocks in the child.
  pid = os.fork()

[2025-02-19T11:29:11.769+0000] {standard_task_runner.py:72} INFO - Started process 108 to run task
[2025-02-19T11:29:11.770+0000] {standard_task_runner.py:104} INFO - Running: ['***', 'tasks', 'run', 'pipeline', 'parser_3', 'manual__2025-02-19T11:29:09.845326+00:00', '--job-id', '885', '--raw', '--subdir', 'DAGS_FOLDER/pipeline.py', '--cfg-path', '/tmp/tmpa1lm1zot']
[2025-02-19T11:29:11.774+0000] {standard_task_runner.py:105} INFO - Job 885: Subtask parser_3
[2025-02-19T11:29:11.823+0000] {task_command.py:467} INFO - Running <TaskInstance: pipeline.parser_3 manual__2025-02-19T11:29:09.845326+00:00 [running]> on host 23903a4a7553
[2025-02-19T11:29:11.917+0000] {taskinstance.py:3134} INFO - Exporting env vars: AIRFLOW_CTX_DAG_OWNER='***' AIRFLOW_CTX_DAG_ID='pipeline' AIRFLOW_CTX_TASK_ID='parser_3' AIRFLOW_CTX_EXECUTION_DATE='2025-02-19T11:29:09.845326+00:00' AIRFLOW_CTX_TRY_NUMBER='1' AIRFLOW_CTX_DAG_RUN_ID='manual__2025-02-19T11:29:09.845326+00:00'
[2025-02-19T11:29:11.923+0000] {logging_mixin.py:190} INFO - Task instance is in running state
[2025-02-19T11:29:11.923+0000] {logging_mixin.py:190} INFO -  Previous state of the Task instance: queued
[2025-02-19T11:29:11.923+0000] {logging_mixin.py:190} INFO - Current task name:parser_3 state:running start_date:2025-02-19 11:29:11.638255+00:00
[2025-02-19T11:29:11.924+0000] {logging_mixin.py:190} INFO - Dag name:pipeline and current dag run status:running
[2025-02-19T11:29:11.925+0000] {taskinstance.py:732} INFO - ::endgroup::
[2025-02-19T11:29:11.927+0000] {parser_3.py:10} INFO - Starting parser 3
[2025-02-19T11:29:11.928+0000] {logging_mixin.py:190} INFO - Парсер 3 выполняется
[2025-02-19T11:29:11.929+0000] {python.py:240} INFO - Done. Returned value was: Данные от парсера 3
[2025-02-19T11:29:11.996+0000] {taskinstance.py:341} INFO - ::group::Post task execution logs
[2025-02-19T11:29:11.998+0000] {taskinstance.py:353} INFO - Marking task as SUCCESS. dag_id=pipeline, task_id=parser_3, run_id=manual__2025-02-19T11:29:09.845326+00:00, execution_date=20250219T112909, start_date=20250219T112911, end_date=20250219T112911
[2025-02-19T11:29:12.045+0000] {logging_mixin.py:190} INFO - Task instance in success state
[2025-02-19T11:29:12.050+0000] {logging_mixin.py:190} INFO -  Previous state of the Task instance: running
[2025-02-19T11:29:12.050+0000] {logging_mixin.py:190} INFO - Dag name:pipeline queued_at:2025-02-19 11:29:09.866940+00:00
[2025-02-19T11:29:12.051+0000] {logging_mixin.py:190} INFO - Task hostname:23903a4a7553 operator:_PythonDecoratedOperator
[2025-02-19T11:29:12.085+0000] {local_task_job_runner.py:266} INFO - Task exited with return code 0
[2025-02-19T11:29:12.121+0000] {taskinstance.py:3901} INFO - 0 downstream tasks scheduled from follow-on schedule check
[2025-02-19T11:29:12.126+0000] {local_task_job_runner.py:245} INFO - ::endgroup::
