[2025-02-17T20:19:55.521+0000] {local_task_job_runner.py:123} INFO - ::group::Pre task execution logs
[2025-02-17T20:19:55.735+0000] {taskinstance.py:2614} INFO - Dependencies all met for dep_context=non-requeueable deps ti=<TaskInstance: name_of_pipeline.save_data scheduled__2023-06-10T00:00:00+00:00 [queued]>
[2025-02-17T20:19:55.850+0000] {taskinstance.py:2614} INFO - Dependencies all met for dep_context=requeueable deps ti=<TaskInstance: name_of_pipeline.save_data scheduled__2023-06-10T00:00:00+00:00 [queued]>
[2025-02-17T20:19:55.854+0000] {taskinstance.py:2867} INFO - Starting attempt 1 of 1
[2025-02-17T20:19:56.264+0000] {taskinstance.py:2890} INFO - Executing <Task(PythonOperator): save_data> on 2023-06-10 00:00:00+00:00
[2025-02-17T20:19:56.302+0000] {warnings.py:112} WARNING - /home/***/.local/lib/python3.12/site-packages/***/task/task_runner/standard_task_runner.py:70: DeprecationWarning: This process (pid=2581) is multi-threaded, use of fork() may lead to deadlocks in the child.
  pid = os.fork()

[2025-02-17T20:19:56.327+0000] {standard_task_runner.py:72} INFO - Started process 2610 to run task
[2025-02-17T20:19:56.357+0000] {standard_task_runner.py:104} INFO - Running: ['***', 'tasks', 'run', 'name_of_pipeline', 'save_data', 'scheduled__2023-06-10T00:00:00+00:00', '--job-id', '795', '--raw', '--subdir', 'DAGS_FOLDER/pipeline.py', '--cfg-path', '/tmp/tmpb3b2fh6w']
[2025-02-17T20:19:56.363+0000] {standard_task_runner.py:105} INFO - Job 795: Subtask save_data
[2025-02-17T20:19:57.024+0000] {task_command.py:467} INFO - Running <TaskInstance: name_of_pipeline.save_data scheduled__2023-06-10T00:00:00+00:00 [running]> on host f4228ad55513
[2025-02-17T20:20:10.072+0000] {taskinstance.py:3134} INFO - Exporting env vars: AIRFLOW_CTX_DAG_OWNER='***' AIRFLOW_CTX_DAG_ID='name_of_pipeline' AIRFLOW_CTX_TASK_ID='save_data' AIRFLOW_CTX_EXECUTION_DATE='2023-06-10T00:00:00+00:00' AIRFLOW_CTX_TRY_NUMBER='1' AIRFLOW_CTX_DAG_RUN_ID='scheduled__2023-06-10T00:00:00+00:00'
[2025-02-17T20:20:10.086+0000] {logging_mixin.py:190} INFO - Task instance is in running state
[2025-02-17T20:20:10.106+0000] {logging_mixin.py:190} INFO -  Previous state of the Task instance: queued
[2025-02-17T20:20:10.112+0000] {logging_mixin.py:190} INFO - Current task name:save_data state:running start_date:2025-02-17 20:19:55.736704+00:00
[2025-02-17T20:20:10.128+0000] {logging_mixin.py:190} INFO - Dag name:name_of_pipeline and current dag run status:running
[2025-02-17T20:20:10.174+0000] {taskinstance.py:732} INFO - ::endgroup::
[2025-02-17T20:20:10.180+0000] {pipeline.py:38} INFO - Сохраняем данные: LazySelectSequence([3 items])
[2025-02-17T20:20:10.358+0000] {python.py:240} INFO - Done. Returned value was: None
[2025-02-17T20:20:10.606+0000] {taskinstance.py:341} INFO - ::group::Post task execution logs
[2025-02-17T20:20:10.642+0000] {taskinstance.py:353} INFO - Marking task as SUCCESS. dag_id=name_of_pipeline, task_id=save_data, run_id=scheduled__2023-06-10T00:00:00+00:00, execution_date=20230610T000000, start_date=20250217T201955, end_date=20250217T202010
[2025-02-17T20:20:10.958+0000] {logging_mixin.py:190} INFO - Task instance in success state
[2025-02-17T20:20:10.964+0000] {logging_mixin.py:190} INFO -  Previous state of the Task instance: running
[2025-02-17T20:20:10.967+0000] {logging_mixin.py:190} INFO - Dag name:name_of_pipeline queued_at:2025-02-17 20:18:33.582183+00:00
[2025-02-17T20:20:10.968+0000] {logging_mixin.py:190} INFO - Task hostname:f4228ad55513 operator:PythonOperator
[2025-02-17T20:20:11.158+0000] {local_task_job_runner.py:266} INFO - Task exited with return code 0
[2025-02-17T20:20:11.444+0000] {standard_task_runner.py:217} INFO - Process not found (most likely exited), stop collecting metrics
[2025-02-17T20:20:11.578+0000] {local_task_job_runner.py:245} INFO - ::endgroup::
