[2025-02-19T12:13:43.587+0000] {local_task_job_runner.py:123} INFO - ::group::Pre task execution logs
[2025-02-19T12:13:43.597+0000] {taskinstance.py:2614} INFO - Dependencies all met for dep_context=non-requeueable deps ti=<TaskInstance: pipeline.parser_3 manual__2025-02-19T12:13:41.548346+00:00 [queued]>
[2025-02-19T12:13:43.603+0000] {taskinstance.py:2614} INFO - Dependencies all met for dep_context=requeueable deps ti=<TaskInstance: pipeline.parser_3 manual__2025-02-19T12:13:41.548346+00:00 [queued]>
[2025-02-19T12:13:43.603+0000] {taskinstance.py:2867} INFO - Starting attempt 1 of 1
[2025-02-19T12:13:43.713+0000] {taskinstance.py:2890} INFO - Executing <Task(_PythonDecoratedOperator): parser_3> on 2025-02-19 12:13:41.548346+00:00
[2025-02-19T12:13:43.718+0000] {warnings.py:112} WARNING - /home/***/.local/lib/python3.12/site-packages/***/task/task_runner/standard_task_runner.py:70: DeprecationWarning: This process (pid=362) is multi-threaded, use of fork() may lead to deadlocks in the child.
  pid = os.fork()

[2025-02-19T12:13:43.720+0000] {standard_task_runner.py:72} INFO - Started process 368 to run task
[2025-02-19T12:13:43.720+0000] {standard_task_runner.py:104} INFO - Running: ['***', 'tasks', 'run', 'pipeline', 'parser_3', 'manual__2025-02-19T12:13:41.548346+00:00', '--job-id', '991', '--raw', '--subdir', 'DAGS_FOLDER/pipeline.py', '--cfg-path', '/tmp/tmplazchhcg']
[2025-02-19T12:13:43.721+0000] {standard_task_runner.py:105} INFO - Job 991: Subtask parser_3
[2025-02-19T12:13:43.755+0000] {task_command.py:467} INFO - Running <TaskInstance: pipeline.parser_3 manual__2025-02-19T12:13:41.548346+00:00 [running]> on host 5f8091faf500
[2025-02-19T12:13:43.808+0000] {taskinstance.py:3134} INFO - Exporting env vars: AIRFLOW_CTX_DAG_OWNER='***' AIRFLOW_CTX_DAG_ID='pipeline' AIRFLOW_CTX_TASK_ID='parser_3' AIRFLOW_CTX_EXECUTION_DATE='2025-02-19T12:13:41.548346+00:00' AIRFLOW_CTX_TRY_NUMBER='1' AIRFLOW_CTX_DAG_RUN_ID='manual__2025-02-19T12:13:41.548346+00:00'
[2025-02-19T12:13:43.809+0000] {logging_mixin.py:190} INFO - Task instance is in running state
[2025-02-19T12:13:43.810+0000] {logging_mixin.py:190} INFO -  Previous state of the Task instance: queued
[2025-02-19T12:13:43.810+0000] {logging_mixin.py:190} INFO - Current task name:parser_3 state:running start_date:2025-02-19 12:13:43.598644+00:00
[2025-02-19T12:13:43.810+0000] {logging_mixin.py:190} INFO - Dag name:pipeline and current dag run status:running
[2025-02-19T12:13:43.810+0000] {taskinstance.py:732} INFO - ::endgroup::
[2025-02-19T12:13:43.811+0000] {parser_3.py:11} INFO - Starting parser 3
[2025-02-19T12:13:43.811+0000] {logging_mixin.py:190} INFO - Парсер 3 выполняется
[2025-02-19T12:13:43.816+0000] {python.py:240} INFO - Done. Returned value was: Empty DataFrame
Columns: []
Index: []
[2025-02-19T12:13:43.852+0000] {taskinstance.py:341} INFO - ::group::Post task execution logs
[2025-02-19T12:13:43.852+0000] {taskinstance.py:353} INFO - Marking task as SUCCESS. dag_id=pipeline, task_id=parser_3, run_id=manual__2025-02-19T12:13:41.548346+00:00, execution_date=20250219T121341, start_date=20250219T121343, end_date=20250219T121343
[2025-02-19T12:13:43.870+0000] {logging_mixin.py:190} INFO - Task instance in success state
[2025-02-19T12:13:43.871+0000] {logging_mixin.py:190} INFO -  Previous state of the Task instance: running
[2025-02-19T12:13:43.871+0000] {logging_mixin.py:190} INFO - Dag name:pipeline queued_at:2025-02-19 12:13:41.563522+00:00
[2025-02-19T12:13:43.871+0000] {logging_mixin.py:190} INFO - Task hostname:5f8091faf500 operator:_PythonDecoratedOperator
[2025-02-19T12:13:43.904+0000] {local_task_job_runner.py:266} INFO - Task exited with return code 0
[2025-02-19T12:13:43.916+0000] {local_task_job_runner.py:245} INFO - ::endgroup::
