[2025-02-21T08:19:04.724+0000] {local_task_job_runner.py:123} INFO - ::group::Pre task execution logs
[2025-02-21T08:19:04.857+0000] {taskinstance.py:2614} INFO - Dependencies all met for dep_context=non-requeueable deps ti=<TaskInstance: pipeline.process_data scheduled__2025-02-20T00:00:00+00:00 [queued]>
[2025-02-21T08:19:05.523+0000] {taskinstance.py:2614} INFO - Dependencies all met for dep_context=requeueable deps ti=<TaskInstance: pipeline.process_data scheduled__2025-02-20T00:00:00+00:00 [queued]>
[2025-02-21T08:19:05.524+0000] {taskinstance.py:2867} INFO - Starting attempt 1 of 1
[2025-02-21T08:19:05.647+0000] {taskinstance.py:2890} INFO - Executing <Task(_PythonDecoratedOperator): process_data> on 2025-02-20 00:00:00+00:00
[2025-02-21T08:19:05.798+0000] {warnings.py:112} WARNING - /home/***/.local/lib/python3.12/site-packages/***/task/task_runner/standard_task_runner.py:70: DeprecationWarning: This process (pid=122) is multi-threaded, use of fork() may lead to deadlocks in the child.
  pid = os.fork()

[2025-02-21T08:19:05.833+0000] {standard_task_runner.py:72} INFO - Started process 124 to run task
[2025-02-21T08:19:05.853+0000] {standard_task_runner.py:104} INFO - Running: ['***', 'tasks', 'run', 'pipeline', 'process_data', 'scheduled__2025-02-20T00:00:00+00:00', '--job-id', '1131', '--raw', '--subdir', 'DAGS_FOLDER/pipeline.py', '--cfg-path', '/tmp/tmpheu5h1hb']
[2025-02-21T08:19:05.911+0000] {standard_task_runner.py:105} INFO - Job 1131: Subtask process_data
[2025-02-21T08:19:06.482+0000] {task_command.py:467} INFO - Running <TaskInstance: pipeline.process_data scheduled__2025-02-20T00:00:00+00:00 [running]> on host 5f8091faf500
[2025-02-21T08:19:06.968+0000] {taskinstance.py:3134} INFO - Exporting env vars: AIRFLOW_CTX_DAG_OWNER='***' AIRFLOW_CTX_DAG_ID='pipeline' AIRFLOW_CTX_TASK_ID='process_data' AIRFLOW_CTX_EXECUTION_DATE='2025-02-20T00:00:00+00:00' AIRFLOW_CTX_TRY_NUMBER='1' AIRFLOW_CTX_DAG_RUN_ID='scheduled__2025-02-20T00:00:00+00:00'
[2025-02-21T08:19:06.971+0000] {logging_mixin.py:190} INFO - Task instance is in running state
[2025-02-21T08:19:06.974+0000] {logging_mixin.py:190} INFO -  Previous state of the Task instance: queued
[2025-02-21T08:19:06.975+0000] {logging_mixin.py:190} INFO - Current task name:process_data state:running start_date:2025-02-21 08:19:04.858237+00:00
[2025-02-21T08:19:06.990+0000] {logging_mixin.py:190} INFO - Dag name:pipeline and current dag run status:running
[2025-02-21T08:19:07.001+0000] {taskinstance.py:732} INFO - ::endgroup::
[2025-02-21T08:19:07.010+0000] {process_and_label_data.py:22} INFO - Начато обрабатываем данных из файла: /opt/***/output/data_from_sites/output_data.csv
[2025-02-21T08:19:07.079+0000] {process_and_label_data.py:26} INFO - Данные считаны. Всего строк: 153
[2025-02-21T08:19:07.081+0000] {process_and_label_data.py:32} INFO - Столбцы переименованы в: ['comment', 'drag_name']
[2025-02-21T08:19:07.184+0000] {process_and_label_data.py:39} INFO - Удалено дубликатов. Новое количество строк: 52
[2025-02-21T08:19:07.757+0000] {logging_mixin.py:190} INFO - {"result":{"alternatives":[{"message":{"role":"assistant","text":"Нет НР"},"status":"ALTERNATIVE_STATUS_FINAL"}],"usage":{"inputTextTokens":"89","completionTokens":"3","totalTokens":"92","completionTokensDetails":null},"modelVersion":"23.10.2024"}}
[2025-02-21T08:19:07.772+0000] {logging_mixin.py:190} INFO - Нет НР
[2025-02-21T08:19:08.718+0000] {logging_mixin.py:190} INFO - {"result":{"alternatives":[{"message":{"role":"assistant","text":"Нет НР"},"status":"ALTERNATIVE_STATUS_FINAL"}],"usage":{"inputTextTokens":"118","completionTokens":"3","totalTokens":"121","completionTokensDetails":null},"modelVersion":"23.10.2024"}}
[2025-02-21T08:19:08.729+0000] {logging_mixin.py:190} INFO - Нет НР
[2025-02-21T08:19:09.198+0000] {logging_mixin.py:190} INFO - {"result":{"alternatives":[{"message":{"role":"assistant","text":"Нет НР"},"status":"ALTERNATIVE_STATUS_FINAL"}],"usage":{"inputTextTokens":"101","completionTokens":"3","totalTokens":"104","completionTokensDetails":null},"modelVersion":"23.10.2024"}}
[2025-02-21T08:19:09.210+0000] {logging_mixin.py:190} INFO - Нет НР
[2025-02-21T08:19:09.663+0000] {logging_mixin.py:190} INFO - {"result":{"alternatives":[{"message":{"role":"assistant","text":"Нет НР"},"status":"ALTERNATIVE_STATUS_FINAL"}],"usage":{"inputTextTokens":"93","completionTokens":"3","totalTokens":"96","completionTokensDetails":null},"modelVersion":"23.10.2024"}}
[2025-02-21T08:19:09.665+0000] {logging_mixin.py:190} INFO - Нет НР
[2025-02-21T08:19:10.066+0000] {logging_mixin.py:190} INFO - {"result":{"alternatives":[{"message":{"role":"assistant","text":"Нет НР"},"status":"ALTERNATIVE_STATUS_FINAL"}],"usage":{"inputTextTokens":"80","completionTokens":"3","totalTokens":"83","completionTokensDetails":null},"modelVersion":"23.10.2024"}}
[2025-02-21T08:19:10.068+0000] {logging_mixin.py:190} INFO - Нет НР
[2025-02-21T08:19:10.407+0000] {logging_mixin.py:190} INFO - {"result":{"alternatives":[{"message":{"role":"assistant","text":"Нет НР"},"status":"ALTERNATIVE_STATUS_FINAL"}],"usage":{"inputTextTokens":"232","completionTokens":"3","totalTokens":"235","completionTokensDetails":null},"modelVersion":"23.10.2024"}}
[2025-02-21T08:19:10.409+0000] {logging_mixin.py:190} INFO - Нет НР
[2025-02-21T08:19:11.093+0000] {logging_mixin.py:190} INFO - {"result":{"alternatives":[{"message":{"role":"assistant","text":"Нет НР"},"status":"ALTERNATIVE_STATUS_FINAL"}],"usage":{"inputTextTokens":"92","completionTokens":"3","totalTokens":"95","completionTokensDetails":null},"modelVersion":"23.10.2024"}}
[2025-02-21T08:19:11.101+0000] {logging_mixin.py:190} INFO - Нет НР
[2025-02-21T08:19:11.460+0000] {logging_mixin.py:190} INFO - {"result":{"alternatives":[{"message":{"role":"assistant","text":"Нет НР"},"status":"ALTERNATIVE_STATUS_FINAL"}],"usage":{"inputTextTokens":"94","completionTokens":"3","totalTokens":"97","completionTokensDetails":null},"modelVersion":"23.10.2024"}}
[2025-02-21T08:19:11.472+0000] {logging_mixin.py:190} INFO - Нет НР
[2025-02-21T08:19:11.905+0000] {logging_mixin.py:190} INFO - {"result":{"alternatives":[{"message":{"role":"assistant","text":"Нет НР"},"status":"ALTERNATIVE_STATUS_FINAL"}],"usage":{"inputTextTokens":"86","completionTokens":"3","totalTokens":"89","completionTokensDetails":null},"modelVersion":"23.10.2024"}}
[2025-02-21T08:19:11.938+0000] {logging_mixin.py:190} INFO - Нет НР
[2025-02-21T08:19:12.283+0000] {logging_mixin.py:190} INFO - {"result":{"alternatives":[{"message":{"role":"assistant","text":"Нет НР"},"status":"ALTERNATIVE_STATUS_FINAL"}],"usage":{"inputTextTokens":"87","completionTokens":"3","totalTokens":"90","completionTokensDetails":null},"modelVersion":"23.10.2024"}}
[2025-02-21T08:19:12.299+0000] {logging_mixin.py:190} INFO - Нет НР
[2025-02-21T08:19:12.641+0000] {logging_mixin.py:190} INFO - {"result":{"alternatives":[{"message":{"role":"assistant","text":"Нет НР"},"status":"ALTERNATIVE_STATUS_FINAL"}],"usage":{"inputTextTokens":"97","completionTokens":"3","totalTokens":"100","completionTokensDetails":null},"modelVersion":"23.10.2024"}}
[2025-02-21T08:19:12.646+0000] {logging_mixin.py:190} INFO - Нет НР
[2025-02-21T08:19:13.002+0000] {logging_mixin.py:190} INFO - {"result":{"alternatives":[{"message":{"role":"assistant","text":"Нет НР"},"status":"ALTERNATIVE_STATUS_FINAL"}],"usage":{"inputTextTokens":"91","completionTokens":"3","totalTokens":"94","completionTokensDetails":null},"modelVersion":"23.10.2024"}}
[2025-02-21T08:19:13.004+0000] {logging_mixin.py:190} INFO - Нет НР
[2025-02-21T08:19:13.440+0000] {logging_mixin.py:190} INFO - {"result":{"alternatives":[{"message":{"role":"assistant","text":"Возбуждающий эффект."},"status":"ALTERNATIVE_STATUS_FINAL"}],"usage":{"inputTextTokens":"93","completionTokens":"5","totalTokens":"98","completionTokensDetails":null},"modelVersion":"23.10.2024"}}
[2025-02-21T08:19:13.443+0000] {logging_mixin.py:190} INFO - Возбуждающий эффект.
[2025-02-21T08:19:13.865+0000] {logging_mixin.py:190} INFO - {"result":{"alternatives":[{"message":{"role":"assistant","text":"Нет НР"},"status":"ALTERNATIVE_STATUS_FINAL"}],"usage":{"inputTextTokens":"88","completionTokens":"3","totalTokens":"91","completionTokensDetails":null},"modelVersion":"23.10.2024"}}
[2025-02-21T08:19:13.867+0000] {logging_mixin.py:190} INFO - Нет НР
[2025-02-21T08:19:14.202+0000] {logging_mixin.py:190} INFO - {"result":{"alternatives":[{"message":{"role":"assistant","text":"Нет НР"},"status":"ALTERNATIVE_STATUS_FINAL"}],"usage":{"inputTextTokens":"92","completionTokens":"3","totalTokens":"95","completionTokensDetails":null},"modelVersion":"23.10.2024"}}
[2025-02-21T08:19:14.211+0000] {logging_mixin.py:190} INFO - Нет НР
[2025-02-21T08:19:14.503+0000] {logging_mixin.py:190} INFO - {"result":{"alternatives":[{"message":{"role":"assistant","text":"Нет НР"},"status":"ALTERNATIVE_STATUS_FINAL"}],"usage":{"inputTextTokens":"97","completionTokens":"3","totalTokens":"100","completionTokensDetails":null},"modelVersion":"23.10.2024"}}
[2025-02-21T08:19:14.507+0000] {logging_mixin.py:190} INFO - Нет НР
[2025-02-21T08:19:14.815+0000] {logging_mixin.py:190} INFO - {"result":{"alternatives":[{"message":{"role":"assistant","text":"Нет НР"},"status":"ALTERNATIVE_STATUS_FINAL"}],"usage":{"inputTextTokens":"91","completionTokens":"3","totalTokens":"94","completionTokensDetails":null},"modelVersion":"23.10.2024"}}
[2025-02-21T08:19:14.817+0000] {logging_mixin.py:190} INFO - Нет НР
[2025-02-21T08:19:15.176+0000] {logging_mixin.py:190} INFO - {"result":{"alternatives":[{"message":{"role":"assistant","text":"Нет НР"},"status":"ALTERNATIVE_STATUS_FINAL"}],"usage":{"inputTextTokens":"96","completionTokens":"3","totalTokens":"99","completionTokensDetails":null},"modelVersion":"23.10.2024"}}
[2025-02-21T08:19:15.184+0000] {logging_mixin.py:190} INFO - Нет НР
[2025-02-21T08:19:15.505+0000] {logging_mixin.py:190} INFO - {"result":{"alternatives":[{"message":{"role":"assistant","text":"Нет НР"},"status":"ALTERNATIVE_STATUS_FINAL"}],"usage":{"inputTextTokens":"92","completionTokens":"3","totalTokens":"95","completionTokensDetails":null},"modelVersion":"23.10.2024"}}
[2025-02-21T08:19:15.526+0000] {logging_mixin.py:190} INFO - Нет НР
[2025-02-21T08:19:15.909+0000] {logging_mixin.py:190} INFO - {"result":{"alternatives":[{"message":{"role":"assistant","text":"Нет НР"},"status":"ALTERNATIVE_STATUS_FINAL"}],"usage":{"inputTextTokens":"96","completionTokens":"3","totalTokens":"99","completionTokensDetails":null},"modelVersion":"23.10.2024"}}
[2025-02-21T08:19:15.917+0000] {logging_mixin.py:190} INFO - Нет НР
[2025-02-21T08:19:16.360+0000] {logging_mixin.py:190} INFO - {"result":{"alternatives":[{"message":{"role":"assistant","text":"Нет НР"},"status":"ALTERNATIVE_STATUS_FINAL"}],"usage":{"inputTextTokens":"94","completionTokens":"3","totalTokens":"97","completionTokensDetails":null},"modelVersion":"23.10.2024"}}
[2025-02-21T08:19:16.363+0000] {logging_mixin.py:190} INFO - Нет НР
[2025-02-21T08:19:16.849+0000] {logging_mixin.py:190} INFO - {"result":{"alternatives":[{"message":{"role":"assistant","text":"Нет НР"},"status":"ALTERNATIVE_STATUS_FINAL"}],"usage":{"inputTextTokens":"98","completionTokens":"3","totalTokens":"101","completionTokensDetails":null},"modelVersion":"23.10.2024"}}
[2025-02-21T08:19:16.862+0000] {logging_mixin.py:190} INFO - Нет НР
[2025-02-21T08:19:17.194+0000] {logging_mixin.py:190} INFO - {"result":{"alternatives":[{"message":{"role":"assistant","text":"Нет НР"},"status":"ALTERNATIVE_STATUS_FINAL"}],"usage":{"inputTextTokens":"92","completionTokens":"3","totalTokens":"95","completionTokensDetails":null},"modelVersion":"23.10.2024"}}
[2025-02-21T08:19:17.201+0000] {logging_mixin.py:190} INFO - Нет НР
[2025-02-21T08:19:17.687+0000] {logging_mixin.py:190} INFO - {"result":{"alternatives":[{"message":{"role":"assistant","text":"Нет НР"},"status":"ALTERNATIVE_STATUS_FINAL"}],"usage":{"inputTextTokens":"93","completionTokens":"3","totalTokens":"96","completionTokensDetails":null},"modelVersion":"23.10.2024"}}
[2025-02-21T08:19:17.695+0000] {logging_mixin.py:190} INFO - Нет НР
[2025-02-21T08:19:18.243+0000] {logging_mixin.py:190} INFO - {"result":{"alternatives":[{"message":{"role":"assistant","text":"Нет НР"},"status":"ALTERNATIVE_STATUS_FINAL"}],"usage":{"inputTextTokens":"88","completionTokens":"3","totalTokens":"91","completionTokensDetails":null},"modelVersion":"23.10.2024"}}
[2025-02-21T08:19:18.267+0000] {logging_mixin.py:190} INFO - Нет НР
[2025-02-21T08:19:18.707+0000] {logging_mixin.py:190} INFO - {"result":{"alternatives":[{"message":{"role":"assistant","text":"Нет НР"},"status":"ALTERNATIVE_STATUS_FINAL"}],"usage":{"inputTextTokens":"87","completionTokens":"3","totalTokens":"90","completionTokensDetails":null},"modelVersion":"23.10.2024"}}
[2025-02-21T08:19:18.711+0000] {logging_mixin.py:190} INFO - Нет НР
[2025-02-21T08:19:19.109+0000] {logging_mixin.py:190} INFO - {"result":{"alternatives":[{"message":{"role":"assistant","text":"Нет НР"},"status":"ALTERNATIVE_STATUS_FINAL"}],"usage":{"inputTextTokens":"99","completionTokens":"3","totalTokens":"102","completionTokensDetails":null},"modelVersion":"23.10.2024"}}
[2025-02-21T08:19:19.113+0000] {logging_mixin.py:190} INFO - Нет НР
[2025-02-21T08:19:19.509+0000] {logging_mixin.py:190} INFO - {"result":{"alternatives":[{"message":{"role":"assistant","text":"Нет НР"},"status":"ALTERNATIVE_STATUS_FINAL"}],"usage":{"inputTextTokens":"83","completionTokens":"3","totalTokens":"86","completionTokensDetails":null},"modelVersion":"23.10.2024"}}
[2025-02-21T08:19:19.511+0000] {logging_mixin.py:190} INFO - Нет НР
[2025-02-21T08:19:19.858+0000] {logging_mixin.py:190} INFO - {"result":{"alternatives":[{"message":{"role":"assistant","text":"сердцебиение"},"status":"ALTERNATIVE_STATUS_FINAL"}],"usage":{"inputTextTokens":"94","completionTokens":"2","totalTokens":"96","completionTokensDetails":null},"modelVersion":"23.10.2024"}}
[2025-02-21T08:19:19.874+0000] {logging_mixin.py:190} INFO - сердцебиение
[2025-02-21T08:19:20.236+0000] {logging_mixin.py:190} INFO - {"result":{"alternatives":[{"message":{"role":"assistant","text":"Нет НР"},"status":"ALTERNATIVE_STATUS_FINAL"}],"usage":{"inputTextTokens":"91","completionTokens":"3","totalTokens":"94","completionTokensDetails":null},"modelVersion":"23.10.2024"}}
[2025-02-21T08:19:20.250+0000] {logging_mixin.py:190} INFO - Нет НР
[2025-02-21T08:19:20.601+0000] {logging_mixin.py:190} INFO - {"result":{"alternatives":[{"message":{"role":"assistant","text":"Нет НР"},"status":"ALTERNATIVE_STATUS_FINAL"}],"usage":{"inputTextTokens":"88","completionTokens":"3","totalTokens":"91","completionTokensDetails":null},"modelVersion":"23.10.2024"}}
[2025-02-21T08:19:20.603+0000] {logging_mixin.py:190} INFO - Нет НР
[2025-02-21T08:19:21.231+0000] {logging_mixin.py:190} INFO - {"result":{"alternatives":[{"message":{"role":"assistant","text":"Головная боль, нарушение концентрации внимания, невнимательность."},"status":"ALTERNATIVE_STATUS_FINAL"}],"usage":{"inputTextTokens":"96","completionTokens":"11","totalTokens":"107","completionTokensDetails":null},"modelVersion":"23.10.2024"}}
[2025-02-21T08:19:21.234+0000] {logging_mixin.py:190} INFO - Головная боль, нарушение концентрации внимания, невнимательность.
[2025-02-21T08:19:23.556+0000] {logging_mixin.py:190} INFO - {"result":{"alternatives":[{"message":{"role":"assistant","text":"В комментарии пользователя указаны различные симптомы, которые могут быть связаны с применением препаратов «Авиандр» и «Тералиджен». Однако без конкретной информации о дозировке, продолжительности приёма и индивидуальных особенностях пациента невозможно точно определить, являются ли эти симптомы нежелательными реакциями на препараты.\n\nДля получения более точной информации рекомендуется обратиться к врачу, который назначал препараты, или другому квалифицированному медицинскому специалисту."},"status":"ALTERNATIVE_STATUS_FINAL"}],"usage":{"inputTextTokens":"101","completionTokens":"81","totalTokens":"182","completionTokensDetails":null},"modelVersion":"23.10.2024"}}
[2025-02-21T08:19:23.570+0000] {logging_mixin.py:190} INFO - В комментарии пользователя указаны различные симптомы, которые могут быть связаны с применением препаратов «Авиандр» и «Тералиджен». Однако без конкретной информации о дозировке, продолжительности приёма и индивидуальных особенностях пациента невозможно точно определить, являются ли эти симптомы нежелательными реакциями на препараты.

Для получения более точной информации рекомендуется обратиться к врачу, который назначал препараты, или другому квалифицированному медицинскому специалисту.
[2025-02-21T08:19:23.892+0000] {logging_mixin.py:190} INFO - {"result":{"alternatives":[{"message":{"role":"assistant","text":"Нет НР"},"status":"ALTERNATIVE_STATUS_FINAL"}],"usage":{"inputTextTokens":"96","completionTokens":"3","totalTokens":"99","completionTokensDetails":null},"modelVersion":"23.10.2024"}}
[2025-02-21T08:19:23.894+0000] {logging_mixin.py:190} INFO - Нет НР
[2025-02-21T08:19:24.167+0000] {logging_mixin.py:190} INFO - {"result":{"alternatives":[{"message":{"role":"assistant","text":"Нет НР"},"status":"ALTERNATIVE_STATUS_FINAL"}],"usage":{"inputTextTokens":"95","completionTokens":"3","totalTokens":"98","completionTokensDetails":null},"modelVersion":"23.10.2024"}}
[2025-02-21T08:19:24.174+0000] {logging_mixin.py:190} INFO - Нет НР
[2025-02-21T08:19:24.509+0000] {logging_mixin.py:190} INFO - {"result":{"alternatives":[{"message":{"role":"assistant","text":"Нет НР"},"status":"ALTERNATIVE_STATUS_FINAL"}],"usage":{"inputTextTokens":"90","completionTokens":"3","totalTokens":"93","completionTokensDetails":null},"modelVersion":"23.10.2024"}}
[2025-02-21T08:19:24.515+0000] {logging_mixin.py:190} INFO - Нет НР
[2025-02-21T08:19:24.838+0000] {logging_mixin.py:190} INFO - {"result":{"alternatives":[{"message":{"role":"assistant","text":"Нет НР"},"status":"ALTERNATIVE_STATUS_FINAL"}],"usage":{"inputTextTokens":"92","completionTokens":"3","totalTokens":"95","completionTokensDetails":null},"modelVersion":"23.10.2024"}}
[2025-02-21T08:19:24.840+0000] {logging_mixin.py:190} INFO - Нет НР
[2025-02-21T08:19:25.157+0000] {logging_mixin.py:190} INFO - {"result":{"alternatives":[{"message":{"role":"assistant","text":"Тревожное расстройство"},"status":"ALTERNATIVE_STATUS_FINAL"}],"usage":{"inputTextTokens":"94","completionTokens":"4","totalTokens":"98","completionTokensDetails":null},"modelVersion":"23.10.2024"}}
[2025-02-21T08:19:25.159+0000] {logging_mixin.py:190} INFO - Тревожное расстройство
[2025-02-21T08:19:25.540+0000] {logging_mixin.py:190} INFO - {"result":{"alternatives":[{"message":{"role":"assistant","text":"Нет НР"},"status":"ALTERNATIVE_STATUS_FINAL"}],"usage":{"inputTextTokens":"95","completionTokens":"3","totalTokens":"98","completionTokensDetails":null},"modelVersion":"23.10.2024"}}
[2025-02-21T08:19:25.544+0000] {logging_mixin.py:190} INFO - Нет НР
[2025-02-21T08:19:25.996+0000] {logging_mixin.py:190} INFO - {"result":{"alternatives":[{"message":{"role":"assistant","text":"Головная боль"},"status":"ALTERNATIVE_STATUS_FINAL"}],"usage":{"inputTextTokens":"92","completionTokens":"3","totalTokens":"95","completionTokensDetails":null},"modelVersion":"23.10.2024"}}
[2025-02-21T08:19:26.000+0000] {logging_mixin.py:190} INFO - Головная боль
[2025-02-21T08:19:26.396+0000] {logging_mixin.py:190} INFO - {"result":{"alternatives":[{"message":{"role":"assistant","text":"Нет НР"},"status":"ALTERNATIVE_STATUS_FINAL"}],"usage":{"inputTextTokens":"92","completionTokens":"3","totalTokens":"95","completionTokensDetails":null},"modelVersion":"23.10.2024"}}
[2025-02-21T08:19:26.399+0000] {logging_mixin.py:190} INFO - Нет НР
[2025-02-21T08:19:26.781+0000] {logging_mixin.py:190} INFO - {"result":{"alternatives":[{"message":{"role":"assistant","text":"Нет НР"},"status":"ALTERNATIVE_STATUS_FINAL"}],"usage":{"inputTextTokens":"97","completionTokens":"3","totalTokens":"100","completionTokensDetails":null},"modelVersion":"23.10.2024"}}
[2025-02-21T08:19:26.782+0000] {logging_mixin.py:190} INFO - Нет НР
[2025-02-21T08:19:27.146+0000] {logging_mixin.py:190} INFO - {"result":{"alternatives":[{"message":{"role":"assistant","text":"Нет НР"},"status":"ALTERNATIVE_STATUS_FINAL"}],"usage":{"inputTextTokens":"94","completionTokens":"3","totalTokens":"97","completionTokensDetails":null},"modelVersion":"23.10.2024"}}
[2025-02-21T08:19:27.154+0000] {logging_mixin.py:190} INFO - Нет НР
[2025-02-21T08:19:27.695+0000] {logging_mixin.py:190} INFO - {"result":{"alternatives":[{"message":{"role":"assistant","text":"Нет НР"},"status":"ALTERNATIVE_STATUS_FINAL"}],"usage":{"inputTextTokens":"89","completionTokens":"3","totalTokens":"92","completionTokensDetails":null},"modelVersion":"23.10.2024"}}
[2025-02-21T08:19:27.702+0000] {logging_mixin.py:190} INFO - Нет НР
[2025-02-21T08:19:28.136+0000] {logging_mixin.py:190} INFO - {"result":{"alternatives":[{"message":{"role":"assistant","text":"Нет НР"},"status":"ALTERNATIVE_STATUS_FINAL"}],"usage":{"inputTextTokens":"92","completionTokens":"3","totalTokens":"95","completionTokensDetails":null},"modelVersion":"23.10.2024"}}
[2025-02-21T08:19:28.138+0000] {logging_mixin.py:190} INFO - Нет НР
[2025-02-21T08:19:28.484+0000] {logging_mixin.py:190} INFO - {"result":{"alternatives":[{"message":{"role":"assistant","text":"Нет НР"},"status":"ALTERNATIVE_STATUS_FINAL"}],"usage":{"inputTextTokens":"91","completionTokens":"3","totalTokens":"94","completionTokensDetails":null},"modelVersion":"23.10.2024"}}
[2025-02-21T08:19:28.489+0000] {logging_mixin.py:190} INFO - Нет НР
[2025-02-21T08:19:28.895+0000] {logging_mixin.py:190} INFO - {"result":{"alternatives":[{"message":{"role":"assistant","text":"Нет НР"},"status":"ALTERNATIVE_STATUS_FINAL"}],"usage":{"inputTextTokens":"91","completionTokens":"3","totalTokens":"94","completionTokensDetails":null},"modelVersion":"23.10.2024"}}
[2025-02-21T08:19:28.901+0000] {logging_mixin.py:190} INFO - Нет НР
[2025-02-21T08:19:29.212+0000] {logging_mixin.py:190} INFO - {"result":{"alternatives":[{"message":{"role":"assistant","text":"Нет НР"},"status":"ALTERNATIVE_STATUS_FINAL"}],"usage":{"inputTextTokens":"88","completionTokens":"3","totalTokens":"91","completionTokensDetails":null},"modelVersion":"23.10.2024"}}
[2025-02-21T08:19:29.218+0000] {logging_mixin.py:190} INFO - Нет НР
[2025-02-21T08:19:29.525+0000] {logging_mixin.py:190} INFO - {"result":{"alternatives":[{"message":{"role":"assistant","text":"Нет НР"},"status":"ALTERNATIVE_STATUS_FINAL"}],"usage":{"inputTextTokens":"94","completionTokens":"3","totalTokens":"97","completionTokensDetails":null},"modelVersion":"23.10.2024"}}
[2025-02-21T08:19:29.529+0000] {logging_mixin.py:190} INFO - Нет НР
[2025-02-21T08:19:29.889+0000] {logging_mixin.py:190} INFO - {"result":{"alternatives":[{"message":{"role":"assistant","text":"Нет НР"},"status":"ALTERNATIVE_STATUS_FINAL"}],"usage":{"inputTextTokens":"97","completionTokens":"3","totalTokens":"100","completionTokensDetails":null},"modelVersion":"23.10.2024"}}
[2025-02-21T08:19:29.924+0000] {logging_mixin.py:190} INFO - Нет НР
[2025-02-21T08:19:30.384+0000] {logging_mixin.py:190} INFO - {"result":{"alternatives":[{"message":{"role":"assistant","text":"Нет НР"},"status":"ALTERNATIVE_STATUS_FINAL"}],"usage":{"inputTextTokens":"93","completionTokens":"3","totalTokens":"96","completionTokensDetails":null},"modelVersion":"23.10.2024"}}
[2025-02-21T08:19:30.395+0000] {logging_mixin.py:190} INFO - Нет НР
[2025-02-21T08:19:30.858+0000] {logging_mixin.py:190} INFO - {"result":{"alternatives":[{"message":{"role":"assistant","text":"Нежелательная реакция (НР): диарея."},"status":"ALTERNATIVE_STATUS_FINAL"}],"usage":{"inputTextTokens":"100","completionTokens":"10","totalTokens":"110","completionTokensDetails":null},"modelVersion":"23.10.2024"}}
[2025-02-21T08:19:30.862+0000] {logging_mixin.py:190} INFO - Нежелательная реакция (НР): диарея.
[2025-02-21T08:19:30.892+0000] {process_and_label_data.py:45} INFO - Функция get_response применена к столбцу 'comment'.
[2025-02-21T08:19:31.032+0000] {process_and_label_data.py:52} INFO - Обработанные данные сохранены в файл: /opt/***/output/process_data/labeled_data.csv
[2025-02-21T08:19:31.037+0000] {python.py:240} INFO - Done. Returned value was: None
[2025-02-21T08:19:31.131+0000] {taskinstance.py:341} INFO - ::group::Post task execution logs
[2025-02-21T08:19:31.134+0000] {taskinstance.py:353} INFO - Marking task as SUCCESS. dag_id=pipeline, task_id=process_data, run_id=scheduled__2025-02-20T00:00:00+00:00, execution_date=20250220T000000, start_date=20250221T081904, end_date=20250221T081931
[2025-02-21T08:19:31.239+0000] {logging_mixin.py:190} INFO - Task instance in success state
[2025-02-21T08:19:31.241+0000] {logging_mixin.py:190} INFO -  Previous state of the Task instance: running
[2025-02-21T08:19:31.243+0000] {logging_mixin.py:190} INFO - Dag name:pipeline queued_at:2025-02-21 08:15:46.018398+00:00
[2025-02-21T08:19:31.247+0000] {logging_mixin.py:190} INFO - Task hostname:5f8091faf500 operator:_PythonDecoratedOperator
[2025-02-21T08:19:31.314+0000] {local_task_job_runner.py:266} INFO - Task exited with return code 0
[2025-02-21T08:19:31.412+0000] {taskinstance.py:3901} INFO - 0 downstream tasks scheduled from follow-on schedule check
[2025-02-21T08:19:31.427+0000] {local_task_job_runner.py:245} INFO - ::endgroup::
