[2025-02-17T20:19:28.426+0000] {local_task_job_runner.py:123} INFO - ::group::Pre task execution logs
[2025-02-17T20:19:28.580+0000] {taskinstance.py:2614} INFO - Dependencies all met for dep_context=non-requeueable deps ti=<TaskInstance: name_of_pipeline.parser_3 scheduled__2023-06-17T00:00:00+00:00 [queued]>
[2025-02-17T20:19:28.685+0000] {taskinstance.py:2614} INFO - Dependencies all met for dep_context=requeueable deps ti=<TaskInstance: name_of_pipeline.parser_3 scheduled__2023-06-17T00:00:00+00:00 [queued]>
[2025-02-17T20:19:28.686+0000] {taskinstance.py:2867} INFO - Starting attempt 1 of 1
[2025-02-17T20:19:28.806+0000] {taskinstance.py:2890} INFO - Executing <Task(PythonOperator): parser_3> on 2023-06-17 00:00:00+00:00
[2025-02-17T20:19:28.998+0000] {standard_task_runner.py:104} INFO - Running: ['***', 'tasks', 'run', 'name_of_pipeline', 'parser_3', 'scheduled__2023-06-17T00:00:00+00:00', '--job-id', '779', '--raw', '--subdir', 'DAGS_FOLDER/pipeline.py', '--cfg-path', '/tmp/tmpktgyvt0a']
[2025-02-17T20:19:29.028+0000] {standard_task_runner.py:105} INFO - Job 779: Subtask parser_3
[2025-02-17T20:19:28.987+0000] {warnings.py:112} WARNING - /home/***/.local/lib/python3.12/site-packages/***/task/task_runner/standard_task_runner.py:70: DeprecationWarning: This process (pid=2532) is multi-threaded, use of fork() may lead to deadlocks in the child.
  pid = os.fork()

[2025-02-17T20:19:29.047+0000] {standard_task_runner.py:72} INFO - Started process 2563 to run task
[2025-02-17T20:19:29.594+0000] {task_command.py:467} INFO - Running <TaskInstance: name_of_pipeline.parser_3 scheduled__2023-06-17T00:00:00+00:00 [running]> on host f4228ad55513
[2025-02-17T20:19:39.028+0000] {taskinstance.py:3134} INFO - Exporting env vars: AIRFLOW_CTX_DAG_OWNER='***' AIRFLOW_CTX_DAG_ID='name_of_pipeline' AIRFLOW_CTX_TASK_ID='parser_3' AIRFLOW_CTX_EXECUTION_DATE='2023-06-17T00:00:00+00:00' AIRFLOW_CTX_TRY_NUMBER='1' AIRFLOW_CTX_DAG_RUN_ID='scheduled__2023-06-17T00:00:00+00:00'
[2025-02-17T20:19:39.043+0000] {logging_mixin.py:190} INFO - Task instance is in running state
[2025-02-17T20:19:39.056+0000] {logging_mixin.py:190} INFO -  Previous state of the Task instance: queued
[2025-02-17T20:19:39.064+0000] {logging_mixin.py:190} INFO - Current task name:parser_3 state:running start_date:2025-02-17 20:19:28.582387+00:00
[2025-02-17T20:19:39.064+0000] {logging_mixin.py:190} INFO - Dag name:name_of_pipeline and current dag run status:running
[2025-02-17T20:19:39.066+0000] {taskinstance.py:732} INFO - ::endgroup::
[2025-02-17T20:19:39.069+0000] {pipeline.py:26} INFO - Starting parser 3
[2025-02-17T20:19:39.076+0000] {logging_mixin.py:190} INFO - Парсер 3 выполняется
[2025-02-17T20:19:39.088+0000] {python.py:240} INFO - Done. Returned value was: Данные от парсера 3
[2025-02-17T20:19:39.193+0000] {taskinstance.py:341} INFO - ::group::Post task execution logs
[2025-02-17T20:19:39.198+0000] {taskinstance.py:353} INFO - Marking task as SUCCESS. dag_id=name_of_pipeline, task_id=parser_3, run_id=scheduled__2023-06-17T00:00:00+00:00, execution_date=20230617T000000, start_date=20250217T201928, end_date=20250217T201939
[2025-02-17T20:19:39.643+0000] {logging_mixin.py:190} INFO - Task instance in success state
[2025-02-17T20:19:39.662+0000] {logging_mixin.py:190} INFO -  Previous state of the Task instance: running
[2025-02-17T20:19:39.836+0000] {logging_mixin.py:190} INFO - Dag name:name_of_pipeline queued_at:2025-02-17 20:18:34.345541+00:00
[2025-02-17T20:19:39.914+0000] {logging_mixin.py:190} INFO - Task hostname:f4228ad55513 operator:PythonOperator
[2025-02-17T20:19:41.419+0000] {local_task_job_runner.py:266} INFO - Task exited with return code 0
[2025-02-17T20:19:41.695+0000] {local_task_job_runner.py:245} INFO - ::endgroup::
