[2025-02-20T10:15:04.021+0000] {local_task_job_runner.py:123} INFO - ::group::Pre task execution logs
[2025-02-20T10:15:04.034+0000] {taskinstance.py:2614} INFO - Dependencies all met for dep_context=non-requeueable deps ti=<TaskInstance: pipeline.parser_for_Uteka manual__2025-02-20T10:15:01.769753+00:00 [queued]>
[2025-02-20T10:15:04.051+0000] {taskinstance.py:2614} INFO - Dependencies all met for dep_context=requeueable deps ti=<TaskInstance: pipeline.parser_for_Uteka manual__2025-02-20T10:15:01.769753+00:00 [queued]>
[2025-02-20T10:15:04.053+0000] {taskinstance.py:2867} INFO - Starting attempt 1 of 1
[2025-02-20T10:15:04.291+0000] {taskinstance.py:2890} INFO - Executing <Task(_PythonDecoratedOperator): parser_for_Uteka> on 2025-02-20 10:15:01.769753+00:00
[2025-02-20T10:15:04.305+0000] {warnings.py:112} WARNING - /home/***/.local/lib/python3.12/site-packages/***/task/task_runner/standard_task_runner.py:70: DeprecationWarning: This process (pid=1159) is multi-threaded, use of fork() may lead to deadlocks in the child.
  pid = os.fork()

[2025-02-20T10:15:04.306+0000] {standard_task_runner.py:104} INFO - Running: ['***', 'tasks', 'run', 'pipeline', 'parser_for_Uteka', 'manual__2025-02-20T10:15:01.769753+00:00', '--job-id', '1119', '--raw', '--subdir', 'DAGS_FOLDER/pipeline.py', '--cfg-path', '/tmp/tmp__nrp90u']
[2025-02-20T10:15:04.308+0000] {standard_task_runner.py:72} INFO - Started process 1163 to run task
[2025-02-20T10:15:04.308+0000] {standard_task_runner.py:105} INFO - Job 1119: Subtask parser_for_Uteka
[2025-02-20T10:15:04.384+0000] {task_command.py:467} INFO - Running <TaskInstance: pipeline.parser_for_Uteka manual__2025-02-20T10:15:01.769753+00:00 [running]> on host 5f8091faf500
[2025-02-20T10:15:04.447+0000] {taskinstance.py:3134} INFO - Exporting env vars: AIRFLOW_CTX_DAG_OWNER='***' AIRFLOW_CTX_DAG_ID='pipeline' AIRFLOW_CTX_TASK_ID='parser_for_Uteka' AIRFLOW_CTX_EXECUTION_DATE='2025-02-20T10:15:01.769753+00:00' AIRFLOW_CTX_TRY_NUMBER='1' AIRFLOW_CTX_DAG_RUN_ID='manual__2025-02-20T10:15:01.769753+00:00'
[2025-02-20T10:15:04.449+0000] {logging_mixin.py:190} INFO - Task instance is in running state
[2025-02-20T10:15:04.449+0000] {logging_mixin.py:190} INFO -  Previous state of the Task instance: queued
[2025-02-20T10:15:04.449+0000] {logging_mixin.py:190} INFO - Current task name:parser_for_Uteka state:running start_date:2025-02-20 10:15:04.035193+00:00
[2025-02-20T10:15:04.449+0000] {logging_mixin.py:190} INFO - Dag name:pipeline and current dag run status:running
[2025-02-20T10:15:04.450+0000] {taskinstance.py:732} INFO - ::endgroup::
[2025-02-20T10:15:04.450+0000] {parser_1.py:21} INFO - Open webdriver_remote
[2025-02-20T10:15:04.979+0000] {parser_1.py:33} INFO - Webdriver opened
[2025-02-20T10:15:04.980+0000] {parser_1.py:38} INFO - Processing URL: https://uteka.ru/product/afobazol-192064/ for drug: Афобазол
[2025-02-20T10:15:06.697+0000] {parser_1.py:40} INFO - Successfully opened URL
[2025-02-20T10:15:06.758+0000] {parser_1.py:49} INFO - Found 3 review elements for Афобазол
[2025-02-20T10:15:06.803+0000] {parser_1.py:56} INFO - Data collected successfully for Афобазол
[2025-02-20T10:15:06.804+0000] {parser_1.py:38} INFO - Processing URL: https://uteka.ru/product/aviandr-399720/ for drug: Авиандр
[2025-02-20T10:15:07.999+0000] {parser_1.py:40} INFO - Successfully opened URL
[2025-02-20T10:15:08.076+0000] {parser_1.py:49} INFO - Found 3 review elements for Авиандр
[2025-02-20T10:15:08.430+0000] {parser_1.py:56} INFO - Data collected successfully for Авиандр
[2025-02-20T10:15:08.508+0000] {python.py:240} INFO - Done. Returned value was:                                              comment drag_name
0  Достоинства: ничего\nНедостатки: почитал полож...  Афобазол
1  Достоинства: Препарат рабочий, нервы успокаива...  Афобазол
2  Достоинства: Их нет!\nНедостатки: Не помогает ...  Афобазол
3  Достоинства: нету\nНедостатки: полная хуета, с...   Авиандр
4  После потери близкого человека думала сойду с ...   Авиандр
5  Пробовала разные подобные препараты, но из все...   Авиандр
[2025-02-20T10:15:08.562+0000] {taskinstance.py:341} INFO - ::group::Post task execution logs
[2025-02-20T10:15:08.562+0000] {taskinstance.py:353} INFO - Marking task as SUCCESS. dag_id=pipeline, task_id=parser_for_Uteka, run_id=manual__2025-02-20T10:15:01.769753+00:00, execution_date=20250220T101501, start_date=20250220T101504, end_date=20250220T101508
[2025-02-20T10:15:08.579+0000] {logging_mixin.py:190} INFO - Task instance in success state
[2025-02-20T10:15:08.579+0000] {logging_mixin.py:190} INFO -  Previous state of the Task instance: running
[2025-02-20T10:15:08.580+0000] {logging_mixin.py:190} INFO - Dag name:pipeline queued_at:2025-02-20 10:15:01.798007+00:00
[2025-02-20T10:15:08.580+0000] {logging_mixin.py:190} INFO - Task hostname:5f8091faf500 operator:_PythonDecoratedOperator
[2025-02-20T10:15:08.607+0000] {local_task_job_runner.py:266} INFO - Task exited with return code 0
[2025-02-20T10:15:08.641+0000] {taskinstance.py:3901} INFO - 0 downstream tasks scheduled from follow-on schedule check
[2025-02-20T10:15:08.643+0000] {local_task_job_runner.py:245} INFO - ::endgroup::
