[2025-02-19T14:19:13.934+0000] {local_task_job_runner.py:123} INFO - ::group::Pre task execution logs
[2025-02-19T14:19:13.951+0000] {taskinstance.py:2614} INFO - Dependencies all met for dep_context=non-requeueable deps ti=<TaskInstance: pipeline.consolidate_data manual__2025-02-19T14:19:08.434468+00:00 [queued]>
[2025-02-19T14:19:14.049+0000] {taskinstance.py:2614} INFO - Dependencies all met for dep_context=requeueable deps ti=<TaskInstance: pipeline.consolidate_data manual__2025-02-19T14:19:08.434468+00:00 [queued]>
[2025-02-19T14:19:14.049+0000] {taskinstance.py:2867} INFO - Starting attempt 1 of 1
[2025-02-19T14:19:14.056+0000] {taskinstance.py:2890} INFO - Executing <Task(_PythonDecoratedOperator): consolidate_data> on 2025-02-19 14:19:08.434468+00:00
[2025-02-19T14:19:14.060+0000] {warnings.py:112} WARNING - /home/***/.local/lib/python3.12/site-packages/***/task/task_runner/standard_task_runner.py:70: DeprecationWarning: This process (pid=187) is multi-threaded, use of fork() may lead to deadlocks in the child.
  pid = os.fork()

[2025-02-19T14:19:14.061+0000] {standard_task_runner.py:72} INFO - Started process 189 to run task
[2025-02-19T14:19:14.061+0000] {standard_task_runner.py:104} INFO - Running: ['***', 'tasks', 'run', 'pipeline', 'consolidate_data', 'manual__2025-02-19T14:19:08.434468+00:00', '--job-id', '1040', '--raw', '--subdir', 'DAGS_FOLDER/pipeline.py', '--cfg-path', '/tmp/tmptm75yapw']
[2025-02-19T14:19:14.062+0000] {standard_task_runner.py:105} INFO - Job 1040: Subtask consolidate_data
[2025-02-19T14:19:14.087+0000] {task_command.py:467} INFO - Running <TaskInstance: pipeline.consolidate_data manual__2025-02-19T14:19:08.434468+00:00 [running]> on host 5f8091faf500
[2025-02-19T14:19:14.166+0000] {taskinstance.py:3134} INFO - Exporting env vars: AIRFLOW_CTX_DAG_OWNER='***' AIRFLOW_CTX_DAG_ID='pipeline' AIRFLOW_CTX_TASK_ID='consolidate_data' AIRFLOW_CTX_EXECUTION_DATE='2025-02-19T14:19:08.434468+00:00' AIRFLOW_CTX_TRY_NUMBER='1' AIRFLOW_CTX_DAG_RUN_ID='manual__2025-02-19T14:19:08.434468+00:00'
[2025-02-19T14:19:14.167+0000] {logging_mixin.py:190} INFO - Task instance is in running state
[2025-02-19T14:19:14.167+0000] {logging_mixin.py:190} INFO -  Previous state of the Task instance: queued
[2025-02-19T14:19:14.167+0000] {logging_mixin.py:190} INFO - Current task name:consolidate_data state:running start_date:2025-02-19 14:19:13.951816+00:00
[2025-02-19T14:19:14.167+0000] {logging_mixin.py:190} INFO - Dag name:pipeline and current dag run status:running
[2025-02-19T14:19:14.167+0000] {taskinstance.py:732} INFO - ::endgroup::
[2025-02-19T14:19:14.168+0000] {python.py:240} INFO - Done. Returned value was:                                              comment  drag_name
0  Я мама двух маленьких детей, и постоянная уста...  проспекта
1  Недостатки: Не помогло. все время была сонливо...  проспекта
2  Я начала принимать Проспекту при астении по ре...  проспекта
3  Давненько хотела пропить что-то для улучшения ...  проспекта
4  Не знаю, что бы делала, если бы не узнала про ...  проспекта
5  Брали Проспекту дедушке, для улучшения памяти....  проспекта
6  Хвалю Проспекту, отлично помогает при СДВГ у р...  проспекта
7  Проспекту назначили папе после инсульта, у нег...  проспекта
8  Давала эти таблетки сыну, а то его неусидчивос...  проспекта
9  Искала хорошее средство для улучшения концентр...  проспекта
[2025-02-19T14:19:14.183+0000] {taskinstance.py:341} INFO - ::group::Post task execution logs
[2025-02-19T14:19:14.183+0000] {taskinstance.py:353} INFO - Marking task as SUCCESS. dag_id=pipeline, task_id=consolidate_data, run_id=manual__2025-02-19T14:19:08.434468+00:00, execution_date=20250219T141908, start_date=20250219T141913, end_date=20250219T141914
[2025-02-19T14:19:14.194+0000] {logging_mixin.py:190} INFO - Task instance in success state
[2025-02-19T14:19:14.195+0000] {logging_mixin.py:190} INFO -  Previous state of the Task instance: running
[2025-02-19T14:19:14.195+0000] {logging_mixin.py:190} INFO - Dag name:pipeline queued_at:2025-02-19 14:19:08.454836+00:00
[2025-02-19T14:19:14.195+0000] {logging_mixin.py:190} INFO - Task hostname:5f8091faf500 operator:_PythonDecoratedOperator
[2025-02-19T14:19:14.205+0000] {local_task_job_runner.py:266} INFO - Task exited with return code 0
[2025-02-19T14:19:14.220+0000] {taskinstance.py:3901} INFO - 1 downstream tasks scheduled from follow-on schedule check
[2025-02-19T14:19:14.221+0000] {local_task_job_runner.py:245} INFO - ::endgroup::
