[2025-02-20T07:36:03.482+0000] {local_task_job_runner.py:123} INFO - ::group::Pre task execution logs
[2025-02-20T07:36:03.492+0000] {taskinstance.py:2614} INFO - Dependencies all met for dep_context=non-requeueable deps ti=<TaskInstance: pipeline.save_data manual__2025-02-20T07:35:53.746568+00:00 [queued]>
[2025-02-20T07:36:03.581+0000] {taskinstance.py:2614} INFO - Dependencies all met for dep_context=requeueable deps ti=<TaskInstance: pipeline.save_data manual__2025-02-20T07:35:53.746568+00:00 [queued]>
[2025-02-20T07:36:03.581+0000] {taskinstance.py:2867} INFO - Starting attempt 1 of 1
[2025-02-20T07:36:03.586+0000] {taskinstance.py:2890} INFO - Executing <Task(_PythonDecoratedOperator): save_data> on 2025-02-20 07:35:53.746568+00:00
[2025-02-20T07:36:03.590+0000] {warnings.py:112} WARNING - /home/***/.local/lib/python3.12/site-packages/***/task/task_runner/standard_task_runner.py:70: DeprecationWarning: This process (pid=188) is multi-threaded, use of fork() may lead to deadlocks in the child.
  pid = os.fork()

[2025-02-20T07:36:03.591+0000] {standard_task_runner.py:72} INFO - Started process 190 to run task
[2025-02-20T07:36:03.591+0000] {standard_task_runner.py:104} INFO - Running: ['***', 'tasks', 'run', 'pipeline', 'save_data', 'manual__2025-02-20T07:35:53.746568+00:00', '--job-id', '1102', '--raw', '--subdir', 'DAGS_FOLDER/pipeline.py', '--cfg-path', '/tmp/tmpik_uaw3m']
[2025-02-20T07:36:03.592+0000] {standard_task_runner.py:105} INFO - Job 1102: Subtask save_data
[2025-02-20T07:36:03.613+0000] {task_command.py:467} INFO - Running <TaskInstance: pipeline.save_data manual__2025-02-20T07:35:53.746568+00:00 [running]> on host 5f8091faf500
[2025-02-20T07:36:03.672+0000] {taskinstance.py:3134} INFO - Exporting env vars: AIRFLOW_CTX_DAG_OWNER='***' AIRFLOW_CTX_DAG_ID='pipeline' AIRFLOW_CTX_TASK_ID='save_data' AIRFLOW_CTX_EXECUTION_DATE='2025-02-20T07:35:53.746568+00:00' AIRFLOW_CTX_TRY_NUMBER='1' AIRFLOW_CTX_DAG_RUN_ID='manual__2025-02-20T07:35:53.746568+00:00'
[2025-02-20T07:36:03.673+0000] {logging_mixin.py:190} INFO - Task instance is in running state
[2025-02-20T07:36:03.673+0000] {logging_mixin.py:190} INFO -  Previous state of the Task instance: queued
[2025-02-20T07:36:03.673+0000] {logging_mixin.py:190} INFO - Current task name:save_data state:running start_date:2025-02-20 07:36:03.493168+00:00
[2025-02-20T07:36:03.673+0000] {logging_mixin.py:190} INFO - Dag name:pipeline and current dag run status:running
[2025-02-20T07:36:03.674+0000] {taskinstance.py:732} INFO - ::endgroup::
[2025-02-20T07:36:03.674+0000] {safe_data.py:24} INFO - Starting to save data with 34 records.
[2025-02-20T07:36:03.677+0000] {safe_data.py:27} INFO - final df:                                               comment  drag_name
0   Я мама двух маленьких детей, и постоянная уста...  проспекта
1   Недостатки: Не помогло. все время была сонливо...  проспекта
2   Я начала принимать Проспекту при астении по ре...  проспекта
3   Давненько хотела пропить что-то для улучшения ...  проспекта
4   Не знаю, что бы делала, если бы не узнала про ...  проспекта
5   Брали Проспекту дедушке, для улучшения памяти....  проспекта
6   Хвалю Проспекту, отлично помогает при СДВГ у р...  проспекта
7   Проспекту назначили папе после инсульта, у нег...  проспекта
8   Давала эти таблетки сыну, а то его неусидчивос...  проспекта
9   Искала хорошее средство для улучшения концентр...  проспекта
0   Достоинства: Доступная цена, легко найти в люб...   афобазол
1   Достоинства: Таблетка небольшая по форме, удоб...   афобазол
2   Достоинства: Самое главное - действительно пом...   афобазол
3   Хороший отечественный препарат, предназначенны...   афобазол
4   Каждый год осенью мир становился для меня каки...   афобазол
5   Очень рада, что в свое время решила принимать ...   афобазол
6   На меня Афобазол производит возбуждающий эффек...   афобазол
7   Лично мне помогает успокоиться, когда есть тре...   афобазол
8   Достоинства: Работает. Цена ок по сравнению с ...   афобазол
9   2 месяца назад уволили с работы по непонятной ...   афобазол
10  Достоинства: Купила Афобазол с надеждой успоко...   афобазол
11  Отличный безрецептурный противотревожный препа...   афобазол
12  Достоинства: хорошо помогает, недорогой\n\nНед...   афобазол
13  Достоинства: + Действует. Но нужно достаточно ...   афобазол
14  Если принимать строго по инструкции и хотя бы ...   афобазол
15  Наконец-то дошла до того, чтобы бросить курить...   афобазол
16  Афобазол - единственный лекарственный препарат...   афобазол
17  Иногда я принимаю Афобазол для поддержания пси...   афобазол
18  Я довольно тяжело переживаю ПМС. За пару недел...   афобазол
19  Достоинства: хорошо восстанавливает нервы, выр...   афобазол
20  В наши времена без таблеток от тревоги никак. ...   афобазол
21  Да, временами приходится спасаться именно этим...   афобазол
22  Достоинства: успокоительный эфект есть употреб...   афобазол
23  С такой работой как у меня без Афобазола иногд...   афобазол
[2025-02-20T07:36:03.678+0000] {safe_data.py:35} INFO - File /opt/***/output/data_from_sites/output_data.csv exists. Attempting to append data.
[2025-02-20T07:36:03.680+0000] {safe_data.py:38} INFO - Successfully appended 34 records to /opt/***/output/data_from_sites/output_data.csv.
[2025-02-20T07:36:03.680+0000] {safe_data.py:40} INFO - Data successfully saved to /opt/***/output/data_from_sites/output_data.csv. Total records: 34.
[2025-02-20T07:36:03.681+0000] {python.py:240} INFO - Done. Returned value was: None
[2025-02-20T07:36:03.685+0000] {taskinstance.py:341} INFO - ::group::Post task execution logs
[2025-02-20T07:36:03.686+0000] {taskinstance.py:353} INFO - Marking task as SUCCESS. dag_id=pipeline, task_id=save_data, run_id=manual__2025-02-20T07:35:53.746568+00:00, execution_date=20250220T073553, start_date=20250220T073603, end_date=20250220T073603
[2025-02-20T07:36:03.699+0000] {logging_mixin.py:190} INFO - Task instance in success state
[2025-02-20T07:36:03.699+0000] {logging_mixin.py:190} INFO -  Previous state of the Task instance: running
[2025-02-20T07:36:03.699+0000] {logging_mixin.py:190} INFO - Dag name:pipeline queued_at:2025-02-20 07:35:54.269797+00:00
[2025-02-20T07:36:03.700+0000] {logging_mixin.py:190} INFO - Task hostname:5f8091faf500 operator:_PythonDecoratedOperator
[2025-02-20T07:36:03.732+0000] {local_task_job_runner.py:266} INFO - Task exited with return code 0
[2025-02-20T07:36:03.745+0000] {taskinstance.py:3901} INFO - 1 downstream tasks scheduled from follow-on schedule check
[2025-02-20T07:36:03.746+0000] {local_task_job_runner.py:245} INFO - ::endgroup::
