[2025-02-19T12:13:46.876+0000] {local_task_job_runner.py:123} INFO - ::group::Pre task execution logs
[2025-02-19T12:13:46.887+0000] {taskinstance.py:2614} INFO - Dependencies all met for dep_context=non-requeueable deps ti=<TaskInstance: pipeline.consolidate_data manual__2025-02-19T12:13:41.548346+00:00 [queued]>
[2025-02-19T12:13:46.978+0000] {taskinstance.py:2614} INFO - Dependencies all met for dep_context=requeueable deps ti=<TaskInstance: pipeline.consolidate_data manual__2025-02-19T12:13:41.548346+00:00 [queued]>
[2025-02-19T12:13:46.979+0000] {taskinstance.py:2867} INFO - Starting attempt 1 of 1
[2025-02-19T12:13:46.984+0000] {taskinstance.py:2890} INFO - Executing <Task(_PythonDecoratedOperator): consolidate_data> on 2025-02-19 12:13:41.548346+00:00
[2025-02-19T12:13:46.988+0000] {warnings.py:112} WARNING - /home/***/.local/lib/python3.12/site-packages/***/task/task_runner/standard_task_runner.py:70: DeprecationWarning: This process (pid=373) is multi-threaded, use of fork() may lead to deadlocks in the child.
  pid = os.fork()

[2025-02-19T12:13:46.989+0000] {standard_task_runner.py:72} INFO - Started process 375 to run task
[2025-02-19T12:13:46.989+0000] {standard_task_runner.py:104} INFO - Running: ['***', 'tasks', 'run', 'pipeline', 'consolidate_data', 'manual__2025-02-19T12:13:41.548346+00:00', '--job-id', '993', '--raw', '--subdir', 'DAGS_FOLDER/pipeline.py', '--cfg-path', '/tmp/tmp82icda9d']
[2025-02-19T12:13:46.990+0000] {standard_task_runner.py:105} INFO - Job 993: Subtask consolidate_data
[2025-02-19T12:13:47.020+0000] {task_command.py:467} INFO - Running <TaskInstance: pipeline.consolidate_data manual__2025-02-19T12:13:41.548346+00:00 [running]> on host 5f8091faf500
[2025-02-19T12:13:47.096+0000] {taskinstance.py:3134} INFO - Exporting env vars: AIRFLOW_CTX_DAG_OWNER='***' AIRFLOW_CTX_DAG_ID='pipeline' AIRFLOW_CTX_TASK_ID='consolidate_data' AIRFLOW_CTX_EXECUTION_DATE='2025-02-19T12:13:41.548346+00:00' AIRFLOW_CTX_TRY_NUMBER='1' AIRFLOW_CTX_DAG_RUN_ID='manual__2025-02-19T12:13:41.548346+00:00'
[2025-02-19T12:13:47.097+0000] {logging_mixin.py:190} INFO - Task instance is in running state
[2025-02-19T12:13:47.098+0000] {logging_mixin.py:190} INFO -  Previous state of the Task instance: queued
[2025-02-19T12:13:47.098+0000] {logging_mixin.py:190} INFO - Current task name:consolidate_data state:running start_date:2025-02-19 12:13:46.887812+00:00
[2025-02-19T12:13:47.098+0000] {logging_mixin.py:190} INFO - Dag name:pipeline and current dag run status:running
[2025-02-19T12:13:47.098+0000] {taskinstance.py:732} INFO - ::endgroup::
[2025-02-19T12:13:47.099+0000] {python.py:240} INFO - Done. Returned value was:                                               Review
0  Я мама двух маленьких детей, и постоянная уста...
1  Недостатки: Не помогло. все время была сонливо...
2  Я начала принимать Проспекту при астении по ре...
3  Давненько хотела пропить что-то для улучшения ...
4  Не знаю, что бы делала, если бы не узнала про ...
5  Брали Проспекту дедушке, для улучшения памяти....
6  Хвалю Проспекту, отлично помогает при СДВГ у р...
7  Проспекту назначили папе после инсульта, у нег...
8  Давала эти таблетки сыну, а то его неусидчивос...
9  Искала хорошее средство для улучшения концентр...
[2025-02-19T12:13:47.114+0000] {taskinstance.py:341} INFO - ::group::Post task execution logs
[2025-02-19T12:13:47.114+0000] {taskinstance.py:353} INFO - Marking task as SUCCESS. dag_id=pipeline, task_id=consolidate_data, run_id=manual__2025-02-19T12:13:41.548346+00:00, execution_date=20250219T121341, start_date=20250219T121346, end_date=20250219T121347
[2025-02-19T12:13:47.124+0000] {logging_mixin.py:190} INFO - Task instance in success state
[2025-02-19T12:13:47.125+0000] {logging_mixin.py:190} INFO -  Previous state of the Task instance: running
[2025-02-19T12:13:47.125+0000] {logging_mixin.py:190} INFO - Dag name:pipeline queued_at:2025-02-19 12:13:41.563522+00:00
[2025-02-19T12:13:47.125+0000] {logging_mixin.py:190} INFO - Task hostname:5f8091faf500 operator:_PythonDecoratedOperator
[2025-02-19T12:13:47.170+0000] {local_task_job_runner.py:266} INFO - Task exited with return code 0
[2025-02-19T12:13:47.184+0000] {taskinstance.py:3901} INFO - 1 downstream tasks scheduled from follow-on schedule check
[2025-02-19T12:13:47.185+0000] {local_task_job_runner.py:245} INFO - ::endgroup::
