[2025-02-20T10:15:04.017+0000] {local_task_job_runner.py:123} INFO - ::group::Pre task execution logs
[2025-02-20T10:15:04.031+0000] {taskinstance.py:2614} INFO - Dependencies all met for dep_context=non-requeueable deps ti=<TaskInstance: pipeline.parser_for_Yandex manual__2025-02-20T10:15:01.769753+00:00 [queued]>
[2025-02-20T10:15:04.046+0000] {taskinstance.py:2614} INFO - Dependencies all met for dep_context=requeueable deps ti=<TaskInstance: pipeline.parser_for_Yandex manual__2025-02-20T10:15:01.769753+00:00 [queued]>
[2025-02-20T10:15:04.047+0000] {taskinstance.py:2867} INFO - Starting attempt 1 of 1
[2025-02-20T10:15:04.307+0000] {taskinstance.py:2890} INFO - Executing <Task(_PythonDecoratedOperator): parser_for_Yandex> on 2025-02-20 10:15:01.769753+00:00
[2025-02-20T10:15:04.315+0000] {warnings.py:112} WARNING - /home/***/.local/lib/python3.12/site-packages/***/task/task_runner/standard_task_runner.py:70: DeprecationWarning: This process (pid=1157) is multi-threaded, use of fork() may lead to deadlocks in the child.
  pid = os.fork()

[2025-02-20T10:15:04.317+0000] {standard_task_runner.py:72} INFO - Started process 1165 to run task
[2025-02-20T10:15:04.322+0000] {standard_task_runner.py:104} INFO - Running: ['***', 'tasks', 'run', 'pipeline', 'parser_for_Yandex', 'manual__2025-02-20T10:15:01.769753+00:00', '--job-id', '1118', '--raw', '--subdir', 'DAGS_FOLDER/pipeline.py', '--cfg-path', '/tmp/tmpj1oip0r0']
[2025-02-20T10:15:04.324+0000] {standard_task_runner.py:105} INFO - Job 1118: Subtask parser_for_Yandex
[2025-02-20T10:15:04.402+0000] {task_command.py:467} INFO - Running <TaskInstance: pipeline.parser_for_Yandex manual__2025-02-20T10:15:01.769753+00:00 [running]> on host 5f8091faf500
[2025-02-20T10:15:04.454+0000] {taskinstance.py:3134} INFO - Exporting env vars: AIRFLOW_CTX_DAG_OWNER='***' AIRFLOW_CTX_DAG_ID='pipeline' AIRFLOW_CTX_TASK_ID='parser_for_Yandex' AIRFLOW_CTX_EXECUTION_DATE='2025-02-20T10:15:01.769753+00:00' AIRFLOW_CTX_TRY_NUMBER='1' AIRFLOW_CTX_DAG_RUN_ID='manual__2025-02-20T10:15:01.769753+00:00'
[2025-02-20T10:15:04.455+0000] {logging_mixin.py:190} INFO - Task instance is in running state
[2025-02-20T10:15:04.455+0000] {logging_mixin.py:190} INFO -  Previous state of the Task instance: queued
[2025-02-20T10:15:04.455+0000] {logging_mixin.py:190} INFO - Current task name:parser_for_Yandex state:running start_date:2025-02-20 10:15:04.032162+00:00
[2025-02-20T10:15:04.456+0000] {logging_mixin.py:190} INFO - Dag name:pipeline and current dag run status:running
[2025-02-20T10:15:04.456+0000] {taskinstance.py:732} INFO - ::endgroup::
[2025-02-20T10:15:04.456+0000] {parser_2.py:21} INFO - Open webdriver_remote
[2025-02-20T10:15:08.802+0000] {parser_2.py:33} INFO - Webdriver opened
[2025-02-20T10:15:08.804+0000] {parser_2.py:39} INFO - Processing Афобазол with URL https://reviews.yandex.ru/product/afobazol--636377310?utm_source=suggest
[2025-02-20T10:15:09.643+0000] {parser_2.py:42} INFO - Page loaded successfully
[2025-02-20T10:15:09.752+0000] {parser_2.py:49} INFO - Found 24 review elements for Афобазол
[2025-02-20T10:15:10.247+0000] {parser_2.py:39} INFO - Processing Авиандр with URL https://reviews.yandex.ru/product/aviandr--1942447622?utm_source=suggest
[2025-02-20T10:15:10.645+0000] {parser_2.py:42} INFO - Page loaded successfully
[2025-02-20T10:15:10.827+0000] {parser_2.py:49} INFO - Found 13 review elements for Авиандр
[2025-02-20T10:15:10.980+0000] {parser_2.py:39} INFO - Processing Эсциталопрам with URL https://reviews.yandex.ru/product/estsitalopram--1778173128?utm_source=suggest
[2025-02-20T10:15:11.906+0000] {parser_2.py:42} INFO - Page loaded successfully
[2025-02-20T10:15:11.973+0000] {parser_2.py:49} INFO - Found 4 review elements for Эсциталопрам
[2025-02-20T10:15:12.013+0000] {parser_2.py:39} INFO - Processing Андипал with URL https://reviews.yandex.ru/product/andipal--1401268413?utm_source=suggest
[2025-02-20T10:15:12.500+0000] {parser_2.py:42} INFO - Page loaded successfully
[2025-02-20T10:15:12.623+0000] {parser_2.py:49} INFO - Found 4 review elements for Андипал
[2025-02-20T10:15:12.672+0000] {parser_2.py:56} INFO - Data collected successfully
[2025-02-20T10:15:12.758+0000] {python.py:240} INFO - Done. Returned value was:                                               comment     drag_name
0   Достоинства: Доступная цена, легко найти в люб...      Афобазол
1   Достоинства: Таблетка небольшая по форме, удоб...      Афобазол
2   Достоинства: Самое главное - действительно пом...      Афобазол
3   Хороший отечественный препарат, предназначенны...      Афобазол
4   Каждый год осенью мир становился для меня каки...      Афобазол
5   Очень рада, что в свое время решила принимать ...      Афобазол
6   На меня Афобазол производит возбуждающий эффек...      Афобазол
7   Лично мне помогает успокоиться, когда есть тре...      Афобазол
8   Достоинства: Работает. Цена ок по сравнению с ...      Афобазол
9   2 месяца назад уволили с работы по непонятной ...      Афобазол
10  Достоинства: Купила Афобазол с надеждой успоко...      Афобазол
11  Отличный безрецептурный противотревожный препа...      Афобазол
12  Достоинства: хорошо помогает, недорогой\n\nНед...      Афобазол
13  Достоинства: + Действует. Но нужно достаточно ...      Афобазол
14  Если принимать строго по инструкции и хотя бы ...      Афобазол
15  Наконец-то дошла до того, чтобы бросить курить...      Афобазол
16  Афобазол - единственный лекарственный препарат...      Афобазол
17  Иногда я принимаю Афобазол для поддержания пси...      Афобазол
18  Я довольно тяжело переживаю ПМС. За пару недел...      Афобазол
19  Достоинства: хорошо восстанавливает нервы, выр...      Афобазол
20  В наши времена без таблеток от тревоги никак. ...      Афобазол
21  Да, временами приходится спасаться именно этим...      Афобазол
22  Достоинства: успокоительный эфект есть употреб...      Афобазол
23  С такой работой как у меня без Афобазола иногд...      Афобазол
24  Достоинства: Помогает справиться, когда навали...       Авиандр
25  Не хочу никого пугать, но мне не подошел этот ...       Авиандр
26  Выписали авиандр и тералиджен, пила 2 месяца. ...       Авиандр
27  В последнее время часто была на взводе. Постоя...       Авиандр
28  Достоинства: Убирает ПА\n\nНедостатки: не выяв...       Авиандр
29  Достоинства: Помогло убрать тревожное состояни...       Авиандр
30  Достоинства: Удобно принимать, таблетки не гор...       Авиандр
31  Готовились с сыном к поступлению в институт. Д...       Авиандр
32  Достоинства: Очень помогает быть в строю\n\nНе...       Авиандр
33  Достоинства: Не нашла\n\nНедостатки: Побочка у...       Авиандр
34  Неприятности в один момент навалилось со всех ...       Авиандр
35  Достоинства: Нет\n\nНедостатки: Дорогие, не по...       Авиандр
36  После серьезного стресса постоянно пребывала в...       Авиандр
37  Достоинства: Цена очень хорошая\n\nНедостатки:...  Эсциталопрам
38  Помогает справиться с тревожностью без побочек...  Эсциталопрам
39  Недостатки: нет.\n\nКомментарий: Таблетки мне ...  Эсциталопрам
40  Назначен от болей в пояснице. После 3 месяцев ...  Эсциталопрам
41  Достоинства: быстро помогает от боли\n\nНедост...       Андипал
42  Достоинства: Андипал по адекватной цене\n\nНед...       Андипал
43  Препарат старый, и всегда в аптечке. Пью при м...       Андипал
44  Достоинства: помогает.\n\nНедостатки: неь\n\nК...       Андипал
[2025-02-20T10:15:12.821+0000] {taskinstance.py:341} INFO - ::group::Post task execution logs
[2025-02-20T10:15:12.821+0000] {taskinstance.py:353} INFO - Marking task as SUCCESS. dag_id=pipeline, task_id=parser_for_Yandex, run_id=manual__2025-02-20T10:15:01.769753+00:00, execution_date=20250220T101501, start_date=20250220T101504, end_date=20250220T101512
[2025-02-20T10:15:12.834+0000] {logging_mixin.py:190} INFO - Task instance in success state
[2025-02-20T10:15:12.834+0000] {logging_mixin.py:190} INFO -  Previous state of the Task instance: running
[2025-02-20T10:15:12.834+0000] {logging_mixin.py:190} INFO - Dag name:pipeline queued_at:2025-02-20 10:15:01.798007+00:00
[2025-02-20T10:15:12.834+0000] {logging_mixin.py:190} INFO - Task hostname:5f8091faf500 operator:_PythonDecoratedOperator
[2025-02-20T10:15:12.867+0000] {local_task_job_runner.py:266} INFO - Task exited with return code 0
[2025-02-20T10:15:12.897+0000] {taskinstance.py:3901} INFO - 1 downstream tasks scheduled from follow-on schedule check
[2025-02-20T10:15:12.898+0000] {local_task_job_runner.py:245} INFO - ::endgroup::
