[2025-02-19T13:30:19.650+0000] {local_task_job_runner.py:123} INFO - ::group::Pre task execution logs
[2025-02-19T13:30:19.667+0000] {taskinstance.py:2614} INFO - Dependencies all met for dep_context=non-requeueable deps ti=<TaskInstance: pipeline.process_data manual__2025-02-19T13:30:07.616663+00:00 [queued]>
[2025-02-19T13:30:19.774+0000] {taskinstance.py:2614} INFO - Dependencies all met for dep_context=requeueable deps ti=<TaskInstance: pipeline.process_data manual__2025-02-19T13:30:07.616663+00:00 [queued]>
[2025-02-19T13:30:19.774+0000] {taskinstance.py:2867} INFO - Starting attempt 1 of 1
[2025-02-19T13:30:19.779+0000] {taskinstance.py:2890} INFO - Executing <Task(_PythonDecoratedOperator): process_data> on 2025-02-19 13:30:07.616663+00:00
[2025-02-19T13:30:19.783+0000] {warnings.py:112} WARNING - /home/***/.local/lib/python3.12/site-packages/***/task/task_runner/standard_task_runner.py:70: DeprecationWarning: This process (pid=899) is multi-threaded, use of fork() may lead to deadlocks in the child.
  pid = os.fork()

[2025-02-19T13:30:19.784+0000] {standard_task_runner.py:72} INFO - Started process 901 to run task
[2025-02-19T13:30:19.785+0000] {standard_task_runner.py:104} INFO - Running: ['***', 'tasks', 'run', 'pipeline', 'process_data', 'manual__2025-02-19T13:30:07.616663+00:00', '--job-id', '1012', '--raw', '--subdir', 'DAGS_FOLDER/pipeline.py', '--cfg-path', '/tmp/tmptz2sl9le']
[2025-02-19T13:30:19.786+0000] {standard_task_runner.py:105} INFO - Job 1012: Subtask process_data
[2025-02-19T13:30:19.808+0000] {task_command.py:467} INFO - Running <TaskInstance: pipeline.process_data manual__2025-02-19T13:30:07.616663+00:00 [running]> on host 5f8091faf500
[2025-02-19T13:30:19.846+0000] {taskinstance.py:3134} INFO - Exporting env vars: AIRFLOW_CTX_DAG_OWNER='***' AIRFLOW_CTX_DAG_ID='pipeline' AIRFLOW_CTX_TASK_ID='process_data' AIRFLOW_CTX_EXECUTION_DATE='2025-02-19T13:30:07.616663+00:00' AIRFLOW_CTX_TRY_NUMBER='1' AIRFLOW_CTX_DAG_RUN_ID='manual__2025-02-19T13:30:07.616663+00:00'
[2025-02-19T13:30:19.847+0000] {logging_mixin.py:190} INFO - Task instance is in running state
[2025-02-19T13:30:19.847+0000] {logging_mixin.py:190} INFO -  Previous state of the Task instance: queued
[2025-02-19T13:30:19.848+0000] {logging_mixin.py:190} INFO - Current task name:process_data state:running start_date:2025-02-19 13:30:19.668738+00:00
[2025-02-19T13:30:19.848+0000] {logging_mixin.py:190} INFO - Dag name:pipeline and current dag run status:running
[2025-02-19T13:30:19.848+0000] {taskinstance.py:732} INFO - ::endgroup::
[2025-02-19T13:30:19.852+0000] {temp.py:20} INFO -     Unnamed: 0                                            comment
0            0  Я мама двух маленьких детей, и постоянная уста...
1            1  Недостатки: Не помогло. все время была сонливо...
2            2  Я начала принимать Проспекту при астении по ре...
3            3  Давненько хотела пропить что-то для улучшения ...
4            4  Не знаю, что бы делала, если бы не узнала про ...
5            5  Брали Проспекту дедушке, для улучшения памяти....
6            6  Хвалю Проспекту, отлично помогает при СДВГ у р...
7            7  Проспекту назначили папе после инсульта, у нег...
8            8  Давала эти таблетки сыну, а то его неусидчивос...
9            9  Искала хорошее средство для улучшения концентр...
10           0  Я мама двух маленьких детей, и постоянная уста...
11           1  Недостатки: Не помогло. все время была сонливо...
12           2  Я начала принимать Проспекту при астении по ре...
13           3  Давненько хотела пропить что-то для улучшения ...
14           4  Не знаю, что бы делала, если бы не узнала про ...
15           5  Брали Проспекту дедушке, для улучшения памяти....
16           6  Хвалю Проспекту, отлично помогает при СДВГ у р...
17           7  Проспекту назначили папе после инсульта, у нег...
18           8  Давала эти таблетки сыну, а то его неусидчивос...
19           9  Искала хорошее средство для улучшения концентр...
20           0  Я мама двух маленьких детей, и постоянная уста...
21           1  Недостатки: Не помогло. все время была сонливо...
22           2  Я начала принимать Проспекту при астении по ре...
23           3  Давненько хотела пропить что-то для улучшения ...
24           4  Не знаю, что бы делала, если бы не узнала про ...
25           5  Брали Проспекту дедушке, для улучшения памяти....
26           6  Хвалю Проспекту, отлично помогает при СДВГ у р...
27           7  Проспекту назначили папе после инсульта, у нег...
28           8  Давала эти таблетки сыну, а то его неусидчивос...
29           9  Искала хорошее средство для улучшения концентр...
[2025-02-19T13:30:19.855+0000] {python.py:240} INFO - Done. Returned value was: None
[2025-02-19T13:30:19.860+0000] {taskinstance.py:341} INFO - ::group::Post task execution logs
[2025-02-19T13:30:19.860+0000] {taskinstance.py:353} INFO - Marking task as SUCCESS. dag_id=pipeline, task_id=process_data, run_id=manual__2025-02-19T13:30:07.616663+00:00, execution_date=20250219T133007, start_date=20250219T133019, end_date=20250219T133019
[2025-02-19T13:30:19.873+0000] {logging_mixin.py:190} INFO - Task instance in success state
[2025-02-19T13:30:19.874+0000] {logging_mixin.py:190} INFO -  Previous state of the Task instance: running
[2025-02-19T13:30:19.874+0000] {logging_mixin.py:190} INFO - Dag name:pipeline queued_at:2025-02-19 13:30:07.629111+00:00
[2025-02-19T13:30:19.874+0000] {logging_mixin.py:190} INFO - Task hostname:5f8091faf500 operator:_PythonDecoratedOperator
[2025-02-19T13:30:19.886+0000] {local_task_job_runner.py:266} INFO - Task exited with return code 0
[2025-02-19T13:30:19.896+0000] {taskinstance.py:3901} INFO - 0 downstream tasks scheduled from follow-on schedule check
[2025-02-19T13:30:19.897+0000] {local_task_job_runner.py:245} INFO - ::endgroup::
